

================================================================
== Vitis HLS Report for 'kernel_attention_Pipeline_VITIS_LOOP_110_1_VITIS_LOOP_114_3_VITIS_LOOP_116_4_VIT'
================================================================
* Date:           Thu Oct 19 11:50:48 2023

* Version:        2022.1 (Build 3526262 on Mon Apr 18 15:47:01 MDT 2022)
* Project:        proj_kernel_attention
* Solution:       solution1 (Vivado IP Flow Target)
* Product family: virtexuplus
* Target device:  xcu250-figd2104-2L-e


================================================================
== Performance Estimates
================================================================
+ Timing: 
    * Summary: 
    +--------+----------+-----------+------------+
    |  Clock |  Target  | Estimated | Uncertainty|
    +--------+----------+-----------+------------+
    |ap_clk  |  50.00 ns|  36.500 ns|    13.50 ns|
    +--------+----------+-----------+------------+

+ Latency: 
    * Summary: 
    +---------+---------+----------+----------+-------+-------+---------+
    |  Latency (cycles) |  Latency (absolute) |    Interval   | Pipeline|
    |   min   |   max   |    min   |    max   |  min  |  max  |   Type  |
    +---------+---------+----------+----------+-------+-------+---------+
    |    15691|    15691|  0.785 ms|  0.785 ms|  15691|  15691|       no|
    +---------+---------+----------+----------+-------+-------+---------+

    + Detail: 
        * Instance: 
        N/A

        * Loop: 
        +-----------------------------------------------------------------------+---------+---------+----------+-----------+-----------+-------+----------+
        |                                                                       |  Latency (cycles) | Iteration|  Initiation Interval  |  Trip |          |
        |                               Loop Name                               |   min   |   max   |  Latency |  achieved |   target  | Count | Pipelined|
        +-----------------------------------------------------------------------+---------+---------+----------+-----------+-----------+-------+----------+
        |- VITIS_LOOP_110_1_VITIS_LOOP_114_3_VITIS_LOOP_116_4_VITIS_LOOP_118_5  |    15689|    15689|        11|          1|          1|  15680|       yes|
        +-----------------------------------------------------------------------+---------+---------+----------+-----------+-----------+-------+----------+

============================================================
+ Verbose Summary: Synthesis Manager
============================================================
InlineROM: 1
ExposeGlobal: 0
============================================================
+ Verbose Summary: CDFG Model
============================================================
IsTopModel: 0
ResetActiveHigh: 1
IsCombinational: 0
IsDatapathOnly: 0
HasWiredReturn: 1
HasMFsm: 2
HasVarLatency: 1
IsPipeline: 0
IsRtlPipelined: 0
IsInstanceOverlapped: 0
IsDontTouch: 0
HasImplIP: 0
IsGatedGlobalClock: 0

+ Individual pipeline summary: 
  * Pipeline-0: initiation interval (II) = 1, depth = 12


============================================================
+ Verbose Summary: Schedule
============================================================
* Number of FSM states : 12
* Pipeline : 1
  Pipeline-0 : II = 1, D = 12, States = { 1 2 3 4 5 6 7 8 9 10 11 12 }
* Dataflow Pipeline: 0

* FSM state transitions: 
1 --> 2 
2 --> 3 
3 --> 4 
4 --> 5 
5 --> 6 
6 --> 7 
7 --> 8 
8 --> 9 
9 --> 10 
10 --> 11 
11 --> 12 
12 --> 

* FSM state operations: 

State 1 <SV = 0> <Delay = 0.38>
ST_1 : Operation 14 [1/1] (0.00ns)   --->   "%m = alloca i32 1"   --->   Operation 14 'alloca' 'm' <Predicate = true> <Delay = 0.00>
ST_1 : Operation 15 [1/1] (0.00ns)   --->   "%l = alloca i32 1"   --->   Operation 15 'alloca' 'l' <Predicate = true> <Delay = 0.00>
ST_1 : Operation 16 [1/1] (0.00ns)   --->   "%indvar_flatten2812 = alloca i32 1"   --->   Operation 16 'alloca' 'indvar_flatten2812' <Predicate = true> <Delay = 0.00>
ST_1 : Operation 17 [1/1] (0.00ns)   --->   "%k = alloca i32 1"   --->   Operation 17 'alloca' 'k' <Predicate = true> <Delay = 0.00>
ST_1 : Operation 18 [1/1] (0.00ns)   --->   "%indvar_flatten2834 = alloca i32 1"   --->   Operation 18 'alloca' 'indvar_flatten2834' <Predicate = true> <Delay = 0.00>
ST_1 : Operation 19 [1/1] (0.00ns)   --->   "%j = alloca i32 1"   --->   Operation 19 'alloca' 'j' <Predicate = true> <Delay = 0.00>
ST_1 : Operation 20 [1/1] (0.00ns)   --->   "%indvar_flatten2873 = alloca i32 1"   --->   Operation 20 'alloca' 'indvar_flatten2873' <Predicate = true> <Delay = 0.00>
ST_1 : Operation 21 [1/1] (0.00ns)   --->   "%i = alloca i32 1"   --->   Operation 21 'alloca' 'i' <Predicate = true> <Delay = 0.00>
ST_1 : Operation 22 [1/1] (0.00ns)   --->   "%indvar_flatten2925 = alloca i32 1"   --->   Operation 22 'alloca' 'indvar_flatten2925' <Predicate = true> <Delay = 0.00>
ST_1 : Operation 23 [1/1] (0.00ns)   --->   "%afterRearrangeX2_read = read i64 @_ssdm_op_Read.ap_auto.i64, i64 %afterRearrangeX2"   --->   Operation 23 'read' 'afterRearrangeX2_read' <Predicate = true> <Delay = 0.00>
ST_1 : Operation 24 [1/1] (0.00ns)   --->   "%sext_ln110_read = read i62 @_ssdm_op_Read.ap_auto.i62, i62 %sext_ln110"   --->   Operation 24 'read' 'sext_ln110_read' <Predicate = true> <Delay = 0.00>
ST_1 : Operation 25 [1/1] (0.00ns)   --->   "%sext_ln110_cast = sext i62 %sext_ln110_read"   --->   Operation 25 'sext' 'sext_ln110_cast' <Predicate = true> <Delay = 0.00>
ST_1 : Operation 26 [1/1] (0.00ns)   --->   "%specinterface_ln0 = specinterface void @_ssdm_op_SpecInterface, i32 %gmem, void @empty_10, i32 0, i32 0, void @empty_18, i32 0, i32 80, void @empty_12, void @empty_9, void @empty_18, i32 16, i32 16, i32 16, i32 16, void @empty_18, void @empty_18, i32 4294967295, i32 0"   --->   Operation 26 'specinterface' 'specinterface_ln0' <Predicate = true> <Delay = 0.00>
ST_1 : Operation 27 [1/1] (0.38ns)   --->   "%store_ln0 = store i14 0, i14 %indvar_flatten2925"   --->   Operation 27 'store' 'store_ln0' <Predicate = true> <Delay = 0.38>
ST_1 : Operation 28 [1/1] (0.38ns)   --->   "%store_ln0 = store i3 0, i3 %i"   --->   Operation 28 'store' 'store_ln0' <Predicate = true> <Delay = 0.38>
ST_1 : Operation 29 [1/1] (0.38ns)   --->   "%store_ln0 = store i13 0, i13 %indvar_flatten2873"   --->   Operation 29 'store' 'store_ln0' <Predicate = true> <Delay = 0.38>
ST_1 : Operation 30 [1/1] (0.38ns)   --->   "%store_ln0 = store i3 0, i3 %j"   --->   Operation 30 'store' 'store_ln0' <Predicate = true> <Delay = 0.38>
ST_1 : Operation 31 [1/1] (0.38ns)   --->   "%store_ln0 = store i11 0, i11 %indvar_flatten2834"   --->   Operation 31 'store' 'store_ln0' <Predicate = true> <Delay = 0.38>
ST_1 : Operation 32 [1/1] (0.38ns)   --->   "%store_ln0 = store i5 0, i5 %k"   --->   Operation 32 'store' 'store_ln0' <Predicate = true> <Delay = 0.38>
ST_1 : Operation 33 [1/1] (0.38ns)   --->   "%store_ln0 = store i6 0, i6 %indvar_flatten2812"   --->   Operation 33 'store' 'store_ln0' <Predicate = true> <Delay = 0.38>
ST_1 : Operation 34 [1/1] (0.38ns)   --->   "%store_ln0 = store i3 0, i3 %l"   --->   Operation 34 'store' 'store_ln0' <Predicate = true> <Delay = 0.38>
ST_1 : Operation 35 [1/1] (0.38ns)   --->   "%store_ln0 = store i3 0, i3 %m"   --->   Operation 35 'store' 'store_ln0' <Predicate = true> <Delay = 0.38>
ST_1 : Operation 36 [1/1] (0.00ns)   --->   "%br_ln0 = br void %for.inc.i120"   --->   Operation 36 'br' 'br_ln0' <Predicate = true> <Delay = 0.00>

State 2 <SV = 1> <Delay = 2.48>
ST_2 : Operation 37 [1/1] (0.00ns)   --->   "%j_2 = load i3 %j" [kernel_attention.cpp:112]   --->   Operation 37 'load' 'j_2' <Predicate = true> <Delay = 0.00>
ST_2 : Operation 38 [1/1] (0.00ns)   --->   "%indvar_flatten2925_load = load i14 %indvar_flatten2925" [kernel_attention.cpp:110]   --->   Operation 38 'load' 'indvar_flatten2925_load' <Predicate = true> <Delay = 0.00>
ST_2 : Operation 39 [1/1] (0.00ns)   --->   "%zext_ln112_1 = zext i3 %j_2" [kernel_attention.cpp:112]   --->   Operation 39 'zext' 'zext_ln112_1' <Predicate = true> <Delay = 0.00>
ST_2 : Operation 40 [3/3] (0.99ns) (grouped into DSP with root node add_ln121_1)   --->   "%empty = mul i13 %zext_ln112_1, i13 980" [kernel_attention.cpp:112]   --->   Operation 40 'mul' 'empty' <Predicate = true> <Delay = 0.99> <CoreInst = "DSP48">   --->   Core 127 'DSP48' <Latency = 3> <II = 1> <Delay = 0.53> <IPBlock> <Opcode : 'mul' 'add' 'sub' 'select'> <InPorts = 0> <OutPorts = 1> <Sync> <CReg>
ST_2 : Operation 41 [1/1] (0.65ns)   --->   "%icmp_ln110 = icmp_eq  i14 %indvar_flatten2925_load, i14 15680" [kernel_attention.cpp:110]   --->   Operation 41 'icmp' 'icmp_ln110' <Predicate = true> <Delay = 0.65> <CoreInst = "Cmp">   --->   Core 9 'Cmp' <Latency = 0> <II = 1> <Delay = 0.65> <FuncUnit> <Opcode : 'icmp'> <InPorts = 2> <OutPorts = 1>
ST_2 : Operation 42 [1/1] (0.76ns)   --->   "%add_ln110 = add i14 %indvar_flatten2925_load, i14 1" [kernel_attention.cpp:110]   --->   Operation 42 'add' 'add_ln110' <Predicate = true> <Delay = 0.76> <CoreInst = "Adder">   --->   Core 1 'Adder' <Latency = 0> <II = 1> <Delay = 0.76> <FuncUnit> <Opcode : 'add' 'sub'> <InPorts = 2> <OutPorts = 1>
ST_2 : Operation 43 [1/1] (0.00ns)   --->   "%br_ln110 = br i1 %icmp_ln110, void %for.inc56.loopexit.i127, void %_Z11rearrangeX2PfS_Pi.exit.exitStub" [kernel_attention.cpp:110]   --->   Operation 43 'br' 'br_ln110' <Predicate = true> <Delay = 0.00>
ST_2 : Operation 44 [1/1] (0.00ns)   --->   "%indvar_flatten2834_load = load i11 %indvar_flatten2834" [kernel_attention.cpp:114]   --->   Operation 44 'load' 'indvar_flatten2834_load' <Predicate = (!icmp_ln110)> <Delay = 0.00>
ST_2 : Operation 45 [1/1] (0.00ns)   --->   "%indvar_flatten2873_load = load i13 %indvar_flatten2873" [kernel_attention.cpp:112]   --->   Operation 45 'load' 'indvar_flatten2873_load' <Predicate = (!icmp_ln110)> <Delay = 0.00>
ST_2 : Operation 46 [1/1] (0.64ns)   --->   "%icmp_ln112 = icmp_eq  i13 %indvar_flatten2873_load, i13 3920" [kernel_attention.cpp:112]   --->   Operation 46 'icmp' 'icmp_ln112' <Predicate = (!icmp_ln110)> <Delay = 0.64> <CoreInst = "Cmp">   --->   Core 9 'Cmp' <Latency = 0> <II = 1> <Delay = 0.64> <FuncUnit> <Opcode : 'icmp'> <InPorts = 2> <OutPorts = 1>
ST_2 : Operation 47 [1/1] (0.27ns)   --->   "%select_ln112 = select i1 %icmp_ln112, i3 0, i3 %j_2" [kernel_attention.cpp:112]   --->   Operation 47 'select' 'select_ln112' <Predicate = (!icmp_ln110)> <Delay = 0.27> <CoreInst = "Sel">   --->   Core 73 'Sel' <Latency = 0> <II = 1> <Delay = 0.27> <FuncUnit> <Opcode : 'select'> <InPorts = 3> <OutPorts = 1>
ST_2 : Operation 48 [1/1] (0.12ns)   --->   "%xor_ln112 = xor i1 %icmp_ln112, i1 1" [kernel_attention.cpp:112]   --->   Operation 48 'xor' 'xor_ln112' <Predicate = (!icmp_ln110)> <Delay = 0.12> <CoreInst = "LogicGate">   --->   Core 74 'LogicGate' <Latency = 0> <II = 1> <Delay = 0.12> <FuncUnit> <Opcode : 'and' 'or' 'xor'> <InPorts = 2> <OutPorts = 1>
ST_2 : Operation 49 [1/1] (0.61ns)   --->   "%icmp_ln114 = icmp_eq  i11 %indvar_flatten2834_load, i11 980" [kernel_attention.cpp:114]   --->   Operation 49 'icmp' 'icmp_ln114' <Predicate = (!icmp_ln110)> <Delay = 0.61> <CoreInst = "Cmp">   --->   Core 9 'Cmp' <Latency = 0> <II = 1> <Delay = 0.61> <FuncUnit> <Opcode : 'icmp'> <InPorts = 2> <OutPorts = 1>
ST_2 : Operation 50 [1/1] (0.12ns)   --->   "%and_ln112_2 = and i1 %icmp_ln114, i1 %xor_ln112" [kernel_attention.cpp:112]   --->   Operation 50 'and' 'and_ln112_2' <Predicate = (!icmp_ln110)> <Delay = 0.12> <CoreInst = "LogicGate">   --->   Core 74 'LogicGate' <Latency = 0> <II = 1> <Delay = 0.12> <FuncUnit> <Opcode : 'and' 'or' 'xor'> <InPorts = 2> <OutPorts = 1>
ST_2 : Operation 51 [1/1] (0.57ns)   --->   "%add_ln112 = add i3 %select_ln112, i3 1" [kernel_attention.cpp:112]   --->   Operation 51 'add' 'add_ln112' <Predicate = (!icmp_ln110)> <Delay = 0.57> <CoreInst = "Adder">   --->   Core 1 'Adder' <Latency = 0> <II = 1> <Delay = 0.57> <FuncUnit> <Opcode : 'add' 'sub'> <InPorts = 2> <OutPorts = 1>
ST_2 : Operation 52 [1/1] (0.12ns)   --->   "%or_ln112 = or i1 %and_ln112_2, i1 %icmp_ln112" [kernel_attention.cpp:112]   --->   Operation 52 'or' 'or_ln112' <Predicate = (!icmp_ln110)> <Delay = 0.12> <CoreInst = "LogicGate">   --->   Core 74 'LogicGate' <Latency = 0> <II = 1> <Delay = 0.12> <FuncUnit> <Opcode : 'and' 'or' 'xor'> <InPorts = 2> <OutPorts = 1>
ST_2 : Operation 53 [1/1] (0.00ns)   --->   "%zext_ln112_3 = zext i3 %add_ln112" [kernel_attention.cpp:112]   --->   Operation 53 'zext' 'zext_ln112_3' <Predicate = (!icmp_ln110)> <Delay = 0.00>
ST_2 : Operation 54 [3/3] (0.99ns) (grouped into DSP with root node add_ln121_2)   --->   "%p_mid12847 = mul i13 %zext_ln112_3, i13 980" [kernel_attention.cpp:112]   --->   Operation 54 'mul' 'p_mid12847' <Predicate = (!icmp_ln110)> <Delay = 0.99> <CoreInst = "DSP48">   --->   Core 127 'DSP48' <Latency = 3> <II = 1> <Delay = 0.53> <IPBlock> <Opcode : 'mul' 'add' 'sub' 'select'> <InPorts = 0> <OutPorts = 1> <Sync> <CReg>
ST_2 : Operation 55 [1/1] (0.27ns)   --->   "%select_ln112_7 = select i1 %and_ln112_2, i3 %add_ln112, i3 %select_ln112" [kernel_attention.cpp:112]   --->   Operation 55 'select' 'select_ln112_7' <Predicate = (!icmp_ln110)> <Delay = 0.27> <CoreInst = "Sel">   --->   Core 73 'Sel' <Latency = 0> <II = 1> <Delay = 0.27> <FuncUnit> <Opcode : 'select'> <InPorts = 3> <OutPorts = 1>
ST_2 : Operation 56 [1/1] (0.73ns)   --->   "%add_ln114_1 = add i11 %indvar_flatten2834_load, i11 1" [kernel_attention.cpp:114]   --->   Operation 56 'add' 'add_ln114_1' <Predicate = (!icmp_ln110)> <Delay = 0.73> <CoreInst = "Adder">   --->   Core 1 'Adder' <Latency = 0> <II = 1> <Delay = 0.73> <FuncUnit> <Opcode : 'add' 'sub'> <InPorts = 2> <OutPorts = 1>
ST_2 : Operation 57 [1/1] (0.30ns)   --->   "%select_ln114_4 = select i1 %or_ln112, i11 1, i11 %add_ln114_1" [kernel_attention.cpp:114]   --->   Operation 57 'select' 'select_ln114_4' <Predicate = (!icmp_ln110)> <Delay = 0.30> <CoreInst = "Sel">   --->   Core 73 'Sel' <Latency = 0> <II = 1> <Delay = 0.30> <FuncUnit> <Opcode : 'select'> <InPorts = 3> <OutPorts = 1>
ST_2 : Operation 58 [1/1] (0.75ns)   --->   "%add_ln112_1 = add i13 %indvar_flatten2873_load, i13 1" [kernel_attention.cpp:112]   --->   Operation 58 'add' 'add_ln112_1' <Predicate = (!icmp_ln110)> <Delay = 0.75> <CoreInst = "Adder">   --->   Core 1 'Adder' <Latency = 0> <II = 1> <Delay = 0.75> <FuncUnit> <Opcode : 'add' 'sub'> <InPorts = 2> <OutPorts = 1>
ST_2 : Operation 59 [1/1] (0.32ns)   --->   "%select_ln112_8 = select i1 %icmp_ln112, i13 1, i13 %add_ln112_1" [kernel_attention.cpp:112]   --->   Operation 59 'select' 'select_ln112_8' <Predicate = (!icmp_ln110)> <Delay = 0.32> <CoreInst = "Sel">   --->   Core 73 'Sel' <Latency = 0> <II = 1> <Delay = 0.32> <FuncUnit> <Opcode : 'select'> <InPorts = 3> <OutPorts = 1>
ST_2 : Operation 60 [1/1] (0.38ns)   --->   "%store_ln118 = store i14 %add_ln110, i14 %indvar_flatten2925" [kernel_attention.cpp:118]   --->   Operation 60 'store' 'store_ln118' <Predicate = (!icmp_ln110)> <Delay = 0.38>
ST_2 : Operation 61 [1/1] (0.38ns)   --->   "%store_ln118 = store i13 %select_ln112_8, i13 %indvar_flatten2873" [kernel_attention.cpp:118]   --->   Operation 61 'store' 'store_ln118' <Predicate = (!icmp_ln110)> <Delay = 0.38>
ST_2 : Operation 62 [1/1] (0.38ns)   --->   "%store_ln118 = store i3 %select_ln112_7, i3 %j" [kernel_attention.cpp:118]   --->   Operation 62 'store' 'store_ln118' <Predicate = (!icmp_ln110)> <Delay = 0.38>
ST_2 : Operation 63 [1/1] (0.38ns)   --->   "%store_ln118 = store i11 %select_ln114_4, i11 %indvar_flatten2834" [kernel_attention.cpp:118]   --->   Operation 63 'store' 'store_ln118' <Predicate = (!icmp_ln110)> <Delay = 0.38>

State 3 <SV = 2> <Delay = 0.99>
ST_3 : Operation 64 [2/3] (0.99ns) (grouped into DSP with root node add_ln121_1)   --->   "%empty = mul i13 %zext_ln112_1, i13 980" [kernel_attention.cpp:112]   --->   Operation 64 'mul' 'empty' <Predicate = true> <Delay = 0.99> <CoreInst = "DSP48">   --->   Core 127 'DSP48' <Latency = 3> <II = 1> <Delay = 0.53> <IPBlock> <Opcode : 'mul' 'add' 'sub' 'select'> <InPorts = 0> <OutPorts = 1> <Sync> <CReg>
ST_3 : Operation 65 [2/3] (0.99ns) (grouped into DSP with root node add_ln121_2)   --->   "%p_mid12847 = mul i13 %zext_ln112_3, i13 980" [kernel_attention.cpp:112]   --->   Operation 65 'mul' 'p_mid12847' <Predicate = (!icmp_ln110)> <Delay = 0.99> <CoreInst = "DSP48">   --->   Core 127 'DSP48' <Latency = 3> <II = 1> <Delay = 0.53> <IPBlock> <Opcode : 'mul' 'add' 'sub' 'select'> <InPorts = 0> <OutPorts = 1> <Sync> <CReg>

State 4 <SV = 3> <Delay = 3.45>
ST_4 : Operation 66 [1/1] (0.00ns)   --->   "%i_2 = load i3 %i" [kernel_attention.cpp:110]   --->   Operation 66 'load' 'i_2' <Predicate = true> <Delay = 0.00>
ST_4 : Operation 67 [1/1] (0.00ns)   --->   "%zext_ln112 = zext i3 %i_2" [kernel_attention.cpp:112]   --->   Operation 67 'zext' 'zext_ln112' <Predicate = true> <Delay = 0.00>
ST_4 : Operation 68 [1/1] (1.89ns)   --->   "%mul_ln112 = mul i14 %zext_ln112, i14 3920" [kernel_attention.cpp:112]   --->   Operation 68 'mul' 'mul_ln112' <Predicate = true> <Delay = 1.89> <CoreInst = "Multiplier">   --->   Core 3 'Multiplier' <Latency = 0> <II = 1> <Delay = 1.89> <FuncUnit> <Opcode : 'mul'> <InPorts = 2> <OutPorts = 1>
ST_4 : Operation 69 [1/3] (0.00ns) (grouped into DSP with root node add_ln121_1)   --->   "%empty = mul i13 %zext_ln112_1, i13 980" [kernel_attention.cpp:112]   --->   Operation 69 'mul' 'empty' <Predicate = true> <Delay = 0.00> <CoreInst = "DSP48">   --->   Core 127 'DSP48' <Latency = 3> <II = 1> <Delay = 0.53> <IPBlock> <Opcode : 'mul' 'add' 'sub' 'select'> <InPorts = 0> <OutPorts = 1> <Sync> <CReg>
ST_4 : Operation 70 [1/1] (0.00ns) (grouped into DSP with root node add_ln121_1)   --->   "%p_cast17 = zext i13 %empty" [kernel_attention.cpp:112]   --->   Operation 70 'zext' 'p_cast17' <Predicate = true> <Delay = 0.00>
ST_4 : Operation 71 [2/2] (0.64ns) (root node of the DSP)   --->   "%add_ln121_1 = add i14 %p_cast17, i14 %mul_ln112" [kernel_attention.cpp:121]   --->   Operation 71 'add' 'add_ln121_1' <Predicate = true> <Delay = 0.64> <CoreInst = "DSP48">   --->   Core 127 'DSP48' <Latency = 3> <II = 1> <Delay = 0.53> <IPBlock> <Opcode : 'mul' 'add' 'sub' 'select'> <InPorts = 0> <OutPorts = 1> <Sync> <CReg>
ST_4 : Operation 72 [1/1] (0.57ns)   --->   "%add_ln110_1 = add i3 %i_2, i3 1" [kernel_attention.cpp:110]   --->   Operation 72 'add' 'add_ln110_1' <Predicate = (!icmp_ln110)> <Delay = 0.57> <CoreInst = "Adder">   --->   Core 1 'Adder' <Latency = 0> <II = 1> <Delay = 0.57> <FuncUnit> <Opcode : 'add' 'sub'> <InPorts = 2> <OutPorts = 1>
ST_4 : Operation 73 [1/1] (0.00ns)   --->   "%zext_ln112_2 = zext i3 %add_ln110_1" [kernel_attention.cpp:112]   --->   Operation 73 'zext' 'zext_ln112_2' <Predicate = (!icmp_ln110)> <Delay = 0.00>
ST_4 : Operation 74 [1/1] (1.89ns)   --->   "%mul_ln112_1 = mul i14 %zext_ln112_2, i14 3920" [kernel_attention.cpp:112]   --->   Operation 74 'mul' 'mul_ln112_1' <Predicate = (!icmp_ln110)> <Delay = 1.89> <CoreInst = "Multiplier">   --->   Core 3 'Multiplier' <Latency = 0> <II = 1> <Delay = 1.89> <FuncUnit> <Opcode : 'mul'> <InPorts = 2> <OutPorts = 1>
ST_4 : Operation 75 [1/1] (0.34ns)   --->   "%select_ln112_1 = select i1 %icmp_ln112, i14 %mul_ln112_1, i14 %mul_ln112" [kernel_attention.cpp:112]   --->   Operation 75 'select' 'select_ln112_1' <Predicate = (!icmp_ln110)> <Delay = 0.34> <CoreInst = "Sel">   --->   Core 73 'Sel' <Latency = 0> <II = 1> <Delay = 0.34> <FuncUnit> <Opcode : 'select'> <InPorts = 3> <OutPorts = 1>
ST_4 : Operation 76 [1/1] (0.27ns)   --->   "%select_ln110 = select i1 %icmp_ln112, i3 %add_ln110_1, i3 %i_2" [kernel_attention.cpp:110]   --->   Operation 76 'select' 'select_ln110' <Predicate = (!icmp_ln110)> <Delay = 0.27> <CoreInst = "Sel">   --->   Core 73 'Sel' <Latency = 0> <II = 1> <Delay = 0.27> <FuncUnit> <Opcode : 'select'> <InPorts = 3> <OutPorts = 1>
ST_4 : Operation 77 [1/3] (0.00ns) (grouped into DSP with root node add_ln121_2)   --->   "%p_mid12847 = mul i13 %zext_ln112_3, i13 980" [kernel_attention.cpp:112]   --->   Operation 77 'mul' 'p_mid12847' <Predicate = (!icmp_ln110)> <Delay = 0.00> <CoreInst = "DSP48">   --->   Core 127 'DSP48' <Latency = 3> <II = 1> <Delay = 0.53> <IPBlock> <Opcode : 'mul' 'add' 'sub' 'select'> <InPorts = 0> <OutPorts = 1> <Sync> <CReg>
ST_4 : Operation 78 [1/1] (0.00ns) (grouped into DSP with root node add_ln121_2)   --->   "%p_cast17_mid1 = zext i13 %p_mid12847" [kernel_attention.cpp:112]   --->   Operation 78 'zext' 'p_cast17_mid1' <Predicate = (!icmp_ln110)> <Delay = 0.00>
ST_4 : Operation 79 [2/2] (0.64ns) (root node of the DSP)   --->   "%add_ln121_2 = add i14 %p_cast17_mid1, i14 %select_ln112_1" [kernel_attention.cpp:121]   --->   Operation 79 'add' 'add_ln121_2' <Predicate = (!icmp_ln110)> <Delay = 0.64> <CoreInst = "DSP48">   --->   Core 127 'DSP48' <Latency = 3> <II = 1> <Delay = 0.53> <IPBlock> <Opcode : 'mul' 'add' 'sub' 'select'> <InPorts = 0> <OutPorts = 1> <Sync> <CReg>
ST_4 : Operation 80 [1/1] (0.38ns)   --->   "%store_ln118 = store i3 %select_ln110, i3 %i" [kernel_attention.cpp:118]   --->   Operation 80 'store' 'store_ln118' <Predicate = (!icmp_ln110)> <Delay = 0.38>

State 5 <SV = 4> <Delay = 5.77>
ST_5 : Operation 81 [1/1] (0.00ns)   --->   "%l_2 = load i3 %l" [kernel_attention.cpp:114]   --->   Operation 81 'load' 'l_2' <Predicate = true> <Delay = 0.00>
ST_5 : Operation 82 [1/1] (0.00ns)   --->   "%k_1 = load i5 %k" [kernel_attention.cpp:116]   --->   Operation 82 'load' 'k_1' <Predicate = true> <Delay = 0.00>
ST_5 : Operation 83 [1/2] (0.64ns) (root node of the DSP)   --->   "%add_ln121_1 = add i14 %p_cast17, i14 %mul_ln112" [kernel_attention.cpp:121]   --->   Operation 83 'add' 'add_ln121_1' <Predicate = true> <Delay = 0.64> <CoreInst = "DSP48">   --->   Core 127 'DSP48' <Latency = 3> <II = 1> <Delay = 0.53> <IPBlock> <Opcode : 'mul' 'add' 'sub' 'select'> <InPorts = 0> <OutPorts = 1> <Sync> <CReg>
ST_5 : Operation 84 [1/1] (0.00ns)   --->   "%zext_ln116 = zext i5 %k_1" [kernel_attention.cpp:116]   --->   Operation 84 'zext' 'zext_ln116' <Predicate = (!icmp_ln112 & !and_ln112_2)> <Delay = 0.00>
ST_5 : Operation 85 [1/1] (0.76ns)   --->   "%add_ln120_2 = add i14 %add_ln121_1, i14 %zext_ln116" [kernel_attention.cpp:120]   --->   Operation 85 'add' 'add_ln120_2' <Predicate = (!icmp_ln112 & !and_ln112_2)> <Delay = 0.76> <CoreInst = "Adder">   --->   Core 1 'Adder' <Latency = 0> <II = 1> <Delay = 0.76> <FuncUnit> <Opcode : 'add' 'sub'> <InPorts = 2> <OutPorts = 1>
ST_5 : Operation 86 [1/1] (0.00ns)   --->   "%zext_ln116_1 = zext i3 %l_2" [kernel_attention.cpp:116]   --->   Operation 86 'zext' 'zext_ln116_1' <Predicate = true> <Delay = 0.00>
ST_5 : Operation 87 [1/1] (0.00ns)   --->   "%p_shl5 = bitconcatenate i6 @_ssdm_op_BitConcatenate.i6.i3.i3, i3 %l_2, i3 0" [kernel_attention.cpp:114]   --->   Operation 87 'bitconcatenate' 'p_shl5' <Predicate = true> <Delay = 0.00>
ST_5 : Operation 88 [1/1] (0.00ns)   --->   "%p_shl5_cast = zext i6 %p_shl5" [kernel_attention.cpp:114]   --->   Operation 88 'zext' 'p_shl5_cast' <Predicate = true> <Delay = 0.00>
ST_5 : Operation 89 [1/1] (0.70ns)   --->   "%sub_ln121 = sub i7 %p_shl5_cast, i7 %zext_ln116_1" [kernel_attention.cpp:121]   --->   Operation 89 'sub' 'sub_ln121' <Predicate = true> <Delay = 0.70> <CoreInst = "Adder">   --->   Core 1 'Adder' <Latency = 0> <II = 1> <Delay = 0.70> <FuncUnit> <Opcode : 'add' 'sub'> <InPorts = 2> <OutPorts = 1>
ST_5 : Operation 90 [1/1] (0.00ns)   --->   "%m_load = load i3 %m" [kernel_attention.cpp:116]   --->   Operation 90 'load' 'm_load' <Predicate = (!icmp_ln110)> <Delay = 0.00>
ST_5 : Operation 91 [1/1] (0.00ns)   --->   "%indvar_flatten2812_load = load i6 %indvar_flatten2812" [kernel_attention.cpp:116]   --->   Operation 91 'load' 'indvar_flatten2812_load' <Predicate = (!icmp_ln110)> <Delay = 0.00>
ST_5 : Operation 92 [1/1] (0.00ns) (grouped into LUT with out node add_ln120_4)   --->   "%select_ln112_2 = select i1 %icmp_ln112, i14 %mul_ln112_1, i14 %add_ln121_1" [kernel_attention.cpp:112]   --->   Operation 92 'select' 'select_ln112_2' <Predicate = (!icmp_ln110 & !and_ln112_2)> <Delay = 0.00> <CoreInst = "Sel">   --->   Core 73 'Sel' <Latency = 0> <II = 1> <Delay = 0.34> <FuncUnit> <Opcode : 'select'> <InPorts = 3> <OutPorts = 1>
ST_5 : Operation 93 [1/1] (0.00ns) (grouped into LUT with out node select_ln112_6)   --->   "%select_ln112_3 = select i1 %icmp_ln112, i14 %mul_ln112_1, i14 %add_ln120_2" [kernel_attention.cpp:112]   --->   Operation 93 'select' 'select_ln112_3' <Predicate = (!icmp_ln110 & !and_ln112_2)> <Delay = 0.00> <CoreInst = "Sel">   --->   Core 73 'Sel' <Latency = 0> <II = 1> <Delay = 0.34> <FuncUnit> <Opcode : 'select'> <InPorts = 3> <OutPorts = 1>
ST_5 : Operation 94 [1/1] (0.49ns)   --->   "%icmp_ln118 = icmp_eq  i3 %m_load, i3 7" [kernel_attention.cpp:118]   --->   Operation 94 'icmp' 'icmp_ln118' <Predicate = (!icmp_ln110)> <Delay = 0.49> <CoreInst = "Cmp">   --->   Core 9 'Cmp' <Latency = 0> <II = 1> <Delay = 0.49> <FuncUnit> <Opcode : 'icmp'> <InPorts = 2> <OutPorts = 1>
ST_5 : Operation 95 [1/1] (0.00ns) (grouped into LUT with out node and_ln114)   --->   "%and_ln112 = and i1 %icmp_ln118, i1 %xor_ln112" [kernel_attention.cpp:112]   --->   Operation 95 'and' 'and_ln112' <Predicate = (!icmp_ln110)> <Delay = 0.00> <CoreInst = "LogicGate">   --->   Core 74 'LogicGate' <Latency = 0> <II = 1> <Delay = 0.12> <FuncUnit> <Opcode : 'and' 'or' 'xor'> <InPorts = 2> <OutPorts = 1>
ST_5 : Operation 96 [1/1] (0.61ns)   --->   "%icmp_ln116 = icmp_eq  i6 %indvar_flatten2812_load, i6 49" [kernel_attention.cpp:116]   --->   Operation 96 'icmp' 'icmp_ln116' <Predicate = (!icmp_ln110)> <Delay = 0.61> <CoreInst = "Cmp">   --->   Core 9 'Cmp' <Latency = 0> <II = 1> <Delay = 0.61> <FuncUnit> <Opcode : 'icmp'> <InPorts = 2> <OutPorts = 1>
ST_5 : Operation 97 [1/1] (0.00ns) (grouped into LUT with out node and_ln112_4)   --->   "%and_ln112_1 = and i1 %icmp_ln116, i1 %xor_ln112" [kernel_attention.cpp:112]   --->   Operation 97 'and' 'and_ln112_1' <Predicate = (!icmp_ln110)> <Delay = 0.00> <CoreInst = "LogicGate">   --->   Core 74 'LogicGate' <Latency = 0> <II = 1> <Delay = 0.12> <FuncUnit> <Opcode : 'and' 'or' 'xor'> <InPorts = 2> <OutPorts = 1>
ST_5 : Operation 98 [1/1] (0.27ns)   --->   "%select_ln112_4 = select i1 %or_ln112, i5 0, i5 %k_1" [kernel_attention.cpp:112]   --->   Operation 98 'select' 'select_ln112_4' <Predicate = (!icmp_ln110)> <Delay = 0.27> <CoreInst = "Sel">   --->   Core 73 'Sel' <Latency = 0> <II = 1> <Delay = 0.27> <FuncUnit> <Opcode : 'select'> <InPorts = 3> <OutPorts = 1>
ST_5 : Operation 99 [1/2] (0.64ns) (root node of the DSP)   --->   "%add_ln121_2 = add i14 %p_cast17_mid1, i14 %select_ln112_1" [kernel_attention.cpp:121]   --->   Operation 99 'add' 'add_ln121_2' <Predicate = (!icmp_ln110)> <Delay = 0.64> <CoreInst = "DSP48">   --->   Core 127 'DSP48' <Latency = 3> <II = 1> <Delay = 0.53> <IPBlock> <Opcode : 'mul' 'add' 'sub' 'select'> <InPorts = 0> <OutPorts = 1> <Sync> <CReg>
ST_5 : Operation 100 [1/1] (0.00ns) (grouped into LUT with out node add_ln120_4)   --->   "%select_ln112_5 = select i1 %and_ln112_2, i14 %add_ln121_2, i14 %select_ln112_2" [kernel_attention.cpp:112]   --->   Operation 100 'select' 'select_ln112_5' <Predicate = (!icmp_ln110)> <Delay = 0.00> <CoreInst = "Sel">   --->   Core 73 'Sel' <Latency = 0> <II = 1> <Delay = 0.34> <FuncUnit> <Opcode : 'select'> <InPorts = 3> <OutPorts = 1>
ST_5 : Operation 101 [1/1] (0.34ns) (out node of the LUT)   --->   "%select_ln112_6 = select i1 %and_ln112_2, i14 %add_ln121_2, i14 %select_ln112_3" [kernel_attention.cpp:112]   --->   Operation 101 'select' 'select_ln112_6' <Predicate = (!icmp_ln110)> <Delay = 0.34> <CoreInst = "Sel">   --->   Core 73 'Sel' <Latency = 0> <II = 1> <Delay = 0.34> <FuncUnit> <Opcode : 'select'> <InPorts = 3> <OutPorts = 1>
ST_5 : Operation 102 [1/1] (0.00ns) (grouped into LUT with out node or_ln112_1)   --->   "%xor_ln112_1 = xor i1 %icmp_ln114, i1 1" [kernel_attention.cpp:112]   --->   Operation 102 'xor' 'xor_ln112_1' <Predicate = (!icmp_ln110)> <Delay = 0.00> <CoreInst = "LogicGate">   --->   Core 74 'LogicGate' <Latency = 0> <II = 1> <Delay = 0.12> <FuncUnit> <Opcode : 'and' 'or' 'xor'> <InPorts = 2> <OutPorts = 1>
ST_5 : Operation 103 [1/1] (0.12ns) (out node of the LUT)   --->   "%or_ln112_1 = or i1 %icmp_ln112, i1 %xor_ln112_1" [kernel_attention.cpp:112]   --->   Operation 103 'or' 'or_ln112_1' <Predicate = (!icmp_ln110)> <Delay = 0.12> <CoreInst = "LogicGate">   --->   Core 74 'LogicGate' <Latency = 0> <II = 1> <Delay = 0.12> <FuncUnit> <Opcode : 'and' 'or' 'xor'> <InPorts = 2> <OutPorts = 1>
ST_5 : Operation 104 [1/1] (0.00ns) (grouped into LUT with out node and_ln114)   --->   "%and_ln112_3 = and i1 %and_ln112, i1 %or_ln112_1" [kernel_attention.cpp:112]   --->   Operation 104 'and' 'and_ln112_3' <Predicate = (!icmp_ln110)> <Delay = 0.00> <CoreInst = "LogicGate">   --->   Core 74 'LogicGate' <Latency = 0> <II = 1> <Delay = 0.12> <FuncUnit> <Opcode : 'and' 'or' 'xor'> <InPorts = 2> <OutPorts = 1>
ST_5 : Operation 105 [1/1] (0.12ns) (out node of the LUT)   --->   "%and_ln112_4 = and i1 %and_ln112_1, i1 %or_ln112_1" [kernel_attention.cpp:112]   --->   Operation 105 'and' 'and_ln112_4' <Predicate = (!icmp_ln110)> <Delay = 0.12> <CoreInst = "LogicGate">   --->   Core 74 'LogicGate' <Latency = 0> <II = 1> <Delay = 0.12> <FuncUnit> <Opcode : 'and' 'or' 'xor'> <InPorts = 2> <OutPorts = 1>
ST_5 : Operation 106 [1/1] (0.70ns)   --->   "%add_ln114 = add i5 %select_ln112_4, i5 1" [kernel_attention.cpp:114]   --->   Operation 106 'add' 'add_ln114' <Predicate = (!icmp_ln110)> <Delay = 0.70> <CoreInst = "Adder">   --->   Core 1 'Adder' <Latency = 0> <II = 1> <Delay = 0.70> <FuncUnit> <Opcode : 'add' 'sub'> <InPorts = 2> <OutPorts = 1>
ST_5 : Operation 107 [1/1] (0.00ns) (grouped into LUT with out node or_ln114_1)   --->   "%or_ln114 = or i1 %and_ln112_4, i1 %and_ln112_2" [kernel_attention.cpp:114]   --->   Operation 107 'or' 'or_ln114' <Predicate = (!icmp_ln110)> <Delay = 0.00> <CoreInst = "LogicGate">   --->   Core 74 'LogicGate' <Latency = 0> <II = 1> <Delay = 0.12> <FuncUnit> <Opcode : 'and' 'or' 'xor'> <InPorts = 2> <OutPorts = 1>
ST_5 : Operation 108 [1/1] (0.12ns) (out node of the LUT)   --->   "%or_ln114_1 = or i1 %or_ln114, i1 %icmp_ln112" [kernel_attention.cpp:114]   --->   Operation 108 'or' 'or_ln114_1' <Predicate = (!icmp_ln110)> <Delay = 0.12> <CoreInst = "LogicGate">   --->   Core 74 'LogicGate' <Latency = 0> <II = 1> <Delay = 0.12> <FuncUnit> <Opcode : 'and' 'or' 'xor'> <InPorts = 2> <OutPorts = 1>
ST_5 : Operation 109 [1/1] (0.27ns)   --->   "%select_ln114 = select i1 %or_ln114_1, i3 0, i3 %l_2" [kernel_attention.cpp:114]   --->   Operation 109 'select' 'select_ln114' <Predicate = (!icmp_ln110)> <Delay = 0.27> <CoreInst = "Sel">   --->   Core 73 'Sel' <Latency = 0> <II = 1> <Delay = 0.27> <FuncUnit> <Opcode : 'select'> <InPorts = 3> <OutPorts = 1>
ST_5 : Operation 110 [1/1] (0.00ns) (grouped into LUT with out node add_ln120_4)   --->   "%zext_ln116_2 = zext i5 %add_ln114" [kernel_attention.cpp:116]   --->   Operation 110 'zext' 'zext_ln116_2' <Predicate = (!icmp_ln110)> <Delay = 0.00>
ST_5 : Operation 111 [1/1] (0.76ns) (out node of the LUT)   --->   "%add_ln120_4 = add i14 %select_ln112_5, i14 %zext_ln116_2" [kernel_attention.cpp:120]   --->   Operation 111 'add' 'add_ln120_4' <Predicate = (!icmp_ln110)> <Delay = 0.76> <CoreInst = "Adder">   --->   Core 1 'Adder' <Latency = 0> <II = 1> <Delay = 0.76> <FuncUnit> <Opcode : 'add' 'sub'> <InPorts = 2> <OutPorts = 1>
ST_5 : Operation 112 [1/1] (0.00ns) (grouped into LUT with out node add_ln120_1)   --->   "%select_ln114_1 = select i1 %and_ln112_4, i14 %add_ln120_4, i14 %select_ln112_6" [kernel_attention.cpp:114]   --->   Operation 112 'select' 'select_ln114_1' <Predicate = (!icmp_ln110)> <Delay = 0.00> <CoreInst = "Sel">   --->   Core 73 'Sel' <Latency = 0> <II = 1> <Delay = 0.34> <FuncUnit> <Opcode : 'select'> <InPorts = 3> <OutPorts = 1>
ST_5 : Operation 113 [1/1] (0.00ns) (grouped into LUT with out node add_ln120_1)   --->   "%zext_ln114 = zext i14 %select_ln114_1" [kernel_attention.cpp:114]   --->   Operation 113 'zext' 'zext_ln114' <Predicate = (!icmp_ln110)> <Delay = 0.00>
ST_5 : Operation 114 [1/1] (0.00ns) (grouped into LUT with out node add_ln121)   --->   "%select_ln114_2 = select i1 %or_ln114_1, i7 0, i7 %sub_ln121" [kernel_attention.cpp:114]   --->   Operation 114 'select' 'select_ln114_2' <Predicate = (!icmp_ln110)> <Delay = 0.00> <CoreInst = "Sel">   --->   Core 73 'Sel' <Latency = 0> <II = 1> <Delay = 0.30> <FuncUnit> <Opcode : 'select'> <InPorts = 3> <OutPorts = 1>
ST_5 : Operation 115 [1/1] (0.00ns) (grouped into LUT with out node and_ln114)   --->   "%xor_ln114 = xor i1 %and_ln112_4, i1 1" [kernel_attention.cpp:114]   --->   Operation 115 'xor' 'xor_ln114' <Predicate = (!icmp_ln110)> <Delay = 0.00> <CoreInst = "LogicGate">   --->   Core 74 'LogicGate' <Latency = 0> <II = 1> <Delay = 0.12> <FuncUnit> <Opcode : 'and' 'or' 'xor'> <InPorts = 2> <OutPorts = 1>
ST_5 : Operation 116 [1/1] (0.12ns) (out node of the LUT)   --->   "%and_ln114 = and i1 %and_ln112_3, i1 %xor_ln114" [kernel_attention.cpp:114]   --->   Operation 116 'and' 'and_ln114' <Predicate = (!icmp_ln110)> <Delay = 0.12> <CoreInst = "LogicGate">   --->   Core 74 'LogicGate' <Latency = 0> <II = 1> <Delay = 0.12> <FuncUnit> <Opcode : 'and' 'or' 'xor'> <InPorts = 2> <OutPorts = 1>
ST_5 : Operation 117 [1/1] (0.27ns)   --->   "%select_ln114_3 = select i1 %and_ln112_4, i5 %add_ln114, i5 %select_ln112_4" [kernel_attention.cpp:114]   --->   Operation 117 'select' 'select_ln114_3' <Predicate = (!icmp_ln110)> <Delay = 0.27> <CoreInst = "Sel">   --->   Core 73 'Sel' <Latency = 0> <II = 1> <Delay = 0.27> <FuncUnit> <Opcode : 'select'> <InPorts = 3> <OutPorts = 1>
ST_5 : Operation 118 [1/1] (0.57ns)   --->   "%add_ln116 = add i3 %select_ln114, i3 1" [kernel_attention.cpp:116]   --->   Operation 118 'add' 'add_ln116' <Predicate = (!icmp_ln110)> <Delay = 0.57> <CoreInst = "Adder">   --->   Core 1 'Adder' <Latency = 0> <II = 1> <Delay = 0.57> <FuncUnit> <Opcode : 'add' 'sub'> <InPorts = 2> <OutPorts = 1>
ST_5 : Operation 119 [1/1] (0.00ns) (grouped into LUT with out node select_ln116)   --->   "%or_ln116 = or i1 %and_ln114, i1 %and_ln112_4" [kernel_attention.cpp:116]   --->   Operation 119 'or' 'or_ln116' <Predicate = (!icmp_ln110)> <Delay = 0.00> <CoreInst = "LogicGate">   --->   Core 74 'LogicGate' <Latency = 0> <II = 1> <Delay = 0.12> <FuncUnit> <Opcode : 'and' 'or' 'xor'> <InPorts = 2> <OutPorts = 1>
ST_5 : Operation 120 [1/1] (0.00ns) (grouped into LUT with out node select_ln116)   --->   "%or_ln116_1 = or i1 %or_ln116, i1 %or_ln112" [kernel_attention.cpp:116]   --->   Operation 120 'or' 'or_ln116_1' <Predicate = (!icmp_ln110)> <Delay = 0.00> <CoreInst = "LogicGate">   --->   Core 74 'LogicGate' <Latency = 0> <II = 1> <Delay = 0.12> <FuncUnit> <Opcode : 'and' 'or' 'xor'> <InPorts = 2> <OutPorts = 1>
ST_5 : Operation 121 [1/1] (0.27ns) (out node of the LUT)   --->   "%select_ln116 = select i1 %or_ln116_1, i3 0, i3 %m_load" [kernel_attention.cpp:116]   --->   Operation 121 'select' 'select_ln116' <Predicate = (!icmp_ln110)> <Delay = 0.27> <CoreInst = "Sel">   --->   Core 73 'Sel' <Latency = 0> <II = 1> <Delay = 0.27> <FuncUnit> <Opcode : 'select'> <InPorts = 3> <OutPorts = 1>
ST_5 : Operation 122 [1/1] (0.00ns)   --->   "%zext_ln116_3 = zext i3 %add_ln116" [kernel_attention.cpp:116]   --->   Operation 122 'zext' 'zext_ln116_3' <Predicate = (!icmp_ln110)> <Delay = 0.00>
ST_5 : Operation 123 [1/1] (0.00ns)   --->   "%p_shl5_mid1 = bitconcatenate i6 @_ssdm_op_BitConcatenate.i6.i3.i3, i3 %add_ln116, i3 0" [kernel_attention.cpp:116]   --->   Operation 123 'bitconcatenate' 'p_shl5_mid1' <Predicate = (!icmp_ln110)> <Delay = 0.00>
ST_5 : Operation 124 [1/1] (0.00ns)   --->   "%p_shl5_cast_mid1 = zext i6 %p_shl5_mid1" [kernel_attention.cpp:116]   --->   Operation 124 'zext' 'p_shl5_cast_mid1' <Predicate = (!icmp_ln110)> <Delay = 0.00>
ST_5 : Operation 125 [1/1] (0.70ns)   --->   "%sub_ln121_1 = sub i7 %p_shl5_cast_mid1, i7 %zext_ln116_3" [kernel_attention.cpp:121]   --->   Operation 125 'sub' 'sub_ln121_1' <Predicate = (!icmp_ln110)> <Delay = 0.70> <CoreInst = "Adder">   --->   Core 1 'Adder' <Latency = 0> <II = 1> <Delay = 0.70> <FuncUnit> <Opcode : 'add' 'sub'> <InPorts = 2> <OutPorts = 1>
ST_5 : Operation 126 [1/1] (0.00ns) (grouped into LUT with out node add_ln121)   --->   "%select_ln116_1 = select i1 %and_ln114, i7 %sub_ln121_1, i7 %select_ln114_2" [kernel_attention.cpp:116]   --->   Operation 126 'select' 'select_ln116_1' <Predicate = (!icmp_ln110)> <Delay = 0.00> <CoreInst = "Sel">   --->   Core 73 'Sel' <Latency = 0> <II = 1> <Delay = 0.30> <FuncUnit> <Opcode : 'select'> <InPorts = 3> <OutPorts = 1>
ST_5 : Operation 127 [1/1] (0.27ns)   --->   "%select_ln116_2 = select i1 %and_ln114, i3 %add_ln116, i3 %select_ln114" [kernel_attention.cpp:116]   --->   Operation 127 'select' 'select_ln116_2' <Predicate = (!icmp_ln110)> <Delay = 0.27> <CoreInst = "Sel">   --->   Core 73 'Sel' <Latency = 0> <II = 1> <Delay = 0.27> <FuncUnit> <Opcode : 'select'> <InPorts = 3> <OutPorts = 1>
ST_5 : Operation 128 [1/1] (0.00ns) (grouped into LUT with out node add_ln121)   --->   "%zext_ln121 = zext i3 %select_ln116" [kernel_attention.cpp:121]   --->   Operation 128 'zext' 'zext_ln121' <Predicate = (!icmp_ln110)> <Delay = 0.00>
ST_5 : Operation 129 [1/1] (0.70ns) (out node of the LUT)   --->   "%add_ln121 = add i7 %zext_ln121, i7 %select_ln116_1" [kernel_attention.cpp:121]   --->   Operation 129 'add' 'add_ln121' <Predicate = (!icmp_ln110)> <Delay = 0.70> <CoreInst = "Adder">   --->   Core 1 'Adder' <Latency = 0> <II = 1> <Delay = 0.70> <FuncUnit> <Opcode : 'add' 'sub'> <InPorts = 2> <OutPorts = 1>
ST_5 : Operation 130 [1/1] (0.00ns)   --->   "%shl_ln = bitconcatenate i9 @_ssdm_op_BitConcatenate.i9.i7.i2, i7 %add_ln121, i2 0" [kernel_attention.cpp:121]   --->   Operation 130 'bitconcatenate' 'shl_ln' <Predicate = (!icmp_ln110)> <Delay = 0.00>
ST_5 : Operation 131 [1/1] (0.00ns)   --->   "%sext_ln121 = sext i9 %shl_ln" [kernel_attention.cpp:121]   --->   Operation 131 'sext' 'sext_ln121' <Predicate = (!icmp_ln110)> <Delay = 0.00>
ST_5 : Operation 132 [1/1] (0.00ns)   --->   "%shl_ln121_1 = bitconcatenate i11 @_ssdm_op_BitConcatenate.i11.i7.i4, i7 %add_ln121, i4 0" [kernel_attention.cpp:121]   --->   Operation 132 'bitconcatenate' 'shl_ln121_1' <Predicate = (!icmp_ln110)> <Delay = 0.00>
ST_5 : Operation 133 [1/1] (0.00ns)   --->   "%sext_ln120 = sext i11 %shl_ln121_1" [kernel_attention.cpp:120]   --->   Operation 133 'sext' 'sext_ln120' <Predicate = (!icmp_ln110)> <Delay = 0.00>
ST_5 : Operation 134 [1/1] (0.73ns)   --->   "%add_ln120_3 = add i12 %sext_ln121, i12 %sext_ln120" [kernel_attention.cpp:120]   --->   Operation 134 'add' 'add_ln120_3' <Predicate = (!icmp_ln110)> <Delay = 0.73> <CoreInst = "Adder">   --->   Core 1 'Adder' <Latency = 0> <II = 1> <Delay = 0.73> <FuncUnit> <Opcode : 'add' 'sub'> <InPorts = 2> <OutPorts = 1>
ST_5 : Operation 135 [1/1] (0.00ns) (grouped into LUT with out node add_ln120_1)   --->   "%sext_ln120_1 = sext i12 %add_ln120_3" [kernel_attention.cpp:120]   --->   Operation 135 'sext' 'sext_ln120_1' <Predicate = (!icmp_ln110)> <Delay = 0.00>
ST_5 : Operation 136 [1/1] (0.76ns) (out node of the LUT)   --->   "%add_ln120_1 = add i15 %sext_ln120_1, i15 %zext_ln114" [kernel_attention.cpp:120]   --->   Operation 136 'add' 'add_ln120_1' <Predicate = (!icmp_ln110)> <Delay = 0.76> <CoreInst = "Adder">   --->   Core 1 'Adder' <Latency = 0> <II = 1> <Delay = 0.76> <FuncUnit> <Opcode : 'add' 'sub'> <InPorts = 2> <OutPorts = 1>
ST_5 : Operation 137 [1/1] (0.00ns)   --->   "%tmp_s = bitconcatenate i17 @_ssdm_op_BitConcatenate.i17.i15.i2, i15 %add_ln120_1, i2 0" [kernel_attention.cpp:120]   --->   Operation 137 'bitconcatenate' 'tmp_s' <Predicate = (!icmp_ln110)> <Delay = 0.00>
ST_5 : Operation 138 [1/1] (0.00ns)   --->   "%sext_ln120_2 = sext i17 %tmp_s" [kernel_attention.cpp:120]   --->   Operation 138 'sext' 'sext_ln120_2' <Predicate = (!icmp_ln110)> <Delay = 0.00>
ST_5 : Operation 139 [1/1] (1.14ns)   --->   "%add_ln120 = add i64 %sext_ln120_2, i64 %afterRearrangeX2_read" [kernel_attention.cpp:120]   --->   Operation 139 'add' 'add_ln120' <Predicate = (!icmp_ln110)> <Delay = 1.14> <CoreInst = "Adder">   --->   Core 1 'Adder' <Latency = 0> <II = 1> <Delay = 1.14> <FuncUnit> <Opcode : 'add' 'sub'> <InPorts = 2> <OutPorts = 1>
ST_5 : Operation 140 [1/1] (0.00ns)   --->   "%trunc_ln = partselect i62 @_ssdm_op_PartSelect.i62.i64.i32.i32, i64 %add_ln120, i32 2, i32 63" [kernel_attention.cpp:122]   --->   Operation 140 'partselect' 'trunc_ln' <Predicate = (!icmp_ln110)> <Delay = 0.00>
ST_5 : Operation 141 [1/1] (0.00ns)   --->   "%sext_ln122 = sext i62 %trunc_ln" [kernel_attention.cpp:122]   --->   Operation 141 'sext' 'sext_ln122' <Predicate = (!icmp_ln110)> <Delay = 0.00>
ST_5 : Operation 142 [1/1] (0.00ns)   --->   "%gmem_addr_15 = getelementptr i32 %gmem, i64 %sext_ln122" [kernel_attention.cpp:122]   --->   Operation 142 'getelementptr' 'gmem_addr_15' <Predicate = (!icmp_ln110)> <Delay = 0.00>
ST_5 : Operation 143 [1/1] (0.57ns)   --->   "%add_ln118 = add i3 %select_ln116, i3 1" [kernel_attention.cpp:118]   --->   Operation 143 'add' 'add_ln118' <Predicate = (!icmp_ln110)> <Delay = 0.57> <CoreInst = "Adder">   --->   Core 1 'Adder' <Latency = 0> <II = 1> <Delay = 0.57> <FuncUnit> <Opcode : 'add' 'sub'> <InPorts = 2> <OutPorts = 1>
ST_5 : Operation 144 [1/1] (0.70ns)   --->   "%add_ln116_1 = add i6 %indvar_flatten2812_load, i6 1" [kernel_attention.cpp:116]   --->   Operation 144 'add' 'add_ln116_1' <Predicate = (!icmp_ln110)> <Delay = 0.70> <CoreInst = "Adder">   --->   Core 1 'Adder' <Latency = 0> <II = 1> <Delay = 0.70> <FuncUnit> <Opcode : 'add' 'sub'> <InPorts = 2> <OutPorts = 1>
ST_5 : Operation 145 [1/1] (0.29ns)   --->   "%select_ln116_3 = select i1 %or_ln114_1, i6 1, i6 %add_ln116_1" [kernel_attention.cpp:116]   --->   Operation 145 'select' 'select_ln116_3' <Predicate = (!icmp_ln110)> <Delay = 0.29> <CoreInst = "Sel">   --->   Core 73 'Sel' <Latency = 0> <II = 1> <Delay = 0.29> <FuncUnit> <Opcode : 'select'> <InPorts = 3> <OutPorts = 1>
ST_5 : Operation 146 [1/1] (0.38ns)   --->   "%store_ln118 = store i5 %select_ln114_3, i5 %k" [kernel_attention.cpp:118]   --->   Operation 146 'store' 'store_ln118' <Predicate = (!icmp_ln110)> <Delay = 0.38>
ST_5 : Operation 147 [1/1] (0.38ns)   --->   "%store_ln118 = store i6 %select_ln116_3, i6 %indvar_flatten2812" [kernel_attention.cpp:118]   --->   Operation 147 'store' 'store_ln118' <Predicate = (!icmp_ln110)> <Delay = 0.38>
ST_5 : Operation 148 [1/1] (0.38ns)   --->   "%store_ln118 = store i3 %select_ln116_2, i3 %l" [kernel_attention.cpp:118]   --->   Operation 148 'store' 'store_ln118' <Predicate = (!icmp_ln110)> <Delay = 0.38>
ST_5 : Operation 149 [1/1] (0.38ns)   --->   "%store_ln118 = store i3 %add_ln118, i3 %m" [kernel_attention.cpp:118]   --->   Operation 149 'store' 'store_ln118' <Predicate = (!icmp_ln110)> <Delay = 0.38>

State 6 <SV = 5> <Delay = 36.5>
ST_6 : Operation 150 [1/1] (0.00ns)   --->   "%specbitsmap_ln0 = specbitsmap void @_ssdm_op_SpecBitsMap, i32 %gmem"   --->   Operation 150 'specbitsmap' 'specbitsmap_ln0' <Predicate = true> <Delay = 0.00>
ST_6 : Operation 151 [1/1] (0.00ns)   --->   "%gmem_addr = getelementptr i32 %gmem, i64 %sext_ln110_cast" [kernel_attention.cpp:110]   --->   Operation 151 'getelementptr' 'gmem_addr' <Predicate = true> <Delay = 0.00>
ST_6 : Operation 152 [1/1] (0.00ns)   --->   "%specpipeline_ln0 = specpipeline void @_ssdm_op_SpecPipeline, i32 4294967295, i32 0, i32 1, i32 0, void @p_str"   --->   Operation 152 'specpipeline' 'specpipeline_ln0' <Predicate = true> <Delay = 0.00>
ST_6 : Operation 153 [1/1] (36.5ns)   --->   "%gmem_addr_read = read i32 @_ssdm_op_Read.m_axi.p1i32, i32 %gmem_addr" [kernel_attention.cpp:122]   --->   Operation 153 'read' 'gmem_addr_read' <Predicate = (!icmp_ln110)> <Delay = 36.5> <CoreInst = "m_axi">   --->   Core 121 'm_axi' <Latency = 0> <II = 1> <Delay = 1.00> <Adapter> <Opcode : 'read' 'write' 'readreq' 'writereq' 'writeresp'>
ST_6 : Operation 154 [1/1] (36.5ns)   --->   "%gmem_addr_15_req = writereq i1 @_ssdm_op_WriteReq.m_axi.i32P1A, i32 %gmem_addr_15, i32 1" [kernel_attention.cpp:122]   --->   Operation 154 'writereq' 'gmem_addr_15_req' <Predicate = (!icmp_ln110)> <Delay = 36.5> <CoreInst = "m_axi">   --->   Core 121 'm_axi' <Latency = 0> <II = 1> <Delay = 1.00> <Adapter> <Opcode : 'read' 'write' 'readreq' 'writereq' 'writeresp'>

State 7 <SV = 6> <Delay = 36.5>
ST_7 : Operation 155 [1/1] (36.5ns)   --->   "%write_ln122 = write void @_ssdm_op_Write.m_axi.i32P1A, i32 %gmem_addr_15, i32 %gmem_addr_read, i4 15" [kernel_attention.cpp:122]   --->   Operation 155 'write' 'write_ln122' <Predicate = true> <Delay = 36.5> <CoreInst = "m_axi">   --->   Core 121 'm_axi' <Latency = 0> <II = 1> <Delay = 1.00> <Adapter> <Opcode : 'read' 'write' 'readreq' 'writereq' 'writeresp'>

State 8 <SV = 7> <Delay = 36.5>
ST_8 : Operation 156 [5/5] (36.5ns)   --->   "%gmem_addr_15_resp = writeresp i1 @_ssdm_op_WriteResp.m_axi.i32P1A, i32 %gmem_addr_15" [kernel_attention.cpp:122]   --->   Operation 156 'writeresp' 'gmem_addr_15_resp' <Predicate = true> <Delay = 36.5> <CoreInst = "m_axi">   --->   Core 121 'm_axi' <Latency = 0> <II = 1> <Delay = 1.00> <Adapter> <Opcode : 'read' 'write' 'readreq' 'writereq' 'writeresp'>

State 9 <SV = 8> <Delay = 36.5>
ST_9 : Operation 157 [4/5] (36.5ns)   --->   "%gmem_addr_15_resp = writeresp i1 @_ssdm_op_WriteResp.m_axi.i32P1A, i32 %gmem_addr_15" [kernel_attention.cpp:122]   --->   Operation 157 'writeresp' 'gmem_addr_15_resp' <Predicate = true> <Delay = 36.5> <CoreInst = "m_axi">   --->   Core 121 'm_axi' <Latency = 0> <II = 1> <Delay = 1.00> <Adapter> <Opcode : 'read' 'write' 'readreq' 'writereq' 'writeresp'>

State 10 <SV = 9> <Delay = 36.5>
ST_10 : Operation 158 [3/5] (36.5ns)   --->   "%gmem_addr_15_resp = writeresp i1 @_ssdm_op_WriteResp.m_axi.i32P1A, i32 %gmem_addr_15" [kernel_attention.cpp:122]   --->   Operation 158 'writeresp' 'gmem_addr_15_resp' <Predicate = true> <Delay = 36.5> <CoreInst = "m_axi">   --->   Core 121 'm_axi' <Latency = 0> <II = 1> <Delay = 1.00> <Adapter> <Opcode : 'read' 'write' 'readreq' 'writereq' 'writeresp'>

State 11 <SV = 10> <Delay = 36.5>
ST_11 : Operation 159 [2/5] (36.5ns)   --->   "%gmem_addr_15_resp = writeresp i1 @_ssdm_op_WriteResp.m_axi.i32P1A, i32 %gmem_addr_15" [kernel_attention.cpp:122]   --->   Operation 159 'writeresp' 'gmem_addr_15_resp' <Predicate = true> <Delay = 36.5> <CoreInst = "m_axi">   --->   Core 121 'm_axi' <Latency = 0> <II = 1> <Delay = 1.00> <Adapter> <Opcode : 'read' 'write' 'readreq' 'writereq' 'writeresp'>
ST_11 : Operation 172 [1/1] (0.00ns)   --->   "%ret_ln0 = ret"   --->   Operation 172 'ret' 'ret_ln0' <Predicate = (icmp_ln110)> <Delay = 0.00>

State 12 <SV = 11> <Delay = 36.5>
ST_12 : Operation 160 [1/1] (0.00ns)   --->   "%specloopname_ln0 = specloopname void @_ssdm_op_SpecLoopName, void @VITIS_LOOP_110_1_VITIS_LOOP_114_3_VITIS_LOOP_116_4_VITIS_LOOP_118_5_str"   --->   Operation 160 'specloopname' 'specloopname_ln0' <Predicate = true> <Delay = 0.00>
ST_12 : Operation 161 [1/1] (0.00ns)   --->   "%empty_112 = speclooptripcount i32 @_ssdm_op_SpecLoopTripCount, i64 15680, i64 15680, i64 15680"   --->   Operation 161 'speclooptripcount' 'empty_112' <Predicate = true> <Delay = 0.00>
ST_12 : Operation 162 [1/1] (0.00ns)   --->   "%specpipeline_ln0 = specpipeline void @_ssdm_op_SpecPipeline, i32 4294967295, i32 0, i32 1, i32 0, void @p_str"   --->   Operation 162 'specpipeline' 'specpipeline_ln0' <Predicate = true> <Delay = 0.00>
ST_12 : Operation 163 [1/1] (0.00ns)   --->   "%specloopname_ln0 = specloopname void @_ssdm_op_SpecLoopName, void @VITIS_LOOP_112_2_VITIS_LOOP_116_4_VITIS_LOOP_118_5_str"   --->   Operation 163 'specloopname' 'specloopname_ln0' <Predicate = true> <Delay = 0.00>
ST_12 : Operation 164 [1/1] (0.00ns)   --->   "%specpipeline_ln0 = specpipeline void @_ssdm_op_SpecPipeline, i32 4294967295, i32 0, i32 1, i32 0, void @p_str"   --->   Operation 164 'specpipeline' 'specpipeline_ln0' <Predicate = true> <Delay = 0.00>
ST_12 : Operation 165 [1/1] (0.00ns)   --->   "%specloopname_ln0 = specloopname void @_ssdm_op_SpecLoopName, void @VITIS_LOOP_114_3_VITIS_LOOP_116_4_VITIS_LOOP_118_5_str"   --->   Operation 165 'specloopname' 'specloopname_ln0' <Predicate = true> <Delay = 0.00>
ST_12 : Operation 166 [1/1] (0.00ns)   --->   "%specpipeline_ln0 = specpipeline void @_ssdm_op_SpecPipeline, i32 4294967295, i32 0, i32 1, i32 0, void @p_str"   --->   Operation 166 'specpipeline' 'specpipeline_ln0' <Predicate = true> <Delay = 0.00>
ST_12 : Operation 167 [1/1] (0.00ns)   --->   "%specloopname_ln0 = specloopname void @_ssdm_op_SpecLoopName, void @VITIS_LOOP_116_4_VITIS_LOOP_118_5_str"   --->   Operation 167 'specloopname' 'specloopname_ln0' <Predicate = true> <Delay = 0.00>
ST_12 : Operation 168 [1/1] (0.00ns)   --->   "%specpipeline_ln0 = specpipeline void @_ssdm_op_SpecPipeline, i32 4294967295, i32 0, i32 1, i32 0, void @p_str"   --->   Operation 168 'specpipeline' 'specpipeline_ln0' <Predicate = true> <Delay = 0.00>
ST_12 : Operation 169 [1/1] (0.00ns)   --->   "%specloopname_ln118 = specloopname void @_ssdm_op_SpecLoopName, void @empty_26" [kernel_attention.cpp:118]   --->   Operation 169 'specloopname' 'specloopname_ln118' <Predicate = true> <Delay = 0.00>
ST_12 : Operation 170 [1/5] (36.5ns)   --->   "%gmem_addr_15_resp = writeresp i1 @_ssdm_op_WriteResp.m_axi.i32P1A, i32 %gmem_addr_15" [kernel_attention.cpp:122]   --->   Operation 170 'writeresp' 'gmem_addr_15_resp' <Predicate = true> <Delay = 36.5> <CoreInst = "m_axi">   --->   Core 121 'm_axi' <Latency = 0> <II = 1> <Delay = 1.00> <Adapter> <Opcode : 'read' 'write' 'readreq' 'writereq' 'writeresp'>
ST_12 : Operation 171 [1/1] (0.00ns)   --->   "%br_ln118 = br void %for.inc.i120" [kernel_attention.cpp:118]   --->   Operation 171 'br' 'br_ln118' <Predicate = true> <Delay = 0.00>


============================================================
+ Verbose Summary: Timing violations
============================================================
Target clock period: 50ns, clock uncertainty: 13.5ns.

 <State 1>: 0.387ns
The critical path consists of the following:
	'alloca' operation ('indvar_flatten2925') [12]  (0 ns)
	'store' operation ('store_ln0') of constant 0 on local variable 'indvar_flatten2925' [17]  (0.387 ns)

 <State 2>: 2.49ns
The critical path consists of the following:
	'load' operation ('indvar_flatten2873_load', kernel_attention.cpp:112) on local variable 'indvar_flatten2873' [55]  (0 ns)
	'icmp' operation ('icmp_ln112', kernel_attention.cpp:112) [58]  (0.64 ns)
	'select' operation ('select_ln112', kernel_attention.cpp:112) [59]  (0.278 ns)
	'add' operation ('add_ln112', kernel_attention.cpp:112) [75]  (0.572 ns)
	'mul' operation of DSP[82] ('p_mid12847', kernel_attention.cpp:112) [80]  (0.996 ns)

 <State 3>: 0.996ns
The critical path consists of the following:
	'mul' operation of DSP[40] ('empty', kernel_attention.cpp:112) [38]  (0.996 ns)

 <State 4>: 3.45ns
The critical path consists of the following:
	'load' operation ('i', kernel_attention.cpp:110) on local variable 'i' [31]  (0 ns)
	'add' operation ('add_ln110_1', kernel_attention.cpp:110) [60]  (0.572 ns)
	'mul' operation ('mul_ln112_1', kernel_attention.cpp:112) [62]  (1.89 ns)
	'select' operation ('select_ln112_1', kernel_attention.cpp:112) [63]  (0.342 ns)
	'add' operation of DSP[82] ('add_ln121_2', kernel_attention.cpp:121) [82]  (0.645 ns)

 <State 5>: 5.77ns
The critical path consists of the following:
	'load' operation ('indvar_flatten2812_load', kernel_attention.cpp:116) on local variable 'indvar_flatten2812' [53]  (0 ns)
	'icmp' operation ('icmp_ln116', kernel_attention.cpp:116) [70]  (0.619 ns)
	'and' operation ('and_ln112_1', kernel_attention.cpp:112) [71]  (0 ns)
	'and' operation ('and_ln112_4', kernel_attention.cpp:112) [89]  (0.122 ns)
	'or' operation ('or_ln114', kernel_attention.cpp:114) [93]  (0 ns)
	'or' operation ('or_ln114_1', kernel_attention.cpp:114) [94]  (0.122 ns)
	'select' operation ('select_ln114', kernel_attention.cpp:114) [95]  (0.278 ns)
	'add' operation ('add_ln116', kernel_attention.cpp:116) [105]  (0.572 ns)
	'sub' operation ('sub_ln121_1', kernel_attention.cpp:121) [113]  (0.706 ns)
	'select' operation ('select_ln116_1', kernel_attention.cpp:116) [114]  (0 ns)
	'add' operation ('add_ln121', kernel_attention.cpp:121) [120]  (0.706 ns)
	'add' operation ('add_ln120_3', kernel_attention.cpp:120) [125]  (0.735 ns)
	'add' operation ('add_ln120_1', kernel_attention.cpp:120) [127]  (0.765 ns)
	'add' operation ('add_ln120', kernel_attention.cpp:120) [130]  (1.15 ns)

 <State 6>: 36.5ns
The critical path consists of the following:
	'getelementptr' operation ('gmem_addr', kernel_attention.cpp:110) [34]  (0 ns)
	bus read operation ('gmem_addr_read', kernel_attention.cpp:122) on port 'gmem' (kernel_attention.cpp:122) [118]  (36.5 ns)

 <State 7>: 36.5ns
The critical path consists of the following:
	bus write operation ('write_ln122', kernel_attention.cpp:122) on port 'gmem' (kernel_attention.cpp:122) [135]  (36.5 ns)

 <State 8>: 36.5ns
The critical path consists of the following:
	bus response operation ('gmem_addr_15_resp', kernel_attention.cpp:122) on port 'gmem' (kernel_attention.cpp:122) [136]  (36.5 ns)

 <State 9>: 36.5ns
The critical path consists of the following:
	bus response operation ('gmem_addr_15_resp', kernel_attention.cpp:122) on port 'gmem' (kernel_attention.cpp:122) [136]  (36.5 ns)

 <State 10>: 36.5ns
The critical path consists of the following:
	bus response operation ('gmem_addr_15_resp', kernel_attention.cpp:122) on port 'gmem' (kernel_attention.cpp:122) [136]  (36.5 ns)

 <State 11>: 36.5ns
The critical path consists of the following:
	bus response operation ('gmem_addr_15_resp', kernel_attention.cpp:122) on port 'gmem' (kernel_attention.cpp:122) [136]  (36.5 ns)

 <State 12>: 36.5ns
The critical path consists of the following:
	bus response operation ('gmem_addr_15_resp', kernel_attention.cpp:122) on port 'gmem' (kernel_attention.cpp:122) [136]  (36.5 ns)


============================================================
+ Verbose Summary: Binding
============================================================
N/A
* FSMD analyzer results:
  - Output states:
 - Input state : 
  - Chain level:
	State 1
	State 2
	State 3
	State 4
	State 5
	State 6
	State 7
	State 8
	State 9
	State 10
	State 11
	State 12


============================================================
+ Verbose Summary: Datapath Resource usage 
============================================================
N/A
