

================================================================
== Vitis HLS Report for 'kernel_attention_Pipeline_VITIS_LOOP_17_2_VITIS_LOOP_18_3_VITIS_LOOP_19_4'
================================================================
* Date:           Thu Oct 19 11:50:37 2023

* Version:        2022.1 (Build 3526262 on Mon Apr 18 15:47:01 MDT 2022)
* Project:        proj_kernel_attention
* Solution:       solution1 (Vivado IP Flow Target)
* Product family: virtexuplus
* Target device:  xcu250-figd2104-2L-e


================================================================
== Performance Estimates
================================================================
+ Timing: 
    * Summary: 
    +--------+----------+-----------+------------+
    |  Clock |  Target  | Estimated | Uncertainty|
    +--------+----------+-----------+------------+
    |ap_clk  |  50.00 ns|  36.500 ns|    13.50 ns|
    +--------+----------+-----------+------------+

+ Latency: 
    * Summary: 
    +---------+---------+----------+----------+-------+-------+---------+
    |  Latency (cycles) |  Latency (absolute) |    Interval   | Pipeline|
    |   min   |   max   |    min   |    max   |  min  |  max  |   Type  |
    +---------+---------+----------+----------+-------+-------+---------+
    |    15683|    15683|  0.784 ms|  0.784 ms|  15683|  15683|       no|
    +---------+---------+----------+----------+-------+-------+---------+

    + Detail: 
        * Instance: 
        N/A

        * Loop: 
        +---------------------------------------------------+---------+---------+----------+-----------+-----------+-------+----------+
        |                                                   |  Latency (cycles) | Iteration|  Initiation Interval  |  Trip |          |
        |                     Loop Name                     |   min   |   max   |  Latency |  achieved |   target  | Count | Pipelined|
        +---------------------------------------------------+---------+---------+----------+-----------+-----------+-------+----------+
        |- VITIS_LOOP_17_2_VITIS_LOOP_18_3_VITIS_LOOP_19_4  |    15681|    15681|         3|          1|          1|  15680|       yes|
        +---------------------------------------------------+---------+---------+----------+-----------+-----------+-------+----------+

============================================================
+ Verbose Summary: Synthesis Manager
============================================================
InlineROM: 1
ExposeGlobal: 0
============================================================
+ Verbose Summary: CDFG Model
============================================================
IsTopModel: 0
ResetActiveHigh: 1
IsCombinational: 0
IsDatapathOnly: 0
HasWiredReturn: 1
HasMFsm: 2
HasVarLatency: 1
IsPipeline: 0
IsRtlPipelined: 0
IsInstanceOverlapped: 0
IsDontTouch: 0
HasImplIP: 0
IsGatedGlobalClock: 0

+ Individual pipeline summary: 
  * Pipeline-0: initiation interval (II) = 1, depth = 3


============================================================
+ Verbose Summary: Schedule
============================================================
* Number of FSM states : 3
* Pipeline : 1
  Pipeline-0 : II = 1, D = 3, States = { 1 2 3 }
* Dataflow Pipeline: 0

* FSM state transitions: 
1 --> 2 
2 --> 3 
3 --> 

* FSM state operations: 

State 1 <SV = 0> <Delay = 1.15>
ST_1 : Operation 6 [1/1] (0.00ns)   --->   "%indvar_flatten2242 = alloca i32 1"   --->   Operation 6 'alloca' 'indvar_flatten2242' <Predicate = true> <Delay = 0.00>
ST_1 : Operation 7 [1/1] (0.00ns)   --->   "%sext_ln371_1_read = read i62 @_ssdm_op_Read.ap_auto.i62, i62 %sext_ln371_1"   --->   Operation 7 'read' 'sext_ln371_1_read' <Predicate = true> <Delay = 0.00>
ST_1 : Operation 8 [1/1] (0.00ns)   --->   "%sext_ln17_read = read i62 @_ssdm_op_Read.ap_auto.i62, i62 %sext_ln17"   --->   Operation 8 'read' 'sext_ln17_read' <Predicate = true> <Delay = 0.00>
ST_1 : Operation 9 [1/1] (0.00ns)   --->   "%sext_ln371_1_cast = sext i62 %sext_ln371_1_read"   --->   Operation 9 'sext' 'sext_ln371_1_cast' <Predicate = true> <Delay = 0.00>
ST_1 : Operation 10 [1/1] (0.00ns)   --->   "%sext_ln17_cast = sext i62 %sext_ln17_read"   --->   Operation 10 'sext' 'sext_ln17_cast' <Predicate = true> <Delay = 0.00>
ST_1 : Operation 11 [1/1] (0.00ns)   --->   "%specinterface_ln0 = specinterface void @_ssdm_op_SpecInterface, i32 %gmem, void @empty_10, i32 0, i32 0, void @empty_18, i32 0, i32 80, void @empty_12, void @empty_9, void @empty_18, i32 16, i32 16, i32 16, i32 16, void @empty_18, void @empty_18, i32 4294967295, i32 0"   --->   Operation 11 'specinterface' 'specinterface_ln0' <Predicate = true> <Delay = 0.00>
ST_1 : Operation 12 [1/1] (0.00ns)   --->   "%specinterface_ln0 = specinterface void @_ssdm_op_SpecInterface, i32 %gmem1, void @empty_10, i32 0, i32 0, void @empty_18, i32 0, i32 15680, void @empty_13, void @empty_9, void @empty_18, i32 16, i32 16, i32 16, i32 16, void @empty_18, void @empty_18, i32 4294967295, i32 0"   --->   Operation 12 'specinterface' 'specinterface_ln0' <Predicate = true> <Delay = 0.00>
ST_1 : Operation 13 [1/1] (0.38ns)   --->   "%store_ln0 = store i14 0, i14 %indvar_flatten2242"   --->   Operation 13 'store' 'store_ln0' <Predicate = true> <Delay = 0.38>
ST_1 : Operation 14 [1/1] (0.00ns)   --->   "%br_ln0 = br void %for.inc.i73"   --->   Operation 14 'br' 'br_ln0' <Predicate = true> <Delay = 0.00>
ST_1 : Operation 15 [1/1] (0.00ns)   --->   "%indvar_flatten2242_load = load i14 %indvar_flatten2242" [kernel_attention.cpp:17]   --->   Operation 15 'load' 'indvar_flatten2242_load' <Predicate = true> <Delay = 0.00>
ST_1 : Operation 16 [1/1] (0.65ns)   --->   "%icmp_ln17 = icmp_eq  i14 %indvar_flatten2242_load, i14 15680" [kernel_attention.cpp:17]   --->   Operation 16 'icmp' 'icmp_ln17' <Predicate = true> <Delay = 0.65> <CoreInst = "Cmp">   --->   Core 9 'Cmp' <Latency = 0> <II = 1> <Delay = 0.65> <FuncUnit> <Opcode : 'icmp'> <InPorts = 2> <OutPorts = 1>
ST_1 : Operation 17 [1/1] (0.76ns)   --->   "%add_ln17 = add i14 %indvar_flatten2242_load, i14 1" [kernel_attention.cpp:17]   --->   Operation 17 'add' 'add_ln17' <Predicate = true> <Delay = 0.76> <CoreInst = "Adder">   --->   Core 1 'Adder' <Latency = 0> <II = 1> <Delay = 0.76> <FuncUnit> <Opcode : 'add' 'sub'> <InPorts = 2> <OutPorts = 1>
ST_1 : Operation 18 [1/1] (0.00ns)   --->   "%br_ln17 = br i1 %icmp_ln17, void %for.inc52.loopexit.i, void %_Z5pad_fPfS_PiS0_.exit.exitStub" [kernel_attention.cpp:17]   --->   Operation 18 'br' 'br_ln17' <Predicate = true> <Delay = 0.00>
ST_1 : Operation 19 [1/1] (0.38ns)   --->   "%store_ln19 = store i14 %add_ln17, i14 %indvar_flatten2242" [kernel_attention.cpp:19]   --->   Operation 19 'store' 'store_ln19' <Predicate = (!icmp_ln17)> <Delay = 0.38>

State 2 <SV = 1> <Delay = 36.5>
ST_2 : Operation 20 [1/1] (0.00ns)   --->   "%specbitsmap_ln0 = specbitsmap void @_ssdm_op_SpecBitsMap, i32 %gmem"   --->   Operation 20 'specbitsmap' 'specbitsmap_ln0' <Predicate = true> <Delay = 0.00>
ST_2 : Operation 21 [1/1] (0.00ns)   --->   "%specbitsmap_ln0 = specbitsmap void @_ssdm_op_SpecBitsMap, i32 %gmem1"   --->   Operation 21 'specbitsmap' 'specbitsmap_ln0' <Predicate = true> <Delay = 0.00>
ST_2 : Operation 22 [1/1] (0.00ns)   --->   "%gmem_addr = getelementptr i32 %gmem, i64 %sext_ln17_cast" [kernel_attention.cpp:17]   --->   Operation 22 'getelementptr' 'gmem_addr' <Predicate = true> <Delay = 0.00>
ST_2 : Operation 23 [1/1] (0.00ns)   --->   "%gmem1_addr = getelementptr i32 %gmem1, i64 %sext_ln371_1_cast" [kernel_attention.cpp:371]   --->   Operation 23 'getelementptr' 'gmem1_addr' <Predicate = true> <Delay = 0.00>
ST_2 : Operation 24 [1/1] (0.00ns)   --->   "%specpipeline_ln0 = specpipeline void @_ssdm_op_SpecPipeline, i32 4294967295, i32 0, i32 1, i32 0, void @p_str"   --->   Operation 24 'specpipeline' 'specpipeline_ln0' <Predicate = true> <Delay = 0.00>
ST_2 : Operation 25 [1/1] (36.5ns)   --->   "%gmem1_addr_read = read i32 @_ssdm_op_Read.m_axi.p1i32, i32 %gmem1_addr" [kernel_attention.cpp:20]   --->   Operation 25 'read' 'gmem1_addr_read' <Predicate = (!icmp_ln17)> <Delay = 36.5> <CoreInst = "m_axi">   --->   Core 121 'm_axi' <Latency = 0> <II = 1> <Delay = 1.00> <Adapter> <Opcode : 'read' 'write' 'readreq' 'writereq' 'writeresp'>
ST_2 : Operation 34 [1/1] (0.00ns)   --->   "%ret_ln0 = ret"   --->   Operation 34 'ret' 'ret_ln0' <Predicate = (icmp_ln17)> <Delay = 0.00>

State 3 <SV = 2> <Delay = 36.5>
ST_3 : Operation 26 [1/1] (0.00ns)   --->   "%specloopname_ln0 = specloopname void @_ssdm_op_SpecLoopName, void @VITIS_LOOP_17_2_VITIS_LOOP_18_3_VITIS_LOOP_19_4_str"   --->   Operation 26 'specloopname' 'specloopname_ln0' <Predicate = true> <Delay = 0.00>
ST_3 : Operation 27 [1/1] (0.00ns)   --->   "%empty = speclooptripcount i32 @_ssdm_op_SpecLoopTripCount, i64 15680, i64 15680, i64 15680"   --->   Operation 27 'speclooptripcount' 'empty' <Predicate = true> <Delay = 0.00>
ST_3 : Operation 28 [1/1] (0.00ns)   --->   "%specpipeline_ln0 = specpipeline void @_ssdm_op_SpecPipeline, i32 4294967295, i32 0, i32 1, i32 0, void @p_str"   --->   Operation 28 'specpipeline' 'specpipeline_ln0' <Predicate = true> <Delay = 0.00>
ST_3 : Operation 29 [1/1] (0.00ns)   --->   "%specloopname_ln0 = specloopname void @_ssdm_op_SpecLoopName, void @VITIS_LOOP_18_3_VITIS_LOOP_19_4_str"   --->   Operation 29 'specloopname' 'specloopname_ln0' <Predicate = true> <Delay = 0.00>
ST_3 : Operation 30 [1/1] (0.00ns)   --->   "%specpipeline_ln0 = specpipeline void @_ssdm_op_SpecPipeline, i32 4294967295, i32 0, i32 1, i32 0, void @p_str"   --->   Operation 30 'specpipeline' 'specpipeline_ln0' <Predicate = true> <Delay = 0.00>
ST_3 : Operation 31 [1/1] (0.00ns)   --->   "%specloopname_ln19 = specloopname void @_ssdm_op_SpecLoopName, void @empty_40" [kernel_attention.cpp:19]   --->   Operation 31 'specloopname' 'specloopname_ln19' <Predicate = true> <Delay = 0.00>
ST_3 : Operation 32 [1/1] (36.5ns)   --->   "%write_ln20 = write void @_ssdm_op_Write.m_axi.p1i32, i32 %gmem_addr, i32 %gmem1_addr_read, i4 15" [kernel_attention.cpp:20]   --->   Operation 32 'write' 'write_ln20' <Predicate = true> <Delay = 36.5> <CoreInst = "m_axi">   --->   Core 121 'm_axi' <Latency = 0> <II = 1> <Delay = 1.00> <Adapter> <Opcode : 'read' 'write' 'readreq' 'writereq' 'writeresp'>
ST_3 : Operation 33 [1/1] (0.00ns)   --->   "%br_ln19 = br void %for.inc.i73" [kernel_attention.cpp:19]   --->   Operation 33 'br' 'br_ln19' <Predicate = true> <Delay = 0.00>


============================================================
+ Verbose Summary: Timing violations
============================================================
Target clock period: 50ns, clock uncertainty: 13.5ns.

 <State 1>: 1.15ns
The critical path consists of the following:
	'alloca' operation ('indvar_flatten2242') [5]  (0 ns)
	'load' operation ('indvar_flatten2242_load', kernel_attention.cpp:17) on local variable 'indvar_flatten2242' [15]  (0 ns)
	'add' operation ('add_ln17', kernel_attention.cpp:17) [22]  (0.765 ns)
	'store' operation ('store_ln19', kernel_attention.cpp:19) of variable 'add_ln17', kernel_attention.cpp:17 on local variable 'indvar_flatten2242' [33]  (0.387 ns)

 <State 2>: 36.5ns
The critical path consists of the following:
	'getelementptr' operation ('gmem1_addr', kernel_attention.cpp:371) [19]  (0 ns)
	bus read operation ('gmem1_addr_read', kernel_attention.cpp:20) on port 'gmem1' (kernel_attention.cpp:20) [31]  (36.5 ns)

 <State 3>: 36.5ns
The critical path consists of the following:
	bus write operation ('write_ln20', kernel_attention.cpp:20) on port 'gmem' (kernel_attention.cpp:20) [32]  (36.5 ns)


============================================================
+ Verbose Summary: Binding
============================================================
N/A
* FSMD analyzer results:
  - Output states:
 - Input state : 
  - Chain level:
	State 1
	State 2
	State 3


============================================================
+ Verbose Summary: Datapath Resource usage 
============================================================
N/A
