

================================================================
== Vitis HLS Report for 'compute_skip_Pipeline_VITIS_LOOP_584_3'
================================================================
* Date:           Thu Oct 19 11:50:56 2023

* Version:        2022.1 (Build 3526262 on Mon Apr 18 15:47:01 MDT 2022)
* Project:        proj_kernel_attention
* Solution:       solution1 (Vivado IP Flow Target)
* Product family: virtexuplus
* Target device:  xcu250-figd2104-2L-e


================================================================
== Performance Estimates
================================================================
+ Timing: 
    * Summary: 
    +--------+----------+-----------+------------+
    |  Clock |  Target  | Estimated | Uncertainty|
    +--------+----------+-----------+------------+
    |ap_clk  |  50.00 ns|  36.500 ns|    13.50 ns|
    +--------+----------+-----------+------------+

+ Latency: 
    * Summary: 
    +---------+---------+-----------+-----------+--------+--------+---------+
    |  Latency (cycles) |   Latency (absolute)  |     Interval    | Pipeline|
    |   min   |   max   |    min    |    max    |   min  |   max  |   Type  |
    +---------+---------+-----------+-----------+--------+--------+---------+
    |   439043|   658563|  21.952 ms|  32.928 ms|  439043|  658563|       no|
    +---------+---------+-----------+-----------+--------+--------+---------+

    + Detail: 
        * Instance: 
        N/A

        * Loop: 
        +------------------------------------------+---------+---------+----------+-----------+-----------+---------------+----------+
        |                                          |  Latency (cycles) | Iteration|  Initiation Interval  |      Trip     |          |
        |                 Loop Name                |   min   |   max   |  Latency |  achieved |   target  |     Count     | Pipelined|
        +------------------------------------------+---------+---------+----------+-----------+-----------+---------------+----------+
        |- Skip_VITIS_LOOP_582_2_VITIS_LOOP_584_3  |   439041|   658561|        16|         14|          1|  31360 ~ 47040|       yes|
        +------------------------------------------+---------+---------+----------+-----------+-----------+---------------+----------+



================================================================
== Utilization Estimates
================================================================
* Summary: 
+---------------------+---------+-------+---------+---------+------+
|         Name        | BRAM_18K|  DSP  |    FF   |   LUT   | URAM |
+---------------------+---------+-------+---------+---------+------+
|DSP                  |        -|      -|        -|        -|     -|
|Expression           |        -|      -|        0|      711|     -|
|FIFO                 |        -|      -|        -|        -|     -|
|Instance             |        -|      0|        0|       80|     -|
|Memory               |        -|      -|        -|        -|     -|
|Multiplexer          |        -|      -|        -|      218|     -|
|Register             |        -|      -|      253|        -|     -|
+---------------------+---------+-------+---------+---------+------+
|Total                |        0|      0|      253|     1009|     0|
+---------------------+---------+-------+---------+---------+------+
|Available SLR        |     1344|   3072|   864000|   432000|   320|
+---------------------+---------+-------+---------+---------+------+
|Utilization SLR (%)  |        0|      0|       ~0|       ~0|     0|
+---------------------+---------+-------+---------+---------+------+
|Available            |     5376|  12288|  3456000|  1728000|  1280|
+---------------------+---------+-------+---------+---------+------+
|Utilization (%)      |        0|      0|       ~0|       ~0|     0|
+---------------------+---------+-------+---------+---------+------+

+ Detail: 
    * Instance: 
    +------------------------+--------------------+---------+----+---+----+-----+
    |        Instance        |       Module       | BRAM_18K| DSP| FF| LUT| URAM|
    +------------------------+--------------------+---------+----+---+----+-----+
    |mul_3ns_8ns_10_1_1_U65  |mul_3ns_8ns_10_1_1  |        0|   0|  0|  40|    0|
    |mul_3ns_8ns_10_1_1_U66  |mul_3ns_8ns_10_1_1  |        0|   0|  0|  40|    0|
    +------------------------+--------------------+---------+----+---+----+-----+
    |Total                   |                    |        0|   0|  0|  80|    0|
    +------------------------+--------------------+---------+----+---+----+-----+

    * DSP: 
    N/A

    * Memory: 
    N/A

    * FIFO: 
    N/A

    * Expression: 
    +------------------------------------+----------+----+---+----+------------+------------+
    |            Variable Name           | Operation| DSP| FF| LUT| Bitwidth P0| Bitwidth P1|
    +------------------------------------+----------+----+---+----+------------+------------+
    |add_ln578_1_fu_404_p2               |         +|   0|  0|  10|           3|           1|
    |add_ln578_fu_280_p2                 |         +|   0|  0|  23|          16|           1|
    |add_ln580_1_fu_297_p2               |         +|   0|  0|  21|          14|           1|
    |add_ln580_fu_513_p2                 |         +|   0|  0|  15|           8|           1|
    |add_ln582_1_fu_689_p2               |         +|   0|  0|  71|          64|          64|
    |add_ln582_2_fu_704_p2               |         +|   0|  0|  71|          64|          64|
    |add_ln582_3_fu_764_p2               |         +|   0|  0|  13|           6|           1|
    |add_ln582_fu_629_p2                 |         +|   0|  0|  10|           3|           1|
    |add_ln584_fu_730_p2                 |         +|   0|  0|  10|           3|           1|
    |empty_fu_362_p2                     |         +|   0|  0|  21|          14|          14|
    |p_mid1_fu_645_p2                    |         +|   0|  0|  21|          14|          14|
    |tmp2_fu_331_p2                      |         +|   0|  0|  17|          10|          10|
    |tmp2_mid1_fu_542_p2                 |         +|   0|  0|  17|          10|          10|
    |empty_143_fu_380_p2                 |         -|   0|  0|  24|          17|          17|
    |p_mid111_fu_663_p2                  |         -|   0|  0|  24|          17|          17|
    |p_mid135_fu_590_p2                  |         -|   0|  0|  24|          17|          17|
    |p_mid198_fu_465_p2                  |         -|   0|  0|  24|          17|          17|
    |tmp3_fu_352_p2                      |         -|   0|  0|  21|          14|          14|
    |tmp3_mid186_fu_440_p2               |         -|   0|  0|  21|          14|          14|
    |tmp3_mid1_fu_564_p2                 |         -|   0|  0|  21|          14|          14|
    |and_ln580_1_fu_501_p2               |       and|   0|  0|   2|           1|           1|
    |and_ln580_2_fu_615_p2               |       and|   0|  0|   2|           1|           1|
    |and_ln580_fu_489_p2                 |       and|   0|  0|   2|           1|           1|
    |ap_block_pp0_stage10_11001          |       and|   0|  0|   2|           1|           1|
    |ap_block_pp0_stage11_11001          |       and|   0|  0|   2|           1|           1|
    |ap_block_pp0_stage2_11001           |       and|   0|  0|   2|           1|           1|
    |ap_block_pp0_stage3_11001           |       and|   0|  0|   2|           1|           1|
    |ap_block_state11_pp0_stage10_iter0  |       and|   0|  0|   2|           1|           1|
    |ap_block_state12_io                 |       and|   0|  0|   2|           1|           1|
    |ap_block_state17_pp0_stage2_iter1   |       and|   0|  0|   2|           1|           1|
    |ap_predicate_op154_readreq_state4   |       and|   0|  0|   2|           1|           1|
    |icmp_ln578_fu_275_p2                |      icmp|   0|  0|  13|          16|          16|
    |icmp_ln580_fu_289_p2                |      icmp|   0|  0|  12|          14|          14|
    |icmp_ln582_fu_495_p2                |      icmp|   0|  0|  10|           6|           5|
    |icmp_ln584_1_fu_755_p2              |      icmp|   0|  0|   8|           3|           2|
    |icmp_ln584_fu_483_p2                |      icmp|   0|  0|   8|           3|           2|
    |ap_block_state4_io                  |        or|   0|  0|   2|           1|           1|
    |or_ln580_1_fu_519_p2                |        or|   0|  0|   2|           1|           1|
    |or_ln580_2_fu_532_p2                |        or|   0|  0|   2|           1|           1|
    |or_ln580_3_fu_610_p2                |        or|   0|  0|   2|           1|           1|
    |or_ln580_fu_399_p2                  |        or|   0|  0|   2|           1|           1|
    |or_ln582_fu_635_p2                  |        or|   0|  0|   2|           1|           1|
    |or_ln584_1_fu_742_p2                |        or|   0|  0|   2|           1|           1|
    |or_ln584_fu_736_p2                  |        or|   0|  0|   2|           1|           1|
    |select_ln578_fu_507_p3              |    select|   0|  0|   3|           1|           3|
    |select_ln580_1_fu_418_p3            |    select|   0|  0|  10|           1|          10|
    |select_ln580_2_fu_446_p3            |    select|   0|  0|  14|           1|          14|
    |select_ln580_3_fu_471_p3            |    select|   0|  0|  17|           1|          17|
    |select_ln580_4_fu_524_p3            |    select|   0|  0|   3|           1|           1|
    |select_ln580_5_fu_570_p3            |    select|   0|  0|  14|           1|          14|
    |select_ln580_6_fu_596_p3            |    select|   0|  0|  17|           1|          17|
    |select_ln580_7_fu_621_p3            |    select|   0|  0|   8|           1|           8|
    |select_ln580_8_fu_303_p3            |    select|   0|  0|  14|           1|           1|
    |select_ln580_fu_392_p3              |    select|   0|  0|   8|           1|           1|
    |select_ln582_1_fu_719_p3            |    select|   0|  0|   3|           1|           3|
    |select_ln582_2_fu_770_p3            |    select|   0|  0|   6|           1|           1|
    |select_ln582_fu_669_p3              |    select|   0|  0|  17|           1|          17|
    |select_ln584_fu_747_p3              |    select|   0|  0|   3|           1|           1|
    |ap_enable_pp0                       |       xor|   0|  0|   2|           1|           2|
    |xor_ln580_1_fu_604_p2               |       xor|   0|  0|   2|           1|           2|
    |xor_ln580_fu_478_p2                 |       xor|   0|  0|   2|           1|           2|
    +------------------------------------+----------+----+---+----+------------+------------+
    |Total                               |          |   0|  0| 711|         417|         465|
    +------------------------------------+----------+----+---+----+------------+------------+

    * Multiplexer: 
    +---------------------------------------+----+-----------+-----+-----------+
    |                  Name                 | LUT| Input Size| Bits| Total Bits|
    +---------------------------------------+----+-----------+-----+-----------+
    |ap_NS_fsm                              |  65|         15|    1|         15|
    |ap_done_int                            |   9|          2|    1|          2|
    |ap_enable_reg_pp0_iter0                |   9|          2|    1|          2|
    |ap_enable_reg_pp0_iter0_reg            |   9|          2|    1|          2|
    |ap_enable_reg_pp0_iter1                |   9|          2|    1|          2|
    |ap_phi_mux_first_iter_0_phi_fu_213_p4  |   9|          2|    1|          2|
    |c_fu_130                               |   9|          2|    8|         16|
    |gmem_blk_n_AR                          |   9|          2|    1|          2|
    |gmem_blk_n_AW                          |   9|          2|    1|          2|
    |gmem_blk_n_B                           |   9|          2|    1|          2|
    |gmem_blk_n_R                           |   9|          2|    1|          2|
    |gmem_blk_n_W                           |   9|          2|    1|          2|
    |h_fu_122                               |   9|          2|    3|          6|
    |indvar_flatten128_fu_142               |   9|          2|   16|         32|
    |indvar_flatten61_fu_134                |   9|          2|   14|         28|
    |indvar_flatten_fu_126                  |   9|          2|    6|         12|
    |n_fu_138                               |   9|          2|    3|          6|
    |w_fu_118                               |   9|          2|    3|          6|
    +---------------------------------------+----+-----------+-----+-----------+
    |Total                                  | 218|         49|   64|        141|
    +---------------------------------------+----+-----------+-----+-----------+

    * Register: 
    +----------------------------------+----+----+-----+-----------+
    |               Name               | FF | LUT| Bits| Const Bits|
    +----------------------------------+----+----+-----+-----------+
    |ap_CS_fsm                         |  14|   0|   14|          0|
    |ap_done_reg                       |   1|   0|    1|          0|
    |ap_enable_reg_pp0_iter0_reg       |   1|   0|    1|          0|
    |ap_enable_reg_pp0_iter1           |   1|   0|    1|          0|
    |c_fu_130                          |   8|   0|    8|          0|
    |first_iter_0_reg_208              |   1|   0|    1|          0|
    |gmem_addr_79_read_reg_977         |  32|   0|   32|          0|
    |h_fu_122                          |   3|   0|    3|          0|
    |icmp_ln578_reg_925                |   1|   0|    1|          0|
    |icmp_ln578_reg_925_pp0_iter1_reg  |   1|   0|    1|          0|
    |icmp_ln580_reg_929                |   1|   0|    1|          0|
    |icmp_ln584_1_reg_957              |   1|   0|    1|          0|
    |indvar_flatten128_fu_142          |  16|   0|   16|          0|
    |indvar_flatten61_fu_134           |  14|   0|   14|          0|
    |indvar_flatten_fu_126             |   6|   0|    6|          0|
    |mul_ln580_reg_919                 |  10|   0|   10|          0|
    |n_2_reg_913                       |   3|   0|    3|          0|
    |n_fu_138                          |   3|   0|    3|          0|
    |or_ln582_reg_943                  |   1|   0|    1|          0|
    |sext_ln584_1_mid2_v_reg_952       |  62|   0|   62|          0|
    |sext_ln584_mid2_v_reg_947         |  62|   0|   62|          0|
    |w_fu_118                          |   3|   0|    3|          0|
    |zext_ln580_cast_reg_907           |   8|   0|   10|          2|
    +----------------------------------+----+----+-----+-----------+
    |Total                             | 253|   0|  255|          2|
    +----------------------------------+----+----+-----+-----------+



================================================================
== Interface
================================================================
* Summary: 
+---------------------+-----+-----+------------+----------------------------------------+--------------+
|      RTL Ports      | Dir | Bits|  Protocol  |              Source Object             |    C Type    |
+---------------------+-----+-----+------------+----------------------------------------+--------------+
|ap_clk               |   in|    1|  ap_ctrl_hs|  compute_skip_Pipeline_VITIS_LOOP_584_3|  return value|
|ap_rst               |   in|    1|  ap_ctrl_hs|  compute_skip_Pipeline_VITIS_LOOP_584_3|  return value|
|ap_start             |   in|    1|  ap_ctrl_hs|  compute_skip_Pipeline_VITIS_LOOP_584_3|  return value|
|ap_done              |  out|    1|  ap_ctrl_hs|  compute_skip_Pipeline_VITIS_LOOP_584_3|  return value|
|ap_idle              |  out|    1|  ap_ctrl_hs|  compute_skip_Pipeline_VITIS_LOOP_584_3|  return value|
|ap_ready             |  out|    1|  ap_ctrl_hs|  compute_skip_Pipeline_VITIS_LOOP_584_3|  return value|
|m_axi_gmem_AWVALID   |  out|    1|       m_axi|                                    gmem|       pointer|
|m_axi_gmem_AWREADY   |   in|    1|       m_axi|                                    gmem|       pointer|
|m_axi_gmem_AWADDR    |  out|   64|       m_axi|                                    gmem|       pointer|
|m_axi_gmem_AWID      |  out|    1|       m_axi|                                    gmem|       pointer|
|m_axi_gmem_AWLEN     |  out|   32|       m_axi|                                    gmem|       pointer|
|m_axi_gmem_AWSIZE    |  out|    3|       m_axi|                                    gmem|       pointer|
|m_axi_gmem_AWBURST   |  out|    2|       m_axi|                                    gmem|       pointer|
|m_axi_gmem_AWLOCK    |  out|    2|       m_axi|                                    gmem|       pointer|
|m_axi_gmem_AWCACHE   |  out|    4|       m_axi|                                    gmem|       pointer|
|m_axi_gmem_AWPROT    |  out|    3|       m_axi|                                    gmem|       pointer|
|m_axi_gmem_AWQOS     |  out|    4|       m_axi|                                    gmem|       pointer|
|m_axi_gmem_AWREGION  |  out|    4|       m_axi|                                    gmem|       pointer|
|m_axi_gmem_AWUSER    |  out|    1|       m_axi|                                    gmem|       pointer|
|m_axi_gmem_WVALID    |  out|    1|       m_axi|                                    gmem|       pointer|
|m_axi_gmem_WREADY    |   in|    1|       m_axi|                                    gmem|       pointer|
|m_axi_gmem_WDATA     |  out|   32|       m_axi|                                    gmem|       pointer|
|m_axi_gmem_WSTRB     |  out|    4|       m_axi|                                    gmem|       pointer|
|m_axi_gmem_WLAST     |  out|    1|       m_axi|                                    gmem|       pointer|
|m_axi_gmem_WID       |  out|    1|       m_axi|                                    gmem|       pointer|
|m_axi_gmem_WUSER     |  out|    1|       m_axi|                                    gmem|       pointer|
|m_axi_gmem_ARVALID   |  out|    1|       m_axi|                                    gmem|       pointer|
|m_axi_gmem_ARREADY   |   in|    1|       m_axi|                                    gmem|       pointer|
|m_axi_gmem_ARADDR    |  out|   64|       m_axi|                                    gmem|       pointer|
|m_axi_gmem_ARID      |  out|    1|       m_axi|                                    gmem|       pointer|
|m_axi_gmem_ARLEN     |  out|   32|       m_axi|                                    gmem|       pointer|
|m_axi_gmem_ARSIZE    |  out|    3|       m_axi|                                    gmem|       pointer|
|m_axi_gmem_ARBURST   |  out|    2|       m_axi|                                    gmem|       pointer|
|m_axi_gmem_ARLOCK    |  out|    2|       m_axi|                                    gmem|       pointer|
|m_axi_gmem_ARCACHE   |  out|    4|       m_axi|                                    gmem|       pointer|
|m_axi_gmem_ARPROT    |  out|    3|       m_axi|                                    gmem|       pointer|
|m_axi_gmem_ARQOS     |  out|    4|       m_axi|                                    gmem|       pointer|
|m_axi_gmem_ARREGION  |  out|    4|       m_axi|                                    gmem|       pointer|
|m_axi_gmem_ARUSER    |  out|    1|       m_axi|                                    gmem|       pointer|
|m_axi_gmem_RVALID    |   in|    1|       m_axi|                                    gmem|       pointer|
|m_axi_gmem_RREADY    |  out|    1|       m_axi|                                    gmem|       pointer|
|m_axi_gmem_RDATA     |   in|   32|       m_axi|                                    gmem|       pointer|
|m_axi_gmem_RLAST     |   in|    1|       m_axi|                                    gmem|       pointer|
|m_axi_gmem_RID       |   in|    1|       m_axi|                                    gmem|       pointer|
|m_axi_gmem_RFIFONUM  |   in|    9|       m_axi|                                    gmem|       pointer|
|m_axi_gmem_RUSER     |   in|    1|       m_axi|                                    gmem|       pointer|
|m_axi_gmem_RRESP     |   in|    2|       m_axi|                                    gmem|       pointer|
|m_axi_gmem_BVALID    |   in|    1|       m_axi|                                    gmem|       pointer|
|m_axi_gmem_BREADY    |  out|    1|       m_axi|                                    gmem|       pointer|
|m_axi_gmem_BRESP     |   in|    2|       m_axi|                                    gmem|       pointer|
|m_axi_gmem_BID       |   in|    1|       m_axi|                                    gmem|       pointer|
|m_axi_gmem_BUSER     |   in|    1|       m_axi|                                    gmem|       pointer|
|zext_ln580           |   in|    8|     ap_none|                              zext_ln580|        scalar|
|bound66              |   in|   16|     ap_none|                                 bound66|        scalar|
|bound21              |   in|   14|     ap_none|                                 bound21|        scalar|
|afterAct             |   in|   64|     ap_none|                                afterAct|        scalar|
|buffer_result        |   in|   64|     ap_none|                           buffer_result|        scalar|
+---------------------+-----+-----+------------+----------------------------------------+--------------+

