

================================================================
== Vitis HLS Report for 'kernel_attention_Pipeline_VITIS_LOOP_511_1_VITIS_LOOP_515_3_VITIS_LOOP_517_4'
================================================================
* Date:           Thu Oct 19 11:51:04 2023

* Version:        2022.1 (Build 3526262 on Mon Apr 18 15:47:01 MDT 2022)
* Project:        proj_kernel_attention
* Solution:       solution1 (Vivado IP Flow Target)
* Product family: virtexuplus
* Target device:  xcu250-figd2104-2L-e


================================================================
== Performance Estimates
================================================================
+ Timing: 
    * Summary: 
    +--------+----------+-----------+------------+
    |  Clock |  Target  | Estimated | Uncertainty|
    +--------+----------+-----------+------------+
    |ap_clk  |  50.00 ns|  36.500 ns|    13.50 ns|
    +--------+----------+-----------+------------+

+ Latency: 
    * Summary: 
    +---------+---------+----------+----------+-------+-------+---------+
    |  Latency (cycles) |  Latency (absolute) |    Interval   | Pipeline|
    |   min   |   max   |    min   |    max   |  min  |  max  |   Type  |
    +---------+---------+----------+----------+-------+-------+---------+
    |    47051|    47051|  2.353 ms|  2.353 ms|  47051|  47051|       no|
    +---------+---------+----------+----------+-------+-------+---------+

    + Detail: 
        * Instance: 
        N/A

        * Loop: 
        +------------------------------------------------------+---------+---------+----------+-----------+-----------+-------+----------+
        |                                                      |  Latency (cycles) | Iteration|  Initiation Interval  |  Trip |          |
        |                       Loop Name                      |   min   |   max   |  Latency |  achieved |   target  | Count | Pipelined|
        +------------------------------------------------------+---------+---------+----------+-----------+-----------+-------+----------+
        |- VITIS_LOOP_511_1_VITIS_LOOP_515_3_VITIS_LOOP_517_4  |    47049|    47049|        11|          1|          1|  47040|       yes|
        +------------------------------------------------------+---------+---------+----------+-----------+-----------+-------+----------+



================================================================
== Utilization Estimates
================================================================
* Summary: 
+---------------------+---------+-------+---------+---------+------+
|         Name        | BRAM_18K|  DSP  |    FF   |   LUT   | URAM |
+---------------------+---------+-------+---------+---------+------+
|DSP                  |        -|      2|        -|        -|     -|
|Expression           |        -|      -|        0|      481|     -|
|FIFO                 |        -|      -|        -|        -|     -|
|Instance             |        -|      0|        0|        4|     -|
|Memory               |        -|      -|        -|        -|     -|
|Multiplexer          |        -|      -|        -|      126|     -|
|Register             |        -|      -|      640|      192|     -|
+---------------------+---------+-------+---------+---------+------+
|Total                |        0|      2|      640|      803|     0|
+---------------------+---------+-------+---------+---------+------+
|Available SLR        |     1344|   3072|   864000|   432000|   320|
+---------------------+---------+-------+---------+---------+------+
|Utilization SLR (%)  |        0|     ~0|       ~0|       ~0|     0|
+---------------------+---------+-------+---------+---------+------+
|Available            |     5376|  12288|  3456000|  1728000|  1280|
+---------------------+---------+-------+---------+---------+------+
|Utilization (%)      |        0|     ~0|       ~0|       ~0|     0|
+---------------------+---------+-------+---------+---------+------+

+ Detail: 
    * Instance: 
    +----------------------------------+-----------------------------+---------+----+---+----+-----+
    |             Instance             |            Module           | BRAM_18K| DSP| FF| LUT| URAM|
    +----------------------------------+-----------------------------+---------+----+---+----+-----+
    |fcmp_32ns_32ns_1_1_no_dsp_1_U175  |fcmp_32ns_32ns_1_1_no_dsp_1  |        0|   0|  0|   0|    0|
    |mul_3ns_15ns_16_1_1_U176          |mul_3ns_15ns_16_1_1          |        0|   0|  0|   2|    0|
    |mul_3ns_15ns_16_1_1_U177          |mul_3ns_15ns_16_1_1          |        0|   0|  0|   2|    0|
    +----------------------------------+-----------------------------+---------+----+---+----+-----+
    |Total                             |                             |        0|   0|  0|   4|    0|
    +----------------------------------+-----------------------------+---------+----+---+----+-----+

    * DSP: 
    +-------------------------------------+--------------------------------+--------------+
    |               Instance              |             Module             |  Expression  |
    +-------------------------------------+--------------------------------+--------------+
    |mac_muladd_8ns_6ns_16ns_16_4_1_U178  |mac_muladd_8ns_6ns_16ns_16_4_1  |  i0 * i1 + i2|
    |mac_muladd_8ns_6ns_16ns_16_4_1_U179  |mac_muladd_8ns_6ns_16ns_16_4_1  |  i0 * i1 + i2|
    +-------------------------------------+--------------------------------+--------------+

    * Memory: 
    N/A

    * FIFO: 
    N/A

    * Expression: 
    +----------------------------------+----------+----+---+----+------------+------------+
    |           Variable Name          | Operation| DSP| FF| LUT| Bitwidth P0| Bitwidth P1|
    +----------------------------------+----------+----+---+----+------------+------------+
    |add_ln511_1_fu_370_p2             |         +|   0|  0|  10|           3|           1|
    |add_ln511_fu_241_p2               |         +|   0|  0|  23|          16|           1|
    |add_ln513_1_fu_323_p2             |         +|   0|  0|  21|          14|           1|
    |add_ln513_fu_285_p2               |         +|   0|  0|  15|           8|           1|
    |add_ln515_1_fu_309_p2             |         +|   0|  0|  13|           6|           1|
    |add_ln515_fu_495_p2               |         +|   0|  0|  10|           3|           1|
    |add_ln517_fu_628_p2               |         +|   0|  0|  10|           3|           1|
    |add_ln520_1_fu_585_p2             |         +|   0|  0|  24|          17|          17|
    |add_ln520_2_fu_575_p2             |         +|   0|  0|  14|           7|           7|
    |add_ln520_fu_603_p2               |         +|   0|  0|  71|          64|          64|
    |empty_96_fu_430_p2                |         -|   0|  0|  14|           7|           7|
    |p_mid13052_fu_535_p2              |         -|   0|  0|  14|           7|           7|
    |and_ln513_1_fu_279_p2             |       and|   0|  0|   2|           1|           1|
    |and_ln513_2_fu_489_p2             |       and|   0|  0|   2|           1|           1|
    |and_ln513_fu_450_p2               |       and|   0|  0|   2|           1|           1|
    |and_ln519_fu_664_p2               |       and|   0|  0|   2|           1|           1|
    |ap_block_state5_pp0_stage0_iter4  |       and|   0|  0|   2|           1|           1|
    |icmp_ln511_fu_235_p2              |      icmp|   0|  0|  13|          16|          16|
    |icmp_ln513_fu_253_p2              |      icmp|   0|  0|  12|          14|          14|
    |icmp_ln515_fu_273_p2              |      icmp|   0|  0|  10|           6|           5|
    |icmp_ln517_fu_444_p2              |      icmp|   0|  0|   8|           3|           2|
    |icmp_ln519_1_fu_653_p2            |      icmp|   0|  0|  16|          23|           1|
    |icmp_ln519_fu_648_p2              |      icmp|   0|  0|  11|           8|           2|
    |ap_block_pp0_stage0_00001         |        or|   0|  0|   2|           1|           1|
    |ap_block_pp0_stage0_11001         |        or|   0|  0|   2|           1|           1|
    |or_ln513_1_fu_484_p2              |        or|   0|  0|   2|           1|           1|
    |or_ln513_fu_291_p2                |        or|   0|  0|   2|           1|           1|
    |or_ln515_1_fu_506_p2              |        or|   0|  0|   2|           1|           1|
    |or_ln515_fu_501_p2                |        or|   0|  0|   2|           1|           1|
    |or_ln519_fu_658_p2                |        or|   0|  0|   2|           1|           1|
    |grp_fu_686_p2                     |    select|   0|  0|  16|           1|          16|
    |select_ln511_fu_393_p3            |    select|   0|  0|   3|           1|           3|
    |select_ln513_2_fu_439_p3          |    select|   0|  0|  16|           1|          16|
    |select_ln513_3_fu_455_p3          |    select|   0|  0|   3|           1|           1|
    |select_ln513_4_fu_462_p3          |    select|   0|  0|  16|           1|          16|
    |select_ln513_5_fu_472_p3          |    select|   0|  0|   7|           1|           1|
    |select_ln513_6_fu_301_p3          |    select|   0|  0|   8|           1|           8|
    |select_ln513_7_fu_329_p3          |    select|   0|  0|  14|           1|           1|
    |select_ln513_fu_259_p3            |    select|   0|  0|   8|           1|           1|
    |select_ln515_1_fu_541_p3          |    select|   0|  0|   7|           1|           7|
    |select_ln515_2_fu_549_p3          |    select|   0|  0|   3|           1|           3|
    |select_ln515_3_fu_315_p3          |    select|   0|  0|   6|           1|           1|
    |select_ln515_fu_511_p3            |    select|   0|  0|   3|           1|           1|
    |select_ln519_fu_670_p3            |    select|   0|  0|  32|           1|           1|
    |ap_enable_pp0                     |       xor|   0|  0|   2|           1|           2|
    |xor_ln513_1_fu_479_p2             |       xor|   0|  0|   2|           1|           2|
    |xor_ln513_fu_267_p2               |       xor|   0|  0|   2|           1|           2|
    +----------------------------------+----------+----+---+----+------------+------------+
    |Total                             |          |   0|  0| 481|         254|         243|
    +----------------------------------+----------+----+---+----+------------+------------+

    * Multiplexer: 
    +---------------------------+----+-----------+-----+-----------+
    |            Name           | LUT| Input Size| Bits| Total Bits|
    +---------------------------+----+-----------+-----+-----------+
    |ap_done_int                |   9|          2|    1|          2|
    |ap_enable_reg_pp0_iter1    |   9|          2|    1|          2|
    |ap_enable_reg_pp0_iter5    |   9|          2|    1|          2|
    |c_fu_132                   |   9|          2|    8|         16|
    |gmem_blk_n_AW              |   9|          2|    1|          2|
    |gmem_blk_n_B               |   9|          2|    1|          2|
    |gmem_blk_n_R               |   9|          2|    1|          2|
    |gmem_blk_n_W               |   9|          2|    1|          2|
    |h_fu_124                   |   9|          2|    3|          6|
    |indvar_flatten3054_fu_128  |   9|          2|    6|         12|
    |indvar_flatten3082_fu_136  |   9|          2|   14|         28|
    |indvar_flatten3122_fu_144  |   9|          2|   16|         32|
    |n_fu_140                   |   9|          2|    3|          6|
    |w_fu_120                   |   9|          2|    3|          6|
    +---------------------------+----+-----------+-----+-----------+
    |Total                      | 126|         28|   60|        120|
    +---------------------------+----+-----------+-----+-----------+

    * Register: 
    +-----------------------------------+----+----+-----+-----------+
    |                Name               | FF | LUT| Bits| Const Bits|
    +-----------------------------------+----+----+-----+-----------+
    |and_ln513_1_reg_782                |   1|   0|    1|          0|
    |ap_CS_fsm                          |   1|   0|    1|          0|
    |ap_done_reg                        |   1|   0|    1|          0|
    |ap_enable_reg_pp0_iter1            |   1|   0|    1|          0|
    |ap_enable_reg_pp0_iter10           |   1|   0|    1|          0|
    |ap_enable_reg_pp0_iter11           |   1|   0|    1|          0|
    |ap_enable_reg_pp0_iter2            |   1|   0|    1|          0|
    |ap_enable_reg_pp0_iter3            |   1|   0|    1|          0|
    |ap_enable_reg_pp0_iter4            |   1|   0|    1|          0|
    |ap_enable_reg_pp0_iter5            |   1|   0|    1|          0|
    |ap_enable_reg_pp0_iter6            |   1|   0|    1|          0|
    |ap_enable_reg_pp0_iter7            |   1|   0|    1|          0|
    |ap_enable_reg_pp0_iter8            |   1|   0|    1|          0|
    |ap_enable_reg_pp0_iter9            |   1|   0|    1|          0|
    |ap_loop_exit_ready_pp0_iter10_reg  |   1|   0|    1|          0|
    |ap_loop_exit_ready_pp0_iter2_reg   |   1|   0|    1|          0|
    |ap_loop_exit_ready_pp0_iter3_reg   |   1|   0|    1|          0|
    |ap_loop_exit_ready_pp0_iter4_reg   |   1|   0|    1|          0|
    |ap_loop_exit_ready_pp0_iter5_reg   |   1|   0|    1|          0|
    |ap_loop_exit_ready_pp0_iter6_reg   |   1|   0|    1|          0|
    |ap_loop_exit_ready_pp0_iter7_reg   |   1|   0|    1|          0|
    |ap_loop_exit_ready_pp0_iter8_reg   |   1|   0|    1|          0|
    |ap_loop_exit_ready_pp0_iter9_reg   |   1|   0|    1|          0|
    |c_fu_132                           |   8|   0|    8|          0|
    |gmem_addr_16_reg_830               |  64|   0|   64|          0|
    |gmem_addr_read_reg_814             |  32|   0|   32|          0|
    |h_fu_124                           |   3|   0|    3|          0|
    |icmp_ln511_reg_759                 |   1|   0|    1|          0|
    |icmp_ln513_reg_763                 |   1|   0|    1|          0|
    |icmp_ln515_reg_777                 |   1|   0|    1|          0|
    |indvar_flatten3054_fu_128          |   6|   0|    6|          0|
    |indvar_flatten3082_fu_136          |  14|   0|   14|          0|
    |indvar_flatten3122_fu_144          |  16|   0|   16|          0|
    |mul_ln513_1_reg_804                |  16|   0|   16|          0|
    |n_fu_140                           |   3|   0|    3|          0|
    |or_ln513_reg_788                   |   1|   0|    1|          0|
    |select_ln519_reg_836               |  32|   0|   32|          0|
    |tmp_5_reg_820                      |   8|   0|    8|          0|
    |trunc_ln519_reg_825                |  23|   0|   23|          0|
    |w_fu_120                           |   3|   0|    3|          0|
    |xor_ln513_reg_772                  |   1|   0|    1|          0|
    |and_ln513_1_reg_782                |  64|  32|    1|          0|
    |icmp_ln511_reg_759                 |  64|  32|    1|          0|
    |icmp_ln513_reg_763                 |  64|  32|    1|          0|
    |icmp_ln515_reg_777                 |  64|  32|    1|          0|
    |or_ln513_reg_788                   |  64|  32|    1|          0|
    |xor_ln513_reg_772                  |  64|  32|    1|          0|
    +-----------------------------------+----+----+-----+-----------+
    |Total                              | 640| 192|  262|          0|
    +-----------------------------------+----+----+-----+-----------+



================================================================
== Interface
================================================================
* Summary: 
+---------------------+-----+-----+------------+------------------------------------------------------------------------------+--------------+
|      RTL Ports      | Dir | Bits|  Protocol  |                                 Source Object                                |    C Type    |
+---------------------+-----+-----+------------+------------------------------------------------------------------------------+--------------+
|ap_clk               |   in|    1|  ap_ctrl_hs|  kernel_attention_Pipeline_VITIS_LOOP_511_1_VITIS_LOOP_515_3_VITIS_LOOP_517_4|  return value|
|ap_rst               |   in|    1|  ap_ctrl_hs|  kernel_attention_Pipeline_VITIS_LOOP_511_1_VITIS_LOOP_515_3_VITIS_LOOP_517_4|  return value|
|ap_start             |   in|    1|  ap_ctrl_hs|  kernel_attention_Pipeline_VITIS_LOOP_511_1_VITIS_LOOP_515_3_VITIS_LOOP_517_4|  return value|
|ap_done              |  out|    1|  ap_ctrl_hs|  kernel_attention_Pipeline_VITIS_LOOP_511_1_VITIS_LOOP_515_3_VITIS_LOOP_517_4|  return value|
|ap_idle              |  out|    1|  ap_ctrl_hs|  kernel_attention_Pipeline_VITIS_LOOP_511_1_VITIS_LOOP_515_3_VITIS_LOOP_517_4|  return value|
|ap_ready             |  out|    1|  ap_ctrl_hs|  kernel_attention_Pipeline_VITIS_LOOP_511_1_VITIS_LOOP_515_3_VITIS_LOOP_517_4|  return value|
|m_axi_gmem_AWVALID   |  out|    1|       m_axi|                                                                          gmem|       pointer|
|m_axi_gmem_AWREADY   |   in|    1|       m_axi|                                                                          gmem|       pointer|
|m_axi_gmem_AWADDR    |  out|   64|       m_axi|                                                                          gmem|       pointer|
|m_axi_gmem_AWID      |  out|    1|       m_axi|                                                                          gmem|       pointer|
|m_axi_gmem_AWLEN     |  out|   32|       m_axi|                                                                          gmem|       pointer|
|m_axi_gmem_AWSIZE    |  out|    3|       m_axi|                                                                          gmem|       pointer|
|m_axi_gmem_AWBURST   |  out|    2|       m_axi|                                                                          gmem|       pointer|
|m_axi_gmem_AWLOCK    |  out|    2|       m_axi|                                                                          gmem|       pointer|
|m_axi_gmem_AWCACHE   |  out|    4|       m_axi|                                                                          gmem|       pointer|
|m_axi_gmem_AWPROT    |  out|    3|       m_axi|                                                                          gmem|       pointer|
|m_axi_gmem_AWQOS     |  out|    4|       m_axi|                                                                          gmem|       pointer|
|m_axi_gmem_AWREGION  |  out|    4|       m_axi|                                                                          gmem|       pointer|
|m_axi_gmem_AWUSER    |  out|    1|       m_axi|                                                                          gmem|       pointer|
|m_axi_gmem_WVALID    |  out|    1|       m_axi|                                                                          gmem|       pointer|
|m_axi_gmem_WREADY    |   in|    1|       m_axi|                                                                          gmem|       pointer|
|m_axi_gmem_WDATA     |  out|   32|       m_axi|                                                                          gmem|       pointer|
|m_axi_gmem_WSTRB     |  out|    4|       m_axi|                                                                          gmem|       pointer|
|m_axi_gmem_WLAST     |  out|    1|       m_axi|                                                                          gmem|       pointer|
|m_axi_gmem_WID       |  out|    1|       m_axi|                                                                          gmem|       pointer|
|m_axi_gmem_WUSER     |  out|    1|       m_axi|                                                                          gmem|       pointer|
|m_axi_gmem_ARVALID   |  out|    1|       m_axi|                                                                          gmem|       pointer|
|m_axi_gmem_ARREADY   |   in|    1|       m_axi|                                                                          gmem|       pointer|
|m_axi_gmem_ARADDR    |  out|   64|       m_axi|                                                                          gmem|       pointer|
|m_axi_gmem_ARID      |  out|    1|       m_axi|                                                                          gmem|       pointer|
|m_axi_gmem_ARLEN     |  out|   32|       m_axi|                                                                          gmem|       pointer|
|m_axi_gmem_ARSIZE    |  out|    3|       m_axi|                                                                          gmem|       pointer|
|m_axi_gmem_ARBURST   |  out|    2|       m_axi|                                                                          gmem|       pointer|
|m_axi_gmem_ARLOCK    |  out|    2|       m_axi|                                                                          gmem|       pointer|
|m_axi_gmem_ARCACHE   |  out|    4|       m_axi|                                                                          gmem|       pointer|
|m_axi_gmem_ARPROT    |  out|    3|       m_axi|                                                                          gmem|       pointer|
|m_axi_gmem_ARQOS     |  out|    4|       m_axi|                                                                          gmem|       pointer|
|m_axi_gmem_ARREGION  |  out|    4|       m_axi|                                                                          gmem|       pointer|
|m_axi_gmem_ARUSER    |  out|    1|       m_axi|                                                                          gmem|       pointer|
|m_axi_gmem_RVALID    |   in|    1|       m_axi|                                                                          gmem|       pointer|
|m_axi_gmem_RREADY    |  out|    1|       m_axi|                                                                          gmem|       pointer|
|m_axi_gmem_RDATA     |   in|   32|       m_axi|                                                                          gmem|       pointer|
|m_axi_gmem_RLAST     |   in|    1|       m_axi|                                                                          gmem|       pointer|
|m_axi_gmem_RID       |   in|    1|       m_axi|                                                                          gmem|       pointer|
|m_axi_gmem_RFIFONUM  |   in|    9|       m_axi|                                                                          gmem|       pointer|
|m_axi_gmem_RUSER     |   in|    1|       m_axi|                                                                          gmem|       pointer|
|m_axi_gmem_RRESP     |   in|    2|       m_axi|                                                                          gmem|       pointer|
|m_axi_gmem_BVALID    |   in|    1|       m_axi|                                                                          gmem|       pointer|
|m_axi_gmem_BREADY    |  out|    1|       m_axi|                                                                          gmem|       pointer|
|m_axi_gmem_BRESP     |   in|    2|       m_axi|                                                                          gmem|       pointer|
|m_axi_gmem_BID       |   in|    1|       m_axi|                                                                          gmem|       pointer|
|m_axi_gmem_BUSER     |   in|    1|       m_axi|                                                                          gmem|       pointer|
|sext_ln511           |   in|   62|     ap_none|                                                                    sext_ln511|        scalar|
|afterAct2            |   in|   64|     ap_none|                                                                     afterAct2|        scalar|
+---------------------+-----+-----+------------+------------------------------------------------------------------------------+--------------+

