

================================================================
== Vitis HLS Report for 'kernel_attention_Pipeline_VITIS_LOOP_17_2_VITIS_LOOP_18_3_VITIS_LOOP_19_4'
================================================================
* Date:           Thu Oct 19 11:50:54 2023

* Version:        2022.1 (Build 3526262 on Mon Apr 18 15:47:01 MDT 2022)
* Project:        proj_kernel_attention
* Solution:       solution1 (Vivado IP Flow Target)
* Product family: virtexuplus
* Target device:  xcu250-figd2104-2L-e


================================================================
== Performance Estimates
================================================================
+ Timing: 
    * Summary: 
    +--------+----------+-----------+------------+
    |  Clock |  Target  | Estimated | Uncertainty|
    +--------+----------+-----------+------------+
    |ap_clk  |  50.00 ns|  36.500 ns|    13.50 ns|
    +--------+----------+-----------+------------+

+ Latency: 
    * Summary: 
    +---------+---------+----------+----------+-------+-------+---------+
    |  Latency (cycles) |  Latency (absolute) |    Interval   | Pipeline|
    |   min   |   max   |    min   |    max   |  min  |  max  |   Type  |
    +---------+---------+----------+----------+-------+-------+---------+
    |    15683|    15683|  0.784 ms|  0.784 ms|  15683|  15683|       no|
    +---------+---------+----------+----------+-------+-------+---------+

    + Detail: 
        * Instance: 
        N/A

        * Loop: 
        +---------------------------------------------------+---------+---------+----------+-----------+-----------+-------+----------+
        |                                                   |  Latency (cycles) | Iteration|  Initiation Interval  |  Trip |          |
        |                     Loop Name                     |   min   |   max   |  Latency |  achieved |   target  | Count | Pipelined|
        +---------------------------------------------------+---------+---------+----------+-----------+-----------+-------+----------+
        |- VITIS_LOOP_17_2_VITIS_LOOP_18_3_VITIS_LOOP_19_4  |    15681|    15681|         3|          1|          1|  15680|       yes|
        +---------------------------------------------------+---------+---------+----------+-----------+-----------+-------+----------+



================================================================
== Utilization Estimates
================================================================
* Summary: 
+---------------------+---------+-------+---------+---------+------+
|         Name        | BRAM_18K|  DSP  |    FF   |   LUT   | URAM |
+---------------------+---------+-------+---------+---------+------+
|DSP                  |        -|      -|        -|        -|     -|
|Expression           |        -|      -|        0|       41|     -|
|FIFO                 |        -|      -|        -|        -|     -|
|Instance             |        -|      -|        -|        -|     -|
|Memory               |        -|      -|        -|        -|     -|
|Multiplexer          |        -|      -|        -|       54|     -|
|Register             |        -|      -|       52|        -|     -|
+---------------------+---------+-------+---------+---------+------+
|Total                |        0|      0|       52|       95|     0|
+---------------------+---------+-------+---------+---------+------+
|Available SLR        |     1344|   3072|   864000|   432000|   320|
+---------------------+---------+-------+---------+---------+------+
|Utilization SLR (%)  |        0|      0|       ~0|       ~0|     0|
+---------------------+---------+-------+---------+---------+------+
|Available            |     5376|  12288|  3456000|  1728000|  1280|
+---------------------+---------+-------+---------+---------+------+
|Utilization (%)      |        0|      0|       ~0|       ~0|     0|
+---------------------+---------+-------+---------+---------+------+

+ Detail: 
    * Instance: 
    N/A

    * DSP: 
    N/A

    * Memory: 
    N/A

    * FIFO: 
    N/A

    * Expression: 
    +----------------------------------+----------+----+---+----+------------+------------+
    |           Variable Name          | Operation| DSP| FF| LUT| Bitwidth P0| Bitwidth P1|
    +----------------------------------+----------+----+---+----+------------+------------+
    |add_ln17_fu_115_p2                |         +|   0|  0|  21|          14|           1|
    |ap_block_pp0_stage0_01001         |       and|   0|  0|   2|           1|           1|
    |ap_block_state2_pp0_stage0_iter1  |       and|   0|  0|   2|           1|           1|
    |icmp_ln17_fu_109_p2               |      icmp|   0|  0|  12|          14|          11|
    |ap_block_pp0_stage0_11001         |        or|   0|  0|   2|           1|           1|
    |ap_enable_pp0                     |       xor|   0|  0|   2|           1|           2|
    +----------------------------------+----------+----+---+----+------------+------------+
    |Total                             |          |   0|  0|  41|          32|          17|
    +----------------------------------+----------+----+---+----+------------+------------+

    * Multiplexer: 
    +------------------------------------------+----+-----------+-----+-----------+
    |                   Name                   | LUT| Input Size| Bits| Total Bits|
    +------------------------------------------+----+-----------+-----+-----------+
    |ap_done_int                               |   9|          2|    1|          2|
    |ap_enable_reg_pp0_iter2                   |   9|          2|    1|          2|
    |ap_sig_allocacmp_indvar_flatten2242_load  |   9|          2|   14|         28|
    |gmem1_blk_n_R                             |   9|          2|    1|          2|
    |gmem_blk_n_W                              |   9|          2|    1|          2|
    |indvar_flatten2242_fu_64                  |   9|          2|   14|         28|
    +------------------------------------------+----+-----------+-----+-----------+
    |Total                                     |  54|         12|   32|         64|
    +------------------------------------------+----+-----------+-----+-----------+

    * Register: 
    +----------------------------------+----+----+-----+-----------+
    |               Name               | FF | LUT| Bits| Const Bits|
    +----------------------------------+----+----+-----+-----------+
    |ap_CS_fsm                         |   1|   0|    1|          0|
    |ap_done_reg                       |   1|   0|    1|          0|
    |ap_enable_reg_pp0_iter1           |   1|   0|    1|          0|
    |ap_enable_reg_pp0_iter2           |   1|   0|    1|          0|
    |ap_loop_exit_ready_pp0_iter1_reg  |   1|   0|    1|          0|
    |gmem1_addr_read_reg_163           |  32|   0|   32|          0|
    |icmp_ln17_reg_154                 |   1|   0|    1|          0|
    |indvar_flatten2242_fu_64          |  14|   0|   14|          0|
    +----------------------------------+----+----+-----+-----------+
    |Total                             |  52|   0|   52|          0|
    +----------------------------------+----+----+-----+-----------+



================================================================
== Interface
================================================================
* Summary: 
+----------------------+-----+-----+------------+---------------------------------------------------------------------------+--------------+
|       RTL Ports      | Dir | Bits|  Protocol  |                               Source Object                               |    C Type    |
+----------------------+-----+-----+------------+---------------------------------------------------------------------------+--------------+
|ap_clk                |   in|    1|  ap_ctrl_hs|  kernel_attention_Pipeline_VITIS_LOOP_17_2_VITIS_LOOP_18_3_VITIS_LOOP_19_4|  return value|
|ap_rst                |   in|    1|  ap_ctrl_hs|  kernel_attention_Pipeline_VITIS_LOOP_17_2_VITIS_LOOP_18_3_VITIS_LOOP_19_4|  return value|
|ap_start              |   in|    1|  ap_ctrl_hs|  kernel_attention_Pipeline_VITIS_LOOP_17_2_VITIS_LOOP_18_3_VITIS_LOOP_19_4|  return value|
|ap_done               |  out|    1|  ap_ctrl_hs|  kernel_attention_Pipeline_VITIS_LOOP_17_2_VITIS_LOOP_18_3_VITIS_LOOP_19_4|  return value|
|ap_idle               |  out|    1|  ap_ctrl_hs|  kernel_attention_Pipeline_VITIS_LOOP_17_2_VITIS_LOOP_18_3_VITIS_LOOP_19_4|  return value|
|ap_ready              |  out|    1|  ap_ctrl_hs|  kernel_attention_Pipeline_VITIS_LOOP_17_2_VITIS_LOOP_18_3_VITIS_LOOP_19_4|  return value|
|m_axi_gmem1_AWVALID   |  out|    1|       m_axi|                                                                      gmem1|       pointer|
|m_axi_gmem1_AWREADY   |   in|    1|       m_axi|                                                                      gmem1|       pointer|
|m_axi_gmem1_AWADDR    |  out|   64|       m_axi|                                                                      gmem1|       pointer|
|m_axi_gmem1_AWID      |  out|    1|       m_axi|                                                                      gmem1|       pointer|
|m_axi_gmem1_AWLEN     |  out|   32|       m_axi|                                                                      gmem1|       pointer|
|m_axi_gmem1_AWSIZE    |  out|    3|       m_axi|                                                                      gmem1|       pointer|
|m_axi_gmem1_AWBURST   |  out|    2|       m_axi|                                                                      gmem1|       pointer|
|m_axi_gmem1_AWLOCK    |  out|    2|       m_axi|                                                                      gmem1|       pointer|
|m_axi_gmem1_AWCACHE   |  out|    4|       m_axi|                                                                      gmem1|       pointer|
|m_axi_gmem1_AWPROT    |  out|    3|       m_axi|                                                                      gmem1|       pointer|
|m_axi_gmem1_AWQOS     |  out|    4|       m_axi|                                                                      gmem1|       pointer|
|m_axi_gmem1_AWREGION  |  out|    4|       m_axi|                                                                      gmem1|       pointer|
|m_axi_gmem1_AWUSER    |  out|    1|       m_axi|                                                                      gmem1|       pointer|
|m_axi_gmem1_WVALID    |  out|    1|       m_axi|                                                                      gmem1|       pointer|
|m_axi_gmem1_WREADY    |   in|    1|       m_axi|                                                                      gmem1|       pointer|
|m_axi_gmem1_WDATA     |  out|   32|       m_axi|                                                                      gmem1|       pointer|
|m_axi_gmem1_WSTRB     |  out|    4|       m_axi|                                                                      gmem1|       pointer|
|m_axi_gmem1_WLAST     |  out|    1|       m_axi|                                                                      gmem1|       pointer|
|m_axi_gmem1_WID       |  out|    1|       m_axi|                                                                      gmem1|       pointer|
|m_axi_gmem1_WUSER     |  out|    1|       m_axi|                                                                      gmem1|       pointer|
|m_axi_gmem1_ARVALID   |  out|    1|       m_axi|                                                                      gmem1|       pointer|
|m_axi_gmem1_ARREADY   |   in|    1|       m_axi|                                                                      gmem1|       pointer|
|m_axi_gmem1_ARADDR    |  out|   64|       m_axi|                                                                      gmem1|       pointer|
|m_axi_gmem1_ARID      |  out|    1|       m_axi|                                                                      gmem1|       pointer|
|m_axi_gmem1_ARLEN     |  out|   32|       m_axi|                                                                      gmem1|       pointer|
|m_axi_gmem1_ARSIZE    |  out|    3|       m_axi|                                                                      gmem1|       pointer|
|m_axi_gmem1_ARBURST   |  out|    2|       m_axi|                                                                      gmem1|       pointer|
|m_axi_gmem1_ARLOCK    |  out|    2|       m_axi|                                                                      gmem1|       pointer|
|m_axi_gmem1_ARCACHE   |  out|    4|       m_axi|                                                                      gmem1|       pointer|
|m_axi_gmem1_ARPROT    |  out|    3|       m_axi|                                                                      gmem1|       pointer|
|m_axi_gmem1_ARQOS     |  out|    4|       m_axi|                                                                      gmem1|       pointer|
|m_axi_gmem1_ARREGION  |  out|    4|       m_axi|                                                                      gmem1|       pointer|
|m_axi_gmem1_ARUSER    |  out|    1|       m_axi|                                                                      gmem1|       pointer|
|m_axi_gmem1_RVALID    |   in|    1|       m_axi|                                                                      gmem1|       pointer|
|m_axi_gmem1_RREADY    |  out|    1|       m_axi|                                                                      gmem1|       pointer|
|m_axi_gmem1_RDATA     |   in|   32|       m_axi|                                                                      gmem1|       pointer|
|m_axi_gmem1_RLAST     |   in|    1|       m_axi|                                                                      gmem1|       pointer|
|m_axi_gmem1_RID       |   in|    1|       m_axi|                                                                      gmem1|       pointer|
|m_axi_gmem1_RFIFONUM  |   in|    9|       m_axi|                                                                      gmem1|       pointer|
|m_axi_gmem1_RUSER     |   in|    1|       m_axi|                                                                      gmem1|       pointer|
|m_axi_gmem1_RRESP     |   in|    2|       m_axi|                                                                      gmem1|       pointer|
|m_axi_gmem1_BVALID    |   in|    1|       m_axi|                                                                      gmem1|       pointer|
|m_axi_gmem1_BREADY    |  out|    1|       m_axi|                                                                      gmem1|       pointer|
|m_axi_gmem1_BRESP     |   in|    2|       m_axi|                                                                      gmem1|       pointer|
|m_axi_gmem1_BID       |   in|    1|       m_axi|                                                                      gmem1|       pointer|
|m_axi_gmem1_BUSER     |   in|    1|       m_axi|                                                                      gmem1|       pointer|
|m_axi_gmem_AWVALID    |  out|    1|       m_axi|                                                                       gmem|       pointer|
|m_axi_gmem_AWREADY    |   in|    1|       m_axi|                                                                       gmem|       pointer|
|m_axi_gmem_AWADDR     |  out|   64|       m_axi|                                                                       gmem|       pointer|
|m_axi_gmem_AWID       |  out|    1|       m_axi|                                                                       gmem|       pointer|
|m_axi_gmem_AWLEN      |  out|   32|       m_axi|                                                                       gmem|       pointer|
|m_axi_gmem_AWSIZE     |  out|    3|       m_axi|                                                                       gmem|       pointer|
|m_axi_gmem_AWBURST    |  out|    2|       m_axi|                                                                       gmem|       pointer|
|m_axi_gmem_AWLOCK     |  out|    2|       m_axi|                                                                       gmem|       pointer|
|m_axi_gmem_AWCACHE    |  out|    4|       m_axi|                                                                       gmem|       pointer|
|m_axi_gmem_AWPROT     |  out|    3|       m_axi|                                                                       gmem|       pointer|
|m_axi_gmem_AWQOS      |  out|    4|       m_axi|                                                                       gmem|       pointer|
|m_axi_gmem_AWREGION   |  out|    4|       m_axi|                                                                       gmem|       pointer|
|m_axi_gmem_AWUSER     |  out|    1|       m_axi|                                                                       gmem|       pointer|
|m_axi_gmem_WVALID     |  out|    1|       m_axi|                                                                       gmem|       pointer|
|m_axi_gmem_WREADY     |   in|    1|       m_axi|                                                                       gmem|       pointer|
|m_axi_gmem_WDATA      |  out|   32|       m_axi|                                                                       gmem|       pointer|
|m_axi_gmem_WSTRB      |  out|    4|       m_axi|                                                                       gmem|       pointer|
|m_axi_gmem_WLAST      |  out|    1|       m_axi|                                                                       gmem|       pointer|
|m_axi_gmem_WID        |  out|    1|       m_axi|                                                                       gmem|       pointer|
|m_axi_gmem_WUSER      |  out|    1|       m_axi|                                                                       gmem|       pointer|
|m_axi_gmem_ARVALID    |  out|    1|       m_axi|                                                                       gmem|       pointer|
|m_axi_gmem_ARREADY    |   in|    1|       m_axi|                                                                       gmem|       pointer|
|m_axi_gmem_ARADDR     |  out|   64|       m_axi|                                                                       gmem|       pointer|
|m_axi_gmem_ARID       |  out|    1|       m_axi|                                                                       gmem|       pointer|
|m_axi_gmem_ARLEN      |  out|   32|       m_axi|                                                                       gmem|       pointer|
|m_axi_gmem_ARSIZE     |  out|    3|       m_axi|                                                                       gmem|       pointer|
|m_axi_gmem_ARBURST    |  out|    2|       m_axi|                                                                       gmem|       pointer|
|m_axi_gmem_ARLOCK     |  out|    2|       m_axi|                                                                       gmem|       pointer|
|m_axi_gmem_ARCACHE    |  out|    4|       m_axi|                                                                       gmem|       pointer|
|m_axi_gmem_ARPROT     |  out|    3|       m_axi|                                                                       gmem|       pointer|
|m_axi_gmem_ARQOS      |  out|    4|       m_axi|                                                                       gmem|       pointer|
|m_axi_gmem_ARREGION   |  out|    4|       m_axi|                                                                       gmem|       pointer|
|m_axi_gmem_ARUSER     |  out|    1|       m_axi|                                                                       gmem|       pointer|
|m_axi_gmem_RVALID     |   in|    1|       m_axi|                                                                       gmem|       pointer|
|m_axi_gmem_RREADY     |  out|    1|       m_axi|                                                                       gmem|       pointer|
|m_axi_gmem_RDATA      |   in|   32|       m_axi|                                                                       gmem|       pointer|
|m_axi_gmem_RLAST      |   in|    1|       m_axi|                                                                       gmem|       pointer|
|m_axi_gmem_RID        |   in|    1|       m_axi|                                                                       gmem|       pointer|
|m_axi_gmem_RFIFONUM   |   in|    9|       m_axi|                                                                       gmem|       pointer|
|m_axi_gmem_RUSER      |   in|    1|       m_axi|                                                                       gmem|       pointer|
|m_axi_gmem_RRESP      |   in|    2|       m_axi|                                                                       gmem|       pointer|
|m_axi_gmem_BVALID     |   in|    1|       m_axi|                                                                       gmem|       pointer|
|m_axi_gmem_BREADY     |  out|    1|       m_axi|                                                                       gmem|       pointer|
|m_axi_gmem_BRESP      |   in|    2|       m_axi|                                                                       gmem|       pointer|
|m_axi_gmem_BID        |   in|    1|       m_axi|                                                                       gmem|       pointer|
|m_axi_gmem_BUSER      |   in|    1|       m_axi|                                                                       gmem|       pointer|
|sext_ln17             |   in|   62|     ap_none|                                                                  sext_ln17|        scalar|
|sext_ln371_1          |   in|   62|     ap_none|                                                               sext_ln371_1|        scalar|
+----------------------+-----+-----+------------+---------------------------------------------------------------------------+--------------+

