

================================================================
== Vitis HLS Report for 'Pointwise_conv_2'
================================================================
* Date:           Sun Oct  8 16:17:51 2023

* Version:        2021.2 (Build 3367213 on Tue Oct 19 02:47:39 MDT 2021)
* Project:        proj_stage0_kernel
* Solution:       solution1 (Vivado IP Flow Target)
* Product family: virtexuplus
* Target device:  xcu250-figd2104-2L-e


================================================================
== Performance Estimates
================================================================
+ Timing: 
    * Summary: 
    +--------+----------+-----------+------------+
    |  Clock |  Target  | Estimated | Uncertainty|
    +--------+----------+-----------+------------+
    |ap_clk  |  15.00 ns|  10.950 ns|     4.05 ns|
    +--------+----------+-----------+------------+

+ Latency: 
    * Summary: 
    +---------+---------+-----------+-----------+---------+---------+---------+
    |  Latency (cycles) |   Latency (absolute)  |      Interval     | Pipeline|
    |   min   |   max   |    min    |    max    |   min   |   max   |   Type  |
    +---------+---------+-----------+-----------+---------+---------+---------+
    |  7225388|  7225388|  0.108 sec|  0.108 sec|  7225388|  7225388|       no|
    +---------+---------+-----------+-----------+---------+---------+---------+

    + Detail: 
        * Instance: 
        N/A

        * Loop: 
        +-------------------------------------+---------+---------+----------+-----------+-----------+--------+----------+
        |                                     |  Latency (cycles) | Iteration|  Initiation Interval  |  Trip  |          |
        |              Loop Name              |   min   |   max   |  Latency |  achieved |   target  |  Count | Pipelined|
        +-------------------------------------+---------+---------+----------+-----------+-----------+--------+----------+
        |- Out_Row_Out_Column_Output_Channel  |  7225386|  7225386|        67|         24|          1|  301056|       yes|
        +-------------------------------------+---------+---------+----------+-----------+-----------+--------+----------+



================================================================
== Utilization Estimates
================================================================
* Summary: 
+---------------------+---------+-------+---------+---------+------+
|         Name        | BRAM_18K|  DSP  |    FF   |   LUT   | URAM |
+---------------------+---------+-------+---------+---------+------+
|DSP                  |        -|      1|        -|        -|     -|
|Expression           |        -|      -|        0|    10175|     -|
|FIFO                 |        -|      -|        -|        -|     -|
|Instance             |        -|      -|        -|        -|     -|
|Memory               |        -|      -|        -|        -|     -|
|Multiplexer          |        -|      -|        -|      795|     -|
|Register             |        -|      -|     3729|       64|     -|
+---------------------+---------+-------+---------+---------+------+
|Total                |        0|      1|     3729|    11034|     0|
+---------------------+---------+-------+---------+---------+------+
|Available SLR        |     1344|   3072|   864000|   432000|   320|
+---------------------+---------+-------+---------+---------+------+
|Utilization SLR (%)  |        0|     ~0|       ~0|        2|     0|
+---------------------+---------+-------+---------+---------+------+
|Available            |     5376|  12288|  3456000|  1728000|  1280|
+---------------------+---------+-------+---------+---------+------+
|Utilization (%)      |        0|     ~0|       ~0|       ~0|     0|
+---------------------+---------+-------+---------+---------+------+

+ Detail: 
    * Instance: 
    N/A

    * DSP: 
    +-------------------------------------+--------------------------------+--------------+
    |               Instance              |             Module             |  Expression  |
    +-------------------------------------+--------------------------------+--------------+
    |mac_muladd_5ns_14ns_15s_20_4_1_U134  |mac_muladd_5ns_14ns_15s_20_4_1  |  i0 + i1 * i2|
    +-------------------------------------+--------------------------------+--------------+

    * Memory: 
    N/A

    * FIFO: 
    N/A

    * Expression: 
    +------------------------------------+----------+----+---+-----+------------+------------+
    |            Variable Name           | Operation| DSP| FF| LUT | Bitwidth P0| Bitwidth P1|
    +------------------------------------+----------+----+---+-----+------------+------------+
    |add_ln19_1_fu_757_p2                |         +|   0|  0|   14|           7|           1|
    |add_ln19_fu_725_p2                  |         +|   0|  0|   26|          19|           1|
    |add_ln22_1_fu_964_p2                |         +|   0|  0|   19|          12|           1|
    |add_ln22_fu_862_p2                  |         +|   0|  0|   14|           7|           1|
    |add_ln25_fu_958_p2                  |         +|   0|  0|   12|           5|           1|
    |add_ln30_100_fu_1226_p2             |         +|   0|  0|   71|          64|          64|
    |add_ln30_101_fu_1332_p2             |         +|   0|  0|   23|          16|          16|
    |add_ln30_102_fu_1349_p2             |         +|   0|  0|   71|          64|          64|
    |add_ln30_103_fu_1494_p2             |         +|   0|  0|   23|          16|          15|
    |add_ln30_104_fu_1511_p2             |         +|   0|  0|   71|          64|          64|
    |add_ln30_105_fu_1625_p2             |         +|   0|  0|   24|          17|          16|
    |add_ln30_106_fu_1643_p2             |         +|   0|  0|   71|          64|          64|
    |add_ln30_107_fu_1746_p2             |         +|   0|  0|   24|          17|          17|
    |add_ln30_108_fu_1763_p2             |         +|   0|  0|   71|          64|          64|
    |add_ln30_109_fu_1866_p2             |         +|   0|  0|   24|          17|          17|
    |add_ln30_10_fu_1546_p2              |         +|   0|  0|   24|          17|          16|
    |add_ln30_110_fu_1883_p2             |         +|   0|  0|   71|          64|          64|
    |add_ln30_111_fu_1990_p2             |         +|   0|  0|   24|          17|          16|
    |add_ln30_112_fu_2007_p2             |         +|   0|  0|   71|          64|          64|
    |add_ln30_113_fu_2118_p2             |         +|   0|  0|   24|          17|          16|
    |add_ln30_114_fu_2135_p2             |         +|   0|  0|   71|          64|          64|
    |add_ln30_115_fu_2258_p2             |         +|   0|  0|   25|          18|          17|
    |add_ln30_116_fu_2276_p2             |         +|   0|  0|   71|          64|          64|
    |add_ln30_117_fu_2388_p2             |         +|   0|  0|   25|          18|          18|
    |add_ln30_118_fu_2405_p2             |         +|   0|  0|   71|          64|          64|
    |add_ln30_119_fu_2517_p2             |         +|   0|  0|   25|          18|          18|
    |add_ln30_11_fu_1564_p2              |         +|   0|  0|   71|          64|          64|
    |add_ln30_120_fu_2534_p2             |         +|   0|  0|   71|          64|          64|
    |add_ln30_121_fu_2650_p2             |         +|   0|  0|   25|          18|          18|
    |add_ln30_122_fu_2667_p2             |         +|   0|  0|   71|          64|          64|
    |add_ln30_123_fu_2779_p2             |         +|   0|  0|   25|          18|          18|
    |add_ln30_124_fu_2796_p2             |         +|   0|  0|   71|          64|          64|
    |add_ln30_125_fu_2983_p2             |         +|   0|  0|   25|          18|          18|
    |add_ln30_126_fu_3000_p2             |         +|   0|  0|   71|          64|          64|
    |add_ln30_127_fu_3032_p2             |         +|   0|  0|   25|          18|          17|
    |add_ln30_128_fu_3049_p2             |         +|   0|  0|   71|          64|          64|
    |add_ln30_129_fu_3336_p2             |         +|   0|  0|   24|          17|          17|
    |add_ln30_12_fu_1675_p2              |         +|   0|  0|   24|          17|          17|
    |add_ln30_130_fu_3357_p2             |         +|   0|  0|   71|          64|          64|
    |add_ln30_131_fu_3389_p2             |         +|   0|  0|   24|          17|          17|
    |add_ln30_132_fu_3410_p2             |         +|   0|  0|   71|          64|          64|
    |add_ln30_133_fu_3442_p2             |         +|   0|  0|   24|          17|          16|
    |add_ln30_134_fu_3463_p2             |         +|   0|  0|   71|          64|          64|
    |add_ln30_135_fu_3604_p2             |         +|   0|  0|   26|          19|          18|
    |add_ln30_136_fu_3622_p2             |         +|   0|  0|   71|          64|          64|
    |add_ln30_137_fu_3876_p2             |         +|   0|  0|   26|          19|          19|
    |add_ln30_138_fu_3893_p2             |         +|   0|  0|   71|          64|          64|
    |add_ln30_139_fu_3925_p2             |         +|   0|  0|   26|          19|          19|
    |add_ln30_13_fu_1692_p2              |         +|   0|  0|   71|          64|          64|
    |add_ln30_140_fu_3942_p2             |         +|   0|  0|   71|          64|          64|
    |add_ln30_141_fu_3974_p2             |         +|   0|  0|   26|          19|          19|
    |add_ln30_142_fu_3991_p2             |         +|   0|  0|   71|          64|          64|
    |add_ln30_14_fu_1795_p2              |         +|   0|  0|   24|          17|          17|
    |add_ln30_15_fu_1812_p2              |         +|   0|  0|   71|          64|          64|
    |add_ln30_16_fu_1915_p2              |         +|   0|  0|   24|          17|          16|
    |add_ln30_17_fu_1932_p2              |         +|   0|  0|   71|          64|          64|
    |add_ln30_18_fu_2039_p2              |         +|   0|  0|   24|          17|          16|
    |add_ln30_19_fu_2056_p2              |         +|   0|  0|   71|          64|          64|
    |add_ln30_1_fu_704_p2                |         +|   0|  0|   71|          64|          64|
    |add_ln30_20_fu_2175_p2              |         +|   0|  0|   25|          18|          17|
    |add_ln30_21_fu_2193_p2              |         +|   0|  0|   71|          64|          64|
    |add_ln30_22_fu_2313_p2              |         +|   0|  0|   25|          18|          18|
    |add_ln30_23_fu_2330_p2              |         +|   0|  0|   71|          64|          64|
    |add_ln30_24_fu_2442_p2              |         +|   0|  0|   25|          18|          18|
    |add_ln30_25_fu_2459_p2              |         +|   0|  0|   71|          64|          64|
    |add_ln30_26_fu_2575_p2              |         +|   0|  0|   25|          18|          18|
    |add_ln30_27_fu_2592_p2              |         +|   0|  0|   71|          64|          64|
    |add_ln30_28_fu_2704_p2              |         +|   0|  0|   25|          18|          18|
    |add_ln30_29_fu_2721_p2              |         +|   0|  0|   71|          64|          64|
    |add_ln30_2_fu_1003_p2               |         +|   0|  0|   22|          15|          14|
    |add_ln30_30_fu_2833_p2              |         +|   0|  0|   25|          18|          18|
    |add_ln30_31_fu_2850_p2              |         +|   0|  0|   71|          64|          64|
    |add_ln30_32_fu_2865_p2              |         +|   0|  0|   25|          18|          17|
    |add_ln30_33_fu_2882_p2              |         +|   0|  0|   71|          64|          64|
    |add_ln30_34_fu_3095_p2              |         +|   0|  0|   24|          17|          17|
    |add_ln30_35_fu_3116_p2              |         +|   0|  0|   71|          64|          64|
    |add_ln30_36_fu_3131_p2              |         +|   0|  0|   24|          17|          17|
    |add_ln30_37_fu_3152_p2              |         +|   0|  0|   71|          64|          64|
    |add_ln30_38_fu_3167_p2              |         +|   0|  0|   24|          17|          16|
    |add_ln30_39_fu_3188_p2              |         +|   0|  0|   71|          64|          64|
    |add_ln30_3_fu_1020_p2               |         +|   0|  0|   71|          64|          64|
    |add_ln30_40_fu_3521_p2              |         +|   0|  0|   26|          19|          18|
    |add_ln30_41_fu_3539_p2              |         +|   0|  0|   71|          64|          64|
    |add_ln30_42_fu_3659_p2              |         +|   0|  0|   26|          19|          19|
    |add_ln30_43_fu_3676_p2              |         +|   0|  0|   71|          64|          64|
    |add_ln30_44_fu_3691_p2              |         +|   0|  0|   26|          19|          19|
    |add_ln30_45_fu_3708_p2              |         +|   0|  0|   71|          64|          64|
    |add_ln30_46_fu_3723_p2              |         +|   0|  0|   26|          19|          19|
    |add_ln30_47_fu_3740_p2              |         +|   0|  0|   71|          64|          64|
    |add_ln30_48_fu_813_p2               |         +|   0|  0|   71|          64|          64|
    |add_ln30_49_fu_1035_p2              |         +|   0|  0|   22|          15|          14|
    |add_ln30_4_fu_1126_p2               |         +|   0|  0|   23|          16|          15|
    |add_ln30_50_fu_1052_p2              |         +|   0|  0|   71|          64|          64|
    |add_ln30_51_fu_1165_p2              |         +|   0|  0|   23|          16|          15|
    |add_ln30_52_fu_1183_p2              |         +|   0|  0|   71|          64|          64|
    |add_ln30_53_fu_1290_p2              |         +|   0|  0|   23|          16|          16|
    |add_ln30_54_fu_1307_p2              |         +|   0|  0|   71|          64|          64|
    |add_ln30_55_fu_1455_p2              |         +|   0|  0|   23|          16|          15|
    |add_ln30_56_fu_1472_p2              |         +|   0|  0|   71|          64|          64|
    |add_ln30_57_fu_1582_p2              |         +|   0|  0|   24|          17|          16|
    |add_ln30_58_fu_1600_p2              |         +|   0|  0|   71|          64|          64|
    |add_ln30_59_fu_1707_p2              |         +|   0|  0|   24|          17|          17|
    |add_ln30_5_fu_1144_p2               |         +|   0|  0|   71|          64|          64|
    |add_ln30_60_fu_1724_p2              |         +|   0|  0|   71|          64|          64|
    |add_ln30_61_fu_1827_p2              |         +|   0|  0|   24|          17|          17|
    |add_ln30_62_fu_1844_p2              |         +|   0|  0|   71|          64|          64|
    |add_ln30_63_fu_1947_p2              |         +|   0|  0|   23|          16|          16|
    |add_ln30_64_fu_1968_p2              |         +|   0|  0|   71|          64|          64|
    |add_ln30_65_fu_2071_p2              |         +|   0|  0|   23|          16|          16|
    |add_ln30_66_fu_2092_p2              |         +|   0|  0|   71|          64|          64|
    |add_ln30_67_fu_2211_p2              |         +|   0|  0|   25|          18|          17|
    |add_ln30_68_fu_2229_p2              |         +|   0|  0|   71|          64|          64|
    |add_ln30_69_fu_2345_p2              |         +|   0|  0|   25|          18|          18|
    |add_ln30_6_fu_1258_p2               |         +|   0|  0|   23|          16|          16|
    |add_ln30_70_fu_2362_p2              |         +|   0|  0|   71|          64|          64|
    |add_ln30_71_fu_2474_p2              |         +|   0|  0|   25|          18|          18|
    |add_ln30_72_fu_2491_p2              |         +|   0|  0|   71|          64|          64|
    |add_ln30_73_fu_2607_p2              |         +|   0|  0|   25|          18|          18|
    |add_ln30_74_fu_2624_p2              |         +|   0|  0|   71|          64|          64|
    |add_ln30_75_fu_2736_p2              |         +|   0|  0|   25|          18|          18|
    |add_ln30_76_fu_2753_p2              |         +|   0|  0|   71|          64|          64|
    |add_ln30_77_fu_2897_p2              |         +|   0|  0|   25|          18|          18|
    |add_ln30_78_fu_2914_p2              |         +|   0|  0|   71|          64|          64|
    |add_ln30_79_fu_2936_p2              |         +|   0|  0|   24|          17|          17|
    |add_ln30_7_fu_1275_p2               |         +|   0|  0|   71|          64|          64|
    |add_ln30_80_fu_2957_p2              |         +|   0|  0|   71|          64|          64|
    |add_ln30_81_fu_3203_p2              |         +|   0|  0|   24|          17|          17|
    |add_ln30_82_fu_3224_p2              |         +|   0|  0|   71|          64|          64|
    |add_ln30_83_fu_3246_p2              |         +|   0|  0|   24|          17|          17|
    |add_ln30_84_fu_3267_p2              |         +|   0|  0|   71|          64|          64|
    |add_ln30_85_fu_3289_p2              |         +|   0|  0|   23|          16|          16|
    |add_ln30_86_fu_3310_p2              |         +|   0|  0|   71|          64|          64|
    |add_ln30_87_fu_3557_p2              |         +|   0|  0|   26|          19|          18|
    |add_ln30_88_fu_3575_p2              |         +|   0|  0|   71|          64|          64|
    |add_ln30_89_fu_3755_p2              |         +|   0|  0|   26|          19|          19|
    |add_ln30_8_fu_1423_p2               |         +|   0|  0|   23|          16|          15|
    |add_ln30_90_fu_3772_p2              |         +|   0|  0|   71|          64|          64|
    |add_ln30_91_fu_3794_p2              |         +|   0|  0|   26|          19|          19|
    |add_ln30_92_fu_3811_p2              |         +|   0|  0|   71|          64|          64|
    |add_ln30_93_fu_3833_p2              |         +|   0|  0|   26|          19|          19|
    |add_ln30_94_fu_3850_p2              |         +|   0|  0|   71|          64|          64|
    |add_ln30_95_fu_900_p2               |         +|   0|  0|   22|          15|          15|
    |add_ln30_96_fu_918_p2               |         +|   0|  0|   71|          64|          64|
    |add_ln30_97_fu_1074_p2              |         +|   0|  0|   22|          15|          14|
    |add_ln30_98_fu_1091_p2              |         +|   0|  0|   71|          64|          64|
    |add_ln30_99_fu_1208_p2              |         +|   0|  0|   23|          16|          15|
    |add_ln30_9_fu_1440_p2               |         +|   0|  0|   71|          64|          64|
    |add_ln30_fu_686_p2                  |         +|   0|  0|   22|          15|          15|
    |empty_164_fu_1381_p2                |         +|   0|  0|   27|          20|          20|
    |empty_165_fu_1398_p2                |         +|   0|  0|   71|          64|          64|
    |empty_fu_676_p2                     |         -|   0|  0|   22|          15|          15|
    |p_mid1_fu_787_p2                    |         -|   0|  0|   22|          15|          15|
    |and_ln19_fu_848_p2                  |       and|   0|  0|    2|           1|           1|
    |ap_block_pp0_stage0_00001           |       and|   0|  0|    2|           1|           1|
    |ap_block_pp0_stage0_11001           |       and|   0|  0|    2|           1|           1|
    |ap_block_pp0_stage10_00001          |       and|   0|  0|    2|           1|           1|
    |ap_block_pp0_stage10_11001          |       and|   0|  0|    2|           1|           1|
    |ap_block_pp0_stage11_11001          |       and|   0|  0|    2|           1|           1|
    |ap_block_pp0_stage12_00001          |       and|   0|  0|    2|           1|           1|
    |ap_block_pp0_stage12_11001          |       and|   0|  0|    2|           1|           1|
    |ap_block_pp0_stage15_11001          |       and|   0|  0|    2|           1|           1|
    |ap_block_pp0_stage16_11001          |       and|   0|  0|    2|           1|           1|
    |ap_block_pp0_stage17_11001          |       and|   0|  0|    2|           1|           1|
    |ap_block_pp0_stage18_11001          |       and|   0|  0|    2|           1|           1|
    |ap_block_pp0_stage1_00001           |       and|   0|  0|    2|           1|           1|
    |ap_block_pp0_stage1_11001           |       and|   0|  0|    2|           1|           1|
    |ap_block_pp0_stage20_11001          |       and|   0|  0|    2|           1|           1|
    |ap_block_pp0_stage21_11001          |       and|   0|  0|    2|           1|           1|
    |ap_block_pp0_stage22_11001          |       and|   0|  0|    2|           1|           1|
    |ap_block_pp0_stage23_11001          |       and|   0|  0|    2|           1|           1|
    |ap_block_pp0_stage2_00001           |       and|   0|  0|    2|           1|           1|
    |ap_block_pp0_stage9_11001           |       and|   0|  0|    2|           1|           1|
    |ap_block_state10_io                 |       and|   0|  0|    2|           1|           1|
    |ap_block_state62_io                 |       and|   0|  0|    2|           1|           1|
    |ap_block_state63_io                 |       and|   0|  0|    2|           1|           1|
    |ap_block_state68_pp0_stage19_iter2  |       and|   0|  0|    2|           1|           1|
    |ap_predicate_op176_readreq_state3   |       and|   0|  0|    2|           1|           1|
    |icmp_ln19_fu_719_p2                 |      icmp|   0|  0|   14|          19|          19|
    |icmp_ln22_fu_737_p2                 |      icmp|   0|  0|   12|          12|          12|
    |icmp_ln25_fu_842_p2                 |      icmp|   0|  0|    9|           5|           5|
    |ap_block_pp0_stage13_11001          |        or|   0|  0|    2|           1|           1|
    |ap_block_pp0_stage14_11001          |        or|   0|  0|    2|           1|           1|
    |ap_block_pp0_stage19_00001          |        or|   0|  0|    2|           1|           1|
    |ap_block_pp0_stage19_11001          |        or|   0|  0|    2|           1|           1|
    |ap_block_pp0_stage2_11001           |        or|   0|  0|    2|           1|           1|
    |ap_block_pp0_stage3_11001           |        or|   0|  0|    2|           1|           1|
    |ap_block_pp0_stage4_11001           |        or|   0|  0|    2|           1|           1|
    |ap_block_pp0_stage5_11001           |        or|   0|  0|    2|           1|           1|
    |ap_block_pp0_stage6_11001           |        or|   0|  0|    2|           1|           1|
    |ap_block_pp0_stage7_11001           |        or|   0|  0|    2|           1|           1|
    |ap_block_pp0_stage8_11001           |        or|   0|  0|    2|           1|           1|
    |ap_block_state10_pp0_stage9_iter0   |        or|   0|  0|    2|           1|           1|
    |ap_block_state13_pp0_stage12_iter0  |        or|   0|  0|    2|           1|           1|
    |ap_block_state26_pp0_stage1_iter1   |        or|   0|  0|    2|           1|           1|
    |ap_block_state27_pp0_stage2_iter1   |        or|   0|  0|    2|           1|           1|
    |ap_block_state3_io                  |        or|   0|  0|    2|           1|           1|
    |ap_block_state6_io                  |        or|   0|  0|    2|           1|           1|
    |or_ln19_fu_751_p2                   |        or|   0|  0|    2|           1|           1|
    |or_ln22_1_fu_874_p2                 |        or|   0|  0|    2|           1|           1|
    |or_ln22_fu_868_p2                   |        or|   0|  0|    2|           1|           1|
    |select_ln19_10_fu_1983_p3           |    select|   0|  0|   61|           1|          62|
    |select_ln19_11_fu_2107_p3           |    select|   0|  0|   61|           1|          62|
    |select_ln19_12_fu_2244_p3           |    select|   0|  0|   61|           1|          62|
    |select_ln19_13_fu_2377_p3           |    select|   0|  0|   61|           1|          62|
    |select_ln19_14_fu_2506_p3           |    select|   0|  0|   61|           1|          62|
    |select_ln19_15_fu_2639_p3           |    select|   0|  0|   61|           1|          62|
    |select_ln19_16_fu_2768_p3           |    select|   0|  0|   61|           1|          62|
    |select_ln19_17_fu_2929_p3           |    select|   0|  0|   61|           1|          62|
    |select_ln19_18_fu_2972_p3           |    select|   0|  0|   61|           1|          62|
    |select_ln19_19_fu_3239_p3           |    select|   0|  0|   61|           1|          62|
    |select_ln19_1_fu_793_p3             |    select|   0|  0|   15|           1|          15|
    |select_ln19_20_fu_3282_p3           |    select|   0|  0|   61|           1|          62|
    |select_ln19_21_fu_3325_p3           |    select|   0|  0|   61|           1|          62|
    |select_ln19_22_fu_3590_p3           |    select|   0|  0|   61|           1|          62|
    |select_ln19_23_fu_3787_p3           |    select|   0|  0|   61|           1|          62|
    |select_ln19_24_fu_3826_p3           |    select|   0|  0|   61|           1|          62|
    |select_ln19_25_fu_3865_p3           |    select|   0|  0|   61|           1|          62|
    |select_ln19_26_fu_854_p3            |    select|   0|  0|    7|           1|           7|
    |select_ln19_2_fu_828_p3             |    select|   0|  0|   61|           1|          62|
    |select_ln19_3_fu_1067_p3            |    select|   0|  0|   61|           1|          62|
    |select_ln19_4_fu_1198_p3            |    select|   0|  0|   61|           1|          62|
    |select_ln19_5_fu_1322_p3            |    select|   0|  0|   61|           1|          62|
    |select_ln19_6_fu_1487_p3            |    select|   0|  0|   61|           1|          62|
    |select_ln19_7_fu_1615_p3            |    select|   0|  0|   61|           1|          62|
    |select_ln19_8_fu_1739_p3            |    select|   0|  0|   61|           1|          62|
    |select_ln19_9_fu_1859_p3            |    select|   0|  0|   61|           1|          62|
    |select_ln19_fu_743_p3               |    select|   0|  0|    7|           1|           1|
    |select_ln22_10_fu_2022_p3           |    select|   0|  0|   61|           1|          62|
    |select_ln22_11_fu_2150_p3           |    select|   0|  0|   61|           1|          62|
    |select_ln22_12_fu_2291_p3           |    select|   0|  0|   61|           1|          62|
    |select_ln22_13_fu_2420_p3           |    select|   0|  0|   61|           1|          62|
    |select_ln22_14_fu_2549_p3           |    select|   0|  0|   61|           1|          62|
    |select_ln22_15_fu_2682_p3           |    select|   0|  0|   61|           1|          62|
    |select_ln22_16_fu_2811_p3           |    select|   0|  0|   61|           1|          62|
    |select_ln22_17_fu_3015_p3           |    select|   0|  0|   61|           1|          62|
    |select_ln22_18_fu_3064_p3           |    select|   0|  0|   61|           1|          62|
    |select_ln22_19_fu_3372_p3           |    select|   0|  0|   61|           1|          62|
    |select_ln22_1_fu_888_p3             |    select|   0|  0|    7|           1|           7|
    |select_ln22_20_fu_3425_p3           |    select|   0|  0|   61|           1|          62|
    |select_ln22_21_fu_3478_p3           |    select|   0|  0|   61|           1|          62|
    |select_ln22_22_fu_3637_p3           |    select|   0|  0|   61|           1|          62|
    |select_ln22_23_fu_3908_p3           |    select|   0|  0|   61|           1|          62|
    |select_ln22_24_fu_3957_p3           |    select|   0|  0|   61|           1|          62|
    |select_ln22_25_fu_4006_p3           |    select|   0|  0|   61|           1|          62|
    |select_ln22_26_fu_970_p3            |    select|   0|  0|   12|           1|           1|
    |select_ln22_2_fu_933_p3             |    select|   0|  0|   61|           1|          62|
    |select_ln22_3_fu_1106_p3            |    select|   0|  0|   61|           1|          62|
    |select_ln22_4_fu_1241_p3            |    select|   0|  0|   61|           1|          62|
    |select_ln22_5_fu_1364_p3            |    select|   0|  0|   61|           1|          62|
    |select_ln22_6_fu_1526_p3            |    select|   0|  0|   61|           1|          62|
    |select_ln22_7_fu_1658_p3            |    select|   0|  0|   61|           1|          62|
    |select_ln22_8_fu_1778_p3            |    select|   0|  0|   61|           1|          62|
    |select_ln22_9_fu_1898_p3            |    select|   0|  0|   61|           1|          62|
    |select_ln22_fu_880_p3               |    select|   0|  0|    5|           1|           1|
    |ap_enable_pp0                       |       xor|   0|  0|    2|           1|           2|
    |xor_ln19_fu_836_p2                  |       xor|   0|  0|    2|           1|           2|
    +------------------------------------+----------+----+---+-----+------------+------------+
    |Total                               |          |   0|  0|10175|        6138|        9023|
    +------------------------------------+----------+----+---+-----+------------+------------+

    * Multiplexer: 
    +------------------------------------+-----+-----------+-----+-----------+
    |                Name                | LUT | Input Size| Bits| Total Bits|
    +------------------------------------+-----+-----------+-----+-----------+
    |ap_NS_fsm                           |  123|         25|    1|         25|
    |ap_done_int                         |    9|          2|    1|          2|
    |ap_enable_reg_pp0_iter0             |    9|          2|    1|          2|
    |ap_enable_reg_pp0_iter1             |    9|          2|    1|          2|
    |ap_enable_reg_pp0_iter2             |    9|          2|    1|          2|
    |ap_loop_exit_ready_pp0_iter1_reg    |    9|          2|    1|          2|
    |ap_phi_mux_first_itr_phi_fu_548_p4  |    9|          2|    1|          2|
    |col_fu_188                          |    9|          2|    7|         14|
    |gmem0_blk_n_AR                      |    9|          2|    1|          2|
    |gmem0_blk_n_AW                      |    9|          2|    1|          2|
    |gmem0_blk_n_B                       |    9|          2|    1|          2|
    |gmem0_blk_n_R                       |    9|          2|    1|          2|
    |gmem0_blk_n_W                       |    9|          2|    1|          2|
    |gmem3_blk_n_AR                      |    9|          2|    1|          2|
    |gmem3_blk_n_R                       |    9|          2|    1|          2|
    |gmem_blk_n_AR                       |    9|          2|    1|          2|
    |gmem_blk_n_R                        |    9|          2|    1|          2|
    |grp_fu_556_p0                       |   26|          5|   32|        160|
    |grp_fu_556_p1                       |   97|         20|   32|        640|
    |grp_fu_560_p0                       |  123|         25|   32|        800|
    |grp_fu_560_p1                       |  123|         25|   32|        800|
    |indvar_flatten592_fu_200            |    9|          2|   19|         38|
    |indvar_flatten_fu_192               |    9|          2|   12|         24|
    |m_axi_gmem3_ARADDR                  |  123|         25|   64|       1600|
    |out_ch_fu_184                       |    9|          2|    5|         10|
    |row_fu_196                          |    9|          2|    7|         14|
    +------------------------------------+-----+-----------+-----+-----------+
    |Total                               |  795|        165|  258|       4155|
    +------------------------------------+-----+-----------+-----+-----------+

    * Register: 
    +----------------------------------+----+----+-----+-----------+
    |               Name               | FF | LUT| Bits| Const Bits|
    +----------------------------------+----+----+-----+-----------+
    |add_21_reg_5066                   |  32|   0|   32|          0|
    |add_ln30_95_reg_4354              |  15|   0|   15|          0|
    |add_ln30_reg_4264                 |  15|   0|   15|          0|
    |and_ln19_reg_4318                 |   1|   0|    1|          0|
    |ap_CS_fsm                         |  24|   0|   24|          0|
    |ap_done_reg                       |   1|   0|    1|          0|
    |ap_enable_reg_pp0_iter0_reg       |   1|   0|    1|          0|
    |ap_enable_reg_pp0_iter1           |   1|   0|    1|          0|
    |ap_enable_reg_pp0_iter2           |   1|   0|    1|          0|
    |ap_loop_exit_ready_pp0_iter1_reg  |   1|   0|    1|          0|
    |bitcast_ln22_23_reg_5036          |  32|   0|   32|          0|
    |col_fu_188                        |   7|   0|    7|          0|
    |first_itr_reg_544                 |   1|   0|    1|          0|
    |gmem0_addr_read_reg_4578          |  32|   0|   32|          0|
    |gmem0_addr_reg_4418               |  64|   0|   64|          0|
    |gmem3_addr_10_read_reg_4741       |  32|   0|   32|          0|
    |gmem3_addr_10_reg_4551            |  64|   0|   64|          0|
    |gmem3_addr_11_read_reg_4761       |  32|   0|   32|          0|
    |gmem3_addr_11_reg_4572            |  64|   0|   64|          0|
    |gmem3_addr_12_read_reg_4797       |  32|   0|   32|          0|
    |gmem3_addr_12_reg_4598            |  64|   0|   64|          0|
    |gmem3_addr_13_read_reg_4823       |  32|   0|   32|          0|
    |gmem3_addr_13_reg_4624            |  64|   0|   64|          0|
    |gmem3_addr_14_read_reg_4856       |  32|   0|   32|          0|
    |gmem3_addr_14_reg_4645            |  64|   0|   64|          0|
    |gmem3_addr_15_read_reg_4876       |  32|   0|   32|          0|
    |gmem3_addr_15_reg_4666            |  64|   0|   64|          0|
    |gmem3_addr_16_read_reg_4896       |  32|   0|   32|          0|
    |gmem3_addr_16_reg_4672            |  64|   0|   64|          0|
    |gmem3_addr_17_read_reg_4916       |  32|   0|   32|          0|
    |gmem3_addr_17_reg_4713            |  64|   0|   64|          0|
    |gmem3_addr_18_read_reg_4936       |  32|   0|   32|          0|
    |gmem3_addr_18_reg_4719            |  64|   0|   64|          0|
    |gmem3_addr_19_read_reg_4956       |  32|   0|   32|          0|
    |gmem3_addr_19_reg_4725            |  64|   0|   64|          0|
    |gmem3_addr_1_read_reg_4496        |  32|   0|   32|          0|
    |gmem3_addr_1_reg_4374             |  64|   0|   64|          0|
    |gmem3_addr_20_read_reg_4976       |  32|   0|   32|          0|
    |gmem3_addr_20_reg_4802            |  64|   0|   64|          0|
    |gmem3_addr_21_read_reg_4996       |  32|   0|   32|          0|
    |gmem3_addr_21_reg_4828            |  64|   0|   64|          0|
    |gmem3_addr_22_read_reg_5016       |  32|   0|   32|          0|
    |gmem3_addr_22_reg_4834            |  64|   0|   64|          0|
    |gmem3_addr_23_reg_4840            |  64|   0|   64|          0|
    |gmem3_addr_2_read_reg_4546        |  32|   0|   32|          0|
    |gmem3_addr_2_reg_4406             |  64|   0|   64|          0|
    |gmem3_addr_3_read_reg_4567        |  32|   0|   32|          0|
    |gmem3_addr_3_reg_4412             |  64|   0|   64|          0|
    |gmem3_addr_4_read_reg_4593        |  32|   0|   32|          0|
    |gmem3_addr_4_reg_4425             |  64|   0|   64|          0|
    |gmem3_addr_5_read_reg_4619        |  32|   0|   32|          0|
    |gmem3_addr_5_reg_4462             |  64|   0|   64|          0|
    |gmem3_addr_6_read_reg_4640        |  32|   0|   32|          0|
    |gmem3_addr_6_reg_4468             |  64|   0|   64|          0|
    |gmem3_addr_7_read_reg_4661        |  32|   0|   32|          0|
    |gmem3_addr_7_reg_4474             |  64|   0|   64|          0|
    |gmem3_addr_8_read_reg_4688        |  32|   0|   32|          0|
    |gmem3_addr_8_reg_4485             |  64|   0|   64|          0|
    |gmem3_addr_9_read_reg_4708        |  32|   0|   32|          0|
    |gmem3_addr_9_reg_4501             |  64|   0|   64|          0|
    |gmem3_addr_read_reg_4480          |  32|   0|   32|          0|
    |gmem3_addr_reg_4363               |  64|   0|   64|          0|
    |gmem_addr_reg_4258                |  64|   0|   64|          0|
    |icmp_ln19_reg_4273                |   1|   0|    1|          0|
    |icmp_ln22_reg_4277                |   1|   0|    1|          0|
    |indvar_flatten592_fu_200          |  19|   0|   19|          0|
    |indvar_flatten_fu_192             |  12|   0|   12|          0|
    |mul_11_reg_4861                   |  32|   0|   32|          0|
    |mul_12_reg_4881                   |  32|   0|   32|          0|
    |mul_13_reg_4901                   |  32|   0|   32|          0|
    |mul_14_reg_4921                   |  32|   0|   32|          0|
    |mul_15_reg_4941                   |  32|   0|   32|          0|
    |mul_16_reg_4961                   |  32|   0|   32|          0|
    |mul_17_reg_4981                   |  32|   0|   32|          0|
    |mul_18_reg_5001                   |  32|   0|   32|          0|
    |mul_19_reg_5021                   |  32|   0|   32|          0|
    |mul_20_reg_5041                   |  32|   0|   32|          0|
    |mul_21_reg_5051                   |  32|   0|   32|          0|
    |mul_21_reg_5051_pp0_iter2_reg     |  32|   0|   32|          0|
    |mul_22_reg_5061                   |  32|   0|   32|          0|
    |mul_22_reg_5061_pp0_iter2_reg     |  32|   0|   32|          0|
    |mul_6_reg_4693                    |  32|   0|   32|          0|
    |mul_8_reg_4746                    |  32|   0|   32|          0|
    |mul_s_reg_4808                    |  32|   0|   32|          0|
    |or_ln22_reg_4345                  |   1|   0|    1|          0|
    |out_ch_fu_184                     |   5|   0|    5|          0|
    |p_mid1_reg_4304                   |  11|   0|   15|          4|
    |reg_564                           |  32|   0|   32|          0|
    |reg_568                           |  32|   0|   32|          0|
    |reg_573                           |  32|   0|   32|          0|
    |reg_578                           |  32|   0|   32|          0|
    |reg_583                           |  32|   0|   32|          0|
    |reg_588                           |  32|   0|   32|          0|
    |reg_593                           |  32|   0|   32|          0|
    |row_fu_196                        |   7|   0|    7|          0|
    |select_ln19_1_reg_4313            |  11|   0|   15|          4|
    |select_ln22_1_reg_4349            |   7|   0|    7|          0|
    |sext_ln30_10_reg_4522             |  14|   0|   18|          4|
    |sext_ln30_11_reg_4442             |  13|   0|   17|          4|
    |sext_ln30_12_reg_4391             |  12|   0|   16|          4|
    |sext_ln30_17_reg_4785             |  19|   0|   19|          0|
    |sext_ln30_18_reg_4531             |  18|   0|   18|          0|
    |sext_ln30_19_reg_4451             |  17|   0|   17|          0|
    |sext_ln30_1_reg_4771              |  19|   0|   19|          0|
    |sext_ln30_20_reg_4400             |  16|   0|   16|          0|
    |sext_ln30_2_reg_4512              |  18|   0|   18|          0|
    |sext_ln30_3_reg_4431              |  17|   0|   17|          0|
    |sext_ln30_4_reg_4380              |  16|   0|   16|          0|
    |sext_ln30_9_reg_4778              |  15|   0|   19|          4|
    |gmem0_addr_reg_4418               |  64|  32|   64|          0|
    |icmp_ln19_reg_4273                |  64|  32|    1|          0|
    +----------------------------------+----+----+-----+-----------+
    |Total                             |3729|  64| 3690|         24|
    +----------------------------------+----+----+-----+-----------+



================================================================
== Interface
================================================================
* Summary: 
+----------------------+-----+-----+------------+------------------+--------------+
|       RTL Ports      | Dir | Bits|  Protocol  |   Source Object  |    C Type    |
+----------------------+-----+-----+------------+------------------+--------------+
|ap_clk                |   in|    1|  ap_ctrl_hs|  Pointwise_conv.2|  return value|
|ap_rst                |   in|    1|  ap_ctrl_hs|  Pointwise_conv.2|  return value|
|ap_start              |   in|    1|  ap_ctrl_hs|  Pointwise_conv.2|  return value|
|ap_done               |  out|    1|  ap_ctrl_hs|  Pointwise_conv.2|  return value|
|ap_idle               |  out|    1|  ap_ctrl_hs|  Pointwise_conv.2|  return value|
|ap_ready              |  out|    1|  ap_ctrl_hs|  Pointwise_conv.2|  return value|
|grp_fu_1111_p_din0    |  out|   32|  ap_ctrl_hs|  Pointwise_conv.2|  return value|
|grp_fu_1111_p_din1    |  out|   32|  ap_ctrl_hs|  Pointwise_conv.2|  return value|
|grp_fu_1111_p_opcode  |  out|    2|  ap_ctrl_hs|  Pointwise_conv.2|  return value|
|grp_fu_1111_p_dout0   |   in|   32|  ap_ctrl_hs|  Pointwise_conv.2|  return value|
|grp_fu_1111_p_ce      |  out|    1|  ap_ctrl_hs|  Pointwise_conv.2|  return value|
|grp_fu_1107_p_din0    |  out|   32|  ap_ctrl_hs|  Pointwise_conv.2|  return value|
|grp_fu_1107_p_din1    |  out|   32|  ap_ctrl_hs|  Pointwise_conv.2|  return value|
|grp_fu_1107_p_dout0   |   in|   32|  ap_ctrl_hs|  Pointwise_conv.2|  return value|
|grp_fu_1107_p_ce      |  out|    1|  ap_ctrl_hs|  Pointwise_conv.2|  return value|
|m_axi_gmem3_AWVALID   |  out|    1|       m_axi|             gmem3|       pointer|
|m_axi_gmem3_AWREADY   |   in|    1|       m_axi|             gmem3|       pointer|
|m_axi_gmem3_AWADDR    |  out|   64|       m_axi|             gmem3|       pointer|
|m_axi_gmem3_AWID      |  out|    1|       m_axi|             gmem3|       pointer|
|m_axi_gmem3_AWLEN     |  out|   32|       m_axi|             gmem3|       pointer|
|m_axi_gmem3_AWSIZE    |  out|    3|       m_axi|             gmem3|       pointer|
|m_axi_gmem3_AWBURST   |  out|    2|       m_axi|             gmem3|       pointer|
|m_axi_gmem3_AWLOCK    |  out|    2|       m_axi|             gmem3|       pointer|
|m_axi_gmem3_AWCACHE   |  out|    4|       m_axi|             gmem3|       pointer|
|m_axi_gmem3_AWPROT    |  out|    3|       m_axi|             gmem3|       pointer|
|m_axi_gmem3_AWQOS     |  out|    4|       m_axi|             gmem3|       pointer|
|m_axi_gmem3_AWREGION  |  out|    4|       m_axi|             gmem3|       pointer|
|m_axi_gmem3_AWUSER    |  out|    1|       m_axi|             gmem3|       pointer|
|m_axi_gmem3_WVALID    |  out|    1|       m_axi|             gmem3|       pointer|
|m_axi_gmem3_WREADY    |   in|    1|       m_axi|             gmem3|       pointer|
|m_axi_gmem3_WDATA     |  out|   32|       m_axi|             gmem3|       pointer|
|m_axi_gmem3_WSTRB     |  out|    4|       m_axi|             gmem3|       pointer|
|m_axi_gmem3_WLAST     |  out|    1|       m_axi|             gmem3|       pointer|
|m_axi_gmem3_WID       |  out|    1|       m_axi|             gmem3|       pointer|
|m_axi_gmem3_WUSER     |  out|    1|       m_axi|             gmem3|       pointer|
|m_axi_gmem3_ARVALID   |  out|    1|       m_axi|             gmem3|       pointer|
|m_axi_gmem3_ARREADY   |   in|    1|       m_axi|             gmem3|       pointer|
|m_axi_gmem3_ARADDR    |  out|   64|       m_axi|             gmem3|       pointer|
|m_axi_gmem3_ARID      |  out|    1|       m_axi|             gmem3|       pointer|
|m_axi_gmem3_ARLEN     |  out|   32|       m_axi|             gmem3|       pointer|
|m_axi_gmem3_ARSIZE    |  out|    3|       m_axi|             gmem3|       pointer|
|m_axi_gmem3_ARBURST   |  out|    2|       m_axi|             gmem3|       pointer|
|m_axi_gmem3_ARLOCK    |  out|    2|       m_axi|             gmem3|       pointer|
|m_axi_gmem3_ARCACHE   |  out|    4|       m_axi|             gmem3|       pointer|
|m_axi_gmem3_ARPROT    |  out|    3|       m_axi|             gmem3|       pointer|
|m_axi_gmem3_ARQOS     |  out|    4|       m_axi|             gmem3|       pointer|
|m_axi_gmem3_ARREGION  |  out|    4|       m_axi|             gmem3|       pointer|
|m_axi_gmem3_ARUSER    |  out|    1|       m_axi|             gmem3|       pointer|
|m_axi_gmem3_RVALID    |   in|    1|       m_axi|             gmem3|       pointer|
|m_axi_gmem3_RREADY    |  out|    1|       m_axi|             gmem3|       pointer|
|m_axi_gmem3_RDATA     |   in|   32|       m_axi|             gmem3|       pointer|
|m_axi_gmem3_RLAST     |   in|    1|       m_axi|             gmem3|       pointer|
|m_axi_gmem3_RID       |   in|    1|       m_axi|             gmem3|       pointer|
|m_axi_gmem3_RFIFONUM  |   in|    9|       m_axi|             gmem3|       pointer|
|m_axi_gmem3_RUSER     |   in|    1|       m_axi|             gmem3|       pointer|
|m_axi_gmem3_RRESP     |   in|    2|       m_axi|             gmem3|       pointer|
|m_axi_gmem3_BVALID    |   in|    1|       m_axi|             gmem3|       pointer|
|m_axi_gmem3_BREADY    |  out|    1|       m_axi|             gmem3|       pointer|
|m_axi_gmem3_BRESP     |   in|    2|       m_axi|             gmem3|       pointer|
|m_axi_gmem3_BID       |   in|    1|       m_axi|             gmem3|       pointer|
|m_axi_gmem3_BUSER     |   in|    1|       m_axi|             gmem3|       pointer|
|m_axi_gmem_AWVALID    |  out|    1|       m_axi|              gmem|       pointer|
|m_axi_gmem_AWREADY    |   in|    1|       m_axi|              gmem|       pointer|
|m_axi_gmem_AWADDR     |  out|   64|       m_axi|              gmem|       pointer|
|m_axi_gmem_AWID       |  out|    1|       m_axi|              gmem|       pointer|
|m_axi_gmem_AWLEN      |  out|   32|       m_axi|              gmem|       pointer|
|m_axi_gmem_AWSIZE     |  out|    3|       m_axi|              gmem|       pointer|
|m_axi_gmem_AWBURST    |  out|    2|       m_axi|              gmem|       pointer|
|m_axi_gmem_AWLOCK     |  out|    2|       m_axi|              gmem|       pointer|
|m_axi_gmem_AWCACHE    |  out|    4|       m_axi|              gmem|       pointer|
|m_axi_gmem_AWPROT     |  out|    3|       m_axi|              gmem|       pointer|
|m_axi_gmem_AWQOS      |  out|    4|       m_axi|              gmem|       pointer|
|m_axi_gmem_AWREGION   |  out|    4|       m_axi|              gmem|       pointer|
|m_axi_gmem_AWUSER     |  out|    1|       m_axi|              gmem|       pointer|
|m_axi_gmem_WVALID     |  out|    1|       m_axi|              gmem|       pointer|
|m_axi_gmem_WREADY     |   in|    1|       m_axi|              gmem|       pointer|
|m_axi_gmem_WDATA      |  out|   32|       m_axi|              gmem|       pointer|
|m_axi_gmem_WSTRB      |  out|    4|       m_axi|              gmem|       pointer|
|m_axi_gmem_WLAST      |  out|    1|       m_axi|              gmem|       pointer|
|m_axi_gmem_WID        |  out|    1|       m_axi|              gmem|       pointer|
|m_axi_gmem_WUSER      |  out|    1|       m_axi|              gmem|       pointer|
|m_axi_gmem_ARVALID    |  out|    1|       m_axi|              gmem|       pointer|
|m_axi_gmem_ARREADY    |   in|    1|       m_axi|              gmem|       pointer|
|m_axi_gmem_ARADDR     |  out|   64|       m_axi|              gmem|       pointer|
|m_axi_gmem_ARID       |  out|    1|       m_axi|              gmem|       pointer|
|m_axi_gmem_ARLEN      |  out|   32|       m_axi|              gmem|       pointer|
|m_axi_gmem_ARSIZE     |  out|    3|       m_axi|              gmem|       pointer|
|m_axi_gmem_ARBURST    |  out|    2|       m_axi|              gmem|       pointer|
|m_axi_gmem_ARLOCK     |  out|    2|       m_axi|              gmem|       pointer|
|m_axi_gmem_ARCACHE    |  out|    4|       m_axi|              gmem|       pointer|
|m_axi_gmem_ARPROT     |  out|    3|       m_axi|              gmem|       pointer|
|m_axi_gmem_ARQOS      |  out|    4|       m_axi|              gmem|       pointer|
|m_axi_gmem_ARREGION   |  out|    4|       m_axi|              gmem|       pointer|
|m_axi_gmem_ARUSER     |  out|    1|       m_axi|              gmem|       pointer|
|m_axi_gmem_RVALID     |   in|    1|       m_axi|              gmem|       pointer|
|m_axi_gmem_RREADY     |  out|    1|       m_axi|              gmem|       pointer|
|m_axi_gmem_RDATA      |   in|   32|       m_axi|              gmem|       pointer|
|m_axi_gmem_RLAST      |   in|    1|       m_axi|              gmem|       pointer|
|m_axi_gmem_RID        |   in|    1|       m_axi|              gmem|       pointer|
|m_axi_gmem_RFIFONUM   |   in|    9|       m_axi|              gmem|       pointer|
|m_axi_gmem_RUSER      |   in|    1|       m_axi|              gmem|       pointer|
|m_axi_gmem_RRESP      |   in|    2|       m_axi|              gmem|       pointer|
|m_axi_gmem_BVALID     |   in|    1|       m_axi|              gmem|       pointer|
|m_axi_gmem_BREADY     |  out|    1|       m_axi|              gmem|       pointer|
|m_axi_gmem_BRESP      |   in|    2|       m_axi|              gmem|       pointer|
|m_axi_gmem_BID        |   in|    1|       m_axi|              gmem|       pointer|
|m_axi_gmem_BUSER      |   in|    1|       m_axi|              gmem|       pointer|
|buffer_DataIn_1       |   in|   64|     ap_none|   buffer_DataIn_1|        scalar|
|m_axi_gmem0_AWVALID   |  out|    1|       m_axi|             gmem0|       pointer|
|m_axi_gmem0_AWREADY   |   in|    1|       m_axi|             gmem0|       pointer|
|m_axi_gmem0_AWADDR    |  out|   64|       m_axi|             gmem0|       pointer|
|m_axi_gmem0_AWID      |  out|    1|       m_axi|             gmem0|       pointer|
|m_axi_gmem0_AWLEN     |  out|   32|       m_axi|             gmem0|       pointer|
|m_axi_gmem0_AWSIZE    |  out|    3|       m_axi|             gmem0|       pointer|
|m_axi_gmem0_AWBURST   |  out|    2|       m_axi|             gmem0|       pointer|
|m_axi_gmem0_AWLOCK    |  out|    2|       m_axi|             gmem0|       pointer|
|m_axi_gmem0_AWCACHE   |  out|    4|       m_axi|             gmem0|       pointer|
|m_axi_gmem0_AWPROT    |  out|    3|       m_axi|             gmem0|       pointer|
|m_axi_gmem0_AWQOS     |  out|    4|       m_axi|             gmem0|       pointer|
|m_axi_gmem0_AWREGION  |  out|    4|       m_axi|             gmem0|       pointer|
|m_axi_gmem0_AWUSER    |  out|    1|       m_axi|             gmem0|       pointer|
|m_axi_gmem0_WVALID    |  out|    1|       m_axi|             gmem0|       pointer|
|m_axi_gmem0_WREADY    |   in|    1|       m_axi|             gmem0|       pointer|
|m_axi_gmem0_WDATA     |  out|   32|       m_axi|             gmem0|       pointer|
|m_axi_gmem0_WSTRB     |  out|    4|       m_axi|             gmem0|       pointer|
|m_axi_gmem0_WLAST     |  out|    1|       m_axi|             gmem0|       pointer|
|m_axi_gmem0_WID       |  out|    1|       m_axi|             gmem0|       pointer|
|m_axi_gmem0_WUSER     |  out|    1|       m_axi|             gmem0|       pointer|
|m_axi_gmem0_ARVALID   |  out|    1|       m_axi|             gmem0|       pointer|
|m_axi_gmem0_ARREADY   |   in|    1|       m_axi|             gmem0|       pointer|
|m_axi_gmem0_ARADDR    |  out|   64|       m_axi|             gmem0|       pointer|
|m_axi_gmem0_ARID      |  out|    1|       m_axi|             gmem0|       pointer|
|m_axi_gmem0_ARLEN     |  out|   32|       m_axi|             gmem0|       pointer|
|m_axi_gmem0_ARSIZE    |  out|    3|       m_axi|             gmem0|       pointer|
|m_axi_gmem0_ARBURST   |  out|    2|       m_axi|             gmem0|       pointer|
|m_axi_gmem0_ARLOCK    |  out|    2|       m_axi|             gmem0|       pointer|
|m_axi_gmem0_ARCACHE   |  out|    4|       m_axi|             gmem0|       pointer|
|m_axi_gmem0_ARPROT    |  out|    3|       m_axi|             gmem0|       pointer|
|m_axi_gmem0_ARQOS     |  out|    4|       m_axi|             gmem0|       pointer|
|m_axi_gmem0_ARREGION  |  out|    4|       m_axi|             gmem0|       pointer|
|m_axi_gmem0_ARUSER    |  out|    1|       m_axi|             gmem0|       pointer|
|m_axi_gmem0_RVALID    |   in|    1|       m_axi|             gmem0|       pointer|
|m_axi_gmem0_RREADY    |  out|    1|       m_axi|             gmem0|       pointer|
|m_axi_gmem0_RDATA     |   in|   32|       m_axi|             gmem0|       pointer|
|m_axi_gmem0_RLAST     |   in|    1|       m_axi|             gmem0|       pointer|
|m_axi_gmem0_RID       |   in|    1|       m_axi|             gmem0|       pointer|
|m_axi_gmem0_RFIFONUM  |   in|    9|       m_axi|             gmem0|       pointer|
|m_axi_gmem0_RUSER     |   in|    1|       m_axi|             gmem0|       pointer|
|m_axi_gmem0_RRESP     |   in|    2|       m_axi|             gmem0|       pointer|
|m_axi_gmem0_BVALID    |   in|    1|       m_axi|             gmem0|       pointer|
|m_axi_gmem0_BREADY    |  out|    1|       m_axi|             gmem0|       pointer|
|m_axi_gmem0_BRESP     |   in|    2|       m_axi|             gmem0|       pointer|
|m_axi_gmem0_BID       |   in|    1|       m_axi|             gmem0|       pointer|
|m_axi_gmem0_BUSER     |   in|    1|       m_axi|             gmem0|       pointer|
|out_r                 |   in|   64|     ap_none|             out_r|        scalar|
|buffer_kernel         |   in|   64|     ap_none|     buffer_kernel|        scalar|
+----------------------+-----+-----+------------+------------------+--------------+

