

================================================================
== Vitis HLS Report for 'BatchNorm_3_Pipeline_VITIS_LOOP_22_4'
================================================================
* Date:           Fri Nov 10 02:20:20 2023

* Version:        2022.1 (Build 3526262 on Mon Apr 18 15:47:01 MDT 2022)
* Project:        proj_kernel_EMO
* Solution:       solution1 (Vivado IP Flow Target)
* Product family: virtexuplus
* Target device:  xcu250-figd2104-2L-e


================================================================
== Performance Estimates
================================================================
+ Timing: 
    * Summary: 
    +--------+----------+-----------+------------+
    |  Clock |  Target  | Estimated | Uncertainty|
    +--------+----------+-----------+------------+
    |ap_clk  |  50.00 ns|  36.500 ns|    13.50 ns|
    +--------+----------+-----------+------------+

+ Latency: 
    * Summary: 
    +---------+---------+----------+----------+-----+-----+---------+
    |  Latency (cycles) |  Latency (absolute) |  Interval | Pipeline|
    |   min   |   max   |    min   |    max   | min | max |   Type  |
    +---------+---------+----------+----------+-----+-----+---------+
    |       31|       31|  1.550 us|  1.550 us|   31|   31|       no|
    +---------+---------+----------+----------+-----+-----+---------+

    + Detail: 
        * Instance: 
        N/A

        * Loop: 
        +-------------------+---------+---------+----------+-----------+-----------+------+----------+
        |                   |  Latency (cycles) | Iteration|  Initiation Interval  | Trip |          |
        |     Loop Name     |   min   |   max   |  Latency |  achieved |   target  | Count| Pipelined|
        +-------------------+---------+---------+----------+-----------+-----------+------+----------+
        |- VITIS_LOOP_22_4  |       29|       29|        24|          1|          1|     7|       yes|
        +-------------------+---------+---------+----------+-----------+-----------+------+----------+



================================================================
== Utilization Estimates
================================================================
* Summary: 
+---------------------+---------+-------+---------+---------+------+
|         Name        | BRAM_18K|  DSP  |    FF   |   LUT   | URAM |
+---------------------+---------+-------+---------+---------+------+
|DSP                  |        -|      -|        -|        -|     -|
|Expression           |        -|      -|        0|       46|     -|
|FIFO                 |        -|      -|        -|        -|     -|
|Instance             |        -|     13|      256|     1040|     -|
|Memory               |        -|      -|        -|        -|     -|
|Multiplexer          |        -|      -|        -|       81|     -|
|Register             |        -|      -|      597|       96|     -|
+---------------------+---------+-------+---------+---------+------+
|Total                |        0|     13|      853|     1263|     0|
+---------------------+---------+-------+---------+---------+------+
|Available SLR        |     1344|   3072|   864000|   432000|   320|
+---------------------+---------+-------+---------+---------+------+
|Utilization SLR (%)  |        0|     ~0|       ~0|       ~0|     0|
+---------------------+---------+-------+---------+---------+------+
|Available            |     5376|  12288|  3456000|  1728000|  1280|
+---------------------+---------+-------+---------+---------+------+
|Utilization (%)      |        0|     ~0|       ~0|       ~0|     0|
+---------------------+---------+-------+---------+---------+------+

+ Detail: 
    * Instance: 
    +--------------------------------------+--------------------------------+---------+----+-----+-----+-----+
    |               Instance               |             Module             | BRAM_18K| DSP|  FF | LUT | URAM|
    +--------------------------------------+--------------------------------+---------+----+-----+-----+-----+
    |dadd_64ns_64ns_64_1_full_dsp_1_U4827  |dadd_64ns_64ns_64_1_full_dsp_1  |        0|   3|    0|  708|    0|
    |ddiv_64ns_64ns_64_5_no_dsp_1_U4829    |ddiv_64ns_64ns_64_5_no_dsp_1    |        0|   0|    0|    0|    0|
    |dmul_64ns_64ns_64_2_max_dsp_1_U4828   |dmul_64ns_64ns_64_2_max_dsp_1   |        0|   8|  256|  106|    0|
    |fpext_32ns_64_1_no_dsp_1_U4826        |fpext_32ns_64_1_no_dsp_1        |        0|   0|    0|    0|    0|
    |fptrunc_64ns_32_1_no_dsp_1_U4825      |fptrunc_64ns_32_1_no_dsp_1      |        0|   0|    0|    0|    0|
    |fsub_32ns_32ns_32_1_full_dsp_1_U4824  |fsub_32ns_32ns_32_1_full_dsp_1  |        0|   2|    0|  226|    0|
    +--------------------------------------+--------------------------------+---------+----+-----+-----+-----+
    |Total                                 |                                |        0|  13|  256| 1040|    0|
    +--------------------------------------+--------------------------------+---------+----+-----+-----+-----+

    * DSP: 
    N/A

    * Memory: 
    N/A

    * FIFO: 
    N/A

    * Expression: 
    +------------------------------------+----------+----+---+----+------------+------------+
    |            Variable Name           | Operation| DSP| FF| LUT| Bitwidth P0| Bitwidth P1|
    +------------------------------------+----------+----+---+----+------------+------------+
    |add_ln22_fu_208_p2                  |         +|   0|  0|  10|           3|           1|
    |ap_block_state18_io                 |       and|   0|  0|   2|           1|           1|
    |ap_block_state24_pp0_stage0_iter23  |       and|   0|  0|   2|           1|           1|
    |ap_block_state2_io                  |       and|   0|  0|   2|           1|           1|
    |ap_block_state9_pp0_stage0_iter8    |       and|   0|  0|   2|           1|           1|
    |ap_condition_685                    |       and|   0|  0|   2|           1|           1|
    |ap_predicate_op51_readreq_state2    |       and|   0|  0|   2|           1|           1|
    |ap_predicate_op73_writereq_state18  |       and|   0|  0|   2|           1|           1|
    |icmp_ln22_1_fu_214_p2               |      icmp|   0|  0|   8|           3|           2|
    |icmp_ln22_fu_202_p2                 |      icmp|   0|  0|   8|           3|           2|
    |ap_block_pp0_stage0_01001           |        or|   0|  0|   2|           1|           1|
    |ap_block_pp0_stage0_11001           |        or|   0|  0|   2|           1|           1|
    |ap_enable_pp0                       |       xor|   0|  0|   2|           1|           2|
    +------------------------------------+----------+----+---+----+------------+------------+
    |Total                               |          |   0|  0|  46|          19|          16|
    +------------------------------------+----------+----+---+----+------------+------------+

    * Multiplexer: 
    +--------------------------+----+-----------+-----+-----------+
    |           Name           | LUT| Input Size| Bits| Total Bits|
    +--------------------------+----+-----------+-----+-----------+
    |ap_done_int               |   9|          2|    1|          2|
    |ap_enable_reg_pp0_iter18  |   9|          2|    1|          2|
    |ap_sig_allocacmp_w_4      |   9|          2|    3|          6|
    |gmem0_blk_n_AW            |   9|          2|    1|          2|
    |gmem0_blk_n_B             |   9|          2|    1|          2|
    |gmem0_blk_n_W             |   9|          2|    1|          2|
    |gmem3_blk_n_AR            |   9|          2|    1|          2|
    |gmem3_blk_n_R             |   9|          2|    1|          2|
    |w_fu_82                   |   9|          2|    3|          6|
    +--------------------------+----+-----------+-----+-----------+
    |Total                     |  81|         18|   13|         26|
    +--------------------------+----+-----------+-----+-----------+

    * Register: 
    +-----------------------------------+----+----+-----+-----------+
    |                Name               | FF | LUT| Bits| Const Bits|
    +-----------------------------------+----+----+-----+-----------+
    |add_reg_321                        |  64|   0|   64|          0|
    |ap_CS_fsm                          |   1|   0|    1|          0|
    |ap_done_reg                        |   1|   0|    1|          0|
    |ap_enable_reg_pp0_iter1            |   1|   0|    1|          0|
    |ap_enable_reg_pp0_iter10           |   1|   0|    1|          0|
    |ap_enable_reg_pp0_iter11           |   1|   0|    1|          0|
    |ap_enable_reg_pp0_iter12           |   1|   0|    1|          0|
    |ap_enable_reg_pp0_iter13           |   1|   0|    1|          0|
    |ap_enable_reg_pp0_iter14           |   1|   0|    1|          0|
    |ap_enable_reg_pp0_iter15           |   1|   0|    1|          0|
    |ap_enable_reg_pp0_iter16           |   1|   0|    1|          0|
    |ap_enable_reg_pp0_iter17           |   1|   0|    1|          0|
    |ap_enable_reg_pp0_iter18           |   1|   0|    1|          0|
    |ap_enable_reg_pp0_iter19           |   1|   0|    1|          0|
    |ap_enable_reg_pp0_iter2            |   1|   0|    1|          0|
    |ap_enable_reg_pp0_iter20           |   1|   0|    1|          0|
    |ap_enable_reg_pp0_iter21           |   1|   0|    1|          0|
    |ap_enable_reg_pp0_iter22           |   1|   0|    1|          0|
    |ap_enable_reg_pp0_iter23           |   1|   0|    1|          0|
    |ap_enable_reg_pp0_iter3            |   1|   0|    1|          0|
    |ap_enable_reg_pp0_iter4            |   1|   0|    1|          0|
    |ap_enable_reg_pp0_iter5            |   1|   0|    1|          0|
    |ap_enable_reg_pp0_iter6            |   1|   0|    1|          0|
    |ap_enable_reg_pp0_iter7            |   1|   0|    1|          0|
    |ap_enable_reg_pp0_iter8            |   1|   0|    1|          0|
    |ap_enable_reg_pp0_iter9            |   1|   0|    1|          0|
    |ap_loop_exit_ready_pp0_iter10_reg  |   1|   0|    1|          0|
    |ap_loop_exit_ready_pp0_iter11_reg  |   1|   0|    1|          0|
    |ap_loop_exit_ready_pp0_iter12_reg  |   1|   0|    1|          0|
    |ap_loop_exit_ready_pp0_iter13_reg  |   1|   0|    1|          0|
    |ap_loop_exit_ready_pp0_iter14_reg  |   1|   0|    1|          0|
    |ap_loop_exit_ready_pp0_iter15_reg  |   1|   0|    1|          0|
    |ap_loop_exit_ready_pp0_iter16_reg  |   1|   0|    1|          0|
    |ap_loop_exit_ready_pp0_iter17_reg  |   1|   0|    1|          0|
    |ap_loop_exit_ready_pp0_iter18_reg  |   1|   0|    1|          0|
    |ap_loop_exit_ready_pp0_iter19_reg  |   1|   0|    1|          0|
    |ap_loop_exit_ready_pp0_iter1_reg   |   1|   0|    1|          0|
    |ap_loop_exit_ready_pp0_iter20_reg  |   1|   0|    1|          0|
    |ap_loop_exit_ready_pp0_iter21_reg  |   1|   0|    1|          0|
    |ap_loop_exit_ready_pp0_iter22_reg  |   1|   0|    1|          0|
    |ap_loop_exit_ready_pp0_iter2_reg   |   1|   0|    1|          0|
    |ap_loop_exit_ready_pp0_iter3_reg   |   1|   0|    1|          0|
    |ap_loop_exit_ready_pp0_iter4_reg   |   1|   0|    1|          0|
    |ap_loop_exit_ready_pp0_iter5_reg   |   1|   0|    1|          0|
    |ap_loop_exit_ready_pp0_iter6_reg   |   1|   0|    1|          0|
    |ap_loop_exit_ready_pp0_iter7_reg   |   1|   0|    1|          0|
    |ap_loop_exit_ready_pp0_iter8_reg   |   1|   0|    1|          0|
    |ap_loop_exit_ready_pp0_iter9_reg   |   1|   0|    1|          0|
    |conv5_reg_332                      |  32|   0|   32|          0|
    |first_iter_0_reg_150               |   1|   0|    1|          0|
    |gmem3_addr_read_reg_296            |  32|   0|   32|          0|
    |icmp_ln22_1_reg_286                |   1|   0|    1|          0|
    |icmp_ln22_reg_282                  |   1|   0|    1|          0|
    |mul33_reg_316                      |  64|   0|   64|          0|
    |sext_ln22_1_cast_reg_272           |  64|   0|   64|          0|
    |sext_ln22_cast_reg_277             |  64|   0|   64|          0|
    |sub_reg_301                        |  32|   0|   32|          0|
    |w_fu_82                            |   3|   0|    3|          0|
    |first_iter_0_reg_150               |  64|  32|    1|          0|
    |icmp_ln22_1_reg_286                |  64|  32|    1|          0|
    |icmp_ln22_reg_282                  |  64|  32|    1|          0|
    +-----------------------------------+----+----+-----+-----------+
    |Total                              | 597|  96|  408|          0|
    +-----------------------------------+----+----+-----+-----------+



================================================================
== Interface
================================================================
* Summary: 
+----------------------+-----+-----+------------+--------------------------------------+--------------+
|       RTL Ports      | Dir | Bits|  Protocol  |             Source Object            |    C Type    |
+----------------------+-----+-----+------------+--------------------------------------+--------------+
|ap_clk                |   in|    1|  ap_ctrl_hs|  BatchNorm.3_Pipeline_VITIS_LOOP_22_4|  return value|
|ap_rst                |   in|    1|  ap_ctrl_hs|  BatchNorm.3_Pipeline_VITIS_LOOP_22_4|  return value|
|ap_start              |   in|    1|  ap_ctrl_hs|  BatchNorm.3_Pipeline_VITIS_LOOP_22_4|  return value|
|ap_done               |  out|    1|  ap_ctrl_hs|  BatchNorm.3_Pipeline_VITIS_LOOP_22_4|  return value|
|ap_idle               |  out|    1|  ap_ctrl_hs|  BatchNorm.3_Pipeline_VITIS_LOOP_22_4|  return value|
|ap_ready              |  out|    1|  ap_ctrl_hs|  BatchNorm.3_Pipeline_VITIS_LOOP_22_4|  return value|
|m_axi_gmem3_AWVALID   |  out|    1|       m_axi|                                 gmem3|       pointer|
|m_axi_gmem3_AWREADY   |   in|    1|       m_axi|                                 gmem3|       pointer|
|m_axi_gmem3_AWADDR    |  out|   64|       m_axi|                                 gmem3|       pointer|
|m_axi_gmem3_AWID      |  out|    1|       m_axi|                                 gmem3|       pointer|
|m_axi_gmem3_AWLEN     |  out|   32|       m_axi|                                 gmem3|       pointer|
|m_axi_gmem3_AWSIZE    |  out|    3|       m_axi|                                 gmem3|       pointer|
|m_axi_gmem3_AWBURST   |  out|    2|       m_axi|                                 gmem3|       pointer|
|m_axi_gmem3_AWLOCK    |  out|    2|       m_axi|                                 gmem3|       pointer|
|m_axi_gmem3_AWCACHE   |  out|    4|       m_axi|                                 gmem3|       pointer|
|m_axi_gmem3_AWPROT    |  out|    3|       m_axi|                                 gmem3|       pointer|
|m_axi_gmem3_AWQOS     |  out|    4|       m_axi|                                 gmem3|       pointer|
|m_axi_gmem3_AWREGION  |  out|    4|       m_axi|                                 gmem3|       pointer|
|m_axi_gmem3_AWUSER    |  out|    1|       m_axi|                                 gmem3|       pointer|
|m_axi_gmem3_WVALID    |  out|    1|       m_axi|                                 gmem3|       pointer|
|m_axi_gmem3_WREADY    |   in|    1|       m_axi|                                 gmem3|       pointer|
|m_axi_gmem3_WDATA     |  out|   32|       m_axi|                                 gmem3|       pointer|
|m_axi_gmem3_WSTRB     |  out|    4|       m_axi|                                 gmem3|       pointer|
|m_axi_gmem3_WLAST     |  out|    1|       m_axi|                                 gmem3|       pointer|
|m_axi_gmem3_WID       |  out|    1|       m_axi|                                 gmem3|       pointer|
|m_axi_gmem3_WUSER     |  out|    1|       m_axi|                                 gmem3|       pointer|
|m_axi_gmem3_ARVALID   |  out|    1|       m_axi|                                 gmem3|       pointer|
|m_axi_gmem3_ARREADY   |   in|    1|       m_axi|                                 gmem3|       pointer|
|m_axi_gmem3_ARADDR    |  out|   64|       m_axi|                                 gmem3|       pointer|
|m_axi_gmem3_ARID      |  out|    1|       m_axi|                                 gmem3|       pointer|
|m_axi_gmem3_ARLEN     |  out|   32|       m_axi|                                 gmem3|       pointer|
|m_axi_gmem3_ARSIZE    |  out|    3|       m_axi|                                 gmem3|       pointer|
|m_axi_gmem3_ARBURST   |  out|    2|       m_axi|                                 gmem3|       pointer|
|m_axi_gmem3_ARLOCK    |  out|    2|       m_axi|                                 gmem3|       pointer|
|m_axi_gmem3_ARCACHE   |  out|    4|       m_axi|                                 gmem3|       pointer|
|m_axi_gmem3_ARPROT    |  out|    3|       m_axi|                                 gmem3|       pointer|
|m_axi_gmem3_ARQOS     |  out|    4|       m_axi|                                 gmem3|       pointer|
|m_axi_gmem3_ARREGION  |  out|    4|       m_axi|                                 gmem3|       pointer|
|m_axi_gmem3_ARUSER    |  out|    1|       m_axi|                                 gmem3|       pointer|
|m_axi_gmem3_RVALID    |   in|    1|       m_axi|                                 gmem3|       pointer|
|m_axi_gmem3_RREADY    |  out|    1|       m_axi|                                 gmem3|       pointer|
|m_axi_gmem3_RDATA     |   in|   32|       m_axi|                                 gmem3|       pointer|
|m_axi_gmem3_RLAST     |   in|    1|       m_axi|                                 gmem3|       pointer|
|m_axi_gmem3_RID       |   in|    1|       m_axi|                                 gmem3|       pointer|
|m_axi_gmem3_RFIFONUM  |   in|    9|       m_axi|                                 gmem3|       pointer|
|m_axi_gmem3_RUSER     |   in|    1|       m_axi|                                 gmem3|       pointer|
|m_axi_gmem3_RRESP     |   in|    2|       m_axi|                                 gmem3|       pointer|
|m_axi_gmem3_BVALID    |   in|    1|       m_axi|                                 gmem3|       pointer|
|m_axi_gmem3_BREADY    |  out|    1|       m_axi|                                 gmem3|       pointer|
|m_axi_gmem3_BRESP     |   in|    2|       m_axi|                                 gmem3|       pointer|
|m_axi_gmem3_BID       |   in|    1|       m_axi|                                 gmem3|       pointer|
|m_axi_gmem3_BUSER     |   in|    1|       m_axi|                                 gmem3|       pointer|
|m_axi_gmem0_AWVALID   |  out|    1|       m_axi|                                 gmem0|       pointer|
|m_axi_gmem0_AWREADY   |   in|    1|       m_axi|                                 gmem0|       pointer|
|m_axi_gmem0_AWADDR    |  out|   64|       m_axi|                                 gmem0|       pointer|
|m_axi_gmem0_AWID      |  out|    1|       m_axi|                                 gmem0|       pointer|
|m_axi_gmem0_AWLEN     |  out|   32|       m_axi|                                 gmem0|       pointer|
|m_axi_gmem0_AWSIZE    |  out|    3|       m_axi|                                 gmem0|       pointer|
|m_axi_gmem0_AWBURST   |  out|    2|       m_axi|                                 gmem0|       pointer|
|m_axi_gmem0_AWLOCK    |  out|    2|       m_axi|                                 gmem0|       pointer|
|m_axi_gmem0_AWCACHE   |  out|    4|       m_axi|                                 gmem0|       pointer|
|m_axi_gmem0_AWPROT    |  out|    3|       m_axi|                                 gmem0|       pointer|
|m_axi_gmem0_AWQOS     |  out|    4|       m_axi|                                 gmem0|       pointer|
|m_axi_gmem0_AWREGION  |  out|    4|       m_axi|                                 gmem0|       pointer|
|m_axi_gmem0_AWUSER    |  out|    1|       m_axi|                                 gmem0|       pointer|
|m_axi_gmem0_WVALID    |  out|    1|       m_axi|                                 gmem0|       pointer|
|m_axi_gmem0_WREADY    |   in|    1|       m_axi|                                 gmem0|       pointer|
|m_axi_gmem0_WDATA     |  out|   32|       m_axi|                                 gmem0|       pointer|
|m_axi_gmem0_WSTRB     |  out|    4|       m_axi|                                 gmem0|       pointer|
|m_axi_gmem0_WLAST     |  out|    1|       m_axi|                                 gmem0|       pointer|
|m_axi_gmem0_WID       |  out|    1|       m_axi|                                 gmem0|       pointer|
|m_axi_gmem0_WUSER     |  out|    1|       m_axi|                                 gmem0|       pointer|
|m_axi_gmem0_ARVALID   |  out|    1|       m_axi|                                 gmem0|       pointer|
|m_axi_gmem0_ARREADY   |   in|    1|       m_axi|                                 gmem0|       pointer|
|m_axi_gmem0_ARADDR    |  out|   64|       m_axi|                                 gmem0|       pointer|
|m_axi_gmem0_ARID      |  out|    1|       m_axi|                                 gmem0|       pointer|
|m_axi_gmem0_ARLEN     |  out|   32|       m_axi|                                 gmem0|       pointer|
|m_axi_gmem0_ARSIZE    |  out|    3|       m_axi|                                 gmem0|       pointer|
|m_axi_gmem0_ARBURST   |  out|    2|       m_axi|                                 gmem0|       pointer|
|m_axi_gmem0_ARLOCK    |  out|    2|       m_axi|                                 gmem0|       pointer|
|m_axi_gmem0_ARCACHE   |  out|    4|       m_axi|                                 gmem0|       pointer|
|m_axi_gmem0_ARPROT    |  out|    3|       m_axi|                                 gmem0|       pointer|
|m_axi_gmem0_ARQOS     |  out|    4|       m_axi|                                 gmem0|       pointer|
|m_axi_gmem0_ARREGION  |  out|    4|       m_axi|                                 gmem0|       pointer|
|m_axi_gmem0_ARUSER    |  out|    1|       m_axi|                                 gmem0|       pointer|
|m_axi_gmem0_RVALID    |   in|    1|       m_axi|                                 gmem0|       pointer|
|m_axi_gmem0_RREADY    |  out|    1|       m_axi|                                 gmem0|       pointer|
|m_axi_gmem0_RDATA     |   in|   32|       m_axi|                                 gmem0|       pointer|
|m_axi_gmem0_RLAST     |   in|    1|       m_axi|                                 gmem0|       pointer|
|m_axi_gmem0_RID       |   in|    1|       m_axi|                                 gmem0|       pointer|
|m_axi_gmem0_RFIFONUM  |   in|    9|       m_axi|                                 gmem0|       pointer|
|m_axi_gmem0_RUSER     |   in|    1|       m_axi|                                 gmem0|       pointer|
|m_axi_gmem0_RRESP     |   in|    2|       m_axi|                                 gmem0|       pointer|
|m_axi_gmem0_BVALID    |   in|    1|       m_axi|                                 gmem0|       pointer|
|m_axi_gmem0_BREADY    |  out|    1|       m_axi|                                 gmem0|       pointer|
|m_axi_gmem0_BRESP     |   in|    2|       m_axi|                                 gmem0|       pointer|
|m_axi_gmem0_BID       |   in|    1|       m_axi|                                 gmem0|       pointer|
|m_axi_gmem0_BUSER     |   in|    1|       m_axi|                                 gmem0|       pointer|
|sext_ln22             |   in|   62|     ap_none|                             sext_ln22|        scalar|
|sext_ln22_1           |   in|   62|     ap_none|                           sext_ln22_1|        scalar|
|running_mean_load     |   in|   32|     ap_none|                     running_mean_load|        scalar|
|tmp                   |   in|   64|     ap_none|                                   tmp|        scalar|
|conv3_mid2            |   in|   64|     ap_none|                            conv3_mid2|        scalar|
|conv4_mid2            |   in|   64|     ap_none|                            conv4_mid2|        scalar|
+----------------------+-----+-----+------------+--------------------------------------+--------------+

