

================================================================
== Vitis HLS Report for 'BatchNorm_1'
================================================================
* Date:           Fri Nov 10 02:16:18 2023

* Version:        2022.1 (Build 3526262 on Mon Apr 18 15:47:01 MDT 2022)
* Project:        proj_kernel_EMO
* Solution:       solution1 (Vivado IP Flow Target)
* Product family: virtexuplus
* Target device:  xcu250-figd2104-2L-e


================================================================
== Performance Estimates
================================================================
+ Timing: 
    * Summary: 
    +--------+----------+-----------+------------+
    |  Clock |  Target  | Estimated | Uncertainty|
    +--------+----------+-----------+------------+
    |ap_clk  |  50.00 ns|  36.500 ns|    13.50 ns|
    +--------+----------+-----------+------------+

+ Latency: 
    * Summary: 
    +---------+---------+----------+-----------+------+---------+---------+
    |  Latency (cycles) |  Latency (absolute)  |    Interval    | Pipeline|
    |   min   |   max   |    min   |    max    |  min |   max   |   Type  |
    +---------+---------+----------+-----------+------+---------+---------+
    |     8743|  9847047|  0.437 ms|  0.492 sec|  8743|  9847047|       no|
    +---------+---------+----------+-----------+------+---------+---------+

    + Detail: 
        * Instance: 
        +-------------------------------------------------+--------------------------------------+---------+---------+----------+----------+-----+-----+---------+
        |                                                 |                                      |  Latency (cycles) |  Latency (absolute) |  Interval | Pipeline|
        |                     Instance                    |                Module                |   min   |   max   |    min   |    max   | min | max |   Type  |
        +-------------------------------------------------+--------------------------------------+---------+---------+----------+----------+-----+-----+---------+
        |grp_BatchNorm_1_Pipeline_VITIS_LOOP_22_4_fu_240  |BatchNorm_1_Pipeline_VITIS_LOOP_22_4  |       31|      136|  1.550 us|  6.800 us|   31|  136|       no|
        +-------------------------------------------------+--------------------------------------+---------+---------+----------+----------+-----+-----+---------+

        * Loop: 
        +---------------------------------------------------+---------+---------+----------+-----------+-----------+-------------+----------+
        |                                                   |  Latency (cycles) | Iteration|  Initiation Interval  |     Trip    |          |
        |                     Loop Name                     |   min   |   max   |  Latency |  achieved |   target  |    Count    | Pipelined|
        +---------------------------------------------------+---------+---------+----------+-----------+-----------+-------------+----------+
        |- VITIS_LOOP_13_1_VITIS_LOOP_16_2_VITIS_LOOP_19_3  |     8739|  9847043|  52 ~ 157|          -|          -|  168 ~ 62720|        no|
        +---------------------------------------------------+---------+---------+----------+-----------+-----------+-------------+----------+



================================================================
== Utilization Estimates
================================================================
* Summary: 
+---------------------+---------+-------+---------+---------+------+
|         Name        | BRAM_18K|  DSP  |    FF   |   LUT   | URAM |
+---------------------+---------+-------+---------+---------+------+
|DSP                  |        -|      4|        -|        -|     -|
|Expression           |        -|      -|        0|     1479|     -|
|FIFO                 |        -|      -|        -|        -|     -|
|Instance             |        -|     16|      864|     1979|     -|
|Memory               |        -|      -|        -|        -|     -|
|Multiplexer          |        -|      -|        -|      277|     -|
|Register             |        -|      -|     1193|        -|     -|
+---------------------+---------+-------+---------+---------+------+
|Total                |        0|     20|     2057|     3735|     0|
+---------------------+---------+-------+---------+---------+------+
|Available SLR        |     1344|   3072|   864000|   432000|   320|
+---------------------+---------+-------+---------+---------+------+
|Utilization SLR (%)  |        0|     ~0|       ~0|       ~0|     0|
+---------------------+---------+-------+---------+---------+------+
|Available            |     5376|  12288|  3456000|  1728000|  1280|
+---------------------+---------+-------+---------+---------+------+
|Utilization (%)      |        0|     ~0|       ~0|       ~0|     0|
+---------------------+---------+-------+---------+---------+------+

+ Detail: 
    * Instance: 
    +-------------------------------------------------+--------------------------------------+---------+----+-----+------+-----+
    |                     Instance                    |                Module                | BRAM_18K| DSP|  FF |  LUT | URAM|
    +-------------------------------------------------+--------------------------------------+---------+----+-----+------+-----+
    |grp_BatchNorm_1_Pipeline_VITIS_LOOP_22_4_fu_240  |BatchNorm_1_Pipeline_VITIS_LOOP_22_4  |        0|  13|  864|  1271|    0|
    |dadd_64ns_64ns_64_1_full_dsp_1_U51               |dadd_64ns_64ns_64_1_full_dsp_1        |        0|   3|    0|   708|    0|
    |dsqrt_64ns_64ns_64_5_no_dsp_1_U52                |dsqrt_64ns_64ns_64_5_no_dsp_1         |        0|   0|    0|     0|    0|
    |fpext_32ns_64_1_no_dsp_1_U49                     |fpext_32ns_64_1_no_dsp_1              |        0|   0|    0|     0|    0|
    |fpext_32ns_64_1_no_dsp_1_U50                     |fpext_32ns_64_1_no_dsp_1              |        0|   0|    0|     0|    0|
    +-------------------------------------------------+--------------------------------------+---------+----+-----+------+-----+
    |Total                                            |                                      |        0|  16|  864|  1979|    0|
    +-------------------------------------------------+--------------------------------------+---------+----+-----+------+-----+

    * DSP: 
    +-----------------------------+-------------------------+-----------+
    |           Instance          |          Module         | Expression|
    +-----------------------------+-------------------------+-----------+
    |mul_mul_10ns_7ns_16_4_1_U54  |mul_mul_10ns_7ns_16_4_1  |    i0 * i1|
    |mul_mul_10ns_7ns_16_4_1_U55  |mul_mul_10ns_7ns_16_4_1  |    i0 * i1|
    |mul_mul_10ns_7ns_17_4_1_U53  |mul_mul_10ns_7ns_17_4_1  |    i0 * i1|
    |mul_mul_16ns_7ns_23_4_1_U56  |mul_mul_16ns_7ns_23_4_1  |    i0 * i1|
    +-----------------------------+-------------------------+-----------+

    * Memory: 
    N/A

    * FIFO: 
    N/A

    * Expression: 
    +---------------------------+----------+----+---+----+------------+------------+
    |       Variable Name       | Operation| DSP| FF| LUT| Bitwidth P0| Bitwidth P1|
    +---------------------------+----------+----+---+----+------------+------------+
    |add_ln13_fu_464_p2         |         +|   0|  0|  24|          17|           1|
    |add_ln16_3_fu_742_p2       |         +|   0|  0|  24|          17|           1|
    |add_ln16_fu_558_p2         |         +|   0|  0|  17|          10|           1|
    |add_ln19_fu_736_p2         |         +|   0|  0|  14|           7|           1|
    |empty_893_fu_404_p2        |         +|   0|  0|  71|          64|          64|
    |empty_894_fu_409_p2        |         +|   0|  0|  71|          64|          64|
    |empty_895_fu_414_p2        |         +|   0|  0|  71|          64|          64|
    |empty_897_fu_831_p2        |         +|   0|  0|  71|          64|          64|
    |empty_898_fu_836_p2        |         +|   0|  0|  71|          64|          64|
    |empty_fu_399_p2            |         +|   0|  0|  71|          64|          64|
    |p_mid118_fu_590_p2         |         +|   0|  0|  71|          64|          64|
    |p_mid120_fu_595_p2         |         +|   0|  0|  71|          64|          64|
    |p_mid122_fu_600_p2         |         +|   0|  0|  71|          64|          64|
    |p_mid124_fu_605_p2         |         +|   0|  0|  71|          64|          64|
    |tmp1_fu_810_p2             |         +|   0|  0|  23|          16|          16|
    |tmp2_fu_375_p2             |         +|   0|  0|  17|          10|          10|
    |tmp2_mid1_fu_610_p2        |         +|   0|  0|  17|          10|          10|
    |and_ln16_1_fu_494_p2       |       and|   0|  0|   2|           1|           1|
    |and_ln16_fu_366_p2         |       and|   0|  0|   2|           1|           1|
    |tmp3_mid175_fu_786_p2      |       and|   0|  0|   7|           7|           7|
    |icmp_ln13_fu_459_p2        |      icmp|   0|  0|  13|          17|          17|
    |icmp_ln16_fu_476_p2        |      icmp|   0|  0|  13|          17|          17|
    |icmp_ln19_1_fu_538_p2      |      icmp|   0|  0|  10|           7|           7|
    |icmp_ln19_fu_358_p2        |      icmp|   0|  0|  10|           7|           1|
    |or_ln16_fu_564_p2          |        or|   0|  0|   2|           1|           1|
    |and_ln16_1_cast_fu_779_p3  |    select|   0|  0|   2|           1|           2|
    |n_mid2_fu_550_p3           |    select|   0|  0|   2|           1|           1|
    |select_ln13_3_fu_499_p3    |    select|   0|  0|   2|           1|           1|
    |select_ln13_4_fu_795_p3    |    select|   0|  0|  16|           1|          16|
    |select_ln13_5_fu_510_p3    |    select|   0|  0|  61|           1|          62|
    |select_ln13_6_fu_517_p3    |    select|   0|  0|  61|           1|          62|
    |select_ln13_7_fu_524_p3    |    select|   0|  0|  61|           1|          62|
    |select_ln13_8_fu_531_p3    |    select|   0|  0|  61|           1|          62|
    |select_ln13_9_fu_543_p3    |    select|   0|  0|   2|           1|           1|
    |select_ln13_fu_481_p3      |    select|   0|  0|  10|           1|           1|
    |select_ln16_10_fu_682_p3   |    select|   0|  0|  61|           1|          62|
    |select_ln16_11_fu_710_p3   |    select|   0|  0|  61|           1|          62|
    |select_ln16_12_fu_728_p3   |    select|   0|  0|  10|           1|          10|
    |select_ln16_13_fu_748_p3   |    select|   0|  0|  17|           1|           1|
    |select_ln16_7_fu_801_p3    |    select|   0|  0|  16|           1|          16|
    |select_ln16_8_fu_626_p3    |    select|   0|  0|  61|           1|          62|
    |select_ln16_9_fu_654_p3    |    select|   0|  0|  61|           1|          62|
    |select_ln16_fu_570_p3      |    select|   0|  0|   7|           1|           1|
    |xor_ln13_fu_488_p2         |       xor|   0|  0|   2|           1|           2|
    +---------------------------+----------+----+---+----+------------+------------+
    |Total                      |          |   0|  0|1479|         804|        1280|
    +---------------------------+----------+----+---+----+------------+------------+

    * Multiplexer: 
    +--------------------------+-----+-----------+-----+-----------+
    |           Name           | LUT | Input Size| Bits| Total Bits|
    +--------------------------+-----+-----------+-----+-----------+
    |ap_NS_fsm                 |  129|         26|    1|         26|
    |c_fu_114                  |    9|          2|   10|         20|
    |gmem_blk_n_AR             |    9|          2|    1|          2|
    |gmem_blk_n_R              |    9|          2|    1|          2|
    |grp_fu_256_p0             |   14|          3|   32|         96|
    |h_fu_110                  |    9|          2|    7|         14|
    |indvar_flatten127_fu_122  |    9|          2|   17|         34|
    |indvar_flatten_fu_118     |    9|          2|   17|         34|
    |m_axi_gmem11_ARVALID      |    9|          2|    1|          2|
    |m_axi_gmem11_RREADY       |    9|          2|    1|          2|
    |m_axi_gmem2_AWVALID       |    9|          2|    1|          2|
    |m_axi_gmem2_BREADY        |    9|          2|    1|          2|
    |m_axi_gmem2_WVALID        |    9|          2|    1|          2|
    |m_axi_gmem_ARADDR         |   26|          5|   64|        320|
    |n_reg_228                 |    9|          2|    1|          2|
    +--------------------------+-----+-----------+-----+-----------+
    |Total                     |  277|         58|  156|        560|
    +--------------------------+-----+-----------+-----+-----------+

    * Register: 
    +--------------------------------------------------------------+----+----+-----+-----------+
    |                             Name                             | FF | LUT| Bits| Const Bits|
    +--------------------------------------------------------------+----+----+-----+-----------+
    |add29_mid2_reg_1139                                           |  64|   0|   64|          0|
    |and_ln16_1_reg_1060                                           |   1|   0|    1|          0|
    |and_ln16_reg_1037                                             |   1|   0|    1|          0|
    |ap_CS_fsm                                                     |  25|   0|   25|          0|
    |bitcast_ln16_reg_1159                                         |  32|   0|   32|          0|
    |bound_reg_1003                                                |  17|   0|   17|          0|
    |c_fu_114                                                      |  10|   0|   10|          0|
    |conv3_mid2_reg_1154                                           |  64|   0|   64|          0|
    |gmem_addr_328_read_reg_1134                                   |  32|   0|   32|          0|
    |gmem_addr_328_reg_1091                                        |  64|   0|   64|          0|
    |gmem_addr_329_read_reg_1144                                   |  32|   0|   32|          0|
    |gmem_addr_329_reg_1097                                        |  64|   0|   64|          0|
    |gmem_addr_330_read_reg_1149                                   |  32|   0|   32|          0|
    |gmem_addr_330_reg_1103                                        |  64|   0|   64|          0|
    |gmem_addr_read_reg_1129                                       |  32|   0|   32|          0|
    |gmem_addr_reg_1085                                            |  64|   0|   64|          0|
    |grp_BatchNorm_1_Pipeline_VITIS_LOOP_22_4_fu_240_ap_start_reg  |   1|   0|    1|          0|
    |h_fu_110                                                      |   7|   0|    7|          0|
    |icmp_ln16_reg_1055                                            |   1|   0|    1|          0|
    |icmp_ln19_reg_1029                                            |   1|   0|    1|          0|
    |indvar_flatten127_fu_122                                      |  17|   0|   17|          0|
    |indvar_flatten_fu_118                                         |  17|   0|   17|          0|
    |n_mid2_reg_1070                                               |   1|   0|    1|          0|
    |n_reg_228                                                     |   1|   0|    1|          0|
    |p_cast1_mid_reg_1009                                          |  62|   0|   62|          0|
    |p_cast2_mid_reg_1014                                          |  62|   0|   62|          0|
    |p_cast3_mid_reg_1019                                          |  62|   0|   62|          0|
    |p_cast4_mid_reg_1024                                          |  62|   0|   62|          0|
    |p_read2_cast_reg_992                                          |   7|   0|   16|          9|
    |reg_273                                                       |  64|   0|   64|          0|
    |select_ln13_9_reg_1065                                        |   1|   0|    1|          0|
    |select_ln16_reg_1075                                          |   7|   0|    7|          0|
    |tmp2_mid1_reg_1080                                            |  10|   0|   10|          0|
    |tmp3_reg_1047                                                 |  16|   0|   16|          0|
    |tmp_reg_1164                                                  |  64|   0|   64|          0|
    |trunc_ln16_reg_936                                            |   1|   0|    1|          0|
    |trunc_ln22_3_reg_1124                                         |  62|   0|   62|          0|
    |trunc_ln22_reg_1119                                           |  62|   0|   62|          0|
    |zext_ln13_reg_998                                             |   7|   0|   23|         16|
    +--------------------------------------------------------------+----+----+-----+-----------+
    |Total                                                         |1193|   0| 1218|         25|
    +--------------------------------------------------------------+----+----+-----+-----------+



================================================================
== Interface
================================================================
* Summary: 
+-----------------------+-----+-----+------------+--------------+--------------+
|       RTL Ports       | Dir | Bits|  Protocol  | Source Object|    C Type    |
+-----------------------+-----+-----+------------+--------------+--------------+
|ap_clk                 |   in|    1|  ap_ctrl_hs|   BatchNorm.1|  return value|
|ap_rst                 |   in|    1|  ap_ctrl_hs|   BatchNorm.1|  return value|
|ap_start               |   in|    1|  ap_ctrl_hs|   BatchNorm.1|  return value|
|ap_done                |  out|    1|  ap_ctrl_hs|   BatchNorm.1|  return value|
|ap_idle                |  out|    1|  ap_ctrl_hs|   BatchNorm.1|  return value|
|ap_ready               |  out|    1|  ap_ctrl_hs|   BatchNorm.1|  return value|
|m_axi_gmem11_AWVALID   |  out|    1|       m_axi|         gmem0|       pointer|
|m_axi_gmem11_AWREADY   |   in|    1|       m_axi|         gmem0|       pointer|
|m_axi_gmem11_AWADDR    |  out|   64|       m_axi|         gmem0|       pointer|
|m_axi_gmem11_AWID      |  out|    1|       m_axi|         gmem0|       pointer|
|m_axi_gmem11_AWLEN     |  out|   32|       m_axi|         gmem0|       pointer|
|m_axi_gmem11_AWSIZE    |  out|    3|       m_axi|         gmem0|       pointer|
|m_axi_gmem11_AWBURST   |  out|    2|       m_axi|         gmem0|       pointer|
|m_axi_gmem11_AWLOCK    |  out|    2|       m_axi|         gmem0|       pointer|
|m_axi_gmem11_AWCACHE   |  out|    4|       m_axi|         gmem0|       pointer|
|m_axi_gmem11_AWPROT    |  out|    3|       m_axi|         gmem0|       pointer|
|m_axi_gmem11_AWQOS     |  out|    4|       m_axi|         gmem0|       pointer|
|m_axi_gmem11_AWREGION  |  out|    4|       m_axi|         gmem0|       pointer|
|m_axi_gmem11_AWUSER    |  out|    1|       m_axi|         gmem0|       pointer|
|m_axi_gmem11_WVALID    |  out|    1|       m_axi|         gmem0|       pointer|
|m_axi_gmem11_WREADY    |   in|    1|       m_axi|         gmem0|       pointer|
|m_axi_gmem11_WDATA     |  out|   32|       m_axi|         gmem0|       pointer|
|m_axi_gmem11_WSTRB     |  out|    4|       m_axi|         gmem0|       pointer|
|m_axi_gmem11_WLAST     |  out|    1|       m_axi|         gmem0|       pointer|
|m_axi_gmem11_WID       |  out|    1|       m_axi|         gmem0|       pointer|
|m_axi_gmem11_WUSER     |  out|    1|       m_axi|         gmem0|       pointer|
|m_axi_gmem11_ARVALID   |  out|    1|       m_axi|         gmem0|       pointer|
|m_axi_gmem11_ARREADY   |   in|    1|       m_axi|         gmem0|       pointer|
|m_axi_gmem11_ARADDR    |  out|   64|       m_axi|         gmem0|       pointer|
|m_axi_gmem11_ARID      |  out|    1|       m_axi|         gmem0|       pointer|
|m_axi_gmem11_ARLEN     |  out|   32|       m_axi|         gmem0|       pointer|
|m_axi_gmem11_ARSIZE    |  out|    3|       m_axi|         gmem0|       pointer|
|m_axi_gmem11_ARBURST   |  out|    2|       m_axi|         gmem0|       pointer|
|m_axi_gmem11_ARLOCK    |  out|    2|       m_axi|         gmem0|       pointer|
|m_axi_gmem11_ARCACHE   |  out|    4|       m_axi|         gmem0|       pointer|
|m_axi_gmem11_ARPROT    |  out|    3|       m_axi|         gmem0|       pointer|
|m_axi_gmem11_ARQOS     |  out|    4|       m_axi|         gmem0|       pointer|
|m_axi_gmem11_ARREGION  |  out|    4|       m_axi|         gmem0|       pointer|
|m_axi_gmem11_ARUSER    |  out|    1|       m_axi|         gmem0|       pointer|
|m_axi_gmem11_RVALID    |   in|    1|       m_axi|         gmem0|       pointer|
|m_axi_gmem11_RREADY    |  out|    1|       m_axi|         gmem0|       pointer|
|m_axi_gmem11_RDATA     |   in|   32|       m_axi|         gmem0|       pointer|
|m_axi_gmem11_RLAST     |   in|    1|       m_axi|         gmem0|       pointer|
|m_axi_gmem11_RID       |   in|    1|       m_axi|         gmem0|       pointer|
|m_axi_gmem11_RFIFONUM  |   in|    9|       m_axi|         gmem0|       pointer|
|m_axi_gmem11_RUSER     |   in|    1|       m_axi|         gmem0|       pointer|
|m_axi_gmem11_RRESP     |   in|    2|       m_axi|         gmem0|       pointer|
|m_axi_gmem11_BVALID    |   in|    1|       m_axi|         gmem0|       pointer|
|m_axi_gmem11_BREADY    |  out|    1|       m_axi|         gmem0|       pointer|
|m_axi_gmem11_BRESP     |   in|    2|       m_axi|         gmem0|       pointer|
|m_axi_gmem11_BID       |   in|    1|       m_axi|         gmem0|       pointer|
|m_axi_gmem11_BUSER     |   in|    1|       m_axi|         gmem0|       pointer|
|X_data                 |   in|   64|     ap_none|        X_data|        scalar|
|m_axi_gmem2_AWVALID    |  out|    1|       m_axi|         gmem0|       pointer|
|m_axi_gmem2_AWREADY    |   in|    1|       m_axi|         gmem0|       pointer|
|m_axi_gmem2_AWADDR     |  out|   64|       m_axi|         gmem0|       pointer|
|m_axi_gmem2_AWID       |  out|    1|       m_axi|         gmem0|       pointer|
|m_axi_gmem2_AWLEN      |  out|   32|       m_axi|         gmem0|       pointer|
|m_axi_gmem2_AWSIZE     |  out|    3|       m_axi|         gmem0|       pointer|
|m_axi_gmem2_AWBURST    |  out|    2|       m_axi|         gmem0|       pointer|
|m_axi_gmem2_AWLOCK     |  out|    2|       m_axi|         gmem0|       pointer|
|m_axi_gmem2_AWCACHE    |  out|    4|       m_axi|         gmem0|       pointer|
|m_axi_gmem2_AWPROT     |  out|    3|       m_axi|         gmem0|       pointer|
|m_axi_gmem2_AWQOS      |  out|    4|       m_axi|         gmem0|       pointer|
|m_axi_gmem2_AWREGION   |  out|    4|       m_axi|         gmem0|       pointer|
|m_axi_gmem2_AWUSER     |  out|    1|       m_axi|         gmem0|       pointer|
|m_axi_gmem2_WVALID     |  out|    1|       m_axi|         gmem0|       pointer|
|m_axi_gmem2_WREADY     |   in|    1|       m_axi|         gmem0|       pointer|
|m_axi_gmem2_WDATA      |  out|   32|       m_axi|         gmem0|       pointer|
|m_axi_gmem2_WSTRB      |  out|    4|       m_axi|         gmem0|       pointer|
|m_axi_gmem2_WLAST      |  out|    1|       m_axi|         gmem0|       pointer|
|m_axi_gmem2_WID        |  out|    1|       m_axi|         gmem0|       pointer|
|m_axi_gmem2_WUSER      |  out|    1|       m_axi|         gmem0|       pointer|
|m_axi_gmem2_ARVALID    |  out|    1|       m_axi|         gmem0|       pointer|
|m_axi_gmem2_ARREADY    |   in|    1|       m_axi|         gmem0|       pointer|
|m_axi_gmem2_ARADDR     |  out|   64|       m_axi|         gmem0|       pointer|
|m_axi_gmem2_ARID       |  out|    1|       m_axi|         gmem0|       pointer|
|m_axi_gmem2_ARLEN      |  out|   32|       m_axi|         gmem0|       pointer|
|m_axi_gmem2_ARSIZE     |  out|    3|       m_axi|         gmem0|       pointer|
|m_axi_gmem2_ARBURST    |  out|    2|       m_axi|         gmem0|       pointer|
|m_axi_gmem2_ARLOCK     |  out|    2|       m_axi|         gmem0|       pointer|
|m_axi_gmem2_ARCACHE    |  out|    4|       m_axi|         gmem0|       pointer|
|m_axi_gmem2_ARPROT     |  out|    3|       m_axi|         gmem0|       pointer|
|m_axi_gmem2_ARQOS      |  out|    4|       m_axi|         gmem0|       pointer|
|m_axi_gmem2_ARREGION   |  out|    4|       m_axi|         gmem0|       pointer|
|m_axi_gmem2_ARUSER     |  out|    1|       m_axi|         gmem0|       pointer|
|m_axi_gmem2_RVALID     |   in|    1|       m_axi|         gmem0|       pointer|
|m_axi_gmem2_RREADY     |  out|    1|       m_axi|         gmem0|       pointer|
|m_axi_gmem2_RDATA      |   in|   32|       m_axi|         gmem0|       pointer|
|m_axi_gmem2_RLAST      |   in|    1|       m_axi|         gmem0|       pointer|
|m_axi_gmem2_RID        |   in|    1|       m_axi|         gmem0|       pointer|
|m_axi_gmem2_RFIFONUM   |   in|    9|       m_axi|         gmem0|       pointer|
|m_axi_gmem2_RUSER      |   in|    1|       m_axi|         gmem0|       pointer|
|m_axi_gmem2_RRESP      |   in|    2|       m_axi|         gmem0|       pointer|
|m_axi_gmem2_BVALID     |   in|    1|       m_axi|         gmem0|       pointer|
|m_axi_gmem2_BREADY     |  out|    1|       m_axi|         gmem0|       pointer|
|m_axi_gmem2_BRESP      |   in|    2|       m_axi|         gmem0|       pointer|
|m_axi_gmem2_BID        |   in|    1|       m_axi|         gmem0|       pointer|
|m_axi_gmem2_BUSER      |   in|    1|       m_axi|         gmem0|       pointer|
|Y_data                 |   in|   64|     ap_none|        Y_data|        scalar|
|p_read1                |   in|   10|     ap_none|       p_read1|        scalar|
|p_read2                |   in|    7|     ap_none|       p_read2|        scalar|
|p_read3                |   in|    7|     ap_none|       p_read3|        scalar|
|m_axi_gmem_AWVALID     |  out|    1|       m_axi|          gmem|       pointer|
|m_axi_gmem_AWREADY     |   in|    1|       m_axi|          gmem|       pointer|
|m_axi_gmem_AWADDR      |  out|   64|       m_axi|          gmem|       pointer|
|m_axi_gmem_AWID        |  out|    1|       m_axi|          gmem|       pointer|
|m_axi_gmem_AWLEN       |  out|   32|       m_axi|          gmem|       pointer|
|m_axi_gmem_AWSIZE      |  out|    3|       m_axi|          gmem|       pointer|
|m_axi_gmem_AWBURST     |  out|    2|       m_axi|          gmem|       pointer|
|m_axi_gmem_AWLOCK      |  out|    2|       m_axi|          gmem|       pointer|
|m_axi_gmem_AWCACHE     |  out|    4|       m_axi|          gmem|       pointer|
|m_axi_gmem_AWPROT      |  out|    3|       m_axi|          gmem|       pointer|
|m_axi_gmem_AWQOS       |  out|    4|       m_axi|          gmem|       pointer|
|m_axi_gmem_AWREGION    |  out|    4|       m_axi|          gmem|       pointer|
|m_axi_gmem_AWUSER      |  out|    1|       m_axi|          gmem|       pointer|
|m_axi_gmem_WVALID      |  out|    1|       m_axi|          gmem|       pointer|
|m_axi_gmem_WREADY      |   in|    1|       m_axi|          gmem|       pointer|
|m_axi_gmem_WDATA       |  out|   32|       m_axi|          gmem|       pointer|
|m_axi_gmem_WSTRB       |  out|    4|       m_axi|          gmem|       pointer|
|m_axi_gmem_WLAST       |  out|    1|       m_axi|          gmem|       pointer|
|m_axi_gmem_WID         |  out|    1|       m_axi|          gmem|       pointer|
|m_axi_gmem_WUSER       |  out|    1|       m_axi|          gmem|       pointer|
|m_axi_gmem_ARVALID     |  out|    1|       m_axi|          gmem|       pointer|
|m_axi_gmem_ARREADY     |   in|    1|       m_axi|          gmem|       pointer|
|m_axi_gmem_ARADDR      |  out|   64|       m_axi|          gmem|       pointer|
|m_axi_gmem_ARID        |  out|    1|       m_axi|          gmem|       pointer|
|m_axi_gmem_ARLEN       |  out|   32|       m_axi|          gmem|       pointer|
|m_axi_gmem_ARSIZE      |  out|    3|       m_axi|          gmem|       pointer|
|m_axi_gmem_ARBURST     |  out|    2|       m_axi|          gmem|       pointer|
|m_axi_gmem_ARLOCK      |  out|    2|       m_axi|          gmem|       pointer|
|m_axi_gmem_ARCACHE     |  out|    4|       m_axi|          gmem|       pointer|
|m_axi_gmem_ARPROT      |  out|    3|       m_axi|          gmem|       pointer|
|m_axi_gmem_ARQOS       |  out|    4|       m_axi|          gmem|       pointer|
|m_axi_gmem_ARREGION    |  out|    4|       m_axi|          gmem|       pointer|
|m_axi_gmem_ARUSER      |  out|    1|       m_axi|          gmem|       pointer|
|m_axi_gmem_RVALID      |   in|    1|       m_axi|          gmem|       pointer|
|m_axi_gmem_RREADY      |  out|    1|       m_axi|          gmem|       pointer|
|m_axi_gmem_RDATA       |   in|   32|       m_axi|          gmem|       pointer|
|m_axi_gmem_RLAST       |   in|    1|       m_axi|          gmem|       pointer|
|m_axi_gmem_RID         |   in|    1|       m_axi|          gmem|       pointer|
|m_axi_gmem_RFIFONUM    |   in|    9|       m_axi|          gmem|       pointer|
|m_axi_gmem_RUSER       |   in|    1|       m_axi|          gmem|       pointer|
|m_axi_gmem_RRESP       |   in|    2|       m_axi|          gmem|       pointer|
|m_axi_gmem_BVALID      |   in|    1|       m_axi|          gmem|       pointer|
|m_axi_gmem_BREADY      |  out|    1|       m_axi|          gmem|       pointer|
|m_axi_gmem_BRESP       |   in|    2|       m_axi|          gmem|       pointer|
|m_axi_gmem_BID         |   in|    1|       m_axi|          gmem|       pointer|
|m_axi_gmem_BUSER       |   in|    1|       m_axi|          gmem|       pointer|
|running_mean           |   in|   64|     ap_none|  running_mean|        scalar|
|running_var            |   in|   64|     ap_none|   running_var|        scalar|
|gamma                  |   in|   64|     ap_none|         gamma|        scalar|
|beta                   |   in|   64|     ap_none|          beta|        scalar|
+-----------------------+-----+-----+------------+--------------+--------------+

