

================================================================
== Vitis HLS Report for 'clear_data_3_1_Pipeline_VITIS_LOOP_55_7'
================================================================
* Date:           Fri Nov 10 02:18:40 2023

* Version:        2022.1 (Build 3526262 on Mon Apr 18 15:47:01 MDT 2022)
* Project:        proj_kernel_EMO
* Solution:       solution1 (Vivado IP Flow Target)
* Product family: virtexuplus
* Target device:  xcu250-figd2104-2L-e


================================================================
== Performance Estimates
================================================================
+ Timing: 
    * Summary: 
    +--------+----------+-----------+------------+
    |  Clock |  Target  | Estimated | Uncertainty|
    +--------+----------+-----------+------------+
    |ap_clk  |  50.00 ns|  36.500 ns|    13.50 ns|
    +--------+----------+-----------+------------+

+ Latency: 
    * Summary: 
    +---------+---------+----------+----------+-------+-------+---------+
    |  Latency (cycles) |  Latency (absolute) |    Interval   | Pipeline|
    |   min   |   max   |    min   |    max   |  min  |  max  |   Type  |
    +---------+---------+----------+----------+-------+-------+---------+
    |    15682|    15682|  0.784 ms|  0.784 ms|  15682|  15682|       no|
    +---------+---------+----------+----------+-------+-------+---------+

    + Detail: 
        * Instance: 
        N/A

        * Loop: 
        +-------------------+---------+---------+----------+-----------+-----------+-------+----------+
        |                   |  Latency (cycles) | Iteration|  Initiation Interval  |  Trip |          |
        |     Loop Name     |   min   |   max   |  Latency |  achieved |   target  | Count | Pipelined|
        +-------------------+---------+---------+----------+-----------+-----------+-------+----------+
        |- VITIS_LOOP_55_7  |    15680|    15680|         2|          1|          1|  15680|       yes|
        +-------------------+---------+---------+----------+-----------+-----------+-------+----------+



================================================================
== Utilization Estimates
================================================================
* Summary: 
+---------------------+---------+-------+---------+---------+------+
|         Name        | BRAM_18K|  DSP  |    FF   |   LUT   | URAM |
+---------------------+---------+-------+---------+---------+------+
|DSP                  |        -|      -|        -|        -|     -|
|Expression           |        -|      -|        0|       37|     -|
|FIFO                 |        -|      -|        -|        -|     -|
|Instance             |        -|      -|        -|        -|     -|
|Memory               |        -|      -|        -|        -|     -|
|Multiplexer          |        -|      -|        -|       45|     -|
|Register             |        -|      -|       17|        -|     -|
+---------------------+---------+-------+---------+---------+------+
|Total                |        0|      0|       17|       82|     0|
+---------------------+---------+-------+---------+---------+------+
|Available SLR        |     1344|   3072|   864000|   432000|   320|
+---------------------+---------+-------+---------+---------+------+
|Utilization SLR (%)  |        0|      0|       ~0|       ~0|     0|
+---------------------+---------+-------+---------+---------+------+
|Available            |     5376|  12288|  3456000|  1728000|  1280|
+---------------------+---------+-------+---------+---------+------+
|Utilization (%)      |        0|      0|       ~0|       ~0|     0|
+---------------------+---------+-------+---------+---------+------+

+ Detail: 
    * Instance: 
    N/A

    * DSP: 
    N/A

    * Memory: 
    N/A

    * FIFO: 
    N/A

    * Expression: 
    +---------------------------+----------+----+---+----+------------+------------+
    |       Variable Name       | Operation| DSP| FF| LUT| Bitwidth P0| Bitwidth P1|
    +---------------------------+----------+----+---+----+------------+------------+
    |add_ln55_fu_91_p2          |         +|   0|  0|  21|          14|           1|
    |ap_block_pp0_stage0_11001  |       and|   0|  0|   2|           1|           1|
    |icmp_ln55_fu_85_p2         |      icmp|   0|  0|  12|          14|          11|
    |ap_enable_pp0              |       xor|   0|  0|   2|           1|           2|
    +---------------------------+----------+----+---+----+------------+------------+
    |Total                      |          |   0|  0|  37|          30|          15|
    +---------------------------+----------+----+---+----+------------+------------+

    * Multiplexer: 
    +-------------------------+----+-----------+-----+-----------+
    |           Name          | LUT| Input Size| Bits| Total Bits|
    +-------------------------+----+-----------+-----+-----------+
    |ap_done_int              |   9|          2|    1|          2|
    |ap_enable_reg_pp0_iter1  |   9|          2|    1|          2|
    |ap_sig_allocacmp_i_26    |   9|          2|   14|         28|
    |gmem1_blk_n_W            |   9|          2|    1|          2|
    |i_fu_48                  |   9|          2|   14|         28|
    +-------------------------+----+-----------+-----+-----------+
    |Total                    |  45|         10|   31|         62|
    +-------------------------+----+-----------+-----+-----------+

    * Register: 
    +-------------------------+----+----+-----+-----------+
    |           Name          | FF | LUT| Bits| Const Bits|
    +-------------------------+----+----+-----+-----------+
    |ap_CS_fsm                |   1|   0|    1|          0|
    |ap_done_reg              |   1|   0|    1|          0|
    |ap_enable_reg_pp0_iter1  |   1|   0|    1|          0|
    |i_fu_48                  |  14|   0|   14|          0|
    +-------------------------+----+----+-----+-----------+
    |Total                    |  17|   0|   17|          0|
    +-------------------------+----+----+-----+-----------+



================================================================
== Interface
================================================================
* Summary: 
+----------------------+-----+-----+------------+-----------------------------------------+--------------+
|       RTL Ports      | Dir | Bits|  Protocol  |              Source Object              |    C Type    |
+----------------------+-----+-----+------------+-----------------------------------------+--------------+
|ap_clk                |   in|    1|  ap_ctrl_hs|  clear_data_3.1_Pipeline_VITIS_LOOP_55_7|  return value|
|ap_rst                |   in|    1|  ap_ctrl_hs|  clear_data_3.1_Pipeline_VITIS_LOOP_55_7|  return value|
|ap_start              |   in|    1|  ap_ctrl_hs|  clear_data_3.1_Pipeline_VITIS_LOOP_55_7|  return value|
|ap_done               |  out|    1|  ap_ctrl_hs|  clear_data_3.1_Pipeline_VITIS_LOOP_55_7|  return value|
|ap_idle               |  out|    1|  ap_ctrl_hs|  clear_data_3.1_Pipeline_VITIS_LOOP_55_7|  return value|
|ap_ready              |  out|    1|  ap_ctrl_hs|  clear_data_3.1_Pipeline_VITIS_LOOP_55_7|  return value|
|m_axi_gmem1_AWVALID   |  out|    1|       m_axi|                                    gmem1|       pointer|
|m_axi_gmem1_AWREADY   |   in|    1|       m_axi|                                    gmem1|       pointer|
|m_axi_gmem1_AWADDR    |  out|   64|       m_axi|                                    gmem1|       pointer|
|m_axi_gmem1_AWID      |  out|    1|       m_axi|                                    gmem1|       pointer|
|m_axi_gmem1_AWLEN     |  out|   32|       m_axi|                                    gmem1|       pointer|
|m_axi_gmem1_AWSIZE    |  out|    3|       m_axi|                                    gmem1|       pointer|
|m_axi_gmem1_AWBURST   |  out|    2|       m_axi|                                    gmem1|       pointer|
|m_axi_gmem1_AWLOCK    |  out|    2|       m_axi|                                    gmem1|       pointer|
|m_axi_gmem1_AWCACHE   |  out|    4|       m_axi|                                    gmem1|       pointer|
|m_axi_gmem1_AWPROT    |  out|    3|       m_axi|                                    gmem1|       pointer|
|m_axi_gmem1_AWQOS     |  out|    4|       m_axi|                                    gmem1|       pointer|
|m_axi_gmem1_AWREGION  |  out|    4|       m_axi|                                    gmem1|       pointer|
|m_axi_gmem1_AWUSER    |  out|    1|       m_axi|                                    gmem1|       pointer|
|m_axi_gmem1_WVALID    |  out|    1|       m_axi|                                    gmem1|       pointer|
|m_axi_gmem1_WREADY    |   in|    1|       m_axi|                                    gmem1|       pointer|
|m_axi_gmem1_WDATA     |  out|   32|       m_axi|                                    gmem1|       pointer|
|m_axi_gmem1_WSTRB     |  out|    4|       m_axi|                                    gmem1|       pointer|
|m_axi_gmem1_WLAST     |  out|    1|       m_axi|                                    gmem1|       pointer|
|m_axi_gmem1_WID       |  out|    1|       m_axi|                                    gmem1|       pointer|
|m_axi_gmem1_WUSER     |  out|    1|       m_axi|                                    gmem1|       pointer|
|m_axi_gmem1_ARVALID   |  out|    1|       m_axi|                                    gmem1|       pointer|
|m_axi_gmem1_ARREADY   |   in|    1|       m_axi|                                    gmem1|       pointer|
|m_axi_gmem1_ARADDR    |  out|   64|       m_axi|                                    gmem1|       pointer|
|m_axi_gmem1_ARID      |  out|    1|       m_axi|                                    gmem1|       pointer|
|m_axi_gmem1_ARLEN     |  out|   32|       m_axi|                                    gmem1|       pointer|
|m_axi_gmem1_ARSIZE    |  out|    3|       m_axi|                                    gmem1|       pointer|
|m_axi_gmem1_ARBURST   |  out|    2|       m_axi|                                    gmem1|       pointer|
|m_axi_gmem1_ARLOCK    |  out|    2|       m_axi|                                    gmem1|       pointer|
|m_axi_gmem1_ARCACHE   |  out|    4|       m_axi|                                    gmem1|       pointer|
|m_axi_gmem1_ARPROT    |  out|    3|       m_axi|                                    gmem1|       pointer|
|m_axi_gmem1_ARQOS     |  out|    4|       m_axi|                                    gmem1|       pointer|
|m_axi_gmem1_ARREGION  |  out|    4|       m_axi|                                    gmem1|       pointer|
|m_axi_gmem1_ARUSER    |  out|    1|       m_axi|                                    gmem1|       pointer|
|m_axi_gmem1_RVALID    |   in|    1|       m_axi|                                    gmem1|       pointer|
|m_axi_gmem1_RREADY    |  out|    1|       m_axi|                                    gmem1|       pointer|
|m_axi_gmem1_RDATA     |   in|   32|       m_axi|                                    gmem1|       pointer|
|m_axi_gmem1_RLAST     |   in|    1|       m_axi|                                    gmem1|       pointer|
|m_axi_gmem1_RID       |   in|    1|       m_axi|                                    gmem1|       pointer|
|m_axi_gmem1_RFIFONUM  |   in|    9|       m_axi|                                    gmem1|       pointer|
|m_axi_gmem1_RUSER     |   in|    1|       m_axi|                                    gmem1|       pointer|
|m_axi_gmem1_RRESP     |   in|    2|       m_axi|                                    gmem1|       pointer|
|m_axi_gmem1_BVALID    |   in|    1|       m_axi|                                    gmem1|       pointer|
|m_axi_gmem1_BREADY    |  out|    1|       m_axi|                                    gmem1|       pointer|
|m_axi_gmem1_BRESP     |   in|    2|       m_axi|                                    gmem1|       pointer|
|m_axi_gmem1_BID       |   in|    1|       m_axi|                                    gmem1|       pointer|
|m_axi_gmem1_BUSER     |   in|    1|       m_axi|                                    gmem1|       pointer|
|sext_ln55             |   in|   62|     ap_none|                                sext_ln55|        scalar|
+----------------------+-----+-----+------------+-----------------------------------------+--------------+

