

================================================================
== Vitis HLS Report for 'compute_multiplication_Pipeline_VITIS_LOOP_208_4'
================================================================
* Date:           Fri Nov 10 02:18:06 2023

* Version:        2022.1 (Build 3526262 on Mon Apr 18 15:47:01 MDT 2022)
* Project:        proj_kernel_EMO
* Solution:       solution1 (Vivado IP Flow Target)
* Product family: virtexuplus
* Target device:  xcu250-figd2104-2L-e


================================================================
== Performance Estimates
================================================================
+ Timing: 
    * Summary: 
    +--------+----------+-----------+------------+
    |  Clock |  Target  | Estimated | Uncertainty|
    +--------+----------+-----------+------------+
    |ap_clk  |  50.00 ns|  36.500 ns|    13.50 ns|
    +--------+----------+-----------+------------+

+ Latency: 
    * Summary: 
    +---------+---------+----------+----------+-----+-----+---------+
    |  Latency (cycles) |  Latency (absolute) |  Interval | Pipeline|
    |   min   |   max   |    min   |    max   | min | max |   Type  |
    +---------+---------+----------+----------+-----+-----+---------+
    |       54|      112|  2.700 us|  5.600 us|   54|  112|       no|
    +---------+---------+----------+----------+-----+-----+---------+

    + Detail: 
        * Instance: 
        N/A

        * Loop: 
        +--------------------+---------+---------+----------+-----------+-----------+---------+----------+
        |                    |  Latency (cycles) | Iteration|  Initiation Interval  |   Trip  |          |
        |      Loop Name     |   min   |   max   |  Latency |  achieved |   target  |  Count  | Pipelined|
        +--------------------+---------+---------+----------+-----------+-----------+---------+----------+
        |- VITIS_LOOP_208_4  |       52|      110|        15|          2|          1|  20 ~ 49|       yes|
        +--------------------+---------+---------+----------+-----------+-----------+---------+----------+



================================================================
== Utilization Estimates
================================================================
* Summary: 
+---------------------+---------+-------+---------+---------+------+
|         Name        | BRAM_18K|  DSP  |    FF   |   LUT   | URAM |
+---------------------+---------+-------+---------+---------+------+
|DSP                  |        -|      1|        -|        -|     -|
|Expression           |        -|      -|        0|      174|     -|
|FIFO                 |        -|      -|        -|        -|     -|
|Instance             |        -|      5|        0|      303|     -|
|Memory               |        -|      -|        -|        -|     -|
|Multiplexer          |        -|      -|        -|      191|     -|
|Register             |        -|      -|      382|       32|     -|
+---------------------+---------+-------+---------+---------+------+
|Total                |        0|      6|      382|      700|     0|
+---------------------+---------+-------+---------+---------+------+
|Available SLR        |     1344|   3072|   864000|   432000|   320|
+---------------------+---------+-------+---------+---------+------+
|Utilization SLR (%)  |        0|     ~0|       ~0|       ~0|     0|
+---------------------+---------+-------+---------+---------+------+
|Available            |     5376|  12288|  3456000|  1728000|  1280|
+---------------------+---------+-------+---------+---------+------+
|Utilization (%)      |        0|     ~0|       ~0|       ~0|     0|
+---------------------+---------+-------+---------+---------+------+

+ Detail: 
    * Instance: 
    +--------------------------------------+--------------------------------+---------+----+---+-----+-----+
    |               Instance               |             Module             | BRAM_18K| DSP| FF| LUT | URAM|
    +--------------------------------------+--------------------------------+---------+----+---+-----+-----+
    |fadd_32ns_32ns_32_1_full_dsp_1_U4003  |fadd_32ns_32ns_32_1_full_dsp_1  |        0|   2|  0|  226|    0|
    |fmul_32ns_32ns_32_1_max_dsp_1_U4004   |fmul_32ns_32ns_32_1_max_dsp_1   |        0|   3|  0|   77|    0|
    +--------------------------------------+--------------------------------+---------+----+---+-----+-----+
    |Total                                 |                                |        0|   5|  0|  303|    0|
    +--------------------------------------+--------------------------------+---------+----+---+-----+-----+

    * DSP: 
    +---------------------------------------------+---------------------------------------+---------------------+
    |                   Instance                  |                 Module                |      Expression     |
    +---------------------------------------------+---------------------------------------+---------------------+
    |ama_addmuladd_6ns_10ns_6ns_6ns_16_4_1_U4005  |ama_addmuladd_6ns_10ns_6ns_6ns_16_4_1  |  (i0 + i1) * i2 + i3|
    +---------------------------------------------+---------------------------------------+---------------------+

    * Memory: 
    N/A

    * FIFO: 
    N/A

    * Expression: 
    +---------------------------+----------+----+---+----+------------+------------+
    |       Variable Name       | Operation| DSP| FF| LUT| Bitwidth P0| Bitwidth P1|
    +---------------------------+----------+----+---+----+------------+------------+
    |add_ln208_fu_212_p2        |         +|   0|  0|  13|           6|           1|
    |add_ln209_fu_226_p2        |         +|   0|  0|  70|          63|          63|
    |add_ln210_2_fu_258_p2      |         +|   0|  0|  71|          64|          64|
    |ap_block_pp0_stage0_01001  |       and|   0|  0|   2|           1|           1|
    |ap_block_state2_io         |       and|   0|  0|   2|           1|           1|
    |icmp_ln208_fu_206_p2       |      icmp|   0|  0|  10|           6|           6|
    |ap_block_pp0_stage0_11001  |        or|   0|  0|   2|           1|           1|
    |ap_block_pp0_stage1_11001  |        or|   0|  0|   2|           1|           1|
    |ap_enable_pp0              |       xor|   0|  0|   2|           1|           2|
    +---------------------------+----------+----+---+----+------------+------------+
    |Total                      |          |   0|  0| 174|         144|         140|
    +---------------------------+----------+----+---+----+------------+------------+

    * Multiplexer: 
    +----------------------------------+----+-----------+-----+-----------+
    |               Name               | LUT| Input Size| Bits| Total Bits|
    +----------------------------------+----+-----------+-----+-----------+
    |ap_NS_fsm                         |  14|          3|    1|          3|
    |ap_done_int                       |   9|          2|    1|          2|
    |ap_enable_reg_pp0_iter0           |   9|          2|    1|          2|
    |ap_enable_reg_pp0_iter1           |   9|          2|    1|          2|
    |ap_enable_reg_pp0_iter7           |   9|          2|    1|          2|
    |ap_loop_exit_ready_pp0_iter1_reg  |   9|          2|    1|          2|
    |ap_loop_exit_ready_pp0_iter2_reg  |   9|          2|    1|          2|
    |ap_loop_exit_ready_pp0_iter3_reg  |   9|          2|    1|          2|
    |ap_loop_exit_ready_pp0_iter4_reg  |   9|          2|    1|          2|
    |ap_loop_exit_ready_pp0_iter5_reg  |   9|          2|    1|          2|
    |ap_loop_exit_ready_pp0_iter6_reg  |   9|          2|    1|          2|
    |ap_sig_allocacmp_j_7              |   9|          2|    6|         12|
    |gmem_blk_n_AR                     |   9|          2|    1|          2|
    |gmem_blk_n_R                      |   9|          2|    1|          2|
    |grp_fu_171_p0                     |  14|          3|   32|         96|
    |grp_fu_171_p1                     |  14|          3|   32|         96|
    |j_fu_90                           |   9|          2|    6|         12|
    |m_axi_gmem_ARADDR                 |  14|          3|   64|        192|
    |sum_fu_86                         |   9|          2|   32|         64|
    +----------------------------------+----+-----------+-----+-----------+
    |Total                             | 191|         42|  185|        499|
    +----------------------------------+----+-----------+-----+-----------+

    * Register: 
    +-----------------------------------------+----+----+-----+-----------+
    |                   Name                  | FF | LUT| Bits| Const Bits|
    +-----------------------------------------+----+----+-----+-----------+
    |ap_CS_fsm                                |   2|   0|    2|          0|
    |ap_done_reg                              |   1|   0|    1|          0|
    |ap_enable_reg_pp0_iter0_reg              |   1|   0|    1|          0|
    |ap_enable_reg_pp0_iter1                  |   1|   0|    1|          0|
    |ap_enable_reg_pp0_iter2                  |   1|   0|    1|          0|
    |ap_enable_reg_pp0_iter3                  |   1|   0|    1|          0|
    |ap_enable_reg_pp0_iter4                  |   1|   0|    1|          0|
    |ap_enable_reg_pp0_iter5                  |   1|   0|    1|          0|
    |ap_enable_reg_pp0_iter6                  |   1|   0|    1|          0|
    |ap_enable_reg_pp0_iter7                  |   1|   0|    1|          0|
    |ap_loop_exit_ready_pp0_iter1_reg         |   1|   0|    1|          0|
    |ap_loop_exit_ready_pp0_iter2_reg         |   1|   0|    1|          0|
    |ap_loop_exit_ready_pp0_iter3_reg         |   1|   0|    1|          0|
    |ap_loop_exit_ready_pp0_iter4_reg         |   1|   0|    1|          0|
    |ap_loop_exit_ready_pp0_iter5_reg         |   1|   0|    1|          0|
    |ap_loop_exit_ready_pp0_iter6_reg         |   1|   0|    1|          0|
    |gmem_addr_72_read_reg_365                |  32|   0|   32|          0|
    |gmem_addr_72_read_reg_365_pp0_iter5_reg  |  32|   0|   32|          0|
    |gmem_addr_72_reg_353                     |  64|   0|   64|          0|
    |gmem_addr_73_read_reg_370                |  32|   0|   32|          0|
    |gmem_addr_73_reg_359                     |  64|   0|   64|          0|
    |icmp_ln208_reg_349                       |   1|   0|    1|          0|
    |j_fu_90                                  |   6|   0|    6|          0|
    |reg_175                                  |  32|   0|   32|          0|
    |sum_fu_86                                |  32|   0|   32|          0|
    |zext_ln207_cast_reg_339                  |   6|   0|   16|         10|
    |icmp_ln208_reg_349                       |  64|  32|    1|          0|
    +-----------------------------------------+----+----+-----+-----------+
    |Total                                    | 382|  32|  329|         10|
    +-----------------------------------------+----+----+-----+-----------+



================================================================
== Interface
================================================================
* Summary: 
+---------------------+-----+-----+------------+--------------------------------------------------+--------------+
|      RTL Ports      | Dir | Bits|  Protocol  |                   Source Object                  |    C Type    |
+---------------------+-----+-----+------------+--------------------------------------------------+--------------+
|ap_clk               |   in|    1|  ap_ctrl_hs|  compute_multiplication_Pipeline_VITIS_LOOP_208_4|  return value|
|ap_rst               |   in|    1|  ap_ctrl_hs|  compute_multiplication_Pipeline_VITIS_LOOP_208_4|  return value|
|ap_start             |   in|    1|  ap_ctrl_hs|  compute_multiplication_Pipeline_VITIS_LOOP_208_4|  return value|
|ap_done              |  out|    1|  ap_ctrl_hs|  compute_multiplication_Pipeline_VITIS_LOOP_208_4|  return value|
|ap_idle              |  out|    1|  ap_ctrl_hs|  compute_multiplication_Pipeline_VITIS_LOOP_208_4|  return value|
|ap_ready             |  out|    1|  ap_ctrl_hs|  compute_multiplication_Pipeline_VITIS_LOOP_208_4|  return value|
|m_axi_gmem_AWVALID   |  out|    1|       m_axi|                                              gmem|       pointer|
|m_axi_gmem_AWREADY   |   in|    1|       m_axi|                                              gmem|       pointer|
|m_axi_gmem_AWADDR    |  out|   64|       m_axi|                                              gmem|       pointer|
|m_axi_gmem_AWID      |  out|    1|       m_axi|                                              gmem|       pointer|
|m_axi_gmem_AWLEN     |  out|   32|       m_axi|                                              gmem|       pointer|
|m_axi_gmem_AWSIZE    |  out|    3|       m_axi|                                              gmem|       pointer|
|m_axi_gmem_AWBURST   |  out|    2|       m_axi|                                              gmem|       pointer|
|m_axi_gmem_AWLOCK    |  out|    2|       m_axi|                                              gmem|       pointer|
|m_axi_gmem_AWCACHE   |  out|    4|       m_axi|                                              gmem|       pointer|
|m_axi_gmem_AWPROT    |  out|    3|       m_axi|                                              gmem|       pointer|
|m_axi_gmem_AWQOS     |  out|    4|       m_axi|                                              gmem|       pointer|
|m_axi_gmem_AWREGION  |  out|    4|       m_axi|                                              gmem|       pointer|
|m_axi_gmem_AWUSER    |  out|    1|       m_axi|                                              gmem|       pointer|
|m_axi_gmem_WVALID    |  out|    1|       m_axi|                                              gmem|       pointer|
|m_axi_gmem_WREADY    |   in|    1|       m_axi|                                              gmem|       pointer|
|m_axi_gmem_WDATA     |  out|   32|       m_axi|                                              gmem|       pointer|
|m_axi_gmem_WSTRB     |  out|    4|       m_axi|                                              gmem|       pointer|
|m_axi_gmem_WLAST     |  out|    1|       m_axi|                                              gmem|       pointer|
|m_axi_gmem_WID       |  out|    1|       m_axi|                                              gmem|       pointer|
|m_axi_gmem_WUSER     |  out|    1|       m_axi|                                              gmem|       pointer|
|m_axi_gmem_ARVALID   |  out|    1|       m_axi|                                              gmem|       pointer|
|m_axi_gmem_ARREADY   |   in|    1|       m_axi|                                              gmem|       pointer|
|m_axi_gmem_ARADDR    |  out|   64|       m_axi|                                              gmem|       pointer|
|m_axi_gmem_ARID      |  out|    1|       m_axi|                                              gmem|       pointer|
|m_axi_gmem_ARLEN     |  out|   32|       m_axi|                                              gmem|       pointer|
|m_axi_gmem_ARSIZE    |  out|    3|       m_axi|                                              gmem|       pointer|
|m_axi_gmem_ARBURST   |  out|    2|       m_axi|                                              gmem|       pointer|
|m_axi_gmem_ARLOCK    |  out|    2|       m_axi|                                              gmem|       pointer|
|m_axi_gmem_ARCACHE   |  out|    4|       m_axi|                                              gmem|       pointer|
|m_axi_gmem_ARPROT    |  out|    3|       m_axi|                                              gmem|       pointer|
|m_axi_gmem_ARQOS     |  out|    4|       m_axi|                                              gmem|       pointer|
|m_axi_gmem_ARREGION  |  out|    4|       m_axi|                                              gmem|       pointer|
|m_axi_gmem_ARUSER    |  out|    1|       m_axi|                                              gmem|       pointer|
|m_axi_gmem_RVALID    |   in|    1|       m_axi|                                              gmem|       pointer|
|m_axi_gmem_RREADY    |  out|    1|       m_axi|                                              gmem|       pointer|
|m_axi_gmem_RDATA     |   in|   32|       m_axi|                                              gmem|       pointer|
|m_axi_gmem_RLAST     |   in|    1|       m_axi|                                              gmem|       pointer|
|m_axi_gmem_RID       |   in|    1|       m_axi|                                              gmem|       pointer|
|m_axi_gmem_RFIFONUM  |   in|    9|       m_axi|                                              gmem|       pointer|
|m_axi_gmem_RUSER     |   in|    1|       m_axi|                                              gmem|       pointer|
|m_axi_gmem_RRESP     |   in|    2|       m_axi|                                              gmem|       pointer|
|m_axi_gmem_BVALID    |   in|    1|       m_axi|                                              gmem|       pointer|
|m_axi_gmem_BREADY    |  out|    1|       m_axi|                                              gmem|       pointer|
|m_axi_gmem_BRESP     |   in|    2|       m_axi|                                              gmem|       pointer|
|m_axi_gmem_BID       |   in|    1|       m_axi|                                              gmem|       pointer|
|m_axi_gmem_BUSER     |   in|    1|       m_axi|                                              gmem|       pointer|
|p_read3              |   in|    6|     ap_none|                                           p_read3|        scalar|
|sext_ln207_2         |   in|   62|     ap_none|                                      sext_ln207_2|        scalar|
|mul_ln205            |   in|   10|     ap_none|                                         mul_ln205|        scalar|
|zext_ln204           |   in|    6|     ap_none|                                        zext_ln204|        scalar|
|zext_ln207           |   in|    6|     ap_none|                                        zext_ln207|        scalar|
|in_k                 |   in|   64|     ap_none|                                              in_k|        scalar|
|scale                |   in|   32|     ap_none|                                             scale|        scalar|
|sum_out              |  out|   32|      ap_vld|                                           sum_out|       pointer|
|sum_out_ap_vld       |  out|    1|      ap_vld|                                           sum_out|       pointer|
+---------------------+-----+-----+------------+--------------------------------------------------+--------------+

