

================================================================
== Vitis HLS Report for 'Compute_skip_6'
================================================================
* Date:           Fri Nov 10 02:20:57 2023

* Version:        2022.1 (Build 3526262 on Mon Apr 18 15:47:01 MDT 2022)
* Project:        proj_kernel_EMO
* Solution:       solution1 (Vivado IP Flow Target)
* Product family: virtexuplus
* Target device:  xcu250-figd2104-2L-e


================================================================
== Performance Estimates
================================================================
+ Timing: 
    * Summary: 
    +--------+----------+-----------+------------+
    |  Clock |  Target  | Estimated | Uncertainty|
    +--------+----------+-----------+------------+
    |ap_clk  |  50.00 ns|  36.500 ns|    13.50 ns|
    +--------+----------+-----------+------------+

+ Latency: 
    * Summary: 
    +---------+---------+----------+----------+------+------+---------+
    |  Latency (cycles) |  Latency (absolute) |   Interval  | Pipeline|
    |   min   |   max   |    min   |    max   |  min |  max |   Type  |
    +---------+---------+----------+----------+------+------+---------+
    |     8251|     8251|  0.413 ms|  0.413 ms|  8251|  8251|       no|
    +---------+---------+----------+----------+------+------+---------+

    + Detail: 
        * Instance: 
        N/A

        * Loop: 
        +-----------------------------------+---------+---------+----------+-----------+-----------+------+----------+
        |                                   |  Latency (cycles) | Iteration|  Initiation Interval  | Trip |          |
        |             Loop Name             |   min   |   max   |  Latency |  achieved |   target  | Count| Pipelined|
        +-----------------------------------+---------+---------+----------+-----------+-----------+------+----------+
        |- VITIS_LOOP_17_1_VITIS_LOOP_20_2  |     8249|     8249|        25|          7|          1|  1176|       yes|
        +-----------------------------------+---------+---------+----------+-----------+-----------+------+----------+



================================================================
== Utilization Estimates
================================================================
* Summary: 
+---------------------+---------+-------+---------+---------+------+
|         Name        | BRAM_18K|  DSP  |    FF   |   LUT   | URAM |
+---------------------+---------+-------+---------+---------+------+
|DSP                  |        -|      1|        -|        -|     -|
|Expression           |        -|      -|        0|      387|     -|
|FIFO                 |        -|      -|        -|        -|     -|
|Instance             |        -|      2|        0|      226|     -|
|Memory               |        -|      -|        -|        -|     -|
|Multiplexer          |        -|      -|        -|      389|     -|
|Register             |        -|      -|      545|       64|     -|
+---------------------+---------+-------+---------+---------+------+
|Total                |        0|      3|      545|     1066|     0|
+---------------------+---------+-------+---------+---------+------+
|Available SLR        |     1344|   3072|   864000|   432000|   320|
+---------------------+---------+-------+---------+---------+------+
|Utilization SLR (%)  |        0|     ~0|       ~0|       ~0|     0|
+---------------------+---------+-------+---------+---------+------+
|Available            |     5376|  12288|  3456000|  1728000|  1280|
+---------------------+---------+-------+---------+---------+------+
|Utilization (%)      |        0|     ~0|       ~0|       ~0|     0|
+---------------------+---------+-------+---------+---------+------+

+ Detail: 
    * Instance: 
    +--------------------------------------+--------------------------------+---------+----+---+-----+-----+
    |               Instance               |             Module             | BRAM_18K| DSP| FF| LUT | URAM|
    +--------------------------------------+--------------------------------+---------+----+---+-----+-----+
    |fadd_32ns_32ns_32_1_full_dsp_1_U5036  |fadd_32ns_32ns_32_1_full_dsp_1  |        0|   2|  0|  226|    0|
    +--------------------------------------+--------------------------------+---------+----+---+-----+-----+
    |Total                                 |                                |        0|   2|  0|  226|    0|
    +--------------------------------------+--------------------------------+---------+----+---+-----+-----+

    * DSP: 
    +------------------------------------+------------------------------+--------------+
    |              Instance              |            Module            |  Expression  |
    +------------------------------------+------------------------------+--------------+
    |mac_muladd_8ns_6ns_7s_15_4_1_U5037  |mac_muladd_8ns_6ns_7s_15_4_1  |  i0 * i1 + i2|
    +------------------------------------+------------------------------+--------------+

    * Memory: 
    N/A

    * FIFO: 
    N/A

    * Expression: 
    +--------------------------------+----------+----+---+----+------------+------------+
    |          Variable Name         | Operation| DSP| FF| LUT| Bitwidth P0| Bitwidth P1|
    +--------------------------------+----------+----+---+----+------------+------------+
    |add_ln17_1_fu_349_p2            |         +|   0|  0|  15|           8|           1|
    |add_ln17_fu_323_p2              |         +|   0|  0|  18|          11|           1|
    |add_ln20_fu_367_p2              |         +|   0|  0|  10|           3|           1|
    |add_ln27_1_fu_508_p2            |         +|   0|  0|  23|          16|           4|
    |add_ln27_2_fu_528_p2            |         +|   0|  0|  23|          16|           4|
    |add_ln27_3_fu_558_p2            |         +|   0|  0|  23|          16|           5|
    |add_ln27_4_fu_578_p2            |         +|   0|  0|  23|          16|           5|
    |add_ln27_5_fu_598_p2            |         +|   0|  0|  23|          16|           5|
    |add_ln27_fu_487_p2              |         +|   0|  0|  23|          16|           3|
    |empty_850_fu_426_p2             |         +|   0|  0|  71|          64|          64|
    |empty_851_fu_431_p2             |         +|   0|  0|  71|          64|          64|
    |empty_fu_402_p2                 |         -|   0|  0|  14|           7|           7|
    |ap_block_pp0_stage0_01001       |       and|   0|  0|   2|           1|           1|
    |ap_block_pp0_stage0_11001       |       and|   0|  0|   2|           1|           1|
    |ap_block_pp0_stage4_01001       |       and|   0|  0|   2|           1|           1|
    |ap_block_pp0_stage6_11001       |       and|   0|  0|   2|           1|           1|
    |ap_block_state5_io              |       and|   0|  0|   2|           1|           1|
    |icmp_ln17_fu_317_p2             |      icmp|   0|  0|  11|          11|          11|
    |icmp_ln20_fu_335_p2             |      icmp|   0|  0|   8|           3|           2|
    |ap_block_pp0_stage3_01001       |        or|   0|  0|   2|           1|           1|
    |ap_block_pp0_stage3_11001       |        or|   0|  0|   2|           1|           1|
    |ap_block_pp0_stage4_11001       |        or|   0|  0|   2|           1|           1|
    |ap_block_pp0_stage5_11001       |        or|   0|  0|   2|           1|           1|
    |h_0_mid2_fu_341_p3              |    select|   0|  0|   3|           1|           1|
    |zext_ln20_mid2_v_v_v_fu_355_p3  |    select|   0|  0|   8|           1|           8|
    |ap_enable_pp0                   |       xor|   0|  0|   2|           1|           2|
    +--------------------------------+----------+----+---+----+------------+------------+
    |Total                           |          |   0|  0| 387|         279|         197|
    +--------------------------------+----------+----+---+----+------------+------------+

    * Multiplexer: 
    +--------------------------------------+----+-----------+-----+-----------+
    |                 Name                 | LUT| Input Size| Bits| Total Bits|
    +--------------------------------------+----+-----------+-----+-----------+
    |ap_NS_fsm                             |  43|          8|    1|          8|
    |ap_done_int                           |   9|          2|    1|          2|
    |ap_enable_reg_pp0_iter0               |   9|          2|    1|          2|
    |ap_enable_reg_pp0_iter1               |   9|          2|    1|          2|
    |ap_enable_reg_pp0_iter3               |   9|          2|    1|          2|
    |ap_loop_exit_ready_pp0_iter1_reg      |   9|          2|    1|          2|
    |ap_loop_exit_ready_pp0_iter2_reg      |   9|          2|    1|          2|
    |ap_sig_allocacmp_c_0_load             |   9|          2|    8|         16|
    |ap_sig_allocacmp_h_0_load             |   9|          2|    3|          6|
    |ap_sig_allocacmp_indvar_flatten_load  |   9|          2|   11|         22|
    |c_0_fu_116                            |   9|          2|    8|         16|
    |gmem1_blk_n_AR                        |   9|          2|    1|          2|
    |gmem1_blk_n_R                         |   9|          2|    1|          2|
    |gmem2_blk_n_AW                        |   9|          2|    1|          2|
    |gmem2_blk_n_B                         |   9|          2|    1|          2|
    |gmem2_blk_n_W                         |   9|          2|    1|          2|
    |grp_fu_277_p0                         |  43|          8|   32|        256|
    |grp_fu_277_p1                         |  43|          8|   32|        256|
    |h_0_fu_112                            |   9|          2|    3|          6|
    |iRMB_out1_address0                    |  26|          5|   14|         70|
    |iRMB_out1_address1                    |  20|          4|   14|         56|
    |indvar_flatten_fu_120                 |   9|          2|   11|         22|
    |m_axi_gmem2_WDATA                     |  43|          8|   32|        256|
    |reg_281                               |   9|          2|   32|         64|
    |reg_290                               |   9|          2|   32|         64|
    +--------------------------------------+----+-----------+-----+-----------+
    |Total                                 | 389|         79|  244|       1140|
    +--------------------------------------+----+-----------+-----+-----------+

    * Register: 
    +----------------------------------+----+----+-----+-----------+
    |               Name               | FF | LUT| Bits| Const Bits|
    +----------------------------------+----+----+-----+-----------+
    |ap_CS_fsm                         |   7|   0|    7|          0|
    |ap_done_reg                       |   1|   0|    1|          0|
    |ap_enable_reg_pp0_iter0_reg       |   1|   0|    1|          0|
    |ap_enable_reg_pp0_iter1           |   1|   0|    1|          0|
    |ap_enable_reg_pp0_iter2           |   1|   0|    1|          0|
    |ap_enable_reg_pp0_iter3           |   1|   0|    1|          0|
    |ap_loop_exit_ready_pp0_iter1_reg  |   1|   0|    1|          0|
    |ap_loop_exit_ready_pp0_iter2_reg  |   1|   0|    1|          0|
    |c_0_fu_116                        |   8|   0|    8|          0|
    |empty_848_reg_771                 |  15|   0|   15|          0|
    |empty_849_reg_776                 |  14|   0|   14|          0|
    |gmem1_addr_reg_781                |  64|   0|   64|          0|
    |gmem2_addr_reg_787                |  64|   0|   64|          0|
    |h_0_fu_112                        |   3|   0|    3|          0|
    |h_0_mid2_reg_755                  |   3|   0|    3|          0|
    |iRMB_out1_load_3_reg_828          |  32|   0|   32|          0|
    |iRMB_out1_load_5_reg_848          |  32|   0|   32|          0|
    |icmp_ln17_reg_751                 |   1|   0|    1|          0|
    |indvar_flatten_fu_120             |  11|   0|   11|          0|
    |lshr_ln27_5_reg_843               |  14|   0|   14|          0|
    |p_cast4_reg_799                   |  14|   0|   16|          2|
    |reg_281                           |  32|   0|   32|          0|
    |reg_286                           |  32|   0|   32|          0|
    |reg_290                           |  32|   0|   32|          0|
    |reg_295                           |  32|   0|   32|          0|
    |gmem2_addr_reg_787                |  64|  32|   64|          0|
    |icmp_ln17_reg_751                 |  64|  32|    1|          0|
    +----------------------------------+----+----+-----+-----------+
    |Total                             | 545|  64|  484|          2|
    +----------------------------------+----+----+-----+-----------+



================================================================
== Interface
================================================================
* Summary: 
+----------------------+-----+-----+------------+----------------+--------------+
|       RTL Ports      | Dir | Bits|  Protocol  |  Source Object |    C Type    |
+----------------------+-----+-----+------------+----------------+--------------+
|ap_clk                |   in|    1|  ap_ctrl_hs|  Compute_skip.6|  return value|
|ap_rst                |   in|    1|  ap_ctrl_hs|  Compute_skip.6|  return value|
|ap_start              |   in|    1|  ap_ctrl_hs|  Compute_skip.6|  return value|
|ap_done               |  out|    1|  ap_ctrl_hs|  Compute_skip.6|  return value|
|ap_idle               |  out|    1|  ap_ctrl_hs|  Compute_skip.6|  return value|
|ap_ready              |  out|    1|  ap_ctrl_hs|  Compute_skip.6|  return value|
|m_axi_gmem2_AWVALID   |  out|    1|       m_axi|           gmem2|       pointer|
|m_axi_gmem2_AWREADY   |   in|    1|       m_axi|           gmem2|       pointer|
|m_axi_gmem2_AWADDR    |  out|   64|       m_axi|           gmem2|       pointer|
|m_axi_gmem2_AWID      |  out|    1|       m_axi|           gmem2|       pointer|
|m_axi_gmem2_AWLEN     |  out|   32|       m_axi|           gmem2|       pointer|
|m_axi_gmem2_AWSIZE    |  out|    3|       m_axi|           gmem2|       pointer|
|m_axi_gmem2_AWBURST   |  out|    2|       m_axi|           gmem2|       pointer|
|m_axi_gmem2_AWLOCK    |  out|    2|       m_axi|           gmem2|       pointer|
|m_axi_gmem2_AWCACHE   |  out|    4|       m_axi|           gmem2|       pointer|
|m_axi_gmem2_AWPROT    |  out|    3|       m_axi|           gmem2|       pointer|
|m_axi_gmem2_AWQOS     |  out|    4|       m_axi|           gmem2|       pointer|
|m_axi_gmem2_AWREGION  |  out|    4|       m_axi|           gmem2|       pointer|
|m_axi_gmem2_AWUSER    |  out|    1|       m_axi|           gmem2|       pointer|
|m_axi_gmem2_WVALID    |  out|    1|       m_axi|           gmem2|       pointer|
|m_axi_gmem2_WREADY    |   in|    1|       m_axi|           gmem2|       pointer|
|m_axi_gmem2_WDATA     |  out|   32|       m_axi|           gmem2|       pointer|
|m_axi_gmem2_WSTRB     |  out|    4|       m_axi|           gmem2|       pointer|
|m_axi_gmem2_WLAST     |  out|    1|       m_axi|           gmem2|       pointer|
|m_axi_gmem2_WID       |  out|    1|       m_axi|           gmem2|       pointer|
|m_axi_gmem2_WUSER     |  out|    1|       m_axi|           gmem2|       pointer|
|m_axi_gmem2_ARVALID   |  out|    1|       m_axi|           gmem2|       pointer|
|m_axi_gmem2_ARREADY   |   in|    1|       m_axi|           gmem2|       pointer|
|m_axi_gmem2_ARADDR    |  out|   64|       m_axi|           gmem2|       pointer|
|m_axi_gmem2_ARID      |  out|    1|       m_axi|           gmem2|       pointer|
|m_axi_gmem2_ARLEN     |  out|   32|       m_axi|           gmem2|       pointer|
|m_axi_gmem2_ARSIZE    |  out|    3|       m_axi|           gmem2|       pointer|
|m_axi_gmem2_ARBURST   |  out|    2|       m_axi|           gmem2|       pointer|
|m_axi_gmem2_ARLOCK    |  out|    2|       m_axi|           gmem2|       pointer|
|m_axi_gmem2_ARCACHE   |  out|    4|       m_axi|           gmem2|       pointer|
|m_axi_gmem2_ARPROT    |  out|    3|       m_axi|           gmem2|       pointer|
|m_axi_gmem2_ARQOS     |  out|    4|       m_axi|           gmem2|       pointer|
|m_axi_gmem2_ARREGION  |  out|    4|       m_axi|           gmem2|       pointer|
|m_axi_gmem2_ARUSER    |  out|    1|       m_axi|           gmem2|       pointer|
|m_axi_gmem2_RVALID    |   in|    1|       m_axi|           gmem2|       pointer|
|m_axi_gmem2_RREADY    |  out|    1|       m_axi|           gmem2|       pointer|
|m_axi_gmem2_RDATA     |   in|   32|       m_axi|           gmem2|       pointer|
|m_axi_gmem2_RLAST     |   in|    1|       m_axi|           gmem2|       pointer|
|m_axi_gmem2_RID       |   in|    1|       m_axi|           gmem2|       pointer|
|m_axi_gmem2_RFIFONUM  |   in|    9|       m_axi|           gmem2|       pointer|
|m_axi_gmem2_RUSER     |   in|    1|       m_axi|           gmem2|       pointer|
|m_axi_gmem2_RRESP     |   in|    2|       m_axi|           gmem2|       pointer|
|m_axi_gmem2_BVALID    |   in|    1|       m_axi|           gmem2|       pointer|
|m_axi_gmem2_BREADY    |  out|    1|       m_axi|           gmem2|       pointer|
|m_axi_gmem2_BRESP     |   in|    2|       m_axi|           gmem2|       pointer|
|m_axi_gmem2_BID       |   in|    1|       m_axi|           gmem2|       pointer|
|m_axi_gmem2_BUSER     |   in|    1|       m_axi|           gmem2|       pointer|
|m_axi_gmem1_AWVALID   |  out|    1|       m_axi|           gmem1|       pointer|
|m_axi_gmem1_AWREADY   |   in|    1|       m_axi|           gmem1|       pointer|
|m_axi_gmem1_AWADDR    |  out|   64|       m_axi|           gmem1|       pointer|
|m_axi_gmem1_AWID      |  out|    1|       m_axi|           gmem1|       pointer|
|m_axi_gmem1_AWLEN     |  out|   32|       m_axi|           gmem1|       pointer|
|m_axi_gmem1_AWSIZE    |  out|    3|       m_axi|           gmem1|       pointer|
|m_axi_gmem1_AWBURST   |  out|    2|       m_axi|           gmem1|       pointer|
|m_axi_gmem1_AWLOCK    |  out|    2|       m_axi|           gmem1|       pointer|
|m_axi_gmem1_AWCACHE   |  out|    4|       m_axi|           gmem1|       pointer|
|m_axi_gmem1_AWPROT    |  out|    3|       m_axi|           gmem1|       pointer|
|m_axi_gmem1_AWQOS     |  out|    4|       m_axi|           gmem1|       pointer|
|m_axi_gmem1_AWREGION  |  out|    4|       m_axi|           gmem1|       pointer|
|m_axi_gmem1_AWUSER    |  out|    1|       m_axi|           gmem1|       pointer|
|m_axi_gmem1_WVALID    |  out|    1|       m_axi|           gmem1|       pointer|
|m_axi_gmem1_WREADY    |   in|    1|       m_axi|           gmem1|       pointer|
|m_axi_gmem1_WDATA     |  out|   32|       m_axi|           gmem1|       pointer|
|m_axi_gmem1_WSTRB     |  out|    4|       m_axi|           gmem1|       pointer|
|m_axi_gmem1_WLAST     |  out|    1|       m_axi|           gmem1|       pointer|
|m_axi_gmem1_WID       |  out|    1|       m_axi|           gmem1|       pointer|
|m_axi_gmem1_WUSER     |  out|    1|       m_axi|           gmem1|       pointer|
|m_axi_gmem1_ARVALID   |  out|    1|       m_axi|           gmem1|       pointer|
|m_axi_gmem1_ARREADY   |   in|    1|       m_axi|           gmem1|       pointer|
|m_axi_gmem1_ARADDR    |  out|   64|       m_axi|           gmem1|       pointer|
|m_axi_gmem1_ARID      |  out|    1|       m_axi|           gmem1|       pointer|
|m_axi_gmem1_ARLEN     |  out|   32|       m_axi|           gmem1|       pointer|
|m_axi_gmem1_ARSIZE    |  out|    3|       m_axi|           gmem1|       pointer|
|m_axi_gmem1_ARBURST   |  out|    2|       m_axi|           gmem1|       pointer|
|m_axi_gmem1_ARLOCK    |  out|    2|       m_axi|           gmem1|       pointer|
|m_axi_gmem1_ARCACHE   |  out|    4|       m_axi|           gmem1|       pointer|
|m_axi_gmem1_ARPROT    |  out|    3|       m_axi|           gmem1|       pointer|
|m_axi_gmem1_ARQOS     |  out|    4|       m_axi|           gmem1|       pointer|
|m_axi_gmem1_ARREGION  |  out|    4|       m_axi|           gmem1|       pointer|
|m_axi_gmem1_ARUSER    |  out|    1|       m_axi|           gmem1|       pointer|
|m_axi_gmem1_RVALID    |   in|    1|       m_axi|           gmem1|       pointer|
|m_axi_gmem1_RREADY    |  out|    1|       m_axi|           gmem1|       pointer|
|m_axi_gmem1_RDATA     |   in|   32|       m_axi|           gmem1|       pointer|
|m_axi_gmem1_RLAST     |   in|    1|       m_axi|           gmem1|       pointer|
|m_axi_gmem1_RID       |   in|    1|       m_axi|           gmem1|       pointer|
|m_axi_gmem1_RFIFONUM  |   in|    9|       m_axi|           gmem1|       pointer|
|m_axi_gmem1_RUSER     |   in|    1|       m_axi|           gmem1|       pointer|
|m_axi_gmem1_RRESP     |   in|    2|       m_axi|           gmem1|       pointer|
|m_axi_gmem1_BVALID    |   in|    1|       m_axi|           gmem1|       pointer|
|m_axi_gmem1_BREADY    |  out|    1|       m_axi|           gmem1|       pointer|
|m_axi_gmem1_BRESP     |   in|    2|       m_axi|           gmem1|       pointer|
|m_axi_gmem1_BID       |   in|    1|       m_axi|           gmem1|       pointer|
|m_axi_gmem1_BUSER     |   in|    1|       m_axi|           gmem1|       pointer|
|iRMB_out1_address0    |  out|   14|   ap_memory|       iRMB_out1|         array|
|iRMB_out1_ce0         |  out|    1|   ap_memory|       iRMB_out1|         array|
|iRMB_out1_q0          |   in|   32|   ap_memory|       iRMB_out1|         array|
|iRMB_out1_address1    |  out|   14|   ap_memory|       iRMB_out1|         array|
|iRMB_out1_ce1         |  out|    1|   ap_memory|       iRMB_out1|         array|
|iRMB_out1_q1          |   in|   32|   ap_memory|       iRMB_out1|         array|
|in2                   |   in|   64|     ap_none|             in2|        scalar|
|out_r                 |   in|   64|     ap_none|           out_r|        scalar|
+----------------------+-----+-----+------------+----------------+--------------+

