

================================================================
== Vitis HLS Report for 'Compute_skip_3'
================================================================
* Date:           Fri Nov 10 02:19:04 2023

* Version:        2022.1 (Build 3526262 on Mon Apr 18 15:47:01 MDT 2022)
* Project:        proj_kernel_EMO
* Solution:       solution1 (Vivado IP Flow Target)
* Product family: virtexuplus
* Target device:  xcu250-figd2104-2L-e


================================================================
== Performance Estimates
================================================================
+ Timing: 
    * Summary: 
    +--------+----------+-----------+------------+
    |  Clock |  Target  | Estimated | Uncertainty|
    +--------+----------+-----------+------------+
    |ap_clk  |  50.00 ns|  36.500 ns|    13.50 ns|
    +--------+----------+-----------+------------+

+ Latency: 
    * Summary: 
    +---------+---------+----------+----------+-------+-------+---------+
    |  Latency (cycles) |  Latency (absolute) |    Interval   | Pipeline|
    |   min   |   max   |    min   |    max   |  min  |  max  |   Type  |
    +---------+---------+----------+----------+-------+-------+---------+
    |    15693|    15693|  0.785 ms|  0.785 ms|  15693|  15693|       no|
    +---------+---------+----------+----------+-------+-------+---------+

    + Detail: 
        * Instance: 
        N/A

        * Loop: 
        +-----------------------------------+---------+---------+----------+-----------+-----------+------+----------+
        |                                   |  Latency (cycles) | Iteration|  Initiation Interval  | Trip |          |
        |             Loop Name             |   min   |   max   |  Latency |  achieved |   target  | Count| Pipelined|
        +-----------------------------------+---------+---------+----------+-----------+-----------+------+----------+
        |- VITIS_LOOP_17_1_VITIS_LOOP_20_2  |    15691|    15691|        26|         14|          1|  1120|       yes|
        +-----------------------------------+---------+---------+----------+-----------+-----------+------+----------+



================================================================
== Utilization Estimates
================================================================
* Summary: 
+---------------------+---------+-------+---------+---------+------+
|         Name        | BRAM_18K|  DSP  |    FF   |   LUT   | URAM |
+---------------------+---------+-------+---------+---------+------+
|DSP                  |        -|      1|        -|        -|     -|
|Expression           |        -|      -|        0|      464|     -|
|FIFO                 |        -|      -|        -|        -|     -|
|Instance             |        -|      2|        0|      226|     -|
|Memory               |        -|      -|        -|        -|     -|
|Multiplexer          |        -|      -|        -|      519|     -|
|Register             |        -|      -|      762|        -|     -|
+---------------------+---------+-------+---------+---------+------+
|Total                |        0|      3|      762|     1209|     0|
+---------------------+---------+-------+---------+---------+------+
|Available SLR        |     1344|   3072|   864000|   432000|   320|
+---------------------+---------+-------+---------+---------+------+
|Utilization SLR (%)  |        0|     ~0|       ~0|       ~0|     0|
+---------------------+---------+-------+---------+---------+------+
|Available            |     5376|  12288|  3456000|  1728000|  1280|
+---------------------+---------+-------+---------+---------+------+
|Utilization (%)      |        0|     ~0|       ~0|       ~0|     0|
+---------------------+---------+-------+---------+---------+------+

+ Detail: 
    * Instance: 
    +--------------------------------------+--------------------------------+---------+----+---+-----+-----+
    |               Instance               |             Module             | BRAM_18K| DSP| FF| LUT | URAM|
    +--------------------------------------+--------------------------------+---------+----+---+-----+-----+
    |fadd_32ns_32ns_32_1_full_dsp_1_U4398  |fadd_32ns_32ns_32_1_full_dsp_1  |        0|   2|  0|  226|    0|
    +--------------------------------------+--------------------------------+---------+----+---+-----+-----+
    |Total                                 |                                |        0|   2|  0|  226|    0|
    +--------------------------------------+--------------------------------+---------+----+---+-----+-----+

    * DSP: 
    +------------------------------------+------------------------------+--------------+
    |              Instance              |            Module            |  Expression  |
    +------------------------------------+------------------------------+--------------+
    |mac_muladd_7ns_8ns_9s_15_4_1_U4399  |mac_muladd_7ns_8ns_9s_15_4_1  |  i0 * i1 + i2|
    +------------------------------------+------------------------------+--------------+

    * Memory: 
    N/A

    * FIFO: 
    N/A

    * Expression: 
    +------------------------------------+----------+----+---+----+------------+------------+
    |            Variable Name           | Operation| DSP| FF| LUT| Bitwidth P0| Bitwidth P1|
    +------------------------------------+----------+----+---+----+------------+------------+
    |add_ln17_4_fu_444_p2                |         +|   0|  0|  14|           7|           1|
    |add_ln17_fu_418_p2                  |         +|   0|  0|  18|          11|           1|
    |add_ln20_fu_462_p2                  |         +|   0|  0|  12|           4|           1|
    |add_ln27_22_fu_597_p2               |         +|   0|  0|  23|          16|           4|
    |add_ln27_23_fu_618_p2               |         +|   0|  0|  23|          16|           5|
    |add_ln27_24_fu_638_p2               |         +|   0|  0|  23|          16|           5|
    |add_ln27_25_fu_658_p2               |         +|   0|  0|  23|          16|           5|
    |add_ln27_26_fu_678_p2               |         +|   0|  0|  23|          16|           5|
    |add_ln27_27_fu_698_p2               |         +|   0|  0|  23|          16|           6|
    |add_ln27_28_fu_718_p2               |         +|   0|  0|  23|          16|           6|
    |add_ln27_29_fu_738_p2               |         +|   0|  0|  23|          16|           6|
    |add_ln27_30_fu_912_p2               |         +|   0|  0|  23|          16|           6|
    |add_ln27_31_fu_947_p2               |         +|   0|  0|  23|          16|           6|
    |add_ln27_32_fu_967_p2               |         +|   0|  0|  23|          16|           6|
    |add_ln27_fu_576_p2                  |         +|   0|  0|  23|          16|           4|
    |empty_870_fu_529_p2                 |         +|   0|  0|  71|          64|          64|
    |empty_fu_505_p2                     |         -|   0|  0|  16|           9|           9|
    |ap_block_pp0_stage0_11001           |       and|   0|  0|   2|           1|           1|
    |ap_block_pp0_stage11_11001          |       and|   0|  0|   2|           1|           1|
    |ap_block_state12_pp0_stage11_iter0  |       and|   0|  0|   2|           1|           1|
    |ap_block_state5_io                  |       and|   0|  0|   2|           1|           1|
    |icmp_ln17_fu_412_p2                 |      icmp|   0|  0|  11|          11|          11|
    |icmp_ln20_fu_430_p2                 |      icmp|   0|  0|   9|           4|           3|
    |ap_block_pp0_stage4_11001           |        or|   0|  0|   2|           1|           1|
    |or_ln27_fu_558_p2                   |        or|   0|  0|  14|          14|           1|
    |h_0_mid2_fu_436_p3                  |    select|   0|  0|   4|           1|           1|
    |p_mid2_v_v_fu_450_p3                |    select|   0|  0|   7|           1|           7|
    |ap_enable_pp0                       |       xor|   0|  0|   2|           1|           2|
    +------------------------------------+----------+----+---+----+------------+------------+
    |Total                               |          |   0|  0| 464|         324|         170|
    +------------------------------------+----------+----+---+----+------------+------------+

    * Multiplexer: 
    +--------------------------------------+----+-----------+-----+-----------+
    |                 Name                 | LUT| Input Size| Bits| Total Bits|
    +--------------------------------------+----+-----------+-----+-----------+
    |ap_NS_fsm                             |  65|         15|    1|         15|
    |ap_done_int                           |   9|          2|    1|          2|
    |ap_enable_reg_pp0_iter0               |   9|          2|    1|          2|
    |ap_enable_reg_pp0_iter0_reg           |   9|          2|    1|          2|
    |ap_enable_reg_pp0_iter1               |   9|          2|    1|          2|
    |ap_sig_allocacmp_c_0_load             |   9|          2|    7|         14|
    |ap_sig_allocacmp_h_0_load             |   9|          2|    4|          8|
    |ap_sig_allocacmp_indvar_flatten_load  |   9|          2|   11|         22|
    |c_0_fu_122                            |   9|          2|    7|         14|
    |gmem1_blk_n_AR                        |   9|          2|    1|          2|
    |gmem1_blk_n_R                         |   9|          2|    1|          2|
    |grp_fu_386_p0                         |  65|         15|   32|        480|
    |grp_fu_386_p1                         |  65|         15|   32|        480|
    |h_0_fu_118                            |   9|          2|    4|          8|
    |iRMB_out1_address0                    |  43|          8|   14|        112|
    |iRMB_out1_address1                    |  43|          8|   14|        112|
    |iRMB_out2_address0                    |  65|         15|   14|        210|
    |iRMB_out2_d0                          |  65|         15|   32|        480|
    |indvar_flatten_fu_126                 |   9|          2|   11|         22|
    +--------------------------------------+----+-----------+-----+-----------+
    |Total                                 | 519|        115|  189|       1989|
    +--------------------------------------+----+-----------+-----+-----------+

    * Register: 
    +--------------------------------+----+----+-----+-----------+
    |              Name              | FF | LUT| Bits| Const Bits|
    +--------------------------------+----+----+-----+-----------+
    |ap_CS_fsm                       |  14|   0|   14|          0|
    |ap_done_reg                     |   1|   0|    1|          0|
    |ap_enable_reg_pp0_iter0_reg     |   1|   0|    1|          0|
    |ap_enable_reg_pp0_iter1         |   1|   0|    1|          0|
    |c_0_fu_122                      |   7|   0|    7|          0|
    |empty_869_reg_1073              |  14|   0|   14|          0|
    |gmem1_addr_reg_1078             |  64|   0|   64|          0|
    |h_0_fu_118                      |   4|   0|    4|          0|
    |h_0_mid2_reg_1057               |   4|   0|    4|          0|
    |iRMB_out1_load_10_reg_1178      |  32|   0|   32|          0|
    |iRMB_out1_load_11_reg_1183      |  32|   0|   32|          0|
    |iRMB_out1_load_12_reg_1208      |  32|   0|   32|          0|
    |iRMB_out1_load_13_reg_1213      |  32|   0|   32|          0|
    |iRMB_out1_load_14_reg_1238      |  32|   0|   32|          0|
    |iRMB_out1_load_15_reg_1243      |  32|   0|   32|          0|
    |iRMB_out1_load_16_reg_1258      |  32|   0|   32|          0|
    |iRMB_out1_load_19_reg_1293      |  32|   0|   32|          0|
    |iRMB_out1_load_7_reg_1123       |  32|   0|   32|          0|
    |iRMB_out1_load_8_reg_1148       |  32|   0|   32|          0|
    |iRMB_out1_load_9_reg_1153       |  32|   0|   32|          0|
    |iRMB_out1_load_reg_1118         |  32|   0|   32|          0|
    |icmp_ln17_reg_1053              |   1|   0|    1|          0|
    |indvar_flatten_fu_126           |  11|   0|   11|          0|
    |p_cast4_reg_1104                |  14|   0|   16|          2|
    |p_cast4_reg_1104_pp0_iter1_reg  |  14|   0|   16|          2|
    |reg_390                         |  32|   0|   32|          0|
    |zext_ln27_26_reg_1094           |  13|   0|   64|         51|
    |zext_ln27_27_reg_1128           |  14|   0|   64|         50|
    |zext_ln27_28_reg_1138           |  14|   0|   64|         50|
    |zext_ln27_29_reg_1158           |  14|   0|   64|         50|
    |zext_ln27_30_reg_1168           |  14|   0|   64|         50|
    |zext_ln27_31_reg_1188           |  14|   0|   64|         50|
    |zext_ln27_32_reg_1198           |  14|   0|   64|         50|
    |zext_ln27_33_reg_1218           |  14|   0|   64|         50|
    |zext_ln27_34_reg_1228           |  14|   0|   64|         50|
    |zext_ln27_35_reg_1248           |  14|   0|   64|         50|
    |zext_ln27_36_reg_1263           |  14|   0|   64|         50|
    |zext_ln27_37_reg_1273           |  14|   0|   64|         50|
    |zext_ln27_38_reg_1283           |  14|   0|   64|         50|
    |zext_ln27_reg_1084              |  15|   0|   64|         49|
    +--------------------------------+----+----+-----+-----------+
    |Total                           | 762|   0| 1466|        704|
    +--------------------------------+----+----+-----+-----------+



================================================================
== Interface
================================================================
* Summary: 
+----------------------+-----+-----+------------+----------------+--------------+
|       RTL Ports      | Dir | Bits|  Protocol  |  Source Object |    C Type    |
+----------------------+-----+-----+------------+----------------+--------------+
|ap_clk                |   in|    1|  ap_ctrl_hs|  Compute_skip.3|  return value|
|ap_rst                |   in|    1|  ap_ctrl_hs|  Compute_skip.3|  return value|
|ap_start              |   in|    1|  ap_ctrl_hs|  Compute_skip.3|  return value|
|ap_done               |  out|    1|  ap_ctrl_hs|  Compute_skip.3|  return value|
|ap_idle               |  out|    1|  ap_ctrl_hs|  Compute_skip.3|  return value|
|ap_ready              |  out|    1|  ap_ctrl_hs|  Compute_skip.3|  return value|
|m_axi_gmem1_AWVALID   |  out|    1|       m_axi|           gmem1|       pointer|
|m_axi_gmem1_AWREADY   |   in|    1|       m_axi|           gmem1|       pointer|
|m_axi_gmem1_AWADDR    |  out|   64|       m_axi|           gmem1|       pointer|
|m_axi_gmem1_AWID      |  out|    1|       m_axi|           gmem1|       pointer|
|m_axi_gmem1_AWLEN     |  out|   32|       m_axi|           gmem1|       pointer|
|m_axi_gmem1_AWSIZE    |  out|    3|       m_axi|           gmem1|       pointer|
|m_axi_gmem1_AWBURST   |  out|    2|       m_axi|           gmem1|       pointer|
|m_axi_gmem1_AWLOCK    |  out|    2|       m_axi|           gmem1|       pointer|
|m_axi_gmem1_AWCACHE   |  out|    4|       m_axi|           gmem1|       pointer|
|m_axi_gmem1_AWPROT    |  out|    3|       m_axi|           gmem1|       pointer|
|m_axi_gmem1_AWQOS     |  out|    4|       m_axi|           gmem1|       pointer|
|m_axi_gmem1_AWREGION  |  out|    4|       m_axi|           gmem1|       pointer|
|m_axi_gmem1_AWUSER    |  out|    1|       m_axi|           gmem1|       pointer|
|m_axi_gmem1_WVALID    |  out|    1|       m_axi|           gmem1|       pointer|
|m_axi_gmem1_WREADY    |   in|    1|       m_axi|           gmem1|       pointer|
|m_axi_gmem1_WDATA     |  out|   32|       m_axi|           gmem1|       pointer|
|m_axi_gmem1_WSTRB     |  out|    4|       m_axi|           gmem1|       pointer|
|m_axi_gmem1_WLAST     |  out|    1|       m_axi|           gmem1|       pointer|
|m_axi_gmem1_WID       |  out|    1|       m_axi|           gmem1|       pointer|
|m_axi_gmem1_WUSER     |  out|    1|       m_axi|           gmem1|       pointer|
|m_axi_gmem1_ARVALID   |  out|    1|       m_axi|           gmem1|       pointer|
|m_axi_gmem1_ARREADY   |   in|    1|       m_axi|           gmem1|       pointer|
|m_axi_gmem1_ARADDR    |  out|   64|       m_axi|           gmem1|       pointer|
|m_axi_gmem1_ARID      |  out|    1|       m_axi|           gmem1|       pointer|
|m_axi_gmem1_ARLEN     |  out|   32|       m_axi|           gmem1|       pointer|
|m_axi_gmem1_ARSIZE    |  out|    3|       m_axi|           gmem1|       pointer|
|m_axi_gmem1_ARBURST   |  out|    2|       m_axi|           gmem1|       pointer|
|m_axi_gmem1_ARLOCK    |  out|    2|       m_axi|           gmem1|       pointer|
|m_axi_gmem1_ARCACHE   |  out|    4|       m_axi|           gmem1|       pointer|
|m_axi_gmem1_ARPROT    |  out|    3|       m_axi|           gmem1|       pointer|
|m_axi_gmem1_ARQOS     |  out|    4|       m_axi|           gmem1|       pointer|
|m_axi_gmem1_ARREGION  |  out|    4|       m_axi|           gmem1|       pointer|
|m_axi_gmem1_ARUSER    |  out|    1|       m_axi|           gmem1|       pointer|
|m_axi_gmem1_RVALID    |   in|    1|       m_axi|           gmem1|       pointer|
|m_axi_gmem1_RREADY    |  out|    1|       m_axi|           gmem1|       pointer|
|m_axi_gmem1_RDATA     |   in|   32|       m_axi|           gmem1|       pointer|
|m_axi_gmem1_RLAST     |   in|    1|       m_axi|           gmem1|       pointer|
|m_axi_gmem1_RID       |   in|    1|       m_axi|           gmem1|       pointer|
|m_axi_gmem1_RFIFONUM  |   in|    9|       m_axi|           gmem1|       pointer|
|m_axi_gmem1_RUSER     |   in|    1|       m_axi|           gmem1|       pointer|
|m_axi_gmem1_RRESP     |   in|    2|       m_axi|           gmem1|       pointer|
|m_axi_gmem1_BVALID    |   in|    1|       m_axi|           gmem1|       pointer|
|m_axi_gmem1_BREADY    |  out|    1|       m_axi|           gmem1|       pointer|
|m_axi_gmem1_BRESP     |   in|    2|       m_axi|           gmem1|       pointer|
|m_axi_gmem1_BID       |   in|    1|       m_axi|           gmem1|       pointer|
|m_axi_gmem1_BUSER     |   in|    1|       m_axi|           gmem1|       pointer|
|iRMB_out1_address0    |  out|   14|   ap_memory|       iRMB_out1|         array|
|iRMB_out1_ce0         |  out|    1|   ap_memory|       iRMB_out1|         array|
|iRMB_out1_q0          |   in|   32|   ap_memory|       iRMB_out1|         array|
|iRMB_out1_address1    |  out|   14|   ap_memory|       iRMB_out1|         array|
|iRMB_out1_ce1         |  out|    1|   ap_memory|       iRMB_out1|         array|
|iRMB_out1_q1          |   in|   32|   ap_memory|       iRMB_out1|         array|
|in2                   |   in|   64|     ap_none|             in2|        scalar|
|iRMB_out2_address0    |  out|   14|   ap_memory|       iRMB_out2|         array|
|iRMB_out2_ce0         |  out|    1|   ap_memory|       iRMB_out2|         array|
|iRMB_out2_we0         |  out|    1|   ap_memory|       iRMB_out2|         array|
|iRMB_out2_d0          |  out|   32|   ap_memory|       iRMB_out2|         array|
+----------------------+-----+-----+------------+----------------+--------------+

