

================================================================
== Vitis HLS Report for 'Compute_skip_4'
================================================================
* Date:           Fri Nov 10 02:19:05 2023

* Version:        2022.1 (Build 3526262 on Mon Apr 18 15:47:01 MDT 2022)
* Project:        proj_kernel_EMO
* Solution:       solution1 (Vivado IP Flow Target)
* Product family: virtexuplus
* Target device:  xcu250-figd2104-2L-e


================================================================
== Performance Estimates
================================================================
+ Timing: 
    * Summary: 
    +--------+----------+-----------+------------+
    |  Clock |  Target  | Estimated | Uncertainty|
    +--------+----------+-----------+------------+
    |ap_clk  |  50.00 ns|  36.500 ns|    13.50 ns|
    +--------+----------+-----------+------------+

+ Latency: 
    * Summary: 
    +---------+---------+----------+----------+-------+-------+---------+
    |  Latency (cycles) |  Latency (absolute) |    Interval   | Pipeline|
    |   min   |   max   |    min   |    max   |  min  |  max  |   Type  |
    +---------+---------+----------+----------+-------+-------+---------+
    |    15699|    15699|  0.785 ms|  0.785 ms|  15699|  15699|       no|
    +---------+---------+----------+----------+-------+-------+---------+

    + Detail: 
        * Instance: 
        N/A

        * Loop: 
        +-----------------------------------+---------+---------+----------+-----------+-----------+------+----------+
        |                                   |  Latency (cycles) | Iteration|  Initiation Interval  | Trip |          |
        |             Loop Name             |   min   |   max   |  Latency |  achieved |   target  | Count| Pipelined|
        +-----------------------------------+---------+---------+----------+-----------+-----------+------+----------+
        |- VITIS_LOOP_17_1_VITIS_LOOP_20_2  |    15697|    15697|        32|         14|          1|  1120|       yes|
        +-----------------------------------+---------+---------+----------+-----------+-----------+------+----------+



================================================================
== Utilization Estimates
================================================================
* Summary: 
+---------------------+---------+-------+---------+---------+------+
|         Name        | BRAM_18K|  DSP  |    FF   |   LUT   | URAM |
+---------------------+---------+-------+---------+---------+------+
|DSP                  |        -|      1|        -|        -|     -|
|Expression           |        -|      -|        0|      551|     -|
|FIFO                 |        -|      -|        -|        -|     -|
|Instance             |        -|      2|        0|      226|     -|
|Memory               |        -|      -|        -|        -|     -|
|Multiplexer          |        -|      -|        -|      490|     -|
|Register             |        -|      -|      665|        -|     -|
+---------------------+---------+-------+---------+---------+------+
|Total                |        0|      3|      665|     1267|     0|
+---------------------+---------+-------+---------+---------+------+
|Available SLR        |     1344|   3072|   864000|   432000|   320|
+---------------------+---------+-------+---------+---------+------+
|Utilization SLR (%)  |        0|     ~0|       ~0|       ~0|     0|
+---------------------+---------+-------+---------+---------+------+
|Available            |     5376|  12288|  3456000|  1728000|  1280|
+---------------------+---------+-------+---------+---------+------+
|Utilization (%)      |        0|     ~0|       ~0|       ~0|     0|
+---------------------+---------+-------+---------+---------+------+

+ Detail: 
    * Instance: 
    +--------------------------------------+--------------------------------+---------+----+---+-----+-----+
    |               Instance               |             Module             | BRAM_18K| DSP| FF| LUT | URAM|
    +--------------------------------------+--------------------------------+---------+----+---+-----+-----+
    |fadd_32ns_32ns_32_1_full_dsp_1_U4404  |fadd_32ns_32ns_32_1_full_dsp_1  |        0|   2|  0|  226|    0|
    +--------------------------------------+--------------------------------+---------+----+---+-----+-----+
    |Total                                 |                                |        0|   2|  0|  226|    0|
    +--------------------------------------+--------------------------------+---------+----+---+-----+-----+

    * DSP: 
    +------------------------------------+------------------------------+--------------+
    |              Instance              |            Module            |  Expression  |
    +------------------------------------+------------------------------+--------------+
    |mac_muladd_7ns_8ns_9s_15_4_1_U4405  |mac_muladd_7ns_8ns_9s_15_4_1  |  i0 * i1 + i2|
    +------------------------------------+------------------------------+--------------+

    * Memory: 
    N/A

    * FIFO: 
    N/A

    * Expression: 
    +------------------------------------+----------+----+---+----+------------+------------+
    |            Variable Name           | Operation| DSP| FF| LUT| Bitwidth P0| Bitwidth P1|
    +------------------------------------+----------+----+---+----+------------+------------+
    |add_ln17_3_fu_469_p2                |         +|   0|  0|  14|           7|           1|
    |add_ln17_fu_443_p2                  |         +|   0|  0|  18|          11|           1|
    |add_ln20_fu_487_p2                  |         +|   0|  0|  12|           4|           1|
    |add_ln27_11_fu_647_p2               |         +|   0|  0|  23|          16|           4|
    |add_ln27_12_fu_668_p2               |         +|   0|  0|  23|          16|           5|
    |add_ln27_13_fu_688_p2               |         +|   0|  0|  23|          16|           5|
    |add_ln27_14_fu_708_p2               |         +|   0|  0|  23|          16|           5|
    |add_ln27_15_fu_728_p2               |         +|   0|  0|  23|          16|           5|
    |add_ln27_16_fu_748_p2               |         +|   0|  0|  23|          16|           6|
    |add_ln27_17_fu_768_p2               |         +|   0|  0|  23|          16|           6|
    |add_ln27_18_fu_788_p2               |         +|   0|  0|  23|          16|           6|
    |add_ln27_19_fu_957_p2               |         +|   0|  0|  23|          16|           6|
    |add_ln27_20_fu_992_p2               |         +|   0|  0|  23|          16|           6|
    |add_ln27_21_fu_1012_p2              |         +|   0|  0|  23|          16|           6|
    |add_ln27_fu_626_p2                  |         +|   0|  0|  23|          16|           4|
    |empty_863_fu_554_p2                 |         +|   0|  0|  71|          64|          64|
    |empty_864_fu_559_p2                 |         +|   0|  0|  71|          64|          64|
    |empty_fu_530_p2                     |         -|   0|  0|  16|           9|           9|
    |ap_block_pp0_stage0_01001           |       and|   0|  0|   2|           1|           1|
    |ap_block_pp0_stage0_11001           |       and|   0|  0|   2|           1|           1|
    |ap_block_pp0_stage11_01001          |       and|   0|  0|   2|           1|           1|
    |ap_block_pp0_stage13_11001          |       and|   0|  0|   2|           1|           1|
    |ap_block_state12_pp0_stage11_iter0  |       and|   0|  0|   2|           1|           1|
    |ap_block_state13_io                 |       and|   0|  0|   2|           1|           1|
    |ap_block_state14_io                 |       and|   0|  0|   2|           1|           1|
    |ap_block_state5_io                  |       and|   0|  0|   2|           1|           1|
    |icmp_ln17_fu_437_p2                 |      icmp|   0|  0|  11|          11|          11|
    |icmp_ln20_fu_455_p2                 |      icmp|   0|  0|   9|           4|           3|
    |ap_block_pp0_stage11_11001          |        or|   0|  0|   2|           1|           1|
    |ap_block_pp0_stage12_11001          |        or|   0|  0|   2|           1|           1|
    |ap_block_pp0_stage3_01001           |        or|   0|  0|   2|           1|           1|
    |ap_block_pp0_stage3_11001           |        or|   0|  0|   2|           1|           1|
    |ap_block_pp0_stage4_11001           |        or|   0|  0|   2|           1|           1|
    |or_ln27_fu_608_p2                   |        or|   0|  0|  14|          14|           1|
    |h_0_mid2_fu_461_p3                  |    select|   0|  0|   4|           1|           1|
    |p_mid2_v_v_fu_475_p3                |    select|   0|  0|   7|           1|           7|
    |ap_enable_pp0                       |       xor|   0|  0|   2|           1|           2|
    +------------------------------------+----------+----+---+----+------------+------------+
    |Total                               |          |   0|  0| 551|         396|         242|
    +------------------------------------+----------+----+---+----+------------+------------+

    * Multiplexer: 
    +--------------------------------------+----+-----------+-----+-----------+
    |                 Name                 | LUT| Input Size| Bits| Total Bits|
    +--------------------------------------+----+-----------+-----+-----------+
    |ap_NS_fsm                             |  65|         15|    1|         15|
    |ap_done_int                           |   9|          2|    1|          2|
    |ap_enable_reg_pp0_iter0               |   9|          2|    1|          2|
    |ap_enable_reg_pp0_iter1               |   9|          2|    1|          2|
    |ap_enable_reg_pp0_iter2               |   9|          2|    1|          2|
    |ap_loop_exit_ready_pp0_iter1_reg      |   9|          2|    1|          2|
    |ap_sig_allocacmp_c_0_load             |   9|          2|    7|         14|
    |ap_sig_allocacmp_h_0_load             |   9|          2|    4|          8|
    |ap_sig_allocacmp_indvar_flatten_load  |   9|          2|   11|         22|
    |c_0_fu_134                            |   9|          2|    7|         14|
    |gmem1_blk_n_AR                        |   9|          2|    1|          2|
    |gmem1_blk_n_R                         |   9|          2|    1|          2|
    |gmem2_blk_n_AW                        |   9|          2|    1|          2|
    |gmem2_blk_n_B                         |   9|          2|    1|          2|
    |gmem2_blk_n_W                         |   9|          2|    1|          2|
    |grp_fu_407_p0                         |  65|         15|   32|        480|
    |grp_fu_407_p1                         |  65|         15|   32|        480|
    |h_0_fu_130                            |   9|          2|    4|          8|
    |iRMB_out6_address0                    |  43|          8|   14|        112|
    |iRMB_out6_address1                    |  43|          8|   14|        112|
    |indvar_flatten_fu_138                 |   9|          2|   11|         22|
    |m_axi_gmem2_WDATA                     |  65|         15|   32|        480|
    +--------------------------------------+----+-----------+-----+-----------+
    |Total                                 | 490|        108|  179|       1787|
    +--------------------------------------+----+-----------+-----+-----------+

    * Register: 
    +----------------------------------+----+----+-----+-----------+
    |               Name               | FF | LUT| Bits| Const Bits|
    +----------------------------------+----+----+-----+-----------+
    |ap_CS_fsm                         |  14|   0|   14|          0|
    |ap_done_reg                       |   1|   0|    1|          0|
    |ap_enable_reg_pp0_iter0_reg       |   1|   0|    1|          0|
    |ap_enable_reg_pp0_iter1           |   1|   0|    1|          0|
    |ap_enable_reg_pp0_iter2           |   1|   0|    1|          0|
    |ap_loop_exit_ready_pp0_iter1_reg  |   1|   0|    1|          0|
    |c_0_fu_134                        |   7|   0|    7|          0|
    |empty_862_reg_1128                |  14|   0|   14|          0|
    |gmem1_addr_reg_1133               |  64|   0|   64|          0|
    |gmem2_addr_reg_1139               |  64|   0|   64|          0|
    |h_0_fu_130                        |   4|   0|    4|          0|
    |h_0_mid2_reg_1112                 |   4|   0|    4|          0|
    |iRMB_out6_load_10_reg_1277        |  32|   0|   32|          0|
    |iRMB_out6_load_13_reg_1297        |  32|   0|   32|          0|
    |iRMB_out6_load_1_reg_1187         |  32|   0|   32|          0|
    |iRMB_out6_load_2_reg_1202         |  32|   0|   32|          0|
    |iRMB_out6_load_3_reg_1207         |  32|   0|   32|          0|
    |iRMB_out6_load_4_reg_1222         |  32|   0|   32|          0|
    |iRMB_out6_load_5_reg_1227         |  32|   0|   32|          0|
    |iRMB_out6_load_6_reg_1242         |  32|   0|   32|          0|
    |iRMB_out6_load_7_reg_1247         |  32|   0|   32|          0|
    |iRMB_out6_load_8_reg_1262         |  32|   0|   32|          0|
    |iRMB_out6_load_9_reg_1267         |  32|   0|   32|          0|
    |iRMB_out6_load_reg_1182           |  32|   0|   32|          0|
    |icmp_ln17_reg_1108                |   1|   0|    1|          0|
    |icmp_ln17_reg_1108_pp0_iter1_reg  |   1|   0|    1|          0|
    |indvar_flatten_fu_138             |  11|   0|   11|          0|
    |p_cast4_reg_1168                  |  14|   0|   16|          2|
    |p_cast4_reg_1168_pp0_iter1_reg    |  14|   0|   16|          2|
    |reg_411                           |  32|   0|   32|          0|
    |reg_415                           |  32|   0|   32|          0|
    +----------------------------------+----+----+-----+-----------+
    |Total                             | 665|   0|  669|          4|
    +----------------------------------+----+----+-----+-----------+



================================================================
== Interface
================================================================
* Summary: 
+----------------------+-----+-----+------------+----------------+--------------+
|       RTL Ports      | Dir | Bits|  Protocol  |  Source Object |    C Type    |
+----------------------+-----+-----+------------+----------------+--------------+
|ap_clk                |   in|    1|  ap_ctrl_hs|  Compute_skip.4|  return value|
|ap_rst                |   in|    1|  ap_ctrl_hs|  Compute_skip.4|  return value|
|ap_start              |   in|    1|  ap_ctrl_hs|  Compute_skip.4|  return value|
|ap_done               |  out|    1|  ap_ctrl_hs|  Compute_skip.4|  return value|
|ap_idle               |  out|    1|  ap_ctrl_hs|  Compute_skip.4|  return value|
|ap_ready              |  out|    1|  ap_ctrl_hs|  Compute_skip.4|  return value|
|m_axi_gmem2_AWVALID   |  out|    1|       m_axi|           gmem2|       pointer|
|m_axi_gmem2_AWREADY   |   in|    1|       m_axi|           gmem2|       pointer|
|m_axi_gmem2_AWADDR    |  out|   64|       m_axi|           gmem2|       pointer|
|m_axi_gmem2_AWID      |  out|    1|       m_axi|           gmem2|       pointer|
|m_axi_gmem2_AWLEN     |  out|   32|       m_axi|           gmem2|       pointer|
|m_axi_gmem2_AWSIZE    |  out|    3|       m_axi|           gmem2|       pointer|
|m_axi_gmem2_AWBURST   |  out|    2|       m_axi|           gmem2|       pointer|
|m_axi_gmem2_AWLOCK    |  out|    2|       m_axi|           gmem2|       pointer|
|m_axi_gmem2_AWCACHE   |  out|    4|       m_axi|           gmem2|       pointer|
|m_axi_gmem2_AWPROT    |  out|    3|       m_axi|           gmem2|       pointer|
|m_axi_gmem2_AWQOS     |  out|    4|       m_axi|           gmem2|       pointer|
|m_axi_gmem2_AWREGION  |  out|    4|       m_axi|           gmem2|       pointer|
|m_axi_gmem2_AWUSER    |  out|    1|       m_axi|           gmem2|       pointer|
|m_axi_gmem2_WVALID    |  out|    1|       m_axi|           gmem2|       pointer|
|m_axi_gmem2_WREADY    |   in|    1|       m_axi|           gmem2|       pointer|
|m_axi_gmem2_WDATA     |  out|   32|       m_axi|           gmem2|       pointer|
|m_axi_gmem2_WSTRB     |  out|    4|       m_axi|           gmem2|       pointer|
|m_axi_gmem2_WLAST     |  out|    1|       m_axi|           gmem2|       pointer|
|m_axi_gmem2_WID       |  out|    1|       m_axi|           gmem2|       pointer|
|m_axi_gmem2_WUSER     |  out|    1|       m_axi|           gmem2|       pointer|
|m_axi_gmem2_ARVALID   |  out|    1|       m_axi|           gmem2|       pointer|
|m_axi_gmem2_ARREADY   |   in|    1|       m_axi|           gmem2|       pointer|
|m_axi_gmem2_ARADDR    |  out|   64|       m_axi|           gmem2|       pointer|
|m_axi_gmem2_ARID      |  out|    1|       m_axi|           gmem2|       pointer|
|m_axi_gmem2_ARLEN     |  out|   32|       m_axi|           gmem2|       pointer|
|m_axi_gmem2_ARSIZE    |  out|    3|       m_axi|           gmem2|       pointer|
|m_axi_gmem2_ARBURST   |  out|    2|       m_axi|           gmem2|       pointer|
|m_axi_gmem2_ARLOCK    |  out|    2|       m_axi|           gmem2|       pointer|
|m_axi_gmem2_ARCACHE   |  out|    4|       m_axi|           gmem2|       pointer|
|m_axi_gmem2_ARPROT    |  out|    3|       m_axi|           gmem2|       pointer|
|m_axi_gmem2_ARQOS     |  out|    4|       m_axi|           gmem2|       pointer|
|m_axi_gmem2_ARREGION  |  out|    4|       m_axi|           gmem2|       pointer|
|m_axi_gmem2_ARUSER    |  out|    1|       m_axi|           gmem2|       pointer|
|m_axi_gmem2_RVALID    |   in|    1|       m_axi|           gmem2|       pointer|
|m_axi_gmem2_RREADY    |  out|    1|       m_axi|           gmem2|       pointer|
|m_axi_gmem2_RDATA     |   in|   32|       m_axi|           gmem2|       pointer|
|m_axi_gmem2_RLAST     |   in|    1|       m_axi|           gmem2|       pointer|
|m_axi_gmem2_RID       |   in|    1|       m_axi|           gmem2|       pointer|
|m_axi_gmem2_RFIFONUM  |   in|    9|       m_axi|           gmem2|       pointer|
|m_axi_gmem2_RUSER     |   in|    1|       m_axi|           gmem2|       pointer|
|m_axi_gmem2_RRESP     |   in|    2|       m_axi|           gmem2|       pointer|
|m_axi_gmem2_BVALID    |   in|    1|       m_axi|           gmem2|       pointer|
|m_axi_gmem2_BREADY    |  out|    1|       m_axi|           gmem2|       pointer|
|m_axi_gmem2_BRESP     |   in|    2|       m_axi|           gmem2|       pointer|
|m_axi_gmem2_BID       |   in|    1|       m_axi|           gmem2|       pointer|
|m_axi_gmem2_BUSER     |   in|    1|       m_axi|           gmem2|       pointer|
|m_axi_gmem1_AWVALID   |  out|    1|       m_axi|           gmem1|       pointer|
|m_axi_gmem1_AWREADY   |   in|    1|       m_axi|           gmem1|       pointer|
|m_axi_gmem1_AWADDR    |  out|   64|       m_axi|           gmem1|       pointer|
|m_axi_gmem1_AWID      |  out|    1|       m_axi|           gmem1|       pointer|
|m_axi_gmem1_AWLEN     |  out|   32|       m_axi|           gmem1|       pointer|
|m_axi_gmem1_AWSIZE    |  out|    3|       m_axi|           gmem1|       pointer|
|m_axi_gmem1_AWBURST   |  out|    2|       m_axi|           gmem1|       pointer|
|m_axi_gmem1_AWLOCK    |  out|    2|       m_axi|           gmem1|       pointer|
|m_axi_gmem1_AWCACHE   |  out|    4|       m_axi|           gmem1|       pointer|
|m_axi_gmem1_AWPROT    |  out|    3|       m_axi|           gmem1|       pointer|
|m_axi_gmem1_AWQOS     |  out|    4|       m_axi|           gmem1|       pointer|
|m_axi_gmem1_AWREGION  |  out|    4|       m_axi|           gmem1|       pointer|
|m_axi_gmem1_AWUSER    |  out|    1|       m_axi|           gmem1|       pointer|
|m_axi_gmem1_WVALID    |  out|    1|       m_axi|           gmem1|       pointer|
|m_axi_gmem1_WREADY    |   in|    1|       m_axi|           gmem1|       pointer|
|m_axi_gmem1_WDATA     |  out|   32|       m_axi|           gmem1|       pointer|
|m_axi_gmem1_WSTRB     |  out|    4|       m_axi|           gmem1|       pointer|
|m_axi_gmem1_WLAST     |  out|    1|       m_axi|           gmem1|       pointer|
|m_axi_gmem1_WID       |  out|    1|       m_axi|           gmem1|       pointer|
|m_axi_gmem1_WUSER     |  out|    1|       m_axi|           gmem1|       pointer|
|m_axi_gmem1_ARVALID   |  out|    1|       m_axi|           gmem1|       pointer|
|m_axi_gmem1_ARREADY   |   in|    1|       m_axi|           gmem1|       pointer|
|m_axi_gmem1_ARADDR    |  out|   64|       m_axi|           gmem1|       pointer|
|m_axi_gmem1_ARID      |  out|    1|       m_axi|           gmem1|       pointer|
|m_axi_gmem1_ARLEN     |  out|   32|       m_axi|           gmem1|       pointer|
|m_axi_gmem1_ARSIZE    |  out|    3|       m_axi|           gmem1|       pointer|
|m_axi_gmem1_ARBURST   |  out|    2|       m_axi|           gmem1|       pointer|
|m_axi_gmem1_ARLOCK    |  out|    2|       m_axi|           gmem1|       pointer|
|m_axi_gmem1_ARCACHE   |  out|    4|       m_axi|           gmem1|       pointer|
|m_axi_gmem1_ARPROT    |  out|    3|       m_axi|           gmem1|       pointer|
|m_axi_gmem1_ARQOS     |  out|    4|       m_axi|           gmem1|       pointer|
|m_axi_gmem1_ARREGION  |  out|    4|       m_axi|           gmem1|       pointer|
|m_axi_gmem1_ARUSER    |  out|    1|       m_axi|           gmem1|       pointer|
|m_axi_gmem1_RVALID    |   in|    1|       m_axi|           gmem1|       pointer|
|m_axi_gmem1_RREADY    |  out|    1|       m_axi|           gmem1|       pointer|
|m_axi_gmem1_RDATA     |   in|   32|       m_axi|           gmem1|       pointer|
|m_axi_gmem1_RLAST     |   in|    1|       m_axi|           gmem1|       pointer|
|m_axi_gmem1_RID       |   in|    1|       m_axi|           gmem1|       pointer|
|m_axi_gmem1_RFIFONUM  |   in|    9|       m_axi|           gmem1|       pointer|
|m_axi_gmem1_RUSER     |   in|    1|       m_axi|           gmem1|       pointer|
|m_axi_gmem1_RRESP     |   in|    2|       m_axi|           gmem1|       pointer|
|m_axi_gmem1_BVALID    |   in|    1|       m_axi|           gmem1|       pointer|
|m_axi_gmem1_BREADY    |  out|    1|       m_axi|           gmem1|       pointer|
|m_axi_gmem1_BRESP     |   in|    2|       m_axi|           gmem1|       pointer|
|m_axi_gmem1_BID       |   in|    1|       m_axi|           gmem1|       pointer|
|m_axi_gmem1_BUSER     |   in|    1|       m_axi|           gmem1|       pointer|
|iRMB_out6_address0    |  out|   14|   ap_memory|       iRMB_out6|         array|
|iRMB_out6_ce0         |  out|    1|   ap_memory|       iRMB_out6|         array|
|iRMB_out6_q0          |   in|   32|   ap_memory|       iRMB_out6|         array|
|iRMB_out6_address1    |  out|   14|   ap_memory|       iRMB_out6|         array|
|iRMB_out6_ce1         |  out|    1|   ap_memory|       iRMB_out6|         array|
|iRMB_out6_q1          |   in|   32|   ap_memory|       iRMB_out6|         array|
|in2                   |   in|   64|     ap_none|             in2|        scalar|
|out_r                 |   in|   64|     ap_none|           out_r|        scalar|
+----------------------+-----+-----+------------+----------------+--------------+

