

================================================================
== Vitis HLS Report for 'compute_multiplication'
================================================================
* Date:           Fri Nov 10 02:18:06 2023

* Version:        2022.1 (Build 3526262 on Mon Apr 18 15:47:01 MDT 2022)
* Project:        proj_kernel_EMO
* Solution:       solution1 (Vivado IP Flow Target)
* Product family: virtexuplus
* Target device:  xcu250-figd2104-2L-e


================================================================
== Performance Estimates
================================================================
+ Timing: 
    * Summary: 
    +--------+----------+-----------+------------+
    |  Clock |  Target  | Estimated | Uncertainty|
    +--------+----------+-----------+------------+
    |ap_clk  |  50.00 ns|  36.500 ns|    13.50 ns|
    +--------+----------+-----------+------------+

+ Latency: 
    * Summary: 
    +---------+---------+-----------+-----------+--------+---------+---------+
    |  Latency (cycles) |   Latency (absolute)  |     Interval     | Pipeline|
    |   min   |   max   |    min    |    max    |   min  |   max   |   Type  |
    +---------+---------+-----------+-----------+--------+---------+---------+
    |   904737|  4428817|  45.237 ms|  0.221 sec|  904737|  4428817|       no|
    +---------+---------+-----------+-----------+--------+---------+---------+

    + Detail: 
        * Instance: 
        +-------------------------------------------------------------+--------------------------------------------------+---------+---------+----------+----------+-----+-----+---------+
        |                                                             |                                                  |  Latency (cycles) |  Latency (absolute) |  Interval | Pipeline|
        |                           Instance                          |                      Module                      |   min   |   max   |    min   |    max   | min | max |   Type  |
        +-------------------------------------------------------------+--------------------------------------------------+---------+---------+----------+----------+-----+-----+---------+
        |grp_compute_multiplication_Pipeline_VITIS_LOOP_208_4_fu_197  |compute_multiplication_Pipeline_VITIS_LOOP_208_4  |       54|      112|  2.700 us|  5.600 us|   54|  112|       no|
        +-------------------------------------------------------------+--------------------------------------------------+---------+---------+----------+----------+-----+-----+---------+

        * Loop: 
        +---------------------------------------------+---------+---------+-------------+-----------+-----------+---------+----------+
        |                                             |  Latency (cycles) |  Iteration  |  Initiation Interval  |   Trip  |          |
        |                  Loop Name                  |   min   |   max   |   Latency   |  achieved |   target  |  Count  | Pipelined|
        +---------------------------------------------+---------+---------+-------------+-----------+-----------+---------+----------+
        |- execute_VITIS_LOOP_205_1_VITIS_LOOP_206_2  |   904736|  4428816|  1154 ~ 5649|          -|          -|      784|        no|
        | + VITIS_LOOP_207_3                          |     1140|     5635|     57 ~ 115|          -|          -|  20 ~ 49|        no|
        +---------------------------------------------+---------+---------+-------------+-----------+-----------+---------+----------+



================================================================
== Utilization Estimates
================================================================
* Summary: 
+---------------------+---------+-------+---------+---------+------+
|         Name        | BRAM_18K|  DSP  |    FF   |   LUT   | URAM |
+---------------------+---------+-------+---------+---------+------+
|DSP                  |        -|      3|        -|        -|     -|
|Expression           |        -|      -|        0|      329|     -|
|FIFO                 |        -|      -|        -|        -|     -|
|Instance             |        -|      6|      382|      723|     -|
|Memory               |        -|      -|        -|        -|     -|
|Multiplexer          |        -|      -|        -|      185|     -|
|Register             |        -|      -|      244|        -|     -|
+---------------------+---------+-------+---------+---------+------+
|Total                |        0|      9|      626|     1237|     0|
+---------------------+---------+-------+---------+---------+------+
|Available SLR        |     1344|   3072|   864000|   432000|   320|
+---------------------+---------+-------+---------+---------+------+
|Utilization SLR (%)  |        0|     ~0|       ~0|       ~0|     0|
+---------------------+---------+-------+---------+---------+------+
|Available            |     5376|  12288|  3456000|  1728000|  1280|
+---------------------+---------+-------+---------+---------+------+
|Utilization (%)      |        0|     ~0|       ~0|       ~0|     0|
+---------------------+---------+-------+---------+---------+------+

+ Detail: 
    * Instance: 
    +-------------------------------------------------------------+--------------------------------------------------+---------+----+-----+-----+-----+
    |                           Instance                          |                      Module                      | BRAM_18K| DSP|  FF | LUT | URAM|
    +-------------------------------------------------------------+--------------------------------------------------+---------+----+-----+-----+-----+
    |grp_compute_multiplication_Pipeline_VITIS_LOOP_208_4_fu_197  |compute_multiplication_Pipeline_VITIS_LOOP_208_4  |        0|   6|  382|  700|    0|
    |mul_4ns_6ns_10_1_1_U4016                                     |mul_4ns_6ns_10_1_1                                |        0|   0|    0|   23|    0|
    +-------------------------------------------------------------+--------------------------------------------------+---------+----+-----+-----+-----+
    |Total                                                        |                                                  |        0|   6|  382|  723|    0|
    +-------------------------------------------------------------+--------------------------------------------------+---------+----+-----+-----+-----+

    * DSP: 
    +-------------------------------------+-------------------------------+--------------+
    |               Instance              |             Module            |  Expression  |
    +-------------------------------------+-------------------------------+--------------+
    |mac_muladd_4ns_6ns_6ns_10_4_1_U4017  |mac_muladd_4ns_6ns_6ns_10_4_1  |  i0 + i1 * i2|
    |mul_mul_10ns_6ns_16_4_1_U4018        |mul_mul_10ns_6ns_16_4_1        |       i0 * i1|
    |mul_mul_10ns_6ns_16_4_1_U4019        |mul_mul_10ns_6ns_16_4_1        |       i0 * i1|
    +-------------------------------------+-------------------------------+--------------+

    * Memory: 
    N/A

    * FIFO: 
    N/A

    * Expression: 
    +--------------------------+----------+----+---+----+------------+------------+
    |       Variable Name      | Operation| DSP| FF| LUT| Bitwidth P0| Bitwidth P1|
    +--------------------------+----------+----+---+----+------------+------------+
    |add_ln204_1_fu_316_p2     |         +|   0|  0|  10|           3|           1|
    |add_ln204_fu_293_p2       |         +|   0|  0|  17|          10|           1|
    |add_ln205_2_fu_515_p2     |         +|   0|  0|  16|           9|           1|
    |add_ln205_fu_376_p2       |         +|   0|  0|  10|           3|           1|
    |add_ln206_fu_510_p2       |         +|   0|  0|  13|           6|           1|
    |add_ln207_fu_504_p2       |         +|   0|  0|  13|           6|           1|
    |empty_443_fu_281_p2       |         +|   0|  0|  12|           4|           4|
    |empty_447_fu_448_p2       |         +|   0|  0|  71|          64|          64|
    |empty_449_fu_464_p2       |         +|   0|  0|  71|          64|          64|
    |p_mid1_fu_400_p2          |         +|   0|  0|  12|           4|           4|
    |and_ln204_fu_362_p2       |       and|   0|  0|   2|           1|           1|
    |icmp_ln204_fu_287_p2      |      icmp|   0|  0|  11|          10|           9|
    |icmp_ln205_fu_302_p2      |      icmp|   0|  0|  11|           9|           8|
    |icmp_ln206_fu_356_p2      |      icmp|   0|  0|  10|           6|           5|
    |icmp_ln207_fu_499_p2      |      icmp|   0|  0|  10|           6|           6|
    |or_ln205_fu_382_p2        |        or|   0|  0|   2|           1|           1|
    |select_ln204_3_fu_334_p3  |    select|   0|  0|   4|           1|           4|
    |select_ln204_4_fu_342_p3  |    select|   0|  0|   4|           1|           4|
    |select_ln204_5_fu_368_p3  |    select|   0|  0|   3|           1|           3|
    |select_ln204_fu_308_p3    |    select|   0|  0|   3|           1|           1|
    |select_ln205_5_fu_406_p3  |    select|   0|  0|   4|           1|           4|
    |select_ln205_6_fu_423_p3  |    select|   0|  0|   3|           1|           3|
    |select_ln205_7_fu_521_p3  |    select|   0|  0|   9|           1|           1|
    |select_ln205_fu_388_p3    |    select|   0|  0|   6|           1|           1|
    |xor_ln204_fu_350_p2       |       xor|   0|  0|   2|           1|           2|
    +--------------------------+----------+----+---+----+------------+------------+
    |Total                     |          |   0|  0| 329|         215|         195|
    +--------------------------+----------+----+---+----+------------+------------+

    * Multiplexer: 
    +-------------------------+----+-----------+-----+-----------+
    |           Name          | LUT| Input Size| Bits| Total Bits|
    +-------------------------+----+-----------+-----+-----------+
    |ap_NS_fsm                |  86|         18|    1|         18|
    |b_fu_122                 |   9|          2|    3|          6|
    |c_fu_114                 |   9|          2|    3|          6|
    |gmem_blk_n_AW            |   9|          2|    1|          2|
    |gmem_blk_n_B             |   9|          2|    1|          2|
    |gmem_blk_n_W             |   9|          2|    1|          2|
    |i_fu_110                 |   9|          2|    6|         12|
    |indvar_flatten27_fu_126  |   9|          2|   10|         20|
    |indvar_flatten_fu_118    |   9|          2|    9|         18|
    |k_reg_185                |   9|          2|    6|         12|
    |m_axi_gmem_ARVALID       |   9|          2|    1|          2|
    |m_axi_gmem_RREADY        |   9|          2|    1|          2|
    +-------------------------+----+-----------+-----+-----------+
    |Total                    | 185|         40|   43|        102|
    +-------------------------+----+-----------+-----+-----------+

    * Register: 
    +--------------------------------------------------------------------------+----+----+-----+-----------+
    |                                   Name                                   | FF | LUT| Bits| Const Bits|
    +--------------------------------------------------------------------------+----+----+-----+-----------+
    |add_ln204_reg_674                                                         |  10|   0|   10|          0|
    |add_ln207_reg_735                                                         |   6|   0|    6|          0|
    |ap_CS_fsm                                                                 |  17|   0|   17|          0|
    |b_fu_122                                                                  |   3|   0|    3|          0|
    |c_fu_114                                                                  |   3|   0|    3|          0|
    |gmem_addr_reg_721                                                         |  64|   0|   64|          0|
    |grp_compute_multiplication_Pipeline_VITIS_LOOP_208_4_fu_197_ap_start_reg  |   1|   0|    1|          0|
    |i_fu_110                                                                  |   6|   0|    6|          0|
    |icmp_ln205_reg_679                                                        |   1|   0|    1|          0|
    |indvar_flatten27_fu_126                                                   |  10|   0|   10|          0|
    |indvar_flatten_fu_118                                                     |   9|   0|    9|          0|
    |k_reg_185                                                                 |   6|   0|    6|          0|
    |mul_ln205_reg_700                                                         |  10|   0|   10|          0|
    |p_read3_cast_reg_661                                                      |   6|   0|   10|          4|
    |p_read4_cast6_reg_651                                                     |   6|   0|   32|         26|
    |select_ln204_5_reg_684                                                    |   3|   0|    3|          0|
    |select_ln205_6_reg_705                                                    |   3|   0|    3|          0|
    |select_ln205_reg_689                                                      |   6|   0|    6|          0|
    |trunc_ln43_reg_727                                                        |  62|   0|   62|          0|
    |zext_ln204_2_reg_666                                                      |   6|   0|   16|         10|
    |zext_ln204_reg_656                                                        |   6|   0|   16|         10|
    +--------------------------------------------------------------------------+----+----+-----+-----------+
    |Total                                                                     | 244|   0|  294|         50|
    +--------------------------------------------------------------------------+----+----+-----+-----------+



================================================================
== Interface
================================================================
* Summary: 
+-----------------------+-----+-----+------------+------------------------+--------------+
|       RTL Ports       | Dir | Bits|  Protocol  |      Source Object     |    C Type    |
+-----------------------+-----+-----+------------+------------------------+--------------+
|ap_clk                 |   in|    1|  ap_ctrl_hs|  compute_multiplication|  return value|
|ap_rst                 |   in|    1|  ap_ctrl_hs|  compute_multiplication|  return value|
|ap_start               |   in|    1|  ap_ctrl_hs|  compute_multiplication|  return value|
|ap_done                |  out|    1|  ap_ctrl_hs|  compute_multiplication|  return value|
|ap_idle                |  out|    1|  ap_ctrl_hs|  compute_multiplication|  return value|
|ap_ready               |  out|    1|  ap_ctrl_hs|  compute_multiplication|  return value|
|m_axi_gmem_AWVALID     |  out|    1|       m_axi|                    gmem|       pointer|
|m_axi_gmem_AWREADY     |   in|    1|       m_axi|                    gmem|       pointer|
|m_axi_gmem_AWADDR      |  out|   64|       m_axi|                    gmem|       pointer|
|m_axi_gmem_AWID        |  out|    1|       m_axi|                    gmem|       pointer|
|m_axi_gmem_AWLEN       |  out|   32|       m_axi|                    gmem|       pointer|
|m_axi_gmem_AWSIZE      |  out|    3|       m_axi|                    gmem|       pointer|
|m_axi_gmem_AWBURST     |  out|    2|       m_axi|                    gmem|       pointer|
|m_axi_gmem_AWLOCK      |  out|    2|       m_axi|                    gmem|       pointer|
|m_axi_gmem_AWCACHE     |  out|    4|       m_axi|                    gmem|       pointer|
|m_axi_gmem_AWPROT      |  out|    3|       m_axi|                    gmem|       pointer|
|m_axi_gmem_AWQOS       |  out|    4|       m_axi|                    gmem|       pointer|
|m_axi_gmem_AWREGION    |  out|    4|       m_axi|                    gmem|       pointer|
|m_axi_gmem_AWUSER      |  out|    1|       m_axi|                    gmem|       pointer|
|m_axi_gmem_WVALID      |  out|    1|       m_axi|                    gmem|       pointer|
|m_axi_gmem_WREADY      |   in|    1|       m_axi|                    gmem|       pointer|
|m_axi_gmem_WDATA       |  out|   32|       m_axi|                    gmem|       pointer|
|m_axi_gmem_WSTRB       |  out|    4|       m_axi|                    gmem|       pointer|
|m_axi_gmem_WLAST       |  out|    1|       m_axi|                    gmem|       pointer|
|m_axi_gmem_WID         |  out|    1|       m_axi|                    gmem|       pointer|
|m_axi_gmem_WUSER       |  out|    1|       m_axi|                    gmem|       pointer|
|m_axi_gmem_ARVALID     |  out|    1|       m_axi|                    gmem|       pointer|
|m_axi_gmem_ARREADY     |   in|    1|       m_axi|                    gmem|       pointer|
|m_axi_gmem_ARADDR      |  out|   64|       m_axi|                    gmem|       pointer|
|m_axi_gmem_ARID        |  out|    1|       m_axi|                    gmem|       pointer|
|m_axi_gmem_ARLEN       |  out|   32|       m_axi|                    gmem|       pointer|
|m_axi_gmem_ARSIZE      |  out|    3|       m_axi|                    gmem|       pointer|
|m_axi_gmem_ARBURST     |  out|    2|       m_axi|                    gmem|       pointer|
|m_axi_gmem_ARLOCK      |  out|    2|       m_axi|                    gmem|       pointer|
|m_axi_gmem_ARCACHE     |  out|    4|       m_axi|                    gmem|       pointer|
|m_axi_gmem_ARPROT      |  out|    3|       m_axi|                    gmem|       pointer|
|m_axi_gmem_ARQOS       |  out|    4|       m_axi|                    gmem|       pointer|
|m_axi_gmem_ARREGION    |  out|    4|       m_axi|                    gmem|       pointer|
|m_axi_gmem_ARUSER      |  out|    1|       m_axi|                    gmem|       pointer|
|m_axi_gmem_RVALID      |   in|    1|       m_axi|                    gmem|       pointer|
|m_axi_gmem_RREADY      |  out|    1|       m_axi|                    gmem|       pointer|
|m_axi_gmem_RDATA       |   in|   32|       m_axi|                    gmem|       pointer|
|m_axi_gmem_RLAST       |   in|    1|       m_axi|                    gmem|       pointer|
|m_axi_gmem_RID         |   in|    1|       m_axi|                    gmem|       pointer|
|m_axi_gmem_RFIFONUM    |   in|    9|       m_axi|                    gmem|       pointer|
|m_axi_gmem_RUSER       |   in|    1|       m_axi|                    gmem|       pointer|
|m_axi_gmem_RRESP       |   in|    2|       m_axi|                    gmem|       pointer|
|m_axi_gmem_BVALID      |   in|    1|       m_axi|                    gmem|       pointer|
|m_axi_gmem_BREADY      |  out|    1|       m_axi|                    gmem|       pointer|
|m_axi_gmem_BRESP       |   in|    2|       m_axi|                    gmem|       pointer|
|m_axi_gmem_BID         |   in|    1|       m_axi|                    gmem|       pointer|
|m_axi_gmem_BUSER       |   in|    1|       m_axi|                    gmem|       pointer|
|in_q                   |   in|   64|     ap_none|                    in_q|        scalar|
|in_k                   |   in|   64|     ap_none|                    in_k|        scalar|
|afterQKMultiplication  |   in|   64|     ap_none|   afterQKMultiplication|        scalar|
|p_read3                |   in|    6|     ap_none|                 p_read3|        scalar|
|p_read4                |   in|    6|     ap_none|                 p_read4|        scalar|
|scale                  |   in|   32|     ap_none|                   scale|        scalar|
+-----------------------+-----+-----+------------+------------------------+--------------+

