

================================================================
== Vitis HLS Report for 'Compute_skip_5'
================================================================
* Date:           Fri Nov 10 02:20:24 2023

* Version:        2022.1 (Build 3526262 on Mon Apr 18 15:47:01 MDT 2022)
* Project:        proj_kernel_EMO
* Solution:       solution1 (Vivado IP Flow Target)
* Product family: virtexuplus
* Target device:  xcu250-figd2104-2L-e


================================================================
== Performance Estimates
================================================================
+ Timing: 
    * Summary: 
    +--------+----------+-----------+------------+
    |  Clock |  Target  | Estimated | Uncertainty|
    +--------+----------+-----------+------------+
    |ap_clk  |  50.00 ns|  36.500 ns|    13.50 ns|
    +--------+----------+-----------+------------+

+ Latency: 
    * Summary: 
    +---------+---------+----------+----------+------+------+---------+
    |  Latency (cycles) |  Latency (absolute) |   Interval  | Pipeline|
    |   min   |   max   |    min   |    max   |  min |  max |   Type  |
    +---------+---------+----------+----------+------+------+---------+
    |     8245|     8245|  0.412 ms|  0.412 ms|  8245|  8245|       no|
    +---------+---------+----------+----------+------+------+---------+

    + Detail: 
        * Instance: 
        N/A

        * Loop: 
        +-----------------------------------+---------+---------+----------+-----------+-----------+------+----------+
        |                                   |  Latency (cycles) | Iteration|  Initiation Interval  | Trip |          |
        |             Loop Name             |   min   |   max   |  Latency |  achieved |   target  | Count| Pipelined|
        +-----------------------------------+---------+---------+----------+-----------+-----------+------+----------+
        |- VITIS_LOOP_17_1_VITIS_LOOP_20_2  |     8243|     8243|        19|          7|          1|  1176|       yes|
        +-----------------------------------+---------+---------+----------+-----------+-----------+------+----------+



================================================================
== Utilization Estimates
================================================================
* Summary: 
+---------------------+---------+-------+---------+---------+------+
|         Name        | BRAM_18K|  DSP  |    FF   |   LUT   | URAM |
+---------------------+---------+-------+---------+---------+------+
|DSP                  |        -|      1|        -|        -|     -|
|Expression           |        -|      -|        0|      379|     -|
|FIFO                 |        -|      -|        -|        -|     -|
|Instance             |        -|      2|        0|      226|     -|
|Memory               |        -|      -|        -|        -|     -|
|Multiplexer          |        -|      -|        -|      350|     -|
|Register             |        -|      -|      317|        -|     -|
+---------------------+---------+-------+---------+---------+------+
|Total                |        0|      3|      317|      955|     0|
+---------------------+---------+-------+---------+---------+------+
|Available SLR        |     1344|   3072|   864000|   432000|   320|
+---------------------+---------+-------+---------+---------+------+
|Utilization SLR (%)  |        0|     ~0|       ~0|       ~0|     0|
+---------------------+---------+-------+---------+---------+------+
|Available            |     5376|  12288|  3456000|  1728000|  1280|
+---------------------+---------+-------+---------+---------+------+
|Utilization (%)      |        0|     ~0|       ~0|       ~0|     0|
+---------------------+---------+-------+---------+---------+------+

+ Detail: 
    * Instance: 
    +--------------------------------------+--------------------------------+---------+----+---+-----+-----+
    |               Instance               |             Module             | BRAM_18K| DSP| FF| LUT | URAM|
    +--------------------------------------+--------------------------------+---------+----+---+-----+-----+
    |fadd_32ns_32ns_32_1_full_dsp_1_U4876  |fadd_32ns_32ns_32_1_full_dsp_1  |        0|   2|  0|  226|    0|
    +--------------------------------------+--------------------------------+---------+----+---+-----+-----+
    |Total                                 |                                |        0|   2|  0|  226|    0|
    +--------------------------------------+--------------------------------+---------+----+---+-----+-----+

    * DSP: 
    +------------------------------------+------------------------------+--------------+
    |              Instance              |            Module            |  Expression  |
    +------------------------------------+------------------------------+--------------+
    |mac_muladd_8ns_6ns_7s_15_4_1_U4877  |mac_muladd_8ns_6ns_7s_15_4_1  |  i0 * i1 + i2|
    +------------------------------------+------------------------------+--------------+

    * Memory: 
    N/A

    * FIFO: 
    N/A

    * Expression: 
    +-----------------------------------+----------+----+---+----+------------+------------+
    |           Variable Name           | Operation| DSP| FF| LUT| Bitwidth P0| Bitwidth P1|
    +-----------------------------------+----------+----+---+----+------------+------------+
    |add_ln17_2_fu_277_p2               |         +|   0|  0|  15|           8|           1|
    |add_ln17_fu_251_p2                 |         +|   0|  0|  18|          11|           1|
    |add_ln20_fu_295_p2                 |         +|   0|  0|  10|           3|           1|
    |add_ln27_10_fu_606_p2              |         +|   0|  0|  23|          16|           5|
    |add_ln27_6_fu_481_p2               |         +|   0|  0|  23|          16|           4|
    |add_ln27_7_fu_516_p2               |         +|   0|  0|  23|          16|           4|
    |add_ln27_8_fu_551_p2               |         +|   0|  0|  23|          16|           5|
    |add_ln27_9_fu_586_p2               |         +|   0|  0|  23|          16|           5|
    |add_ln27_fu_445_p2                 |         +|   0|  0|  23|          16|           3|
    |empty_857_fu_354_p2                |         +|   0|  0|  71|          64|          64|
    |empty_858_fu_359_p2                |         +|   0|  0|  71|          64|          64|
    |empty_fu_330_p2                    |         -|   0|  0|  14|           7|           7|
    |ap_block_pp0_stage0_11001          |       and|   0|  0|   2|           1|           1|
    |ap_block_pp0_stage5_11001          |       and|   0|  0|   2|           1|           1|
    |icmp_ln17_fu_245_p2                |      icmp|   0|  0|  11|          11|          11|
    |icmp_ln20_fu_263_p2                |      icmp|   0|  0|   8|           3|           2|
    |ap_block_pp0_stage4_11001          |        or|   0|  0|   2|           1|           1|
    |ap_block_state12_pp0_stage4_iter1  |        or|   0|  0|   2|           1|           1|
    |ap_block_state5_io                 |        or|   0|  0|   2|           1|           1|
    |h_0_mid2_fu_269_p3                 |    select|   0|  0|   3|           1|           1|
    |zext_ln20_mid2_v_v_v_fu_283_p3     |    select|   0|  0|   8|           1|           8|
    |ap_enable_pp0                      |       xor|   0|  0|   2|           1|           2|
    +-----------------------------------+----------+----+---+----+------------+------------+
    |Total                              |          |   0|  0| 379|         275|         193|
    +-----------------------------------+----------+----+---+----+------------+------------+

    * Multiplexer: 
    +--------------------------------------+----+-----------+-----+-----------+
    |                 Name                 | LUT| Input Size| Bits| Total Bits|
    +--------------------------------------+----+-----------+-----+-----------+
    |ap_NS_fsm                             |  43|          8|    1|          8|
    |ap_done_int                           |   9|          2|    1|          2|
    |ap_enable_reg_pp0_iter0               |   9|          2|    1|          2|
    |ap_enable_reg_pp0_iter1               |   9|          2|    1|          2|
    |ap_enable_reg_pp0_iter2               |   9|          2|    1|          2|
    |ap_loop_exit_ready_pp0_iter1_reg      |   9|          2|    1|          2|
    |ap_sig_allocacmp_c_0_load             |   9|          2|    8|         16|
    |ap_sig_allocacmp_h_0_load             |   9|          2|    3|          6|
    |ap_sig_allocacmp_indvar_flatten_load  |   9|          2|   11|         22|
    |c_0_fu_110                            |   9|          2|    8|         16|
    |gmem0_blk_n_AR                        |   9|          2|    1|          2|
    |gmem0_blk_n_R                         |   9|          2|    1|          2|
    |gmem1_blk_n_AR                        |   9|          2|    1|          2|
    |gmem1_blk_n_R                         |   9|          2|    1|          2|
    |grp_fu_215_p0                         |  43|          8|   32|        256|
    |grp_fu_215_p1                         |  43|          8|   32|        256|
    |h_0_fu_106                            |   9|          2|    3|          6|
    |iRMB_out1_address0                    |  43|          8|   14|        112|
    |iRMB_out1_d0                          |  43|          8|   32|        256|
    |indvar_flatten_fu_114                 |   9|          2|   11|         22|
    +--------------------------------------+----+-----------+-----+-----------+
    |Total                                 | 350|         70|  164|        994|
    +--------------------------------------+----+-----------+-----+-----------+

    * Register: 
    +----------------------------------+----+----+-----+-----------+
    |               Name               | FF | LUT| Bits| Const Bits|
    +----------------------------------+----+----+-----+-----------+
    |ap_CS_fsm                         |   7|   0|    7|          0|
    |ap_done_reg                       |   1|   0|    1|          0|
    |ap_enable_reg_pp0_iter0_reg       |   1|   0|    1|          0|
    |ap_enable_reg_pp0_iter1           |   1|   0|    1|          0|
    |ap_enable_reg_pp0_iter2           |   1|   0|    1|          0|
    |ap_loop_exit_ready_pp0_iter1_reg  |   1|   0|    1|          0|
    |c_0_fu_110                        |   8|   0|    8|          0|
    |empty_855_reg_701                 |  15|   0|   15|          0|
    |empty_855_reg_701_pp0_iter1_reg   |  15|   0|   15|          0|
    |empty_856_reg_706                 |  14|   0|   14|          0|
    |empty_856_reg_706_pp0_iter1_reg   |  14|   0|   14|          0|
    |gmem0_addr_reg_711                |  64|   0|   64|          0|
    |gmem1_addr_reg_717                |  64|   0|   64|          0|
    |h_0_fu_106                        |   3|   0|    3|          0|
    |h_0_mid2_reg_685                  |   3|   0|    3|          0|
    |icmp_ln17_reg_681                 |   1|   0|    1|          0|
    |icmp_ln17_reg_681_pp0_iter1_reg   |   1|   0|    1|          0|
    |indvar_flatten_fu_114             |  11|   0|   11|          0|
    |lshr_ln27_s_reg_732               |  14|   0|   14|          0|
    |p_cast4_reg_723                   |  14|   0|   16|          2|
    |reg_219                           |  32|   0|   32|          0|
    |reg_223                           |  32|   0|   32|          0|
    +----------------------------------+----+----+-----+-----------+
    |Total                             | 317|   0|  319|          2|
    +----------------------------------+----+----+-----+-----------+



================================================================
== Interface
================================================================
* Summary: 
+----------------------+-----+-----+------------+----------------+--------------+
|       RTL Ports      | Dir | Bits|  Protocol  |  Source Object |    C Type    |
+----------------------+-----+-----+------------+----------------+--------------+
|ap_clk                |   in|    1|  ap_ctrl_hs|  Compute_skip.5|  return value|
|ap_rst                |   in|    1|  ap_ctrl_hs|  Compute_skip.5|  return value|
|ap_start              |   in|    1|  ap_ctrl_hs|  Compute_skip.5|  return value|
|ap_done               |  out|    1|  ap_ctrl_hs|  Compute_skip.5|  return value|
|ap_idle               |  out|    1|  ap_ctrl_hs|  Compute_skip.5|  return value|
|ap_ready              |  out|    1|  ap_ctrl_hs|  Compute_skip.5|  return value|
|m_axi_gmem0_AWVALID   |  out|    1|       m_axi|           gmem0|       pointer|
|m_axi_gmem0_AWREADY   |   in|    1|       m_axi|           gmem0|       pointer|
|m_axi_gmem0_AWADDR    |  out|   64|       m_axi|           gmem0|       pointer|
|m_axi_gmem0_AWID      |  out|    1|       m_axi|           gmem0|       pointer|
|m_axi_gmem0_AWLEN     |  out|   32|       m_axi|           gmem0|       pointer|
|m_axi_gmem0_AWSIZE    |  out|    3|       m_axi|           gmem0|       pointer|
|m_axi_gmem0_AWBURST   |  out|    2|       m_axi|           gmem0|       pointer|
|m_axi_gmem0_AWLOCK    |  out|    2|       m_axi|           gmem0|       pointer|
|m_axi_gmem0_AWCACHE   |  out|    4|       m_axi|           gmem0|       pointer|
|m_axi_gmem0_AWPROT    |  out|    3|       m_axi|           gmem0|       pointer|
|m_axi_gmem0_AWQOS     |  out|    4|       m_axi|           gmem0|       pointer|
|m_axi_gmem0_AWREGION  |  out|    4|       m_axi|           gmem0|       pointer|
|m_axi_gmem0_AWUSER    |  out|    1|       m_axi|           gmem0|       pointer|
|m_axi_gmem0_WVALID    |  out|    1|       m_axi|           gmem0|       pointer|
|m_axi_gmem0_WREADY    |   in|    1|       m_axi|           gmem0|       pointer|
|m_axi_gmem0_WDATA     |  out|   32|       m_axi|           gmem0|       pointer|
|m_axi_gmem0_WSTRB     |  out|    4|       m_axi|           gmem0|       pointer|
|m_axi_gmem0_WLAST     |  out|    1|       m_axi|           gmem0|       pointer|
|m_axi_gmem0_WID       |  out|    1|       m_axi|           gmem0|       pointer|
|m_axi_gmem0_WUSER     |  out|    1|       m_axi|           gmem0|       pointer|
|m_axi_gmem0_ARVALID   |  out|    1|       m_axi|           gmem0|       pointer|
|m_axi_gmem0_ARREADY   |   in|    1|       m_axi|           gmem0|       pointer|
|m_axi_gmem0_ARADDR    |  out|   64|       m_axi|           gmem0|       pointer|
|m_axi_gmem0_ARID      |  out|    1|       m_axi|           gmem0|       pointer|
|m_axi_gmem0_ARLEN     |  out|   32|       m_axi|           gmem0|       pointer|
|m_axi_gmem0_ARSIZE    |  out|    3|       m_axi|           gmem0|       pointer|
|m_axi_gmem0_ARBURST   |  out|    2|       m_axi|           gmem0|       pointer|
|m_axi_gmem0_ARLOCK    |  out|    2|       m_axi|           gmem0|       pointer|
|m_axi_gmem0_ARCACHE   |  out|    4|       m_axi|           gmem0|       pointer|
|m_axi_gmem0_ARPROT    |  out|    3|       m_axi|           gmem0|       pointer|
|m_axi_gmem0_ARQOS     |  out|    4|       m_axi|           gmem0|       pointer|
|m_axi_gmem0_ARREGION  |  out|    4|       m_axi|           gmem0|       pointer|
|m_axi_gmem0_ARUSER    |  out|    1|       m_axi|           gmem0|       pointer|
|m_axi_gmem0_RVALID    |   in|    1|       m_axi|           gmem0|       pointer|
|m_axi_gmem0_RREADY    |  out|    1|       m_axi|           gmem0|       pointer|
|m_axi_gmem0_RDATA     |   in|   32|       m_axi|           gmem0|       pointer|
|m_axi_gmem0_RLAST     |   in|    1|       m_axi|           gmem0|       pointer|
|m_axi_gmem0_RID       |   in|    1|       m_axi|           gmem0|       pointer|
|m_axi_gmem0_RFIFONUM  |   in|    9|       m_axi|           gmem0|       pointer|
|m_axi_gmem0_RUSER     |   in|    1|       m_axi|           gmem0|       pointer|
|m_axi_gmem0_RRESP     |   in|    2|       m_axi|           gmem0|       pointer|
|m_axi_gmem0_BVALID    |   in|    1|       m_axi|           gmem0|       pointer|
|m_axi_gmem0_BREADY    |  out|    1|       m_axi|           gmem0|       pointer|
|m_axi_gmem0_BRESP     |   in|    2|       m_axi|           gmem0|       pointer|
|m_axi_gmem0_BID       |   in|    1|       m_axi|           gmem0|       pointer|
|m_axi_gmem0_BUSER     |   in|    1|       m_axi|           gmem0|       pointer|
|m_axi_gmem1_AWVALID   |  out|    1|       m_axi|           gmem1|       pointer|
|m_axi_gmem1_AWREADY   |   in|    1|       m_axi|           gmem1|       pointer|
|m_axi_gmem1_AWADDR    |  out|   64|       m_axi|           gmem1|       pointer|
|m_axi_gmem1_AWID      |  out|    1|       m_axi|           gmem1|       pointer|
|m_axi_gmem1_AWLEN     |  out|   32|       m_axi|           gmem1|       pointer|
|m_axi_gmem1_AWSIZE    |  out|    3|       m_axi|           gmem1|       pointer|
|m_axi_gmem1_AWBURST   |  out|    2|       m_axi|           gmem1|       pointer|
|m_axi_gmem1_AWLOCK    |  out|    2|       m_axi|           gmem1|       pointer|
|m_axi_gmem1_AWCACHE   |  out|    4|       m_axi|           gmem1|       pointer|
|m_axi_gmem1_AWPROT    |  out|    3|       m_axi|           gmem1|       pointer|
|m_axi_gmem1_AWQOS     |  out|    4|       m_axi|           gmem1|       pointer|
|m_axi_gmem1_AWREGION  |  out|    4|       m_axi|           gmem1|       pointer|
|m_axi_gmem1_AWUSER    |  out|    1|       m_axi|           gmem1|       pointer|
|m_axi_gmem1_WVALID    |  out|    1|       m_axi|           gmem1|       pointer|
|m_axi_gmem1_WREADY    |   in|    1|       m_axi|           gmem1|       pointer|
|m_axi_gmem1_WDATA     |  out|   32|       m_axi|           gmem1|       pointer|
|m_axi_gmem1_WSTRB     |  out|    4|       m_axi|           gmem1|       pointer|
|m_axi_gmem1_WLAST     |  out|    1|       m_axi|           gmem1|       pointer|
|m_axi_gmem1_WID       |  out|    1|       m_axi|           gmem1|       pointer|
|m_axi_gmem1_WUSER     |  out|    1|       m_axi|           gmem1|       pointer|
|m_axi_gmem1_ARVALID   |  out|    1|       m_axi|           gmem1|       pointer|
|m_axi_gmem1_ARREADY   |   in|    1|       m_axi|           gmem1|       pointer|
|m_axi_gmem1_ARADDR    |  out|   64|       m_axi|           gmem1|       pointer|
|m_axi_gmem1_ARID      |  out|    1|       m_axi|           gmem1|       pointer|
|m_axi_gmem1_ARLEN     |  out|   32|       m_axi|           gmem1|       pointer|
|m_axi_gmem1_ARSIZE    |  out|    3|       m_axi|           gmem1|       pointer|
|m_axi_gmem1_ARBURST   |  out|    2|       m_axi|           gmem1|       pointer|
|m_axi_gmem1_ARLOCK    |  out|    2|       m_axi|           gmem1|       pointer|
|m_axi_gmem1_ARCACHE   |  out|    4|       m_axi|           gmem1|       pointer|
|m_axi_gmem1_ARPROT    |  out|    3|       m_axi|           gmem1|       pointer|
|m_axi_gmem1_ARQOS     |  out|    4|       m_axi|           gmem1|       pointer|
|m_axi_gmem1_ARREGION  |  out|    4|       m_axi|           gmem1|       pointer|
|m_axi_gmem1_ARUSER    |  out|    1|       m_axi|           gmem1|       pointer|
|m_axi_gmem1_RVALID    |   in|    1|       m_axi|           gmem1|       pointer|
|m_axi_gmem1_RREADY    |  out|    1|       m_axi|           gmem1|       pointer|
|m_axi_gmem1_RDATA     |   in|   32|       m_axi|           gmem1|       pointer|
|m_axi_gmem1_RLAST     |   in|    1|       m_axi|           gmem1|       pointer|
|m_axi_gmem1_RID       |   in|    1|       m_axi|           gmem1|       pointer|
|m_axi_gmem1_RFIFONUM  |   in|    9|       m_axi|           gmem1|       pointer|
|m_axi_gmem1_RUSER     |   in|    1|       m_axi|           gmem1|       pointer|
|m_axi_gmem1_RRESP     |   in|    2|       m_axi|           gmem1|       pointer|
|m_axi_gmem1_BVALID    |   in|    1|       m_axi|           gmem1|       pointer|
|m_axi_gmem1_BREADY    |  out|    1|       m_axi|           gmem1|       pointer|
|m_axi_gmem1_BRESP     |   in|    2|       m_axi|           gmem1|       pointer|
|m_axi_gmem1_BID       |   in|    1|       m_axi|           gmem1|       pointer|
|m_axi_gmem1_BUSER     |   in|    1|       m_axi|           gmem1|       pointer|
|in1                   |   in|   64|     ap_none|             in1|        scalar|
|in2                   |   in|   64|     ap_none|             in2|        scalar|
|iRMB_out1_address0    |  out|   14|   ap_memory|       iRMB_out1|         array|
|iRMB_out1_ce0         |  out|    1|   ap_memory|       iRMB_out1|         array|
|iRMB_out1_we0         |  out|    1|   ap_memory|       iRMB_out1|         array|
|iRMB_out1_d0          |  out|   32|   ap_memory|       iRMB_out1|         array|
+----------------------+-----+-----+------------+----------------+--------------+

