

================================================================
== Vitis HLS Report for 'compute_multiplication_4'
================================================================
* Date:           Fri Nov 10 02:19:56 2023

* Version:        2022.1 (Build 3526262 on Mon Apr 18 15:47:01 MDT 2022)
* Project:        proj_kernel_EMO
* Solution:       solution1 (Vivado IP Flow Target)
* Product family: virtexuplus
* Target device:  xcu250-figd2104-2L-e


================================================================
== Performance Estimates
================================================================
+ Timing: 
    * Summary: 
    +--------+----------+-----------+------------+
    |  Clock |  Target  | Estimated | Uncertainty|
    +--------+----------+-----------+------------+
    |ap_clk  |  50.00 ns|  36.500 ns|    13.50 ns|
    +--------+----------+-----------+------------+

+ Latency: 
    * Summary: 
    +---------+---------+-----------+-----------+--------+---------+---------+
    |  Latency (cycles) |   Latency (absolute)  |     Interval     | Pipeline|
    |   min   |   max   |    min    |    max    |   min  |   max   |   Type  |
    +---------+---------+-----------+-----------+--------+---------+---------+
    |   489217|  2212449|  24.461 ms|  0.111 sec|  489217|  2212449|       no|
    +---------+---------+-----------+-----------+--------+---------+---------+

    + Detail: 
        * Instance: 
        +---------------------------------------------------------------+----------------------------------------------------+---------+---------+----------+----------+-----+-----+---------+
        |                                                               |                                                    |  Latency (cycles) |  Latency (absolute) |  Interval | Pipeline|
        |                            Instance                           |                       Module                       |   min   |   max   |    min   |    max   | min | max |   Type  |
        +---------------------------------------------------------------+----------------------------------------------------+---------+---------+----------+----------+-----+-----+---------+
        |grp_compute_multiplication_4_Pipeline_VITIS_LOOP_208_4_fu_191  |compute_multiplication_4_Pipeline_VITIS_LOOP_208_4  |       56|      112|  2.800 us|  5.600 us|   56|  112|       no|
        +---------------------------------------------------------------+----------------------------------------------------+---------+---------+----------+----------+-----+-----+---------+

        * Loop: 
        +---------------------------------------------+---------+---------+-------------+-----------+-----------+---------+----------+
        |                                             |  Latency (cycles) |  Iteration  |  Initiation Interval  |   Trip  |          |
        |                  Loop Name                  |   min   |   max   |   Latency   |  achieved |   target  |  Count  | Pipelined|
        +---------------------------------------------+---------+---------+-------------+-----------+-----------+---------+----------+
        |- execute_VITIS_LOOP_205_1_VITIS_LOOP_206_2  |   489216|  2212448|  1248 ~ 5644|          -|          -|      392|        no|
        | + VITIS_LOOP_207_3                          |     1239|     5635|     59 ~ 115|          -|          -|  21 ~ 49|        no|
        +---------------------------------------------+---------+---------+-------------+-----------+-----------+---------+----------+



================================================================
== Utilization Estimates
================================================================
* Summary: 
+---------------------+---------+-------+---------+---------+------+
|         Name        | BRAM_18K|  DSP  |    FF   |   LUT   | URAM |
+---------------------+---------+-------+---------+---------+------+
|DSP                  |        -|      -|        -|        -|     -|
|Expression           |        -|      -|        0|      337|     -|
|FIFO                 |        -|      -|        -|        -|     -|
|Instance             |        -|      6|      382|      910|     -|
|Memory               |        -|      -|        -|        -|     -|
|Multiplexer          |        -|      -|        -|      155|     -|
|Register             |        -|      -|      252|        -|     -|
+---------------------+---------+-------+---------+---------+------+
|Total                |        0|      6|      634|     1402|     0|
+---------------------+---------+-------+---------+---------+------+
|Available SLR        |     1344|   3072|   864000|   432000|   320|
+---------------------+---------+-------+---------+---------+------+
|Utilization SLR (%)  |        0|     ~0|       ~0|       ~0|     0|
+---------------------+---------+-------+---------+---------+------+
|Available            |     5376|  12288|  3456000|  1728000|  1280|
+---------------------+---------+-------+---------+---------+------+
|Utilization (%)      |        0|     ~0|       ~0|       ~0|     0|
+---------------------+---------+-------+---------+---------+------+

+ Detail: 
    * Instance: 
    +---------------------------------------------------------------+----------------------------------------------------+---------+----+-----+-----+-----+
    |                            Instance                           |                       Module                       | BRAM_18K| DSP|  FF | LUT | URAM|
    +---------------------------------------------------------------+----------------------------------------------------+---------+----+-----+-----+-----+
    |grp_compute_multiplication_4_Pipeline_VITIS_LOOP_208_4_fu_191  |compute_multiplication_4_Pipeline_VITIS_LOOP_208_4  |        0|   6|  382|  700|    0|
    |mul_4ns_6ns_9_1_1_U4690                                        |mul_4ns_6ns_9_1_1                                   |        0|   0|    0|   23|    0|
    |mul_4ns_6ns_9_1_1_U4692                                        |mul_4ns_6ns_9_1_1                                   |        0|   0|    0|   23|    0|
    |mul_4ns_7ns_9_1_1_U4691                                        |mul_4ns_7ns_9_1_1                                   |        0|   0|    0|   33|    0|
    |mul_4ns_7ns_9_1_1_U4693                                        |mul_4ns_7ns_9_1_1                                   |        0|   0|    0|   33|    0|
    |mul_9ns_6ns_15_1_1_U4694                                       |mul_9ns_6ns_15_1_1                                  |        0|   0|    0|   49|    0|
    |mul_9ns_6ns_15_1_1_U4695                                       |mul_9ns_6ns_15_1_1                                  |        0|   0|    0|   49|    0|
    +---------------------------------------------------------------+----------------------------------------------------+---------+----+-----+-----+-----+
    |Total                                                          |                                                    |        0|   6|  382|  910|    0|
    +---------------------------------------------------------------+----------------------------------------------------+---------+----+-----+-----+-----+

    * DSP: 
    N/A

    * Memory: 
    N/A

    * FIFO: 
    N/A

    * Expression: 
    +--------------------------+----------+----+---+----+------------+------------+
    |       Variable Name      | Operation| DSP| FF| LUT| Bitwidth P0| Bitwidth P1|
    +--------------------------+----------+----+---+----+------------+------------+
    |add_ln204_fu_272_p2       |         +|   0|  0|  16|           9|           1|
    |add_ln205_1_fu_480_p2     |         +|   0|  0|  17|          10|           1|
    |add_ln205_fu_323_p2       |         +|   0|  0|  12|           4|           1|
    |add_ln206_fu_475_p2       |         +|   0|  0|  13|           6|           1|
    |add_ln207_fu_469_p2       |         +|   0|  0|  13|           6|           1|
    |empty_439_fu_407_p2       |         +|   0|  0|  71|          64|          64|
    |empty_441_fu_429_p2       |         +|   0|  0|  71|          64|          64|
    |tmp2_fu_380_p2            |         +|   0|  0|  16|           9|           9|
    |and_ln204_fu_299_p2       |       and|   0|  0|   2|           1|           1|
    |icmp_ln204_fu_266_p2      |      icmp|   0|  0|  11|           9|           8|
    |icmp_ln205_fu_281_p2      |      icmp|   0|  0|  11|          10|           9|
    |icmp_ln206_fu_293_p2      |      icmp|   0|  0|  10|           6|           5|
    |icmp_ln207_fu_464_p2      |      icmp|   0|  0|  10|           6|           6|
    |or_ln205_fu_329_p2        |        or|   0|  0|   2|           1|           1|
    |select_ln204_1_fu_311_p3  |    select|   0|  0|   9|           1|           1|
    |select_ln204_2_fu_317_p3  |    select|   0|  0|   9|           1|           1|
    |select_ln204_fu_305_p3    |    select|   0|  0|   4|           1|           1|
    |select_ln205_1_fu_349_p3  |    select|   0|  0|   9|           1|           9|
    |select_ln205_2_fu_362_p3  |    select|   0|  0|   9|           1|           9|
    |select_ln205_3_fu_369_p3  |    select|   0|  0|   4|           1|           4|
    |select_ln205_4_fu_486_p3  |    select|   0|  0|  10|           1|           1|
    |select_ln205_fu_333_p3    |    select|   0|  0|   6|           1|           1|
    |xor_ln204_fu_287_p2       |       xor|   0|  0|   2|           1|           2|
    +--------------------------+----------+----+---+----+------------+------------+
    |Total                     |          |   0|  0| 337|         214|         201|
    +--------------------------+----------+----+---+----+------------+------------+

    * Multiplexer: 
    +-------------------------+----+-----------+-----+-----------+
    |           Name          | LUT| Input Size| Bits| Total Bits|
    +-------------------------+----+-----------+-----+-----------+
    |ap_NS_fsm                |  65|         13|    1|         13|
    |c_fu_112                 |   9|          2|    4|          8|
    |gmem_blk_n_AW            |   9|          2|    1|          2|
    |gmem_blk_n_B             |   9|          2|    1|          2|
    |gmem_blk_n_W             |   9|          2|    1|          2|
    |i_fu_108                 |   9|          2|    6|         12|
    |indvar_flatten17_fu_120  |   9|          2|    9|         18|
    |indvar_flatten_fu_116    |   9|          2|   10|         20|
    |k_reg_179                |   9|          2|    6|         12|
    |m_axi_gmem_ARVALID       |   9|          2|    1|          2|
    |m_axi_gmem_RREADY        |   9|          2|    1|          2|
    +-------------------------+----+-----------+-----+-----------+
    |Total                    | 155|         33|   41|         93|
    +-------------------------+----+-----------+-----+-----------+

    * Register: 
    +----------------------------------------------------------------------------+----+----+-----+-----------+
    |                                    Name                                    | FF | LUT| Bits| Const Bits|
    +----------------------------------------------------------------------------+----+----+-----+-----------+
    |add_ln204_reg_621                                                           |   9|   0|    9|          0|
    |add_ln207_reg_675                                                           |   6|   0|    6|          0|
    |and_ln204_reg_638                                                           |   1|   0|    1|          0|
    |ap_CS_fsm                                                                   |  12|   0|   12|          0|
    |c_fu_112                                                                    |   4|   0|    4|          0|
    |empty_reg_608                                                               |   9|   0|    9|          0|
    |gmem_addr_reg_661                                                           |  64|   0|   64|          0|
    |grp_compute_multiplication_4_Pipeline_VITIS_LOOP_208_4_fu_191_ap_start_reg  |   1|   0|    1|          0|
    |i_fu_108                                                                    |   6|   0|    6|          0|
    |icmp_ln205_reg_629                                                          |   1|   0|    1|          0|
    |indvar_flatten17_fu_120                                                     |   9|   0|    9|          0|
    |indvar_flatten_fu_116                                                       |  10|   0|   10|          0|
    |k_reg_179                                                                   |   6|   0|    6|          0|
    |p_read3_cast_reg_594                                                        |   6|   0|    9|          3|
    |p_read4_cast7_reg_584                                                       |   6|   0|   32|         26|
    |select_ln205_1_reg_651                                                      |   9|   0|    9|          0|
    |select_ln205_3_reg_656                                                      |   4|   0|    4|          0|
    |select_ln205_reg_646                                                        |   6|   0|    6|          0|
    |tmp1_reg_613                                                                |   9|   0|    9|          0|
    |trunc_ln42_reg_667                                                          |  62|   0|   62|          0|
    |zext_ln204_1_reg_600                                                        |   6|   0|   15|          9|
    |zext_ln204_reg_589                                                          |   6|   0|   15|          9|
    +----------------------------------------------------------------------------+----+----+-----+-----------+
    |Total                                                                       | 252|   0|  299|         47|
    +----------------------------------------------------------------------------+----+----+-----+-----------+



================================================================
== Interface
================================================================
* Summary: 
+-----------------------+-----+-----+------------+--------------------------+--------------+
|       RTL Ports       | Dir | Bits|  Protocol  |       Source Object      |    C Type    |
+-----------------------+-----+-----+------------+--------------------------+--------------+
|ap_clk                 |   in|    1|  ap_ctrl_hs|  compute_multiplication_4|  return value|
|ap_rst                 |   in|    1|  ap_ctrl_hs|  compute_multiplication_4|  return value|
|ap_start               |   in|    1|  ap_ctrl_hs|  compute_multiplication_4|  return value|
|ap_done                |  out|    1|  ap_ctrl_hs|  compute_multiplication_4|  return value|
|ap_idle                |  out|    1|  ap_ctrl_hs|  compute_multiplication_4|  return value|
|ap_ready               |  out|    1|  ap_ctrl_hs|  compute_multiplication_4|  return value|
|m_axi_gmem_AWVALID     |  out|    1|       m_axi|                      gmem|       pointer|
|m_axi_gmem_AWREADY     |   in|    1|       m_axi|                      gmem|       pointer|
|m_axi_gmem_AWADDR      |  out|   64|       m_axi|                      gmem|       pointer|
|m_axi_gmem_AWID        |  out|    1|       m_axi|                      gmem|       pointer|
|m_axi_gmem_AWLEN       |  out|   32|       m_axi|                      gmem|       pointer|
|m_axi_gmem_AWSIZE      |  out|    3|       m_axi|                      gmem|       pointer|
|m_axi_gmem_AWBURST     |  out|    2|       m_axi|                      gmem|       pointer|
|m_axi_gmem_AWLOCK      |  out|    2|       m_axi|                      gmem|       pointer|
|m_axi_gmem_AWCACHE     |  out|    4|       m_axi|                      gmem|       pointer|
|m_axi_gmem_AWPROT      |  out|    3|       m_axi|                      gmem|       pointer|
|m_axi_gmem_AWQOS       |  out|    4|       m_axi|                      gmem|       pointer|
|m_axi_gmem_AWREGION    |  out|    4|       m_axi|                      gmem|       pointer|
|m_axi_gmem_AWUSER      |  out|    1|       m_axi|                      gmem|       pointer|
|m_axi_gmem_WVALID      |  out|    1|       m_axi|                      gmem|       pointer|
|m_axi_gmem_WREADY      |   in|    1|       m_axi|                      gmem|       pointer|
|m_axi_gmem_WDATA       |  out|   32|       m_axi|                      gmem|       pointer|
|m_axi_gmem_WSTRB       |  out|    4|       m_axi|                      gmem|       pointer|
|m_axi_gmem_WLAST       |  out|    1|       m_axi|                      gmem|       pointer|
|m_axi_gmem_WID         |  out|    1|       m_axi|                      gmem|       pointer|
|m_axi_gmem_WUSER       |  out|    1|       m_axi|                      gmem|       pointer|
|m_axi_gmem_ARVALID     |  out|    1|       m_axi|                      gmem|       pointer|
|m_axi_gmem_ARREADY     |   in|    1|       m_axi|                      gmem|       pointer|
|m_axi_gmem_ARADDR      |  out|   64|       m_axi|                      gmem|       pointer|
|m_axi_gmem_ARID        |  out|    1|       m_axi|                      gmem|       pointer|
|m_axi_gmem_ARLEN       |  out|   32|       m_axi|                      gmem|       pointer|
|m_axi_gmem_ARSIZE      |  out|    3|       m_axi|                      gmem|       pointer|
|m_axi_gmem_ARBURST     |  out|    2|       m_axi|                      gmem|       pointer|
|m_axi_gmem_ARLOCK      |  out|    2|       m_axi|                      gmem|       pointer|
|m_axi_gmem_ARCACHE     |  out|    4|       m_axi|                      gmem|       pointer|
|m_axi_gmem_ARPROT      |  out|    3|       m_axi|                      gmem|       pointer|
|m_axi_gmem_ARQOS       |  out|    4|       m_axi|                      gmem|       pointer|
|m_axi_gmem_ARREGION    |  out|    4|       m_axi|                      gmem|       pointer|
|m_axi_gmem_ARUSER      |  out|    1|       m_axi|                      gmem|       pointer|
|m_axi_gmem_RVALID      |   in|    1|       m_axi|                      gmem|       pointer|
|m_axi_gmem_RREADY      |  out|    1|       m_axi|                      gmem|       pointer|
|m_axi_gmem_RDATA       |   in|   32|       m_axi|                      gmem|       pointer|
|m_axi_gmem_RLAST       |   in|    1|       m_axi|                      gmem|       pointer|
|m_axi_gmem_RID         |   in|    1|       m_axi|                      gmem|       pointer|
|m_axi_gmem_RFIFONUM    |   in|    9|       m_axi|                      gmem|       pointer|
|m_axi_gmem_RUSER       |   in|    1|       m_axi|                      gmem|       pointer|
|m_axi_gmem_RRESP       |   in|    2|       m_axi|                      gmem|       pointer|
|m_axi_gmem_BVALID      |   in|    1|       m_axi|                      gmem|       pointer|
|m_axi_gmem_BREADY      |  out|    1|       m_axi|                      gmem|       pointer|
|m_axi_gmem_BRESP       |   in|    2|       m_axi|                      gmem|       pointer|
|m_axi_gmem_BID         |   in|    1|       m_axi|                      gmem|       pointer|
|m_axi_gmem_BUSER       |   in|    1|       m_axi|                      gmem|       pointer|
|in_q                   |   in|   64|     ap_none|                      in_q|        scalar|
|in_k                   |   in|   64|     ap_none|                      in_k|        scalar|
|afterQKMultiplication  |   in|   64|     ap_none|     afterQKMultiplication|        scalar|
|p_read3                |   in|    6|     ap_none|                   p_read3|        scalar|
|p_read4                |   in|    6|     ap_none|                   p_read4|        scalar|
|scale                  |   in|   32|     ap_none|                     scale|        scalar|
+-----------------------+-----+-----+------------+--------------------------+--------------+

