

================================================================
== Vitis HLS Report for 'Compute_skip_2'
================================================================
* Date:           Fri Nov 10 02:18:33 2023

* Version:        2022.1 (Build 3526262 on Mon Apr 18 15:47:01 MDT 2022)
* Project:        proj_kernel_EMO
* Solution:       solution1 (Vivado IP Flow Target)
* Product family: virtexuplus
* Target device:  xcu250-figd2104-2L-e


================================================================
== Performance Estimates
================================================================
+ Timing: 
    * Summary: 
    +--------+----------+-----------+------------+
    |  Clock |  Target  | Estimated | Uncertainty|
    +--------+----------+-----------+------------+
    |ap_clk  |  50.00 ns|  36.500 ns|    13.50 ns|
    +--------+----------+-----------+------------+

+ Latency: 
    * Summary: 
    +---------+---------+----------+----------+-------+-------+---------+
    |  Latency (cycles) |  Latency (absolute) |    Interval   | Pipeline|
    |   min   |   max   |    min   |    max   |  min  |  max  |   Type  |
    +---------+---------+----------+----------+-------+-------+---------+
    |    15693|    15693|  0.785 ms|  0.785 ms|  15693|  15693|       no|
    +---------+---------+----------+----------+-------+-------+---------+

    + Detail: 
        * Instance: 
        N/A

        * Loop: 
        +-----------------------------------+---------+---------+----------+-----------+-----------+------+----------+
        |                                   |  Latency (cycles) | Iteration|  Initiation Interval  | Trip |          |
        |             Loop Name             |   min   |   max   |  Latency |  achieved |   target  | Count| Pipelined|
        +-----------------------------------+---------+---------+----------+-----------+-----------+------+----------+
        |- VITIS_LOOP_17_1_VITIS_LOOP_20_2  |    15691|    15691|        26|         14|          1|  1120|       yes|
        +-----------------------------------+---------+---------+----------+-----------+-----------+------+----------+



================================================================
== Utilization Estimates
================================================================
* Summary: 
+---------------------+---------+-------+---------+---------+------+
|         Name        | BRAM_18K|  DSP  |    FF   |   LUT   | URAM |
+---------------------+---------+-------+---------+---------+------+
|DSP                  |        -|      1|        -|        -|     -|
|Expression           |        -|      -|        0|      537|     -|
|FIFO                 |        -|      -|        -|        -|     -|
|Instance             |        -|      2|        0|      226|     -|
|Memory               |        -|      -|        -|        -|     -|
|Multiplexer          |        -|      -|        -|      451|     -|
|Register             |        -|      -|      293|        -|     -|
+---------------------+---------+-------+---------+---------+------+
|Total                |        0|      3|      293|     1214|     0|
+---------------------+---------+-------+---------+---------+------+
|Available SLR        |     1344|   3072|   864000|   432000|   320|
+---------------------+---------+-------+---------+---------+------+
|Utilization SLR (%)  |        0|     ~0|       ~0|       ~0|     0|
+---------------------+---------+-------+---------+---------+------+
|Available            |     5376|  12288|  3456000|  1728000|  1280|
+---------------------+---------+-------+---------+---------+------+
|Utilization (%)      |        0|     ~0|       ~0|       ~0|     0|
+---------------------+---------+-------+---------+---------+------+

+ Detail: 
    * Instance: 
    +--------------------------------------+--------------------------------+---------+----+---+-----+-----+
    |               Instance               |             Module             | BRAM_18K| DSP| FF| LUT | URAM|
    +--------------------------------------+--------------------------------+---------+----+---+-----+-----+
    |fadd_32ns_32ns_32_1_full_dsp_1_U4211  |fadd_32ns_32ns_32_1_full_dsp_1  |        0|   2|  0|  226|    0|
    +--------------------------------------+--------------------------------+---------+----+---+-----+-----+
    |Total                                 |                                |        0|   2|  0|  226|    0|
    +--------------------------------------+--------------------------------+---------+----+---+-----+-----+

    * DSP: 
    +------------------------------------+------------------------------+--------------+
    |              Instance              |            Module            |  Expression  |
    +------------------------------------+------------------------------+--------------+
    |mac_muladd_7ns_8ns_9s_15_4_1_U4212  |mac_muladd_7ns_8ns_9s_15_4_1  |  i0 * i1 + i2|
    +------------------------------------+------------------------------+--------------+

    * Memory: 
    N/A

    * FIFO: 
    N/A

    * Expression: 
    +------------------------------------+----------+----+---+----+------------+------------+
    |            Variable Name           | Operation| DSP| FF| LUT| Bitwidth P0| Bitwidth P1|
    +------------------------------------+----------+----+---+----+------------+------------+
    |add_ln17_5_fu_351_p2                |         +|   0|  0|  14|           7|           1|
    |add_ln17_fu_325_p2                  |         +|   0|  0|  18|          11|           1|
    |add_ln20_fu_369_p2                  |         +|   0|  0|  12|           4|           1|
    |add_ln27_33_fu_588_p2               |         +|   0|  0|  23|          16|           4|
    |add_ln27_34_fu_623_p2               |         +|   0|  0|  23|          16|           5|
    |add_ln27_35_fu_658_p2               |         +|   0|  0|  23|          16|           5|
    |add_ln27_36_fu_693_p2               |         +|   0|  0|  23|          16|           5|
    |add_ln27_37_fu_728_p2               |         +|   0|  0|  23|          16|           5|
    |add_ln27_38_fu_763_p2               |         +|   0|  0|  23|          16|           6|
    |add_ln27_39_fu_798_p2               |         +|   0|  0|  23|          16|           6|
    |add_ln27_40_fu_833_p2               |         +|   0|  0|  23|          16|           6|
    |add_ln27_41_fu_868_p2               |         +|   0|  0|  23|          16|           6|
    |add_ln27_42_fu_903_p2               |         +|   0|  0|  23|          16|           6|
    |add_ln27_43_fu_923_p2               |         +|   0|  0|  23|          16|           6|
    |add_ln27_fu_552_p2                  |         +|   0|  0|  23|          16|           4|
    |empty_874_fu_436_p2                 |         +|   0|  0|  71|          64|          64|
    |empty_875_fu_441_p2                 |         +|   0|  0|  71|          64|          64|
    |empty_fu_412_p2                     |         -|   0|  0|  16|           9|           9|
    |ap_block_pp0_stage0_11001           |       and|   0|  0|   2|           1|           1|
    |ap_block_pp0_stage11_11001          |       and|   0|  0|   2|           1|           1|
    |icmp_ln17_fu_319_p2                 |      icmp|   0|  0|  11|          11|          11|
    |icmp_ln20_fu_337_p2                 |      icmp|   0|  0|   9|           4|           3|
    |ap_block_pp0_stage4_11001           |        or|   0|  0|   2|           1|           1|
    |ap_block_state12_pp0_stage11_iter0  |        or|   0|  0|   2|           1|           1|
    |ap_block_state15_pp0_stage0_iter1   |        or|   0|  0|   2|           1|           1|
    |ap_block_state5_io                  |        or|   0|  0|   2|           1|           1|
    |or_ln27_fu_520_p2                   |        or|   0|  0|  14|          14|           1|
    |h_0_mid2_fu_343_p3                  |    select|   0|  0|   4|           1|           1|
    |p_mid2_v_v_fu_357_p3                |    select|   0|  0|   7|           1|           7|
    |ap_enable_pp0                       |       xor|   0|  0|   2|           1|           2|
    +------------------------------------+----------+----+---+----+------------+------------+
    |Total                               |          |   0|  0| 537|         389|         235|
    +------------------------------------+----------+----+---+----+------------+------------+

    * Multiplexer: 
    +--------------------------------------+----+-----------+-----+-----------+
    |                 Name                 | LUT| Input Size| Bits| Total Bits|
    +--------------------------------------+----+-----------+-----+-----------+
    |ap_NS_fsm                             |  65|         15|    1|         15|
    |ap_done_int                           |   9|          2|    1|          2|
    |ap_enable_reg_pp0_iter0               |   9|          2|    1|          2|
    |ap_enable_reg_pp0_iter0_reg           |   9|          2|    1|          2|
    |ap_enable_reg_pp0_iter1               |   9|          2|    1|          2|
    |ap_sig_allocacmp_c_0_load             |   9|          2|    7|         14|
    |ap_sig_allocacmp_h_0_load             |   9|          2|    4|          8|
    |ap_sig_allocacmp_indvar_flatten_load  |   9|          2|   11|         22|
    |c_0_fu_128                            |   9|          2|    7|         14|
    |gmem0_blk_n_AR                        |   9|          2|    1|          2|
    |gmem0_blk_n_R                         |   9|          2|    1|          2|
    |gmem1_blk_n_AR                        |   9|          2|    1|          2|
    |gmem1_blk_n_R                         |   9|          2|    1|          2|
    |grp_fu_289_p0                         |  65|         15|   32|        480|
    |grp_fu_289_p1                         |  65|         15|   32|        480|
    |h_0_fu_124                            |   9|          2|    4|          8|
    |iRMB_out1_address0                    |  65|         15|   14|        210|
    |iRMB_out1_d0                          |  65|         15|   32|        480|
    |indvar_flatten_fu_132                 |   9|          2|   11|         22|
    +--------------------------------------+----+-----------+-----+-----------+
    |Total                                 | 451|        103|  163|       1769|
    +--------------------------------------+----+-----------+-----+-----------+

    * Register: 
    +-----------------------------+----+----+-----+-----------+
    |             Name            | FF | LUT| Bits| Const Bits|
    +-----------------------------+----+----+-----+-----------+
    |ap_CS_fsm                    |  14|   0|   14|          0|
    |ap_done_reg                  |   1|   0|    1|          0|
    |ap_enable_reg_pp0_iter0_reg  |   1|   0|    1|          0|
    |ap_enable_reg_pp0_iter1      |   1|   0|    1|          0|
    |c_0_fu_128                   |   7|   0|    7|          0|
    |empty_872_reg_1018           |  15|   0|   15|          0|
    |empty_873_reg_1023           |  14|   0|   14|          0|
    |gmem0_addr_reg_1029          |  64|   0|   64|          0|
    |gmem1_addr_reg_1035          |  64|   0|   64|          0|
    |h_0_fu_124                   |   4|   0|    4|          0|
    |h_0_mid2_reg_1002            |   4|   0|    4|          0|
    |icmp_ln17_reg_998            |   1|   0|    1|          0|
    |indvar_flatten_fu_132        |  11|   0|   11|          0|
    |lshr_ln27_30_reg_1056        |  14|   0|   14|          0|
    |p_cast4_reg_1041             |  14|   0|   16|          2|
    |reg_293                      |  32|   0|   32|          0|
    |reg_297                      |  32|   0|   32|          0|
    +-----------------------------+----+----+-----+-----------+
    |Total                        | 293|   0|  295|          2|
    +-----------------------------+----+----+-----+-----------+



================================================================
== Interface
================================================================
* Summary: 
+----------------------+-----+-----+------------+----------------+--------------+
|       RTL Ports      | Dir | Bits|  Protocol  |  Source Object |    C Type    |
+----------------------+-----+-----+------------+----------------+--------------+
|ap_clk                |   in|    1|  ap_ctrl_hs|  Compute_skip.2|  return value|
|ap_rst                |   in|    1|  ap_ctrl_hs|  Compute_skip.2|  return value|
|ap_start              |   in|    1|  ap_ctrl_hs|  Compute_skip.2|  return value|
|ap_done               |  out|    1|  ap_ctrl_hs|  Compute_skip.2|  return value|
|ap_idle               |  out|    1|  ap_ctrl_hs|  Compute_skip.2|  return value|
|ap_ready              |  out|    1|  ap_ctrl_hs|  Compute_skip.2|  return value|
|m_axi_gmem0_AWVALID   |  out|    1|       m_axi|           gmem0|       pointer|
|m_axi_gmem0_AWREADY   |   in|    1|       m_axi|           gmem0|       pointer|
|m_axi_gmem0_AWADDR    |  out|   64|       m_axi|           gmem0|       pointer|
|m_axi_gmem0_AWID      |  out|    1|       m_axi|           gmem0|       pointer|
|m_axi_gmem0_AWLEN     |  out|   32|       m_axi|           gmem0|       pointer|
|m_axi_gmem0_AWSIZE    |  out|    3|       m_axi|           gmem0|       pointer|
|m_axi_gmem0_AWBURST   |  out|    2|       m_axi|           gmem0|       pointer|
|m_axi_gmem0_AWLOCK    |  out|    2|       m_axi|           gmem0|       pointer|
|m_axi_gmem0_AWCACHE   |  out|    4|       m_axi|           gmem0|       pointer|
|m_axi_gmem0_AWPROT    |  out|    3|       m_axi|           gmem0|       pointer|
|m_axi_gmem0_AWQOS     |  out|    4|       m_axi|           gmem0|       pointer|
|m_axi_gmem0_AWREGION  |  out|    4|       m_axi|           gmem0|       pointer|
|m_axi_gmem0_AWUSER    |  out|    1|       m_axi|           gmem0|       pointer|
|m_axi_gmem0_WVALID    |  out|    1|       m_axi|           gmem0|       pointer|
|m_axi_gmem0_WREADY    |   in|    1|       m_axi|           gmem0|       pointer|
|m_axi_gmem0_WDATA     |  out|   32|       m_axi|           gmem0|       pointer|
|m_axi_gmem0_WSTRB     |  out|    4|       m_axi|           gmem0|       pointer|
|m_axi_gmem0_WLAST     |  out|    1|       m_axi|           gmem0|       pointer|
|m_axi_gmem0_WID       |  out|    1|       m_axi|           gmem0|       pointer|
|m_axi_gmem0_WUSER     |  out|    1|       m_axi|           gmem0|       pointer|
|m_axi_gmem0_ARVALID   |  out|    1|       m_axi|           gmem0|       pointer|
|m_axi_gmem0_ARREADY   |   in|    1|       m_axi|           gmem0|       pointer|
|m_axi_gmem0_ARADDR    |  out|   64|       m_axi|           gmem0|       pointer|
|m_axi_gmem0_ARID      |  out|    1|       m_axi|           gmem0|       pointer|
|m_axi_gmem0_ARLEN     |  out|   32|       m_axi|           gmem0|       pointer|
|m_axi_gmem0_ARSIZE    |  out|    3|       m_axi|           gmem0|       pointer|
|m_axi_gmem0_ARBURST   |  out|    2|       m_axi|           gmem0|       pointer|
|m_axi_gmem0_ARLOCK    |  out|    2|       m_axi|           gmem0|       pointer|
|m_axi_gmem0_ARCACHE   |  out|    4|       m_axi|           gmem0|       pointer|
|m_axi_gmem0_ARPROT    |  out|    3|       m_axi|           gmem0|       pointer|
|m_axi_gmem0_ARQOS     |  out|    4|       m_axi|           gmem0|       pointer|
|m_axi_gmem0_ARREGION  |  out|    4|       m_axi|           gmem0|       pointer|
|m_axi_gmem0_ARUSER    |  out|    1|       m_axi|           gmem0|       pointer|
|m_axi_gmem0_RVALID    |   in|    1|       m_axi|           gmem0|       pointer|
|m_axi_gmem0_RREADY    |  out|    1|       m_axi|           gmem0|       pointer|
|m_axi_gmem0_RDATA     |   in|   32|       m_axi|           gmem0|       pointer|
|m_axi_gmem0_RLAST     |   in|    1|       m_axi|           gmem0|       pointer|
|m_axi_gmem0_RID       |   in|    1|       m_axi|           gmem0|       pointer|
|m_axi_gmem0_RFIFONUM  |   in|    9|       m_axi|           gmem0|       pointer|
|m_axi_gmem0_RUSER     |   in|    1|       m_axi|           gmem0|       pointer|
|m_axi_gmem0_RRESP     |   in|    2|       m_axi|           gmem0|       pointer|
|m_axi_gmem0_BVALID    |   in|    1|       m_axi|           gmem0|       pointer|
|m_axi_gmem0_BREADY    |  out|    1|       m_axi|           gmem0|       pointer|
|m_axi_gmem0_BRESP     |   in|    2|       m_axi|           gmem0|       pointer|
|m_axi_gmem0_BID       |   in|    1|       m_axi|           gmem0|       pointer|
|m_axi_gmem0_BUSER     |   in|    1|       m_axi|           gmem0|       pointer|
|m_axi_gmem1_AWVALID   |  out|    1|       m_axi|           gmem1|       pointer|
|m_axi_gmem1_AWREADY   |   in|    1|       m_axi|           gmem1|       pointer|
|m_axi_gmem1_AWADDR    |  out|   64|       m_axi|           gmem1|       pointer|
|m_axi_gmem1_AWID      |  out|    1|       m_axi|           gmem1|       pointer|
|m_axi_gmem1_AWLEN     |  out|   32|       m_axi|           gmem1|       pointer|
|m_axi_gmem1_AWSIZE    |  out|    3|       m_axi|           gmem1|       pointer|
|m_axi_gmem1_AWBURST   |  out|    2|       m_axi|           gmem1|       pointer|
|m_axi_gmem1_AWLOCK    |  out|    2|       m_axi|           gmem1|       pointer|
|m_axi_gmem1_AWCACHE   |  out|    4|       m_axi|           gmem1|       pointer|
|m_axi_gmem1_AWPROT    |  out|    3|       m_axi|           gmem1|       pointer|
|m_axi_gmem1_AWQOS     |  out|    4|       m_axi|           gmem1|       pointer|
|m_axi_gmem1_AWREGION  |  out|    4|       m_axi|           gmem1|       pointer|
|m_axi_gmem1_AWUSER    |  out|    1|       m_axi|           gmem1|       pointer|
|m_axi_gmem1_WVALID    |  out|    1|       m_axi|           gmem1|       pointer|
|m_axi_gmem1_WREADY    |   in|    1|       m_axi|           gmem1|       pointer|
|m_axi_gmem1_WDATA     |  out|   32|       m_axi|           gmem1|       pointer|
|m_axi_gmem1_WSTRB     |  out|    4|       m_axi|           gmem1|       pointer|
|m_axi_gmem1_WLAST     |  out|    1|       m_axi|           gmem1|       pointer|
|m_axi_gmem1_WID       |  out|    1|       m_axi|           gmem1|       pointer|
|m_axi_gmem1_WUSER     |  out|    1|       m_axi|           gmem1|       pointer|
|m_axi_gmem1_ARVALID   |  out|    1|       m_axi|           gmem1|       pointer|
|m_axi_gmem1_ARREADY   |   in|    1|       m_axi|           gmem1|       pointer|
|m_axi_gmem1_ARADDR    |  out|   64|       m_axi|           gmem1|       pointer|
|m_axi_gmem1_ARID      |  out|    1|       m_axi|           gmem1|       pointer|
|m_axi_gmem1_ARLEN     |  out|   32|       m_axi|           gmem1|       pointer|
|m_axi_gmem1_ARSIZE    |  out|    3|       m_axi|           gmem1|       pointer|
|m_axi_gmem1_ARBURST   |  out|    2|       m_axi|           gmem1|       pointer|
|m_axi_gmem1_ARLOCK    |  out|    2|       m_axi|           gmem1|       pointer|
|m_axi_gmem1_ARCACHE   |  out|    4|       m_axi|           gmem1|       pointer|
|m_axi_gmem1_ARPROT    |  out|    3|       m_axi|           gmem1|       pointer|
|m_axi_gmem1_ARQOS     |  out|    4|       m_axi|           gmem1|       pointer|
|m_axi_gmem1_ARREGION  |  out|    4|       m_axi|           gmem1|       pointer|
|m_axi_gmem1_ARUSER    |  out|    1|       m_axi|           gmem1|       pointer|
|m_axi_gmem1_RVALID    |   in|    1|       m_axi|           gmem1|       pointer|
|m_axi_gmem1_RREADY    |  out|    1|       m_axi|           gmem1|       pointer|
|m_axi_gmem1_RDATA     |   in|   32|       m_axi|           gmem1|       pointer|
|m_axi_gmem1_RLAST     |   in|    1|       m_axi|           gmem1|       pointer|
|m_axi_gmem1_RID       |   in|    1|       m_axi|           gmem1|       pointer|
|m_axi_gmem1_RFIFONUM  |   in|    9|       m_axi|           gmem1|       pointer|
|m_axi_gmem1_RUSER     |   in|    1|       m_axi|           gmem1|       pointer|
|m_axi_gmem1_RRESP     |   in|    2|       m_axi|           gmem1|       pointer|
|m_axi_gmem1_BVALID    |   in|    1|       m_axi|           gmem1|       pointer|
|m_axi_gmem1_BREADY    |  out|    1|       m_axi|           gmem1|       pointer|
|m_axi_gmem1_BRESP     |   in|    2|       m_axi|           gmem1|       pointer|
|m_axi_gmem1_BID       |   in|    1|       m_axi|           gmem1|       pointer|
|m_axi_gmem1_BUSER     |   in|    1|       m_axi|           gmem1|       pointer|
|in1                   |   in|   64|     ap_none|             in1|        scalar|
|in2                   |   in|   64|     ap_none|             in2|        scalar|
|iRMB_out1_address0    |  out|   14|   ap_memory|       iRMB_out1|         array|
|iRMB_out1_ce0         |  out|    1|   ap_memory|       iRMB_out1|         array|
|iRMB_out1_we0         |  out|    1|   ap_memory|       iRMB_out1|         array|
|iRMB_out1_d0          |  out|   32|   ap_memory|       iRMB_out1|         array|
+----------------------+-----+-----+------------+----------------+--------------+

