

================================================================
== Vitis HLS Report for 'DW_conv_1'
================================================================
* Date:           Fri Nov 10 02:16:20 2023

* Version:        2022.1 (Build 3526262 on Mon Apr 18 15:47:01 MDT 2022)
* Project:        proj_kernel_EMO
* Solution:       solution1 (Vivado IP Flow Target)
* Product family: virtexuplus
* Target device:  xcu250-figd2104-2L-e


================================================================
== Performance Estimates
================================================================
+ Timing: 
    * Summary: 
    +--------+----------+-----------+------------+
    |  Clock |  Target  | Estimated | Uncertainty|
    +--------+----------+-----------+------------+
    |ap_clk  |  50.00 ns|  36.500 ns|    13.50 ns|
    +--------+----------+-----------+------------+

+ Latency: 
    * Summary: 
    +---------+---------------+----------+-------------+------+---------------+---------+
    |     Latency (cycles)    |   Latency (absolute)   |       Interval       | Pipeline|
    |   min   |      max      |    min   |     max     |  min |      max      |   Type  |
    +---------+---------------+----------+-------------+------+---------------+---------+
    |     3986|  3730613510417|  0.199 ms|  1.9e+05 sec|  3986|  3730613510417|       no|
    +---------+---------------+----------+-------------+------+---------------+---------+

    + Detail: 
        * Instance: 
        +------------------------------------------+-------------------------------+---------+---------+----------+----------+-----+-------+---------+
        |                                          |                               |  Latency (cycles) |  Latency (absolute) |   Interval  | Pipeline|
        |                 Instance                 |             Module            |   min   |   max   |    min   |    max   | min |  max  |   Type  |
        +------------------------------------------+-------------------------------+---------+---------+----------+----------+-----+-------+---------+
        |grp_DW_conv_1_Pipeline_In_Channel_fu_337  |DW_conv_1_Pipeline_In_Channel  |      145|    21206|  7.250 us|  1.060 ms|  145|  21206|       no|
        +------------------------------------------+-------------------------------+---------+---------+----------+----------+-----+-------+---------+

        * Loop: 
        +------------------------------------------+---------+---------------+--------------+-----------+-----------+--------------+----------+
        |                                          |     Latency (cycles)    |   Iteration  |  Initiation Interval  |     Trip     |          |
        |                 Loop Name                |   min   |      max      |    Latency   |  achieved |   target  |     Count    | Pipelined|
        +------------------------------------------+---------+---------------+--------------+-----------+-----------+--------------+----------+
        |- Batch_Out_Column_Kernel_Row_Kernel_Col  |     3972|  3730613510403|  9 ~ 11896089|          -|          -|  441 ~ 313600|        no|
        | + Output_Channel                         |      504|       11896080|    21 ~ 21243|          -|          -|      24 ~ 560|        no|
        +------------------------------------------+---------+---------------+--------------+-----------+-----------+--------------+----------+



================================================================
== Utilization Estimates
================================================================
* Summary: 
+---------------------+---------+-------+---------+---------+------+
|         Name        | BRAM_18K|  DSP  |    FF   |   LUT   | URAM |
+---------------------+---------+-------+---------+---------+------+
|DSP                  |        -|      7|        -|        -|     -|
|Expression           |        -|      -|        0|      811|     -|
|FIFO                 |        -|      -|        -|        -|     -|
|Instance             |        -|     10|     3590|     3451|     -|
|Memory               |        -|      -|        -|        -|     -|
|Multiplexer          |        -|      -|        -|      473|     -|
|Register             |        -|      -|      687|        -|     -|
+---------------------+---------+-------+---------+---------+------+
|Total                |        0|     17|     4277|     4735|     0|
+---------------------+---------+-------+---------+---------+------+
|Available SLR        |     1344|   3072|   864000|   432000|   320|
+---------------------+---------+-------+---------+---------+------+
|Utilization SLR (%)  |        0|     ~0|       ~0|        1|     0|
+---------------------+---------+-------+---------+---------+------+
|Available            |     5376|  12288|  3456000|  1728000|  1280|
+---------------------+---------+-------+---------+---------+------+
|Utilization (%)      |        0|     ~0|       ~0|       ~0|     0|
+---------------------+---------+-------+---------+---------+------+

+ Detail: 
    * Instance: 
    +------------------------------------------+-------------------------------+---------+----+------+------+-----+
    |                 Instance                 |             Module            | BRAM_18K| DSP|  FF  |  LUT | URAM|
    +------------------------------------------+-------------------------------+---------+----+------+------+-----+
    |grp_DW_conv_1_Pipeline_In_Channel_fu_337  |DW_conv_1_Pipeline_In_Channel  |        0|   9|  3197|  3137|    0|
    |mul_32s_5ns_32_1_1_U105                   |mul_32s_5ns_32_1_1             |        0|   1|     0|    20|    0|
    |mul_3ns_3ns_6_1_1_U101                    |mul_3ns_3ns_6_1_1              |        0|   0|     0|     8|    0|
    |mul_7ns_6ns_13_1_1_U102                   |mul_7ns_6ns_13_1_1             |        0|   0|     0|    33|    0|
    |mul_7ns_7ns_14_1_1_U103                   |mul_7ns_7ns_14_1_1             |        0|   0|     0|    33|    0|
    |mul_9s_7ns_16_1_1_U104                    |mul_9s_7ns_16_1_1              |        0|   0|     0|    49|    0|
    |udiv_10ns_10ns_5_14_seq_1_U99             |udiv_10ns_10ns_5_14_seq_1      |        0|   0|   131|    57|    0|
    |udiv_10ns_10ns_5_14_seq_1_U100            |udiv_10ns_10ns_5_14_seq_1      |        0|   0|   131|    57|    0|
    |urem_10ns_5ns_5_14_seq_1_U106             |urem_10ns_5ns_5_14_seq_1       |        0|   0|   131|    57|    0|
    +------------------------------------------+-------------------------------+---------+----+------+------+-----+
    |Total                                     |                               |        0|  10|  3590|  3451|    0|
    +------------------------------------------+-------------------------------+---------+----+------+------+-----+

    * DSP: 
    +--------------------------------------------+---------------------------------------+---------------------+
    |                  Instance                  |                 Module                |      Expression     |
    +--------------------------------------------+---------------------------------------+---------------------+
    |ama_addmuladd_16ns_7ns_7ns_7ns_23_4_1_U113  |ama_addmuladd_16ns_7ns_7ns_7ns_23_4_1  |  (i0 + i1) * i2 + i3|
    |mac_mul_sub_7ns_2ns_2ns_9_4_1_U108          |mac_mul_sub_7ns_2ns_2ns_9_4_1          |         i0 * i1 - i2|
    |mac_mul_sub_7ns_2ns_2ns_9_4_1_U109          |mac_mul_sub_7ns_2ns_2ns_9_4_1          |         i0 * i1 - i2|
    |mac_mul_sub_7ns_2ns_2ns_9_4_1_U110          |mac_mul_sub_7ns_2ns_2ns_9_4_1          |         i0 * i1 - i2|
    |mac_mul_sub_7ns_2ns_2ns_9_4_1_U111          |mac_mul_sub_7ns_2ns_2ns_9_4_1          |         i0 * i1 - i2|
    |mul_mul_10ns_7ns_16_4_1_U112                |mul_mul_10ns_7ns_16_4_1                |              i0 * i1|
    |mul_mul_7ns_13ns_20_4_1_U107                |mul_mul_7ns_13ns_20_4_1                |              i0 * i1|
    +--------------------------------------------+---------------------------------------+---------------------+

    * Memory: 
    N/A

    * FIFO: 
    N/A

    * Expression: 
    +--------------------------------------+----------+----+---+----+------------+------------+
    |             Variable Name            | Operation| DSP| FF| LUT| Bitwidth P0| Bitwidth P1|
    +--------------------------------------+----------+----+---+----+------------+------------+
    |add_ln34_fu_628_p2                    |         +|   0|  0|  27|          20|           1|
    |add_ln38_6_fu_1079_p2                 |         +|   0|  0|  27|          20|           1|
    |add_ln38_fu_705_p2                    |         +|   0|  0|  14|           7|           1|
    |add_ln42_6_fu_1066_p2                 |         +|   0|  0|  20|          13|           1|
    |add_ln42_fu_748_p2                    |         +|   0|  0|  14|           7|           1|
    |add_ln47_4_fu_1053_p2                 |         +|   0|  0|  13|           6|           1|
    |add_ln47_fu_863_p2                    |         +|   0|  0|  10|           3|           1|
    |add_ln51_fu_1048_p2                   |         +|   0|  0|  10|           3|           1|
    |add_ln56_fu_970_p2                    |         +|   0|  0|  16|           9|           9|
    |add_ln63_fu_1029_p2                   |         +|   0|  0|  17|          10|          10|
    |add_ln69_fu_1012_p2                   |         +|   0|  0|  16|           9|           9|
    |add_ln78_fu_1023_p2                   |         +|   0|  0|  17|          10|           1|
    |add_ln79_fu_1196_p2                   |         +|   0|  0|  39|          32|           1|
    |empty_841_fu_607_p2                   |         +|   0|  0|  16|           9|           9|
    |empty_842_fu_1139_p2                  |         +|   0|  0|  71|          64|          64|
    |p_mid1_fu_899_p2                      |         +|   0|  0|  16|           9|           9|
    |p_mid1116_fu_542_p2                   |         -|   0|  0|  10|           1|           3|
    |and_ln34_7_fu_665_p2                  |       and|   0|  0|   2|           1|           1|
    |and_ln34_8_fu_670_p2                  |       and|   0|  0|   2|           1|           1|
    |and_ln34_fu_660_p2                    |       and|   0|  0|   2|           1|           1|
    |ap_predicate_op355_writeresp_state46  |       and|   0|  0|   2|           1|           1|
    |ap_predicate_op357_writeresp_state46  |       and|   0|  0|   2|           1|           1|
    |tmp_fu_531_p2                         |       and|   0|  0|   2|           1|           1|
    |icmp_ln34_fu_623_p2                   |      icmp|   0|  0|  14|          20|          20|
    |icmp_ln38_fu_634_p2                   |      icmp|   0|  0|  14|          20|          20|
    |icmp_ln42_1_fu_693_p2                 |      icmp|   0|  0|  12|          13|          13|
    |icmp_ln42_fu_578_p2                   |      icmp|   0|  0|  12|          13|           1|
    |icmp_ln47_1_fu_573_p2                 |      icmp|   0|  0|  10|           6|           1|
    |icmp_ln47_2_fu_681_p2                 |      icmp|   0|  0|  10|           6|           6|
    |icmp_ln47_fu_556_p2                   |      icmp|   0|  0|   8|           3|           1|
    |icmp_ln51_fu_783_p2                   |      icmp|   0|  0|   8|           3|           3|
    |icmp_ln57_fu_989_p2                   |      icmp|   0|  0|  11|           9|           9|
    |icmp_ln60_fu_1018_p2                  |      icmp|   0|  0|  11|          10|          10|
    |icmp_ln66_fu_1043_p2                  |      icmp|   0|  0|  20|          32|          32|
    |icmp_ln78_fu_1190_p2                  |      icmp|   0|  0|   9|           5|           1|
    |slt242_fu_612_p2                      |      icmp|   0|  0|  11|           9|           9|
    |slt244_fu_806_p2                      |      icmp|   0|  0|  11|           9|           9|
    |slt246_fu_852_p2                      |      icmp|   0|  0|  11|           9|           9|
    |slt248_fu_913_p2                      |      icmp|   0|  0|  11|           9|           9|
    |slt_fu_561_p2                         |      icmp|   0|  0|  11|           8|           8|
    |ap_block_state40_io                   |        or|   0|  0|   2|           1|           1|
    |ap_block_state46                      |        or|   0|  0|   2|           1|           1|
    |or_ln38_fu_737_p2                     |        or|   0|  0|   2|           1|           1|
    |or_ln42_12_fu_833_p2                  |        or|   0|  0|   2|           1|           1|
    |or_ln42_fu_829_p2                     |        or|   0|  0|   2|           1|           1|
    |or_ln47_4_fu_874_p2                   |        or|   0|  0|   2|           1|           1|
    |or_ln47_fu_869_p2                     |        or|   0|  0|   2|           1|           1|
    |or_ln57_4_fu_1006_p2                  |        or|   0|  0|   2|           1|           1|
    |or_ln57_5_fu_1000_p2                  |        or|   0|  0|   2|           1|           1|
    |or_ln57_fu_976_p2                     |        or|   0|  0|   9|           9|           9|
    |groupIndex_7_fu_1202_p3               |    select|   0|  0|  32|           1|          32|
    |select_ln34_10_fu_778_p3              |    select|   0|  0|   2|           1|           1|
    |select_ln34_11_fu_788_p3              |    select|   0|  0|   2|           1|           1|
    |select_ln34_12_fu_686_p3              |    select|   0|  0|   2|           1|           1|
    |select_ln34_13_fu_698_p3              |    select|   0|  0|   2|           1|           1|
    |select_ln34_6_fu_652_p3               |    select|   0|  0|   2|           1|           1|
    |select_ln34_7_fu_768_p3               |    select|   0|  0|   9|           1|           9|
    |select_ln34_8_fu_675_p3               |    select|   0|  0|   9|           1|           9|
    |select_ln34_9_fu_773_p3               |    select|   0|  0|   9|           1|           9|
    |select_ln34_fu_639_p3                 |    select|   0|  0|   7|           1|           1|
    |select_ln38_24_fu_711_p3              |    select|   0|  0|   7|           1|           7|
    |select_ln38_25_fu_794_p3              |    select|   0|  0|   9|           1|           9|
    |select_ln38_26_fu_723_p3              |    select|   0|  0|   9|           1|           9|
    |select_ln38_27_fu_800_p3              |    select|   0|  0|   9|           1|           9|
    |select_ln38_28_fu_816_p3              |    select|   0|  0|   2|           1|           1|
    |select_ln38_29_fu_823_p3              |    select|   0|  0|   2|           1|           1|
    |select_ln38_30_fu_730_p3              |    select|   0|  0|   2|           1|           1|
    |select_ln38_31_fu_1085_p3             |    select|   0|  0|  20|           1|           1|
    |select_ln38_fu_741_p3                 |    select|   0|  0|   7|           1|           1|
    |select_ln42_21_fu_754_p3              |    select|   0|  0|   7|           1|           7|
    |select_ln42_22_fu_939_p3              |    select|   0|  0|   9|           1|           9|
    |select_ln42_23_fu_845_p3              |    select|   0|  0|   9|           1|           9|
    |select_ln42_24_fu_949_p3              |    select|   0|  0|   2|           1|           1|
    |select_ln42_25_fu_857_p3              |    select|   0|  0|   2|           1|           1|
    |select_ln42_26_fu_1072_p3             |    select|   0|  0|  13|           1|           1|
    |select_ln42_fu_838_p3                 |    select|   0|  0|   3|           1|           1|
    |select_ln47_16_fu_887_p3              |    select|   0|  0|   3|           1|           3|
    |select_ln47_17_fu_905_p3              |    select|   0|  0|   9|           1|           9|
    |select_ln47_18_fu_960_p3              |    select|   0|  0|   2|           1|           1|
    |select_ln47_19_fu_1059_p3             |    select|   0|  0|   6|           1|           1|
    |select_ln47_fu_879_p3                 |    select|   0|  0|   3|           1|           1|
    |rev241_fu_567_p2                      |       xor|   0|  0|   2|           1|           2|
    |rev243_fu_617_p2                      |       xor|   0|  0|   2|           1|           2|
    |rev245_fu_810_p2                      |       xor|   0|  0|   2|           1|           2|
    |rev247_fu_944_p2                      |       xor|   0|  0|   2|           1|           2|
    |rev249_fu_955_p2                      |       xor|   0|  0|   2|           1|           2|
    |xor_ln34_fu_646_p2                    |       xor|   0|  0|   2|           1|           2|
    |xor_ln57_fu_994_p2                    |       xor|   0|  0|   2|           1|           2|
    +--------------------------------------+----------+----+---+----+------------+------------+
    |Total                                 |          |   0|  0| 811|         478|         470|
    +--------------------------------------+----------+----+---+----+------------+------------+

    * Multiplexer: 
    +--------------------------+-----+-----------+-----+-----------+
    |           Name           | LUT | Input Size| Bits| Total Bits|
    +--------------------------+-----+-----------+-----+-----------+
    |ap_NS_fsm                 |  279|         65|    1|         65|
    |batch_reg_302             |    9|          2|    1|          2|
    |col_fu_166                |    9|          2|    7|         14|
    |gmem3_blk_n_AR            |    9|          2|    1|          2|
    |gmem3_blk_n_AW            |    9|          2|    1|          2|
    |gmem3_blk_n_B             |    9|          2|    1|          2|
    |gmem3_blk_n_R             |    9|          2|    1|          2|
    |gmem3_blk_n_W             |    9|          2|    1|          2|
    |groupIndex_reg_325        |    9|          2|   32|         64|
    |indvar_flatten158_fu_182  |    9|          2|   20|         40|
    |indvar_flatten38_fu_170   |    9|          2|   13|         26|
    |indvar_flatten90_fu_178   |    9|          2|   20|         40|
    |indvar_flatten_fu_162     |    9|          2|    6|         12|
    |kernel_col_fu_154         |    9|          2|    3|          6|
    |kernel_row_fu_158         |    9|          2|    3|          6|
    |m_axi_gmem2_ARVALID       |    9|          2|    1|          2|
    |m_axi_gmem2_RREADY        |    9|          2|    1|          2|
    |m_axi_gmem3_WDATA         |   14|          3|   32|         96|
    |m_axi_gmem_ARVALID        |    9|          2|    1|          2|
    |m_axi_gmem_RREADY         |    9|          2|    1|          2|
    |out_ch_reg_313            |    9|          2|   10|         20|
    |row_fu_174                |    9|          2|    7|         14|
    +--------------------------+-----+-----------+-----+-----------+
    |Total                     |  473|        108|  164|        423|
    +--------------------------+-----+-----------+-----+-----------+

    * Register: 
    +-------------------------------------------------------+----+----+-----+-----------+
    |                          Name                         | FF | LUT| Bits| Const Bits|
    +-------------------------------------------------------+----+----+-----+-----------+
    |add8124_loc_fu_190                                     |  32|   0|   32|          0|
    |add_ln34_reg_1563                                      |  20|   0|   20|          0|
    |add_ln69_reg_1715                                      |   9|   0|    9|          0|
    |add_ln78_reg_1723                                      |  10|   0|   10|          0|
    |add_loc_fu_186                                         |  32|   0|   32|          0|
    |and_ln34_8_reg_1589                                    |   1|   0|    1|          0|
    |and_ln34_reg_1584                                      |   1|   0|    1|          0|
    |ap_CS_fsm                                              |  64|   0|   64|          0|
    |batch_reg_302                                          |   1|   0|    1|          0|
    |bitcast_ln71_reg_1756                                  |  32|   0|   32|          0|
    |bound10_reg_1379                                       |  13|   0|   13|          0|
    |bound43_reg_1489                                       |  20|   0|   20|          0|
    |bound_reg_1373                                         |   6|   0|    6|          0|
    |col_fu_166                                             |   7|   0|    7|          0|
    |empty_835_reg_1346                                     |   1|   0|    1|          0|
    |empty_837_reg_1351                                     |   1|   0|    1|          0|
    |empty_839_reg_1545                                     |   9|   0|    9|          0|
    |empty_841_reg_1550                                     |   9|   0|    9|          0|
    |empty_reg_1420                                         |   1|   0|    1|          0|
    |gmem3_addr_read_reg_1751                               |  32|   0|   32|          0|
    |gmem3_addr_reg_1743                                    |  64|   0|   64|          0|
    |groupIndex_reg_325                                     |  32|   0|   32|          0|
    |grp_DW_conv_1_Pipeline_In_Channel_fu_337_ap_start_reg  |   1|   0|    1|          0|
    |icmp_ln38_reg_1568                                     |   1|   0|    1|          0|
    |icmp_ln42_reg_1521                                     |   1|   0|    1|          0|
    |icmp_ln47_1_reg_1515                                   |   1|   0|    1|          0|
    |icmp_ln47_reg_1503                                     |   1|   0|    1|          0|
    |icmp_ln66_reg_1739                                     |   1|   0|    1|          0|
    |inGroupNums_reg_1425                                   |   5|   0|    5|          0|
    |in_ch_reg_1734                                         |  32|   0|   32|          0|
    |indvar_flatten158_fu_182                               |  20|   0|   20|          0|
    |indvar_flatten38_fu_170                                |  13|   0|   13|          0|
    |indvar_flatten90_fu_178                                |  20|   0|   20|          0|
    |indvar_flatten_fu_162                                  |   6|   0|    6|          0|
    |kernel_col_fu_154                                      |   3|   0|    3|          0|
    |kernel_row_fu_158                                      |   3|   0|    3|          0|
    |mul_ln47_reg_1691                                      |  16|   0|   16|          0|
    |mul_ln69_reg_1484                                      |  14|   0|   14|          0|
    |or_ln38_reg_1631                                       |   1|   0|    1|          0|
    |or_ln42_12_reg_1653                                    |   1|   0|    1|          0|
    |or_ln57_4_reg_1711                                     |   1|   0|    1|          0|
    |out_ch_reg_313                                         |  10|   0|   10|          0|
    |p_read1_cast17_reg_1410                                |  10|   0|   32|         22|
    |p_read3_cast5_reg_1415                                 |   7|   0|   16|          9|
    |rev241_reg_1510                                        |   1|   0|    1|          0|
    |rev243_reg_1555                                        |   1|   0|    1|          0|
    |row_fu_174                                             |   7|   0|    7|          0|
    |select_ln34_13_reg_1594                                |   1|   0|    1|          0|
    |select_ln34_6_reg_1579                                 |   1|   0|    1|          0|
    |select_ln38_24_reg_1604                                |   7|   0|    7|          0|
    |select_ln38_26_reg_1615                                |   9|   0|    9|          0|
    |select_ln38_28_reg_1648                                |   1|   0|    1|          0|
    |select_ln38_30_reg_1620                                |   1|   0|    1|          0|
    |select_ln42_21_reg_1637                                |   7|   0|    7|          0|
    |select_ln42_25_reg_1663                                |   1|   0|    1|          0|
    |select_ln47_16_reg_1675                                |   3|   0|    3|          0|
    |select_ln47_17_reg_1681                                |   9|   0|    9|          0|
    |select_ln47_reg_1668                                   |   3|   0|    3|          0|
    |sext_ln47_1_reg_1495                                   |   9|   0|    9|          0|
    |slt246_reg_1658                                        |   1|   0|    1|          0|
    |slt248_reg_1686                                        |   1|   0|    1|          0|
    |targetBlock_reg_1761                                   |   1|   0|    1|          0|
    |tmp_reg_1479                                           |   1|   0|    1|          0|
    |zext_ln22_reg_1430                                     |   5|   0|   32|         27|
    |zext_ln23_reg_1435                                     |   5|   0|   10|          5|
    |zext_ln34_1_reg_1450                                   |   2|   0|    9|          7|
    |zext_ln34_4_reg_1458                                   |   7|   0|    9|          2|
    |zext_ln34_6_reg_1463                                   |   7|   0|    9|          2|
    |zext_ln34_8_reg_1471                                   |   2|   0|    9|          7|
    |zext_ln34_9_reg_1696                                   |   1|   0|   10|          9|
    |zext_ln34_reg_1445                                     |   7|   0|   23|         16|
    |zext_ln38_4_reg_1701                                   |   7|   0|   16|          9|
    |zext_ln42_reg_1706                                     |   7|   0|   23|         16|
    |zext_ln63_reg_1440                                     |   7|   0|   16|          9|
    +-------------------------------------------------------+----+----+-----+-----------+
    |Total                                                  | 687|   0|  827|        140|
    +-------------------------------------------------------+----+----+-----+-----------+



================================================================
== Interface
================================================================
* Summary: 
+----------------------+-----+-----+------------+--------------+--------------+
|       RTL Ports      | Dir | Bits|  Protocol  | Source Object|    C Type    |
+----------------------+-----+-----+------------+--------------+--------------+
|ap_clk                |   in|    1|  ap_ctrl_hs|     DW_conv.1|  return value|
|ap_rst                |   in|    1|  ap_ctrl_hs|     DW_conv.1|  return value|
|ap_start              |   in|    1|  ap_ctrl_hs|     DW_conv.1|  return value|
|ap_done               |  out|    1|  ap_ctrl_hs|     DW_conv.1|  return value|
|ap_idle               |  out|    1|  ap_ctrl_hs|     DW_conv.1|  return value|
|ap_ready              |  out|    1|  ap_ctrl_hs|     DW_conv.1|  return value|
|m_axi_gmem2_AWVALID   |  out|    1|       m_axi|         gmem0|       pointer|
|m_axi_gmem2_AWREADY   |   in|    1|       m_axi|         gmem0|       pointer|
|m_axi_gmem2_AWADDR    |  out|   64|       m_axi|         gmem0|       pointer|
|m_axi_gmem2_AWID      |  out|    1|       m_axi|         gmem0|       pointer|
|m_axi_gmem2_AWLEN     |  out|   32|       m_axi|         gmem0|       pointer|
|m_axi_gmem2_AWSIZE    |  out|    3|       m_axi|         gmem0|       pointer|
|m_axi_gmem2_AWBURST   |  out|    2|       m_axi|         gmem0|       pointer|
|m_axi_gmem2_AWLOCK    |  out|    2|       m_axi|         gmem0|       pointer|
|m_axi_gmem2_AWCACHE   |  out|    4|       m_axi|         gmem0|       pointer|
|m_axi_gmem2_AWPROT    |  out|    3|       m_axi|         gmem0|       pointer|
|m_axi_gmem2_AWQOS     |  out|    4|       m_axi|         gmem0|       pointer|
|m_axi_gmem2_AWREGION  |  out|    4|       m_axi|         gmem0|       pointer|
|m_axi_gmem2_AWUSER    |  out|    1|       m_axi|         gmem0|       pointer|
|m_axi_gmem2_WVALID    |  out|    1|       m_axi|         gmem0|       pointer|
|m_axi_gmem2_WREADY    |   in|    1|       m_axi|         gmem0|       pointer|
|m_axi_gmem2_WDATA     |  out|   32|       m_axi|         gmem0|       pointer|
|m_axi_gmem2_WSTRB     |  out|    4|       m_axi|         gmem0|       pointer|
|m_axi_gmem2_WLAST     |  out|    1|       m_axi|         gmem0|       pointer|
|m_axi_gmem2_WID       |  out|    1|       m_axi|         gmem0|       pointer|
|m_axi_gmem2_WUSER     |  out|    1|       m_axi|         gmem0|       pointer|
|m_axi_gmem2_ARVALID   |  out|    1|       m_axi|         gmem0|       pointer|
|m_axi_gmem2_ARREADY   |   in|    1|       m_axi|         gmem0|       pointer|
|m_axi_gmem2_ARADDR    |  out|   64|       m_axi|         gmem0|       pointer|
|m_axi_gmem2_ARID      |  out|    1|       m_axi|         gmem0|       pointer|
|m_axi_gmem2_ARLEN     |  out|   32|       m_axi|         gmem0|       pointer|
|m_axi_gmem2_ARSIZE    |  out|    3|       m_axi|         gmem0|       pointer|
|m_axi_gmem2_ARBURST   |  out|    2|       m_axi|         gmem0|       pointer|
|m_axi_gmem2_ARLOCK    |  out|    2|       m_axi|         gmem0|       pointer|
|m_axi_gmem2_ARCACHE   |  out|    4|       m_axi|         gmem0|       pointer|
|m_axi_gmem2_ARPROT    |  out|    3|       m_axi|         gmem0|       pointer|
|m_axi_gmem2_ARQOS     |  out|    4|       m_axi|         gmem0|       pointer|
|m_axi_gmem2_ARREGION  |  out|    4|       m_axi|         gmem0|       pointer|
|m_axi_gmem2_ARUSER    |  out|    1|       m_axi|         gmem0|       pointer|
|m_axi_gmem2_RVALID    |   in|    1|       m_axi|         gmem0|       pointer|
|m_axi_gmem2_RREADY    |  out|    1|       m_axi|         gmem0|       pointer|
|m_axi_gmem2_RDATA     |   in|   32|       m_axi|         gmem0|       pointer|
|m_axi_gmem2_RLAST     |   in|    1|       m_axi|         gmem0|       pointer|
|m_axi_gmem2_RID       |   in|    1|       m_axi|         gmem0|       pointer|
|m_axi_gmem2_RFIFONUM  |   in|    9|       m_axi|         gmem0|       pointer|
|m_axi_gmem2_RUSER     |   in|    1|       m_axi|         gmem0|       pointer|
|m_axi_gmem2_RRESP     |   in|    2|       m_axi|         gmem0|       pointer|
|m_axi_gmem2_BVALID    |   in|    1|       m_axi|         gmem0|       pointer|
|m_axi_gmem2_BREADY    |  out|    1|       m_axi|         gmem0|       pointer|
|m_axi_gmem2_BRESP     |   in|    2|       m_axi|         gmem0|       pointer|
|m_axi_gmem2_BID       |   in|    1|       m_axi|         gmem0|       pointer|
|m_axi_gmem2_BUSER     |   in|    1|       m_axi|         gmem0|       pointer|
|in_r                  |   in|   64|     ap_none|          in_r|        scalar|
|m_axi_gmem_AWVALID    |  out|    1|       m_axi|          gmem|       pointer|
|m_axi_gmem_AWREADY    |   in|    1|       m_axi|          gmem|       pointer|
|m_axi_gmem_AWADDR     |  out|   64|       m_axi|          gmem|       pointer|
|m_axi_gmem_AWID       |  out|    1|       m_axi|          gmem|       pointer|
|m_axi_gmem_AWLEN      |  out|   32|       m_axi|          gmem|       pointer|
|m_axi_gmem_AWSIZE     |  out|    3|       m_axi|          gmem|       pointer|
|m_axi_gmem_AWBURST    |  out|    2|       m_axi|          gmem|       pointer|
|m_axi_gmem_AWLOCK     |  out|    2|       m_axi|          gmem|       pointer|
|m_axi_gmem_AWCACHE    |  out|    4|       m_axi|          gmem|       pointer|
|m_axi_gmem_AWPROT     |  out|    3|       m_axi|          gmem|       pointer|
|m_axi_gmem_AWQOS      |  out|    4|       m_axi|          gmem|       pointer|
|m_axi_gmem_AWREGION   |  out|    4|       m_axi|          gmem|       pointer|
|m_axi_gmem_AWUSER     |  out|    1|       m_axi|          gmem|       pointer|
|m_axi_gmem_WVALID     |  out|    1|       m_axi|          gmem|       pointer|
|m_axi_gmem_WREADY     |   in|    1|       m_axi|          gmem|       pointer|
|m_axi_gmem_WDATA      |  out|   32|       m_axi|          gmem|       pointer|
|m_axi_gmem_WSTRB      |  out|    4|       m_axi|          gmem|       pointer|
|m_axi_gmem_WLAST      |  out|    1|       m_axi|          gmem|       pointer|
|m_axi_gmem_WID        |  out|    1|       m_axi|          gmem|       pointer|
|m_axi_gmem_WUSER      |  out|    1|       m_axi|          gmem|       pointer|
|m_axi_gmem_ARVALID    |  out|    1|       m_axi|          gmem|       pointer|
|m_axi_gmem_ARREADY    |   in|    1|       m_axi|          gmem|       pointer|
|m_axi_gmem_ARADDR     |  out|   64|       m_axi|          gmem|       pointer|
|m_axi_gmem_ARID       |  out|    1|       m_axi|          gmem|       pointer|
|m_axi_gmem_ARLEN      |  out|   32|       m_axi|          gmem|       pointer|
|m_axi_gmem_ARSIZE     |  out|    3|       m_axi|          gmem|       pointer|
|m_axi_gmem_ARBURST    |  out|    2|       m_axi|          gmem|       pointer|
|m_axi_gmem_ARLOCK     |  out|    2|       m_axi|          gmem|       pointer|
|m_axi_gmem_ARCACHE    |  out|    4|       m_axi|          gmem|       pointer|
|m_axi_gmem_ARPROT     |  out|    3|       m_axi|          gmem|       pointer|
|m_axi_gmem_ARQOS      |  out|    4|       m_axi|          gmem|       pointer|
|m_axi_gmem_ARREGION   |  out|    4|       m_axi|          gmem|       pointer|
|m_axi_gmem_ARUSER     |  out|    1|       m_axi|          gmem|       pointer|
|m_axi_gmem_RVALID     |   in|    1|       m_axi|          gmem|       pointer|
|m_axi_gmem_RREADY     |  out|    1|       m_axi|          gmem|       pointer|
|m_axi_gmem_RDATA      |   in|   32|       m_axi|          gmem|       pointer|
|m_axi_gmem_RLAST      |   in|    1|       m_axi|          gmem|       pointer|
|m_axi_gmem_RID        |   in|    1|       m_axi|          gmem|       pointer|
|m_axi_gmem_RFIFONUM   |   in|    9|       m_axi|          gmem|       pointer|
|m_axi_gmem_RUSER      |   in|    1|       m_axi|          gmem|       pointer|
|m_axi_gmem_RRESP      |   in|    2|       m_axi|          gmem|       pointer|
|m_axi_gmem_BVALID     |   in|    1|       m_axi|          gmem|       pointer|
|m_axi_gmem_BREADY     |  out|    1|       m_axi|          gmem|       pointer|
|m_axi_gmem_BRESP      |   in|    2|       m_axi|          gmem|       pointer|
|m_axi_gmem_BID        |   in|    1|       m_axi|          gmem|       pointer|
|m_axi_gmem_BUSER      |   in|    1|       m_axi|          gmem|       pointer|
|kernel                |   in|   64|     ap_none|        kernel|        scalar|
|p_read1               |   in|   10|     ap_none|       p_read1|        scalar|
|p_read2               |   in|    7|     ap_none|       p_read2|        scalar|
|p_read3               |   in|    7|     ap_none|       p_read3|        scalar|
|p_read4               |   in|   10|     ap_none|       p_read4|        scalar|
|p_read5               |   in|    7|     ap_none|       p_read5|        scalar|
|p_read6               |   in|    7|     ap_none|       p_read6|        scalar|
|p_read7               |   in|    3|     ap_none|       p_read7|        scalar|
|p_read8               |   in|    2|     ap_none|       p_read8|        scalar|
|p_read9               |   in|    2|     ap_none|       p_read9|        scalar|
|p_read10              |   in|   10|     ap_none|      p_read10|        scalar|
|m_axi_gmem3_AWVALID   |  out|    1|       m_axi|         gmem0|       pointer|
|m_axi_gmem3_AWREADY   |   in|    1|       m_axi|         gmem0|       pointer|
|m_axi_gmem3_AWADDR    |  out|   64|       m_axi|         gmem0|       pointer|
|m_axi_gmem3_AWID      |  out|    1|       m_axi|         gmem0|       pointer|
|m_axi_gmem3_AWLEN     |  out|   32|       m_axi|         gmem0|       pointer|
|m_axi_gmem3_AWSIZE    |  out|    3|       m_axi|         gmem0|       pointer|
|m_axi_gmem3_AWBURST   |  out|    2|       m_axi|         gmem0|       pointer|
|m_axi_gmem3_AWLOCK    |  out|    2|       m_axi|         gmem0|       pointer|
|m_axi_gmem3_AWCACHE   |  out|    4|       m_axi|         gmem0|       pointer|
|m_axi_gmem3_AWPROT    |  out|    3|       m_axi|         gmem0|       pointer|
|m_axi_gmem3_AWQOS     |  out|    4|       m_axi|         gmem0|       pointer|
|m_axi_gmem3_AWREGION  |  out|    4|       m_axi|         gmem0|       pointer|
|m_axi_gmem3_AWUSER    |  out|    1|       m_axi|         gmem0|       pointer|
|m_axi_gmem3_WVALID    |  out|    1|       m_axi|         gmem0|       pointer|
|m_axi_gmem3_WREADY    |   in|    1|       m_axi|         gmem0|       pointer|
|m_axi_gmem3_WDATA     |  out|   32|       m_axi|         gmem0|       pointer|
|m_axi_gmem3_WSTRB     |  out|    4|       m_axi|         gmem0|       pointer|
|m_axi_gmem3_WLAST     |  out|    1|       m_axi|         gmem0|       pointer|
|m_axi_gmem3_WID       |  out|    1|       m_axi|         gmem0|       pointer|
|m_axi_gmem3_WUSER     |  out|    1|       m_axi|         gmem0|       pointer|
|m_axi_gmem3_ARVALID   |  out|    1|       m_axi|         gmem0|       pointer|
|m_axi_gmem3_ARREADY   |   in|    1|       m_axi|         gmem0|       pointer|
|m_axi_gmem3_ARADDR    |  out|   64|       m_axi|         gmem0|       pointer|
|m_axi_gmem3_ARID      |  out|    1|       m_axi|         gmem0|       pointer|
|m_axi_gmem3_ARLEN     |  out|   32|       m_axi|         gmem0|       pointer|
|m_axi_gmem3_ARSIZE    |  out|    3|       m_axi|         gmem0|       pointer|
|m_axi_gmem3_ARBURST   |  out|    2|       m_axi|         gmem0|       pointer|
|m_axi_gmem3_ARLOCK    |  out|    2|       m_axi|         gmem0|       pointer|
|m_axi_gmem3_ARCACHE   |  out|    4|       m_axi|         gmem0|       pointer|
|m_axi_gmem3_ARPROT    |  out|    3|       m_axi|         gmem0|       pointer|
|m_axi_gmem3_ARQOS     |  out|    4|       m_axi|         gmem0|       pointer|
|m_axi_gmem3_ARREGION  |  out|    4|       m_axi|         gmem0|       pointer|
|m_axi_gmem3_ARUSER    |  out|    1|       m_axi|         gmem0|       pointer|
|m_axi_gmem3_RVALID    |   in|    1|       m_axi|         gmem0|       pointer|
|m_axi_gmem3_RREADY    |  out|    1|       m_axi|         gmem0|       pointer|
|m_axi_gmem3_RDATA     |   in|   32|       m_axi|         gmem0|       pointer|
|m_axi_gmem3_RLAST     |   in|    1|       m_axi|         gmem0|       pointer|
|m_axi_gmem3_RID       |   in|    1|       m_axi|         gmem0|       pointer|
|m_axi_gmem3_RFIFONUM  |   in|    9|       m_axi|         gmem0|       pointer|
|m_axi_gmem3_RUSER     |   in|    1|       m_axi|         gmem0|       pointer|
|m_axi_gmem3_RRESP     |   in|    2|       m_axi|         gmem0|       pointer|
|m_axi_gmem3_BVALID    |   in|    1|       m_axi|         gmem0|       pointer|
|m_axi_gmem3_BREADY    |  out|    1|       m_axi|         gmem0|       pointer|
|m_axi_gmem3_BRESP     |   in|    2|       m_axi|         gmem0|       pointer|
|m_axi_gmem3_BID       |   in|    1|       m_axi|         gmem0|       pointer|
|m_axi_gmem3_BUSER     |   in|    1|       m_axi|         gmem0|       pointer|
|out_r                 |   in|   64|     ap_none|         out_r|        scalar|
+----------------------+-----+-----+------------+--------------+--------------+

