

================================================================
== Vitis HLS Report for 'DW_conv_118_Pipeline_In_Channel'
================================================================
* Date:           Fri Nov 10 02:18:02 2023

* Version:        2022.1 (Build 3526262 on Mon Apr 18 15:47:01 MDT 2022)
* Project:        proj_kernel_EMO
* Solution:       solution1 (Vivado IP Flow Target)
* Product family: virtexuplus
* Target device:  xcu250-figd2104-2L-e


================================================================
== Performance Estimates
================================================================
+ Timing: 
    * Summary: 
    +--------+----------+-----------+------------+
    |  Clock |  Target  | Estimated | Uncertainty|
    +--------+----------+-----------+------------+
    |ap_clk  |  50.00 ns|  36.500 ns|    13.50 ns|
    +--------+----------+-----------+------------+

+ Latency: 
    * Summary: 
    +---------+---------+----------+----------+-----+-----+---------+
    |  Latency (cycles) |  Latency (absolute) |  Interval | Pipeline|
    |   min   |   max   |    min   |    max   | min | max |   Type  |
    +---------+---------+----------+----------+-----+-----+---------+
    |        ?|        ?|         ?|         ?|    ?|    ?|       no|
    +---------+---------+----------+----------+-----+-----+---------+

    + Detail: 
        * Instance: 
        N/A

        * Loop: 
        +--------------+---------+---------+----------+-----------+-----------+------+----------+
        |              |  Latency (cycles) | Iteration|  Initiation Interval  | Trip |          |
        |   Loop Name  |   min   |   max   |  Latency |  achieved |   target  | Count| Pipelined|
        +--------------+---------+---------+----------+-----------+-----------+------+----------+
        |- In_Channel  |        ?|        ?|        36|         36|          1|     ?|       yes|
        +--------------+---------+---------+----------+-----------+-----------+------+----------+



================================================================
== Utilization Estimates
================================================================
* Summary: 
+---------------------+---------+-------+---------+---------+------+
|         Name        | BRAM_18K|  DSP  |    FF   |   LUT   | URAM |
+---------------------+---------+-------+---------+---------+------+
|DSP                  |        -|      -|        -|        -|     -|
|Expression           |        -|      -|        0|      452|     -|
|FIFO                 |        -|      -|        -|        -|     -|
|Instance             |        -|      8|     2283|     2082|     -|
|Memory               |        -|      -|        -|        -|     -|
|Multiplexer          |        -|      -|        -|      254|     -|
|Register             |        -|      -|      587|        -|     -|
+---------------------+---------+-------+---------+---------+------+
|Total                |        0|      8|     2870|     2788|     0|
+---------------------+---------+-------+---------+---------+------+
|Available SLR        |     1344|   3072|   864000|   432000|   320|
+---------------------+---------+-------+---------+---------+------+
|Utilization SLR (%)  |        0|     ~0|       ~0|       ~0|     0|
+---------------------+---------+-------+---------+---------+------+
|Available            |     5376|  12288|  3456000|  1728000|  1280|
+---------------------+---------+-------+---------+---------+------+
|Utilization (%)      |        0|     ~0|       ~0|       ~0|     0|
+---------------------+---------+-------+---------+---------+------+

+ Detail: 
    * Instance: 
    +--------------------------------------+--------------------------------+---------+----+------+------+-----+
    |               Instance               |             Module             | BRAM_18K| DSP|  FF  |  LUT | URAM|
    +--------------------------------------+--------------------------------+---------+----+------+------+-----+
    |fadd_32ns_32ns_32_1_full_dsp_1_U3959  |fadd_32ns_32ns_32_1_full_dsp_1  |        0|   2|     0|   226|    0|
    |fmul_32ns_32ns_32_1_max_dsp_1_U3960   |fmul_32ns_32ns_32_1_max_dsp_1   |        0|   3|     0|    77|    0|
    |mul_62s_7ns_62_1_1_U3961              |mul_62s_7ns_62_1_1              |        0|   3|     0|    41|    0|
    |srem_32ns_8ns_8_36_1_U3962            |srem_32ns_8ns_8_36_1            |        0|   0|  2283|  1738|    0|
    +--------------------------------------+--------------------------------+---------+----+------+------+-----+
    |Total                                 |                                |        0|   8|  2283|  2082|    0|
    +--------------------------------------+--------------------------------+---------+----+------+------+-----+

    * DSP: 
    N/A

    * Memory: 
    N/A

    * FIFO: 
    N/A

    * Expression: 
    +-----------------------+----------+----+---+----+------------+------------+
    |     Variable Name     | Operation| DSP| FF| LUT| Bitwidth P0| Bitwidth P1|
    +-----------------------+----------+----+---+----+------------+------------+
    |add_ln338_fu_313_p2    |         +|   0|  0|  62|          62|          62|
    |add_ln340_3_fu_362_p2  |         +|   0|  0|  16|          14|          14|
    |add_ln340_6_fu_318_p2  |         +|   0|  0|  62|          62|          62|
    |add_ln340_8_fu_357_p2  |         +|   0|  0|  16|          14|          14|
    |add_ln340_fu_332_p2    |         +|   0|  0|  71|          64|          64|
    |add_ln341_fu_273_p2    |         +|   0|  0|  71|          64|           1|
    |add_ln342_fu_392_p2    |         +|   0|  0|  71|          64|           1|
    |grp_fu_382_p0          |         +|   0|  0|  39|          32|           1|
    |ap_block_state10       |       and|   0|  0|   2|           1|           1|
    |ap_block_state3_io     |       and|   0|  0|   2|           1|           1|
    |icmp_ln336_fu_267_p2   |      icmp|   0|  0|  29|          64|           7|
    |icmp_ln342_fu_401_p2   |      icmp|   0|  0|  11|           8|           1|
    +-----------------------+----------+----+---+----+------------+------------+
    |Total                  |          |   0|  0| 452|         450|         229|
    +-----------------------+----------+----+---+----+------------+------------+

    * Multiplexer: 
    +----------------------------------------+-----+-----------+-----+-----------+
    |                  Name                  | LUT | Input Size| Bits| Total Bits|
    +----------------------------------------+-----+-----------+-----+-----------+
    |add8124_fu_106                          |    9|          2|   32|         64|
    |add8124_out                             |   14|          3|   32|         96|
    |ap_NS_fsm                               |  177|         40|    1|         40|
    |ap_phi_mux_UnifiedRetVal_phi_fu_209_p4  |    9|          2|    1|          2|
    |ap_return                               |    9|          2|    1|          2|
    |gmem_blk_n_AR                           |    9|          2|    1|          2|
    |gmem_blk_n_R                            |    9|          2|    1|          2|
    |in_ch_2_fu_110                          |    9|          2|   64|        128|
    |kernelChannelIdx_fu_114                 |    9|          2|   64|        128|
    +----------------------------------------+-----+-----------+-----+-----------+
    |Total                                   |  254|         57|  197|        464|
    +----------------------------------------+-----+-----------+-----+-----------+

    * Register: 
    +--------------------------------+----+----+-----+-----------+
    |              Name              | FF | LUT| Bits| Const Bits|
    +--------------------------------+----+----+-----+-----------+
    |UnifiedRetVal_reg_205           |   1|   0|    1|          0|
    |add8124_fu_106                  |  32|   0|   32|          0|
    |add8124_load_reg_517            |  32|   0|   32|          0|
    |add_ln341_reg_481               |  64|   0|   64|          0|
    |add_reg_522                     |  32|   0|   32|          0|
    |ap_CS_fsm                       |  39|   0|   39|          0|
    |ap_return_preg                  |   1|   0|    1|          0|
    |gmem_addr_109_read_reg_507      |  32|   0|   32|          0|
    |gmem_addr_109_reg_486           |  64|   0|   64|          0|
    |icmp_ln336_reg_477              |   1|   0|    1|          0|
    |in_ch_2_fu_110                  |  64|   0|   64|          0|
    |in_ch_reg_472                   |  64|   0|   64|          0|
    |kernelChannelIdx_fu_114         |  64|   0|   64|          0|
    |kernel_load_reg_502             |  32|   0|   32|          0|
    |mul78_reg_512                   |  32|   0|   32|          0|
    |select_ln318_29_cast_reg_462    |   1|   0|   14|         13|
    |select_ln318_cast_cast_reg_467  |  32|   0|   62|         30|
    +--------------------------------+----+----+-----+-----------+
    |Total                           | 587|   0|  630|         43|
    +--------------------------------+----+----+-----+-----------+



================================================================
== Interface
================================================================
* Summary: 
+---------------------+-----+-----+------------+---------------------------------+--------------+
|      RTL Ports      | Dir | Bits|  Protocol  |          Source Object          |    C Type    |
+---------------------+-----+-----+------------+---------------------------------+--------------+
|ap_clk               |   in|    1|  ap_ctrl_hs|  DW_conv.118_Pipeline_In_Channel|  return value|
|ap_rst               |   in|    1|  ap_ctrl_hs|  DW_conv.118_Pipeline_In_Channel|  return value|
|ap_start             |   in|    1|  ap_ctrl_hs|  DW_conv.118_Pipeline_In_Channel|  return value|
|ap_done              |  out|    1|  ap_ctrl_hs|  DW_conv.118_Pipeline_In_Channel|  return value|
|ap_idle              |  out|    1|  ap_ctrl_hs|  DW_conv.118_Pipeline_In_Channel|  return value|
|ap_ready             |  out|    1|  ap_ctrl_hs|  DW_conv.118_Pipeline_In_Channel|  return value|
|ap_return            |  out|    1|  ap_ctrl_hs|  DW_conv.118_Pipeline_In_Channel|  return value|
|sext_ln336           |   in|   32|     ap_none|                       sext_ln336|        scalar|
|bitcast_ln340        |   in|   32|     ap_none|                    bitcast_ln340|        scalar|
|select_ln318         |   in|    7|     ap_none|                     select_ln318|        scalar|
|mul_ln310            |   in|   14|     ap_none|                        mul_ln310|        scalar|
|select_ln318_28      |   in|    3|     ap_none|                  select_ln318_28|        scalar|
|in_r                 |   in|   64|     ap_none|                             in_r|        scalar|
|m_axi_gmem_AWVALID   |  out|    1|       m_axi|                             gmem|       pointer|
|m_axi_gmem_AWREADY   |   in|    1|       m_axi|                             gmem|       pointer|
|m_axi_gmem_AWADDR    |  out|   64|       m_axi|                             gmem|       pointer|
|m_axi_gmem_AWID      |  out|    1|       m_axi|                             gmem|       pointer|
|m_axi_gmem_AWLEN     |  out|   32|       m_axi|                             gmem|       pointer|
|m_axi_gmem_AWSIZE    |  out|    3|       m_axi|                             gmem|       pointer|
|m_axi_gmem_AWBURST   |  out|    2|       m_axi|                             gmem|       pointer|
|m_axi_gmem_AWLOCK    |  out|    2|       m_axi|                             gmem|       pointer|
|m_axi_gmem_AWCACHE   |  out|    4|       m_axi|                             gmem|       pointer|
|m_axi_gmem_AWPROT    |  out|    3|       m_axi|                             gmem|       pointer|
|m_axi_gmem_AWQOS     |  out|    4|       m_axi|                             gmem|       pointer|
|m_axi_gmem_AWREGION  |  out|    4|       m_axi|                             gmem|       pointer|
|m_axi_gmem_AWUSER    |  out|    1|       m_axi|                             gmem|       pointer|
|m_axi_gmem_WVALID    |  out|    1|       m_axi|                             gmem|       pointer|
|m_axi_gmem_WREADY    |   in|    1|       m_axi|                             gmem|       pointer|
|m_axi_gmem_WDATA     |  out|   32|       m_axi|                             gmem|       pointer|
|m_axi_gmem_WSTRB     |  out|    4|       m_axi|                             gmem|       pointer|
|m_axi_gmem_WLAST     |  out|    1|       m_axi|                             gmem|       pointer|
|m_axi_gmem_WID       |  out|    1|       m_axi|                             gmem|       pointer|
|m_axi_gmem_WUSER     |  out|    1|       m_axi|                             gmem|       pointer|
|m_axi_gmem_ARVALID   |  out|    1|       m_axi|                             gmem|       pointer|
|m_axi_gmem_ARREADY   |   in|    1|       m_axi|                             gmem|       pointer|
|m_axi_gmem_ARADDR    |  out|   64|       m_axi|                             gmem|       pointer|
|m_axi_gmem_ARID      |  out|    1|       m_axi|                             gmem|       pointer|
|m_axi_gmem_ARLEN     |  out|   32|       m_axi|                             gmem|       pointer|
|m_axi_gmem_ARSIZE    |  out|    3|       m_axi|                             gmem|       pointer|
|m_axi_gmem_ARBURST   |  out|    2|       m_axi|                             gmem|       pointer|
|m_axi_gmem_ARLOCK    |  out|    2|       m_axi|                             gmem|       pointer|
|m_axi_gmem_ARCACHE   |  out|    4|       m_axi|                             gmem|       pointer|
|m_axi_gmem_ARPROT    |  out|    3|       m_axi|                             gmem|       pointer|
|m_axi_gmem_ARQOS     |  out|    4|       m_axi|                             gmem|       pointer|
|m_axi_gmem_ARREGION  |  out|    4|       m_axi|                             gmem|       pointer|
|m_axi_gmem_ARUSER    |  out|    1|       m_axi|                             gmem|       pointer|
|m_axi_gmem_RVALID    |   in|    1|       m_axi|                             gmem|       pointer|
|m_axi_gmem_RREADY    |  out|    1|       m_axi|                             gmem|       pointer|
|m_axi_gmem_RDATA     |   in|   32|       m_axi|                             gmem|       pointer|
|m_axi_gmem_RLAST     |   in|    1|       m_axi|                             gmem|       pointer|
|m_axi_gmem_RID       |   in|    1|       m_axi|                             gmem|       pointer|
|m_axi_gmem_RFIFONUM  |   in|    9|       m_axi|                             gmem|       pointer|
|m_axi_gmem_RUSER     |   in|    1|       m_axi|                             gmem|       pointer|
|m_axi_gmem_RRESP     |   in|    2|       m_axi|                             gmem|       pointer|
|m_axi_gmem_BVALID    |   in|    1|       m_axi|                             gmem|       pointer|
|m_axi_gmem_BREADY    |  out|    1|       m_axi|                             gmem|       pointer|
|m_axi_gmem_BRESP     |   in|    2|       m_axi|                             gmem|       pointer|
|m_axi_gmem_BID       |   in|    1|       m_axi|                             gmem|       pointer|
|m_axi_gmem_BUSER     |   in|    1|       m_axi|                             gmem|       pointer|
|select_ln318_29      |   in|    1|     ap_none|                  select_ln318_29|        scalar|
|add_ln340_7          |   in|   14|     ap_none|                      add_ln340_7|        scalar|
|kernel_address0      |  out|   14|   ap_memory|                           kernel|         array|
|kernel_ce0           |  out|    1|   ap_memory|                           kernel|         array|
|kernel_q0            |   in|   32|   ap_memory|                           kernel|         array|
|add8124_out          |  out|   32|      ap_vld|                      add8124_out|       pointer|
|add8124_out_ap_vld   |  out|    1|      ap_vld|                      add8124_out|       pointer|
|add_out              |  out|   32|      ap_vld|                          add_out|       pointer|
|add_out_ap_vld       |  out|    1|      ap_vld|                          add_out|       pointer|
+---------------------+-----+-----+------------+---------------------------------+--------------+

