

================================================================
== Vitis HLS Report for 'kernel_attention_4_1_Pipeline_VITIS_LOOP_232_2_VITIS_LOOP_233_3_count_sum'
================================================================
* Date:           Fri Nov 10 02:19:58 2023

* Version:        2022.1 (Build 3526262 on Mon Apr 18 15:47:01 MDT 2022)
* Project:        proj_kernel_EMO
* Solution:       solution1 (Vivado IP Flow Target)
* Product family: virtexuplus
* Target device:  xcu250-figd2104-2L-e


================================================================
== Performance Estimates
================================================================
+ Timing: 
    * Summary: 
    +--------+----------+-----------+------------+
    |  Clock |  Target  | Estimated | Uncertainty|
    +--------+----------+-----------+------------+
    |ap_clk  |  50.00 ns|  36.500 ns|    13.50 ns|
    +--------+----------+-----------+------------+

+ Latency: 
    * Summary: 
    +---------+---------+-----------+-----------+--------+--------+---------+
    |  Latency (cycles) |   Latency (absolute)  |     Interval    | Pipeline|
    |   min   |   max   |    min    |    max    |   min  |   max  |   Type  |
    +---------+---------+-----------+-----------+--------+--------+---------+
    |   960569|   960569|  48.028 ms|  48.028 ms|  960569|  960569|       no|
    +---------+---------+-----------+-----------+--------+--------+---------+

    + Detail: 
        * Instance: 
        +---------------------------------+----------------------+---------+---------+----------+----------+-----+-----+---------+
        |                                 |                      |  Latency (cycles) |  Latency (absolute) |  Interval | Pipeline|
        |             Instance            |        Module        |   min   |   max   |    min   |    max   | min | max |   Type  |
        +---------------------------------+----------------------+---------+---------+----------+----------+-----+-----+---------+
        |grp_pow_generic_double_s_fu_848  |pow_generic_double_s  |        4|        4|  0.200 us|  0.200 us|    1|    1|      yes|
        +---------------------------------+----------------------+---------+---------+----------+----------+-----+-----+---------+

        * Loop: 
        +-----------------------------------------------+---------+---------+----------+-----------+-----------+-------+----------+
        |                                               |  Latency (cycles) | Iteration|  Initiation Interval  |  Trip |          |
        |                   Loop Name                   |   min   |   max   |  Latency |  achieved |   target  | Count | Pipelined|
        +-----------------------------------------------+---------+---------+----------+-----------+-----------+-------+----------+
        |- VITIS_LOOP_232_2_VITIS_LOOP_233_3_count_sum  |   960567|   960567|       169|         50|          1|  19208|       yes|
        +-----------------------------------------------+---------+---------+----------+-----------+-----------+-------+----------+



================================================================
== Utilization Estimates
================================================================
* Summary: 
+---------------------+---------+-------+---------+---------+------+
|         Name        | BRAM_18K|  DSP  |    FF   |   LUT   | URAM |
+---------------------+---------+-------+---------+---------+------+
|DSP                  |        -|      2|        -|        -|     -|
|Expression           |        -|      -|        0|     4133|     -|
|FIFO                 |        -|      -|        -|        -|     -|
|Instance             |        -|      5|        0|      942|     -|
|Memory               |        -|      -|        -|        -|     -|
|Multiplexer          |        -|      -|        -|     1041|     -|
|Register             |        -|      -|     7618|       32|     -|
+---------------------+---------+-------+---------+---------+------+
|Total                |        0|      7|     7618|     6148|     0|
+---------------------+---------+-------+---------+---------+------+
|Available SLR        |     1344|   3072|   864000|   432000|   320|
+---------------------+---------+-------+---------+---------+------+
|Utilization SLR (%)  |        0|     ~0|       ~0|        1|     0|
+---------------------+---------+-------+---------+---------+------+
|Available            |     5376|  12288|  3456000|  1728000|  1280|
+---------------------+---------+-------+---------+---------+------+
|Utilization (%)      |        0|     ~0|       ~0|       ~0|     0|
+---------------------+---------+-------+---------+---------+------+

+ Detail: 
    * Instance: 
    +--------------------------------------+--------------------------------+---------+----+---+-----+-----+
    |               Instance               |             Module             | BRAM_18K| DSP| FF| LUT | URAM|
    +--------------------------------------+--------------------------------+---------+----+---+-----+-----+
    |dadd_64ns_64ns_64_1_full_dsp_1_U4711  |dadd_64ns_64ns_64_1_full_dsp_1  |        0|   3|  0|  708|    0|
    |fpext_32ns_64_1_no_dsp_1_U4709        |fpext_32ns_64_1_no_dsp_1        |        0|   0|  0|    0|    0|
    |fpext_32ns_64_1_no_dsp_1_U4710        |fpext_32ns_64_1_no_dsp_1        |        0|   0|  0|    0|    0|
    |fptrunc_64ns_32_1_no_dsp_1_U4708      |fptrunc_64ns_32_1_no_dsp_1      |        0|   0|  0|    0|    0|
    |fsub_32ns_32ns_32_1_full_dsp_1_U4706  |fsub_32ns_32ns_32_1_full_dsp_1  |        0|   2|  0|  226|    0|
    |mul_4ns_13ns_15_1_1_U4712             |mul_4ns_13ns_15_1_1             |        0|   0|  0|    4|    0|
    |mul_4ns_13ns_15_1_1_U4713             |mul_4ns_13ns_15_1_1             |        0|   0|  0|    4|    0|
    +--------------------------------------+--------------------------------+---------+----+---+-----+-----+
    |Total                                 |                                |        0|   5|  0|  942|    0|
    +--------------------------------------+--------------------------------+---------+----+---+-----+-----+

    * DSP: 
    +--------------------------------------+--------------------------------+--------------+
    |               Instance               |             Module             |  Expression  |
    +--------------------------------------+--------------------------------+--------------+
    |mac_muladd_6ns_6ns_15ns_15_4_1_U4714  |mac_muladd_6ns_6ns_15ns_15_4_1  |  i0 * i1 + i2|
    |mac_muladd_6ns_6ns_15ns_15_4_1_U4715  |mac_muladd_6ns_6ns_15ns_15_4_1  |  i0 * i1 + i2|
    +--------------------------------------+--------------------------------+--------------+

    * Memory: 
    N/A

    * FIFO: 
    N/A

    * Expression: 
    +------------------------------------+----------+----+---+----+------------+------------+
    |            Variable Name           | Operation| DSP| FF| LUT| Bitwidth P0| Bitwidth P1|
    +------------------------------------+----------+----+---+----+------------+------------+
    |add_ln232_2_fu_1036_p2              |         +|   0|  0|  12|           4|           1|
    |add_ln232_fu_1011_p2                |         +|   0|  0|  22|          15|           1|
    |add_ln233_50_fu_1300_p2             |         +|   0|  0|  70|          63|           1|
    |add_ln233_51_fu_1316_p2             |         +|   0|  0|  70|          63|           2|
    |add_ln233_52_fu_1331_p2             |         +|   0|  0|  70|          63|           2|
    |add_ln233_53_fu_1346_p2             |         +|   0|  0|  70|          63|           3|
    |add_ln233_54_fu_1361_p2             |         +|   0|  0|  70|          63|           3|
    |add_ln233_55_fu_1376_p2             |         +|   0|  0|  70|          63|           3|
    |add_ln233_56_fu_1391_p2             |         +|   0|  0|  70|          63|           3|
    |add_ln233_57_fu_1406_p2             |         +|   0|  0|  70|          63|           4|
    |add_ln233_58_fu_1421_p2             |         +|   0|  0|  70|          63|           4|
    |add_ln233_59_fu_1436_p2             |         +|   0|  0|  70|          63|           4|
    |add_ln233_60_fu_1451_p2             |         +|   0|  0|  70|          63|           4|
    |add_ln233_61_fu_1466_p2             |         +|   0|  0|  70|          63|           4|
    |add_ln233_62_fu_1481_p2             |         +|   0|  0|  70|          63|           4|
    |add_ln233_63_fu_1496_p2             |         +|   0|  0|  70|          63|           4|
    |add_ln233_64_fu_1511_p2             |         +|   0|  0|  70|          63|           4|
    |add_ln233_65_fu_1526_p2             |         +|   0|  0|  70|          63|           5|
    |add_ln233_66_fu_1541_p2             |         +|   0|  0|  70|          63|           5|
    |add_ln233_67_fu_1556_p2             |         +|   0|  0|  70|          63|           5|
    |add_ln233_68_fu_1571_p2             |         +|   0|  0|  70|          63|           5|
    |add_ln233_69_fu_1586_p2             |         +|   0|  0|  70|          63|           5|
    |add_ln233_70_fu_1601_p2             |         +|   0|  0|  70|          63|           5|
    |add_ln233_71_fu_1616_p2             |         +|   0|  0|  70|          63|           5|
    |add_ln233_72_fu_1631_p2             |         +|   0|  0|  70|          63|           5|
    |add_ln233_73_fu_1646_p2             |         +|   0|  0|  70|          63|           5|
    |add_ln233_74_fu_1661_p2             |         +|   0|  0|  70|          63|           5|
    |add_ln233_75_fu_1676_p2             |         +|   0|  0|  70|          63|           5|
    |add_ln233_76_fu_1691_p2             |         +|   0|  0|  70|          63|           5|
    |add_ln233_77_fu_1706_p2             |         +|   0|  0|  70|          63|           5|
    |add_ln233_78_fu_1721_p2             |         +|   0|  0|  70|          63|           5|
    |add_ln233_79_fu_1736_p2             |         +|   0|  0|  70|          63|           5|
    |add_ln233_80_fu_1751_p2             |         +|   0|  0|  70|          63|           5|
    |add_ln233_81_fu_1766_p2             |         +|   0|  0|  70|          63|           6|
    |add_ln233_82_fu_1781_p2             |         +|   0|  0|  70|          63|           6|
    |add_ln233_83_fu_1796_p2             |         +|   0|  0|  70|          63|           6|
    |add_ln233_84_fu_1811_p2             |         +|   0|  0|  70|          63|           6|
    |add_ln233_85_fu_1826_p2             |         +|   0|  0|  70|          63|           6|
    |add_ln233_86_fu_1841_p2             |         +|   0|  0|  70|          63|           6|
    |add_ln233_87_fu_1856_p2             |         +|   0|  0|  70|          63|           6|
    |add_ln233_88_fu_1871_p2             |         +|   0|  0|  70|          63|           6|
    |add_ln233_89_fu_1886_p2             |         +|   0|  0|  70|          63|           6|
    |add_ln233_90_fu_1901_p2             |         +|   0|  0|  70|          63|           6|
    |add_ln233_91_fu_1916_p2             |         +|   0|  0|  70|          63|           6|
    |add_ln233_92_fu_1931_p2             |         +|   0|  0|  70|          63|           6|
    |add_ln233_93_fu_1946_p2             |         +|   0|  0|  70|          63|           6|
    |add_ln233_94_fu_1961_p2             |         +|   0|  0|  70|          63|           6|
    |add_ln233_95_fu_1976_p2             |         +|   0|  0|  70|          63|           6|
    |add_ln233_96_fu_1991_p2             |         +|   0|  0|  70|          63|           6|
    |add_ln233_97_fu_2006_p2             |         +|   0|  0|  70|          63|           6|
    |add_ln233_98_fu_1094_p2             |         +|   0|  0|  19|          12|           1|
    |add_ln233_fu_1076_p2                |         +|   0|  0|  13|           6|           1|
    |add_ln235_fu_1276_p2                |         +|   0|  0|  13|           6|           1|
    |add_ln236_2_fu_1260_p2              |         +|   0|  0|  63|          63|          63|
    |add_ln236_fu_1255_p2                |         +|   0|  0|  63|          63|          63|
    |empty_379_fu_1144_p2                |         +|   0|  0|  71|          64|          64|
    |p_mid1159_fu_1229_p2                |         +|   0|  0|  71|          64|          64|
    |p_mid1282_fu_1175_p2                |         +|   0|  0|  71|          64|          64|
    |and_ln233_fu_1063_p2                |       and|   0|  0|   2|           1|           1|
    |ap_block_pp0_stage0_11001           |       and|   0|  0|   2|           1|           1|
    |ap_block_pp0_stage12_11001          |       and|   0|  0|   2|           1|           1|
    |ap_block_pp0_stage13_11001          |       and|   0|  0|   2|           1|           1|
    |ap_block_pp0_stage14_11001          |       and|   0|  0|   2|           1|           1|
    |ap_block_pp0_stage15_11001          |       and|   0|  0|   2|           1|           1|
    |ap_block_pp0_stage16_11001          |       and|   0|  0|   2|           1|           1|
    |ap_block_pp0_stage17_11001          |       and|   0|  0|   2|           1|           1|
    |ap_block_pp0_stage18_01001          |       and|   0|  0|   2|           1|           1|
    |ap_block_pp0_stage19_11001          |       and|   0|  0|   2|           1|           1|
    |ap_block_pp0_stage1_11001           |       and|   0|  0|   2|           1|           1|
    |ap_block_pp0_stage20_11001          |       and|   0|  0|   2|           1|           1|
    |ap_block_pp0_stage21_11001          |       and|   0|  0|   2|           1|           1|
    |ap_block_pp0_stage22_11001          |       and|   0|  0|   2|           1|           1|
    |ap_block_pp0_stage23_11001          |       and|   0|  0|   2|           1|           1|
    |ap_block_pp0_stage24_11001          |       and|   0|  0|   2|           1|           1|
    |ap_block_pp0_stage25_11001          |       and|   0|  0|   2|           1|           1|
    |ap_block_pp0_stage26_11001          |       and|   0|  0|   2|           1|           1|
    |ap_block_pp0_stage27_11001          |       and|   0|  0|   2|           1|           1|
    |ap_block_pp0_stage28_11001          |       and|   0|  0|   2|           1|           1|
    |ap_block_pp0_stage29_11001          |       and|   0|  0|   2|           1|           1|
    |ap_block_pp0_stage2_11001           |       and|   0|  0|   2|           1|           1|
    |ap_block_pp0_stage30_11001          |       and|   0|  0|   2|           1|           1|
    |ap_block_pp0_stage31_11001          |       and|   0|  0|   2|           1|           1|
    |ap_block_pp0_stage32_11001          |       and|   0|  0|   2|           1|           1|
    |ap_block_pp0_stage33_11001          |       and|   0|  0|   2|           1|           1|
    |ap_block_pp0_stage34_11001          |       and|   0|  0|   2|           1|           1|
    |ap_block_pp0_stage35_11001          |       and|   0|  0|   2|           1|           1|
    |ap_block_pp0_stage36_11001          |       and|   0|  0|   2|           1|           1|
    |ap_block_pp0_stage37_11001          |       and|   0|  0|   2|           1|           1|
    |ap_block_pp0_stage38_11001          |       and|   0|  0|   2|           1|           1|
    |ap_block_pp0_stage39_11001          |       and|   0|  0|   2|           1|           1|
    |ap_block_pp0_stage3_11001           |       and|   0|  0|   2|           1|           1|
    |ap_block_pp0_stage40_11001          |       and|   0|  0|   2|           1|           1|
    |ap_block_pp0_stage41_11001          |       and|   0|  0|   2|           1|           1|
    |ap_block_pp0_stage42_11001          |       and|   0|  0|   2|           1|           1|
    |ap_block_pp0_stage43_11001          |       and|   0|  0|   2|           1|           1|
    |ap_block_pp0_stage44_11001          |       and|   0|  0|   2|           1|           1|
    |ap_block_pp0_stage45_11001          |       and|   0|  0|   2|           1|           1|
    |ap_block_pp0_stage46_11001          |       and|   0|  0|   2|           1|           1|
    |ap_block_pp0_stage47_11001          |       and|   0|  0|   2|           1|           1|
    |ap_block_pp0_stage48_11001          |       and|   0|  0|   2|           1|           1|
    |ap_block_pp0_stage49_11001          |       and|   0|  0|   2|           1|           1|
    |ap_block_pp0_stage4_11001           |       and|   0|  0|   2|           1|           1|
    |ap_block_state10_io                 |       and|   0|  0|   2|           1|           1|
    |ap_block_state13_pp0_stage12_iter0  |       and|   0|  0|   2|           1|           1|
    |ap_block_state169_io                |       and|   0|  0|   2|           1|           1|
    |ap_block_state53_io                 |       and|   0|  0|   2|           1|           1|
    |ap_block_state53_pp0_stage2_iter1   |       and|   0|  0|   2|           1|           1|
    |icmp_ln232_fu_1005_p2               |      icmp|   0|  0|  12|          15|          15|
    |icmp_ln233_fu_1023_p2               |      icmp|   0|  0|  12|          12|          12|
    |icmp_ln235_fu_1057_p2               |      icmp|   0|  0|  10|           6|           5|
    |ap_block_pp0_stage10_11001          |        or|   0|  0|   2|           1|           1|
    |ap_block_pp0_stage11_11001          |        or|   0|  0|   2|           1|           1|
    |ap_block_pp0_stage18_11001          |        or|   0|  0|   2|           1|           1|
    |ap_block_pp0_stage5_11001           |        or|   0|  0|   2|           1|           1|
    |ap_block_pp0_stage6_11001           |        or|   0|  0|   2|           1|           1|
    |ap_block_pp0_stage7_11001           |        or|   0|  0|   2|           1|           1|
    |ap_block_pp0_stage8_11001           |        or|   0|  0|   2|           1|           1|
    |ap_block_pp0_stage9_11001           |        or|   0|  0|   2|           1|           1|
    |or_ln233_fu_1197_p2                 |        or|   0|  0|   2|           1|           1|
    |grp_fu_2237_p2                      |    select|   0|  0|  15|           1|          15|
    |select_ln232_fu_1069_p3             |    select|   0|  0|   4|           1|           4|
    |select_ln233_10_fu_1159_p3          |    select|   0|  0|  15|           1|          15|
    |select_ln233_11_fu_1190_p3          |    select|   0|  0|  61|           1|          62|
    |select_ln233_12_fu_1201_p3          |    select|   0|  0|   6|           1|           1|
    |select_ln233_13_fu_1208_p3          |    select|   0|  0|  15|           1|          15|
    |select_ln233_14_fu_1244_p3          |    select|   0|  0|  61|           1|          62|
    |select_ln233_15_fu_1086_p3          |    select|   0|  0|   6|           1|           6|
    |select_ln233_16_fu_1100_p3          |    select|   0|  0|  12|           1|           1|
    |select_ln233_fu_1029_p3             |    select|   0|  0|   6|           1|           1|
    |ap_enable_pp0                       |       xor|   0|  0|   2|           1|           2|
    |xor_ln233_fu_1051_p2                |       xor|   0|  0|   2|           1|           2|
    +------------------------------------+----------+----+---+----+------------+------------+
    |Total                               |          |   0|  0|4133|        3488|         830|
    +------------------------------------+----------+----+---+----+------------+------------+

    * Multiplexer: 
    +-------------------------------------+-----+-----------+-----+-----------+
    |                 Name                | LUT | Input Size| Bits| Total Bits|
    +-------------------------------------+-----+-----------+-----+-----------+
    |ap_NS_fsm                            |  221|         51|    1|         51|
    |ap_done_int                          |    9|          2|    1|          2|
    |ap_enable_reg_pp0_iter0              |    9|          2|    1|          2|
    |ap_enable_reg_pp0_iter3              |    9|          2|    1|          2|
    |ap_loop_exit_ready_pp0_iter1_reg     |    9|          2|    1|          2|
    |ap_loop_exit_ready_pp0_iter2_reg     |    9|          2|    1|          2|
    |ap_loop_exit_ready_pp0_iter3_reg     |    9|          2|    1|          2|
    |ap_sig_allocacmp_h_2                 |    9|          2|    4|          8|
    |ap_sig_allocacmp_i_21                |    9|          2|    6|         12|
    |gmem_blk_n_AR                        |    9|          2|    1|          2|
    |gmem_blk_n_R                         |    9|          2|    1|          2|
    |gmem_blk_n_W                         |    9|          2|    1|          2|
    |grp_fu_859_p0                        |  217|         50|   32|       1600|
    |grp_fu_859_p1                        |   14|          3|   32|         96|
    |grp_fu_872_p0                        |   14|          3|   32|         96|
    |grp_fu_877_p0                        |   14|          3|   32|         96|
    |grp_fu_882_p0                        |   20|          4|   64|        256|
    |grp_fu_882_p1                        |  162|         36|   64|       2304|
    |grp_pow_generic_double_s_fu_848_exp  |   14|          3|   64|        192|
    |h_fu_214                             |    9|          2|    4|          8|
    |i_fu_206                             |    9|          2|    6|         12|
    |indvar_flatten682_fu_218             |    9|          2|   15|         30|
    |indvar_flatten_fu_210                |    9|          2|   12|         24|
    |j_fu_202                             |    9|          2|    6|         12|
    |m_axi_gmem_ARADDR                    |  221|         51|   64|       3264|
    +-------------------------------------+-----+-----------+-----+-----------+
    |Total                                | 1041|        236|  447|       8079|
    +-------------------------------------+-----+-----------+-----+-----------+

    * Register: 
    +----------------------------------------------+----+----+-----+-----------+
    |                     Name                     | FF | LUT| Bits| Const Bits|
    +----------------------------------------------+----+----+-----+-----------+
    |and_ln233_reg_2345                            |   1|   0|    1|          0|
    |ap_CS_fsm                                     |  50|   0|   50|          0|
    |ap_done_reg                                   |   1|   0|    1|          0|
    |ap_enable_reg_pp0_iter0_reg                   |   1|   0|    1|          0|
    |ap_enable_reg_pp0_iter1                       |   1|   0|    1|          0|
    |ap_enable_reg_pp0_iter2                       |   1|   0|    1|          0|
    |ap_enable_reg_pp0_iter3                       |   1|   0|    1|          0|
    |ap_loop_exit_ready_pp0_iter1_reg              |   1|   0|    1|          0|
    |ap_loop_exit_ready_pp0_iter2_reg              |   1|   0|    1|          0|
    |ap_loop_exit_ready_pp0_iter3_reg              |   1|   0|    1|          0|
    |div_i_reg_3120                                |  32|   0|   32|          0|
    |empty_378_reg_2357                            |  15|   0|   15|          0|
    |gmem_addr_100_read_reg_2842                   |  32|   0|   32|          0|
    |gmem_addr_100_reg_2759                        |  64|   0|   64|          0|
    |gmem_addr_101_read_reg_2853                   |  32|   0|   32|          0|
    |gmem_addr_101_reg_2770                        |  64|   0|   64|          0|
    |gmem_addr_102_read_reg_2864                   |  32|   0|   32|          0|
    |gmem_addr_102_reg_2781                        |  64|   0|   64|          0|
    |gmem_addr_103_read_reg_2875                   |  32|   0|   32|          0|
    |gmem_addr_103_reg_2792                        |  64|   0|   64|          0|
    |gmem_addr_104_read_reg_2886                   |  32|   0|   32|          0|
    |gmem_addr_104_reg_2803                        |  64|   0|   64|          0|
    |gmem_addr_105_read_reg_2897                   |  32|   0|   32|          0|
    |gmem_addr_105_reg_2814                        |  64|   0|   64|          0|
    |gmem_addr_106_read_reg_2908                   |  32|   0|   32|          0|
    |gmem_addr_106_reg_2825                        |  64|   0|   64|          0|
    |gmem_addr_107_read_reg_2925                   |  32|   0|   32|          0|
    |gmem_addr_107_reg_2836                        |  64|   0|   64|          0|
    |gmem_addr_108_read_reg_2930                   |  32|   0|   32|          0|
    |gmem_addr_108_reg_2847                        |  64|   0|   64|          0|
    |gmem_addr_109_read_reg_2935                   |  32|   0|   32|          0|
    |gmem_addr_109_reg_2858                        |  64|   0|   64|          0|
    |gmem_addr_110_read_reg_2940                   |  32|   0|   32|          0|
    |gmem_addr_110_reg_2869                        |  64|   0|   64|          0|
    |gmem_addr_111_read_reg_2945                   |  32|   0|   32|          0|
    |gmem_addr_111_reg_2880                        |  64|   0|   64|          0|
    |gmem_addr_112_read_reg_2950                   |  32|   0|   32|          0|
    |gmem_addr_112_reg_2891                        |  64|   0|   64|          0|
    |gmem_addr_113_read_reg_2955                   |  32|   0|   32|          0|
    |gmem_addr_113_reg_2902                        |  64|   0|   64|          0|
    |gmem_addr_114_read_reg_2960                   |  32|   0|   32|          0|
    |gmem_addr_114_reg_2913                        |  64|   0|   64|          0|
    |gmem_addr_115_read_reg_2965                   |  32|   0|   32|          0|
    |gmem_addr_115_reg_2919                        |  64|   0|   64|          0|
    |gmem_addr_39_read_reg_2970                    |  32|   0|   32|          0|
    |gmem_addr_39_reg_2374                         |  64|   0|   64|          0|
    |gmem_addr_67_read_reg_2479                    |  32|   0|   32|          0|
    |gmem_addr_68_read_reg_2490                    |  32|   0|   32|          0|
    |gmem_addr_68_reg_2437                         |  64|   0|   64|          0|
    |gmem_addr_69_read_reg_2501                    |  32|   0|   32|          0|
    |gmem_addr_69_reg_2443                         |  64|   0|   64|          0|
    |gmem_addr_70_read_reg_2512                    |  32|   0|   32|          0|
    |gmem_addr_70_reg_2449                         |  64|   0|   64|          0|
    |gmem_addr_71_read_reg_2523                    |  32|   0|   32|          0|
    |gmem_addr_71_reg_2455                         |  64|   0|   64|          0|
    |gmem_addr_72_read_reg_2534                    |  32|   0|   32|          0|
    |gmem_addr_72_reg_2461                         |  64|   0|   64|          0|
    |gmem_addr_73_read_reg_2545                    |  32|   0|   32|          0|
    |gmem_addr_73_reg_2467                         |  64|   0|   64|          0|
    |gmem_addr_74_read_reg_2556                    |  32|   0|   32|          0|
    |gmem_addr_74_reg_2473                         |  64|   0|   64|          0|
    |gmem_addr_75_read_reg_2567                    |  32|   0|   32|          0|
    |gmem_addr_75_reg_2484                         |  64|   0|   64|          0|
    |gmem_addr_76_read_reg_2578                    |  32|   0|   32|          0|
    |gmem_addr_76_reg_2495                         |  64|   0|   64|          0|
    |gmem_addr_77_read_reg_2589                    |  32|   0|   32|          0|
    |gmem_addr_77_reg_2506                         |  64|   0|   64|          0|
    |gmem_addr_78_read_reg_2600                    |  32|   0|   32|          0|
    |gmem_addr_78_reg_2517                         |  64|   0|   64|          0|
    |gmem_addr_79_read_reg_2611                    |  32|   0|   32|          0|
    |gmem_addr_79_reg_2528                         |  64|   0|   64|          0|
    |gmem_addr_80_read_reg_2622                    |  32|   0|   32|          0|
    |gmem_addr_80_reg_2539                         |  64|   0|   64|          0|
    |gmem_addr_81_read_reg_2633                    |  32|   0|   32|          0|
    |gmem_addr_81_reg_2550                         |  64|   0|   64|          0|
    |gmem_addr_82_read_reg_2644                    |  32|   0|   32|          0|
    |gmem_addr_82_reg_2561                         |  64|   0|   64|          0|
    |gmem_addr_83_read_reg_2655                    |  32|   0|   32|          0|
    |gmem_addr_83_reg_2572                         |  64|   0|   64|          0|
    |gmem_addr_84_read_reg_2666                    |  32|   0|   32|          0|
    |gmem_addr_84_reg_2583                         |  64|   0|   64|          0|
    |gmem_addr_85_read_reg_2677                    |  32|   0|   32|          0|
    |gmem_addr_85_reg_2594                         |  64|   0|   64|          0|
    |gmem_addr_86_read_reg_2688                    |  32|   0|   32|          0|
    |gmem_addr_86_reg_2605                         |  64|   0|   64|          0|
    |gmem_addr_87_read_reg_2699                    |  32|   0|   32|          0|
    |gmem_addr_87_reg_2616                         |  64|   0|   64|          0|
    |gmem_addr_88_read_reg_2710                    |  32|   0|   32|          0|
    |gmem_addr_88_reg_2627                         |  64|   0|   64|          0|
    |gmem_addr_89_read_reg_2721                    |  32|   0|   32|          0|
    |gmem_addr_89_reg_2638                         |  64|   0|   64|          0|
    |gmem_addr_90_read_reg_2732                    |  32|   0|   32|          0|
    |gmem_addr_90_reg_2649                         |  64|   0|   64|          0|
    |gmem_addr_91_read_reg_2743                    |  32|   0|   32|          0|
    |gmem_addr_91_reg_2660                         |  64|   0|   64|          0|
    |gmem_addr_92_read_reg_2754                    |  32|   0|   32|          0|
    |gmem_addr_92_reg_2671                         |  64|   0|   64|          0|
    |gmem_addr_93_read_reg_2765                    |  32|   0|   32|          0|
    |gmem_addr_93_reg_2682                         |  64|   0|   64|          0|
    |gmem_addr_94_read_reg_2776                    |  32|   0|   32|          0|
    |gmem_addr_94_reg_2693                         |  64|   0|   64|          0|
    |gmem_addr_95_read_reg_2787                    |  32|   0|   32|          0|
    |gmem_addr_95_reg_2704                         |  64|   0|   64|          0|
    |gmem_addr_96_read_reg_2798                    |  32|   0|   32|          0|
    |gmem_addr_96_reg_2715                         |  64|   0|   64|          0|
    |gmem_addr_97_read_reg_2809                    |  32|   0|   32|          0|
    |gmem_addr_97_reg_2726                         |  64|   0|   64|          0|
    |gmem_addr_98_read_reg_2820                    |  32|   0|   32|          0|
    |gmem_addr_98_reg_2737                         |  64|   0|   64|          0|
    |gmem_addr_99_read_reg_2831                    |  32|   0|   32|          0|
    |gmem_addr_99_reg_2748                         |  64|   0|   64|          0|
    |grp_pow_generic_double_s_fu_848_ap_start_reg  |   1|   0|    1|          0|
    |h_2_reg_2304                                  |   4|   0|    4|          0|
    |h_fu_214                                      |   4|   0|    4|          0|
    |i_21_reg_2299                                 |   6|   0|    6|          0|
    |i_fu_206                                      |   6|   0|    6|          0|
    |icmp_ln232_reg_2321                           |   1|   0|    1|          0|
    |icmp_ln233_reg_2330                           |   1|   0|    1|          0|
    |indvar_flatten682_fu_218                      |  15|   0|   15|          0|
    |indvar_flatten_fu_210                         |  12|   0|   12|          0|
    |j_fu_202                                      |   6|   0|    6|          0|
    |j_load_reg_2325                               |   6|   0|    6|          0|
    |mul_ln233_2_reg_2338                          |  15|   0|   15|          0|
    |mul_ln233_reg_2310                            |  15|   0|   15|          0|
    |reg_887                                       |  32|   0|   32|          0|
    |reg_893                                       |  64|   0|   64|          0|
    |reg_899                                       |  64|   0|   64|          0|
    |reg_904                                       |  64|   0|   64|          0|
    |reg_909                                       |  64|   0|   64|          0|
    |reg_914                                       |  64|   0|   64|          0|
    |reg_919                                       |  64|   0|   64|          0|
    |reg_924                                       |  64|   0|   64|          0|
    |reg_929                                       |  64|   0|   64|          0|
    |reg_934                                       |  64|   0|   64|          0|
    |reg_939                                       |  64|   0|   64|          0|
    |reg_944                                       |  64|   0|   64|          0|
    |select_ln233_14_reg_2368                      |  62|   0|   62|          0|
    |sext_ln232_cast_reg_2289                      |  63|   0|   63|          0|
    |sext_ln233_97_reg_2386                        |  63|   0|   63|          0|
    |tmp_16_reg_2980                               |  64|   0|   64|          0|
    |tmp_18_reg_2985                               |  64|   0|   64|          0|
    |tmp_20_reg_2990                               |  64|   0|   64|          0|
    |tmp_22_reg_2995                               |  64|   0|   64|          0|
    |tmp_24_reg_3000                               |  64|   0|   64|          0|
    |tmp_26_reg_3005                               |  64|   0|   64|          0|
    |tmp_28_reg_3010                               |  64|   0|   64|          0|
    |tmp_30_reg_3015                               |  64|   0|   64|          0|
    |tmp_31_reg_3020                               |  64|   0|   64|          0|
    |tmp_32_reg_3025                               |  64|   0|   64|          0|
    |tmp_33_reg_3030                               |  64|   0|   64|          0|
    |tmp_34_reg_3035                               |  64|   0|   64|          0|
    |tmp_35_reg_3040                               |  64|   0|   64|          0|
    |tmp_36_reg_3045                               |  64|   0|   64|          0|
    |tmp_37_reg_3050                               |  64|   0|   64|          0|
    |tmp_38_reg_3055                               |  64|   0|   64|          0|
    |tmp_39_reg_3060                               |  64|   0|   64|          0|
    |tmp_40_reg_3065                               |  64|   0|   64|          0|
    |tmp_41_reg_3070                               |  64|   0|   64|          0|
    |tmp_42_reg_3075                               |  64|   0|   64|          0|
    |tmp_43_reg_3080                               |  64|   0|   64|          0|
    |tmp_44_reg_3085                               |  64|   0|   64|          0|
    |tmp_45_reg_3090                               |  64|   0|   64|          0|
    |tmp_46_reg_3095                               |  64|   0|   64|          0|
    |tmp_47_reg_3100                               |  64|   0|   64|          0|
    |tmp_48_reg_3105                               |  64|   0|   64|          0|
    |tmp_in_reg_2975                               |  32|   0|   32|          0|
    |icmp_ln232_reg_2321                           |  64|  32|    1|          0|
    +----------------------------------------------+----+----+-----+-----------+
    |Total                                         |7618|  32| 7555|          0|
    +----------------------------------------------+----+----+-----+-----------+



================================================================
== Interface
================================================================
* Summary: 
+-----------------------------------------+-----+-----+------------+---------------------------------------------------------------------------+--------------+
|                RTL Ports                | Dir | Bits|  Protocol  |                               Source Object                               |    C Type    |
+-----------------------------------------+-----+-----+------------+---------------------------------------------------------------------------+--------------+
|ap_clk                                   |   in|    1|  ap_ctrl_hs|  kernel_attention_4.1_Pipeline_VITIS_LOOP_232_2_VITIS_LOOP_233_3_count_sum|  return value|
|ap_rst                                   |   in|    1|  ap_ctrl_hs|  kernel_attention_4.1_Pipeline_VITIS_LOOP_232_2_VITIS_LOOP_233_3_count_sum|  return value|
|ap_start                                 |   in|    1|  ap_ctrl_hs|  kernel_attention_4.1_Pipeline_VITIS_LOOP_232_2_VITIS_LOOP_233_3_count_sum|  return value|
|ap_done                                  |  out|    1|  ap_ctrl_hs|  kernel_attention_4.1_Pipeline_VITIS_LOOP_232_2_VITIS_LOOP_233_3_count_sum|  return value|
|ap_idle                                  |  out|    1|  ap_ctrl_hs|  kernel_attention_4.1_Pipeline_VITIS_LOOP_232_2_VITIS_LOOP_233_3_count_sum|  return value|
|ap_ready                                 |  out|    1|  ap_ctrl_hs|  kernel_attention_4.1_Pipeline_VITIS_LOOP_232_2_VITIS_LOOP_233_3_count_sum|  return value|
|grp_fu_795_p_din0                        |  out|   32|  ap_ctrl_hs|  kernel_attention_4.1_Pipeline_VITIS_LOOP_232_2_VITIS_LOOP_233_3_count_sum|  return value|
|grp_fu_795_p_din1                        |  out|   32|  ap_ctrl_hs|  kernel_attention_4.1_Pipeline_VITIS_LOOP_232_2_VITIS_LOOP_233_3_count_sum|  return value|
|grp_fu_795_p_dout0                       |   in|   32|  ap_ctrl_hs|  kernel_attention_4.1_Pipeline_VITIS_LOOP_232_2_VITIS_LOOP_233_3_count_sum|  return value|
|grp_fu_795_p_ce                          |  out|    1|  ap_ctrl_hs|  kernel_attention_4.1_Pipeline_VITIS_LOOP_232_2_VITIS_LOOP_233_3_count_sum|  return value|
|grp_pow_generic_double_s_fu_807_p_din1   |  out|   64|  ap_ctrl_hs|  kernel_attention_4.1_Pipeline_VITIS_LOOP_232_2_VITIS_LOOP_233_3_count_sum|  return value|
|grp_pow_generic_double_s_fu_807_p_dout0  |   in|   64|  ap_ctrl_hs|  kernel_attention_4.1_Pipeline_VITIS_LOOP_232_2_VITIS_LOOP_233_3_count_sum|  return value|
|grp_pow_generic_double_s_fu_807_p_ce     |  out|    1|  ap_ctrl_hs|  kernel_attention_4.1_Pipeline_VITIS_LOOP_232_2_VITIS_LOOP_233_3_count_sum|  return value|
|grp_pow_generic_double_s_fu_807_p_start  |  out|    1|  ap_ctrl_hs|  kernel_attention_4.1_Pipeline_VITIS_LOOP_232_2_VITIS_LOOP_233_3_count_sum|  return value|
|grp_pow_generic_double_s_fu_807_p_ready  |   in|    1|  ap_ctrl_hs|  kernel_attention_4.1_Pipeline_VITIS_LOOP_232_2_VITIS_LOOP_233_3_count_sum|  return value|
|grp_pow_generic_double_s_fu_807_p_done   |   in|    1|  ap_ctrl_hs|  kernel_attention_4.1_Pipeline_VITIS_LOOP_232_2_VITIS_LOOP_233_3_count_sum|  return value|
|grp_pow_generic_double_s_fu_807_p_idle   |   in|    1|  ap_ctrl_hs|  kernel_attention_4.1_Pipeline_VITIS_LOOP_232_2_VITIS_LOOP_233_3_count_sum|  return value|
|m_axi_gmem_AWVALID                       |  out|    1|       m_axi|                                                                       gmem|       pointer|
|m_axi_gmem_AWREADY                       |   in|    1|       m_axi|                                                                       gmem|       pointer|
|m_axi_gmem_AWADDR                        |  out|   64|       m_axi|                                                                       gmem|       pointer|
|m_axi_gmem_AWID                          |  out|    1|       m_axi|                                                                       gmem|       pointer|
|m_axi_gmem_AWLEN                         |  out|   32|       m_axi|                                                                       gmem|       pointer|
|m_axi_gmem_AWSIZE                        |  out|    3|       m_axi|                                                                       gmem|       pointer|
|m_axi_gmem_AWBURST                       |  out|    2|       m_axi|                                                                       gmem|       pointer|
|m_axi_gmem_AWLOCK                        |  out|    2|       m_axi|                                                                       gmem|       pointer|
|m_axi_gmem_AWCACHE                       |  out|    4|       m_axi|                                                                       gmem|       pointer|
|m_axi_gmem_AWPROT                        |  out|    3|       m_axi|                                                                       gmem|       pointer|
|m_axi_gmem_AWQOS                         |  out|    4|       m_axi|                                                                       gmem|       pointer|
|m_axi_gmem_AWREGION                      |  out|    4|       m_axi|                                                                       gmem|       pointer|
|m_axi_gmem_AWUSER                        |  out|    1|       m_axi|                                                                       gmem|       pointer|
|m_axi_gmem_WVALID                        |  out|    1|       m_axi|                                                                       gmem|       pointer|
|m_axi_gmem_WREADY                        |   in|    1|       m_axi|                                                                       gmem|       pointer|
|m_axi_gmem_WDATA                         |  out|   32|       m_axi|                                                                       gmem|       pointer|
|m_axi_gmem_WSTRB                         |  out|    4|       m_axi|                                                                       gmem|       pointer|
|m_axi_gmem_WLAST                         |  out|    1|       m_axi|                                                                       gmem|       pointer|
|m_axi_gmem_WID                           |  out|    1|       m_axi|                                                                       gmem|       pointer|
|m_axi_gmem_WUSER                         |  out|    1|       m_axi|                                                                       gmem|       pointer|
|m_axi_gmem_ARVALID                       |  out|    1|       m_axi|                                                                       gmem|       pointer|
|m_axi_gmem_ARREADY                       |   in|    1|       m_axi|                                                                       gmem|       pointer|
|m_axi_gmem_ARADDR                        |  out|   64|       m_axi|                                                                       gmem|       pointer|
|m_axi_gmem_ARID                          |  out|    1|       m_axi|                                                                       gmem|       pointer|
|m_axi_gmem_ARLEN                         |  out|   32|       m_axi|                                                                       gmem|       pointer|
|m_axi_gmem_ARSIZE                        |  out|    3|       m_axi|                                                                       gmem|       pointer|
|m_axi_gmem_ARBURST                       |  out|    2|       m_axi|                                                                       gmem|       pointer|
|m_axi_gmem_ARLOCK                        |  out|    2|       m_axi|                                                                       gmem|       pointer|
|m_axi_gmem_ARCACHE                       |  out|    4|       m_axi|                                                                       gmem|       pointer|
|m_axi_gmem_ARPROT                        |  out|    3|       m_axi|                                                                       gmem|       pointer|
|m_axi_gmem_ARQOS                         |  out|    4|       m_axi|                                                                       gmem|       pointer|
|m_axi_gmem_ARREGION                      |  out|    4|       m_axi|                                                                       gmem|       pointer|
|m_axi_gmem_ARUSER                        |  out|    1|       m_axi|                                                                       gmem|       pointer|
|m_axi_gmem_RVALID                        |   in|    1|       m_axi|                                                                       gmem|       pointer|
|m_axi_gmem_RREADY                        |  out|    1|       m_axi|                                                                       gmem|       pointer|
|m_axi_gmem_RDATA                         |   in|   32|       m_axi|                                                                       gmem|       pointer|
|m_axi_gmem_RLAST                         |   in|    1|       m_axi|                                                                       gmem|       pointer|
|m_axi_gmem_RID                           |   in|    1|       m_axi|                                                                       gmem|       pointer|
|m_axi_gmem_RFIFONUM                      |   in|    9|       m_axi|                                                                       gmem|       pointer|
|m_axi_gmem_RUSER                         |   in|    1|       m_axi|                                                                       gmem|       pointer|
|m_axi_gmem_RRESP                         |   in|    2|       m_axi|                                                                       gmem|       pointer|
|m_axi_gmem_BVALID                        |   in|    1|       m_axi|                                                                       gmem|       pointer|
|m_axi_gmem_BREADY                        |  out|    1|       m_axi|                                                                       gmem|       pointer|
|m_axi_gmem_BRESP                         |   in|    2|       m_axi|                                                                       gmem|       pointer|
|m_axi_gmem_BID                           |   in|    1|       m_axi|                                                                       gmem|       pointer|
|m_axi_gmem_BUSER                         |   in|    1|       m_axi|                                                                       gmem|       pointer|
|sext_ln232_2                             |   in|   62|     ap_none|                                                               sext_ln232_2|        scalar|
|afterQKMultiplication                    |   in|   64|     ap_none|                                                      afterQKMultiplication|        scalar|
|sext_ln232                               |   in|   62|     ap_none|                                                                 sext_ln232|        scalar|
+-----------------------------------------+-----+-----+------------+---------------------------------------------------------------------------+--------------+

