

================================================================
== Vitis HLS Report for 'kernel_attention_3_2_Pipeline_VITIS_LOOP_111_1_VITIS_LOOP_115_3_VITIS_LOOP_117_4'
================================================================
* Date:           Fri Nov 10 02:18:50 2023

* Version:        2022.1 (Build 3526262 on Mon Apr 18 15:47:01 MDT 2022)
* Project:        proj_kernel_EMO
* Solution:       solution1 (Vivado IP Flow Target)
* Product family: virtexuplus
* Target device:  xcu250-figd2104-2L-e


================================================================
== Performance Estimates
================================================================
+ Timing: 
    * Summary: 
    +--------+----------+-----------+------------+
    |  Clock |  Target  | Estimated | Uncertainty|
    +--------+----------+-----------+------------+
    |ap_clk  |  50.00 ns|  36.500 ns|    13.50 ns|
    +--------+----------+-----------+------------+

+ Latency: 
    * Summary: 
    +---------+---------+----------+----------+-------+-------+---------+
    |  Latency (cycles) |  Latency (absolute) |    Interval   | Pipeline|
    |   min   |   max   |    min   |    max   |  min  |  max  |   Type  |
    +---------+---------+----------+----------+-------+-------+---------+
    |    15691|    15691|  0.785 ms|  0.785 ms|  15691|  15691|       no|
    +---------+---------+----------+----------+-------+-------+---------+

    + Detail: 
        * Instance: 
        N/A

        * Loop: 
        +-----------------------------------------------------------------------+---------+---------+----------+-----------+-----------+-------+----------+
        |                                                                       |  Latency (cycles) | Iteration|  Initiation Interval  |  Trip |          |
        |                               Loop Name                               |   min   |   max   |  Latency |  achieved |   target  | Count | Pipelined|
        +-----------------------------------------------------------------------+---------+---------+----------+-----------+-----------+-------+----------+
        |- VITIS_LOOP_111_1_VITIS_LOOP_115_3_VITIS_LOOP_117_4_VITIS_LOOP_119_5  |    15689|    15689|        11|          1|          1|  15680|       yes|
        +-----------------------------------------------------------------------+---------+---------+----------+-----------+-----------+-------+----------+



================================================================
== Utilization Estimates
================================================================
* Summary: 
+---------------------+---------+-------+---------+---------+------+
|         Name        | BRAM_18K|  DSP  |    FF   |   LUT   | URAM |
+---------------------+---------+-------+---------+---------+------+
|DSP                  |        -|      2|        -|        -|     -|
|Expression           |        -|      -|        0|      569|     -|
|FIFO                 |        -|      -|        -|        -|     -|
|Instance             |        -|      0|        0|        8|     -|
|Memory               |        -|      -|        -|        -|     -|
|Multiplexer          |        -|      -|        -|      144|     -|
|Register             |        -|      -|      583|      192|     -|
+---------------------+---------+-------+---------+---------+------+
|Total                |        0|      2|      583|      913|     0|
+---------------------+---------+-------+---------+---------+------+
|Available SLR        |     1344|   3072|   864000|   432000|   320|
+---------------------+---------+-------+---------+---------+------+
|Utilization SLR (%)  |        0|     ~0|       ~0|       ~0|     0|
+---------------------+---------+-------+---------+---------+------+
|Available            |     5376|  12288|  3456000|  1728000|  1280|
+---------------------+---------+-------+---------+---------+------+
|Utilization (%)      |        0|     ~0|       ~0|       ~0|     0|
+---------------------+---------+-------+---------+---------+------+

+ Detail: 
    * Instance: 
    +---------------------------+---------------------+---------+----+---+----+-----+
    |          Instance         |        Module       | BRAM_18K| DSP| FF| LUT| URAM|
    +---------------------------+---------------------+---------+----+---+----+-----+
    |mul_3ns_13ns_14_1_1_U4337  |mul_3ns_13ns_14_1_1  |        0|   0|  0|   4|    0|
    |mul_3ns_13ns_14_1_1_U4338  |mul_3ns_13ns_14_1_1  |        0|   0|  0|   4|    0|
    +---------------------------+---------------------+---------+----+---+----+-----+
    |Total                      |                     |        0|   0|  0|   8|    0|
    +---------------------------+---------------------+---------+----+---+----+-----+

    * DSP: 
    +---------------------------------------+---------------------------------+--------------+
    |                Instance               |              Module             |  Expression  |
    +---------------------------------------+---------------------------------+--------------+
    |mac_muladd_3ns_10ns_14ns_14_4_1_U4339  |mac_muladd_3ns_10ns_14ns_14_4_1  |  i0 * i1 + i2|
    |mac_muladd_3ns_10ns_14ns_14_4_1_U4340  |mac_muladd_3ns_10ns_14ns_14_4_1  |  i0 * i1 + i2|
    +---------------------------------------+---------------------------------+--------------+

    * Memory: 
    N/A

    * FIFO: 
    N/A

    * Expression: 
    +----------------------------------+----------+----+---+----+------------+------------+
    |           Variable Name          | Operation| DSP| FF| LUT| Bitwidth P0| Bitwidth P1|
    +----------------------------------+----------+----+---+----+------------+------------+
    |add_ln111_1_fu_383_p2             |         +|   0|  0|  10|           3|           1|
    |add_ln111_fu_254_p2               |         +|   0|  0|  21|          14|           1|
    |add_ln113_3_fu_336_p2             |         +|   0|  0|  20|          13|           1|
    |add_ln113_fu_298_p2               |         +|   0|  0|  10|           3|           1|
    |add_ln115_3_fu_322_p2             |         +|   0|  0|  18|          11|           1|
    |add_ln115_fu_535_p2               |         +|   0|  0|  12|           5|           1|
    |add_ln117_3_fu_765_p2             |         +|   0|  0|  13|           6|           1|
    |add_ln117_fu_609_p2               |         +|   0|  0|  10|           3|           1|
    |add_ln119_fu_759_p2               |         +|   0|  0|  10|           3|           1|
    |add_ln121_1_fu_716_p2             |         +|   0|  0|  22|          15|          15|
    |add_ln121_3_fu_428_p2             |         +|   0|  0|  21|          14|          14|
    |add_ln121_4_fu_706_p2             |         +|   0|  0|  19|          12|          12|
    |add_ln121_5_fu_563_p2             |         +|   0|  0|  21|          14|          14|
    |add_ln121_fu_734_p2               |         +|   0|  0|  71|          64|          64|
    |add_ln122_fu_676_p2               |         +|   0|  0|  14|           7|           7|
    |sub_ln122_1_fu_650_p2             |         -|   0|  0|  14|           7|           7|
    |sub_ln122_fu_449_p2               |         -|   0|  0|  14|           7|           7|
    |and_ln113_3_fu_489_p2             |       and|   0|  0|   2|           1|           1|
    |and_ln113_4_fu_292_p2             |       and|   0|  0|   2|           1|           1|
    |and_ln113_5_fu_523_p2             |       and|   0|  0|   2|           1|           1|
    |and_ln113_6_fu_529_p2             |       and|   0|  0|   2|           1|           1|
    |and_ln113_fu_478_p2               |       and|   0|  0|   2|           1|           1|
    |and_ln115_fu_595_p2               |       and|   0|  0|   2|           1|           1|
    |ap_block_state6_io                |       and|   0|  0|   2|           1|           1|
    |ap_block_state6_pp0_stage0_iter5  |       and|   0|  0|   2|           1|           1|
    |icmp_ln111_fu_248_p2              |      icmp|   0|  0|  12|          14|          11|
    |icmp_ln113_fu_266_p2              |      icmp|   0|  0|  12|          13|          12|
    |icmp_ln115_fu_286_p2              |      icmp|   0|  0|  11|          11|          10|
    |icmp_ln117_fu_483_p2              |      icmp|   0|  0|  10|           6|           5|
    |icmp_ln119_fu_472_p2              |      icmp|   0|  0|   8|           3|           2|
    |ap_block_pp0_stage0_01001         |        or|   0|  0|   2|           1|           1|
    |ap_block_pp0_stage0_11001         |        or|   0|  0|   2|           1|           1|
    |or_ln113_1_fu_518_p2              |        or|   0|  0|   2|           1|           1|
    |or_ln113_fu_304_p2                |        or|   0|  0|   2|           1|           1|
    |or_ln115_3_fu_546_p2              |        or|   0|  0|   2|           1|           1|
    |or_ln115_fu_541_p2                |        or|   0|  0|   2|           1|           1|
    |or_ln117_3_fu_621_p2              |        or|   0|  0|   2|           1|           1|
    |or_ln117_fu_615_p2                |        or|   0|  0|   2|           1|           1|
    |grp_fu_815_p2                     |    select|   0|  0|  14|           1|          14|
    |select_ln111_fu_406_p3            |    select|   0|  0|   3|           1|           3|
    |select_ln113_10_fu_342_p3         |    select|   0|  0|  13|           1|           1|
    |select_ln113_4_fu_461_p3          |    select|   0|  0|  14|           1|          14|
    |select_ln113_5_fu_466_p3          |    select|   0|  0|  14|           1|          14|
    |select_ln113_6_fu_494_p3          |    select|   0|  0|   5|           1|           1|
    |select_ln113_7_fu_501_p3          |    select|   0|  0|  14|           1|          14|
    |select_ln113_8_fu_507_p3          |    select|   0|  0|  14|           1|          14|
    |select_ln113_9_fu_314_p3          |    select|   0|  0|   3|           1|           3|
    |select_ln113_fu_272_p3            |    select|   0|  0|   3|           1|           1|
    |select_ln115_10_fu_328_p3         |    select|   0|  0|  11|           1|           1|
    |select_ln115_7_fu_569_p3          |    select|   0|  0|  14|           1|          14|
    |select_ln115_8_fu_581_p3          |    select|   0|  0|   7|           1|           1|
    |select_ln115_9_fu_601_p3          |    select|   0|  0|   5|           1|           5|
    |select_ln115_fu_551_p3            |    select|   0|  0|   3|           1|           1|
    |select_ln117_7_fu_656_p3          |    select|   0|  0|   7|           1|           7|
    |select_ln117_8_fu_664_p3          |    select|   0|  0|   3|           1|           3|
    |select_ln117_9_fu_771_p3          |    select|   0|  0|   6|           1|           1|
    |select_ln117_fu_626_p3            |    select|   0|  0|   3|           1|           1|
    |ap_enable_pp0                     |       xor|   0|  0|   2|           1|           2|
    |xor_ln113_1_fu_513_p2             |       xor|   0|  0|   2|           1|           2|
    |xor_ln113_fu_280_p2               |       xor|   0|  0|   2|           1|           2|
    |xor_ln115_fu_589_p2               |       xor|   0|  0|   2|           2|           1|
    +----------------------------------+----------+----+---+----+------------+------------+
    |Total                             |          |   0|  0| 569|         288|         325|
    +----------------------------------+----------+----+---+----+------------+------------+

    * Multiplexer: 
    +---------------------------+----+-----------+-----+-----------+
    |            Name           | LUT| Input Size| Bits| Total Bits|
    +---------------------------+----+-----------+-----+-----------+
    |ap_done_int                |   9|          2|    1|          2|
    |ap_enable_reg_pp0_iter1    |   9|          2|    1|          2|
    |ap_enable_reg_pp0_iter6    |   9|          2|    1|          2|
    |gmem_blk_n_AW              |   9|          2|    1|          2|
    |gmem_blk_n_B               |   9|          2|    1|          2|
    |gmem_blk_n_R               |   9|          2|    1|          2|
    |gmem_blk_n_W               |   9|          2|    1|          2|
    |i_fu_148                   |   9|          2|    3|          6|
    |indvar_flatten3165_fu_128  |   9|          2|    6|         12|
    |indvar_flatten3187_fu_136  |   9|          2|   11|         22|
    |indvar_flatten3226_fu_144  |   9|          2|   13|         26|
    |indvar_flatten3278_fu_152  |   9|          2|   14|         28|
    |j_fu_140                   |   9|          2|    3|          6|
    |k_fu_132                   |   9|          2|    5|         10|
    |l_fu_124                   |   9|          2|    3|          6|
    |m_fu_120                   |   9|          2|    3|          6|
    +---------------------------+----+-----------+-----+-----------+
    |Total                      | 144|         32|   68|        136|
    +---------------------------+----+-----------+-----+-----------+

    * Register: 
    +-----------------------------------+----+----+-----+-----------+
    |                Name               | FF | LUT| Bits| Const Bits|
    +-----------------------------------+----+----+-----+-----------+
    |and_ln113_4_reg_928                |   1|   0|    1|          0|
    |ap_CS_fsm                          |   1|   0|    1|          0|
    |ap_done_reg                        |   1|   0|    1|          0|
    |ap_enable_reg_pp0_iter1            |   1|   0|    1|          0|
    |ap_enable_reg_pp0_iter10           |   1|   0|    1|          0|
    |ap_enable_reg_pp0_iter11           |   1|   0|    1|          0|
    |ap_enable_reg_pp0_iter2            |   1|   0|    1|          0|
    |ap_enable_reg_pp0_iter3            |   1|   0|    1|          0|
    |ap_enable_reg_pp0_iter4            |   1|   0|    1|          0|
    |ap_enable_reg_pp0_iter5            |   1|   0|    1|          0|
    |ap_enable_reg_pp0_iter6            |   1|   0|    1|          0|
    |ap_enable_reg_pp0_iter7            |   1|   0|    1|          0|
    |ap_enable_reg_pp0_iter8            |   1|   0|    1|          0|
    |ap_enable_reg_pp0_iter9            |   1|   0|    1|          0|
    |ap_loop_exit_ready_pp0_iter10_reg  |   1|   0|    1|          0|
    |ap_loop_exit_ready_pp0_iter2_reg   |   1|   0|    1|          0|
    |ap_loop_exit_ready_pp0_iter3_reg   |   1|   0|    1|          0|
    |ap_loop_exit_ready_pp0_iter4_reg   |   1|   0|    1|          0|
    |ap_loop_exit_ready_pp0_iter5_reg   |   1|   0|    1|          0|
    |ap_loop_exit_ready_pp0_iter6_reg   |   1|   0|    1|          0|
    |ap_loop_exit_ready_pp0_iter7_reg   |   1|   0|    1|          0|
    |ap_loop_exit_ready_pp0_iter8_reg   |   1|   0|    1|          0|
    |ap_loop_exit_ready_pp0_iter9_reg   |   1|   0|    1|          0|
    |gmem_addr_52_reg_962               |  64|   0|   64|          0|
    |gmem_addr_read_reg_968             |  32|   0|   32|          0|
    |i_fu_148                           |   3|   0|    3|          0|
    |icmp_ln111_reg_903                 |   1|   0|    1|          0|
    |icmp_ln113_reg_907                 |   1|   0|    1|          0|
    |icmp_ln115_reg_923                 |   1|   0|    1|          0|
    |indvar_flatten3165_fu_128          |   6|   0|    6|          0|
    |indvar_flatten3187_fu_136          |  11|   0|   11|          0|
    |indvar_flatten3226_fu_144          |  13|   0|   13|          0|
    |indvar_flatten3278_fu_152          |  14|   0|   14|          0|
    |j_fu_140                           |   3|   0|    3|          0|
    |k_fu_132                           |   5|   0|    5|          0|
    |l_fu_124                           |   3|   0|    3|          0|
    |m_fu_120                           |   3|   0|    3|          0|
    |mul_ln113_1_reg_951                |  14|   0|   14|          0|
    |or_ln113_reg_935                   |   1|   0|    1|          0|
    |xor_ln113_reg_917                  |   1|   0|    1|          0|
    |and_ln113_4_reg_928                |  64|  32|    1|          0|
    |icmp_ln111_reg_903                 |  64|  32|    1|          0|
    |icmp_ln113_reg_907                 |  64|  32|    1|          0|
    |icmp_ln115_reg_923                 |  64|  32|    1|          0|
    |or_ln113_reg_935                   |  64|  32|    1|          0|
    |xor_ln113_reg_917                  |  64|  32|    1|          0|
    +-----------------------------------+----+----+-----+-----------+
    |Total                              | 583| 192|  205|          0|
    +-----------------------------------+----+----+-----+-----------+



================================================================
== Interface
================================================================
* Summary: 
+---------------------+-----+-----+------------+----------------------------------------------------------------------------------+--------------+
|      RTL Ports      | Dir | Bits|  Protocol  |                                   Source Object                                  |    C Type    |
+---------------------+-----+-----+------------+----------------------------------------------------------------------------------+--------------+
|ap_clk               |   in|    1|  ap_ctrl_hs|  kernel_attention_3.2_Pipeline_VITIS_LOOP_111_1_VITIS_LOOP_115_3_VITIS_LOOP_117_4|  return value|
|ap_rst               |   in|    1|  ap_ctrl_hs|  kernel_attention_3.2_Pipeline_VITIS_LOOP_111_1_VITIS_LOOP_115_3_VITIS_LOOP_117_4|  return value|
|ap_start             |   in|    1|  ap_ctrl_hs|  kernel_attention_3.2_Pipeline_VITIS_LOOP_111_1_VITIS_LOOP_115_3_VITIS_LOOP_117_4|  return value|
|ap_done              |  out|    1|  ap_ctrl_hs|  kernel_attention_3.2_Pipeline_VITIS_LOOP_111_1_VITIS_LOOP_115_3_VITIS_LOOP_117_4|  return value|
|ap_idle              |  out|    1|  ap_ctrl_hs|  kernel_attention_3.2_Pipeline_VITIS_LOOP_111_1_VITIS_LOOP_115_3_VITIS_LOOP_117_4|  return value|
|ap_ready             |  out|    1|  ap_ctrl_hs|  kernel_attention_3.2_Pipeline_VITIS_LOOP_111_1_VITIS_LOOP_115_3_VITIS_LOOP_117_4|  return value|
|m_axi_gmem_AWVALID   |  out|    1|       m_axi|                                                                              gmem|       pointer|
|m_axi_gmem_AWREADY   |   in|    1|       m_axi|                                                                              gmem|       pointer|
|m_axi_gmem_AWADDR    |  out|   64|       m_axi|                                                                              gmem|       pointer|
|m_axi_gmem_AWID      |  out|    1|       m_axi|                                                                              gmem|       pointer|
|m_axi_gmem_AWLEN     |  out|   32|       m_axi|                                                                              gmem|       pointer|
|m_axi_gmem_AWSIZE    |  out|    3|       m_axi|                                                                              gmem|       pointer|
|m_axi_gmem_AWBURST   |  out|    2|       m_axi|                                                                              gmem|       pointer|
|m_axi_gmem_AWLOCK    |  out|    2|       m_axi|                                                                              gmem|       pointer|
|m_axi_gmem_AWCACHE   |  out|    4|       m_axi|                                                                              gmem|       pointer|
|m_axi_gmem_AWPROT    |  out|    3|       m_axi|                                                                              gmem|       pointer|
|m_axi_gmem_AWQOS     |  out|    4|       m_axi|                                                                              gmem|       pointer|
|m_axi_gmem_AWREGION  |  out|    4|       m_axi|                                                                              gmem|       pointer|
|m_axi_gmem_AWUSER    |  out|    1|       m_axi|                                                                              gmem|       pointer|
|m_axi_gmem_WVALID    |  out|    1|       m_axi|                                                                              gmem|       pointer|
|m_axi_gmem_WREADY    |   in|    1|       m_axi|                                                                              gmem|       pointer|
|m_axi_gmem_WDATA     |  out|   32|       m_axi|                                                                              gmem|       pointer|
|m_axi_gmem_WSTRB     |  out|    4|       m_axi|                                                                              gmem|       pointer|
|m_axi_gmem_WLAST     |  out|    1|       m_axi|                                                                              gmem|       pointer|
|m_axi_gmem_WID       |  out|    1|       m_axi|                                                                              gmem|       pointer|
|m_axi_gmem_WUSER     |  out|    1|       m_axi|                                                                              gmem|       pointer|
|m_axi_gmem_ARVALID   |  out|    1|       m_axi|                                                                              gmem|       pointer|
|m_axi_gmem_ARREADY   |   in|    1|       m_axi|                                                                              gmem|       pointer|
|m_axi_gmem_ARADDR    |  out|   64|       m_axi|                                                                              gmem|       pointer|
|m_axi_gmem_ARID      |  out|    1|       m_axi|                                                                              gmem|       pointer|
|m_axi_gmem_ARLEN     |  out|   32|       m_axi|                                                                              gmem|       pointer|
|m_axi_gmem_ARSIZE    |  out|    3|       m_axi|                                                                              gmem|       pointer|
|m_axi_gmem_ARBURST   |  out|    2|       m_axi|                                                                              gmem|       pointer|
|m_axi_gmem_ARLOCK    |  out|    2|       m_axi|                                                                              gmem|       pointer|
|m_axi_gmem_ARCACHE   |  out|    4|       m_axi|                                                                              gmem|       pointer|
|m_axi_gmem_ARPROT    |  out|    3|       m_axi|                                                                              gmem|       pointer|
|m_axi_gmem_ARQOS     |  out|    4|       m_axi|                                                                              gmem|       pointer|
|m_axi_gmem_ARREGION  |  out|    4|       m_axi|                                                                              gmem|       pointer|
|m_axi_gmem_ARUSER    |  out|    1|       m_axi|                                                                              gmem|       pointer|
|m_axi_gmem_RVALID    |   in|    1|       m_axi|                                                                              gmem|       pointer|
|m_axi_gmem_RREADY    |  out|    1|       m_axi|                                                                              gmem|       pointer|
|m_axi_gmem_RDATA     |   in|   32|       m_axi|                                                                              gmem|       pointer|
|m_axi_gmem_RLAST     |   in|    1|       m_axi|                                                                              gmem|       pointer|
|m_axi_gmem_RID       |   in|    1|       m_axi|                                                                              gmem|       pointer|
|m_axi_gmem_RFIFONUM  |   in|    9|       m_axi|                                                                              gmem|       pointer|
|m_axi_gmem_RUSER     |   in|    1|       m_axi|                                                                              gmem|       pointer|
|m_axi_gmem_RRESP     |   in|    2|       m_axi|                                                                              gmem|       pointer|
|m_axi_gmem_BVALID    |   in|    1|       m_axi|                                                                              gmem|       pointer|
|m_axi_gmem_BREADY    |  out|    1|       m_axi|                                                                              gmem|       pointer|
|m_axi_gmem_BRESP     |   in|    2|       m_axi|                                                                              gmem|       pointer|
|m_axi_gmem_BID       |   in|    1|       m_axi|                                                                              gmem|       pointer|
|m_axi_gmem_BUSER     |   in|    1|       m_axi|                                                                              gmem|       pointer|
|sext_ln111           |   in|   62|     ap_none|                                                                        sext_ln111|        scalar|
|afterRearrangeX2     |   in|   64|     ap_none|                                                                  afterRearrangeX2|        scalar|
+---------------------+-----+-----+------------+----------------------------------------------------------------------------------+--------------+

