

================================================================
== Vitis HLS Report for 'kernel_stage0_1_Pipeline_VITIS_LOOP_34_2'
================================================================
* Date:           Fri Nov 10 02:16:26 2023

* Version:        2022.1 (Build 3526262 on Mon Apr 18 15:47:01 MDT 2022)
* Project:        proj_kernel_EMO
* Solution:       solution1 (Vivado IP Flow Target)
* Product family: virtexuplus
* Target device:  xcu250-figd2104-2L-e


================================================================
== Performance Estimates
================================================================
+ Timing: 
    * Summary: 
    +--------+----------+-----------+------------+
    |  Clock |  Target  | Estimated | Uncertainty|
    +--------+----------+-----------+------------+
    |ap_clk  |  50.00 ns|  36.500 ns|    13.50 ns|
    +--------+----------+-----------+------------+

+ Latency: 
    * Summary: 
    +---------+---------+----------+----------+-----+-----+---------+
    |  Latency (cycles) |  Latency (absolute) |  Interval | Pipeline|
    |   min   |   max   |    min   |    max   | min | max |   Type  |
    +---------+---------+----------+----------+-----+-----+---------+
    |       37|       37|  1.850 us|  1.850 us|   37|   37|       no|
    +---------+---------+----------+----------+-----+-----+---------+

    + Detail: 
        * Instance: 
        N/A

        * Loop: 
        +-------------------+---------+---------+----------+-----------+-----------+------+----------+
        |                   |  Latency (cycles) | Iteration|  Initiation Interval  | Trip |          |
        |     Loop Name     |   min   |   max   |  Latency |  achieved |   target  | Count| Pipelined|
        +-------------------+---------+---------+----------+-----------+-----------+------+----------+
        |- VITIS_LOOP_34_2  |       35|       35|        13|          1|          1|    24|       yes|
        +-------------------+---------+---------+----------+-----------+-----------+------+----------+



================================================================
== Utilization Estimates
================================================================
* Summary: 
+---------------------+---------+-------+---------+---------+------+
|         Name        | BRAM_18K|  DSP  |    FF   |   LUT   | URAM |
+---------------------+---------+-------+---------+---------+------+
|DSP                  |        -|      -|        -|        -|     -|
|Expression           |        -|      -|        0|       62|     -|
|FIFO                 |        -|      -|        -|        -|     -|
|Instance             |        -|     29|      190|     2430|     -|
|Memory               |        -|      -|        -|        -|     -|
|Multiplexer          |        -|      -|        -|       54|     -|
|Register             |        -|      -|      351|       32|     -|
+---------------------+---------+-------+---------+---------+------+
|Total                |        0|     29|      541|     2578|     0|
+---------------------+---------+-------+---------+---------+------+
|Available SLR        |     1344|   3072|   864000|   432000|   320|
+---------------------+---------+-------+---------+---------+------+
|Utilization SLR (%)  |        0|     ~0|       ~0|       ~0|     0|
+---------------------+---------+-------+---------+---------+------+
|Available            |     5376|  12288|  3456000|  1728000|  1280|
+---------------------+---------+-------+---------+---------+------+
|Utilization (%)      |        0|     ~0|       ~0|       ~0|     0|
+---------------------+---------+-------+---------+---------+------+

+ Detail: 
    * Instance: 
    +-------------------------------------+--------------------------------+---------+----+-----+------+-----+
    |               Instance              |             Module             | BRAM_18K| DSP|  FF |  LUT | URAM|
    +-------------------------------------+--------------------------------+---------+----+-----+------+-----+
    |dadd_64ns_64ns_64_1_full_dsp_1_U196  |dadd_64ns_64ns_64_1_full_dsp_1  |        0|   3|    0|   708|    0|
    |dexp_64ns_64ns_64_3_full_dsp_1_U198  |dexp_64ns_64ns_64_3_full_dsp_1  |        0|  26|  190|  1722|    0|
    |fpext_32ns_64_1_no_dsp_1_U195        |fpext_32ns_64_1_no_dsp_1        |        0|   0|    0|     0|    0|
    |fptrunc_64ns_32_1_no_dsp_1_U194      |fptrunc_64ns_32_1_no_dsp_1      |        0|   0|    0|     0|    0|
    +-------------------------------------+--------------------------------+---------+----+-----+------+-----+
    |Total                                |                                |        0|  29|  190|  2430|    0|
    +-------------------------------------+--------------------------------+---------+----+-----+------+-----+

    * DSP: 
    N/A

    * Memory: 
    N/A

    * FIFO: 
    N/A

    * Expression: 
    +----------------------------------+----------+----+---+----+------------+------------+
    |           Variable Name          | Operation| DSP| FF| LUT| Bitwidth P0| Bitwidth P1|
    +----------------------------------+----------+----+---+----+------------+------------+
    |add_ln34_fu_135_p2                |         +|   0|  0|  12|           5|           1|
    |ap_block_pp0_stage0_01001         |       and|   0|  0|   2|           1|           1|
    |ap_block_state2_pp0_stage0_iter1  |       and|   0|  0|   2|           1|           1|
    |icmp_ln34_fu_129_p2               |      icmp|   0|  0|   9|           5|           5|
    |ap_block_pp0_stage0_11001         |        or|   0|  0|   2|           1|           1|
    |ap_enable_pp0                     |       xor|   0|  0|   2|           1|           2|
    |xor_ln39_fu_152_p2                |       xor|   0|  0|  33|          32|          33|
    +----------------------------------+----------+----+---+----+------------+------------+
    |Total                             |          |   0|  0|  62|          46|          44|
    +----------------------------------+----------+----+---+----+------------+------------+

    * Multiplexer: 
    +--------------------------+----+-----------+-----+-----------+
    |           Name           | LUT| Input Size| Bits| Total Bits|
    +--------------------------+----+-----------+-----+-----------+
    |ap_done_int               |   9|          2|    1|          2|
    |ap_enable_reg_pp0_iter12  |   9|          2|    1|          2|
    |ap_sig_allocacmp_c        |   9|          2|    5|         10|
    |gmem1_blk_n_R             |   9|          2|    1|          2|
    |gmem2_blk_n_W             |   9|          2|    1|          2|
    |y_pos_fu_62               |   9|          2|    5|         10|
    +--------------------------+----+-----------+-----+-----------+
    |Total                     |  54|         12|   14|         28|
    +--------------------------+----+-----------+-----+-----------+

    * Register: 
    +-----------------------------------+----+----+-----+-----------+
    |                Name               | FF | LUT| Bits| Const Bits|
    +-----------------------------------+----+----+-----+-----------+
    |add33_i_reg_207                    |  64|   0|   64|          0|
    |ap_CS_fsm                          |   1|   0|    1|          0|
    |ap_done_reg                        |   1|   0|    1|          0|
    |ap_enable_reg_pp0_iter1            |   1|   0|    1|          0|
    |ap_enable_reg_pp0_iter10           |   1|   0|    1|          0|
    |ap_enable_reg_pp0_iter11           |   1|   0|    1|          0|
    |ap_enable_reg_pp0_iter12           |   1|   0|    1|          0|
    |ap_enable_reg_pp0_iter2            |   1|   0|    1|          0|
    |ap_enable_reg_pp0_iter3            |   1|   0|    1|          0|
    |ap_enable_reg_pp0_iter4            |   1|   0|    1|          0|
    |ap_enable_reg_pp0_iter5            |   1|   0|    1|          0|
    |ap_enable_reg_pp0_iter6            |   1|   0|    1|          0|
    |ap_enable_reg_pp0_iter7            |   1|   0|    1|          0|
    |ap_enable_reg_pp0_iter8            |   1|   0|    1|          0|
    |ap_enable_reg_pp0_iter9            |   1|   0|    1|          0|
    |ap_loop_exit_ready_pp0_iter10_reg  |   1|   0|    1|          0|
    |ap_loop_exit_ready_pp0_iter11_reg  |   1|   0|    1|          0|
    |ap_loop_exit_ready_pp0_iter1_reg   |   1|   0|    1|          0|
    |ap_loop_exit_ready_pp0_iter2_reg   |   1|   0|    1|          0|
    |ap_loop_exit_ready_pp0_iter3_reg   |   1|   0|    1|          0|
    |ap_loop_exit_ready_pp0_iter4_reg   |   1|   0|    1|          0|
    |ap_loop_exit_ready_pp0_iter5_reg   |   1|   0|    1|          0|
    |ap_loop_exit_ready_pp0_iter6_reg   |   1|   0|    1|          0|
    |ap_loop_exit_ready_pp0_iter7_reg   |   1|   0|    1|          0|
    |ap_loop_exit_ready_pp0_iter8_reg   |   1|   0|    1|          0|
    |ap_loop_exit_ready_pp0_iter9_reg   |   1|   0|    1|          0|
    |conv34_i_reg_217                   |  32|   0|   32|          0|
    |conv_i_reg_197                     |  64|   0|   64|          0|
    |gmem1_addr_read_reg_192            |  32|   0|   32|          0|
    |icmp_ln34_reg_188                  |   1|   0|    1|          0|
    |tmp_1_reg_202                      |  64|   0|   64|          0|
    |y_pos_fu_62                        |   5|   0|    5|          0|
    |icmp_ln34_reg_188                  |  64|  32|    1|          0|
    +-----------------------------------+----+----+-----+-----------+
    |Total                              | 351|  32|  288|          0|
    +-----------------------------------+----+----+-----+-----------+



================================================================
== Interface
================================================================
* Summary: 
+----------------------+-----+-----+------------+------------------------------------------+--------------+
|       RTL Ports      | Dir | Bits|  Protocol  |               Source Object              |    C Type    |
+----------------------+-----+-----+------------+------------------------------------------+--------------+
|ap_clk                |   in|    1|  ap_ctrl_hs|  kernel_stage0.1_Pipeline_VITIS_LOOP_34_2|  return value|
|ap_rst                |   in|    1|  ap_ctrl_hs|  kernel_stage0.1_Pipeline_VITIS_LOOP_34_2|  return value|
|ap_start              |   in|    1|  ap_ctrl_hs|  kernel_stage0.1_Pipeline_VITIS_LOOP_34_2|  return value|
|ap_done               |  out|    1|  ap_ctrl_hs|  kernel_stage0.1_Pipeline_VITIS_LOOP_34_2|  return value|
|ap_idle               |  out|    1|  ap_ctrl_hs|  kernel_stage0.1_Pipeline_VITIS_LOOP_34_2|  return value|
|ap_ready              |  out|    1|  ap_ctrl_hs|  kernel_stage0.1_Pipeline_VITIS_LOOP_34_2|  return value|
|grp_fu_1034_p_din0    |  out|   64|  ap_ctrl_hs|  kernel_stage0.1_Pipeline_VITIS_LOOP_34_2|  return value|
|grp_fu_1034_p_din1    |  out|   64|  ap_ctrl_hs|  kernel_stage0.1_Pipeline_VITIS_LOOP_34_2|  return value|
|grp_fu_1034_p_dout0   |   in|   64|  ap_ctrl_hs|  kernel_stage0.1_Pipeline_VITIS_LOOP_34_2|  return value|
|grp_fu_1034_p_ce      |  out|    1|  ap_ctrl_hs|  kernel_stage0.1_Pipeline_VITIS_LOOP_34_2|  return value|
|m_axi_gmem1_AWVALID   |  out|    1|       m_axi|                                     gmem1|       pointer|
|m_axi_gmem1_AWREADY   |   in|    1|       m_axi|                                     gmem1|       pointer|
|m_axi_gmem1_AWADDR    |  out|   64|       m_axi|                                     gmem1|       pointer|
|m_axi_gmem1_AWID      |  out|    1|       m_axi|                                     gmem1|       pointer|
|m_axi_gmem1_AWLEN     |  out|   32|       m_axi|                                     gmem1|       pointer|
|m_axi_gmem1_AWSIZE    |  out|    3|       m_axi|                                     gmem1|       pointer|
|m_axi_gmem1_AWBURST   |  out|    2|       m_axi|                                     gmem1|       pointer|
|m_axi_gmem1_AWLOCK    |  out|    2|       m_axi|                                     gmem1|       pointer|
|m_axi_gmem1_AWCACHE   |  out|    4|       m_axi|                                     gmem1|       pointer|
|m_axi_gmem1_AWPROT    |  out|    3|       m_axi|                                     gmem1|       pointer|
|m_axi_gmem1_AWQOS     |  out|    4|       m_axi|                                     gmem1|       pointer|
|m_axi_gmem1_AWREGION  |  out|    4|       m_axi|                                     gmem1|       pointer|
|m_axi_gmem1_AWUSER    |  out|    1|       m_axi|                                     gmem1|       pointer|
|m_axi_gmem1_WVALID    |  out|    1|       m_axi|                                     gmem1|       pointer|
|m_axi_gmem1_WREADY    |   in|    1|       m_axi|                                     gmem1|       pointer|
|m_axi_gmem1_WDATA     |  out|   32|       m_axi|                                     gmem1|       pointer|
|m_axi_gmem1_WSTRB     |  out|    4|       m_axi|                                     gmem1|       pointer|
|m_axi_gmem1_WLAST     |  out|    1|       m_axi|                                     gmem1|       pointer|
|m_axi_gmem1_WID       |  out|    1|       m_axi|                                     gmem1|       pointer|
|m_axi_gmem1_WUSER     |  out|    1|       m_axi|                                     gmem1|       pointer|
|m_axi_gmem1_ARVALID   |  out|    1|       m_axi|                                     gmem1|       pointer|
|m_axi_gmem1_ARREADY   |   in|    1|       m_axi|                                     gmem1|       pointer|
|m_axi_gmem1_ARADDR    |  out|   64|       m_axi|                                     gmem1|       pointer|
|m_axi_gmem1_ARID      |  out|    1|       m_axi|                                     gmem1|       pointer|
|m_axi_gmem1_ARLEN     |  out|   32|       m_axi|                                     gmem1|       pointer|
|m_axi_gmem1_ARSIZE    |  out|    3|       m_axi|                                     gmem1|       pointer|
|m_axi_gmem1_ARBURST   |  out|    2|       m_axi|                                     gmem1|       pointer|
|m_axi_gmem1_ARLOCK    |  out|    2|       m_axi|                                     gmem1|       pointer|
|m_axi_gmem1_ARCACHE   |  out|    4|       m_axi|                                     gmem1|       pointer|
|m_axi_gmem1_ARPROT    |  out|    3|       m_axi|                                     gmem1|       pointer|
|m_axi_gmem1_ARQOS     |  out|    4|       m_axi|                                     gmem1|       pointer|
|m_axi_gmem1_ARREGION  |  out|    4|       m_axi|                                     gmem1|       pointer|
|m_axi_gmem1_ARUSER    |  out|    1|       m_axi|                                     gmem1|       pointer|
|m_axi_gmem1_RVALID    |   in|    1|       m_axi|                                     gmem1|       pointer|
|m_axi_gmem1_RREADY    |  out|    1|       m_axi|                                     gmem1|       pointer|
|m_axi_gmem1_RDATA     |   in|   32|       m_axi|                                     gmem1|       pointer|
|m_axi_gmem1_RLAST     |   in|    1|       m_axi|                                     gmem1|       pointer|
|m_axi_gmem1_RID       |   in|    1|       m_axi|                                     gmem1|       pointer|
|m_axi_gmem1_RFIFONUM  |   in|    9|       m_axi|                                     gmem1|       pointer|
|m_axi_gmem1_RUSER     |   in|    1|       m_axi|                                     gmem1|       pointer|
|m_axi_gmem1_RRESP     |   in|    2|       m_axi|                                     gmem1|       pointer|
|m_axi_gmem1_BVALID    |   in|    1|       m_axi|                                     gmem1|       pointer|
|m_axi_gmem1_BREADY    |  out|    1|       m_axi|                                     gmem1|       pointer|
|m_axi_gmem1_BRESP     |   in|    2|       m_axi|                                     gmem1|       pointer|
|m_axi_gmem1_BID       |   in|    1|       m_axi|                                     gmem1|       pointer|
|m_axi_gmem1_BUSER     |   in|    1|       m_axi|                                     gmem1|       pointer|
|m_axi_gmem2_AWVALID   |  out|    1|       m_axi|                                     gmem2|       pointer|
|m_axi_gmem2_AWREADY   |   in|    1|       m_axi|                                     gmem2|       pointer|
|m_axi_gmem2_AWADDR    |  out|   64|       m_axi|                                     gmem2|       pointer|
|m_axi_gmem2_AWID      |  out|    1|       m_axi|                                     gmem2|       pointer|
|m_axi_gmem2_AWLEN     |  out|   32|       m_axi|                                     gmem2|       pointer|
|m_axi_gmem2_AWSIZE    |  out|    3|       m_axi|                                     gmem2|       pointer|
|m_axi_gmem2_AWBURST   |  out|    2|       m_axi|                                     gmem2|       pointer|
|m_axi_gmem2_AWLOCK    |  out|    2|       m_axi|                                     gmem2|       pointer|
|m_axi_gmem2_AWCACHE   |  out|    4|       m_axi|                                     gmem2|       pointer|
|m_axi_gmem2_AWPROT    |  out|    3|       m_axi|                                     gmem2|       pointer|
|m_axi_gmem2_AWQOS     |  out|    4|       m_axi|                                     gmem2|       pointer|
|m_axi_gmem2_AWREGION  |  out|    4|       m_axi|                                     gmem2|       pointer|
|m_axi_gmem2_AWUSER    |  out|    1|       m_axi|                                     gmem2|       pointer|
|m_axi_gmem2_WVALID    |  out|    1|       m_axi|                                     gmem2|       pointer|
|m_axi_gmem2_WREADY    |   in|    1|       m_axi|                                     gmem2|       pointer|
|m_axi_gmem2_WDATA     |  out|   32|       m_axi|                                     gmem2|       pointer|
|m_axi_gmem2_WSTRB     |  out|    4|       m_axi|                                     gmem2|       pointer|
|m_axi_gmem2_WLAST     |  out|    1|       m_axi|                                     gmem2|       pointer|
|m_axi_gmem2_WID       |  out|    1|       m_axi|                                     gmem2|       pointer|
|m_axi_gmem2_WUSER     |  out|    1|       m_axi|                                     gmem2|       pointer|
|m_axi_gmem2_ARVALID   |  out|    1|       m_axi|                                     gmem2|       pointer|
|m_axi_gmem2_ARREADY   |   in|    1|       m_axi|                                     gmem2|       pointer|
|m_axi_gmem2_ARADDR    |  out|   64|       m_axi|                                     gmem2|       pointer|
|m_axi_gmem2_ARID      |  out|    1|       m_axi|                                     gmem2|       pointer|
|m_axi_gmem2_ARLEN     |  out|   32|       m_axi|                                     gmem2|       pointer|
|m_axi_gmem2_ARSIZE    |  out|    3|       m_axi|                                     gmem2|       pointer|
|m_axi_gmem2_ARBURST   |  out|    2|       m_axi|                                     gmem2|       pointer|
|m_axi_gmem2_ARLOCK    |  out|    2|       m_axi|                                     gmem2|       pointer|
|m_axi_gmem2_ARCACHE   |  out|    4|       m_axi|                                     gmem2|       pointer|
|m_axi_gmem2_ARPROT    |  out|    3|       m_axi|                                     gmem2|       pointer|
|m_axi_gmem2_ARQOS     |  out|    4|       m_axi|                                     gmem2|       pointer|
|m_axi_gmem2_ARREGION  |  out|    4|       m_axi|                                     gmem2|       pointer|
|m_axi_gmem2_ARUSER    |  out|    1|       m_axi|                                     gmem2|       pointer|
|m_axi_gmem2_RVALID    |   in|    1|       m_axi|                                     gmem2|       pointer|
|m_axi_gmem2_RREADY    |  out|    1|       m_axi|                                     gmem2|       pointer|
|m_axi_gmem2_RDATA     |   in|   32|       m_axi|                                     gmem2|       pointer|
|m_axi_gmem2_RLAST     |   in|    1|       m_axi|                                     gmem2|       pointer|
|m_axi_gmem2_RID       |   in|    1|       m_axi|                                     gmem2|       pointer|
|m_axi_gmem2_RFIFONUM  |   in|    9|       m_axi|                                     gmem2|       pointer|
|m_axi_gmem2_RUSER     |   in|    1|       m_axi|                                     gmem2|       pointer|
|m_axi_gmem2_RRESP     |   in|    2|       m_axi|                                     gmem2|       pointer|
|m_axi_gmem2_BVALID    |   in|    1|       m_axi|                                     gmem2|       pointer|
|m_axi_gmem2_BREADY    |  out|    1|       m_axi|                                     gmem2|       pointer|
|m_axi_gmem2_BRESP     |   in|    2|       m_axi|                                     gmem2|       pointer|
|m_axi_gmem2_BID       |   in|    1|       m_axi|                                     gmem2|       pointer|
|m_axi_gmem2_BUSER     |   in|    1|       m_axi|                                     gmem2|       pointer|
|sext_ln34_1           |   in|   62|     ap_none|                               sext_ln34_1|        scalar|
|sext_ln34             |   in|   62|     ap_none|                                 sext_ln34|        scalar|
+----------------------+-----+-----+------------+------------------------------------------+--------------+

