

================================================================
== Vitis HLS Report for 'kernel_attention_3_2_Pipeline_VITIS_LOOP_231_1_VITIS_LOOP_233_3_count_sum'
================================================================
* Date:           Fri Nov 10 02:18:47 2023

* Version:        2022.1 (Build 3526262 on Mon Apr 18 15:47:01 MDT 2022)
* Project:        proj_kernel_EMO
* Solution:       solution1 (Vivado IP Flow Target)
* Product family: virtexuplus
* Target device:  xcu250-figd2104-2L-e


================================================================
== Performance Estimates
================================================================
+ Timing: 
    * Summary: 
    +--------+----------+-----------+------------+
    |  Clock |  Target  | Estimated | Uncertainty|
    +--------+----------+-----------+------------+
    |ap_clk  |  50.00 ns|  36.500 ns|    13.50 ns|
    +--------+----------+-----------+------------+

+ Latency: 
    * Summary: 
    +---------+---------+-----------+-----------+---------+---------+---------+
    |  Latency (cycles) |   Latency (absolute)  |      Interval     | Pipeline|
    |   min   |   max   |    min    |    max    |   min   |   max   |   Type  |
    +---------+---------+-----------+-----------+---------+---------+---------+
    |  1920969|  1920969|  96.048 ms|  96.048 ms|  1920969|  1920969|       no|
    +---------+---------+-----------+-----------+---------+---------+---------+

    + Detail: 
        * Instance: 
        +---------------------------------+----------------------+---------+---------+----------+----------+-----+-----+---------+
        |                                 |                      |  Latency (cycles) |  Latency (absolute) |  Interval | Pipeline|
        |             Instance            |        Module        |   min   |   max   |    min   |    max   | min | max |   Type  |
        +---------------------------------+----------------------+---------+---------+----------+----------+-----+-----+---------+
        |grp_pow_generic_double_s_fu_866  |pow_generic_double_s  |        4|        4|  0.200 us|  0.200 us|    1|    1|      yes|
        +---------------------------------+----------------------+---------+---------+----------+----------+-----+-----+---------+

        * Loop: 
        +-----------------------------------------------+---------+---------+----------+-----------+-----------+-------+----------+
        |                                               |  Latency (cycles) | Iteration|  Initiation Interval  |  Trip |          |
        |                   Loop Name                   |   min   |   max   |  Latency |  achieved |   target  | Count | Pipelined|
        +-----------------------------------------------+---------+---------+----------+-----------+-----------+-------+----------+
        |- VITIS_LOOP_231_1_VITIS_LOOP_233_3_count_sum  |  1920967|  1920967|       169|         50|          1|  38416|       yes|
        +-----------------------------------------------+---------+---------+----------+-----------+-----------+-------+----------+



================================================================
== Utilization Estimates
================================================================
* Summary: 
+---------------------+---------+-------+---------+---------+------+
|         Name        | BRAM_18K|  DSP  |    FF   |   LUT   | URAM |
+---------------------+---------+-------+---------+---------+------+
|DSP                  |        -|      2|        -|        -|     -|
|Expression           |        -|      -|        0|     4458|     -|
|FIFO                 |        -|      -|        -|        -|     -|
|Instance             |        5|     38|      646|     6366|     -|
|Memory               |        -|      -|        -|        -|     -|
|Multiplexer          |        -|      -|        -|     1059|     -|
|Register             |        -|      -|     7684|       32|     -|
+---------------------+---------+-------+---------+---------+------+
|Total                |        5|     40|     8330|    11915|     0|
+---------------------+---------+-------+---------+---------+------+
|Available SLR        |     1344|   3072|   864000|   432000|   320|
+---------------------+---------+-------+---------+---------+------+
|Utilization SLR (%)  |       ~0|      1|       ~0|        2|     0|
+---------------------+---------+-------+---------+---------+------+
|Available            |     5376|  12288|  3456000|  1728000|  1280|
+---------------------+---------+-------+---------+---------+------+
|Utilization (%)      |       ~0|     ~0|       ~0|       ~0|     0|
+---------------------+---------+-------+---------+---------+------+

+ Detail: 
    * Instance: 
    +--------------------------------------+--------------------------------+---------+----+-----+------+-----+
    |               Instance               |             Module             | BRAM_18K| DSP|  FF |  LUT | URAM|
    +--------------------------------------+--------------------------------+---------+----+-----+------+-----+
    |dadd_64ns_64ns_64_1_full_dsp_1_U4326  |dadd_64ns_64ns_64_1_full_dsp_1  |        0|   3|    0|   708|    0|
    |fpext_32ns_64_1_no_dsp_1_U4324        |fpext_32ns_64_1_no_dsp_1        |        0|   0|    0|     0|    0|
    |fpext_32ns_64_1_no_dsp_1_U4325        |fpext_32ns_64_1_no_dsp_1        |        0|   0|    0|     0|    0|
    |fptrunc_64ns_32_1_no_dsp_1_U4323      |fptrunc_64ns_32_1_no_dsp_1      |        0|   0|    0|     0|    0|
    |fsub_32ns_32ns_32_1_full_dsp_1_U4321  |fsub_32ns_32ns_32_1_full_dsp_1  |        0|   2|    0|   226|    0|
    |mul_3ns_13ns_15_1_1_U4329             |mul_3ns_13ns_15_1_1             |        0|   0|    0|     4|    0|
    |mul_3ns_13ns_15_1_1_U4330             |mul_3ns_13ns_15_1_1             |        0|   0|    0|     4|    0|
    |mul_3ns_15ns_15_1_1_U4327             |mul_3ns_15ns_15_1_1             |        0|   0|    0|     2|    0|
    |mul_3ns_15ns_15_1_1_U4328             |mul_3ns_15ns_15_1_1             |        0|   0|    0|     2|    0|
    |grp_pow_generic_double_s_fu_866       |pow_generic_double_s            |        5|  33|  646|  5420|    0|
    +--------------------------------------+--------------------------------+---------+----+-----+------+-----+
    |Total                                 |                                |        5|  38|  646|  6366|    0|
    +--------------------------------------+--------------------------------+---------+----+-----+------+-----+

    * DSP: 
    +--------------------------------------+--------------------------------+--------------+
    |               Instance               |             Module             |  Expression  |
    +--------------------------------------+--------------------------------+--------------+
    |mac_muladd_6ns_6ns_15ns_15_4_1_U4331  |mac_muladd_6ns_6ns_15ns_15_4_1  |  i0 + i1 * i2|
    |mac_muladd_6ns_6ns_15ns_15_4_1_U4332  |mac_muladd_6ns_6ns_15ns_15_4_1  |  i0 + i1 * i2|
    +--------------------------------------+--------------------------------+--------------+

    * Memory: 
    N/A

    * FIFO: 
    N/A

    * Expression: 
    +------------------------------------+----------+----+---+----+------------+------------+
    |            Variable Name           | Operation| DSP| FF| LUT| Bitwidth P0| Bitwidth P1|
    +------------------------------------+----------+----+---+----+------------+------------+
    |add_ln231_1_fu_1060_p2              |         +|   0|  0|  10|           3|           1|
    |add_ln231_fu_1039_p2                |         +|   0|  0|  23|          16|           1|
    |add_ln232_3_fu_1201_p2              |         +|   0|  0|  22|          15|           1|
    |add_ln232_fu_1269_p2                |         +|   0|  0|  10|           3|           1|
    |add_ln233_100_fu_1555_p2            |         +|   0|  0|  70|          63|           2|
    |add_ln233_101_fu_1570_p2            |         +|   0|  0|  70|          63|           2|
    |add_ln233_102_fu_1585_p2            |         +|   0|  0|  70|          63|           3|
    |add_ln233_103_fu_1600_p2            |         +|   0|  0|  70|          63|           3|
    |add_ln233_104_fu_1615_p2            |         +|   0|  0|  70|          63|           3|
    |add_ln233_105_fu_1630_p2            |         +|   0|  0|  70|          63|           3|
    |add_ln233_106_fu_1645_p2            |         +|   0|  0|  70|          63|           4|
    |add_ln233_107_fu_1660_p2            |         +|   0|  0|  70|          63|           4|
    |add_ln233_108_fu_1675_p2            |         +|   0|  0|  70|          63|           4|
    |add_ln233_109_fu_1690_p2            |         +|   0|  0|  70|          63|           4|
    |add_ln233_110_fu_1705_p2            |         +|   0|  0|  70|          63|           4|
    |add_ln233_111_fu_1720_p2            |         +|   0|  0|  70|          63|           4|
    |add_ln233_112_fu_1735_p2            |         +|   0|  0|  70|          63|           4|
    |add_ln233_113_fu_1750_p2            |         +|   0|  0|  70|          63|           4|
    |add_ln233_114_fu_1765_p2            |         +|   0|  0|  70|          63|           5|
    |add_ln233_115_fu_1780_p2            |         +|   0|  0|  70|          63|           5|
    |add_ln233_116_fu_1795_p2            |         +|   0|  0|  70|          63|           5|
    |add_ln233_117_fu_1810_p2            |         +|   0|  0|  70|          63|           5|
    |add_ln233_118_fu_1825_p2            |         +|   0|  0|  70|          63|           5|
    |add_ln233_119_fu_1840_p2            |         +|   0|  0|  70|          63|           5|
    |add_ln233_120_fu_1855_p2            |         +|   0|  0|  70|          63|           5|
    |add_ln233_121_fu_1870_p2            |         +|   0|  0|  70|          63|           5|
    |add_ln233_122_fu_1885_p2            |         +|   0|  0|  70|          63|           5|
    |add_ln233_123_fu_1900_p2            |         +|   0|  0|  70|          63|           5|
    |add_ln233_124_fu_1915_p2            |         +|   0|  0|  70|          63|           5|
    |add_ln233_125_fu_1930_p2            |         +|   0|  0|  70|          63|           5|
    |add_ln233_126_fu_1945_p2            |         +|   0|  0|  70|          63|           5|
    |add_ln233_127_fu_1960_p2            |         +|   0|  0|  70|          63|           5|
    |add_ln233_128_fu_1975_p2            |         +|   0|  0|  70|          63|           5|
    |add_ln233_129_fu_1990_p2            |         +|   0|  0|  70|          63|           5|
    |add_ln233_130_fu_2005_p2            |         +|   0|  0|  70|          63|           6|
    |add_ln233_131_fu_2020_p2            |         +|   0|  0|  70|          63|           6|
    |add_ln233_132_fu_2035_p2            |         +|   0|  0|  70|          63|           6|
    |add_ln233_133_fu_2050_p2            |         +|   0|  0|  70|          63|           6|
    |add_ln233_134_fu_2065_p2            |         +|   0|  0|  70|          63|           6|
    |add_ln233_135_fu_2080_p2            |         +|   0|  0|  70|          63|           6|
    |add_ln233_136_fu_2095_p2            |         +|   0|  0|  70|          63|           6|
    |add_ln233_137_fu_2110_p2            |         +|   0|  0|  70|          63|           6|
    |add_ln233_138_fu_2125_p2            |         +|   0|  0|  70|          63|           6|
    |add_ln233_139_fu_2140_p2            |         +|   0|  0|  70|          63|           6|
    |add_ln233_140_fu_2155_p2            |         +|   0|  0|  70|          63|           6|
    |add_ln233_141_fu_2170_p2            |         +|   0|  0|  70|          63|           6|
    |add_ln233_142_fu_2185_p2            |         +|   0|  0|  70|          63|           6|
    |add_ln233_143_fu_2200_p2            |         +|   0|  0|  70|          63|           6|
    |add_ln233_144_fu_2215_p2            |         +|   0|  0|  70|          63|           6|
    |add_ln233_145_fu_2230_p2            |         +|   0|  0|  70|          63|           6|
    |add_ln233_146_fu_2245_p2            |         +|   0|  0|  70|          63|           6|
    |add_ln233_147_fu_1187_p2            |         +|   0|  0|  19|          12|           1|
    |add_ln233_99_fu_1539_p2             |         +|   0|  0|  70|          63|           1|
    |add_ln233_fu_1143_p2                |         +|   0|  0|  13|           6|           1|
    |add_ln235_fu_1181_p2                |         +|   0|  0|  13|           6|           1|
    |add_ln236_3_fu_1510_p2              |         +|   0|  0|  63|          63|          63|
    |add_ln236_fu_1505_p2                |         +|   0|  0|  63|          63|          63|
    |empty_396_fu_1303_p2                |         +|   0|  0|  23|          16|          16|
    |empty_397_fu_1321_p2                |         +|   0|  0|  71|          64|          64|
    |p_mid12079_fu_1451_p2               |         +|   0|  0|  23|          16|          16|
    |p_mid12083_fu_1480_p2               |         +|   0|  0|  71|          64|          64|
    |p_mid12206_fu_1401_p2               |         +|   0|  0|  23|          16|          16|
    |p_mid12216_fu_1426_p2               |         +|   0|  0|  71|          64|          64|
    |p_mid12754_fu_1363_p2               |         +|   0|  0|  71|          64|          64|
    |and_ln232_1_fu_1099_p2              |       and|   0|  0|   2|           1|           1|
    |and_ln232_2_fu_1137_p2              |       and|   0|  0|   2|           1|           1|
    |and_ln232_fu_1087_p2                |       and|   0|  0|   2|           1|           1|
    |ap_block_pp0_stage0_11001           |       and|   0|  0|   2|           1|           1|
    |ap_block_pp0_stage12_11001          |       and|   0|  0|   2|           1|           1|
    |ap_block_pp0_stage13_11001          |       and|   0|  0|   2|           1|           1|
    |ap_block_pp0_stage14_11001          |       and|   0|  0|   2|           1|           1|
    |ap_block_pp0_stage15_11001          |       and|   0|  0|   2|           1|           1|
    |ap_block_pp0_stage16_11001          |       and|   0|  0|   2|           1|           1|
    |ap_block_pp0_stage17_11001          |       and|   0|  0|   2|           1|           1|
    |ap_block_pp0_stage18_01001          |       and|   0|  0|   2|           1|           1|
    |ap_block_pp0_stage19_11001          |       and|   0|  0|   2|           1|           1|
    |ap_block_pp0_stage1_11001           |       and|   0|  0|   2|           1|           1|
    |ap_block_pp0_stage20_11001          |       and|   0|  0|   2|           1|           1|
    |ap_block_pp0_stage21_11001          |       and|   0|  0|   2|           1|           1|
    |ap_block_pp0_stage22_11001          |       and|   0|  0|   2|           1|           1|
    |ap_block_pp0_stage23_11001          |       and|   0|  0|   2|           1|           1|
    |ap_block_pp0_stage24_11001          |       and|   0|  0|   2|           1|           1|
    |ap_block_pp0_stage25_11001          |       and|   0|  0|   2|           1|           1|
    |ap_block_pp0_stage26_11001          |       and|   0|  0|   2|           1|           1|
    |ap_block_pp0_stage27_11001          |       and|   0|  0|   2|           1|           1|
    |ap_block_pp0_stage28_11001          |       and|   0|  0|   2|           1|           1|
    |ap_block_pp0_stage29_11001          |       and|   0|  0|   2|           1|           1|
    |ap_block_pp0_stage2_11001           |       and|   0|  0|   2|           1|           1|
    |ap_block_pp0_stage30_11001          |       and|   0|  0|   2|           1|           1|
    |ap_block_pp0_stage31_11001          |       and|   0|  0|   2|           1|           1|
    |ap_block_pp0_stage32_11001          |       and|   0|  0|   2|           1|           1|
    |ap_block_pp0_stage33_11001          |       and|   0|  0|   2|           1|           1|
    |ap_block_pp0_stage34_11001          |       and|   0|  0|   2|           1|           1|
    |ap_block_pp0_stage35_11001          |       and|   0|  0|   2|           1|           1|
    |ap_block_pp0_stage36_11001          |       and|   0|  0|   2|           1|           1|
    |ap_block_pp0_stage37_11001          |       and|   0|  0|   2|           1|           1|
    |ap_block_pp0_stage38_11001          |       and|   0|  0|   2|           1|           1|
    |ap_block_pp0_stage39_11001          |       and|   0|  0|   2|           1|           1|
    |ap_block_pp0_stage3_11001           |       and|   0|  0|   2|           1|           1|
    |ap_block_pp0_stage40_11001          |       and|   0|  0|   2|           1|           1|
    |ap_block_pp0_stage41_11001          |       and|   0|  0|   2|           1|           1|
    |ap_block_pp0_stage42_11001          |       and|   0|  0|   2|           1|           1|
    |ap_block_pp0_stage43_11001          |       and|   0|  0|   2|           1|           1|
    |ap_block_pp0_stage44_11001          |       and|   0|  0|   2|           1|           1|
    |ap_block_pp0_stage45_11001          |       and|   0|  0|   2|           1|           1|
    |ap_block_pp0_stage46_11001          |       and|   0|  0|   2|           1|           1|
    |ap_block_pp0_stage47_11001          |       and|   0|  0|   2|           1|           1|
    |ap_block_pp0_stage48_11001          |       and|   0|  0|   2|           1|           1|
    |ap_block_pp0_stage49_11001          |       and|   0|  0|   2|           1|           1|
    |ap_block_pp0_stage4_11001           |       and|   0|  0|   2|           1|           1|
    |ap_block_state10_io                 |       and|   0|  0|   2|           1|           1|
    |ap_block_state13_pp0_stage12_iter0  |       and|   0|  0|   2|           1|           1|
    |ap_block_state169_io                |       and|   0|  0|   2|           1|           1|
    |ap_block_state53_io                 |       and|   0|  0|   2|           1|           1|
    |ap_block_state53_pp0_stage2_iter1   |       and|   0|  0|   2|           1|           1|
    |icmp_ln231_fu_1033_p2               |      icmp|   0|  0|  13|          16|          16|
    |icmp_ln232_fu_1054_p2               |      icmp|   0|  0|  12|          15|          14|
    |icmp_ln233_fu_1093_p2               |      icmp|   0|  0|  12|          12|          12|
    |icmp_ln235_fu_1081_p2               |      icmp|   0|  0|  10|           6|           5|
    |ap_block_pp0_stage10_11001          |        or|   0|  0|   2|           1|           1|
    |ap_block_pp0_stage11_11001          |        or|   0|  0|   2|           1|           1|
    |ap_block_pp0_stage18_11001          |        or|   0|  0|   2|           1|           1|
    |ap_block_pp0_stage5_11001           |        or|   0|  0|   2|           1|           1|
    |ap_block_pp0_stage6_11001           |        or|   0|  0|   2|           1|           1|
    |ap_block_pp0_stage7_11001           |        or|   0|  0|   2|           1|           1|
    |ap_block_pp0_stage8_11001           |        or|   0|  0|   2|           1|           1|
    |ap_block_pp0_stage9_11001           |        or|   0|  0|   2|           1|           1|
    |or_ln232_1_fu_1131_p2               |        or|   0|  0|   2|           1|           1|
    |or_ln232_fu_1112_p2                 |        or|   0|  0|   2|           1|           1|
    |or_ln233_1_fu_1155_p2               |        or|   0|  0|   2|           1|           1|
    |or_ln233_fu_1149_p2                 |        or|   0|  0|   2|           1|           1|
    |grp_fu_2476_p2                      |    select|   0|  0|  15|           1|          15|
    |select_ln231_fu_1105_p3             |    select|   0|  0|   3|           1|           3|
    |select_ln232_10_fu_1207_p3          |    select|   0|  0|  15|           1|           1|
    |select_ln232_2_fu_1336_p3           |    select|   0|  0|  15|           1|           1|
    |select_ln232_3_fu_1345_p3           |    select|   0|  0|  16|           1|          16|
    |select_ln232_4_fu_1378_p3           |    select|   0|  0|  61|           1|          62|
    |select_ln232_5_fu_1118_p3           |    select|   0|  0|   6|           1|           1|
    |select_ln232_6_fu_1388_p3           |    select|   0|  0|  15|           1|          15|
    |select_ln232_7_fu_1407_p3           |    select|   0|  0|  16|           1|          16|
    |select_ln232_8_fu_1441_p3           |    select|   0|  0|  61|           1|          62|
    |select_ln232_9_fu_1285_p3           |    select|   0|  0|   3|           1|           3|
    |select_ln232_fu_1258_p3             |    select|   0|  0|   3|           1|           1|
    |select_ln233_17_fu_1457_p3          |    select|   0|  0|  16|           1|          16|
    |select_ln233_18_fu_1495_p3          |    select|   0|  0|  61|           1|          62|
    |select_ln233_19_fu_1173_p3          |    select|   0|  0|   6|           1|           6|
    |select_ln233_20_fu_1193_p3          |    select|   0|  0|  12|           1|           1|
    |select_ln233_fu_1161_p3             |    select|   0|  0|   6|           1|           1|
    |ap_enable_pp0                       |       xor|   0|  0|   2|           1|           2|
    |xor_ln232_1_fu_1125_p2              |       xor|   0|  0|   2|           1|           2|
    |xor_ln232_fu_1075_p2                |       xor|   0|  0|   2|           1|           2|
    +------------------------------------+----------+----+---+----+------------+------------+
    |Total                               |          |   0|  0|4458|        3647|        1066|
    +------------------------------------+----------+----+---+----+------------+------------+

    * Multiplexer: 
    +-------------------------------------+-----+-----------+-----+-----------+
    |                 Name                | LUT | Input Size| Bits| Total Bits|
    +-------------------------------------+-----+-----------+-----+-----------+
    |ap_NS_fsm                            |  221|         51|    1|         51|
    |ap_done_int                          |    9|          2|    1|          2|
    |ap_enable_reg_pp0_iter0              |    9|          2|    1|          2|
    |ap_enable_reg_pp0_iter3              |    9|          2|    1|          2|
    |ap_loop_exit_ready_pp0_iter1_reg     |    9|          2|    1|          2|
    |ap_loop_exit_ready_pp0_iter2_reg     |    9|          2|    1|          2|
    |ap_loop_exit_ready_pp0_iter3_reg     |    9|          2|    1|          2|
    |ap_sig_allocacmp_b_1                 |    9|          2|    3|          6|
    |ap_sig_allocacmp_i_22                |    9|          2|    6|         12|
    |b_fu_232                             |    9|          2|    3|          6|
    |gmem_blk_n_AR                        |    9|          2|    1|          2|
    |gmem_blk_n_R                         |    9|          2|    1|          2|
    |gmem_blk_n_W                         |    9|          2|    1|          2|
    |grp_fu_877_p0                        |  217|         50|   32|       1600|
    |grp_fu_877_p1                        |   14|          3|   32|         96|
    |grp_fu_890_p0                        |   14|          3|   32|         96|
    |grp_fu_895_p0                        |   14|          3|   32|         96|
    |grp_fu_900_p0                        |   20|          4|   64|        256|
    |grp_fu_900_p1                        |  162|         36|   64|       2304|
    |grp_pow_generic_double_s_fu_866_exp  |   14|          3|   64|        192|
    |h_fu_224                             |    9|          2|    3|          6|
    |i_fu_216                             |    9|          2|    6|         12|
    |indvar_flatten2085_fu_220            |    9|          2|   12|         24|
    |indvar_flatten2616_fu_228            |    9|          2|   15|         30|
    |indvar_flatten3158_fu_236            |    9|          2|   16|         32|
    |j_fu_212                             |    9|          2|    6|         12|
    |m_axi_gmem_ARADDR                    |  221|         51|   64|       3264|
    +-------------------------------------+-----+-----------+-----+-----------+
    |Total                                | 1059|        240|  464|       8113|
    +-------------------------------------+-----+-----------+-----+-----------+

    * Register: 
    +----------------------------------------------+----+----+-----+-----------+
    |                     Name                     | FF | LUT| Bits| Const Bits|
    +----------------------------------------------+----+----+-----+-----------+
    |and_ln232_1_reg_2594                          |   1|   0|    1|          0|
    |and_ln232_2_reg_2602                          |   1|   0|    1|          0|
    |ap_CS_fsm                                     |  50|   0|   50|          0|
    |ap_done_reg                                   |   1|   0|    1|          0|
    |ap_enable_reg_pp0_iter0_reg                   |   1|   0|    1|          0|
    |ap_enable_reg_pp0_iter1                       |   1|   0|    1|          0|
    |ap_enable_reg_pp0_iter2                       |   1|   0|    1|          0|
    |ap_enable_reg_pp0_iter3                       |   1|   0|    1|          0|
    |ap_loop_exit_ready_pp0_iter1_reg              |   1|   0|    1|          0|
    |ap_loop_exit_ready_pp0_iter2_reg              |   1|   0|    1|          0|
    |ap_loop_exit_ready_pp0_iter3_reg              |   1|   0|    1|          0|
    |b_1_reg_2557                                  |   3|   0|    3|          0|
    |b_fu_232                                      |   3|   0|    3|          0|
    |div_i_reg_3398                                |  32|   0|   32|          0|
    |empty_reg_2623                                |  15|   0|   15|          0|
    |gmem_addr_145_read_reg_2757                   |  32|   0|   32|          0|
    |gmem_addr_146_read_reg_2768                   |  32|   0|   32|          0|
    |gmem_addr_146_reg_2715                        |  64|   0|   64|          0|
    |gmem_addr_147_read_reg_2779                   |  32|   0|   32|          0|
    |gmem_addr_147_reg_2721                        |  64|   0|   64|          0|
    |gmem_addr_148_read_reg_2790                   |  32|   0|   32|          0|
    |gmem_addr_148_reg_2727                        |  64|   0|   64|          0|
    |gmem_addr_149_read_reg_2801                   |  32|   0|   32|          0|
    |gmem_addr_149_reg_2733                        |  64|   0|   64|          0|
    |gmem_addr_150_read_reg_2812                   |  32|   0|   32|          0|
    |gmem_addr_150_reg_2739                        |  64|   0|   64|          0|
    |gmem_addr_151_read_reg_2823                   |  32|   0|   32|          0|
    |gmem_addr_151_reg_2745                        |  64|   0|   64|          0|
    |gmem_addr_152_read_reg_2834                   |  32|   0|   32|          0|
    |gmem_addr_152_reg_2751                        |  64|   0|   64|          0|
    |gmem_addr_153_read_reg_2845                   |  32|   0|   32|          0|
    |gmem_addr_153_reg_2762                        |  64|   0|   64|          0|
    |gmem_addr_154_read_reg_2856                   |  32|   0|   32|          0|
    |gmem_addr_154_reg_2773                        |  64|   0|   64|          0|
    |gmem_addr_155_read_reg_2867                   |  32|   0|   32|          0|
    |gmem_addr_155_reg_2784                        |  64|   0|   64|          0|
    |gmem_addr_156_read_reg_2878                   |  32|   0|   32|          0|
    |gmem_addr_156_reg_2795                        |  64|   0|   64|          0|
    |gmem_addr_157_read_reg_2889                   |  32|   0|   32|          0|
    |gmem_addr_157_reg_2806                        |  64|   0|   64|          0|
    |gmem_addr_158_read_reg_2900                   |  32|   0|   32|          0|
    |gmem_addr_158_reg_2817                        |  64|   0|   64|          0|
    |gmem_addr_159_read_reg_2911                   |  32|   0|   32|          0|
    |gmem_addr_159_reg_2828                        |  64|   0|   64|          0|
    |gmem_addr_160_read_reg_2922                   |  32|   0|   32|          0|
    |gmem_addr_160_reg_2839                        |  64|   0|   64|          0|
    |gmem_addr_161_read_reg_2933                   |  32|   0|   32|          0|
    |gmem_addr_161_reg_2850                        |  64|   0|   64|          0|
    |gmem_addr_162_read_reg_2944                   |  32|   0|   32|          0|
    |gmem_addr_162_reg_2861                        |  64|   0|   64|          0|
    |gmem_addr_163_read_reg_2955                   |  32|   0|   32|          0|
    |gmem_addr_163_reg_2872                        |  64|   0|   64|          0|
    |gmem_addr_164_read_reg_2966                   |  32|   0|   32|          0|
    |gmem_addr_164_reg_2883                        |  64|   0|   64|          0|
    |gmem_addr_165_read_reg_2977                   |  32|   0|   32|          0|
    |gmem_addr_165_reg_2894                        |  64|   0|   64|          0|
    |gmem_addr_166_read_reg_2988                   |  32|   0|   32|          0|
    |gmem_addr_166_reg_2905                        |  64|   0|   64|          0|
    |gmem_addr_167_read_reg_2999                   |  32|   0|   32|          0|
    |gmem_addr_167_reg_2916                        |  64|   0|   64|          0|
    |gmem_addr_168_read_reg_3010                   |  32|   0|   32|          0|
    |gmem_addr_168_reg_2927                        |  64|   0|   64|          0|
    |gmem_addr_169_read_reg_3021                   |  32|   0|   32|          0|
    |gmem_addr_169_reg_2938                        |  64|   0|   64|          0|
    |gmem_addr_170_read_reg_3032                   |  32|   0|   32|          0|
    |gmem_addr_170_reg_2949                        |  64|   0|   64|          0|
    |gmem_addr_171_read_reg_3043                   |  32|   0|   32|          0|
    |gmem_addr_171_reg_2960                        |  64|   0|   64|          0|
    |gmem_addr_172_read_reg_3054                   |  32|   0|   32|          0|
    |gmem_addr_172_reg_2971                        |  64|   0|   64|          0|
    |gmem_addr_173_read_reg_3065                   |  32|   0|   32|          0|
    |gmem_addr_173_reg_2982                        |  64|   0|   64|          0|
    |gmem_addr_174_read_reg_3076                   |  32|   0|   32|          0|
    |gmem_addr_174_reg_2993                        |  64|   0|   64|          0|
    |gmem_addr_175_read_reg_3087                   |  32|   0|   32|          0|
    |gmem_addr_175_reg_3004                        |  64|   0|   64|          0|
    |gmem_addr_176_read_reg_3098                   |  32|   0|   32|          0|
    |gmem_addr_176_reg_3015                        |  64|   0|   64|          0|
    |gmem_addr_177_read_reg_3109                   |  32|   0|   32|          0|
    |gmem_addr_177_reg_3026                        |  64|   0|   64|          0|
    |gmem_addr_178_read_reg_3120                   |  32|   0|   32|          0|
    |gmem_addr_178_reg_3037                        |  64|   0|   64|          0|
    |gmem_addr_179_read_reg_3131                   |  32|   0|   32|          0|
    |gmem_addr_179_reg_3048                        |  64|   0|   64|          0|
    |gmem_addr_180_read_reg_3142                   |  32|   0|   32|          0|
    |gmem_addr_180_reg_3059                        |  64|   0|   64|          0|
    |gmem_addr_181_read_reg_3153                   |  32|   0|   32|          0|
    |gmem_addr_181_reg_3070                        |  64|   0|   64|          0|
    |gmem_addr_182_read_reg_3164                   |  32|   0|   32|          0|
    |gmem_addr_182_reg_3081                        |  64|   0|   64|          0|
    |gmem_addr_183_read_reg_3175                   |  32|   0|   32|          0|
    |gmem_addr_183_reg_3092                        |  64|   0|   64|          0|
    |gmem_addr_184_read_reg_3186                   |  32|   0|   32|          0|
    |gmem_addr_184_reg_3103                        |  64|   0|   64|          0|
    |gmem_addr_185_read_reg_3203                   |  32|   0|   32|          0|
    |gmem_addr_185_reg_3114                        |  64|   0|   64|          0|
    |gmem_addr_186_read_reg_3208                   |  32|   0|   32|          0|
    |gmem_addr_186_reg_3125                        |  64|   0|   64|          0|
    |gmem_addr_187_read_reg_3213                   |  32|   0|   32|          0|
    |gmem_addr_187_reg_3136                        |  64|   0|   64|          0|
    |gmem_addr_188_read_reg_3218                   |  32|   0|   32|          0|
    |gmem_addr_188_reg_3147                        |  64|   0|   64|          0|
    |gmem_addr_189_read_reg_3223                   |  32|   0|   32|          0|
    |gmem_addr_189_reg_3158                        |  64|   0|   64|          0|
    |gmem_addr_190_read_reg_3228                   |  32|   0|   32|          0|
    |gmem_addr_190_reg_3169                        |  64|   0|   64|          0|
    |gmem_addr_191_read_reg_3233                   |  32|   0|   32|          0|
    |gmem_addr_191_reg_3180                        |  64|   0|   64|          0|
    |gmem_addr_192_read_reg_3238                   |  32|   0|   32|          0|
    |gmem_addr_192_reg_3191                        |  64|   0|   64|          0|
    |gmem_addr_193_read_reg_3243                   |  32|   0|   32|          0|
    |gmem_addr_193_reg_3197                        |  64|   0|   64|          0|
    |gmem_addr_48_read_reg_3248                    |  32|   0|   32|          0|
    |gmem_addr_48_reg_2652                         |  64|   0|   64|          0|
    |grp_pow_generic_double_s_fu_866_ap_start_reg  |   1|   0|    1|          0|
    |h_3_reg_2618                                  |   3|   0|    3|          0|
    |h_fu_224                                      |   3|   0|    3|          0|
    |i_22_reg_2552                                 |   6|   0|    6|          0|
    |i_fu_216                                      |   6|   0|    6|          0|
    |icmp_ln231_reg_2574                           |   1|   0|    1|          0|
    |icmp_ln232_reg_2578                           |   1|   0|    1|          0|
    |indvar_flatten2085_fu_220                     |  12|   0|   12|          0|
    |indvar_flatten2616_fu_228                     |  15|   0|   15|          0|
    |indvar_flatten3158_fu_236                     |  16|   0|   16|          0|
    |j_fu_212                                      |   6|   0|    6|          0|
    |mul_ln232_1_reg_2587                          |  15|   0|   15|          0|
    |mul_ln232_reg_2563                            |  15|   0|   15|          0|
    |p_mid12194_reg_2640                           |  15|   0|   15|          0|
    |reg_905                                       |  32|   0|   32|          0|
    |reg_911                                       |  64|   0|   64|          0|
    |reg_917                                       |  64|   0|   64|          0|
    |reg_922                                       |  64|   0|   64|          0|
    |reg_927                                       |  64|   0|   64|          0|
    |reg_932                                       |  64|   0|   64|          0|
    |reg_937                                       |  64|   0|   64|          0|
    |reg_942                                       |  64|   0|   64|          0|
    |reg_947                                       |  64|   0|   64|          0|
    |reg_952                                       |  64|   0|   64|          0|
    |reg_957                                       |  64|   0|   64|          0|
    |reg_962                                       |  64|   0|   64|          0|
    |select_ln232_1_reg_2634                       |  15|   0|   15|          0|
    |select_ln233_18_reg_2646                      |  62|   0|   62|          0|
    |select_ln233_reg_2608                         |   6|   0|    6|          0|
    |sext_ln231_cast_reg_2542                      |  63|   0|   63|          0|
    |sext_ln233_145_reg_2664                       |  63|   0|   63|          0|
    |tmp2_reg_2629                                 |  15|   0|   15|          0|
    |tmp_16_reg_3258                               |  64|   0|   64|          0|
    |tmp_18_reg_3263                               |  64|   0|   64|          0|
    |tmp_20_reg_3268                               |  64|   0|   64|          0|
    |tmp_22_reg_3273                               |  64|   0|   64|          0|
    |tmp_24_reg_3278                               |  64|   0|   64|          0|
    |tmp_26_reg_3283                               |  64|   0|   64|          0|
    |tmp_28_reg_3288                               |  64|   0|   64|          0|
    |tmp_30_reg_3293                               |  64|   0|   64|          0|
    |tmp_31_reg_3298                               |  64|   0|   64|          0|
    |tmp_32_reg_3303                               |  64|   0|   64|          0|
    |tmp_33_reg_3308                               |  64|   0|   64|          0|
    |tmp_34_reg_3313                               |  64|   0|   64|          0|
    |tmp_35_reg_3318                               |  64|   0|   64|          0|
    |tmp_36_reg_3323                               |  64|   0|   64|          0|
    |tmp_37_reg_3328                               |  64|   0|   64|          0|
    |tmp_38_reg_3333                               |  64|   0|   64|          0|
    |tmp_39_reg_3338                               |  64|   0|   64|          0|
    |tmp_40_reg_3343                               |  64|   0|   64|          0|
    |tmp_41_reg_3348                               |  64|   0|   64|          0|
    |tmp_42_reg_3353                               |  64|   0|   64|          0|
    |tmp_43_reg_3358                               |  64|   0|   64|          0|
    |tmp_44_reg_3363                               |  64|   0|   64|          0|
    |tmp_45_reg_3368                               |  64|   0|   64|          0|
    |tmp_46_reg_3373                               |  64|   0|   64|          0|
    |tmp_47_reg_3378                               |  64|   0|   64|          0|
    |tmp_48_reg_3383                               |  64|   0|   64|          0|
    |tmp_in_reg_3253                               |  32|   0|   32|          0|
    |icmp_ln231_reg_2574                           |  64|  32|    1|          0|
    +----------------------------------------------+----+----+-----+-----------+
    |Total                                         |7684|  32| 7621|          0|
    +----------------------------------------------+----+----+-----+-----------+



================================================================
== Interface
================================================================
* Summary: 
+-----------------------+-----+-----+------------+---------------------------------------------------------------------------+--------------+
|       RTL Ports       | Dir | Bits|  Protocol  |                               Source Object                               |    C Type    |
+-----------------------+-----+-----+------------+---------------------------------------------------------------------------+--------------+
|ap_clk                 |   in|    1|  ap_ctrl_hs|  kernel_attention_3.2_Pipeline_VITIS_LOOP_231_1_VITIS_LOOP_233_3_count_sum|  return value|
|ap_rst                 |   in|    1|  ap_ctrl_hs|  kernel_attention_3.2_Pipeline_VITIS_LOOP_231_1_VITIS_LOOP_233_3_count_sum|  return value|
|ap_start               |   in|    1|  ap_ctrl_hs|  kernel_attention_3.2_Pipeline_VITIS_LOOP_231_1_VITIS_LOOP_233_3_count_sum|  return value|
|ap_done                |  out|    1|  ap_ctrl_hs|  kernel_attention_3.2_Pipeline_VITIS_LOOP_231_1_VITIS_LOOP_233_3_count_sum|  return value|
|ap_idle                |  out|    1|  ap_ctrl_hs|  kernel_attention_3.2_Pipeline_VITIS_LOOP_231_1_VITIS_LOOP_233_3_count_sum|  return value|
|ap_ready               |  out|    1|  ap_ctrl_hs|  kernel_attention_3.2_Pipeline_VITIS_LOOP_231_1_VITIS_LOOP_233_3_count_sum|  return value|
|grp_fu_744_p_din0      |  out|   32|  ap_ctrl_hs|  kernel_attention_3.2_Pipeline_VITIS_LOOP_231_1_VITIS_LOOP_233_3_count_sum|  return value|
|grp_fu_744_p_din1      |  out|   32|  ap_ctrl_hs|  kernel_attention_3.2_Pipeline_VITIS_LOOP_231_1_VITIS_LOOP_233_3_count_sum|  return value|
|grp_fu_744_p_dout0     |   in|   32|  ap_ctrl_hs|  kernel_attention_3.2_Pipeline_VITIS_LOOP_231_1_VITIS_LOOP_233_3_count_sum|  return value|
|grp_fu_744_p_ce        |  out|    1|  ap_ctrl_hs|  kernel_attention_3.2_Pipeline_VITIS_LOOP_231_1_VITIS_LOOP_233_3_count_sum|  return value|
|m_axi_gmem_AWVALID     |  out|    1|       m_axi|                                                                       gmem|       pointer|
|m_axi_gmem_AWREADY     |   in|    1|       m_axi|                                                                       gmem|       pointer|
|m_axi_gmem_AWADDR      |  out|   64|       m_axi|                                                                       gmem|       pointer|
|m_axi_gmem_AWID        |  out|    1|       m_axi|                                                                       gmem|       pointer|
|m_axi_gmem_AWLEN       |  out|   32|       m_axi|                                                                       gmem|       pointer|
|m_axi_gmem_AWSIZE      |  out|    3|       m_axi|                                                                       gmem|       pointer|
|m_axi_gmem_AWBURST     |  out|    2|       m_axi|                                                                       gmem|       pointer|
|m_axi_gmem_AWLOCK      |  out|    2|       m_axi|                                                                       gmem|       pointer|
|m_axi_gmem_AWCACHE     |  out|    4|       m_axi|                                                                       gmem|       pointer|
|m_axi_gmem_AWPROT      |  out|    3|       m_axi|                                                                       gmem|       pointer|
|m_axi_gmem_AWQOS       |  out|    4|       m_axi|                                                                       gmem|       pointer|
|m_axi_gmem_AWREGION    |  out|    4|       m_axi|                                                                       gmem|       pointer|
|m_axi_gmem_AWUSER      |  out|    1|       m_axi|                                                                       gmem|       pointer|
|m_axi_gmem_WVALID      |  out|    1|       m_axi|                                                                       gmem|       pointer|
|m_axi_gmem_WREADY      |   in|    1|       m_axi|                                                                       gmem|       pointer|
|m_axi_gmem_WDATA       |  out|   32|       m_axi|                                                                       gmem|       pointer|
|m_axi_gmem_WSTRB       |  out|    4|       m_axi|                                                                       gmem|       pointer|
|m_axi_gmem_WLAST       |  out|    1|       m_axi|                                                                       gmem|       pointer|
|m_axi_gmem_WID         |  out|    1|       m_axi|                                                                       gmem|       pointer|
|m_axi_gmem_WUSER       |  out|    1|       m_axi|                                                                       gmem|       pointer|
|m_axi_gmem_ARVALID     |  out|    1|       m_axi|                                                                       gmem|       pointer|
|m_axi_gmem_ARREADY     |   in|    1|       m_axi|                                                                       gmem|       pointer|
|m_axi_gmem_ARADDR      |  out|   64|       m_axi|                                                                       gmem|       pointer|
|m_axi_gmem_ARID        |  out|    1|       m_axi|                                                                       gmem|       pointer|
|m_axi_gmem_ARLEN       |  out|   32|       m_axi|                                                                       gmem|       pointer|
|m_axi_gmem_ARSIZE      |  out|    3|       m_axi|                                                                       gmem|       pointer|
|m_axi_gmem_ARBURST     |  out|    2|       m_axi|                                                                       gmem|       pointer|
|m_axi_gmem_ARLOCK      |  out|    2|       m_axi|                                                                       gmem|       pointer|
|m_axi_gmem_ARCACHE     |  out|    4|       m_axi|                                                                       gmem|       pointer|
|m_axi_gmem_ARPROT      |  out|    3|       m_axi|                                                                       gmem|       pointer|
|m_axi_gmem_ARQOS       |  out|    4|       m_axi|                                                                       gmem|       pointer|
|m_axi_gmem_ARREGION    |  out|    4|       m_axi|                                                                       gmem|       pointer|
|m_axi_gmem_ARUSER      |  out|    1|       m_axi|                                                                       gmem|       pointer|
|m_axi_gmem_RVALID      |   in|    1|       m_axi|                                                                       gmem|       pointer|
|m_axi_gmem_RREADY      |  out|    1|       m_axi|                                                                       gmem|       pointer|
|m_axi_gmem_RDATA       |   in|   32|       m_axi|                                                                       gmem|       pointer|
|m_axi_gmem_RLAST       |   in|    1|       m_axi|                                                                       gmem|       pointer|
|m_axi_gmem_RID         |   in|    1|       m_axi|                                                                       gmem|       pointer|
|m_axi_gmem_RFIFONUM    |   in|    9|       m_axi|                                                                       gmem|       pointer|
|m_axi_gmem_RUSER       |   in|    1|       m_axi|                                                                       gmem|       pointer|
|m_axi_gmem_RRESP       |   in|    2|       m_axi|                                                                       gmem|       pointer|
|m_axi_gmem_BVALID      |   in|    1|       m_axi|                                                                       gmem|       pointer|
|m_axi_gmem_BREADY      |  out|    1|       m_axi|                                                                       gmem|       pointer|
|m_axi_gmem_BRESP       |   in|    2|       m_axi|                                                                       gmem|       pointer|
|m_axi_gmem_BID         |   in|    1|       m_axi|                                                                       gmem|       pointer|
|m_axi_gmem_BUSER       |   in|    1|       m_axi|                                                                       gmem|       pointer|
|sext_ln231_1           |   in|   62|     ap_none|                                                               sext_ln231_1|        scalar|
|afterQKMultiplication  |   in|   64|     ap_none|                                                      afterQKMultiplication|        scalar|
|sext_ln231             |   in|   62|     ap_none|                                                                 sext_ln231|        scalar|
+-----------------------+-----+-----+------------+---------------------------------------------------------------------------+--------------+

