

================================================================
== Vitis HLS Report for 'kernel_attention_3_1_Pipeline_VITIS_LOOP_178_1_VITIS_LOOP_182_3_VITIS_LOOP_184_4'
================================================================
* Date:           Fri Nov 10 02:18:15 2023

* Version:        2022.1 (Build 3526262 on Mon Apr 18 15:47:01 MDT 2022)
* Project:        proj_kernel_EMO
* Solution:       solution1 (Vivado IP Flow Target)
* Product family: virtexuplus
* Target device:  xcu250-figd2104-2L-e


================================================================
== Performance Estimates
================================================================
+ Timing: 
    * Summary: 
    +--------+----------+-----------+------------+
    |  Clock |  Target  | Estimated | Uncertainty|
    +--------+----------+-----------+------------+
    |ap_clk  |  50.00 ns|  36.500 ns|    13.50 ns|
    +--------+----------+-----------+------------+

+ Latency: 
    * Summary: 
    +---------+---------+----------+----------+-------+-------+---------+
    |  Latency (cycles) |  Latency (absolute) |    Interval   | Pipeline|
    |   min   |   max   |    min   |    max   |  min  |  max  |   Type  |
    +---------+---------+----------+----------+-------+-------+---------+
    |    15691|    15691|  0.785 ms|  0.785 ms|  15691|  15691|       no|
    +---------+---------+----------+----------+-------+-------+---------+

    + Detail: 
        * Instance: 
        N/A

        * Loop: 
        +-----------------------------------------------------------------------+---------+---------+----------+-----------+-----------+-------+----------+
        |                                                                       |  Latency (cycles) | Iteration|  Initiation Interval  |  Trip |          |
        |                               Loop Name                               |   min   |   max   |  Latency |  achieved |   target  | Count | Pipelined|
        +-----------------------------------------------------------------------+---------+---------+----------+-----------+-----------+-------+----------+
        |- VITIS_LOOP_178_1_VITIS_LOOP_182_3_VITIS_LOOP_184_4_VITIS_LOOP_185_5  |    15689|    15689|        11|          1|          1|  15680|       yes|
        +-----------------------------------------------------------------------+---------+---------+----------+-----------+-----------+-------+----------+



================================================================
== Utilization Estimates
================================================================
* Summary: 
+---------------------+---------+-------+---------+---------+------+
|         Name        | BRAM_18K|  DSP  |    FF   |   LUT   | URAM |
+---------------------+---------+-------+---------+---------+------+
|DSP                  |        -|      1|        -|        -|     -|
|Expression           |        -|      -|        0|      536|     -|
|FIFO                 |        -|      -|        -|        -|     -|
|Instance             |        -|      0|        0|        8|     -|
|Memory               |        -|      -|        -|        -|     -|
|Multiplexer          |        -|      -|        -|      144|     -|
|Register             |        -|      -|      510|      160|     -|
+---------------------+---------+-------+---------+---------+------+
|Total                |        0|      1|      510|      848|     0|
+---------------------+---------+-------+---------+---------+------+
|Available SLR        |     1344|   3072|   864000|   432000|   320|
+---------------------+---------+-------+---------+---------+------+
|Utilization SLR (%)  |        0|     ~0|       ~0|       ~0|     0|
+---------------------+---------+-------+---------+---------+------+
|Available            |     5376|  12288|  3456000|  1728000|  1280|
+---------------------+---------+-------+---------+---------+------+
|Utilization (%)      |        0|     ~0|       ~0|       ~0|     0|
+---------------------+---------+-------+---------+---------+------+

+ Detail: 
    * Instance: 
    +---------------------------+---------------------+---------+----+---+----+-----+
    |          Instance         |        Module       | BRAM_18K| DSP| FF| LUT| URAM|
    +---------------------------+---------------------+---------+----+---+----+-----+
    |mul_3ns_13ns_15_1_1_U4071  |mul_3ns_13ns_15_1_1  |        0|   0|  0|   4|    0|
    |mul_3ns_13ns_15_1_1_U4072  |mul_3ns_13ns_15_1_1  |        0|   0|  0|   4|    0|
    +---------------------------+---------------------+---------+----+---+----+-----+
    |Total                      |                     |        0|   0|  0|   8|    0|
    +---------------------------+---------------------+---------+----+---+----+-----+

    * DSP: 
    +--------------------------------------------+--------------------------------------+---------------------+
    |                  Instance                  |                Module                |      Expression     |
    +--------------------------------------------+--------------------------------------+---------------------+
    |ama_addmuladd_5ns_6ns_6ns_3ns_12_4_1_U4073  |ama_addmuladd_5ns_6ns_6ns_3ns_12_4_1  |  i0 + (i1 + i2) * i3|
    +--------------------------------------------+--------------------------------------+---------------------+

    * Memory: 
    N/A

    * FIFO: 
    N/A

    * Expression: 
    +----------------------------------+----------+----+---+----+------------+------------+
    |           Variable Name          | Operation| DSP| FF| LUT| Bitwidth P0| Bitwidth P1|
    +----------------------------------+----------+----+---+----+------------+------------+
    |add_ln178_2_fu_660_p2             |         +|   0|  0|  10|           3|           1|
    |add_ln178_fu_270_p2               |         +|   0|  0|  21|          14|           1|
    |add_ln180_4_fu_536_p2             |         +|   0|  0|  20|          13|           1|
    |add_ln180_fu_360_p2               |         +|   0|  0|  10|           3|           1|
    |add_ln182_4_fu_522_p2             |         +|   0|  0|  18|          11|           1|
    |add_ln182_fu_711_p2               |         +|   0|  0|  10|           3|           1|
    |add_ln184_4_fu_508_p2             |         +|   0|  0|  15|           8|           1|
    |add_ln184_fu_590_p2               |         +|   0|  0|  10|           3|           1|
    |add_ln185_fu_502_p2               |         +|   0|  0|  12|           5|           1|
    |add_ln186_12_fu_492_p2            |         +|   0|  0|  12|           5|           5|
    |add_ln186_13_fu_654_p2            |         +|   0|  0|  22|          15|          15|
    |add_ln186_14_fu_784_p2            |         +|   0|  0|  71|          64|          64|
    |add_ln186_16_fu_766_p2            |         +|   0|  0|  22|          15|          15|
    |add_ln186_17_fu_743_p2            |         +|   0|  0|  22|          15|          15|
    |empty_418_fu_644_p2               |         -|   0|  0|  14|           7|           7|
    |p_mid13296_fu_733_p2              |         -|   0|  0|  14|           7|           7|
    |and_ln178_3_fu_342_p2             |       and|   0|  0|   2|           1|           1|
    |and_ln178_4_fu_354_p2             |       and|   0|  0|   2|           1|           1|
    |and_ln178_fu_330_p2               |       and|   0|  0|   2|           1|           1|
    |and_ln180_2_fu_434_p2             |       and|   0|  0|   2|           1|           1|
    |and_ln180_fu_428_p2               |       and|   0|  0|   2|           1|           1|
    |and_ln182_fu_466_p2               |       and|   0|  0|   2|           1|           1|
    |ap_block_state6_io                |       and|   0|  0|   2|           1|           1|
    |ap_block_state6_pp0_stage0_iter5  |       and|   0|  0|   2|           1|           1|
    |icmp_ln178_fu_264_p2              |      icmp|   0|  0|  12|          14|          11|
    |icmp_ln180_fu_288_p2              |      icmp|   0|  0|  12|          13|          12|
    |icmp_ln182_fu_348_p2              |      icmp|   0|  0|  11|          11|          10|
    |icmp_ln184_fu_336_p2              |      icmp|   0|  0|  11|           8|           8|
    |icmp_ln185_fu_324_p2              |      icmp|   0|  0|   9|           5|           5|
    |ap_block_pp0_stage0_01001         |        or|   0|  0|   2|           1|           1|
    |ap_block_pp0_stage0_11001         |        or|   0|  0|   2|           1|           1|
    |or_ln180_2_fu_422_p2              |        or|   0|  0|   2|           1|           1|
    |or_ln180_fu_366_p2                |        or|   0|  0|   2|           1|           1|
    |or_ln182_4_fu_454_p2              |        or|   0|  0|   2|           1|           1|
    |or_ln182_fu_448_p2                |        or|   0|  0|   2|           1|           1|
    |or_ln184_4_fu_478_p2              |        or|   0|  0|   2|           1|           1|
    |or_ln184_fu_472_p2                |        or|   0|  0|   2|           1|           1|
    |select_ln178_10_fu_690_p3         |    select|   0|  0|   3|           1|           3|
    |select_ln178_6_fu_676_p3          |    select|   0|  0|  15|           1|          15|
    |select_ln178_7_fu_302_p3          |    select|   0|  0|   6|           1|           1|
    |select_ln178_8_fu_310_p3          |    select|   0|  0|   4|           1|           1|
    |select_ln178_9_fu_683_p3          |    select|   0|  0|  15|           1|          15|
    |select_ln178_fu_294_p3            |    select|   0|  0|   3|           1|           1|
    |select_ln180_10_fu_542_p3         |    select|   0|  0|  13|           1|           1|
    |select_ln180_6_fu_384_p3          |    select|   0|  0|   6|           1|           6|
    |select_ln180_7_fu_404_p3          |    select|   0|  0|   4|           1|           4|
    |select_ln180_8_fu_704_p3          |    select|   0|  0|  15|           1|          15|
    |select_ln180_9_fu_440_p3          |    select|   0|  0|   3|           1|           3|
    |select_ln180_fu_697_p3            |    select|   0|  0|   3|           1|           1|
    |select_ln182_16_fu_749_p3         |    select|   0|  0|  15|           1|          15|
    |select_ln182_17_fu_756_p3         |    select|   0|  0|   3|           1|           3|
    |select_ln182_18_fu_528_p3         |    select|   0|  0|  11|           1|           1|
    |select_ln182_fu_583_p3            |    select|   0|  0|   3|           1|           1|
    |select_ln184_7_fu_596_p3          |    select|   0|  0|   3|           1|           3|
    |select_ln184_8_fu_514_p3          |    select|   0|  0|   8|           1|           1|
    |select_ln184_fu_484_p3            |    select|   0|  0|   5|           1|           1|
    |ap_enable_pp0                     |       xor|   0|  0|   2|           1|           2|
    |xor_ln178_fu_318_p2               |       xor|   0|  0|   2|           1|           2|
    |xor_ln180_fu_416_p2               |       xor|   0|  0|   2|           1|           2|
    |xor_ln182_fu_460_p2               |       xor|   0|  0|   2|           2|           1|
    +----------------------------------+----------+----+---+----+------------+------------+
    |Total                             |          |   0|  0| 536|         282|         297|
    +----------------------------------+----------+----+---+----+------------+------------+

    * Multiplexer: 
    +---------------------------+----+-----------+-----+-----------+
    |            Name           | LUT| Input Size| Bits| Total Bits|
    +---------------------------+----+-----------+-----+-----------+
    |ap_done_int                |   9|          2|    1|          2|
    |ap_enable_reg_pp0_iter1    |   9|          2|    1|          2|
    |ap_enable_reg_pp0_iter6    |   9|          2|    1|          2|
    |b_2_fu_148                 |   9|          2|    3|          6|
    |c_fu_140                   |   9|          2|    3|          6|
    |gmem_blk_n_AW              |   9|          2|    1|          2|
    |gmem_blk_n_B               |   9|          2|    1|          2|
    |gmem_blk_n_R               |   9|          2|    1|          2|
    |gmem_blk_n_W               |   9|          2|    1|          2|
    |h_4_fu_132                 |   9|          2|    3|          6|
    |indvar_flatten3285_fu_128  |   9|          2|    8|         16|
    |indvar_flatten3302_fu_136  |   9|          2|   11|         22|
    |indvar_flatten3338_fu_144  |   9|          2|   13|         26|
    |indvar_flatten3397_fu_152  |   9|          2|   14|         28|
    |w_fu_124                   |   9|          2|    3|          6|
    |x_fu_120                   |   9|          2|    5|         10|
    +---------------------------+----+-----------+-----+-----------+
    |Total                      | 144|         32|   70|        140|
    +---------------------------+----+-----------+-----+-----------+

    * Register: 
    +-----------------------------------+----+----+-----+-----------+
    |                Name               | FF | LUT| Bits| Const Bits|
    +-----------------------------------+----+----+-----+-----------+
    |and_ln178_4_reg_920                |   1|   0|    1|          0|
    |and_ln180_2_reg_930                |   1|   0|    1|          0|
    |and_ln182_reg_941                  |   1|   0|    1|          0|
    |and_ln182_reg_941_pp0_iter2_reg    |   1|   0|    1|          0|
    |ap_CS_fsm                          |   1|   0|    1|          0|
    |ap_done_reg                        |   1|   0|    1|          0|
    |ap_enable_reg_pp0_iter1            |   1|   0|    1|          0|
    |ap_enable_reg_pp0_iter10           |   1|   0|    1|          0|
    |ap_enable_reg_pp0_iter11           |   1|   0|    1|          0|
    |ap_enable_reg_pp0_iter2            |   1|   0|    1|          0|
    |ap_enable_reg_pp0_iter3            |   1|   0|    1|          0|
    |ap_enable_reg_pp0_iter4            |   1|   0|    1|          0|
    |ap_enable_reg_pp0_iter5            |   1|   0|    1|          0|
    |ap_enable_reg_pp0_iter6            |   1|   0|    1|          0|
    |ap_enable_reg_pp0_iter7            |   1|   0|    1|          0|
    |ap_enable_reg_pp0_iter8            |   1|   0|    1|          0|
    |ap_enable_reg_pp0_iter9            |   1|   0|    1|          0|
    |ap_loop_exit_ready_pp0_iter10_reg  |   1|   0|    1|          0|
    |ap_loop_exit_ready_pp0_iter2_reg   |   1|   0|    1|          0|
    |ap_loop_exit_ready_pp0_iter3_reg   |   1|   0|    1|          0|
    |ap_loop_exit_ready_pp0_iter4_reg   |   1|   0|    1|          0|
    |ap_loop_exit_ready_pp0_iter5_reg   |   1|   0|    1|          0|
    |ap_loop_exit_ready_pp0_iter6_reg   |   1|   0|    1|          0|
    |ap_loop_exit_ready_pp0_iter7_reg   |   1|   0|    1|          0|
    |ap_loop_exit_ready_pp0_iter8_reg   |   1|   0|    1|          0|
    |ap_loop_exit_ready_pp0_iter9_reg   |   1|   0|    1|          0|
    |b_2_fu_148                         |   3|   0|    3|          0|
    |c_fu_140                           |   3|   0|    3|          0|
    |gmem_addr_64_reg_951               |  64|   0|   64|          0|
    |gmem_addr_read_reg_957             |  32|   0|   32|          0|
    |h_4_fu_132                         |   3|   0|    3|          0|
    |icmp_ln178_reg_909                 |   1|   0|    1|          0|
    |icmp_ln180_reg_913                 |   1|   0|    1|          0|
    |indvar_flatten3285_fu_128          |   8|   0|    8|          0|
    |indvar_flatten3302_fu_136          |  11|   0|   11|          0|
    |indvar_flatten3338_fu_144          |  13|   0|   13|          0|
    |indvar_flatten3397_fu_152          |  14|   0|   14|          0|
    |or_ln180_reg_925                   |   1|   0|    1|          0|
    |or_ln182_4_reg_936                 |   1|   0|    1|          0|
    |or_ln182_4_reg_936_pp0_iter2_reg   |   1|   0|    1|          0|
    |w_fu_124                           |   3|   0|    3|          0|
    |x_fu_120                           |   5|   0|    5|          0|
    |and_ln178_4_reg_920                |  64|  32|    1|          0|
    |and_ln180_2_reg_930                |  64|  32|    1|          0|
    |icmp_ln178_reg_909                 |  64|  32|    1|          0|
    |icmp_ln180_reg_913                 |  64|  32|    1|          0|
    |or_ln180_reg_925                   |  64|  32|    1|          0|
    +-----------------------------------+----+----+-----+-----------+
    |Total                              | 510| 160|  195|          0|
    +-----------------------------------+----+----+-----+-----------+



================================================================
== Interface
================================================================
* Summary: 
+---------------------+-----+-----+------------+----------------------------------------------------------------------------------+--------------+
|      RTL Ports      | Dir | Bits|  Protocol  |                                   Source Object                                  |    C Type    |
+---------------------+-----+-----+------------+----------------------------------------------------------------------------------+--------------+
|ap_clk               |   in|    1|  ap_ctrl_hs|  kernel_attention_3.1_Pipeline_VITIS_LOOP_178_1_VITIS_LOOP_182_3_VITIS_LOOP_184_4|  return value|
|ap_rst               |   in|    1|  ap_ctrl_hs|  kernel_attention_3.1_Pipeline_VITIS_LOOP_178_1_VITIS_LOOP_182_3_VITIS_LOOP_184_4|  return value|
|ap_start             |   in|    1|  ap_ctrl_hs|  kernel_attention_3.1_Pipeline_VITIS_LOOP_178_1_VITIS_LOOP_182_3_VITIS_LOOP_184_4|  return value|
|ap_done              |  out|    1|  ap_ctrl_hs|  kernel_attention_3.1_Pipeline_VITIS_LOOP_178_1_VITIS_LOOP_182_3_VITIS_LOOP_184_4|  return value|
|ap_idle              |  out|    1|  ap_ctrl_hs|  kernel_attention_3.1_Pipeline_VITIS_LOOP_178_1_VITIS_LOOP_182_3_VITIS_LOOP_184_4|  return value|
|ap_ready             |  out|    1|  ap_ctrl_hs|  kernel_attention_3.1_Pipeline_VITIS_LOOP_178_1_VITIS_LOOP_182_3_VITIS_LOOP_184_4|  return value|
|m_axi_gmem_AWVALID   |  out|    1|       m_axi|                                                                              gmem|       pointer|
|m_axi_gmem_AWREADY   |   in|    1|       m_axi|                                                                              gmem|       pointer|
|m_axi_gmem_AWADDR    |  out|   64|       m_axi|                                                                              gmem|       pointer|
|m_axi_gmem_AWID      |  out|    1|       m_axi|                                                                              gmem|       pointer|
|m_axi_gmem_AWLEN     |  out|   32|       m_axi|                                                                              gmem|       pointer|
|m_axi_gmem_AWSIZE    |  out|    3|       m_axi|                                                                              gmem|       pointer|
|m_axi_gmem_AWBURST   |  out|    2|       m_axi|                                                                              gmem|       pointer|
|m_axi_gmem_AWLOCK    |  out|    2|       m_axi|                                                                              gmem|       pointer|
|m_axi_gmem_AWCACHE   |  out|    4|       m_axi|                                                                              gmem|       pointer|
|m_axi_gmem_AWPROT    |  out|    3|       m_axi|                                                                              gmem|       pointer|
|m_axi_gmem_AWQOS     |  out|    4|       m_axi|                                                                              gmem|       pointer|
|m_axi_gmem_AWREGION  |  out|    4|       m_axi|                                                                              gmem|       pointer|
|m_axi_gmem_AWUSER    |  out|    1|       m_axi|                                                                              gmem|       pointer|
|m_axi_gmem_WVALID    |  out|    1|       m_axi|                                                                              gmem|       pointer|
|m_axi_gmem_WREADY    |   in|    1|       m_axi|                                                                              gmem|       pointer|
|m_axi_gmem_WDATA     |  out|   32|       m_axi|                                                                              gmem|       pointer|
|m_axi_gmem_WSTRB     |  out|    4|       m_axi|                                                                              gmem|       pointer|
|m_axi_gmem_WLAST     |  out|    1|       m_axi|                                                                              gmem|       pointer|
|m_axi_gmem_WID       |  out|    1|       m_axi|                                                                              gmem|       pointer|
|m_axi_gmem_WUSER     |  out|    1|       m_axi|                                                                              gmem|       pointer|
|m_axi_gmem_ARVALID   |  out|    1|       m_axi|                                                                              gmem|       pointer|
|m_axi_gmem_ARREADY   |   in|    1|       m_axi|                                                                              gmem|       pointer|
|m_axi_gmem_ARADDR    |  out|   64|       m_axi|                                                                              gmem|       pointer|
|m_axi_gmem_ARID      |  out|    1|       m_axi|                                                                              gmem|       pointer|
|m_axi_gmem_ARLEN     |  out|   32|       m_axi|                                                                              gmem|       pointer|
|m_axi_gmem_ARSIZE    |  out|    3|       m_axi|                                                                              gmem|       pointer|
|m_axi_gmem_ARBURST   |  out|    2|       m_axi|                                                                              gmem|       pointer|
|m_axi_gmem_ARLOCK    |  out|    2|       m_axi|                                                                              gmem|       pointer|
|m_axi_gmem_ARCACHE   |  out|    4|       m_axi|                                                                              gmem|       pointer|
|m_axi_gmem_ARPROT    |  out|    3|       m_axi|                                                                              gmem|       pointer|
|m_axi_gmem_ARQOS     |  out|    4|       m_axi|                                                                              gmem|       pointer|
|m_axi_gmem_ARREGION  |  out|    4|       m_axi|                                                                              gmem|       pointer|
|m_axi_gmem_ARUSER    |  out|    1|       m_axi|                                                                              gmem|       pointer|
|m_axi_gmem_RVALID    |   in|    1|       m_axi|                                                                              gmem|       pointer|
|m_axi_gmem_RREADY    |  out|    1|       m_axi|                                                                              gmem|       pointer|
|m_axi_gmem_RDATA     |   in|   32|       m_axi|                                                                              gmem|       pointer|
|m_axi_gmem_RLAST     |   in|    1|       m_axi|                                                                              gmem|       pointer|
|m_axi_gmem_RID       |   in|    1|       m_axi|                                                                              gmem|       pointer|
|m_axi_gmem_RFIFONUM  |   in|    9|       m_axi|                                                                              gmem|       pointer|
|m_axi_gmem_RUSER     |   in|    1|       m_axi|                                                                              gmem|       pointer|
|m_axi_gmem_RRESP     |   in|    2|       m_axi|                                                                              gmem|       pointer|
|m_axi_gmem_BVALID    |   in|    1|       m_axi|                                                                              gmem|       pointer|
|m_axi_gmem_BREADY    |  out|    1|       m_axi|                                                                              gmem|       pointer|
|m_axi_gmem_BRESP     |   in|    2|       m_axi|                                                                              gmem|       pointer|
|m_axi_gmem_BID       |   in|    1|       m_axi|                                                                              gmem|       pointer|
|m_axi_gmem_BUSER     |   in|    1|       m_axi|                                                                              gmem|       pointer|
|sext_ln178           |   in|   62|     ap_none|                                                                        sext_ln178|        scalar|
|afterRearrangeQKX    |   in|   64|     ap_none|                                                                 afterRearrangeQKX|        scalar|
+---------------------+-----+-----+------------+----------------------------------------------------------------------------------+--------------+

