

================================================================
== Vitis HLS Report for 'kernel_stage4_1_Pipeline_VITIS_LOOP_19_2'
================================================================
* Date:           Fri Nov 10 02:20:28 2023

* Version:        2022.1 (Build 3526262 on Mon Apr 18 15:47:01 MDT 2022)
* Project:        proj_kernel_EMO
* Solution:       solution1 (Vivado IP Flow Target)
* Product family: virtexuplus
* Target device:  xcu250-figd2104-2L-e


================================================================
== Performance Estimates
================================================================
+ Timing: 
    * Summary: 
    +--------+----------+-----------+------------+
    |  Clock |  Target  | Estimated | Uncertainty|
    +--------+----------+-----------+------------+
    |ap_clk  |  50.00 ns|  36.500 ns|    13.50 ns|
    +--------+----------+-----------+------------+

+ Latency: 
    * Summary: 
    +---------+---------+----------+----------+-------+-------+---------+
    |  Latency (cycles) |  Latency (absolute) |    Interval   | Pipeline|
    |   min   |   max   |    min   |    max   |  min  |  max  |   Type  |
    +---------+---------+----------+----------+-------+-------+---------+
    |    16466|    16466|  0.823 ms|  0.823 ms|  16466|  16466|       no|
    +---------+---------+----------+----------+-------+-------+---------+

    + Detail: 
        * Instance: 
        N/A

        * Loop: 
        +-------------------+---------+---------+----------+-----------+-----------+-------+----------+
        |                   |  Latency (cycles) | Iteration|  Initiation Interval  |  Trip |          |
        |     Loop Name     |   min   |   max   |  Latency |  achieved |   target  | Count | Pipelined|
        +-------------------+---------+---------+----------+-----------+-----------+-------+----------+
        |- VITIS_LOOP_19_2  |    16464|    16464|         2|          1|          1|  16464|       yes|
        +-------------------+---------+---------+----------+-----------+-----------+-------+----------+



================================================================
== Utilization Estimates
================================================================
* Summary: 
+---------------------+---------+-------+---------+---------+------+
|         Name        | BRAM_18K|  DSP  |    FF   |   LUT   | URAM |
+---------------------+---------+-------+---------+---------+------+
|DSP                  |        -|      -|        -|        -|     -|
|Expression           |        -|      -|        0|       38|     -|
|FIFO                 |        -|      -|        -|        -|     -|
|Instance             |        -|      -|        -|        -|     -|
|Memory               |        -|      -|        -|        -|     -|
|Multiplexer          |        -|      -|        -|       45|     -|
|Register             |        -|      -|       18|        -|     -|
+---------------------+---------+-------+---------+---------+------+
|Total                |        0|      0|       18|       83|     0|
+---------------------+---------+-------+---------+---------+------+
|Available SLR        |     1344|   3072|   864000|   432000|   320|
+---------------------+---------+-------+---------+---------+------+
|Utilization SLR (%)  |        0|      0|       ~0|       ~0|     0|
+---------------------+---------+-------+---------+---------+------+
|Available            |     5376|  12288|  3456000|  1728000|  1280|
+---------------------+---------+-------+---------+---------+------+
|Utilization (%)      |        0|      0|       ~0|       ~0|     0|
+---------------------+---------+-------+---------+---------+------+

+ Detail: 
    * Instance: 
    N/A

    * DSP: 
    N/A

    * Memory: 
    N/A

    * FIFO: 
    N/A

    * Expression: 
    +---------------------------+----------+----+---+----+------------+------------+
    |       Variable Name       | Operation| DSP| FF| LUT| Bitwidth P0| Bitwidth P1|
    +---------------------------+----------+----+---+----+------------+------------+
    |add_ln19_fu_91_p2          |         +|   0|  0|  22|          15|           1|
    |ap_block_pp0_stage0_11001  |       and|   0|  0|   2|           1|           1|
    |icmp_ln19_fu_85_p2         |      icmp|   0|  0|  12|          15|          15|
    |ap_enable_pp0              |       xor|   0|  0|   2|           1|           2|
    +---------------------------+----------+----+---+----+------------+------------+
    |Total                      |          |   0|  0|  38|          32|          19|
    +---------------------------+----------+----+---+----+------------+------------+

    * Multiplexer: 
    +-------------------------+----+-----------+-----+-----------+
    |           Name          | LUT| Input Size| Bits| Total Bits|
    +-------------------------+----+-----------+-----+-----------+
    |ap_done_int              |   9|          2|    1|          2|
    |ap_enable_reg_pp0_iter1  |   9|          2|    1|          2|
    |ap_sig_allocacmp_i_14    |   9|          2|   15|         30|
    |gmem_blk_n_W             |   9|          2|    1|          2|
    |i_fu_48                  |   9|          2|   15|         30|
    +-------------------------+----+-----------+-----+-----------+
    |Total                    |  45|         10|   33|         66|
    +-------------------------+----+-----------+-----+-----------+

    * Register: 
    +-------------------------+----+----+-----+-----------+
    |           Name          | FF | LUT| Bits| Const Bits|
    +-------------------------+----+----+-----+-----------+
    |ap_CS_fsm                |   1|   0|    1|          0|
    |ap_done_reg              |   1|   0|    1|          0|
    |ap_enable_reg_pp0_iter1  |   1|   0|    1|          0|
    |i_fu_48                  |  15|   0|   15|          0|
    +-------------------------+----+----+-----+-----------+
    |Total                    |  18|   0|   18|          0|
    +-------------------------+----+----+-----+-----------+



================================================================
== Interface
================================================================
* Summary: 
+---------------------+-----+-----+------------+------------------------------------------+--------------+
|      RTL Ports      | Dir | Bits|  Protocol  |               Source Object              |    C Type    |
+---------------------+-----+-----+------------+------------------------------------------+--------------+
|ap_clk               |   in|    1|  ap_ctrl_hs|  kernel_stage4.1_Pipeline_VITIS_LOOP_19_2|  return value|
|ap_rst               |   in|    1|  ap_ctrl_hs|  kernel_stage4.1_Pipeline_VITIS_LOOP_19_2|  return value|
|ap_start             |   in|    1|  ap_ctrl_hs|  kernel_stage4.1_Pipeline_VITIS_LOOP_19_2|  return value|
|ap_done              |  out|    1|  ap_ctrl_hs|  kernel_stage4.1_Pipeline_VITIS_LOOP_19_2|  return value|
|ap_idle              |  out|    1|  ap_ctrl_hs|  kernel_stage4.1_Pipeline_VITIS_LOOP_19_2|  return value|
|ap_ready             |  out|    1|  ap_ctrl_hs|  kernel_stage4.1_Pipeline_VITIS_LOOP_19_2|  return value|
|m_axi_gmem_AWVALID   |  out|    1|       m_axi|                                      gmem|       pointer|
|m_axi_gmem_AWREADY   |   in|    1|       m_axi|                                      gmem|       pointer|
|m_axi_gmem_AWADDR    |  out|   64|       m_axi|                                      gmem|       pointer|
|m_axi_gmem_AWID      |  out|    1|       m_axi|                                      gmem|       pointer|
|m_axi_gmem_AWLEN     |  out|   32|       m_axi|                                      gmem|       pointer|
|m_axi_gmem_AWSIZE    |  out|    3|       m_axi|                                      gmem|       pointer|
|m_axi_gmem_AWBURST   |  out|    2|       m_axi|                                      gmem|       pointer|
|m_axi_gmem_AWLOCK    |  out|    2|       m_axi|                                      gmem|       pointer|
|m_axi_gmem_AWCACHE   |  out|    4|       m_axi|                                      gmem|       pointer|
|m_axi_gmem_AWPROT    |  out|    3|       m_axi|                                      gmem|       pointer|
|m_axi_gmem_AWQOS     |  out|    4|       m_axi|                                      gmem|       pointer|
|m_axi_gmem_AWREGION  |  out|    4|       m_axi|                                      gmem|       pointer|
|m_axi_gmem_AWUSER    |  out|    1|       m_axi|                                      gmem|       pointer|
|m_axi_gmem_WVALID    |  out|    1|       m_axi|                                      gmem|       pointer|
|m_axi_gmem_WREADY    |   in|    1|       m_axi|                                      gmem|       pointer|
|m_axi_gmem_WDATA     |  out|   32|       m_axi|                                      gmem|       pointer|
|m_axi_gmem_WSTRB     |  out|    4|       m_axi|                                      gmem|       pointer|
|m_axi_gmem_WLAST     |  out|    1|       m_axi|                                      gmem|       pointer|
|m_axi_gmem_WID       |  out|    1|       m_axi|                                      gmem|       pointer|
|m_axi_gmem_WUSER     |  out|    1|       m_axi|                                      gmem|       pointer|
|m_axi_gmem_ARVALID   |  out|    1|       m_axi|                                      gmem|       pointer|
|m_axi_gmem_ARREADY   |   in|    1|       m_axi|                                      gmem|       pointer|
|m_axi_gmem_ARADDR    |  out|   64|       m_axi|                                      gmem|       pointer|
|m_axi_gmem_ARID      |  out|    1|       m_axi|                                      gmem|       pointer|
|m_axi_gmem_ARLEN     |  out|   32|       m_axi|                                      gmem|       pointer|
|m_axi_gmem_ARSIZE    |  out|    3|       m_axi|                                      gmem|       pointer|
|m_axi_gmem_ARBURST   |  out|    2|       m_axi|                                      gmem|       pointer|
|m_axi_gmem_ARLOCK    |  out|    2|       m_axi|                                      gmem|       pointer|
|m_axi_gmem_ARCACHE   |  out|    4|       m_axi|                                      gmem|       pointer|
|m_axi_gmem_ARPROT    |  out|    3|       m_axi|                                      gmem|       pointer|
|m_axi_gmem_ARQOS     |  out|    4|       m_axi|                                      gmem|       pointer|
|m_axi_gmem_ARREGION  |  out|    4|       m_axi|                                      gmem|       pointer|
|m_axi_gmem_ARUSER    |  out|    1|       m_axi|                                      gmem|       pointer|
|m_axi_gmem_RVALID    |   in|    1|       m_axi|                                      gmem|       pointer|
|m_axi_gmem_RREADY    |  out|    1|       m_axi|                                      gmem|       pointer|
|m_axi_gmem_RDATA     |   in|   32|       m_axi|                                      gmem|       pointer|
|m_axi_gmem_RLAST     |   in|    1|       m_axi|                                      gmem|       pointer|
|m_axi_gmem_RID       |   in|    1|       m_axi|                                      gmem|       pointer|
|m_axi_gmem_RFIFONUM  |   in|    9|       m_axi|                                      gmem|       pointer|
|m_axi_gmem_RUSER     |   in|    1|       m_axi|                                      gmem|       pointer|
|m_axi_gmem_RRESP     |   in|    2|       m_axi|                                      gmem|       pointer|
|m_axi_gmem_BVALID    |   in|    1|       m_axi|                                      gmem|       pointer|
|m_axi_gmem_BREADY    |  out|    1|       m_axi|                                      gmem|       pointer|
|m_axi_gmem_BRESP     |   in|    2|       m_axi|                                      gmem|       pointer|
|m_axi_gmem_BID       |   in|    1|       m_axi|                                      gmem|       pointer|
|m_axi_gmem_BUSER     |   in|    1|       m_axi|                                      gmem|       pointer|
|sext_ln19            |   in|   62|     ap_none|                                 sext_ln19|        scalar|
+---------------------+-----+-----+------------+------------------------------------------+--------------+

