

================================================================
== Vitis HLS Report for 'kernel_attention_3_2_Pipeline_VITIS_LOOP_81_2_VITIS_LOOP_83_3'
================================================================
* Date:           Fri Nov 10 02:18:44 2023

* Version:        2022.1 (Build 3526262 on Mon Apr 18 15:47:01 MDT 2022)
* Project:        proj_kernel_EMO
* Solution:       solution1 (Vivado IP Flow Target)
* Product family: virtexuplus
* Target device:  xcu250-figd2104-2L-e


================================================================
== Performance Estimates
================================================================
+ Timing: 
    * Summary: 
    +--------+----------+-----------+------------+
    |  Clock |  Target  | Estimated | Uncertainty|
    +--------+----------+-----------+------------+
    |ap_clk  |  50.00 ns|  36.500 ns|    13.50 ns|
    +--------+----------+-----------+------------+

+ Latency: 
    * Summary: 
    +---------+---------+----------+----------+-------+-------+---------+
    |  Latency (cycles) |  Latency (absolute) |    Interval   | Pipeline|
    |   min   |   max   |    min   |    max   |  min  |  max  |   Type  |
    +---------+---------+----------+----------+-------+-------+---------+
    |    15698|    15698|  0.785 ms|  0.785 ms|  15698|  15698|       no|
    +---------+---------+----------+----------+-------+-------+---------+

    + Detail: 
        * Instance: 
        N/A

        * Loop: 
        +-----------------------------------+---------+---------+----------+-----------+-----------+------+----------+
        |                                   |  Latency (cycles) | Iteration|  Initiation Interval  | Trip |          |
        |             Loop Name             |   min   |   max   |  Latency |  achieved |   target  | Count| Pipelined|
        +-----------------------------------+---------+---------+----------+-----------+-----------+------+----------+
        |- VITIS_LOOP_81_2_VITIS_LOOP_83_3  |    15696|    15696|        45|         28|          1|   560|       yes|
        +-----------------------------------+---------+---------+----------+-----------+-----------+------+----------+



================================================================
== Utilization Estimates
================================================================
* Summary: 
+---------------------+---------+-------+---------+---------+------+
|         Name        | BRAM_18K|  DSP  |    FF   |   LUT   | URAM |
+---------------------+---------+-------+---------+---------+------+
|DSP                  |        -|      2|        -|        -|     -|
|Expression           |        -|      -|        0|     2815|     -|
|FIFO                 |        -|      -|        -|        -|     -|
|Instance             |        -|      -|        -|        -|     -|
|Memory               |        -|      -|        -|        -|     -|
|Multiplexer          |        -|      -|        -|      425|     -|
|Register             |        -|      -|     1989|        -|     -|
+---------------------+---------+-------+---------+---------+------+
|Total                |        0|      2|     1989|     3240|     0|
+---------------------+---------+-------+---------+---------+------+
|Available SLR        |     1344|   3072|   864000|   432000|   320|
+---------------------+---------+-------+---------+---------+------+
|Utilization SLR (%)  |        0|     ~0|       ~0|       ~0|     0|
+---------------------+---------+-------+---------+---------+------+
|Available            |     5376|  12288|  3456000|  1728000|  1280|
+---------------------+---------+-------+---------+---------+------+
|Utilization (%)      |        0|     ~0|       ~0|       ~0|     0|
+---------------------+---------+-------+---------+---------+------+

+ Detail: 
    * Instance: 
    N/A

    * DSP: 
    +------------------------------------+------------------------------+--------------+
    |              Instance              |            Module            |  Expression  |
    +------------------------------------+------------------------------+--------------+
    |mac_muladd_7ns_6ns_7s_13_4_1_U4316  |mac_muladd_7ns_6ns_7s_13_4_1  |  i0 + i1 * i2|
    |mac_muladd_7ns_8ns_9s_15_4_1_U4315  |mac_muladd_7ns_8ns_9s_15_4_1  |  i0 + i1 * i2|
    +------------------------------------+------------------------------+--------------+

    * Memory: 
    N/A

    * FIFO: 
    N/A

    * Expression: 
    +------------------------------------+----------+----+---+----+------------+------------+
    |            Variable Name           | Operation| DSP| FF| LUT| Bitwidth P0| Bitwidth P1|
    +------------------------------------+----------+----+---+----+------------+------------+
    |add_ln81_1_fu_728_p2                |         +|   0|  0|  14|           7|           1|
    |add_ln81_fu_702_p2                  |         +|   0|  0|  17|          10|           1|
    |add_ln83_fu_746_p2                  |         +|   0|  0|  10|           3|           1|
    |add_ln85_1_fu_847_p2                |         +|   0|  0|  71|          64|          64|
    |add_ln85_2_fu_837_p2                |         +|   0|  0|  25|          18|           6|
    |add_ln91_10_fu_1079_p2              |         +|   0|  0|  20|          13|          12|
    |add_ln91_11_fu_1096_p2              |         +|   0|  0|  71|          64|          64|
    |add_ln91_12_fu_1121_p2              |         +|   0|  0|  20|          13|           2|
    |add_ln91_13_fu_1138_p2              |         +|   0|  0|  71|          64|          64|
    |add_ln91_14_fu_1163_p2              |         +|   0|  0|  20|          13|          12|
    |add_ln91_15_fu_1180_p2              |         +|   0|  0|  71|          64|          64|
    |add_ln91_16_fu_1205_p2              |         +|   0|  0|  20|          13|           3|
    |add_ln91_17_fu_1222_p2              |         +|   0|  0|  71|          64|          64|
    |add_ln91_18_fu_1247_p2              |         +|   0|  0|  20|          13|          12|
    |add_ln91_19_fu_1264_p2              |         +|   0|  0|  71|          64|          64|
    |add_ln91_1_fu_886_p2                |         +|   0|  0|  71|          64|          64|
    |add_ln91_20_fu_1289_p2              |         +|   0|  0|  20|          13|           3|
    |add_ln91_21_fu_1306_p2              |         +|   0|  0|  71|          64|          64|
    |add_ln91_22_fu_1331_p2              |         +|   0|  0|  20|          13|          12|
    |add_ln91_23_fu_1348_p2              |         +|   0|  0|  71|          64|          64|
    |add_ln91_24_fu_1373_p2              |         +|   0|  0|  19|          12|           3|
    |add_ln91_25_fu_1390_p2              |         +|   0|  0|  71|          64|          64|
    |add_ln91_26_fu_1415_p2              |         +|   0|  0|  20|          13|          12|
    |add_ln91_27_fu_1432_p2              |         +|   0|  0|  71|          64|          64|
    |add_ln91_28_fu_1460_p2              |         +|   0|  0|  21|          14|          13|
    |add_ln91_29_fu_1478_p2              |         +|   0|  0|  71|          64|          64|
    |add_ln91_2_fu_911_p2                |         +|   0|  0|  20|          13|          12|
    |add_ln91_30_fu_1503_p2              |         +|   0|  0|  21|          14|          14|
    |add_ln91_31_fu_1520_p2              |         +|   0|  0|  71|          64|          64|
    |add_ln91_32_fu_1545_p2              |         +|   0|  0|  21|          14|          13|
    |add_ln91_33_fu_1562_p2              |         +|   0|  0|  71|          64|          64|
    |add_ln91_34_fu_1587_p2              |         +|   0|  0|  21|          14|          14|
    |add_ln91_35_fu_1604_p2              |         +|   0|  0|  71|          64|          64|
    |add_ln91_36_fu_1629_p2              |         +|   0|  0|  21|          14|          13|
    |add_ln91_37_fu_1646_p2              |         +|   0|  0|  71|          64|          64|
    |add_ln91_38_fu_1671_p2              |         +|   0|  0|  21|          14|          14|
    |add_ln91_39_fu_1688_p2              |         +|   0|  0|  71|          64|          64|
    |add_ln91_3_fu_928_p2                |         +|   0|  0|  71|          64|          64|
    |add_ln91_40_fu_1713_p2              |         +|   0|  0|  21|          14|          13|
    |add_ln91_41_fu_1730_p2              |         +|   0|  0|  71|          64|          64|
    |add_ln91_42_fu_1755_p2              |         +|   0|  0|  21|          14|          14|
    |add_ln91_43_fu_1772_p2              |         +|   0|  0|  71|          64|          64|
    |add_ln91_44_fu_1797_p2              |         +|   0|  0|  21|          14|          13|
    |add_ln91_45_fu_1814_p2              |         +|   0|  0|  71|          64|          64|
    |add_ln91_46_fu_1839_p2              |         +|   0|  0|  21|          14|          14|
    |add_ln91_47_fu_1856_p2              |         +|   0|  0|  71|          64|          64|
    |add_ln91_48_fu_1881_p2              |         +|   0|  0|  21|          14|          13|
    |add_ln91_49_fu_1898_p2              |         +|   0|  0|  71|          64|          64|
    |add_ln91_4_fu_953_p2                |         +|   0|  0|  20|          13|           1|
    |add_ln91_50_fu_1923_p2              |         +|   0|  0|  21|          14|          14|
    |add_ln91_51_fu_1940_p2              |         +|   0|  0|  71|          64|          64|
    |add_ln91_52_fu_1965_p2              |         +|   0|  0|  21|          14|          13|
    |add_ln91_53_fu_1982_p2              |         +|   0|  0|  71|          64|          64|
    |add_ln91_54_fu_2007_p2              |         +|   0|  0|  21|          14|          14|
    |add_ln91_55_fu_2024_p2              |         +|   0|  0|  71|          64|          64|
    |add_ln91_5_fu_970_p2                |         +|   0|  0|  71|          64|          64|
    |add_ln91_6_fu_995_p2                |         +|   0|  0|  20|          13|          12|
    |add_ln91_7_fu_1012_p2               |         +|   0|  0|  71|          64|          64|
    |add_ln91_8_fu_1037_p2               |         +|   0|  0|  20|          13|           2|
    |add_ln91_9_fu_1054_p2               |         +|   0|  0|  71|          64|          64|
    |empty_393_fu_816_p2                 |         -|   0|  0|  14|           7|           7|
    |empty_fu_792_p2                     |         -|   0|  0|  16|           9|           9|
    |ap_block_pp0_stage0_01001           |       and|   0|  0|   2|           1|           1|
    |ap_block_pp0_stage0_11001           |       and|   0|  0|   2|           1|           1|
    |ap_block_pp0_stage10_11001          |       and|   0|  0|   2|           1|           1|
    |ap_block_pp0_stage17_01001          |       and|   0|  0|   2|           1|           1|
    |ap_block_pp0_stage17_11001          |       and|   0|  0|   2|           1|           1|
    |ap_block_pp0_stage18_11001          |       and|   0|  0|   2|           1|           1|
    |ap_block_pp0_stage19_11001          |       and|   0|  0|   2|           1|           1|
    |ap_block_pp0_stage1_11001           |       and|   0|  0|   2|           1|           1|
    |ap_block_pp0_stage20_11001          |       and|   0|  0|   2|           1|           1|
    |ap_block_pp0_stage21_11001          |       and|   0|  0|   2|           1|           1|
    |ap_block_pp0_stage22_11001          |       and|   0|  0|   2|           1|           1|
    |ap_block_pp0_stage23_11001          |       and|   0|  0|   2|           1|           1|
    |ap_block_pp0_stage24_11001          |       and|   0|  0|   2|           1|           1|
    |ap_block_pp0_stage25_11001          |       and|   0|  0|   2|           1|           1|
    |ap_block_pp0_stage26_11001          |       and|   0|  0|   2|           1|           1|
    |ap_block_pp0_stage27_11001          |       and|   0|  0|   2|           1|           1|
    |ap_block_pp0_stage2_11001           |       and|   0|  0|   2|           1|           1|
    |ap_block_pp0_stage3_11001           |       and|   0|  0|   2|           1|           1|
    |ap_block_pp0_stage5_11001           |       and|   0|  0|   2|           1|           1|
    |ap_block_pp0_stage6_11001           |       and|   0|  0|   2|           1|           1|
    |ap_block_pp0_stage7_11001           |       and|   0|  0|   2|           1|           1|
    |ap_block_pp0_stage8_11001           |       and|   0|  0|   2|           1|           1|
    |ap_block_pp0_stage9_11001           |       and|   0|  0|   2|           1|           1|
    |ap_block_state12_io                 |       and|   0|  0|   2|           1|           1|
    |ap_block_state12_pp0_stage11_iter0  |       and|   0|  0|   2|           1|           1|
    |ap_block_state5_io                  |       and|   0|  0|   2|           1|           1|
    |icmp_ln81_fu_696_p2                 |      icmp|   0|  0|  11|          10|          10|
    |icmp_ln83_fu_714_p2                 |      icmp|   0|  0|   8|           3|           2|
    |ap_block_pp0_stage11_01001          |        or|   0|  0|   2|           1|           1|
    |ap_block_pp0_stage11_11001          |        or|   0|  0|   2|           1|           1|
    |ap_block_pp0_stage12_11001          |        or|   0|  0|   2|           1|           1|
    |ap_block_pp0_stage13_11001          |        or|   0|  0|   2|           1|           1|
    |ap_block_pp0_stage14_11001          |        or|   0|  0|   2|           1|           1|
    |ap_block_pp0_stage15_11001          |        or|   0|  0|   2|           1|           1|
    |ap_block_pp0_stage16_11001          |        or|   0|  0|   2|           1|           1|
    |ap_block_pp0_stage4_11001           |        or|   0|  0|   2|           1|           1|
    |ap_block_state13_io                 |        or|   0|  0|   2|           1|           1|
    |ap_block_state18_pp0_stage17_iter0  |        or|   0|  0|   2|           1|           1|
    |ap_block_state29_io                 |        or|   0|  0|   2|           1|           1|
    |ap_block_state29_pp0_stage0_iter1   |        or|   0|  0|   2|           1|           1|
    |select_ln81_1_fu_734_p3             |    select|   0|  0|   7|           1|           7|
    |select_ln81_fu_720_p3               |    select|   0|  0|   3|           1|           1|
    |ap_enable_pp0                       |       xor|   0|  0|   2|           1|           2|
    +------------------------------------+----------+----+---+----+------------+------------+
    |Total                               |          |   0|  0|2815|        2328|        2228|
    +------------------------------------+----------+----+---+----+------------+------------+

    * Multiplexer: 
    +--------------------------------------+-----+-----------+-----+-----------+
    |                 Name                 | LUT | Input Size| Bits| Total Bits|
    +--------------------------------------+-----+-----------+-----+-----------+
    |ap_NS_fsm                             |  145|         29|    1|         29|
    |ap_done_int                           |    9|          2|    1|          2|
    |ap_enable_reg_pp0_iter0               |    9|          2|    1|          2|
    |ap_enable_reg_pp0_iter0_reg           |    9|          2|    1|          2|
    |ap_enable_reg_pp0_iter1               |    9|          2|    1|          2|
    |ap_sig_allocacmp_indvar_flatten_load  |    9|          2|   10|         20|
    |ap_sig_allocacmp_j_load               |    9|          2|    7|         14|
    |ap_sig_allocacmp_k_load               |    9|          2|    3|          6|
    |gmem1_blk_n_AR                        |    9|          2|    1|          2|
    |gmem1_blk_n_R                         |    9|          2|    1|          2|
    |gmem_blk_n_AW                         |    9|          2|    1|          2|
    |gmem_blk_n_B                          |    9|          2|    1|          2|
    |gmem_blk_n_W                          |    9|          2|    1|          2|
    |indvar_flatten_fu_170                 |    9|          2|   10|         20|
    |j_fu_166                              |    9|          2|    7|         14|
    |k_fu_162                              |    9|          2|    3|          6|
    |m_axi_gmem_AWADDR                     |  145|         29|   64|       1856|
    +--------------------------------------+-----+-----------+-----+-----------+
    |Total                                 |  425|         88|  114|       1983|
    +--------------------------------------+-----+-----------+-----+-----------+

    * Register: 
    +-----------------------------+----+----+-----+-----------+
    |             Name            | FF | LUT| Bits| Const Bits|
    +-----------------------------+----+----+-----+-----------+
    |add_ln91_reg_2168            |  13|   0|   13|          0|
    |ap_CS_fsm                    |  28|   0|   28|          0|
    |ap_done_reg                  |   1|   0|    1|          0|
    |ap_enable_reg_pp0_iter0_reg  |   1|   0|    1|          0|
    |ap_enable_reg_pp0_iter1      |   1|   0|    1|          0|
    |gmem1_addr_reg_2162          |  64|   0|   64|          0|
    |gmem_addr_117_reg_2197       |  64|   0|   64|          0|
    |gmem_addr_118_reg_2203       |  64|   0|   64|          0|
    |gmem_addr_119_reg_2209       |  64|   0|   64|          0|
    |gmem_addr_120_reg_2215       |  64|   0|   64|          0|
    |gmem_addr_121_reg_2221       |  64|   0|   64|          0|
    |gmem_addr_122_reg_2227       |  64|   0|   64|          0|
    |gmem_addr_123_reg_2233       |  64|   0|   64|          0|
    |gmem_addr_124_reg_2239       |  64|   0|   64|          0|
    |gmem_addr_125_reg_2245       |  64|   0|   64|          0|
    |gmem_addr_126_reg_2251       |  64|   0|   64|          0|
    |gmem_addr_127_reg_2257       |  64|   0|   64|          0|
    |gmem_addr_128_reg_2263       |  64|   0|   64|          0|
    |gmem_addr_129_reg_2269       |  64|   0|   64|          0|
    |gmem_addr_130_reg_2292       |  64|   0|   64|          0|
    |gmem_addr_131_reg_2298       |  64|   0|   64|          0|
    |gmem_addr_132_reg_2304       |  64|   0|   64|          0|
    |gmem_addr_133_reg_2310       |  64|   0|   64|          0|
    |gmem_addr_134_reg_2316       |  64|   0|   64|          0|
    |gmem_addr_135_reg_2322       |  64|   0|   64|          0|
    |gmem_addr_136_reg_2328       |  64|   0|   64|          0|
    |gmem_addr_137_reg_2334       |  64|   0|   64|          0|
    |gmem_addr_138_reg_2340       |  64|   0|   64|          0|
    |gmem_addr_139_reg_2346       |  64|   0|   64|          0|
    |gmem_addr_140_reg_2352       |  64|   0|   64|          0|
    |gmem_addr_141_reg_2358       |  64|   0|   64|          0|
    |gmem_addr_142_reg_2364       |  64|   0|   64|          0|
    |gmem_addr_143_reg_2370       |  64|   0|   64|          0|
    |gmem_addr_reg_2191           |  64|   0|   64|          0|
    |icmp_ln81_reg_2125           |   1|   0|    1|          0|
    |indvar_flatten_fu_170        |  10|   0|   10|          0|
    |j_fu_166                     |   7|   0|    7|          0|
    |k_fu_162                     |   3|   0|    3|          0|
    |reg_646                      |  32|   0|   32|          0|
    |select_ln81_1_reg_2137       |   7|   0|    7|          0|
    |select_ln81_reg_2129         |   3|   0|    3|          0|
    |sext_ln91_28_reg_2275        |  14|   0|   14|          0|
    |trunc_ln91_reg_2186          |  12|   0|   12|          0|
    +-----------------------------+----+----+-----+-----------+
    |Total                        |1989|   0| 1989|          0|
    +-----------------------------+----+----+-----+-----------+



================================================================
== Interface
================================================================
* Summary: 
+----------------------+-----+-----+------------+---------------------------------------------------------------+--------------+
|       RTL Ports      | Dir | Bits|  Protocol  |                         Source Object                         |    C Type    |
+----------------------+-----+-----+------------+---------------------------------------------------------------+--------------+
|ap_clk                |   in|    1|  ap_ctrl_hs|  kernel_attention_3.2_Pipeline_VITIS_LOOP_81_2_VITIS_LOOP_83_3|  return value|
|ap_rst                |   in|    1|  ap_ctrl_hs|  kernel_attention_3.2_Pipeline_VITIS_LOOP_81_2_VITIS_LOOP_83_3|  return value|
|ap_start              |   in|    1|  ap_ctrl_hs|  kernel_attention_3.2_Pipeline_VITIS_LOOP_81_2_VITIS_LOOP_83_3|  return value|
|ap_done               |  out|    1|  ap_ctrl_hs|  kernel_attention_3.2_Pipeline_VITIS_LOOP_81_2_VITIS_LOOP_83_3|  return value|
|ap_idle               |  out|    1|  ap_ctrl_hs|  kernel_attention_3.2_Pipeline_VITIS_LOOP_81_2_VITIS_LOOP_83_3|  return value|
|ap_ready              |  out|    1|  ap_ctrl_hs|  kernel_attention_3.2_Pipeline_VITIS_LOOP_81_2_VITIS_LOOP_83_3|  return value|
|m_axi_gmem_AWVALID    |  out|    1|       m_axi|                                                           gmem|       pointer|
|m_axi_gmem_AWREADY    |   in|    1|       m_axi|                                                           gmem|       pointer|
|m_axi_gmem_AWADDR     |  out|   64|       m_axi|                                                           gmem|       pointer|
|m_axi_gmem_AWID       |  out|    1|       m_axi|                                                           gmem|       pointer|
|m_axi_gmem_AWLEN      |  out|   32|       m_axi|                                                           gmem|       pointer|
|m_axi_gmem_AWSIZE     |  out|    3|       m_axi|                                                           gmem|       pointer|
|m_axi_gmem_AWBURST    |  out|    2|       m_axi|                                                           gmem|       pointer|
|m_axi_gmem_AWLOCK     |  out|    2|       m_axi|                                                           gmem|       pointer|
|m_axi_gmem_AWCACHE    |  out|    4|       m_axi|                                                           gmem|       pointer|
|m_axi_gmem_AWPROT     |  out|    3|       m_axi|                                                           gmem|       pointer|
|m_axi_gmem_AWQOS      |  out|    4|       m_axi|                                                           gmem|       pointer|
|m_axi_gmem_AWREGION   |  out|    4|       m_axi|                                                           gmem|       pointer|
|m_axi_gmem_AWUSER     |  out|    1|       m_axi|                                                           gmem|       pointer|
|m_axi_gmem_WVALID     |  out|    1|       m_axi|                                                           gmem|       pointer|
|m_axi_gmem_WREADY     |   in|    1|       m_axi|                                                           gmem|       pointer|
|m_axi_gmem_WDATA      |  out|   32|       m_axi|                                                           gmem|       pointer|
|m_axi_gmem_WSTRB      |  out|    4|       m_axi|                                                           gmem|       pointer|
|m_axi_gmem_WLAST      |  out|    1|       m_axi|                                                           gmem|       pointer|
|m_axi_gmem_WID        |  out|    1|       m_axi|                                                           gmem|       pointer|
|m_axi_gmem_WUSER      |  out|    1|       m_axi|                                                           gmem|       pointer|
|m_axi_gmem_ARVALID    |  out|    1|       m_axi|                                                           gmem|       pointer|
|m_axi_gmem_ARREADY    |   in|    1|       m_axi|                                                           gmem|       pointer|
|m_axi_gmem_ARADDR     |  out|   64|       m_axi|                                                           gmem|       pointer|
|m_axi_gmem_ARID       |  out|    1|       m_axi|                                                           gmem|       pointer|
|m_axi_gmem_ARLEN      |  out|   32|       m_axi|                                                           gmem|       pointer|
|m_axi_gmem_ARSIZE     |  out|    3|       m_axi|                                                           gmem|       pointer|
|m_axi_gmem_ARBURST    |  out|    2|       m_axi|                                                           gmem|       pointer|
|m_axi_gmem_ARLOCK     |  out|    2|       m_axi|                                                           gmem|       pointer|
|m_axi_gmem_ARCACHE    |  out|    4|       m_axi|                                                           gmem|       pointer|
|m_axi_gmem_ARPROT     |  out|    3|       m_axi|                                                           gmem|       pointer|
|m_axi_gmem_ARQOS      |  out|    4|       m_axi|                                                           gmem|       pointer|
|m_axi_gmem_ARREGION   |  out|    4|       m_axi|                                                           gmem|       pointer|
|m_axi_gmem_ARUSER     |  out|    1|       m_axi|                                                           gmem|       pointer|
|m_axi_gmem_RVALID     |   in|    1|       m_axi|                                                           gmem|       pointer|
|m_axi_gmem_RREADY     |  out|    1|       m_axi|                                                           gmem|       pointer|
|m_axi_gmem_RDATA      |   in|   32|       m_axi|                                                           gmem|       pointer|
|m_axi_gmem_RLAST      |   in|    1|       m_axi|                                                           gmem|       pointer|
|m_axi_gmem_RID        |   in|    1|       m_axi|                                                           gmem|       pointer|
|m_axi_gmem_RFIFONUM   |   in|    9|       m_axi|                                                           gmem|       pointer|
|m_axi_gmem_RUSER      |   in|    1|       m_axi|                                                           gmem|       pointer|
|m_axi_gmem_RRESP      |   in|    2|       m_axi|                                                           gmem|       pointer|
|m_axi_gmem_BVALID     |   in|    1|       m_axi|                                                           gmem|       pointer|
|m_axi_gmem_BREADY     |  out|    1|       m_axi|                                                           gmem|       pointer|
|m_axi_gmem_BRESP      |   in|    2|       m_axi|                                                           gmem|       pointer|
|m_axi_gmem_BID        |   in|    1|       m_axi|                                                           gmem|       pointer|
|m_axi_gmem_BUSER      |   in|    1|       m_axi|                                                           gmem|       pointer|
|m_axi_gmem1_AWVALID   |  out|    1|       m_axi|                                                          gmem1|       pointer|
|m_axi_gmem1_AWREADY   |   in|    1|       m_axi|                                                          gmem1|       pointer|
|m_axi_gmem1_AWADDR    |  out|   64|       m_axi|                                                          gmem1|       pointer|
|m_axi_gmem1_AWID      |  out|    1|       m_axi|                                                          gmem1|       pointer|
|m_axi_gmem1_AWLEN     |  out|   32|       m_axi|                                                          gmem1|       pointer|
|m_axi_gmem1_AWSIZE    |  out|    3|       m_axi|                                                          gmem1|       pointer|
|m_axi_gmem1_AWBURST   |  out|    2|       m_axi|                                                          gmem1|       pointer|
|m_axi_gmem1_AWLOCK    |  out|    2|       m_axi|                                                          gmem1|       pointer|
|m_axi_gmem1_AWCACHE   |  out|    4|       m_axi|                                                          gmem1|       pointer|
|m_axi_gmem1_AWPROT    |  out|    3|       m_axi|                                                          gmem1|       pointer|
|m_axi_gmem1_AWQOS     |  out|    4|       m_axi|                                                          gmem1|       pointer|
|m_axi_gmem1_AWREGION  |  out|    4|       m_axi|                                                          gmem1|       pointer|
|m_axi_gmem1_AWUSER    |  out|    1|       m_axi|                                                          gmem1|       pointer|
|m_axi_gmem1_WVALID    |  out|    1|       m_axi|                                                          gmem1|       pointer|
|m_axi_gmem1_WREADY    |   in|    1|       m_axi|                                                          gmem1|       pointer|
|m_axi_gmem1_WDATA     |  out|   32|       m_axi|                                                          gmem1|       pointer|
|m_axi_gmem1_WSTRB     |  out|    4|       m_axi|                                                          gmem1|       pointer|
|m_axi_gmem1_WLAST     |  out|    1|       m_axi|                                                          gmem1|       pointer|
|m_axi_gmem1_WID       |  out|    1|       m_axi|                                                          gmem1|       pointer|
|m_axi_gmem1_WUSER     |  out|    1|       m_axi|                                                          gmem1|       pointer|
|m_axi_gmem1_ARVALID   |  out|    1|       m_axi|                                                          gmem1|       pointer|
|m_axi_gmem1_ARREADY   |   in|    1|       m_axi|                                                          gmem1|       pointer|
|m_axi_gmem1_ARADDR    |  out|   64|       m_axi|                                                          gmem1|       pointer|
|m_axi_gmem1_ARID      |  out|    1|       m_axi|                                                          gmem1|       pointer|
|m_axi_gmem1_ARLEN     |  out|   32|       m_axi|                                                          gmem1|       pointer|
|m_axi_gmem1_ARSIZE    |  out|    3|       m_axi|                                                          gmem1|       pointer|
|m_axi_gmem1_ARBURST   |  out|    2|       m_axi|                                                          gmem1|       pointer|
|m_axi_gmem1_ARLOCK    |  out|    2|       m_axi|                                                          gmem1|       pointer|
|m_axi_gmem1_ARCACHE   |  out|    4|       m_axi|                                                          gmem1|       pointer|
|m_axi_gmem1_ARPROT    |  out|    3|       m_axi|                                                          gmem1|       pointer|
|m_axi_gmem1_ARQOS     |  out|    4|       m_axi|                                                          gmem1|       pointer|
|m_axi_gmem1_ARREGION  |  out|    4|       m_axi|                                                          gmem1|       pointer|
|m_axi_gmem1_ARUSER    |  out|    1|       m_axi|                                                          gmem1|       pointer|
|m_axi_gmem1_RVALID    |   in|    1|       m_axi|                                                          gmem1|       pointer|
|m_axi_gmem1_RREADY    |  out|    1|       m_axi|                                                          gmem1|       pointer|
|m_axi_gmem1_RDATA     |   in|   32|       m_axi|                                                          gmem1|       pointer|
|m_axi_gmem1_RLAST     |   in|    1|       m_axi|                                                          gmem1|       pointer|
|m_axi_gmem1_RID       |   in|    1|       m_axi|                                                          gmem1|       pointer|
|m_axi_gmem1_RFIFONUM  |   in|    9|       m_axi|                                                          gmem1|       pointer|
|m_axi_gmem1_RUSER     |   in|    1|       m_axi|                                                          gmem1|       pointer|
|m_axi_gmem1_RRESP     |   in|    2|       m_axi|                                                          gmem1|       pointer|
|m_axi_gmem1_BVALID    |   in|    1|       m_axi|                                                          gmem1|       pointer|
|m_axi_gmem1_BREADY    |  out|    1|       m_axi|                                                          gmem1|       pointer|
|m_axi_gmem1_BRESP     |   in|    2|       m_axi|                                                          gmem1|       pointer|
|m_axi_gmem1_BID       |   in|    1|       m_axi|                                                          gmem1|       pointer|
|m_axi_gmem1_BUSER     |   in|    1|       m_axi|                                                          gmem1|       pointer|
|afterNorm             |   in|   64|     ap_none|                                                      afterNorm|        scalar|
|afterRearrangeX       |   in|   64|     ap_none|                                                afterRearrangeX|        scalar|
+----------------------+-----+-----+------------+---------------------------------------------------------------+--------------+

