

================================================================
== Vitis HLS Report for 'kernel_stage4_1_Pipeline_SiLU1'
================================================================
* Date:           Fri Nov 10 02:20:22 2023

* Version:        2022.1 (Build 3526262 on Mon Apr 18 15:47:01 MDT 2022)
* Project:        proj_kernel_EMO
* Solution:       solution1 (Vivado IP Flow Target)
* Product family: virtexuplus
* Target device:  xcu250-figd2104-2L-e


================================================================
== Performance Estimates
================================================================
+ Timing: 
    * Summary: 
    +--------+----------+-----------+------------+
    |  Clock |  Target  | Estimated | Uncertainty|
    +--------+----------+-----------+------------+
    |ap_clk  |  50.00 ns|  36.500 ns|    13.50 ns|
    +--------+----------+-----------+------------+

+ Latency: 
    * Summary: 
    +---------+---------+----------+----------+-------+-------+---------+
    |  Latency (cycles) |  Latency (absolute) |    Interval   | Pipeline|
    |   min   |   max   |    min   |    max   |  min  |  max  |   Type  |
    +---------+---------+----------+----------+-------+-------+---------+
    |    28833|    28833|  1.442 ms|  1.442 ms|  28833|  28833|       no|
    +---------+---------+----------+----------+-------+-------+---------+

    + Detail: 
        * Instance: 
        N/A

        * Loop: 
        +----------+---------+---------+----------+-----------+-----------+-------+----------+
        |          |  Latency (cycles) | Iteration|  Initiation Interval  |  Trip |          |
        | Loop Name|   min   |   max   |  Latency |  achieved |   target  | Count | Pipelined|
        +----------+---------+---------+----------+-----------+-----------+-------+----------+
        |- SiLU    |    28831|    28831|        21|          1|          1|  28812|       yes|
        +----------+---------+---------+----------+-----------+-----------+-------+----------+



================================================================
== Utilization Estimates
================================================================
* Summary: 
+---------------------+---------+-------+---------+---------+------+
|         Name        | BRAM_18K|  DSP  |    FF   |   LUT   | URAM |
+---------------------+---------+-------+---------+---------+------+
|DSP                  |        -|      -|        -|        -|     -|
|Expression           |        -|      -|        0|      204|     -|
|FIFO                 |        -|      -|        -|        -|     -|
|Instance             |        -|      5|        0|      303|     -|
|Memory               |        -|      -|        -|        -|     -|
|Multiplexer          |        -|      -|        -|       81|     -|
|Register             |        -|      -|      473|       64|     -|
+---------------------+---------+-------+---------+---------+------+
|Total                |        0|      5|      473|      652|     0|
+---------------------+---------+-------+---------+---------+------+
|Available SLR        |     1344|   3072|   864000|   432000|   320|
+---------------------+---------+-------+---------+---------+------+
|Utilization SLR (%)  |        0|     ~0|       ~0|       ~0|     0|
+---------------------+---------+-------+---------+---------+------+
|Available            |     5376|  12288|  3456000|  1728000|  1280|
+---------------------+---------+-------+---------+---------+------+
|Utilization (%)      |        0|     ~0|       ~0|       ~0|     0|
+---------------------+---------+-------+---------+---------+------+

+ Detail: 
    * Instance: 
    +--------------------------------------+--------------------------------+---------+----+---+-----+-----+
    |               Instance               |             Module             | BRAM_18K| DSP| FF| LUT | URAM|
    +--------------------------------------+--------------------------------+---------+----+---+-----+-----+
    |fadd_32ns_32ns_32_1_full_dsp_1_U4850  |fadd_32ns_32ns_32_1_full_dsp_1  |        0|   2|  0|  226|    0|
    |fmul_32ns_32ns_32_1_max_dsp_1_U4851   |fmul_32ns_32ns_32_1_max_dsp_1   |        0|   3|  0|   77|    0|
    +--------------------------------------+--------------------------------+---------+----+---+-----+-----+
    |Total                                 |                                |        0|   5|  0|  303|    0|
    +--------------------------------------+--------------------------------+---------+----+---+-----+-----+

    * DSP: 
    N/A

    * Memory: 
    N/A

    * FIFO: 
    N/A

    * Expression: 
    +---------------------------+----------+----+---+----+------------+------------+
    |       Variable Name       | Operation| DSP| FF| LUT| Bitwidth P0| Bitwidth P1|
    +---------------------------+----------+----+---+----+------------+------------+
    |add_ln11_fu_177_p2         |         +|   0|  0|  71|          64|          64|
    |add_ln12_fu_203_p2         |         +|   0|  0|  71|          64|          64|
    |add_ln9_fu_229_p2          |         +|   0|  0|  23|          16|           2|
    |ap_block_pp0_stage0_01001  |        or|   0|  0|   2|           1|           1|
    |ap_block_pp0_stage0_11001  |        or|   0|  0|   2|           1|           1|
    |ap_enable_pp0              |       xor|   0|  0|   2|           1|           2|
    |xor_ln12_fu_240_p2         |       xor|   0|  0|  33|          32|          33|
    +---------------------------+----------+----+---+----+------------+------------+
    |Total                      |          |   0|  0| 204|         179|         167|
    +---------------------------+----------+----+---+----+------------+------------+

    * Multiplexer: 
    +-------------------------+----+-----------+-----+-----------+
    |           Name          | LUT| Input Size| Bits| Total Bits|
    +-------------------------+----+-----------+-----+-----------+
    |ap_done_int              |   9|          2|    1|          2|
    |ap_enable_reg_pp0_iter1  |   9|          2|    1|          2|
    |ap_sig_allocacmp_i       |   9|          2|   16|         32|
    |gmem0_blk_n_AR           |   9|          2|    1|          2|
    |gmem0_blk_n_R            |   9|          2|    1|          2|
    |gmem2_blk_n_AW           |   9|          2|    1|          2|
    |gmem2_blk_n_B            |   9|          2|    1|          2|
    |gmem2_blk_n_W            |   9|          2|    1|          2|
    |i_14_fu_82               |   9|          2|   16|         32|
    +-------------------------+----+-----------+-----+-----------+
    |Total                    |  81|         18|   39|         78|
    +-------------------------+----+-----------+-----+-----------+

    * Register: 
    +-----------------------------------+----+----+-----+-----------+
    |                Name               | FF | LUT| Bits| Const Bits|
    +-----------------------------------+----+----+-----+-----------+
    |add_i2_reg_297                     |  32|   0|   32|          0|
    |ap_CS_fsm                          |   1|   0|    1|          0|
    |ap_done_reg                        |   1|   0|    1|          0|
    |ap_enable_reg_pp0_iter1            |   1|   0|    1|          0|
    |ap_enable_reg_pp0_iter10           |   1|   0|    1|          0|
    |ap_enable_reg_pp0_iter11           |   1|   0|    1|          0|
    |ap_enable_reg_pp0_iter12           |   1|   0|    1|          0|
    |ap_enable_reg_pp0_iter13           |   1|   0|    1|          0|
    |ap_enable_reg_pp0_iter14           |   1|   0|    1|          0|
    |ap_enable_reg_pp0_iter15           |   1|   0|    1|          0|
    |ap_enable_reg_pp0_iter16           |   1|   0|    1|          0|
    |ap_enable_reg_pp0_iter17           |   1|   0|    1|          0|
    |ap_enable_reg_pp0_iter18           |   1|   0|    1|          0|
    |ap_enable_reg_pp0_iter19           |   1|   0|    1|          0|
    |ap_enable_reg_pp0_iter2            |   1|   0|    1|          0|
    |ap_enable_reg_pp0_iter20           |   1|   0|    1|          0|
    |ap_enable_reg_pp0_iter3            |   1|   0|    1|          0|
    |ap_enable_reg_pp0_iter4            |   1|   0|    1|          0|
    |ap_enable_reg_pp0_iter5            |   1|   0|    1|          0|
    |ap_enable_reg_pp0_iter6            |   1|   0|    1|          0|
    |ap_enable_reg_pp0_iter7            |   1|   0|    1|          0|
    |ap_enable_reg_pp0_iter8            |   1|   0|    1|          0|
    |ap_enable_reg_pp0_iter9            |   1|   0|    1|          0|
    |ap_loop_exit_ready_pp0_iter10_reg  |   1|   0|    1|          0|
    |ap_loop_exit_ready_pp0_iter11_reg  |   1|   0|    1|          0|
    |ap_loop_exit_ready_pp0_iter12_reg  |   1|   0|    1|          0|
    |ap_loop_exit_ready_pp0_iter13_reg  |   1|   0|    1|          0|
    |ap_loop_exit_ready_pp0_iter14_reg  |   1|   0|    1|          0|
    |ap_loop_exit_ready_pp0_iter15_reg  |   1|   0|    1|          0|
    |ap_loop_exit_ready_pp0_iter16_reg  |   1|   0|    1|          0|
    |ap_loop_exit_ready_pp0_iter17_reg  |   1|   0|    1|          0|
    |ap_loop_exit_ready_pp0_iter18_reg  |   1|   0|    1|          0|
    |ap_loop_exit_ready_pp0_iter19_reg  |   1|   0|    1|          0|
    |ap_loop_exit_ready_pp0_iter1_reg   |   1|   0|    1|          0|
    |ap_loop_exit_ready_pp0_iter2_reg   |   1|   0|    1|          0|
    |ap_loop_exit_ready_pp0_iter3_reg   |   1|   0|    1|          0|
    |ap_loop_exit_ready_pp0_iter4_reg   |   1|   0|    1|          0|
    |ap_loop_exit_ready_pp0_iter5_reg   |   1|   0|    1|          0|
    |ap_loop_exit_ready_pp0_iter6_reg   |   1|   0|    1|          0|
    |ap_loop_exit_ready_pp0_iter7_reg   |   1|   0|    1|          0|
    |ap_loop_exit_ready_pp0_iter8_reg   |   1|   0|    1|          0|
    |ap_loop_exit_ready_pp0_iter9_reg   |   1|   0|    1|          0|
    |div_i2_reg_302                     |  32|   0|   32|          0|
    |gmem0_addr_read_reg_281            |  32|   0|   32|          0|
    |gmem0_addr_reg_269                 |  64|   0|   64|          0|
    |gmem2_addr_reg_275                 |  64|   0|   64|          0|
    |i_14_fu_82                         |  16|   0|   16|          0|
    |mul8_i1_reg_307                    |  32|   0|   32|          0|
    |tmp_8_reg_292                      |  32|   0|   32|          0|
    |gmem0_addr_read_reg_281            |  64|  32|   32|          0|
    |gmem2_addr_reg_275                 |  64|  32|   64|          0|
    +-----------------------------------+----+----+-----+-----------+
    |Total                              | 473|  64|  441|          0|
    +-----------------------------------+----+----+-----+-----------+



================================================================
== Interface
================================================================
* Summary: 
+----------------------+-----+-----+------------+--------------------------------+--------------+
|       RTL Ports      | Dir | Bits|  Protocol  |          Source Object         |    C Type    |
+----------------------+-----+-----+------------+--------------------------------+--------------+
|ap_clk                |   in|    1|  ap_ctrl_hs|  kernel_stage4.1_Pipeline_SiLU1|  return value|
|ap_rst                |   in|    1|  ap_ctrl_hs|  kernel_stage4.1_Pipeline_SiLU1|  return value|
|ap_start              |   in|    1|  ap_ctrl_hs|  kernel_stage4.1_Pipeline_SiLU1|  return value|
|ap_done               |  out|    1|  ap_ctrl_hs|  kernel_stage4.1_Pipeline_SiLU1|  return value|
|ap_idle               |  out|    1|  ap_ctrl_hs|  kernel_stage4.1_Pipeline_SiLU1|  return value|
|ap_ready              |  out|    1|  ap_ctrl_hs|  kernel_stage4.1_Pipeline_SiLU1|  return value|
|grp_fu_2313_p_din0    |  out|   32|  ap_ctrl_hs|  kernel_stage4.1_Pipeline_SiLU1|  return value|
|grp_fu_2313_p_din1    |  out|   32|  ap_ctrl_hs|  kernel_stage4.1_Pipeline_SiLU1|  return value|
|grp_fu_2313_p_dout0   |   in|   32|  ap_ctrl_hs|  kernel_stage4.1_Pipeline_SiLU1|  return value|
|grp_fu_2313_p_ce      |  out|    1|  ap_ctrl_hs|  kernel_stage4.1_Pipeline_SiLU1|  return value|
|grp_fu_2333_p_din0    |  out|   32|  ap_ctrl_hs|  kernel_stage4.1_Pipeline_SiLU1|  return value|
|grp_fu_2333_p_din1    |  out|   32|  ap_ctrl_hs|  kernel_stage4.1_Pipeline_SiLU1|  return value|
|grp_fu_2333_p_dout0   |   in|   32|  ap_ctrl_hs|  kernel_stage4.1_Pipeline_SiLU1|  return value|
|grp_fu_2333_p_ce      |  out|    1|  ap_ctrl_hs|  kernel_stage4.1_Pipeline_SiLU1|  return value|
|m_axi_gmem0_AWVALID   |  out|    1|       m_axi|                           gmem0|       pointer|
|m_axi_gmem0_AWREADY   |   in|    1|       m_axi|                           gmem0|       pointer|
|m_axi_gmem0_AWADDR    |  out|   64|       m_axi|                           gmem0|       pointer|
|m_axi_gmem0_AWID      |  out|    1|       m_axi|                           gmem0|       pointer|
|m_axi_gmem0_AWLEN     |  out|   32|       m_axi|                           gmem0|       pointer|
|m_axi_gmem0_AWSIZE    |  out|    3|       m_axi|                           gmem0|       pointer|
|m_axi_gmem0_AWBURST   |  out|    2|       m_axi|                           gmem0|       pointer|
|m_axi_gmem0_AWLOCK    |  out|    2|       m_axi|                           gmem0|       pointer|
|m_axi_gmem0_AWCACHE   |  out|    4|       m_axi|                           gmem0|       pointer|
|m_axi_gmem0_AWPROT    |  out|    3|       m_axi|                           gmem0|       pointer|
|m_axi_gmem0_AWQOS     |  out|    4|       m_axi|                           gmem0|       pointer|
|m_axi_gmem0_AWREGION  |  out|    4|       m_axi|                           gmem0|       pointer|
|m_axi_gmem0_AWUSER    |  out|    1|       m_axi|                           gmem0|       pointer|
|m_axi_gmem0_WVALID    |  out|    1|       m_axi|                           gmem0|       pointer|
|m_axi_gmem0_WREADY    |   in|    1|       m_axi|                           gmem0|       pointer|
|m_axi_gmem0_WDATA     |  out|   32|       m_axi|                           gmem0|       pointer|
|m_axi_gmem0_WSTRB     |  out|    4|       m_axi|                           gmem0|       pointer|
|m_axi_gmem0_WLAST     |  out|    1|       m_axi|                           gmem0|       pointer|
|m_axi_gmem0_WID       |  out|    1|       m_axi|                           gmem0|       pointer|
|m_axi_gmem0_WUSER     |  out|    1|       m_axi|                           gmem0|       pointer|
|m_axi_gmem0_ARVALID   |  out|    1|       m_axi|                           gmem0|       pointer|
|m_axi_gmem0_ARREADY   |   in|    1|       m_axi|                           gmem0|       pointer|
|m_axi_gmem0_ARADDR    |  out|   64|       m_axi|                           gmem0|       pointer|
|m_axi_gmem0_ARID      |  out|    1|       m_axi|                           gmem0|       pointer|
|m_axi_gmem0_ARLEN     |  out|   32|       m_axi|                           gmem0|       pointer|
|m_axi_gmem0_ARSIZE    |  out|    3|       m_axi|                           gmem0|       pointer|
|m_axi_gmem0_ARBURST   |  out|    2|       m_axi|                           gmem0|       pointer|
|m_axi_gmem0_ARLOCK    |  out|    2|       m_axi|                           gmem0|       pointer|
|m_axi_gmem0_ARCACHE   |  out|    4|       m_axi|                           gmem0|       pointer|
|m_axi_gmem0_ARPROT    |  out|    3|       m_axi|                           gmem0|       pointer|
|m_axi_gmem0_ARQOS     |  out|    4|       m_axi|                           gmem0|       pointer|
|m_axi_gmem0_ARREGION  |  out|    4|       m_axi|                           gmem0|       pointer|
|m_axi_gmem0_ARUSER    |  out|    1|       m_axi|                           gmem0|       pointer|
|m_axi_gmem0_RVALID    |   in|    1|       m_axi|                           gmem0|       pointer|
|m_axi_gmem0_RREADY    |  out|    1|       m_axi|                           gmem0|       pointer|
|m_axi_gmem0_RDATA     |   in|   32|       m_axi|                           gmem0|       pointer|
|m_axi_gmem0_RLAST     |   in|    1|       m_axi|                           gmem0|       pointer|
|m_axi_gmem0_RID       |   in|    1|       m_axi|                           gmem0|       pointer|
|m_axi_gmem0_RFIFONUM  |   in|    9|       m_axi|                           gmem0|       pointer|
|m_axi_gmem0_RUSER     |   in|    1|       m_axi|                           gmem0|       pointer|
|m_axi_gmem0_RRESP     |   in|    2|       m_axi|                           gmem0|       pointer|
|m_axi_gmem0_BVALID    |   in|    1|       m_axi|                           gmem0|       pointer|
|m_axi_gmem0_BREADY    |  out|    1|       m_axi|                           gmem0|       pointer|
|m_axi_gmem0_BRESP     |   in|    2|       m_axi|                           gmem0|       pointer|
|m_axi_gmem0_BID       |   in|    1|       m_axi|                           gmem0|       pointer|
|m_axi_gmem0_BUSER     |   in|    1|       m_axi|                           gmem0|       pointer|
|m_axi_gmem2_AWVALID   |  out|    1|       m_axi|                           gmem2|       pointer|
|m_axi_gmem2_AWREADY   |   in|    1|       m_axi|                           gmem2|       pointer|
|m_axi_gmem2_AWADDR    |  out|   64|       m_axi|                           gmem2|       pointer|
|m_axi_gmem2_AWID      |  out|    1|       m_axi|                           gmem2|       pointer|
|m_axi_gmem2_AWLEN     |  out|   32|       m_axi|                           gmem2|       pointer|
|m_axi_gmem2_AWSIZE    |  out|    3|       m_axi|                           gmem2|       pointer|
|m_axi_gmem2_AWBURST   |  out|    2|       m_axi|                           gmem2|       pointer|
|m_axi_gmem2_AWLOCK    |  out|    2|       m_axi|                           gmem2|       pointer|
|m_axi_gmem2_AWCACHE   |  out|    4|       m_axi|                           gmem2|       pointer|
|m_axi_gmem2_AWPROT    |  out|    3|       m_axi|                           gmem2|       pointer|
|m_axi_gmem2_AWQOS     |  out|    4|       m_axi|                           gmem2|       pointer|
|m_axi_gmem2_AWREGION  |  out|    4|       m_axi|                           gmem2|       pointer|
|m_axi_gmem2_AWUSER    |  out|    1|       m_axi|                           gmem2|       pointer|
|m_axi_gmem2_WVALID    |  out|    1|       m_axi|                           gmem2|       pointer|
|m_axi_gmem2_WREADY    |   in|    1|       m_axi|                           gmem2|       pointer|
|m_axi_gmem2_WDATA     |  out|   32|       m_axi|                           gmem2|       pointer|
|m_axi_gmem2_WSTRB     |  out|    4|       m_axi|                           gmem2|       pointer|
|m_axi_gmem2_WLAST     |  out|    1|       m_axi|                           gmem2|       pointer|
|m_axi_gmem2_WID       |  out|    1|       m_axi|                           gmem2|       pointer|
|m_axi_gmem2_WUSER     |  out|    1|       m_axi|                           gmem2|       pointer|
|m_axi_gmem2_ARVALID   |  out|    1|       m_axi|                           gmem2|       pointer|
|m_axi_gmem2_ARREADY   |   in|    1|       m_axi|                           gmem2|       pointer|
|m_axi_gmem2_ARADDR    |  out|   64|       m_axi|                           gmem2|       pointer|
|m_axi_gmem2_ARID      |  out|    1|       m_axi|                           gmem2|       pointer|
|m_axi_gmem2_ARLEN     |  out|   32|       m_axi|                           gmem2|       pointer|
|m_axi_gmem2_ARSIZE    |  out|    3|       m_axi|                           gmem2|       pointer|
|m_axi_gmem2_ARBURST   |  out|    2|       m_axi|                           gmem2|       pointer|
|m_axi_gmem2_ARLOCK    |  out|    2|       m_axi|                           gmem2|       pointer|
|m_axi_gmem2_ARCACHE   |  out|    4|       m_axi|                           gmem2|       pointer|
|m_axi_gmem2_ARPROT    |  out|    3|       m_axi|                           gmem2|       pointer|
|m_axi_gmem2_ARQOS     |  out|    4|       m_axi|                           gmem2|       pointer|
|m_axi_gmem2_ARREGION  |  out|    4|       m_axi|                           gmem2|       pointer|
|m_axi_gmem2_ARUSER    |  out|    1|       m_axi|                           gmem2|       pointer|
|m_axi_gmem2_RVALID    |   in|    1|       m_axi|                           gmem2|       pointer|
|m_axi_gmem2_RREADY    |  out|    1|       m_axi|                           gmem2|       pointer|
|m_axi_gmem2_RDATA     |   in|   32|       m_axi|                           gmem2|       pointer|
|m_axi_gmem2_RLAST     |   in|    1|       m_axi|                           gmem2|       pointer|
|m_axi_gmem2_RID       |   in|    1|       m_axi|                           gmem2|       pointer|
|m_axi_gmem2_RFIFONUM  |   in|    9|       m_axi|                           gmem2|       pointer|
|m_axi_gmem2_RUSER     |   in|    1|       m_axi|                           gmem2|       pointer|
|m_axi_gmem2_RRESP     |   in|    2|       m_axi|                           gmem2|       pointer|
|m_axi_gmem2_BVALID    |   in|    1|       m_axi|                           gmem2|       pointer|
|m_axi_gmem2_BREADY    |  out|    1|       m_axi|                           gmem2|       pointer|
|m_axi_gmem2_BRESP     |   in|    2|       m_axi|                           gmem2|       pointer|
|m_axi_gmem2_BID       |   in|    1|       m_axi|                           gmem2|       pointer|
|m_axi_gmem2_BUSER     |   in|    1|       m_axi|                           gmem2|       pointer|
|Y_dw_norm_1_4         |   in|   64|     ap_none|                   Y_dw_norm_1_4|        scalar|
|Y_dw_act_1_4          |   in|   64|     ap_none|                    Y_dw_act_1_4|        scalar|
+----------------------+-----+-----+------------+--------------------------------+--------------+

