

================================================================
== Vitis HLS Report for 'LayerNorm_clone_clone_1_Pipeline_VITIS_LOOP_18_2_VITIS_LOOP_19_3_VITIS_LOOP_23_4'
================================================================
* Date:           Fri Nov 10 02:21:10 2023

* Version:        2022.1 (Build 3526262 on Mon Apr 18 15:47:01 MDT 2022)
* Project:        proj_kernel_EMO
* Solution:       solution1 (Vivado IP Flow Target)
* Product family: virtexuplus
* Target device:  xcu250-figd2104-2L-e


================================================================
== Performance Estimates
================================================================
+ Timing: 
    * Summary: 
    +--------+----------+-----------+------------+
    |  Clock |  Target  | Estimated | Uncertainty|
    +--------+----------+-----------+------------+
    |ap_clk  |  50.00 ns|  36.500 ns|    13.50 ns|
    +--------+----------+-----------+------------+

+ Latency: 
    * Summary: 
    +---------+---------+----------+----------+-------+-------+---------+
    |  Latency (cycles) |  Latency (absolute) |    Interval   | Pipeline|
    |   min   |   max   |    min   |    max   |  min  |  max  |   Type  |
    +---------+---------+----------+----------+-------+-------+---------+
    |    16487|    16487|  0.824 ms|  0.824 ms|  16487|  16487|       no|
    +---------+---------+----------+----------+-------+-------+---------+

    + Detail: 
        * Instance: 
        N/A

        * Loop: 
        +---------------------------------------------------+---------+---------+----------+-----------+-----------+------+----------+
        |                                                   |  Latency (cycles) | Iteration|  Initiation Interval  | Trip |          |
        |                     Loop Name                     |   min   |   max   |  Latency |  achieved |   target  | Count| Pipelined|
        +---------------------------------------------------+---------+---------+----------+-----------+-----------+------+----------+
        |- VITIS_LOOP_18_2_VITIS_LOOP_19_3_VITIS_LOOP_23_4  |    16485|    16485|        24|          2|          1|  8232|       yes|
        +---------------------------------------------------+---------+---------+----------+-----------+-----------+------+----------+



================================================================
== Utilization Estimates
================================================================
* Summary: 
+---------------------+---------+-------+---------+---------+------+
|         Name        | BRAM_18K|  DSP  |    FF   |   LUT   | URAM |
+---------------------+---------+-------+---------+---------+------+
|DSP                  |        -|      1|        -|        -|     -|
|Expression           |        -|      -|        0|      529|     -|
|FIFO                 |        -|      -|        -|        -|     -|
|Instance             |        -|      7|        0|      529|     -|
|Memory               |        -|      -|        -|        -|     -|
|Multiplexer          |        -|      -|        -|      355|     -|
|Register             |        -|      -|      846|      160|     -|
+---------------------+---------+-------+---------+---------+------+
|Total                |        0|      8|      846|     1573|     0|
+---------------------+---------+-------+---------+---------+------+
|Available SLR        |     1344|   3072|   864000|   432000|   320|
+---------------------+---------+-------+---------+---------+------+
|Utilization SLR (%)  |        0|     ~0|       ~0|       ~0|     0|
+---------------------+---------+-------+---------+---------+------+
|Available            |     5376|  12288|  3456000|  1728000|  1280|
+---------------------+---------+-------+---------+---------+------+
|Utilization (%)      |        0|     ~0|       ~0|       ~0|     0|
+---------------------+---------+-------+---------+---------+------+

+ Detail: 
    * Instance: 
    +--------------------------------------+--------------------------------+---------+----+---+-----+-----+
    |               Instance               |             Module             | BRAM_18K| DSP| FF| LUT | URAM|
    +--------------------------------------+--------------------------------+---------+----+---+-----+-----+
    |fadd_32ns_32ns_32_1_full_dsp_1_U5112  |fadd_32ns_32ns_32_1_full_dsp_1  |        0|   2|  0|  226|    0|
    |fmul_32ns_32ns_32_1_max_dsp_1_U5114   |fmul_32ns_32ns_32_1_max_dsp_1   |        0|   3|  0|   77|    0|
    |fsub_32ns_32ns_32_1_full_dsp_1_U5113  |fsub_32ns_32ns_32_1_full_dsp_1  |        0|   2|  0|  226|    0|
    +--------------------------------------+--------------------------------+---------+----+---+-----+-----+
    |Total                                 |                                |        0|   7|  0|  529|    0|
    +--------------------------------------+--------------------------------+---------+----+---+-----+-----+

    * DSP: 
    +------------------------------------+------------------------------+--------------+
    |              Instance              |            Module            |  Expression  |
    +------------------------------------+------------------------------+--------------+
    |mac_muladd_8ns_6ns_7s_15_4_1_U5116  |mac_muladd_8ns_6ns_7s_15_4_1  |  i0 + i1 * i2|
    +------------------------------------+------------------------------+--------------+

    * Memory: 
    N/A

    * FIFO: 
    N/A

    * Expression: 
    +------------------------------------+----------+----+---+----+------------+------------+
    |            Variable Name           | Operation| DSP| FF| LUT| Bitwidth P0| Bitwidth P1|
    +------------------------------------+----------+----+---+----+------------+------------+
    |add_ln18_3_fu_415_p2                |         +|   0|  0|  10|           3|           1|
    |add_ln18_fu_272_p2                  |         +|   0|  0|  21|          14|           1|
    |add_ln19_7_fu_341_p2                |         +|   0|  0|  18|          11|           1|
    |add_ln19_fu_464_p2                  |         +|   0|  0|  10|           3|           1|
    |add_ln20_3_fu_474_p2                |         +|   0|  0|  14|           7|           7|
    |add_ln20_fu_402_p2                  |         +|   0|  0|  14|           7|           7|
    |add_ln23_fu_326_p2                  |         +|   0|  0|  15|           8|           1|
    |add_ln24_2_fu_519_p2                |         +|   0|  0|  71|          64|          64|
    |add_ln29_fu_588_p2                  |         +|   0|  0|  71|          64|          64|
    |add_ln30_fu_613_p2                  |         +|   0|  0|  71|          64|          64|
    |empty_fu_392_p2                     |         -|   0|  0|  14|           7|           7|
    |p_mid1_fu_437_p2                    |         -|   0|  0|  14|           7|           7|
    |and_ln18_fu_302_p2                  |       and|   0|  0|   2|           1|           1|
    |ap_block_pp0_stage1_01001           |       and|   0|  0|   2|           1|           1|
    |ap_block_state16_io                 |       and|   0|  0|   2|           1|           1|
    |ap_block_state17_io                 |       and|   0|  0|   2|           1|           1|
    |ap_block_state19_io                 |       and|   0|  0|   2|           1|           1|
    |ap_block_state20_io                 |       and|   0|  0|   2|           1|           1|
    |ap_block_state22_pp0_stage1_iter10  |       and|   0|  0|   2|           1|           1|
    |ap_block_state25_pp0_stage0_iter12  |       and|   0|  0|   2|           1|           1|
    |icmp_ln18_fu_266_p2                 |      icmp|   0|  0|  12|          14|          14|
    |icmp_ln19_fu_284_p2                 |      icmp|   0|  0|  11|          11|          11|
    |icmp_ln23_fu_296_p2                 |      icmp|   0|  0|  11|           8|           8|
    |ifzero_fu_332_p2                    |      icmp|   0|  0|  11|           8|           8|
    |ap_block_pp0_stage0_01001           |        or|   0|  0|   2|           1|           1|
    |ap_block_pp0_stage0_11001           |        or|   0|  0|   2|           1|           1|
    |ap_block_pp0_stage1_11001           |        or|   0|  0|   2|           1|           1|
    |or_ln19_fu_308_p2                   |        or|   0|  0|   2|           1|           1|
    |select_ln18_7_fu_443_p3             |    select|   0|  0|   7|           1|           7|
    |select_ln18_8_fu_450_p3             |    select|   0|  0|   7|           1|           7|
    |select_ln18_9_fu_457_p3             |    select|   0|  0|   3|           1|           3|
    |select_ln18_fu_408_p3               |    select|   0|  0|   3|           1|           1|
    |select_ln19_21_fu_547_p3            |    select|   0|  0|  32|           1|           1|
    |select_ln19_22_fu_569_p3            |    select|   0|  0|  32|           1|           1|
    |select_ln19_23_fu_480_p3            |    select|   0|  0|   7|           1|           7|
    |select_ln19_24_fu_491_p3            |    select|   0|  0|   3|           1|           3|
    |select_ln19_25_fu_347_p3            |    select|   0|  0|  11|           1|           1|
    |select_ln19_fu_314_p3               |    select|   0|  0|   8|           1|           1|
    |ap_enable_pp0                       |       xor|   0|  0|   2|           1|           2|
    |xor_ln18_fu_290_p2                  |       xor|   0|  0|   2|           1|           2|
    +------------------------------------+----------+----+---+----+------------+------------+
    |Total                               |          |   0|  0| 529|         324|         314|
    +------------------------------------+----------+----+---+----+------------+------------+

    * Multiplexer: 
    +-----------------------------------+----+-----------+-----+-----------+
    |                Name               | LUT| Input Size| Bits| Total Bits|
    +-----------------------------------+----+-----------+-----+-----------+
    |ap_NS_fsm                          |  14|          3|    1|          3|
    |ap_done_int                        |   9|          2|    1|          2|
    |ap_enable_reg_pp0_iter0            |   9|          2|    1|          2|
    |ap_enable_reg_pp0_iter12           |   9|          2|    1|          2|
    |ap_enable_reg_pp0_iter2            |   9|          2|    1|          2|
    |ap_loop_exit_ready_pp0_iter10_reg  |   9|          2|    1|          2|
    |ap_loop_exit_ready_pp0_iter11_reg  |   9|          2|    1|          2|
    |ap_loop_exit_ready_pp0_iter1_reg   |   9|          2|    1|          2|
    |ap_loop_exit_ready_pp0_iter2_reg   |   9|          2|    1|          2|
    |ap_loop_exit_ready_pp0_iter3_reg   |   9|          2|    1|          2|
    |ap_loop_exit_ready_pp0_iter4_reg   |   9|          2|    1|          2|
    |ap_loop_exit_ready_pp0_iter5_reg   |   9|          2|    1|          2|
    |ap_loop_exit_ready_pp0_iter6_reg   |   9|          2|    1|          2|
    |ap_loop_exit_ready_pp0_iter7_reg   |   9|          2|    1|          2|
    |ap_loop_exit_ready_pp0_iter8_reg   |   9|          2|    1|          2|
    |ap_loop_exit_ready_pp0_iter9_reg   |   9|          2|    1|          2|
    |c_0_fu_116                         |   9|          2|    8|         16|
    |gmem2_blk_n_AR                     |   9|          2|    1|          2|
    |gmem2_blk_n_R                      |   9|          2|    1|          2|
    |gmem_blk_n_AW                      |   9|          2|    1|          2|
    |gmem_blk_n_B                       |   9|          2|    1|          2|
    |gmem_blk_n_W                       |   9|          2|    1|          2|
    |grp_fu_198_p0                      |  14|          3|   32|         96|
    |grp_fu_198_p1                      |  14|          3|   32|         96|
    |grp_fu_206_p0                      |  14|          3|   32|         96|
    |grp_fu_206_p1                      |  14|          3|   32|         96|
    |grp_fu_210_p0                      |  14|          3|   32|         96|
    |h_0_fu_128                         |   9|          2|    3|          6|
    |indvar_flatten30_fu_132            |   9|          2|   14|         28|
    |indvar_flatten_fu_124              |   9|          2|   11|         22|
    |m_axi_gmem_AWADDR                  |  14|          3|   64|        192|
    |m_axi_gmem_WDATA                   |  14|          3|   32|         96|
    |sum2_0_fu_108                      |   9|          2|   32|         64|
    |sum_011_0_fu_112                   |   9|          2|   32|         64|
    |w_0_fu_120                         |   9|          2|    3|          6|
    +-----------------------------------+----+-----------+-----+-----------+
    |Total                              | 355|         78|  380|       1017|
    +-----------------------------------+----+-----------+-----+-----------+

    * Register: 
    +-----------------------------------+----+----+-----+-----------+
    |                Name               | FF | LUT| Bits| Const Bits|
    +-----------------------------------+----+----+-----+-----------+
    |and_ln18_reg_738                   |   1|   0|    1|          0|
    |ap_CS_fsm                          |   2|   0|    2|          0|
    |ap_done_reg                        |   1|   0|    1|          0|
    |ap_enable_reg_pp0_iter0_reg        |   1|   0|    1|          0|
    |ap_enable_reg_pp0_iter1            |   1|   0|    1|          0|
    |ap_enable_reg_pp0_iter10           |   1|   0|    1|          0|
    |ap_enable_reg_pp0_iter11           |   1|   0|    1|          0|
    |ap_enable_reg_pp0_iter12           |   1|   0|    1|          0|
    |ap_enable_reg_pp0_iter2            |   1|   0|    1|          0|
    |ap_enable_reg_pp0_iter3            |   1|   0|    1|          0|
    |ap_enable_reg_pp0_iter4            |   1|   0|    1|          0|
    |ap_enable_reg_pp0_iter5            |   1|   0|    1|          0|
    |ap_enable_reg_pp0_iter6            |   1|   0|    1|          0|
    |ap_enable_reg_pp0_iter7            |   1|   0|    1|          0|
    |ap_enable_reg_pp0_iter8            |   1|   0|    1|          0|
    |ap_enable_reg_pp0_iter9            |   1|   0|    1|          0|
    |ap_loop_exit_ready_pp0_iter10_reg  |   1|   0|    1|          0|
    |ap_loop_exit_ready_pp0_iter11_reg  |   1|   0|    1|          0|
    |ap_loop_exit_ready_pp0_iter1_reg   |   1|   0|    1|          0|
    |ap_loop_exit_ready_pp0_iter2_reg   |   1|   0|    1|          0|
    |ap_loop_exit_ready_pp0_iter3_reg   |   1|   0|    1|          0|
    |ap_loop_exit_ready_pp0_iter4_reg   |   1|   0|    1|          0|
    |ap_loop_exit_ready_pp0_iter5_reg   |   1|   0|    1|          0|
    |ap_loop_exit_ready_pp0_iter6_reg   |   1|   0|    1|          0|
    |ap_loop_exit_ready_pp0_iter7_reg   |   1|   0|    1|          0|
    |ap_loop_exit_ready_pp0_iter8_reg   |   1|   0|    1|          0|
    |ap_loop_exit_ready_pp0_iter9_reg   |   1|   0|    1|          0|
    |c_0_fu_116                         |   8|   0|    8|          0|
    |gmem2_addr_read_reg_775            |  32|   0|   32|          0|
    |gmem2_addr_reg_769                 |  64|   0|   64|          0|
    |gmem_addr_278_reg_796              |  64|   0|   64|          0|
    |gmem_addr_reg_790                  |  64|   0|   64|          0|
    |h_0_fu_128                         |   3|   0|    3|          0|
    |icmp_ln18_reg_726                  |   1|   0|    1|          0|
    |icmp_ln19_reg_730                  |   1|   0|    1|          0|
    |ifzero_reg_755                     |   1|   0|    1|          0|
    |indvar_flatten30_fu_132            |  14|   0|   14|          0|
    |indvar_flatten_fu_124              |  11|   0|   11|          0|
    |or_ln19_reg_744                    |   1|   0|    1|          0|
    |reg_215                            |  32|   0|   32|          0|
    |reg_221                            |  32|   0|   32|          0|
    |select_ln19_23_reg_759             |   7|   0|    7|          0|
    |sub_reg_802                        |  32|   0|   32|          0|
    |sum2_0_fu_108                      |  32|   0|   32|          0|
    |sum2_3_reg_785                     |  32|   0|   32|          0|
    |sum_011_0_fu_112                   |  32|   0|   32|          0|
    |sum_reg_780                        |  32|   0|   32|          0|
    |w_0_fu_120                         |   3|   0|    3|          0|
    |gmem_addr_278_reg_796              |  64|  32|   64|          0|
    |icmp_ln18_reg_726                  |  64|  32|    1|          0|
    |ifzero_reg_755                     |  64|  32|    1|          0|
    |or_ln19_reg_744                    |  64|  32|    1|          0|
    |select_ln19_23_reg_759             |  64|  32|    7|          0|
    +-----------------------------------+----+----+-----+-----------+
    |Total                              | 846| 160|  600|          0|
    +-----------------------------------+----+----+-----+-----------+



================================================================
== Interface
================================================================
* Summary: 
+----------------------+-----+-----+------------+----------------------------------------------------------------------------------+--------------+
|       RTL Ports      | Dir | Bits|  Protocol  |                                   Source Object                                  |    C Type    |
+----------------------+-----+-----+------------+----------------------------------------------------------------------------------+--------------+
|ap_clk                |   in|    1|  ap_ctrl_hs|  LayerNorm.clone.clone.1_Pipeline_VITIS_LOOP_18_2_VITIS_LOOP_19_3_VITIS_LOOP_23_4|  return value|
|ap_rst                |   in|    1|  ap_ctrl_hs|  LayerNorm.clone.clone.1_Pipeline_VITIS_LOOP_18_2_VITIS_LOOP_19_3_VITIS_LOOP_23_4|  return value|
|ap_start              |   in|    1|  ap_ctrl_hs|  LayerNorm.clone.clone.1_Pipeline_VITIS_LOOP_18_2_VITIS_LOOP_19_3_VITIS_LOOP_23_4|  return value|
|ap_done               |  out|    1|  ap_ctrl_hs|  LayerNorm.clone.clone.1_Pipeline_VITIS_LOOP_18_2_VITIS_LOOP_19_3_VITIS_LOOP_23_4|  return value|
|ap_idle               |  out|    1|  ap_ctrl_hs|  LayerNorm.clone.clone.1_Pipeline_VITIS_LOOP_18_2_VITIS_LOOP_19_3_VITIS_LOOP_23_4|  return value|
|ap_ready              |  out|    1|  ap_ctrl_hs|  LayerNorm.clone.clone.1_Pipeline_VITIS_LOOP_18_2_VITIS_LOOP_19_3_VITIS_LOOP_23_4|  return value|
|grp_fu_552_p_din0     |  out|   32|  ap_ctrl_hs|  LayerNorm.clone.clone.1_Pipeline_VITIS_LOOP_18_2_VITIS_LOOP_19_3_VITIS_LOOP_23_4|  return value|
|grp_fu_552_p_din1     |  out|   32|  ap_ctrl_hs|  LayerNorm.clone.clone.1_Pipeline_VITIS_LOOP_18_2_VITIS_LOOP_19_3_VITIS_LOOP_23_4|  return value|
|grp_fu_552_p_dout0    |   in|   32|  ap_ctrl_hs|  LayerNorm.clone.clone.1_Pipeline_VITIS_LOOP_18_2_VITIS_LOOP_19_3_VITIS_LOOP_23_4|  return value|
|grp_fu_552_p_ce       |  out|    1|  ap_ctrl_hs|  LayerNorm.clone.clone.1_Pipeline_VITIS_LOOP_18_2_VITIS_LOOP_19_3_VITIS_LOOP_23_4|  return value|
|m_axi_gmem2_AWVALID   |  out|    1|       m_axi|                                                                             gmem2|       pointer|
|m_axi_gmem2_AWREADY   |   in|    1|       m_axi|                                                                             gmem2|       pointer|
|m_axi_gmem2_AWADDR    |  out|   64|       m_axi|                                                                             gmem2|       pointer|
|m_axi_gmem2_AWID      |  out|    1|       m_axi|                                                                             gmem2|       pointer|
|m_axi_gmem2_AWLEN     |  out|   32|       m_axi|                                                                             gmem2|       pointer|
|m_axi_gmem2_AWSIZE    |  out|    3|       m_axi|                                                                             gmem2|       pointer|
|m_axi_gmem2_AWBURST   |  out|    2|       m_axi|                                                                             gmem2|       pointer|
|m_axi_gmem2_AWLOCK    |  out|    2|       m_axi|                                                                             gmem2|       pointer|
|m_axi_gmem2_AWCACHE   |  out|    4|       m_axi|                                                                             gmem2|       pointer|
|m_axi_gmem2_AWPROT    |  out|    3|       m_axi|                                                                             gmem2|       pointer|
|m_axi_gmem2_AWQOS     |  out|    4|       m_axi|                                                                             gmem2|       pointer|
|m_axi_gmem2_AWREGION  |  out|    4|       m_axi|                                                                             gmem2|       pointer|
|m_axi_gmem2_AWUSER    |  out|    1|       m_axi|                                                                             gmem2|       pointer|
|m_axi_gmem2_WVALID    |  out|    1|       m_axi|                                                                             gmem2|       pointer|
|m_axi_gmem2_WREADY    |   in|    1|       m_axi|                                                                             gmem2|       pointer|
|m_axi_gmem2_WDATA     |  out|   32|       m_axi|                                                                             gmem2|       pointer|
|m_axi_gmem2_WSTRB     |  out|    4|       m_axi|                                                                             gmem2|       pointer|
|m_axi_gmem2_WLAST     |  out|    1|       m_axi|                                                                             gmem2|       pointer|
|m_axi_gmem2_WID       |  out|    1|       m_axi|                                                                             gmem2|       pointer|
|m_axi_gmem2_WUSER     |  out|    1|       m_axi|                                                                             gmem2|       pointer|
|m_axi_gmem2_ARVALID   |  out|    1|       m_axi|                                                                             gmem2|       pointer|
|m_axi_gmem2_ARREADY   |   in|    1|       m_axi|                                                                             gmem2|       pointer|
|m_axi_gmem2_ARADDR    |  out|   64|       m_axi|                                                                             gmem2|       pointer|
|m_axi_gmem2_ARID      |  out|    1|       m_axi|                                                                             gmem2|       pointer|
|m_axi_gmem2_ARLEN     |  out|   32|       m_axi|                                                                             gmem2|       pointer|
|m_axi_gmem2_ARSIZE    |  out|    3|       m_axi|                                                                             gmem2|       pointer|
|m_axi_gmem2_ARBURST   |  out|    2|       m_axi|                                                                             gmem2|       pointer|
|m_axi_gmem2_ARLOCK    |  out|    2|       m_axi|                                                                             gmem2|       pointer|
|m_axi_gmem2_ARCACHE   |  out|    4|       m_axi|                                                                             gmem2|       pointer|
|m_axi_gmem2_ARPROT    |  out|    3|       m_axi|                                                                             gmem2|       pointer|
|m_axi_gmem2_ARQOS     |  out|    4|       m_axi|                                                                             gmem2|       pointer|
|m_axi_gmem2_ARREGION  |  out|    4|       m_axi|                                                                             gmem2|       pointer|
|m_axi_gmem2_ARUSER    |  out|    1|       m_axi|                                                                             gmem2|       pointer|
|m_axi_gmem2_RVALID    |   in|    1|       m_axi|                                                                             gmem2|       pointer|
|m_axi_gmem2_RREADY    |  out|    1|       m_axi|                                                                             gmem2|       pointer|
|m_axi_gmem2_RDATA     |   in|   32|       m_axi|                                                                             gmem2|       pointer|
|m_axi_gmem2_RLAST     |   in|    1|       m_axi|                                                                             gmem2|       pointer|
|m_axi_gmem2_RID       |   in|    1|       m_axi|                                                                             gmem2|       pointer|
|m_axi_gmem2_RFIFONUM  |   in|    9|       m_axi|                                                                             gmem2|       pointer|
|m_axi_gmem2_RUSER     |   in|    1|       m_axi|                                                                             gmem2|       pointer|
|m_axi_gmem2_RRESP     |   in|    2|       m_axi|                                                                             gmem2|       pointer|
|m_axi_gmem2_BVALID    |   in|    1|       m_axi|                                                                             gmem2|       pointer|
|m_axi_gmem2_BREADY    |  out|    1|       m_axi|                                                                             gmem2|       pointer|
|m_axi_gmem2_BRESP     |   in|    2|       m_axi|                                                                             gmem2|       pointer|
|m_axi_gmem2_BID       |   in|    1|       m_axi|                                                                             gmem2|       pointer|
|m_axi_gmem2_BUSER     |   in|    1|       m_axi|                                                                             gmem2|       pointer|
|m_axi_gmem_AWVALID    |  out|    1|       m_axi|                                                                              gmem|       pointer|
|m_axi_gmem_AWREADY    |   in|    1|       m_axi|                                                                              gmem|       pointer|
|m_axi_gmem_AWADDR     |  out|   64|       m_axi|                                                                              gmem|       pointer|
|m_axi_gmem_AWID       |  out|    1|       m_axi|                                                                              gmem|       pointer|
|m_axi_gmem_AWLEN      |  out|   32|       m_axi|                                                                              gmem|       pointer|
|m_axi_gmem_AWSIZE     |  out|    3|       m_axi|                                                                              gmem|       pointer|
|m_axi_gmem_AWBURST    |  out|    2|       m_axi|                                                                              gmem|       pointer|
|m_axi_gmem_AWLOCK     |  out|    2|       m_axi|                                                                              gmem|       pointer|
|m_axi_gmem_AWCACHE    |  out|    4|       m_axi|                                                                              gmem|       pointer|
|m_axi_gmem_AWPROT     |  out|    3|       m_axi|                                                                              gmem|       pointer|
|m_axi_gmem_AWQOS      |  out|    4|       m_axi|                                                                              gmem|       pointer|
|m_axi_gmem_AWREGION   |  out|    4|       m_axi|                                                                              gmem|       pointer|
|m_axi_gmem_AWUSER     |  out|    1|       m_axi|                                                                              gmem|       pointer|
|m_axi_gmem_WVALID     |  out|    1|       m_axi|                                                                              gmem|       pointer|
|m_axi_gmem_WREADY     |   in|    1|       m_axi|                                                                              gmem|       pointer|
|m_axi_gmem_WDATA      |  out|   32|       m_axi|                                                                              gmem|       pointer|
|m_axi_gmem_WSTRB      |  out|    4|       m_axi|                                                                              gmem|       pointer|
|m_axi_gmem_WLAST      |  out|    1|       m_axi|                                                                              gmem|       pointer|
|m_axi_gmem_WID        |  out|    1|       m_axi|                                                                              gmem|       pointer|
|m_axi_gmem_WUSER      |  out|    1|       m_axi|                                                                              gmem|       pointer|
|m_axi_gmem_ARVALID    |  out|    1|       m_axi|                                                                              gmem|       pointer|
|m_axi_gmem_ARREADY    |   in|    1|       m_axi|                                                                              gmem|       pointer|
|m_axi_gmem_ARADDR     |  out|   64|       m_axi|                                                                              gmem|       pointer|
|m_axi_gmem_ARID       |  out|    1|       m_axi|                                                                              gmem|       pointer|
|m_axi_gmem_ARLEN      |  out|   32|       m_axi|                                                                              gmem|       pointer|
|m_axi_gmem_ARSIZE     |  out|    3|       m_axi|                                                                              gmem|       pointer|
|m_axi_gmem_ARBURST    |  out|    2|       m_axi|                                                                              gmem|       pointer|
|m_axi_gmem_ARLOCK     |  out|    2|       m_axi|                                                                              gmem|       pointer|
|m_axi_gmem_ARCACHE    |  out|    4|       m_axi|                                                                              gmem|       pointer|
|m_axi_gmem_ARPROT     |  out|    3|       m_axi|                                                                              gmem|       pointer|
|m_axi_gmem_ARQOS      |  out|    4|       m_axi|                                                                              gmem|       pointer|
|m_axi_gmem_ARREGION   |  out|    4|       m_axi|                                                                              gmem|       pointer|
|m_axi_gmem_ARUSER     |  out|    1|       m_axi|                                                                              gmem|       pointer|
|m_axi_gmem_RVALID     |   in|    1|       m_axi|                                                                              gmem|       pointer|
|m_axi_gmem_RREADY     |  out|    1|       m_axi|                                                                              gmem|       pointer|
|m_axi_gmem_RDATA      |   in|   32|       m_axi|                                                                              gmem|       pointer|
|m_axi_gmem_RLAST      |   in|    1|       m_axi|                                                                              gmem|       pointer|
|m_axi_gmem_RID        |   in|    1|       m_axi|                                                                              gmem|       pointer|
|m_axi_gmem_RFIFONUM   |   in|    9|       m_axi|                                                                              gmem|       pointer|
|m_axi_gmem_RUSER      |   in|    1|       m_axi|                                                                              gmem|       pointer|
|m_axi_gmem_RRESP      |   in|    2|       m_axi|                                                                              gmem|       pointer|
|m_axi_gmem_BVALID     |   in|    1|       m_axi|                                                                              gmem|       pointer|
|m_axi_gmem_BREADY     |  out|    1|       m_axi|                                                                              gmem|       pointer|
|m_axi_gmem_BRESP      |   in|    2|       m_axi|                                                                              gmem|       pointer|
|m_axi_gmem_BID        |   in|    1|       m_axi|                                                                              gmem|       pointer|
|m_axi_gmem_BUSER      |   in|    1|       m_axi|                                                                              gmem|       pointer|
|X_data                |   in|   64|     ap_none|                                                                            X_data|        scalar|
|mean_buf              |   in|   64|     ap_none|                                                                          mean_buf|        scalar|
|var_buf               |   in|   64|     ap_none|                                                                           var_buf|        scalar|
+----------------------+-----+-----+------------+----------------------------------------------------------------------------------+--------------+

