

================================================================
== Vitis HLS Report for 'LayerNorm_clone_clone_2'
================================================================
* Date:           Fri Nov 10 02:19:48 2023

* Version:        2022.1 (Build 3526262 on Mon Apr 18 15:47:01 MDT 2022)
* Project:        proj_kernel_EMO
* Solution:       solution1 (Vivado IP Flow Target)
* Product family: virtexuplus
* Target device:  xcu250-figd2104-2L-e


================================================================
== Performance Estimates
================================================================
+ Timing: 
    * Summary: 
    +--------+----------+-----------+------------+
    |  Clock |  Target  | Estimated | Uncertainty|
    +--------+----------+-----------+------------+
    |ap_clk  |  50.00 ns|  36.500 ns|    13.50 ns|
    +--------+----------+-----------+------------+

+ Latency: 
    * Summary: 
    +---------+---------+----------+----------+-------+-------+---------+
    |  Latency (cycles) |  Latency (absolute) |    Interval   | Pipeline|
    |   min   |   max   |    min   |    max   |  min  |  max  |   Type  |
    +---------+---------+----------+----------+-------+-------+---------+
    |    26779|    26779|  1.339 ms|  1.339 ms|  26779|  26779|       no|
    +---------+---------+----------+----------+-------+-------+---------+

    + Detail: 
        * Instance: 
        +---------------------------------------------------------------------------------------------+----------------------------------------------------------------------------------+---------+---------+----------+----------+-------+-------+---------+
        |                                                                                             |                                                                                  |  Latency (cycles) |  Latency (absolute) |    Interval   | Pipeline|
        |                                           Instance                                          |                                      Module                                      |   min   |   max   |    min   |    max   |  min  |  max  |   Type  |
        +---------------------------------------------------------------------------------------------+----------------------------------------------------------------------------------+---------+---------+----------+----------+-------+-------+---------+
        |grp_LayerNorm_clone_clone_2_Pipeline_VITIS_LOOP_18_2_VITIS_LOOP_19_3_VITIS_LOOP_23_4_fu_154  |LayerNorm_clone_clone_2_Pipeline_VITIS_LOOP_18_2_VITIS_LOOP_19_3_VITIS_LOOP_23_4  |    16487|    16487|  0.824 ms|  0.824 ms|  16487|  16487|       no|
        |grp_LayerNorm_clone_clone_2_Pipeline_VITIS_LOOP_39_8_fu_168                                  |LayerNorm_clone_clone_2_Pipeline_VITIS_LOOP_39_8                                  |      192|      192|  9.600 us|  9.600 us|    192|    192|       no|
        +---------------------------------------------------------------------------------------------+----------------------------------------------------------------------------------+---------+---------+----------+----------+-------+-------+---------+

        * Loop: 
        +-----------------------------------+---------+---------+----------+-----------+-----------+------+----------+
        |                                   |  Latency (cycles) | Iteration|  Initiation Interval  | Trip |          |
        |             Loop Name             |   min   |   max   |  Latency |  achieved |   target  | Count| Pipelined|
        +-----------------------------------+---------+---------+----------+-----------+-----------+------+----------+
        |- VITIS_LOOP_36_6_VITIS_LOOP_37_7  |    10290|    10290|       210|          -|          -|    49|        no|
        +-----------------------------------+---------+---------+----------+-----------+-----------+------+----------+



================================================================
== Utilization Estimates
================================================================
* Summary: 
+---------------------+---------+-------+---------+---------+------+
|         Name        | BRAM_18K|  DSP  |    FF   |   LUT   | URAM |
+---------------------+---------+-------+---------+---------+------+
|DSP                  |        -|      -|        -|        -|     -|
|Expression           |        -|      -|        0|      248|     -|
|FIFO                 |        -|      -|        -|        -|     -|
|Instance             |        -|     16|     1475|     3595|     -|
|Memory               |        -|      -|        -|        -|     -|
|Multiplexer          |        -|      -|        -|      424|     -|
|Register             |        -|      -|      457|        -|     -|
+---------------------+---------+-------+---------+---------+------+
|Total                |        0|     16|     1932|     4267|     0|
+---------------------+---------+-------+---------+---------+------+
|Available SLR        |     1344|   3072|   864000|   432000|   320|
+---------------------+---------+-------+---------+---------+------+
|Utilization SLR (%)  |        0|     ~0|       ~0|       ~0|     0|
+---------------------+---------+-------+---------+---------+------+
|Available            |     5376|  12288|  3456000|  1728000|  1280|
+---------------------+---------+-------+---------+---------+------+
|Utilization (%)      |        0|     ~0|       ~0|       ~0|     0|
+---------------------+---------+-------+---------+---------+------+

+ Detail: 
    * Instance: 
    +---------------------------------------------------------------------------------------------+----------------------------------------------------------------------------------+---------+----+-----+------+-----+
    |                                           Instance                                          |                                      Module                                      | BRAM_18K| DSP|  FF |  LUT | URAM|
    +---------------------------------------------------------------------------------------------+----------------------------------------------------------------------------------+---------+----+-----+------+-----+
    |grp_LayerNorm_clone_clone_2_Pipeline_VITIS_LOOP_18_2_VITIS_LOOP_19_3_VITIS_LOOP_23_4_fu_154  |LayerNorm_clone_clone_2_Pipeline_VITIS_LOOP_18_2_VITIS_LOOP_19_3_VITIS_LOOP_23_4  |        0|   8|  846|  1573|    0|
    |grp_LayerNorm_clone_clone_2_Pipeline_VITIS_LOOP_39_8_fu_168                                  |LayerNorm_clone_clone_2_Pipeline_VITIS_LOOP_39_8                                  |        0|   5|  629|  1314|    0|
    |dadd_64ns_64ns_64_1_full_dsp_1_U4625                                                         |dadd_64ns_64ns_64_1_full_dsp_1                                                    |        0|   3|    0|   708|    0|
    |fpext_32ns_64_1_no_dsp_1_U4624                                                               |fpext_32ns_64_1_no_dsp_1                                                          |        0|   0|    0|     0|    0|
    +---------------------------------------------------------------------------------------------+----------------------------------------------------------------------------------+---------+----+-----+------+-----+
    |Total                                                                                        |                                                                                  |        0|  16| 1475|  3595|    0|
    +---------------------------------------------------------------------------------------------+----------------------------------------------------------------------------------+---------+----+-----+------+-----+

    * DSP: 
    N/A

    * Memory: 
    N/A

    * FIFO: 
    N/A

    * Expression: 
    +-------------------------+----------+----+---+----+------------+------------+
    |      Variable Name      | Operation| DSP| FF| LUT| Bitwidth P0| Bitwidth P1|
    +-------------------------+----------+----+---+----+------------+------------+
    |add_ln36_2_fu_271_p2     |         +|   0|  0|  10|           3|           1|
    |add_ln36_fu_248_p2       |         +|   0|  0|  13|           6|           1|
    |add_ln37_fu_387_p2       |         +|   0|  0|  10|           3|           1|
    |add_ln38_fu_319_p2       |         +|   0|  0|  14|           7|           7|
    |empty_793_fu_342_p2      |         +|   0|  0|  71|          64|          64|
    |empty_fu_337_p2          |         +|   0|  0|  71|          64|          64|
    |empty_796_fu_236_p2      |         -|   0|  0|  14|           7|           7|
    |p_mid134_fu_293_p2       |         -|   0|  0|  14|           7|           7|
    |icmp_ln36_fu_242_p2      |      icmp|   0|  0|  10|           6|           5|
    |icmp_ln37_fu_257_p2      |      icmp|   0|  0|   8|           3|           2|
    |select_ln36_3_fu_299_p3  |    select|   0|  0|   7|           1|           7|
    |select_ln36_4_fu_307_p3  |    select|   0|  0|   3|           1|           3|
    |select_ln36_fu_263_p3    |    select|   0|  0|   3|           1|           1|
    +-------------------------+----------+----+---+----+------------+------------+
    |Total                    |          |   0|  0| 248|         173|         170|
    +-------------------------+----------+----+---+----+------------+------------+

    * Multiplexer: 
    +-------------------------+-----+-----------+-----+-----------+
    |           Name          | LUT | Input Size| Bits| Total Bits|
    +-------------------------+-----+-----------+-----+-----------+
    |ap_NS_fsm                |  102|         21|    1|         21|
    |gmem_blk_n_AR            |    9|          2|    1|          2|
    |gmem_blk_n_R             |    9|          2|    1|          2|
    |grp_fu_510_ce            |    9|          2|    1|          2|
    |grp_fu_514_ce            |    9|          2|    1|          2|
    |grp_fu_518_ce            |    9|          2|    1|          2|
    |h_11_0_fu_98             |    9|          2|    3|          6|
    |indvar_flatten36_fu_102  |    9|          2|    6|         12|
    |m_axi_gmem0_ARADDR       |   14|          3|   64|        192|
    |m_axi_gmem0_ARBURST      |   14|          3|    2|          6|
    |m_axi_gmem0_ARCACHE      |   14|          3|    4|         12|
    |m_axi_gmem0_ARID         |   14|          3|    1|          3|
    |m_axi_gmem0_ARLEN        |   14|          3|   32|         96|
    |m_axi_gmem0_ARLOCK       |   14|          3|    2|          6|
    |m_axi_gmem0_ARPROT       |   14|          3|    3|          9|
    |m_axi_gmem0_ARQOS        |   14|          3|    4|         12|
    |m_axi_gmem0_ARREGION     |   14|          3|    4|         12|
    |m_axi_gmem0_ARSIZE       |   14|          3|    3|          9|
    |m_axi_gmem0_ARUSER       |   14|          3|    1|          3|
    |m_axi_gmem0_ARVALID      |   14|          3|    1|          3|
    |m_axi_gmem0_RREADY       |   14|          3|    1|          3|
    |m_axi_gmem1_AWVALID      |    9|          2|    1|          2|
    |m_axi_gmem1_BREADY       |    9|          2|    1|          2|
    |m_axi_gmem1_WVALID       |    9|          2|    1|          2|
    |m_axi_gmem_ARADDR        |   14|          3|   64|        192|
    |m_axi_gmem_AWVALID       |    9|          2|    1|          2|
    |m_axi_gmem_BREADY        |    9|          2|    1|          2|
    |m_axi_gmem_WVALID        |    9|          2|    1|          2|
    |w_7_0_fu_94              |    9|          2|    3|          6|
    +-------------------------+-----+-----------+-----+-----------+
    |Total                    |  424|         91|  210|        625|
    +-------------------------+-----+-----------+-----+-----------+

    * Register: 
    +----------------------------------------------------------------------------------------------------------+----+----+-----+-----------+
    |                                                   Name                                                   | FF | LUT| Bits| Const Bits|
    +----------------------------------------------------------------------------------------------------------+----+----+-----+-----------+
    |add_ln38_reg_463                                                                                          |   7|   0|    7|          0|
    |add_reg_495                                                                                               |  64|   0|   64|          0|
    |ap_CS_fsm                                                                                                 |  20|   0|   20|          0|
    |conv_reg_490                                                                                              |  64|   0|   64|          0|
    |empty_794_reg_500                                                                                         |  32|   0|   32|          0|
    |gmem_addr_276_read_reg_485                                                                                |  32|   0|   32|          0|
    |gmem_addr_276_reg_474                                                                                     |  64|   0|   64|          0|
    |gmem_addr_read_reg_480                                                                                    |  32|   0|   32|          0|
    |gmem_addr_reg_468                                                                                         |  64|   0|   64|          0|
    |grp_LayerNorm_clone_clone_2_Pipeline_VITIS_LOOP_18_2_VITIS_LOOP_19_3_VITIS_LOOP_23_4_fu_154_ap_start_reg  |   1|   0|    1|          0|
    |grp_LayerNorm_clone_clone_2_Pipeline_VITIS_LOOP_39_8_fu_168_ap_start_reg                                  |   1|   0|    1|          0|
    |h_11_0_fu_98                                                                                              |   3|   0|    3|          0|
    |indvar_flatten36_fu_102                                                                                   |   6|   0|    6|          0|
    |tmp_reg_505                                                                                               |  64|   0|   64|          0|
    |w_7_0_fu_94                                                                                               |   3|   0|    3|          0|
    +----------------------------------------------------------------------------------------------------------+----+----+-----+-----------+
    |Total                                                                                                     | 457|   0|  457|          0|
    +----------------------------------------------------------------------------------------------------------+----+----+-----+-----------+



================================================================
== Interface
================================================================
* Summary: 
+--------------------------+-----+-----+------------+-------------------------+--------------+
|         RTL Ports        | Dir | Bits|  Protocol  |      Source Object      |    C Type    |
+--------------------------+-----+-----+------------+-------------------------+--------------+
|ap_clk                    |   in|    1|  ap_ctrl_hs|  LayerNorm.clone.clone.2|  return value|
|ap_rst                    |   in|    1|  ap_ctrl_hs|  LayerNorm.clone.clone.2|  return value|
|ap_start                  |   in|    1|  ap_ctrl_hs|  LayerNorm.clone.clone.2|  return value|
|ap_done                   |  out|    1|  ap_ctrl_hs|  LayerNorm.clone.clone.2|  return value|
|ap_idle                   |  out|    1|  ap_ctrl_hs|  LayerNorm.clone.clone.2|  return value|
|ap_ready                  |  out|    1|  ap_ctrl_hs|  LayerNorm.clone.clone.2|  return value|
|grp_fu_791_p_din0         |  out|   64|  ap_ctrl_hs|  LayerNorm.clone.clone.2|  return value|
|grp_fu_791_p_din1         |  out|   64|  ap_ctrl_hs|  LayerNorm.clone.clone.2|  return value|
|grp_fu_791_p_dout0        |   in|   64|  ap_ctrl_hs|  LayerNorm.clone.clone.2|  return value|
|grp_fu_791_p_ce           |  out|    1|  ap_ctrl_hs|  LayerNorm.clone.clone.2|  return value|
|grp_fu_795_p_din0         |  out|   32|  ap_ctrl_hs|  LayerNorm.clone.clone.2|  return value|
|grp_fu_795_p_din1         |  out|   32|  ap_ctrl_hs|  LayerNorm.clone.clone.2|  return value|
|grp_fu_795_p_dout0        |   in|   32|  ap_ctrl_hs|  LayerNorm.clone.clone.2|  return value|
|grp_fu_795_p_ce           |  out|    1|  ap_ctrl_hs|  LayerNorm.clone.clone.2|  return value|
|grp_fu_799_p_din0         |  out|   64|  ap_ctrl_hs|  LayerNorm.clone.clone.2|  return value|
|grp_fu_799_p_din1         |  out|   64|  ap_ctrl_hs|  LayerNorm.clone.clone.2|  return value|
|grp_fu_799_p_dout0        |   in|   64|  ap_ctrl_hs|  LayerNorm.clone.clone.2|  return value|
|grp_fu_799_p_ce           |  out|    1|  ap_ctrl_hs|  LayerNorm.clone.clone.2|  return value|
|grp_fu_803_p_din0         |  out|   64|  ap_ctrl_hs|  LayerNorm.clone.clone.2|  return value|
|grp_fu_803_p_din1         |  out|   64|  ap_ctrl_hs|  LayerNorm.clone.clone.2|  return value|
|grp_fu_803_p_dout0        |   in|   64|  ap_ctrl_hs|  LayerNorm.clone.clone.2|  return value|
|grp_fu_803_p_ce           |  out|    1|  ap_ctrl_hs|  LayerNorm.clone.clone.2|  return value|
|m_axi_gmem0_AWVALID       |  out|    1|       m_axi|                    gmem0|       pointer|
|m_axi_gmem0_AWREADY       |   in|    1|       m_axi|                    gmem0|       pointer|
|m_axi_gmem0_AWADDR        |  out|   64|       m_axi|                    gmem0|       pointer|
|m_axi_gmem0_AWID          |  out|    1|       m_axi|                    gmem0|       pointer|
|m_axi_gmem0_AWLEN         |  out|   32|       m_axi|                    gmem0|       pointer|
|m_axi_gmem0_AWSIZE        |  out|    3|       m_axi|                    gmem0|       pointer|
|m_axi_gmem0_AWBURST       |  out|    2|       m_axi|                    gmem0|       pointer|
|m_axi_gmem0_AWLOCK        |  out|    2|       m_axi|                    gmem0|       pointer|
|m_axi_gmem0_AWCACHE       |  out|    4|       m_axi|                    gmem0|       pointer|
|m_axi_gmem0_AWPROT        |  out|    3|       m_axi|                    gmem0|       pointer|
|m_axi_gmem0_AWQOS         |  out|    4|       m_axi|                    gmem0|       pointer|
|m_axi_gmem0_AWREGION      |  out|    4|       m_axi|                    gmem0|       pointer|
|m_axi_gmem0_AWUSER        |  out|    1|       m_axi|                    gmem0|       pointer|
|m_axi_gmem0_WVALID        |  out|    1|       m_axi|                    gmem0|       pointer|
|m_axi_gmem0_WREADY        |   in|    1|       m_axi|                    gmem0|       pointer|
|m_axi_gmem0_WDATA         |  out|   32|       m_axi|                    gmem0|       pointer|
|m_axi_gmem0_WSTRB         |  out|    4|       m_axi|                    gmem0|       pointer|
|m_axi_gmem0_WLAST         |  out|    1|       m_axi|                    gmem0|       pointer|
|m_axi_gmem0_WID           |  out|    1|       m_axi|                    gmem0|       pointer|
|m_axi_gmem0_WUSER         |  out|    1|       m_axi|                    gmem0|       pointer|
|m_axi_gmem0_ARVALID       |  out|    1|       m_axi|                    gmem0|       pointer|
|m_axi_gmem0_ARREADY       |   in|    1|       m_axi|                    gmem0|       pointer|
|m_axi_gmem0_ARADDR        |  out|   64|       m_axi|                    gmem0|       pointer|
|m_axi_gmem0_ARID          |  out|    1|       m_axi|                    gmem0|       pointer|
|m_axi_gmem0_ARLEN         |  out|   32|       m_axi|                    gmem0|       pointer|
|m_axi_gmem0_ARSIZE        |  out|    3|       m_axi|                    gmem0|       pointer|
|m_axi_gmem0_ARBURST       |  out|    2|       m_axi|                    gmem0|       pointer|
|m_axi_gmem0_ARLOCK        |  out|    2|       m_axi|                    gmem0|       pointer|
|m_axi_gmem0_ARCACHE       |  out|    4|       m_axi|                    gmem0|       pointer|
|m_axi_gmem0_ARPROT        |  out|    3|       m_axi|                    gmem0|       pointer|
|m_axi_gmem0_ARQOS         |  out|    4|       m_axi|                    gmem0|       pointer|
|m_axi_gmem0_ARREGION      |  out|    4|       m_axi|                    gmem0|       pointer|
|m_axi_gmem0_ARUSER        |  out|    1|       m_axi|                    gmem0|       pointer|
|m_axi_gmem0_RVALID        |   in|    1|       m_axi|                    gmem0|       pointer|
|m_axi_gmem0_RREADY        |  out|    1|       m_axi|                    gmem0|       pointer|
|m_axi_gmem0_RDATA         |   in|   32|       m_axi|                    gmem0|       pointer|
|m_axi_gmem0_RLAST         |   in|    1|       m_axi|                    gmem0|       pointer|
|m_axi_gmem0_RID           |   in|    1|       m_axi|                    gmem0|       pointer|
|m_axi_gmem0_RFIFONUM      |   in|    9|       m_axi|                    gmem0|       pointer|
|m_axi_gmem0_RUSER         |   in|    1|       m_axi|                    gmem0|       pointer|
|m_axi_gmem0_RRESP         |   in|    2|       m_axi|                    gmem0|       pointer|
|m_axi_gmem0_BVALID        |   in|    1|       m_axi|                    gmem0|       pointer|
|m_axi_gmem0_BREADY        |  out|    1|       m_axi|                    gmem0|       pointer|
|m_axi_gmem0_BRESP         |   in|    2|       m_axi|                    gmem0|       pointer|
|m_axi_gmem0_BID           |   in|    1|       m_axi|                    gmem0|       pointer|
|m_axi_gmem0_BUSER         |   in|    1|       m_axi|                    gmem0|       pointer|
|X_data                    |   in|   64|     ap_none|                   X_data|        scalar|
|m_axi_gmem1_AWVALID       |  out|    1|       m_axi|                    gmem1|       pointer|
|m_axi_gmem1_AWREADY       |   in|    1|       m_axi|                    gmem1|       pointer|
|m_axi_gmem1_AWADDR        |  out|   64|       m_axi|                    gmem1|       pointer|
|m_axi_gmem1_AWID          |  out|    1|       m_axi|                    gmem1|       pointer|
|m_axi_gmem1_AWLEN         |  out|   32|       m_axi|                    gmem1|       pointer|
|m_axi_gmem1_AWSIZE        |  out|    3|       m_axi|                    gmem1|       pointer|
|m_axi_gmem1_AWBURST       |  out|    2|       m_axi|                    gmem1|       pointer|
|m_axi_gmem1_AWLOCK        |  out|    2|       m_axi|                    gmem1|       pointer|
|m_axi_gmem1_AWCACHE       |  out|    4|       m_axi|                    gmem1|       pointer|
|m_axi_gmem1_AWPROT        |  out|    3|       m_axi|                    gmem1|       pointer|
|m_axi_gmem1_AWQOS         |  out|    4|       m_axi|                    gmem1|       pointer|
|m_axi_gmem1_AWREGION      |  out|    4|       m_axi|                    gmem1|       pointer|
|m_axi_gmem1_AWUSER        |  out|    1|       m_axi|                    gmem1|       pointer|
|m_axi_gmem1_WVALID        |  out|    1|       m_axi|                    gmem1|       pointer|
|m_axi_gmem1_WREADY        |   in|    1|       m_axi|                    gmem1|       pointer|
|m_axi_gmem1_WDATA         |  out|   32|       m_axi|                    gmem1|       pointer|
|m_axi_gmem1_WSTRB         |  out|    4|       m_axi|                    gmem1|       pointer|
|m_axi_gmem1_WLAST         |  out|    1|       m_axi|                    gmem1|       pointer|
|m_axi_gmem1_WID           |  out|    1|       m_axi|                    gmem1|       pointer|
|m_axi_gmem1_WUSER         |  out|    1|       m_axi|                    gmem1|       pointer|
|m_axi_gmem1_ARVALID       |  out|    1|       m_axi|                    gmem1|       pointer|
|m_axi_gmem1_ARREADY       |   in|    1|       m_axi|                    gmem1|       pointer|
|m_axi_gmem1_ARADDR        |  out|   64|       m_axi|                    gmem1|       pointer|
|m_axi_gmem1_ARID          |  out|    1|       m_axi|                    gmem1|       pointer|
|m_axi_gmem1_ARLEN         |  out|   32|       m_axi|                    gmem1|       pointer|
|m_axi_gmem1_ARSIZE        |  out|    3|       m_axi|                    gmem1|       pointer|
|m_axi_gmem1_ARBURST       |  out|    2|       m_axi|                    gmem1|       pointer|
|m_axi_gmem1_ARLOCK        |  out|    2|       m_axi|                    gmem1|       pointer|
|m_axi_gmem1_ARCACHE       |  out|    4|       m_axi|                    gmem1|       pointer|
|m_axi_gmem1_ARPROT        |  out|    3|       m_axi|                    gmem1|       pointer|
|m_axi_gmem1_ARQOS         |  out|    4|       m_axi|                    gmem1|       pointer|
|m_axi_gmem1_ARREGION      |  out|    4|       m_axi|                    gmem1|       pointer|
|m_axi_gmem1_ARUSER        |  out|    1|       m_axi|                    gmem1|       pointer|
|m_axi_gmem1_RVALID        |   in|    1|       m_axi|                    gmem1|       pointer|
|m_axi_gmem1_RREADY        |  out|    1|       m_axi|                    gmem1|       pointer|
|m_axi_gmem1_RDATA         |   in|   32|       m_axi|                    gmem1|       pointer|
|m_axi_gmem1_RLAST         |   in|    1|       m_axi|                    gmem1|       pointer|
|m_axi_gmem1_RID           |   in|    1|       m_axi|                    gmem1|       pointer|
|m_axi_gmem1_RFIFONUM      |   in|    9|       m_axi|                    gmem1|       pointer|
|m_axi_gmem1_RUSER         |   in|    1|       m_axi|                    gmem1|       pointer|
|m_axi_gmem1_RRESP         |   in|    2|       m_axi|                    gmem1|       pointer|
|m_axi_gmem1_BVALID        |   in|    1|       m_axi|                    gmem1|       pointer|
|m_axi_gmem1_BREADY        |  out|    1|       m_axi|                    gmem1|       pointer|
|m_axi_gmem1_BRESP         |   in|    2|       m_axi|                    gmem1|       pointer|
|m_axi_gmem1_BID           |   in|    1|       m_axi|                    gmem1|       pointer|
|m_axi_gmem1_BUSER         |   in|    1|       m_axi|                    gmem1|       pointer|
|Y_data                    |   in|   64|     ap_none|                   Y_data|        scalar|
|m_axi_gmem_AWVALID        |  out|    1|       m_axi|                     gmem|       pointer|
|m_axi_gmem_AWREADY        |   in|    1|       m_axi|                     gmem|       pointer|
|m_axi_gmem_AWADDR         |  out|   64|       m_axi|                     gmem|       pointer|
|m_axi_gmem_AWID           |  out|    1|       m_axi|                     gmem|       pointer|
|m_axi_gmem_AWLEN          |  out|   32|       m_axi|                     gmem|       pointer|
|m_axi_gmem_AWSIZE         |  out|    3|       m_axi|                     gmem|       pointer|
|m_axi_gmem_AWBURST        |  out|    2|       m_axi|                     gmem|       pointer|
|m_axi_gmem_AWLOCK         |  out|    2|       m_axi|                     gmem|       pointer|
|m_axi_gmem_AWCACHE        |  out|    4|       m_axi|                     gmem|       pointer|
|m_axi_gmem_AWPROT         |  out|    3|       m_axi|                     gmem|       pointer|
|m_axi_gmem_AWQOS          |  out|    4|       m_axi|                     gmem|       pointer|
|m_axi_gmem_AWREGION       |  out|    4|       m_axi|                     gmem|       pointer|
|m_axi_gmem_AWUSER         |  out|    1|       m_axi|                     gmem|       pointer|
|m_axi_gmem_WVALID         |  out|    1|       m_axi|                     gmem|       pointer|
|m_axi_gmem_WREADY         |   in|    1|       m_axi|                     gmem|       pointer|
|m_axi_gmem_WDATA          |  out|   32|       m_axi|                     gmem|       pointer|
|m_axi_gmem_WSTRB          |  out|    4|       m_axi|                     gmem|       pointer|
|m_axi_gmem_WLAST          |  out|    1|       m_axi|                     gmem|       pointer|
|m_axi_gmem_WID            |  out|    1|       m_axi|                     gmem|       pointer|
|m_axi_gmem_WUSER          |  out|    1|       m_axi|                     gmem|       pointer|
|m_axi_gmem_ARVALID        |  out|    1|       m_axi|                     gmem|       pointer|
|m_axi_gmem_ARREADY        |   in|    1|       m_axi|                     gmem|       pointer|
|m_axi_gmem_ARADDR         |  out|   64|       m_axi|                     gmem|       pointer|
|m_axi_gmem_ARID           |  out|    1|       m_axi|                     gmem|       pointer|
|m_axi_gmem_ARLEN          |  out|   32|       m_axi|                     gmem|       pointer|
|m_axi_gmem_ARSIZE         |  out|    3|       m_axi|                     gmem|       pointer|
|m_axi_gmem_ARBURST        |  out|    2|       m_axi|                     gmem|       pointer|
|m_axi_gmem_ARLOCK         |  out|    2|       m_axi|                     gmem|       pointer|
|m_axi_gmem_ARCACHE        |  out|    4|       m_axi|                     gmem|       pointer|
|m_axi_gmem_ARPROT         |  out|    3|       m_axi|                     gmem|       pointer|
|m_axi_gmem_ARQOS          |  out|    4|       m_axi|                     gmem|       pointer|
|m_axi_gmem_ARREGION       |  out|    4|       m_axi|                     gmem|       pointer|
|m_axi_gmem_ARUSER         |  out|    1|       m_axi|                     gmem|       pointer|
|m_axi_gmem_RVALID         |   in|    1|       m_axi|                     gmem|       pointer|
|m_axi_gmem_RREADY         |  out|    1|       m_axi|                     gmem|       pointer|
|m_axi_gmem_RDATA          |   in|   32|       m_axi|                     gmem|       pointer|
|m_axi_gmem_RLAST          |   in|    1|       m_axi|                     gmem|       pointer|
|m_axi_gmem_RID            |   in|    1|       m_axi|                     gmem|       pointer|
|m_axi_gmem_RFIFONUM       |   in|    9|       m_axi|                     gmem|       pointer|
|m_axi_gmem_RUSER          |   in|    1|       m_axi|                     gmem|       pointer|
|m_axi_gmem_RRESP          |   in|    2|       m_axi|                     gmem|       pointer|
|m_axi_gmem_BVALID         |   in|    1|       m_axi|                     gmem|       pointer|
|m_axi_gmem_BREADY         |  out|    1|       m_axi|                     gmem|       pointer|
|m_axi_gmem_BRESP          |   in|    2|       m_axi|                     gmem|       pointer|
|m_axi_gmem_BID            |   in|    1|       m_axi|                     gmem|       pointer|
|m_axi_gmem_BUSER          |   in|    1|       m_axi|                     gmem|       pointer|
|mean_buf                  |   in|   64|     ap_none|                 mean_buf|        scalar|
|var_buf                   |   in|   64|     ap_none|                  var_buf|        scalar|
|norm1_weight_l1_address0  |  out|    8|   ap_memory|          norm1_weight_l1|         array|
|norm1_weight_l1_ce0       |  out|    1|   ap_memory|          norm1_weight_l1|         array|
|norm1_weight_l1_q0        |   in|   32|   ap_memory|          norm1_weight_l1|         array|
|norm1_bias_l1_address0    |  out|    8|   ap_memory|            norm1_bias_l1|         array|
|norm1_bias_l1_ce0         |  out|    1|   ap_memory|            norm1_bias_l1|         array|
|norm1_bias_l1_q0          |   in|   32|   ap_memory|            norm1_bias_l1|         array|
+--------------------------+-----+-----+------------+-------------------------+--------------+

