

================================================================
== Vitis HLS Report for 'LayerNorm_clone_clone_1_Pipeline_VITIS_LOOP_39_8'
================================================================
* Date:           Fri Nov 10 02:21:11 2023

* Version:        2022.1 (Build 3526262 on Mon Apr 18 15:47:01 MDT 2022)
* Project:        proj_kernel_EMO
* Solution:       solution1 (Vivado IP Flow Target)
* Product family: virtexuplus
* Target device:  xcu250-figd2104-2L-e


================================================================
== Performance Estimates
================================================================
+ Timing: 
    * Summary: 
    +--------+----------+-----------+------------+
    |  Clock |  Target  | Estimated | Uncertainty|
    +--------+----------+-----------+------------+
    |ap_clk  |  50.00 ns|  36.500 ns|    13.50 ns|
    +--------+----------+-----------+------------+

+ Latency: 
    * Summary: 
    +---------+---------+-----------+-----------+-----+-----+---------+
    |  Latency (cycles) |   Latency (absolute)  |  Interval | Pipeline|
    |   min   |   max   |    min    |    max    | min | max |   Type  |
    +---------+---------+-----------+-----------+-----+-----+---------+
    |      359|      359|  17.950 us|  17.950 us|  359|  359|       no|
    +---------+---------+-----------+-----------+-----+-----+---------+

    + Detail: 
        * Instance: 
        N/A

        * Loop: 
        +-------------------+---------+---------+----------+-----------+-----------+------+----------+
        |                   |  Latency (cycles) | Iteration|  Initiation Interval  | Trip |          |
        |     Loop Name     |   min   |   max   |  Latency |  achieved |   target  | Count| Pipelined|
        +-------------------+---------+---------+----------+-----------+-----------+------+----------+
        |- VITIS_LOOP_39_8  |      357|      357|        24|          2|          1|   168|       yes|
        +-------------------+---------+---------+----------+-----------+-----------+------+----------+



================================================================
== Utilization Estimates
================================================================
* Summary: 
+---------------------+---------+-------+---------+---------+------+
|         Name        | BRAM_18K|  DSP  |    FF   |   LUT   | URAM |
+---------------------+---------+-------+---------+---------+------+
|DSP                  |        -|      -|        -|        -|     -|
|Expression           |        -|      -|        0|      363|     -|
|FIFO                 |        -|      -|        -|        -|     -|
|Instance             |        -|      5|        0|      934|     -|
|Memory               |        -|      -|        -|        -|     -|
|Multiplexer          |        -|      -|        -|      168|     -|
|Register             |        -|      -|      912|       96|     -|
+---------------------+---------+-------+---------+---------+------+
|Total                |        0|      5|      912|     1561|     0|
+---------------------+---------+-------+---------+---------+------+
|Available SLR        |     1344|   3072|   864000|   432000|   320|
+---------------------+---------+-------+---------+---------+------+
|Utilization SLR (%)  |        0|     ~0|       ~0|       ~0|     0|
+---------------------+---------+-------+---------+---------+------+
|Available            |     5376|  12288|  3456000|  1728000|  1280|
+---------------------+---------+-------+---------+---------+------+
|Utilization (%)      |        0|     ~0|       ~0|       ~0|     0|
+---------------------+---------+-------+---------+---------+------+

+ Detail: 
    * Instance: 
    +--------------------------------------+--------------------------------+---------+----+---+-----+-----+
    |               Instance               |             Module             | BRAM_18K| DSP| FF| LUT | URAM|
    +--------------------------------------+--------------------------------+---------+----+---+-----+-----+
    |dadd_64ns_64ns_64_1_full_dsp_1_U5126  |dadd_64ns_64ns_64_1_full_dsp_1  |        0|   3|  0|  708|    0|
    |fpext_32ns_64_1_no_dsp_1_U5124        |fpext_32ns_64_1_no_dsp_1        |        0|   0|  0|    0|    0|
    |fpext_32ns_64_1_no_dsp_1_U5125        |fpext_32ns_64_1_no_dsp_1        |        0|   0|  0|    0|    0|
    |fptrunc_64ns_32_1_no_dsp_1_U5123      |fptrunc_64ns_32_1_no_dsp_1      |        0|   0|  0|    0|    0|
    |fsub_32ns_32ns_32_1_full_dsp_1_U5122  |fsub_32ns_32ns_32_1_full_dsp_1  |        0|   2|  0|  226|    0|
    +--------------------------------------+--------------------------------+---------+----+---+-----+-----+
    |Total                                 |                                |        0|   5|  0|  934|    0|
    +--------------------------------------+--------------------------------+---------+----+---+-----+-----+

    * DSP: 
    N/A

    * Memory: 
    N/A

    * FIFO: 
    N/A

    * Expression: 
    +----------------------------------+----------+----+---+----+------------+------------+
    |           Variable Name          | Operation| DSP| FF| LUT| Bitwidth P0| Bitwidth P1|
    +----------------------------------+----------+----+---+----+------------+------------+
    |add_ln39_fu_262_p2                |         +|   0|  0|  15|           8|           1|
    |add_ln40_4_fu_303_p2              |         +|   0|  0|  71|          64|          64|
    |add_ln40_5_fu_329_p2              |         +|   0|  0|  70|          63|          63|
    |add_ln40_6_fu_345_p2              |         +|   0|  0|  70|          63|          63|
    |add_ln40_7_fu_361_p2              |         +|   0|  0|  71|          64|          64|
    |add_ln40_8_fu_275_p2              |         +|   0|  0|  21|          14|           6|
    |add_ln40_fu_285_p2                |         +|   0|  0|  22|          15|          15|
    |ap_block_pp0_stage0_01001         |       and|   0|  0|   2|           1|           1|
    |icmp_ln39_fu_256_p2               |      icmp|   0|  0|  11|           8|           8|
    |ap_block_pp0_stage0_11001         |        or|   0|  0|   2|           1|           1|
    |ap_block_pp0_stage1_11001         |        or|   0|  0|   2|           1|           1|
    |ap_block_state2_io                |        or|   0|  0|   2|           1|           1|
    |ap_block_state9_pp0_stage0_iter4  |        or|   0|  0|   2|           1|           1|
    |ap_enable_pp0                     |       xor|   0|  0|   2|           1|           2|
    +----------------------------------+----------+----+---+----+------------+------------+
    |Total                             |          |   0|  0| 363|         305|         291|
    +----------------------------------+----------+----+---+----+------------+------------+

    * Multiplexer: 
    +-------------------------------+----+-----------+-----+-----------+
    |              Name             | LUT| Input Size| Bits| Total Bits|
    +-------------------------------+----+-----------+-----+-----------+
    |ap_NS_fsm                      |  14|          3|    1|          3|
    |ap_done_int                    |   9|          2|    1|          2|
    |ap_enable_reg_pp0_iter0        |   9|          2|    1|          2|
    |ap_enable_reg_pp0_iter1        |   9|          2|    1|          2|
    |ap_sig_allocacmp_c_10_0_load   |   9|          2|    8|         16|
    |ap_sig_allocacmp_phi_mul_load  |   9|          2|   14|         28|
    |c_10_0_fu_106                  |   9|          2|    8|         16|
    |gmem0_blk_n_AW                 |   9|          2|    1|          2|
    |gmem0_blk_n_B                  |   9|          2|    1|          2|
    |gmem0_blk_n_W                  |   9|          2|    1|          2|
    |gmem2_blk_n_AR                 |   9|          2|    1|          2|
    |gmem2_blk_n_R                  |   9|          2|    1|          2|
    |gmem_blk_n_AR                  |   9|          2|    1|          2|
    |gmem_blk_n_R                   |   9|          2|    1|          2|
    |grp_fu_211_p0                  |  14|          3|   32|         96|
    |m_axi_gmem_ARADDR              |  14|          3|   64|        192|
    |phi_mul_fu_102                 |   9|          2|   14|         28|
    +-------------------------------+----+-----------+-----+-----------+
    |Total                          | 168|         37|  151|        399|
    +-------------------------------+----+-----------+-----+-----------+

    * Register: 
    +-----------------------------------+----+----+-----+-----------+
    |                Name               | FF | LUT| Bits| Const Bits|
    +-----------------------------------+----+----+-----+-----------+
    |add_reg_510                        |  64|   0|   64|          0|
    |ap_CS_fsm                          |   2|   0|    2|          0|
    |ap_done_reg                        |   1|   0|    1|          0|
    |ap_enable_reg_pp0_iter0_reg        |   1|   0|    1|          0|
    |ap_enable_reg_pp0_iter1            |   1|   0|    1|          0|
    |ap_enable_reg_pp0_iter10           |   1|   0|    1|          0|
    |ap_enable_reg_pp0_iter11           |   1|   0|    1|          0|
    |ap_enable_reg_pp0_iter2            |   1|   0|    1|          0|
    |ap_enable_reg_pp0_iter3            |   1|   0|    1|          0|
    |ap_enable_reg_pp0_iter4            |   1|   0|    1|          0|
    |ap_enable_reg_pp0_iter5            |   1|   0|    1|          0|
    |ap_enable_reg_pp0_iter6            |   1|   0|    1|          0|
    |ap_enable_reg_pp0_iter7            |   1|   0|    1|          0|
    |ap_enable_reg_pp0_iter8            |   1|   0|    1|          0|
    |ap_enable_reg_pp0_iter9            |   1|   0|    1|          0|
    |ap_loop_exit_ready_pp0_iter10_reg  |   1|   0|    1|          0|
    |ap_loop_exit_ready_pp0_iter1_reg   |   1|   0|    1|          0|
    |ap_loop_exit_ready_pp0_iter2_reg   |   1|   0|    1|          0|
    |ap_loop_exit_ready_pp0_iter3_reg   |   1|   0|    1|          0|
    |ap_loop_exit_ready_pp0_iter4_reg   |   1|   0|    1|          0|
    |ap_loop_exit_ready_pp0_iter5_reg   |   1|   0|    1|          0|
    |ap_loop_exit_ready_pp0_iter6_reg   |   1|   0|    1|          0|
    |ap_loop_exit_ready_pp0_iter7_reg   |   1|   0|    1|          0|
    |ap_loop_exit_ready_pp0_iter8_reg   |   1|   0|    1|          0|
    |ap_loop_exit_ready_pp0_iter9_reg   |   1|   0|    1|          0|
    |c_10_0_fu_106                      |   8|   0|    8|          0|
    |conv1_reg_480                      |  64|   0|   64|          0|
    |conv2_reg_495                      |  64|   0|   64|          0|
    |conv3_reg_515                      |  32|   0|   32|          0|
    |gmem0_addr_reg_459                 |  64|   0|   64|          0|
    |gmem2_addr_read_reg_465            |  32|   0|   32|          0|
    |gmem2_addr_reg_441                 |  64|   0|   64|          0|
    |gmem_addr_277_read_reg_485         |  32|   0|   32|          0|
    |gmem_addr_277_reg_453              |  64|   0|   64|          0|
    |gmem_addr_read_reg_470             |  32|   0|   32|          0|
    |gmem_addr_reg_447                  |  64|   0|   64|          0|
    |icmp_ln39_reg_437                  |   1|   0|    1|          0|
    |mul_reg_505                        |  64|   0|   64|          0|
    |phi_mul_fu_102                     |  14|   0|   14|          0|
    |sub1_reg_475                       |  32|   0|   32|          0|
    |conv1_reg_480                      |  64|  32|   64|          0|
    |conv2_reg_495                      |  64|  32|   64|          0|
    |gmem0_addr_reg_459                 |  64|  32|   64|          0|
    +-----------------------------------+----+----+-----+-----------+
    |Total                              | 912|  96|  912|          0|
    +-----------------------------------+----+----+-----+-----------+



================================================================
== Interface
================================================================
* Summary: 
+----------------------+-----+-----+------------+--------------------------------------------------+--------------+
|       RTL Ports      | Dir | Bits|  Protocol  |                   Source Object                  |    C Type    |
+----------------------+-----+-----+------------+--------------------------------------------------+--------------+
|ap_clk                |   in|    1|  ap_ctrl_hs|  LayerNorm.clone.clone.1_Pipeline_VITIS_LOOP_39_8|  return value|
|ap_rst                |   in|    1|  ap_ctrl_hs|  LayerNorm.clone.clone.1_Pipeline_VITIS_LOOP_39_8|  return value|
|ap_start              |   in|    1|  ap_ctrl_hs|  LayerNorm.clone.clone.1_Pipeline_VITIS_LOOP_39_8|  return value|
|ap_done               |  out|    1|  ap_ctrl_hs|  LayerNorm.clone.clone.1_Pipeline_VITIS_LOOP_39_8|  return value|
|ap_idle               |  out|    1|  ap_ctrl_hs|  LayerNorm.clone.clone.1_Pipeline_VITIS_LOOP_39_8|  return value|
|ap_ready              |  out|    1|  ap_ctrl_hs|  LayerNorm.clone.clone.1_Pipeline_VITIS_LOOP_39_8|  return value|
|grp_fu_556_p_din0     |  out|   64|  ap_ctrl_hs|  LayerNorm.clone.clone.1_Pipeline_VITIS_LOOP_39_8|  return value|
|grp_fu_556_p_din1     |  out|   64|  ap_ctrl_hs|  LayerNorm.clone.clone.1_Pipeline_VITIS_LOOP_39_8|  return value|
|grp_fu_556_p_dout0    |   in|   64|  ap_ctrl_hs|  LayerNorm.clone.clone.1_Pipeline_VITIS_LOOP_39_8|  return value|
|grp_fu_556_p_ce       |  out|    1|  ap_ctrl_hs|  LayerNorm.clone.clone.1_Pipeline_VITIS_LOOP_39_8|  return value|
|grp_fu_560_p_din0     |  out|   64|  ap_ctrl_hs|  LayerNorm.clone.clone.1_Pipeline_VITIS_LOOP_39_8|  return value|
|grp_fu_560_p_din1     |  out|   64|  ap_ctrl_hs|  LayerNorm.clone.clone.1_Pipeline_VITIS_LOOP_39_8|  return value|
|grp_fu_560_p_dout0    |   in|   64|  ap_ctrl_hs|  LayerNorm.clone.clone.1_Pipeline_VITIS_LOOP_39_8|  return value|
|grp_fu_560_p_ce       |  out|    1|  ap_ctrl_hs|  LayerNorm.clone.clone.1_Pipeline_VITIS_LOOP_39_8|  return value|
|m_axi_gmem2_AWVALID   |  out|    1|       m_axi|                                             gmem2|       pointer|
|m_axi_gmem2_AWREADY   |   in|    1|       m_axi|                                             gmem2|       pointer|
|m_axi_gmem2_AWADDR    |  out|   64|       m_axi|                                             gmem2|       pointer|
|m_axi_gmem2_AWID      |  out|    1|       m_axi|                                             gmem2|       pointer|
|m_axi_gmem2_AWLEN     |  out|   32|       m_axi|                                             gmem2|       pointer|
|m_axi_gmem2_AWSIZE    |  out|    3|       m_axi|                                             gmem2|       pointer|
|m_axi_gmem2_AWBURST   |  out|    2|       m_axi|                                             gmem2|       pointer|
|m_axi_gmem2_AWLOCK    |  out|    2|       m_axi|                                             gmem2|       pointer|
|m_axi_gmem2_AWCACHE   |  out|    4|       m_axi|                                             gmem2|       pointer|
|m_axi_gmem2_AWPROT    |  out|    3|       m_axi|                                             gmem2|       pointer|
|m_axi_gmem2_AWQOS     |  out|    4|       m_axi|                                             gmem2|       pointer|
|m_axi_gmem2_AWREGION  |  out|    4|       m_axi|                                             gmem2|       pointer|
|m_axi_gmem2_AWUSER    |  out|    1|       m_axi|                                             gmem2|       pointer|
|m_axi_gmem2_WVALID    |  out|    1|       m_axi|                                             gmem2|       pointer|
|m_axi_gmem2_WREADY    |   in|    1|       m_axi|                                             gmem2|       pointer|
|m_axi_gmem2_WDATA     |  out|   32|       m_axi|                                             gmem2|       pointer|
|m_axi_gmem2_WSTRB     |  out|    4|       m_axi|                                             gmem2|       pointer|
|m_axi_gmem2_WLAST     |  out|    1|       m_axi|                                             gmem2|       pointer|
|m_axi_gmem2_WID       |  out|    1|       m_axi|                                             gmem2|       pointer|
|m_axi_gmem2_WUSER     |  out|    1|       m_axi|                                             gmem2|       pointer|
|m_axi_gmem2_ARVALID   |  out|    1|       m_axi|                                             gmem2|       pointer|
|m_axi_gmem2_ARREADY   |   in|    1|       m_axi|                                             gmem2|       pointer|
|m_axi_gmem2_ARADDR    |  out|   64|       m_axi|                                             gmem2|       pointer|
|m_axi_gmem2_ARID      |  out|    1|       m_axi|                                             gmem2|       pointer|
|m_axi_gmem2_ARLEN     |  out|   32|       m_axi|                                             gmem2|       pointer|
|m_axi_gmem2_ARSIZE    |  out|    3|       m_axi|                                             gmem2|       pointer|
|m_axi_gmem2_ARBURST   |  out|    2|       m_axi|                                             gmem2|       pointer|
|m_axi_gmem2_ARLOCK    |  out|    2|       m_axi|                                             gmem2|       pointer|
|m_axi_gmem2_ARCACHE   |  out|    4|       m_axi|                                             gmem2|       pointer|
|m_axi_gmem2_ARPROT    |  out|    3|       m_axi|                                             gmem2|       pointer|
|m_axi_gmem2_ARQOS     |  out|    4|       m_axi|                                             gmem2|       pointer|
|m_axi_gmem2_ARREGION  |  out|    4|       m_axi|                                             gmem2|       pointer|
|m_axi_gmem2_ARUSER    |  out|    1|       m_axi|                                             gmem2|       pointer|
|m_axi_gmem2_RVALID    |   in|    1|       m_axi|                                             gmem2|       pointer|
|m_axi_gmem2_RREADY    |  out|    1|       m_axi|                                             gmem2|       pointer|
|m_axi_gmem2_RDATA     |   in|   32|       m_axi|                                             gmem2|       pointer|
|m_axi_gmem2_RLAST     |   in|    1|       m_axi|                                             gmem2|       pointer|
|m_axi_gmem2_RID       |   in|    1|       m_axi|                                             gmem2|       pointer|
|m_axi_gmem2_RFIFONUM  |   in|    9|       m_axi|                                             gmem2|       pointer|
|m_axi_gmem2_RUSER     |   in|    1|       m_axi|                                             gmem2|       pointer|
|m_axi_gmem2_RRESP     |   in|    2|       m_axi|                                             gmem2|       pointer|
|m_axi_gmem2_BVALID    |   in|    1|       m_axi|                                             gmem2|       pointer|
|m_axi_gmem2_BREADY    |  out|    1|       m_axi|                                             gmem2|       pointer|
|m_axi_gmem2_BRESP     |   in|    2|       m_axi|                                             gmem2|       pointer|
|m_axi_gmem2_BID       |   in|    1|       m_axi|                                             gmem2|       pointer|
|m_axi_gmem2_BUSER     |   in|    1|       m_axi|                                             gmem2|       pointer|
|m_axi_gmem_AWVALID    |  out|    1|       m_axi|                                              gmem|       pointer|
|m_axi_gmem_AWREADY    |   in|    1|       m_axi|                                              gmem|       pointer|
|m_axi_gmem_AWADDR     |  out|   64|       m_axi|                                              gmem|       pointer|
|m_axi_gmem_AWID       |  out|    1|       m_axi|                                              gmem|       pointer|
|m_axi_gmem_AWLEN      |  out|   32|       m_axi|                                              gmem|       pointer|
|m_axi_gmem_AWSIZE     |  out|    3|       m_axi|                                              gmem|       pointer|
|m_axi_gmem_AWBURST    |  out|    2|       m_axi|                                              gmem|       pointer|
|m_axi_gmem_AWLOCK     |  out|    2|       m_axi|                                              gmem|       pointer|
|m_axi_gmem_AWCACHE    |  out|    4|       m_axi|                                              gmem|       pointer|
|m_axi_gmem_AWPROT     |  out|    3|       m_axi|                                              gmem|       pointer|
|m_axi_gmem_AWQOS      |  out|    4|       m_axi|                                              gmem|       pointer|
|m_axi_gmem_AWREGION   |  out|    4|       m_axi|                                              gmem|       pointer|
|m_axi_gmem_AWUSER     |  out|    1|       m_axi|                                              gmem|       pointer|
|m_axi_gmem_WVALID     |  out|    1|       m_axi|                                              gmem|       pointer|
|m_axi_gmem_WREADY     |   in|    1|       m_axi|                                              gmem|       pointer|
|m_axi_gmem_WDATA      |  out|   32|       m_axi|                                              gmem|       pointer|
|m_axi_gmem_WSTRB      |  out|    4|       m_axi|                                              gmem|       pointer|
|m_axi_gmem_WLAST      |  out|    1|       m_axi|                                              gmem|       pointer|
|m_axi_gmem_WID        |  out|    1|       m_axi|                                              gmem|       pointer|
|m_axi_gmem_WUSER      |  out|    1|       m_axi|                                              gmem|       pointer|
|m_axi_gmem_ARVALID    |  out|    1|       m_axi|                                              gmem|       pointer|
|m_axi_gmem_ARREADY    |   in|    1|       m_axi|                                              gmem|       pointer|
|m_axi_gmem_ARADDR     |  out|   64|       m_axi|                                              gmem|       pointer|
|m_axi_gmem_ARID       |  out|    1|       m_axi|                                              gmem|       pointer|
|m_axi_gmem_ARLEN      |  out|   32|       m_axi|                                              gmem|       pointer|
|m_axi_gmem_ARSIZE     |  out|    3|       m_axi|                                              gmem|       pointer|
|m_axi_gmem_ARBURST    |  out|    2|       m_axi|                                              gmem|       pointer|
|m_axi_gmem_ARLOCK     |  out|    2|       m_axi|                                              gmem|       pointer|
|m_axi_gmem_ARCACHE    |  out|    4|       m_axi|                                              gmem|       pointer|
|m_axi_gmem_ARPROT     |  out|    3|       m_axi|                                              gmem|       pointer|
|m_axi_gmem_ARQOS      |  out|    4|       m_axi|                                              gmem|       pointer|
|m_axi_gmem_ARREGION   |  out|    4|       m_axi|                                              gmem|       pointer|
|m_axi_gmem_ARUSER     |  out|    1|       m_axi|                                              gmem|       pointer|
|m_axi_gmem_RVALID     |   in|    1|       m_axi|                                              gmem|       pointer|
|m_axi_gmem_RREADY     |  out|    1|       m_axi|                                              gmem|       pointer|
|m_axi_gmem_RDATA      |   in|   32|       m_axi|                                              gmem|       pointer|
|m_axi_gmem_RLAST      |   in|    1|       m_axi|                                              gmem|       pointer|
|m_axi_gmem_RID        |   in|    1|       m_axi|                                              gmem|       pointer|
|m_axi_gmem_RFIFONUM   |   in|    9|       m_axi|                                              gmem|       pointer|
|m_axi_gmem_RUSER      |   in|    1|       m_axi|                                              gmem|       pointer|
|m_axi_gmem_RRESP      |   in|    2|       m_axi|                                              gmem|       pointer|
|m_axi_gmem_BVALID     |   in|    1|       m_axi|                                              gmem|       pointer|
|m_axi_gmem_BREADY     |  out|    1|       m_axi|                                              gmem|       pointer|
|m_axi_gmem_BRESP      |   in|    2|       m_axi|                                              gmem|       pointer|
|m_axi_gmem_BID        |   in|    1|       m_axi|                                              gmem|       pointer|
|m_axi_gmem_BUSER      |   in|    1|       m_axi|                                              gmem|       pointer|
|m_axi_gmem0_AWVALID   |  out|    1|       m_axi|                                             gmem0|       pointer|
|m_axi_gmem0_AWREADY   |   in|    1|       m_axi|                                             gmem0|       pointer|
|m_axi_gmem0_AWADDR    |  out|   64|       m_axi|                                             gmem0|       pointer|
|m_axi_gmem0_AWID      |  out|    1|       m_axi|                                             gmem0|       pointer|
|m_axi_gmem0_AWLEN     |  out|   32|       m_axi|                                             gmem0|       pointer|
|m_axi_gmem0_AWSIZE    |  out|    3|       m_axi|                                             gmem0|       pointer|
|m_axi_gmem0_AWBURST   |  out|    2|       m_axi|                                             gmem0|       pointer|
|m_axi_gmem0_AWLOCK    |  out|    2|       m_axi|                                             gmem0|       pointer|
|m_axi_gmem0_AWCACHE   |  out|    4|       m_axi|                                             gmem0|       pointer|
|m_axi_gmem0_AWPROT    |  out|    3|       m_axi|                                             gmem0|       pointer|
|m_axi_gmem0_AWQOS     |  out|    4|       m_axi|                                             gmem0|       pointer|
|m_axi_gmem0_AWREGION  |  out|    4|       m_axi|                                             gmem0|       pointer|
|m_axi_gmem0_AWUSER    |  out|    1|       m_axi|                                             gmem0|       pointer|
|m_axi_gmem0_WVALID    |  out|    1|       m_axi|                                             gmem0|       pointer|
|m_axi_gmem0_WREADY    |   in|    1|       m_axi|                                             gmem0|       pointer|
|m_axi_gmem0_WDATA     |  out|   32|       m_axi|                                             gmem0|       pointer|
|m_axi_gmem0_WSTRB     |  out|    4|       m_axi|                                             gmem0|       pointer|
|m_axi_gmem0_WLAST     |  out|    1|       m_axi|                                             gmem0|       pointer|
|m_axi_gmem0_WID       |  out|    1|       m_axi|                                             gmem0|       pointer|
|m_axi_gmem0_WUSER     |  out|    1|       m_axi|                                             gmem0|       pointer|
|m_axi_gmem0_ARVALID   |  out|    1|       m_axi|                                             gmem0|       pointer|
|m_axi_gmem0_ARREADY   |   in|    1|       m_axi|                                             gmem0|       pointer|
|m_axi_gmem0_ARADDR    |  out|   64|       m_axi|                                             gmem0|       pointer|
|m_axi_gmem0_ARID      |  out|    1|       m_axi|                                             gmem0|       pointer|
|m_axi_gmem0_ARLEN     |  out|   32|       m_axi|                                             gmem0|       pointer|
|m_axi_gmem0_ARSIZE    |  out|    3|       m_axi|                                             gmem0|       pointer|
|m_axi_gmem0_ARBURST   |  out|    2|       m_axi|                                             gmem0|       pointer|
|m_axi_gmem0_ARLOCK    |  out|    2|       m_axi|                                             gmem0|       pointer|
|m_axi_gmem0_ARCACHE   |  out|    4|       m_axi|                                             gmem0|       pointer|
|m_axi_gmem0_ARPROT    |  out|    3|       m_axi|                                             gmem0|       pointer|
|m_axi_gmem0_ARQOS     |  out|    4|       m_axi|                                             gmem0|       pointer|
|m_axi_gmem0_ARREGION  |  out|    4|       m_axi|                                             gmem0|       pointer|
|m_axi_gmem0_ARUSER    |  out|    1|       m_axi|                                             gmem0|       pointer|
|m_axi_gmem0_RVALID    |   in|    1|       m_axi|                                             gmem0|       pointer|
|m_axi_gmem0_RREADY    |  out|    1|       m_axi|                                             gmem0|       pointer|
|m_axi_gmem0_RDATA     |   in|   32|       m_axi|                                             gmem0|       pointer|
|m_axi_gmem0_RLAST     |   in|    1|       m_axi|                                             gmem0|       pointer|
|m_axi_gmem0_RID       |   in|    1|       m_axi|                                             gmem0|       pointer|
|m_axi_gmem0_RFIFONUM  |   in|    9|       m_axi|                                             gmem0|       pointer|
|m_axi_gmem0_RUSER     |   in|    1|       m_axi|                                             gmem0|       pointer|
|m_axi_gmem0_RRESP     |   in|    2|       m_axi|                                             gmem0|       pointer|
|m_axi_gmem0_BVALID    |   in|    1|       m_axi|                                             gmem0|       pointer|
|m_axi_gmem0_BREADY    |  out|    1|       m_axi|                                             gmem0|       pointer|
|m_axi_gmem0_BRESP     |   in|    2|       m_axi|                                             gmem0|       pointer|
|m_axi_gmem0_BID       |   in|    1|       m_axi|                                             gmem0|       pointer|
|m_axi_gmem0_BUSER     |   in|    1|       m_axi|                                             gmem0|       pointer|
|add_ln38_cast5        |   in|    7|     ap_none|                                    add_ln38_cast5|        scalar|
|X_data                |   in|   64|     ap_none|                                            X_data|        scalar|
|empty                 |   in|   32|     ap_none|                                             empty|        scalar|
|tmp                   |   in|   64|     ap_none|                                               tmp|        scalar|
|sext_ln39             |   in|   62|     ap_none|                                         sext_ln39|        scalar|
|sext_ln36             |   in|   62|     ap_none|                                         sext_ln36|        scalar|
|Y_data                |   in|   64|     ap_none|                                            Y_data|        scalar|
+----------------------+-----+-----+------------+--------------------------------------------------+--------------+

