

================================================================
== Vitis HLS Report for 'LayerNorm_clone_clone_2_Pipeline_VITIS_LOOP_39_8'
================================================================
* Date:           Fri Nov 10 02:19:47 2023

* Version:        2022.1 (Build 3526262 on Mon Apr 18 15:47:01 MDT 2022)
* Project:        proj_kernel_EMO
* Solution:       solution1 (Vivado IP Flow Target)
* Product family: virtexuplus
* Target device:  xcu250-figd2104-2L-e


================================================================
== Performance Estimates
================================================================
+ Timing: 
    * Summary: 
    +--------+----------+-----------+------------+
    |  Clock |  Target  | Estimated | Uncertainty|
    +--------+----------+-----------+------------+
    |ap_clk  |  50.00 ns|  36.500 ns|    13.50 ns|
    +--------+----------+-----------+------------+

+ Latency: 
    * Summary: 
    +---------+---------+----------+----------+-----+-----+---------+
    |  Latency (cycles) |  Latency (absolute) |  Interval | Pipeline|
    |   min   |   max   |    min   |    max   | min | max |   Type  |
    +---------+---------+----------+----------+-----+-----+---------+
    |      192|      192|  9.600 us|  9.600 us|  192|  192|       no|
    +---------+---------+----------+----------+-----+-----+---------+

    + Detail: 
        * Instance: 
        N/A

        * Loop: 
        +-------------------+---------+---------+----------+-----------+-----------+------+----------+
        |                   |  Latency (cycles) | Iteration|  Initiation Interval  | Trip |          |
        |     Loop Name     |   min   |   max   |  Latency |  achieved |   target  | Count| Pipelined|
        +-------------------+---------+---------+----------+-----------+-----------+------+----------+
        |- VITIS_LOOP_39_8  |      190|      190|        24|          1|          1|   168|       yes|
        +-------------------+---------+---------+----------+-----------+-----------+------+----------+



================================================================
== Utilization Estimates
================================================================
* Summary: 
+---------------------+---------+-------+---------+---------+------+
|         Name        | BRAM_18K|  DSP  |    FF   |   LUT   | URAM |
+---------------------+---------+-------+---------+---------+------+
|DSP                  |        -|      -|        -|        -|     -|
|Expression           |        -|      -|        0|      217|     -|
|FIFO                 |        -|      -|        -|        -|     -|
|Instance             |        -|      5|        0|      934|     -|
|Memory               |        -|      -|        -|        -|     -|
|Multiplexer          |        -|      -|        -|       99|     -|
|Register             |        -|      -|      629|       64|     -|
+---------------------+---------+-------+---------+---------+------+
|Total                |        0|      5|      629|     1314|     0|
+---------------------+---------+-------+---------+---------+------+
|Available SLR        |     1344|   3072|   864000|   432000|   320|
+---------------------+---------+-------+---------+---------+------+
|Utilization SLR (%)  |        0|     ~0|       ~0|       ~0|     0|
+---------------------+---------+-------+---------+---------+------+
|Available            |     5376|  12288|  3456000|  1728000|  1280|
+---------------------+---------+-------+---------+---------+------+
|Utilization (%)      |        0|     ~0|       ~0|       ~0|     0|
+---------------------+---------+-------+---------+---------+------+

+ Detail: 
    * Instance: 
    +--------------------------------------+--------------------------------+---------+----+---+-----+-----+
    |               Instance               |             Module             | BRAM_18K| DSP| FF| LUT | URAM|
    +--------------------------------------+--------------------------------+---------+----+---+-----+-----+
    |dadd_64ns_64ns_64_1_full_dsp_1_U4612  |dadd_64ns_64ns_64_1_full_dsp_1  |        0|   3|  0|  708|    0|
    |fpext_32ns_64_1_no_dsp_1_U4609        |fpext_32ns_64_1_no_dsp_1        |        0|   0|  0|    0|    0|
    |fpext_32ns_64_1_no_dsp_1_U4610        |fpext_32ns_64_1_no_dsp_1        |        0|   0|  0|    0|    0|
    |fpext_32ns_64_1_no_dsp_1_U4611        |fpext_32ns_64_1_no_dsp_1        |        0|   0|  0|    0|    0|
    |fptrunc_64ns_32_1_no_dsp_1_U4608      |fptrunc_64ns_32_1_no_dsp_1      |        0|   0|  0|    0|    0|
    |fsub_32ns_32ns_32_1_full_dsp_1_U4607  |fsub_32ns_32ns_32_1_full_dsp_1  |        0|   2|  0|  226|    0|
    +--------------------------------------+--------------------------------+---------+----+---+-----+-----+
    |Total                                 |                                |        0|   5|  0|  934|    0|
    +--------------------------------------+--------------------------------+---------+----+---+-----+-----+

    * DSP: 
    N/A

    * Memory: 
    N/A

    * FIFO: 
    N/A

    * Expression: 
    +---------------------------+----------+----+---+----+------------+------------+
    |       Variable Name       | Operation| DSP| FF| LUT| Bitwidth P0| Bitwidth P1|
    +---------------------------+----------+----+---+----+------------+------------+
    |add_ln39_fu_242_p2         |         +|   0|  0|  15|           8|           1|
    |add_ln40_2_fu_279_p2       |         +|   0|  0|  71|          64|          64|
    |add_ln40_3_fu_305_p2       |         +|   0|  0|  71|          64|          64|
    |add_ln40_4_fu_251_p2       |         +|   0|  0|  21|          14|           6|
    |add_ln40_fu_261_p2         |         +|   0|  0|  22|          15|          15|
    |icmp_ln39_fu_236_p2        |      icmp|   0|  0|  11|           8|           8|
    |ap_block_pp0_stage0_01001  |        or|   0|  0|   2|           1|           1|
    |ap_block_pp0_stage0_11001  |        or|   0|  0|   2|           1|           1|
    |ap_enable_pp0              |       xor|   0|  0|   2|           1|           2|
    +---------------------------+----------+----+---+----+------------+------------+
    |Total                      |          |   0|  0| 217|         176|         162|
    +---------------------------+----------+----+---+----+------------+------------+

    * Multiplexer: 
    +-------------------------------+----+-----------+-----+-----------+
    |              Name             | LUT| Input Size| Bits| Total Bits|
    +-------------------------------+----+-----------+-----+-----------+
    |ap_done_int                    |   9|          2|    1|          2|
    |ap_enable_reg_pp0_iter1        |   9|          2|    1|          2|
    |ap_sig_allocacmp_c_9_0_load    |   9|          2|    8|         16|
    |ap_sig_allocacmp_phi_mul_load  |   9|          2|   14|         28|
    |c_9_0_fu_100                   |   9|          2|    8|         16|
    |gmem0_blk_n_AR                 |   9|          2|    1|          2|
    |gmem0_blk_n_R                  |   9|          2|    1|          2|
    |gmem1_blk_n_AW                 |   9|          2|    1|          2|
    |gmem1_blk_n_B                  |   9|          2|    1|          2|
    |gmem1_blk_n_W                  |   9|          2|    1|          2|
    |phi_mul_fu_96                  |   9|          2|   14|         28|
    +-------------------------------+----+-----------+-----+-----------+
    |Total                          |  99|         22|   51|        102|
    +-------------------------------+----+-----------+-----+-----------+

    * Register: 
    +-----------------------------------+----+----+-----+-----------+
    |                Name               | FF | LUT| Bits| Const Bits|
    +-----------------------------------+----+----+-----+-----------+
    |add_reg_458                        |  64|   0|   64|          0|
    |ap_CS_fsm                          |   1|   0|    1|          0|
    |ap_done_reg                        |   1|   0|    1|          0|
    |ap_enable_reg_pp0_iter1            |   1|   0|    1|          0|
    |ap_enable_reg_pp0_iter10           |   1|   0|    1|          0|
    |ap_enable_reg_pp0_iter11           |   1|   0|    1|          0|
    |ap_enable_reg_pp0_iter12           |   1|   0|    1|          0|
    |ap_enable_reg_pp0_iter13           |   1|   0|    1|          0|
    |ap_enable_reg_pp0_iter14           |   1|   0|    1|          0|
    |ap_enable_reg_pp0_iter15           |   1|   0|    1|          0|
    |ap_enable_reg_pp0_iter16           |   1|   0|    1|          0|
    |ap_enable_reg_pp0_iter17           |   1|   0|    1|          0|
    |ap_enable_reg_pp0_iter18           |   1|   0|    1|          0|
    |ap_enable_reg_pp0_iter19           |   1|   0|    1|          0|
    |ap_enable_reg_pp0_iter2            |   1|   0|    1|          0|
    |ap_enable_reg_pp0_iter20           |   1|   0|    1|          0|
    |ap_enable_reg_pp0_iter21           |   1|   0|    1|          0|
    |ap_enable_reg_pp0_iter22           |   1|   0|    1|          0|
    |ap_enable_reg_pp0_iter23           |   1|   0|    1|          0|
    |ap_enable_reg_pp0_iter3            |   1|   0|    1|          0|
    |ap_enable_reg_pp0_iter4            |   1|   0|    1|          0|
    |ap_enable_reg_pp0_iter5            |   1|   0|    1|          0|
    |ap_enable_reg_pp0_iter6            |   1|   0|    1|          0|
    |ap_enable_reg_pp0_iter7            |   1|   0|    1|          0|
    |ap_enable_reg_pp0_iter8            |   1|   0|    1|          0|
    |ap_enable_reg_pp0_iter9            |   1|   0|    1|          0|
    |ap_loop_exit_ready_pp0_iter10_reg  |   1|   0|    1|          0|
    |ap_loop_exit_ready_pp0_iter11_reg  |   1|   0|    1|          0|
    |ap_loop_exit_ready_pp0_iter12_reg  |   1|   0|    1|          0|
    |ap_loop_exit_ready_pp0_iter13_reg  |   1|   0|    1|          0|
    |ap_loop_exit_ready_pp0_iter14_reg  |   1|   0|    1|          0|
    |ap_loop_exit_ready_pp0_iter15_reg  |   1|   0|    1|          0|
    |ap_loop_exit_ready_pp0_iter16_reg  |   1|   0|    1|          0|
    |ap_loop_exit_ready_pp0_iter17_reg  |   1|   0|    1|          0|
    |ap_loop_exit_ready_pp0_iter18_reg  |   1|   0|    1|          0|
    |ap_loop_exit_ready_pp0_iter19_reg  |   1|   0|    1|          0|
    |ap_loop_exit_ready_pp0_iter1_reg   |   1|   0|    1|          0|
    |ap_loop_exit_ready_pp0_iter20_reg  |   1|   0|    1|          0|
    |ap_loop_exit_ready_pp0_iter21_reg  |   1|   0|    1|          0|
    |ap_loop_exit_ready_pp0_iter22_reg  |   1|   0|    1|          0|
    |ap_loop_exit_ready_pp0_iter2_reg   |   1|   0|    1|          0|
    |ap_loop_exit_ready_pp0_iter3_reg   |   1|   0|    1|          0|
    |ap_loop_exit_ready_pp0_iter4_reg   |   1|   0|    1|          0|
    |ap_loop_exit_ready_pp0_iter5_reg   |   1|   0|    1|          0|
    |ap_loop_exit_ready_pp0_iter6_reg   |   1|   0|    1|          0|
    |ap_loop_exit_ready_pp0_iter7_reg   |   1|   0|    1|          0|
    |ap_loop_exit_ready_pp0_iter8_reg   |   1|   0|    1|          0|
    |ap_loop_exit_ready_pp0_iter9_reg   |   1|   0|    1|          0|
    |c_9_0_fu_100                       |   8|   0|    8|          0|
    |c_9_0_load_reg_387                 |   8|   0|    8|          0|
    |conv7_reg_453                      |  64|   0|   64|          0|
    |conv8_reg_463                      |  32|   0|   32|          0|
    |gmem0_addr_read_reg_408            |  32|   0|   32|          0|
    |gmem0_addr_reg_396                 |  64|   0|   64|          0|
    |gmem1_addr_reg_402                 |  64|   0|   64|          0|
    |mul_reg_448                        |  64|   0|   64|          0|
    |phi_mul_fu_96                      |  14|   0|   14|          0|
    |sub9_reg_413                       |  32|   0|   32|          0|
    |zext_ln40_2_reg_423                |   8|   0|   64|         56|
    |c_9_0_load_reg_387                 |  64|  32|    8|          0|
    |gmem1_addr_reg_402                 |  64|  32|   64|          0|
    +-----------------------------------+----+----+-----+-----------+
    |Total                              | 629|  64|  629|         56|
    +-----------------------------------+----+----+-----+-----------+



================================================================
== Interface
================================================================
* Summary: 
+--------------------------+-----+-----+------------+--------------------------------------------------+--------------+
|         RTL Ports        | Dir | Bits|  Protocol  |                   Source Object                  |    C Type    |
+--------------------------+-----+-----+------------+--------------------------------------------------+--------------+
|ap_clk                    |   in|    1|  ap_ctrl_hs|  LayerNorm.clone.clone.2_Pipeline_VITIS_LOOP_39_8|  return value|
|ap_rst                    |   in|    1|  ap_ctrl_hs|  LayerNorm.clone.clone.2_Pipeline_VITIS_LOOP_39_8|  return value|
|ap_start                  |   in|    1|  ap_ctrl_hs|  LayerNorm.clone.clone.2_Pipeline_VITIS_LOOP_39_8|  return value|
|ap_done                   |  out|    1|  ap_ctrl_hs|  LayerNorm.clone.clone.2_Pipeline_VITIS_LOOP_39_8|  return value|
|ap_idle                   |  out|    1|  ap_ctrl_hs|  LayerNorm.clone.clone.2_Pipeline_VITIS_LOOP_39_8|  return value|
|ap_ready                  |  out|    1|  ap_ctrl_hs|  LayerNorm.clone.clone.2_Pipeline_VITIS_LOOP_39_8|  return value|
|grp_fu_514_p_din0         |  out|   64|  ap_ctrl_hs|  LayerNorm.clone.clone.2_Pipeline_VITIS_LOOP_39_8|  return value|
|grp_fu_514_p_din1         |  out|   64|  ap_ctrl_hs|  LayerNorm.clone.clone.2_Pipeline_VITIS_LOOP_39_8|  return value|
|grp_fu_514_p_dout0        |   in|   64|  ap_ctrl_hs|  LayerNorm.clone.clone.2_Pipeline_VITIS_LOOP_39_8|  return value|
|grp_fu_514_p_ce           |  out|    1|  ap_ctrl_hs|  LayerNorm.clone.clone.2_Pipeline_VITIS_LOOP_39_8|  return value|
|grp_fu_518_p_din0         |  out|   64|  ap_ctrl_hs|  LayerNorm.clone.clone.2_Pipeline_VITIS_LOOP_39_8|  return value|
|grp_fu_518_p_din1         |  out|   64|  ap_ctrl_hs|  LayerNorm.clone.clone.2_Pipeline_VITIS_LOOP_39_8|  return value|
|grp_fu_518_p_dout0        |   in|   64|  ap_ctrl_hs|  LayerNorm.clone.clone.2_Pipeline_VITIS_LOOP_39_8|  return value|
|grp_fu_518_p_ce           |  out|    1|  ap_ctrl_hs|  LayerNorm.clone.clone.2_Pipeline_VITIS_LOOP_39_8|  return value|
|m_axi_gmem0_AWVALID       |  out|    1|       m_axi|                                             gmem0|       pointer|
|m_axi_gmem0_AWREADY       |   in|    1|       m_axi|                                             gmem0|       pointer|
|m_axi_gmem0_AWADDR        |  out|   64|       m_axi|                                             gmem0|       pointer|
|m_axi_gmem0_AWID          |  out|    1|       m_axi|                                             gmem0|       pointer|
|m_axi_gmem0_AWLEN         |  out|   32|       m_axi|                                             gmem0|       pointer|
|m_axi_gmem0_AWSIZE        |  out|    3|       m_axi|                                             gmem0|       pointer|
|m_axi_gmem0_AWBURST       |  out|    2|       m_axi|                                             gmem0|       pointer|
|m_axi_gmem0_AWLOCK        |  out|    2|       m_axi|                                             gmem0|       pointer|
|m_axi_gmem0_AWCACHE       |  out|    4|       m_axi|                                             gmem0|       pointer|
|m_axi_gmem0_AWPROT        |  out|    3|       m_axi|                                             gmem0|       pointer|
|m_axi_gmem0_AWQOS         |  out|    4|       m_axi|                                             gmem0|       pointer|
|m_axi_gmem0_AWREGION      |  out|    4|       m_axi|                                             gmem0|       pointer|
|m_axi_gmem0_AWUSER        |  out|    1|       m_axi|                                             gmem0|       pointer|
|m_axi_gmem0_WVALID        |  out|    1|       m_axi|                                             gmem0|       pointer|
|m_axi_gmem0_WREADY        |   in|    1|       m_axi|                                             gmem0|       pointer|
|m_axi_gmem0_WDATA         |  out|   32|       m_axi|                                             gmem0|       pointer|
|m_axi_gmem0_WSTRB         |  out|    4|       m_axi|                                             gmem0|       pointer|
|m_axi_gmem0_WLAST         |  out|    1|       m_axi|                                             gmem0|       pointer|
|m_axi_gmem0_WID           |  out|    1|       m_axi|                                             gmem0|       pointer|
|m_axi_gmem0_WUSER         |  out|    1|       m_axi|                                             gmem0|       pointer|
|m_axi_gmem0_ARVALID       |  out|    1|       m_axi|                                             gmem0|       pointer|
|m_axi_gmem0_ARREADY       |   in|    1|       m_axi|                                             gmem0|       pointer|
|m_axi_gmem0_ARADDR        |  out|   64|       m_axi|                                             gmem0|       pointer|
|m_axi_gmem0_ARID          |  out|    1|       m_axi|                                             gmem0|       pointer|
|m_axi_gmem0_ARLEN         |  out|   32|       m_axi|                                             gmem0|       pointer|
|m_axi_gmem0_ARSIZE        |  out|    3|       m_axi|                                             gmem0|       pointer|
|m_axi_gmem0_ARBURST       |  out|    2|       m_axi|                                             gmem0|       pointer|
|m_axi_gmem0_ARLOCK        |  out|    2|       m_axi|                                             gmem0|       pointer|
|m_axi_gmem0_ARCACHE       |  out|    4|       m_axi|                                             gmem0|       pointer|
|m_axi_gmem0_ARPROT        |  out|    3|       m_axi|                                             gmem0|       pointer|
|m_axi_gmem0_ARQOS         |  out|    4|       m_axi|                                             gmem0|       pointer|
|m_axi_gmem0_ARREGION      |  out|    4|       m_axi|                                             gmem0|       pointer|
|m_axi_gmem0_ARUSER        |  out|    1|       m_axi|                                             gmem0|       pointer|
|m_axi_gmem0_RVALID        |   in|    1|       m_axi|                                             gmem0|       pointer|
|m_axi_gmem0_RREADY        |  out|    1|       m_axi|                                             gmem0|       pointer|
|m_axi_gmem0_RDATA         |   in|   32|       m_axi|                                             gmem0|       pointer|
|m_axi_gmem0_RLAST         |   in|    1|       m_axi|                                             gmem0|       pointer|
|m_axi_gmem0_RID           |   in|    1|       m_axi|                                             gmem0|       pointer|
|m_axi_gmem0_RFIFONUM      |   in|    9|       m_axi|                                             gmem0|       pointer|
|m_axi_gmem0_RUSER         |   in|    1|       m_axi|                                             gmem0|       pointer|
|m_axi_gmem0_RRESP         |   in|    2|       m_axi|                                             gmem0|       pointer|
|m_axi_gmem0_BVALID        |   in|    1|       m_axi|                                             gmem0|       pointer|
|m_axi_gmem0_BREADY        |  out|    1|       m_axi|                                             gmem0|       pointer|
|m_axi_gmem0_BRESP         |   in|    2|       m_axi|                                             gmem0|       pointer|
|m_axi_gmem0_BID           |   in|    1|       m_axi|                                             gmem0|       pointer|
|m_axi_gmem0_BUSER         |   in|    1|       m_axi|                                             gmem0|       pointer|
|m_axi_gmem1_AWVALID       |  out|    1|       m_axi|                                             gmem1|       pointer|
|m_axi_gmem1_AWREADY       |   in|    1|       m_axi|                                             gmem1|       pointer|
|m_axi_gmem1_AWADDR        |  out|   64|       m_axi|                                             gmem1|       pointer|
|m_axi_gmem1_AWID          |  out|    1|       m_axi|                                             gmem1|       pointer|
|m_axi_gmem1_AWLEN         |  out|   32|       m_axi|                                             gmem1|       pointer|
|m_axi_gmem1_AWSIZE        |  out|    3|       m_axi|                                             gmem1|       pointer|
|m_axi_gmem1_AWBURST       |  out|    2|       m_axi|                                             gmem1|       pointer|
|m_axi_gmem1_AWLOCK        |  out|    2|       m_axi|                                             gmem1|       pointer|
|m_axi_gmem1_AWCACHE       |  out|    4|       m_axi|                                             gmem1|       pointer|
|m_axi_gmem1_AWPROT        |  out|    3|       m_axi|                                             gmem1|       pointer|
|m_axi_gmem1_AWQOS         |  out|    4|       m_axi|                                             gmem1|       pointer|
|m_axi_gmem1_AWREGION      |  out|    4|       m_axi|                                             gmem1|       pointer|
|m_axi_gmem1_AWUSER        |  out|    1|       m_axi|                                             gmem1|       pointer|
|m_axi_gmem1_WVALID        |  out|    1|       m_axi|                                             gmem1|       pointer|
|m_axi_gmem1_WREADY        |   in|    1|       m_axi|                                             gmem1|       pointer|
|m_axi_gmem1_WDATA         |  out|   32|       m_axi|                                             gmem1|       pointer|
|m_axi_gmem1_WSTRB         |  out|    4|       m_axi|                                             gmem1|       pointer|
|m_axi_gmem1_WLAST         |  out|    1|       m_axi|                                             gmem1|       pointer|
|m_axi_gmem1_WID           |  out|    1|       m_axi|                                             gmem1|       pointer|
|m_axi_gmem1_WUSER         |  out|    1|       m_axi|                                             gmem1|       pointer|
|m_axi_gmem1_ARVALID       |  out|    1|       m_axi|                                             gmem1|       pointer|
|m_axi_gmem1_ARREADY       |   in|    1|       m_axi|                                             gmem1|       pointer|
|m_axi_gmem1_ARADDR        |  out|   64|       m_axi|                                             gmem1|       pointer|
|m_axi_gmem1_ARID          |  out|    1|       m_axi|                                             gmem1|       pointer|
|m_axi_gmem1_ARLEN         |  out|   32|       m_axi|                                             gmem1|       pointer|
|m_axi_gmem1_ARSIZE        |  out|    3|       m_axi|                                             gmem1|       pointer|
|m_axi_gmem1_ARBURST       |  out|    2|       m_axi|                                             gmem1|       pointer|
|m_axi_gmem1_ARLOCK        |  out|    2|       m_axi|                                             gmem1|       pointer|
|m_axi_gmem1_ARCACHE       |  out|    4|       m_axi|                                             gmem1|       pointer|
|m_axi_gmem1_ARPROT        |  out|    3|       m_axi|                                             gmem1|       pointer|
|m_axi_gmem1_ARQOS         |  out|    4|       m_axi|                                             gmem1|       pointer|
|m_axi_gmem1_ARREGION      |  out|    4|       m_axi|                                             gmem1|       pointer|
|m_axi_gmem1_ARUSER        |  out|    1|       m_axi|                                             gmem1|       pointer|
|m_axi_gmem1_RVALID        |   in|    1|       m_axi|                                             gmem1|       pointer|
|m_axi_gmem1_RREADY        |  out|    1|       m_axi|                                             gmem1|       pointer|
|m_axi_gmem1_RDATA         |   in|   32|       m_axi|                                             gmem1|       pointer|
|m_axi_gmem1_RLAST         |   in|    1|       m_axi|                                             gmem1|       pointer|
|m_axi_gmem1_RID           |   in|    1|       m_axi|                                             gmem1|       pointer|
|m_axi_gmem1_RFIFONUM      |   in|    9|       m_axi|                                             gmem1|       pointer|
|m_axi_gmem1_RUSER         |   in|    1|       m_axi|                                             gmem1|       pointer|
|m_axi_gmem1_RRESP         |   in|    2|       m_axi|                                             gmem1|       pointer|
|m_axi_gmem1_BVALID        |   in|    1|       m_axi|                                             gmem1|       pointer|
|m_axi_gmem1_BREADY        |  out|    1|       m_axi|                                             gmem1|       pointer|
|m_axi_gmem1_BRESP         |   in|    2|       m_axi|                                             gmem1|       pointer|
|m_axi_gmem1_BID           |   in|    1|       m_axi|                                             gmem1|       pointer|
|m_axi_gmem1_BUSER         |   in|    1|       m_axi|                                             gmem1|       pointer|
|add_ln38_cast5            |   in|    7|     ap_none|                                    add_ln38_cast5|        scalar|
|X_data                    |   in|   64|     ap_none|                                            X_data|        scalar|
|empty                     |   in|   32|     ap_none|                                             empty|        scalar|
|tmp                       |   in|   64|     ap_none|                                               tmp|        scalar|
|norm1_weight_l1_address0  |  out|    8|   ap_memory|                                   norm1_weight_l1|         array|
|norm1_weight_l1_ce0       |  out|    1|   ap_memory|                                   norm1_weight_l1|         array|
|norm1_weight_l1_q0        |   in|   32|   ap_memory|                                   norm1_weight_l1|         array|
|norm1_bias_l1_address0    |  out|    8|   ap_memory|                                     norm1_bias_l1|         array|
|norm1_bias_l1_ce0         |  out|    1|   ap_memory|                                     norm1_bias_l1|         array|
|norm1_bias_l1_q0          |   in|   32|   ap_memory|                                     norm1_bias_l1|         array|
|Y_data                    |   in|   64|     ap_none|                                            Y_data|        scalar|
+--------------------------+-----+-----+------------+--------------------------------------------------+--------------+

