

================================================================
== Vitis HLS Report for 'LayerNorm_clone_clone_3_Pipeline_VITIS_LOOP_39_8'
================================================================
* Date:           Fri Nov 10 02:20:34 2023

* Version:        2022.1 (Build 3526262 on Mon Apr 18 15:47:01 MDT 2022)
* Project:        proj_kernel_EMO
* Solution:       solution1 (Vivado IP Flow Target)
* Product family: virtexuplus
* Target device:  xcu250-figd2104-2L-e


================================================================
== Performance Estimates
================================================================
+ Timing: 
    * Summary: 
    +--------+----------+-----------+------------+
    |  Clock |  Target  | Estimated | Uncertainty|
    +--------+----------+-----------+------------+
    |ap_clk  |  50.00 ns|  36.500 ns|    13.50 ns|
    +--------+----------+-----------+------------+

+ Latency: 
    * Summary: 
    +---------+---------+----------+----------+-----+-----+---------+
    |  Latency (cycles) |  Latency (absolute) |  Interval | Pipeline|
    |   min   |   max   |    min   |    max   | min | max |   Type  |
    +---------+---------+----------+----------+-----+-----+---------+
    |      184|      184|  9.200 us|  9.200 us|  184|  184|       no|
    +---------+---------+----------+----------+-----+-----+---------+

    + Detail: 
        * Instance: 
        N/A

        * Loop: 
        +-------------------+---------+---------+----------+-----------+-----------+------+----------+
        |                   |  Latency (cycles) | Iteration|  Initiation Interval  | Trip |          |
        |     Loop Name     |   min   |   max   |  Latency |  achieved |   target  | Count| Pipelined|
        +-------------------+---------+---------+----------+-----------+-----------+------+----------+
        |- VITIS_LOOP_39_8  |      182|      182|        16|          1|          1|   168|       yes|
        +-------------------+---------+---------+----------+-----------+-----------+------+----------+



================================================================
== Utilization Estimates
================================================================
* Summary: 
+---------------------+---------+-------+---------+---------+------+
|         Name        | BRAM_18K|  DSP  |    FF   |   LUT   | URAM |
+---------------------+---------+-------+---------+---------+------+
|DSP                  |        -|      -|        -|        -|     -|
|Expression           |        -|      -|        0|      146|     -|
|FIFO                 |        -|      -|        -|        -|     -|
|Instance             |        -|      5|        0|      934|     -|
|Memory               |        -|      -|        -|        -|     -|
|Multiplexer          |        -|      -|        -|       81|     -|
|Register             |        -|      -|      532|       64|     -|
+---------------------+---------+-------+---------+---------+------+
|Total                |        0|      5|      532|     1225|     0|
+---------------------+---------+-------+---------+---------+------+
|Available SLR        |     1344|   3072|   864000|   432000|   320|
+---------------------+---------+-------+---------+---------+------+
|Utilization SLR (%)  |        0|     ~0|       ~0|       ~0|     0|
+---------------------+---------+-------+---------+---------+------+
|Available            |     5376|  12288|  3456000|  1728000|  1280|
+---------------------+---------+-------+---------+---------+------+
|Utilization (%)      |        0|     ~0|       ~0|       ~0|     0|
+---------------------+---------+-------+---------+---------+------+

+ Detail: 
    * Instance: 
    +--------------------------------------+--------------------------------+---------+----+---+-----+-----+
    |               Instance               |             Module             | BRAM_18K| DSP| FF| LUT | URAM|
    +--------------------------------------+--------------------------------+---------+----+---+-----+-----+
    |dadd_64ns_64ns_64_1_full_dsp_1_U4928  |dadd_64ns_64ns_64_1_full_dsp_1  |        0|   3|  0|  708|    0|
    |fpext_32ns_64_1_no_dsp_1_U4925        |fpext_32ns_64_1_no_dsp_1        |        0|   0|  0|    0|    0|
    |fpext_32ns_64_1_no_dsp_1_U4926        |fpext_32ns_64_1_no_dsp_1        |        0|   0|  0|    0|    0|
    |fpext_32ns_64_1_no_dsp_1_U4927        |fpext_32ns_64_1_no_dsp_1        |        0|   0|  0|    0|    0|
    |fptrunc_64ns_32_1_no_dsp_1_U4924      |fptrunc_64ns_32_1_no_dsp_1      |        0|   0|  0|    0|    0|
    |fsub_32ns_32ns_32_1_full_dsp_1_U4923  |fsub_32ns_32ns_32_1_full_dsp_1  |        0|   2|  0|  226|    0|
    +--------------------------------------+--------------------------------+---------+----+---+-----+-----+
    |Total                                 |                                |        0|   5|  0|  934|    0|
    +--------------------------------------+--------------------------------+---------+----+---+-----+-----+

    * DSP: 
    N/A

    * Memory: 
    N/A

    * FIFO: 
    N/A

    * Expression: 
    +---------------------------+----------+----+---+----+------------+------------+
    |       Variable Name       | Operation| DSP| FF| LUT| Bitwidth P0| Bitwidth P1|
    +---------------------------+----------+----+---+----+------------+------------+
    |add_ln39_fu_227_p2         |         +|   0|  0|  15|           8|           1|
    |add_ln40_1_fu_297_p2       |         +|   0|  0|  71|          64|          64|
    |add_ln40_2_fu_236_p2       |         +|   0|  0|  21|          14|           6|
    |add_ln40_fu_246_p2         |         +|   0|  0|  22|          15|          15|
    |ap_block_pp0_stage0_01001  |       and|   0|  0|   2|           1|           1|
    |icmp_ln39_fu_221_p2        |      icmp|   0|  0|  11|           8|           8|
    |ap_block_pp0_stage0_11001  |        or|   0|  0|   2|           1|           1|
    |ap_enable_pp0              |       xor|   0|  0|   2|           1|           2|
    +---------------------------+----------+----+---+----+------------+------------+
    |Total                      |          |   0|  0| 146|         112|          98|
    +---------------------------+----------+----+---+----+------------+------------+

    * Multiplexer: 
    +-------------------------------+----+-----------+-----+-----------+
    |              Name             | LUT| Input Size| Bits| Total Bits|
    +-------------------------------+----+-----------+-----+-----------+
    |ap_done_int                    |   9|          2|    1|          2|
    |ap_enable_reg_pp0_iter1        |   9|          2|    1|          2|
    |ap_sig_allocacmp_c_8_0_load    |   9|          2|    8|         16|
    |ap_sig_allocacmp_phi_mul_load  |   9|          2|   14|         28|
    |c_8_0_fu_90                    |   9|          2|    8|         16|
    |gmem1_blk_n_AW                 |   9|          2|    1|          2|
    |gmem1_blk_n_B                  |   9|          2|    1|          2|
    |gmem1_blk_n_W                  |   9|          2|    1|          2|
    |phi_mul_fu_86                  |   9|          2|   14|         28|
    +-------------------------------+----+-----------+-----+-----------+
    |Total                          |  81|         18|   49|         98|
    +-------------------------------+----+-----------+-----+-----------+

    * Register: 
    +-----------------------------------+----+----+-----+-----------+
    |                Name               | FF | LUT| Bits| Const Bits|
    +-----------------------------------+----+----+-----+-----------+
    |add_ln40_reg_364                   |  15|   0|   15|          0|
    |add_reg_419                        |  64|   0|   64|          0|
    |ap_CS_fsm                          |   1|   0|    1|          0|
    |ap_done_reg                        |   1|   0|    1|          0|
    |ap_enable_reg_pp0_iter1            |   1|   0|    1|          0|
    |ap_enable_reg_pp0_iter10           |   1|   0|    1|          0|
    |ap_enable_reg_pp0_iter11           |   1|   0|    1|          0|
    |ap_enable_reg_pp0_iter12           |   1|   0|    1|          0|
    |ap_enable_reg_pp0_iter13           |   1|   0|    1|          0|
    |ap_enable_reg_pp0_iter14           |   1|   0|    1|          0|
    |ap_enable_reg_pp0_iter15           |   1|   0|    1|          0|
    |ap_enable_reg_pp0_iter2            |   1|   0|    1|          0|
    |ap_enable_reg_pp0_iter3            |   1|   0|    1|          0|
    |ap_enable_reg_pp0_iter4            |   1|   0|    1|          0|
    |ap_enable_reg_pp0_iter5            |   1|   0|    1|          0|
    |ap_enable_reg_pp0_iter6            |   1|   0|    1|          0|
    |ap_enable_reg_pp0_iter7            |   1|   0|    1|          0|
    |ap_enable_reg_pp0_iter8            |   1|   0|    1|          0|
    |ap_enable_reg_pp0_iter9            |   1|   0|    1|          0|
    |ap_loop_exit_ready_pp0_iter10_reg  |   1|   0|    1|          0|
    |ap_loop_exit_ready_pp0_iter11_reg  |   1|   0|    1|          0|
    |ap_loop_exit_ready_pp0_iter12_reg  |   1|   0|    1|          0|
    |ap_loop_exit_ready_pp0_iter13_reg  |   1|   0|    1|          0|
    |ap_loop_exit_ready_pp0_iter14_reg  |   1|   0|    1|          0|
    |ap_loop_exit_ready_pp0_iter1_reg   |   1|   0|    1|          0|
    |ap_loop_exit_ready_pp0_iter2_reg   |   1|   0|    1|          0|
    |ap_loop_exit_ready_pp0_iter3_reg   |   1|   0|    1|          0|
    |ap_loop_exit_ready_pp0_iter4_reg   |   1|   0|    1|          0|
    |ap_loop_exit_ready_pp0_iter5_reg   |   1|   0|    1|          0|
    |ap_loop_exit_ready_pp0_iter6_reg   |   1|   0|    1|          0|
    |ap_loop_exit_ready_pp0_iter7_reg   |   1|   0|    1|          0|
    |ap_loop_exit_ready_pp0_iter8_reg   |   1|   0|    1|          0|
    |ap_loop_exit_ready_pp0_iter9_reg   |   1|   0|    1|          0|
    |c_8_0_fu_90                        |   8|   0|    8|          0|
    |c_8_0_load_reg_355                 |   8|   0|    8|          0|
    |conv3_reg_414                      |  64|   0|   64|          0|
    |conv4_reg_430                      |  32|   0|   32|          0|
    |gmem1_addr_reg_424                 |  64|   0|   64|          0|
    |mul_reg_409                        |  64|   0|   64|          0|
    |phi_mul_fu_86                      |  14|   0|   14|          0|
    |sub8_reg_374                       |  32|   0|   32|          0|
    |zext_ln40_1_reg_384                |   8|   0|   64|         56|
    |add_ln40_reg_364                   |  64|  32|   15|          0|
    |c_8_0_load_reg_355                 |  64|  32|    8|          0|
    +-----------------------------------+----+----+-----+-----------+
    |Total                              | 532|  64|  483|         56|
    +-----------------------------------+----+----+-----+-----------+



================================================================
== Interface
================================================================
* Summary: 
+--------------------------+-----+-----+------------+--------------------------------------------------+--------------+
|         RTL Ports        | Dir | Bits|  Protocol  |                   Source Object                  |    C Type    |
+--------------------------+-----+-----+------------+--------------------------------------------------+--------------+
|ap_clk                    |   in|    1|  ap_ctrl_hs|  LayerNorm.clone.clone.3_Pipeline_VITIS_LOOP_39_8|  return value|
|ap_rst                    |   in|    1|  ap_ctrl_hs|  LayerNorm.clone.clone.3_Pipeline_VITIS_LOOP_39_8|  return value|
|ap_start                  |   in|    1|  ap_ctrl_hs|  LayerNorm.clone.clone.3_Pipeline_VITIS_LOOP_39_8|  return value|
|ap_done                   |  out|    1|  ap_ctrl_hs|  LayerNorm.clone.clone.3_Pipeline_VITIS_LOOP_39_8|  return value|
|ap_idle                   |  out|    1|  ap_ctrl_hs|  LayerNorm.clone.clone.3_Pipeline_VITIS_LOOP_39_8|  return value|
|ap_ready                  |  out|    1|  ap_ctrl_hs|  LayerNorm.clone.clone.3_Pipeline_VITIS_LOOP_39_8|  return value|
|grp_fu_493_p_din0         |  out|   64|  ap_ctrl_hs|  LayerNorm.clone.clone.3_Pipeline_VITIS_LOOP_39_8|  return value|
|grp_fu_493_p_din1         |  out|   64|  ap_ctrl_hs|  LayerNorm.clone.clone.3_Pipeline_VITIS_LOOP_39_8|  return value|
|grp_fu_493_p_dout0        |   in|   64|  ap_ctrl_hs|  LayerNorm.clone.clone.3_Pipeline_VITIS_LOOP_39_8|  return value|
|grp_fu_493_p_ce           |  out|    1|  ap_ctrl_hs|  LayerNorm.clone.clone.3_Pipeline_VITIS_LOOP_39_8|  return value|
|grp_fu_497_p_din0         |  out|   64|  ap_ctrl_hs|  LayerNorm.clone.clone.3_Pipeline_VITIS_LOOP_39_8|  return value|
|grp_fu_497_p_din1         |  out|   64|  ap_ctrl_hs|  LayerNorm.clone.clone.3_Pipeline_VITIS_LOOP_39_8|  return value|
|grp_fu_497_p_dout0        |   in|   64|  ap_ctrl_hs|  LayerNorm.clone.clone.3_Pipeline_VITIS_LOOP_39_8|  return value|
|grp_fu_497_p_ce           |  out|    1|  ap_ctrl_hs|  LayerNorm.clone.clone.3_Pipeline_VITIS_LOOP_39_8|  return value|
|m_axi_gmem1_AWVALID       |  out|    1|       m_axi|                                             gmem1|       pointer|
|m_axi_gmem1_AWREADY       |   in|    1|       m_axi|                                             gmem1|       pointer|
|m_axi_gmem1_AWADDR        |  out|   64|       m_axi|                                             gmem1|       pointer|
|m_axi_gmem1_AWID          |  out|    1|       m_axi|                                             gmem1|       pointer|
|m_axi_gmem1_AWLEN         |  out|   32|       m_axi|                                             gmem1|       pointer|
|m_axi_gmem1_AWSIZE        |  out|    3|       m_axi|                                             gmem1|       pointer|
|m_axi_gmem1_AWBURST       |  out|    2|       m_axi|                                             gmem1|       pointer|
|m_axi_gmem1_AWLOCK        |  out|    2|       m_axi|                                             gmem1|       pointer|
|m_axi_gmem1_AWCACHE       |  out|    4|       m_axi|                                             gmem1|       pointer|
|m_axi_gmem1_AWPROT        |  out|    3|       m_axi|                                             gmem1|       pointer|
|m_axi_gmem1_AWQOS         |  out|    4|       m_axi|                                             gmem1|       pointer|
|m_axi_gmem1_AWREGION      |  out|    4|       m_axi|                                             gmem1|       pointer|
|m_axi_gmem1_AWUSER        |  out|    1|       m_axi|                                             gmem1|       pointer|
|m_axi_gmem1_WVALID        |  out|    1|       m_axi|                                             gmem1|       pointer|
|m_axi_gmem1_WREADY        |   in|    1|       m_axi|                                             gmem1|       pointer|
|m_axi_gmem1_WDATA         |  out|   32|       m_axi|                                             gmem1|       pointer|
|m_axi_gmem1_WSTRB         |  out|    4|       m_axi|                                             gmem1|       pointer|
|m_axi_gmem1_WLAST         |  out|    1|       m_axi|                                             gmem1|       pointer|
|m_axi_gmem1_WID           |  out|    1|       m_axi|                                             gmem1|       pointer|
|m_axi_gmem1_WUSER         |  out|    1|       m_axi|                                             gmem1|       pointer|
|m_axi_gmem1_ARVALID       |  out|    1|       m_axi|                                             gmem1|       pointer|
|m_axi_gmem1_ARREADY       |   in|    1|       m_axi|                                             gmem1|       pointer|
|m_axi_gmem1_ARADDR        |  out|   64|       m_axi|                                             gmem1|       pointer|
|m_axi_gmem1_ARID          |  out|    1|       m_axi|                                             gmem1|       pointer|
|m_axi_gmem1_ARLEN         |  out|   32|       m_axi|                                             gmem1|       pointer|
|m_axi_gmem1_ARSIZE        |  out|    3|       m_axi|                                             gmem1|       pointer|
|m_axi_gmem1_ARBURST       |  out|    2|       m_axi|                                             gmem1|       pointer|
|m_axi_gmem1_ARLOCK        |  out|    2|       m_axi|                                             gmem1|       pointer|
|m_axi_gmem1_ARCACHE       |  out|    4|       m_axi|                                             gmem1|       pointer|
|m_axi_gmem1_ARPROT        |  out|    3|       m_axi|                                             gmem1|       pointer|
|m_axi_gmem1_ARQOS         |  out|    4|       m_axi|                                             gmem1|       pointer|
|m_axi_gmem1_ARREGION      |  out|    4|       m_axi|                                             gmem1|       pointer|
|m_axi_gmem1_ARUSER        |  out|    1|       m_axi|                                             gmem1|       pointer|
|m_axi_gmem1_RVALID        |   in|    1|       m_axi|                                             gmem1|       pointer|
|m_axi_gmem1_RREADY        |  out|    1|       m_axi|                                             gmem1|       pointer|
|m_axi_gmem1_RDATA         |   in|   32|       m_axi|                                             gmem1|       pointer|
|m_axi_gmem1_RLAST         |   in|    1|       m_axi|                                             gmem1|       pointer|
|m_axi_gmem1_RID           |   in|    1|       m_axi|                                             gmem1|       pointer|
|m_axi_gmem1_RFIFONUM      |   in|    9|       m_axi|                                             gmem1|       pointer|
|m_axi_gmem1_RUSER         |   in|    1|       m_axi|                                             gmem1|       pointer|
|m_axi_gmem1_RRESP         |   in|    2|       m_axi|                                             gmem1|       pointer|
|m_axi_gmem1_BVALID        |   in|    1|       m_axi|                                             gmem1|       pointer|
|m_axi_gmem1_BREADY        |  out|    1|       m_axi|                                             gmem1|       pointer|
|m_axi_gmem1_BRESP         |   in|    2|       m_axi|                                             gmem1|       pointer|
|m_axi_gmem1_BID           |   in|    1|       m_axi|                                             gmem1|       pointer|
|m_axi_gmem1_BUSER         |   in|    1|       m_axi|                                             gmem1|       pointer|
|add_ln38_cast5            |   in|    7|     ap_none|                                    add_ln38_cast5|        scalar|
|iRMB_out1_address0        |  out|   14|   ap_memory|                                         iRMB_out1|         array|
|iRMB_out1_ce0             |  out|    1|   ap_memory|                                         iRMB_out1|         array|
|iRMB_out1_q0              |   in|   32|   ap_memory|                                         iRMB_out1|         array|
|empty                     |   in|   32|     ap_none|                                             empty|        scalar|
|tmp                       |   in|   64|     ap_none|                                               tmp|        scalar|
|norm1_weight_l2_address0  |  out|    8|   ap_memory|                                   norm1_weight_l2|         array|
|norm1_weight_l2_ce0       |  out|    1|   ap_memory|                                   norm1_weight_l2|         array|
|norm1_weight_l2_q0        |   in|   32|   ap_memory|                                   norm1_weight_l2|         array|
|norm1_bias_l2_address0    |  out|    8|   ap_memory|                                     norm1_bias_l2|         array|
|norm1_bias_l2_ce0         |  out|    1|   ap_memory|                                     norm1_bias_l2|         array|
|norm1_bias_l2_q0          |   in|   32|   ap_memory|                                     norm1_bias_l2|         array|
|Y_data                    |   in|   64|     ap_none|                                            Y_data|        scalar|
+--------------------------+-----+-----+------------+--------------------------------------------------+--------------+

