

================================================================
== Vitis HLS Report for 'Linear_1_Pipeline_VITIS_LOOP_33_7'
================================================================
* Date:           Fri Nov 10 02:21:17 2023

* Version:        2022.1 (Build 3526262 on Mon Apr 18 15:47:01 MDT 2022)
* Project:        proj_kernel_EMO
* Solution:       solution1 (Vivado IP Flow Target)
* Product family: virtexuplus
* Target device:  xcu250-figd2104-2L-e


================================================================
== Performance Estimates
================================================================
+ Timing: 
    * Summary: 
    +--------+----------+-----------+------------+
    |  Clock |  Target  | Estimated | Uncertainty|
    +--------+----------+-----------+------------+
    |ap_clk  |  50.00 ns|  36.500 ns|    13.50 ns|
    +--------+----------+-----------+------------+

+ Latency: 
    * Summary: 
    +---------+---------+----------+----------+-----+-----+---------+
    |  Latency (cycles) |  Latency (absolute) |  Interval | Pipeline|
    |   min   |   max   |    min   |    max   | min | max |   Type  |
    +---------+---------+----------+----------+-----+-----+---------+
    |      180|      180|  9.000 us|  9.000 us|  180|  180|       no|
    +---------+---------+----------+----------+-----+-----+---------+

    + Detail: 
        * Instance: 
        N/A

        * Loop: 
        +-------------------+---------+---------+----------+-----------+-----------+------+----------+
        |                   |  Latency (cycles) | Iteration|  Initiation Interval  | Trip |          |
        |     Loop Name     |   min   |   max   |  Latency |  achieved |   target  | Count| Pipelined|
        +-------------------+---------+---------+----------+-----------+-----------+------+----------+
        |- VITIS_LOOP_33_7  |      172|      172|         6|          1|          1|   168|       yes|
        +-------------------+---------+---------+----------+-----------+-----------+------+----------+



================================================================
== Utilization Estimates
================================================================
* Summary: 
+---------------------+---------+-------+---------+---------+------+
|         Name        | BRAM_18K|  DSP  |    FF   |   LUT   | URAM |
+---------------------+---------+-------+---------+---------+------+
|DSP                  |        -|      -|        -|        -|     -|
|Expression           |        -|      -|        0|       47|     -|
|FIFO                 |        -|      -|        -|        -|     -|
|Instance             |        -|      7|        0|      529|     -|
|Memory               |        -|      -|        -|        -|     -|
|Multiplexer          |        -|      -|        -|      131|     -|
|Register             |        -|      -|      345|       64|     -|
+---------------------+---------+-------+---------+---------+------+
|Total                |        0|      7|      345|      771|     0|
+---------------------+---------+-------+---------+---------+------+
|Available SLR        |     1344|   3072|   864000|   432000|   320|
+---------------------+---------+-------+---------+---------+------+
|Utilization SLR (%)  |        0|     ~0|       ~0|       ~0|     0|
+---------------------+---------+-------+---------+---------+------+
|Available            |     5376|  12288|  3456000|  1728000|  1280|
+---------------------+---------+-------+---------+---------+------+
|Utilization (%)      |        0|     ~0|       ~0|       ~0|     0|
+---------------------+---------+-------+---------+---------+------+

+ Detail: 
    * Instance: 
    +--------------------------------------+--------------------------------+---------+----+---+-----+-----+
    |               Instance               |             Module             | BRAM_18K| DSP| FF| LUT | URAM|
    +--------------------------------------+--------------------------------+---------+----+---+-----+-----+
    |fadd_32ns_32ns_32_1_full_dsp_1_U5160  |fadd_32ns_32ns_32_1_full_dsp_1  |        0|   2|  0|  226|    0|
    |fadd_32ns_32ns_32_1_full_dsp_1_U5161  |fadd_32ns_32ns_32_1_full_dsp_1  |        0|   2|  0|  226|    0|
    |fmul_32ns_32ns_32_1_max_dsp_1_U5162   |fmul_32ns_32ns_32_1_max_dsp_1   |        0|   3|  0|   77|    0|
    +--------------------------------------+--------------------------------+---------+----+---+-----+-----+
    |Total                                 |                                |        0|   7|  0|  529|    0|
    +--------------------------------------+--------------------------------+---------+----+---+-----+-----+

    * DSP: 
    N/A

    * Memory: 
    N/A

    * FIFO: 
    N/A

    * Expression: 
    +----------------------------------+----------+----+---+----+------------+------------+
    |           Variable Name          | Operation| DSP| FF| LUT| Bitwidth P0| Bitwidth P1|
    +----------------------------------+----------+----+---+----+------------+------------+
    |add_ln33_fu_203_p2                |         +|   0|  0|  15|           8|           1|
    |ap_block_pp0_stage0_01001         |       and|   0|  0|   2|           1|           1|
    |ap_block_state13_io               |       and|   0|  0|   2|           1|           1|
    |icmp_ln33_fu_197_p2               |      icmp|   0|  0|  11|           8|           8|
    |ifzero_fu_209_p2                  |      icmp|   0|  0|  11|           8|           8|
    |ap_block_pp0_stage0_11001         |        or|   0|  0|   2|           1|           1|
    |ap_block_state9_pp0_stage0_iter1  |        or|   0|  0|   2|           1|           1|
    |ap_enable_pp0                     |       xor|   0|  0|   2|           1|           2|
    +----------------------------------+----------+----+---+----+------------+------------+
    |Total                             |          |   0|  0|  47|          29|          23|
    +----------------------------------+----------+----+---+----+------------+------------+

    * Multiplexer: 
    +-------------------------+----+-----------+-----+-----------+
    |           Name          | LUT| Input Size| Bits| Total Bits|
    +-------------------------+----+-----------+-----+-----------+
    |ap_NS_fsm                |  54|         10|    1|         10|
    |ap_enable_reg_pp0_iter4  |   9|          2|    1|          2|
    |ap_enable_reg_pp0_iter5  |  14|          3|    1|          3|
    |c_in_fu_88               |   9|          2|    8|         16|
    |gmem1_blk_n_R            |   9|          2|    1|          2|
    |gmem2_blk_n_W            |   9|          2|    1|          2|
    |gmem_blk_n_AR            |   9|          2|    1|          2|
    |gmem_blk_n_R             |   9|          2|    1|          2|
    |sum_fu_84                |   9|          2|   32|         64|
    +-------------------------+----+-----------+-----+-----------+
    |Total                    | 131|         27|   47|        103|
    +-------------------------+----+-----------+-----+-----------+

    * Register: 
    +-------------------------+----+----+-----+-----------+
    |           Name          | FF | LUT| Bits| Const Bits|
    +-------------------------+----+----+-----+-----------+
    |add_reg_320              |  32|   0|   32|          0|
    |ap_CS_fsm                |   9|   0|    9|          0|
    |ap_enable_reg_pp0_iter0  |   1|   0|    1|          0|
    |ap_enable_reg_pp0_iter1  |   1|   0|    1|          0|
    |ap_enable_reg_pp0_iter2  |   1|   0|    1|          0|
    |ap_enable_reg_pp0_iter3  |   1|   0|    1|          0|
    |ap_enable_reg_pp0_iter4  |   1|   0|    1|          0|
    |ap_enable_reg_pp0_iter5  |   1|   0|    1|          0|
    |c_in_fu_88               |   8|   0|    8|          0|
    |gmem1_addr_read_reg_295  |  32|   0|   32|          0|
    |gmem_addr_read_reg_300   |  32|   0|   32|          0|
    |icmp_ln33_reg_287        |   1|   0|    1|          0|
    |ifzero_reg_291           |   1|   0|    1|          0|
    |mul_reg_305              |  32|   0|   32|          0|
    |sum_2_reg_310            |  32|   0|   32|          0|
    |sum_fu_84                |  32|   0|   32|          0|
    |icmp_ln33_reg_287        |  64|  32|    1|          0|
    |ifzero_reg_291           |  64|  32|    1|          0|
    +-------------------------+----+----+-----+-----------+
    |Total                    | 345|  64|  219|          0|
    +-------------------------+----+----+-----+-----------+



================================================================
== Interface
================================================================
* Summary: 
+----------------------+-----+-----+------------+-----------------------------------+--------------+
|       RTL Ports      | Dir | Bits|  Protocol  |           Source Object           |    C Type    |
+----------------------+-----+-----+------------+-----------------------------------+--------------+
|ap_clk                |   in|    1|  ap_ctrl_hs|  Linear.1_Pipeline_VITIS_LOOP_33_7|  return value|
|ap_rst                |   in|    1|  ap_ctrl_hs|  Linear.1_Pipeline_VITIS_LOOP_33_7|  return value|
|ap_start              |   in|    1|  ap_ctrl_hs|  Linear.1_Pipeline_VITIS_LOOP_33_7|  return value|
|ap_done               |  out|    1|  ap_ctrl_hs|  Linear.1_Pipeline_VITIS_LOOP_33_7|  return value|
|ap_idle               |  out|    1|  ap_ctrl_hs|  Linear.1_Pipeline_VITIS_LOOP_33_7|  return value|
|ap_ready              |  out|    1|  ap_ctrl_hs|  Linear.1_Pipeline_VITIS_LOOP_33_7|  return value|
|m_axi_gmem2_AWVALID   |  out|    1|       m_axi|                              gmem2|       pointer|
|m_axi_gmem2_AWREADY   |   in|    1|       m_axi|                              gmem2|       pointer|
|m_axi_gmem2_AWADDR    |  out|   64|       m_axi|                              gmem2|       pointer|
|m_axi_gmem2_AWID      |  out|    1|       m_axi|                              gmem2|       pointer|
|m_axi_gmem2_AWLEN     |  out|   32|       m_axi|                              gmem2|       pointer|
|m_axi_gmem2_AWSIZE    |  out|    3|       m_axi|                              gmem2|       pointer|
|m_axi_gmem2_AWBURST   |  out|    2|       m_axi|                              gmem2|       pointer|
|m_axi_gmem2_AWLOCK    |  out|    2|       m_axi|                              gmem2|       pointer|
|m_axi_gmem2_AWCACHE   |  out|    4|       m_axi|                              gmem2|       pointer|
|m_axi_gmem2_AWPROT    |  out|    3|       m_axi|                              gmem2|       pointer|
|m_axi_gmem2_AWQOS     |  out|    4|       m_axi|                              gmem2|       pointer|
|m_axi_gmem2_AWREGION  |  out|    4|       m_axi|                              gmem2|       pointer|
|m_axi_gmem2_AWUSER    |  out|    1|       m_axi|                              gmem2|       pointer|
|m_axi_gmem2_WVALID    |  out|    1|       m_axi|                              gmem2|       pointer|
|m_axi_gmem2_WREADY    |   in|    1|       m_axi|                              gmem2|       pointer|
|m_axi_gmem2_WDATA     |  out|   32|       m_axi|                              gmem2|       pointer|
|m_axi_gmem2_WSTRB     |  out|    4|       m_axi|                              gmem2|       pointer|
|m_axi_gmem2_WLAST     |  out|    1|       m_axi|                              gmem2|       pointer|
|m_axi_gmem2_WID       |  out|    1|       m_axi|                              gmem2|       pointer|
|m_axi_gmem2_WUSER     |  out|    1|       m_axi|                              gmem2|       pointer|
|m_axi_gmem2_ARVALID   |  out|    1|       m_axi|                              gmem2|       pointer|
|m_axi_gmem2_ARREADY   |   in|    1|       m_axi|                              gmem2|       pointer|
|m_axi_gmem2_ARADDR    |  out|   64|       m_axi|                              gmem2|       pointer|
|m_axi_gmem2_ARID      |  out|    1|       m_axi|                              gmem2|       pointer|
|m_axi_gmem2_ARLEN     |  out|   32|       m_axi|                              gmem2|       pointer|
|m_axi_gmem2_ARSIZE    |  out|    3|       m_axi|                              gmem2|       pointer|
|m_axi_gmem2_ARBURST   |  out|    2|       m_axi|                              gmem2|       pointer|
|m_axi_gmem2_ARLOCK    |  out|    2|       m_axi|                              gmem2|       pointer|
|m_axi_gmem2_ARCACHE   |  out|    4|       m_axi|                              gmem2|       pointer|
|m_axi_gmem2_ARPROT    |  out|    3|       m_axi|                              gmem2|       pointer|
|m_axi_gmem2_ARQOS     |  out|    4|       m_axi|                              gmem2|       pointer|
|m_axi_gmem2_ARREGION  |  out|    4|       m_axi|                              gmem2|       pointer|
|m_axi_gmem2_ARUSER    |  out|    1|       m_axi|                              gmem2|       pointer|
|m_axi_gmem2_RVALID    |   in|    1|       m_axi|                              gmem2|       pointer|
|m_axi_gmem2_RREADY    |  out|    1|       m_axi|                              gmem2|       pointer|
|m_axi_gmem2_RDATA     |   in|   32|       m_axi|                              gmem2|       pointer|
|m_axi_gmem2_RLAST     |   in|    1|       m_axi|                              gmem2|       pointer|
|m_axi_gmem2_RID       |   in|    1|       m_axi|                              gmem2|       pointer|
|m_axi_gmem2_RFIFONUM  |   in|    9|       m_axi|                              gmem2|       pointer|
|m_axi_gmem2_RUSER     |   in|    1|       m_axi|                              gmem2|       pointer|
|m_axi_gmem2_RRESP     |   in|    2|       m_axi|                              gmem2|       pointer|
|m_axi_gmem2_BVALID    |   in|    1|       m_axi|                              gmem2|       pointer|
|m_axi_gmem2_BREADY    |  out|    1|       m_axi|                              gmem2|       pointer|
|m_axi_gmem2_BRESP     |   in|    2|       m_axi|                              gmem2|       pointer|
|m_axi_gmem2_BID       |   in|    1|       m_axi|                              gmem2|       pointer|
|m_axi_gmem2_BUSER     |   in|    1|       m_axi|                              gmem2|       pointer|
|sext_ln30_4           |   in|   62|     ap_none|                        sext_ln30_4|        scalar|
|m_axi_gmem_AWVALID    |  out|    1|       m_axi|                               gmem|       pointer|
|m_axi_gmem_AWREADY    |   in|    1|       m_axi|                               gmem|       pointer|
|m_axi_gmem_AWADDR     |  out|   64|       m_axi|                               gmem|       pointer|
|m_axi_gmem_AWID       |  out|    1|       m_axi|                               gmem|       pointer|
|m_axi_gmem_AWLEN      |  out|   32|       m_axi|                               gmem|       pointer|
|m_axi_gmem_AWSIZE     |  out|    3|       m_axi|                               gmem|       pointer|
|m_axi_gmem_AWBURST    |  out|    2|       m_axi|                               gmem|       pointer|
|m_axi_gmem_AWLOCK     |  out|    2|       m_axi|                               gmem|       pointer|
|m_axi_gmem_AWCACHE    |  out|    4|       m_axi|                               gmem|       pointer|
|m_axi_gmem_AWPROT     |  out|    3|       m_axi|                               gmem|       pointer|
|m_axi_gmem_AWQOS      |  out|    4|       m_axi|                               gmem|       pointer|
|m_axi_gmem_AWREGION   |  out|    4|       m_axi|                               gmem|       pointer|
|m_axi_gmem_AWUSER     |  out|    1|       m_axi|                               gmem|       pointer|
|m_axi_gmem_WVALID     |  out|    1|       m_axi|                               gmem|       pointer|
|m_axi_gmem_WREADY     |   in|    1|       m_axi|                               gmem|       pointer|
|m_axi_gmem_WDATA      |  out|   32|       m_axi|                               gmem|       pointer|
|m_axi_gmem_WSTRB      |  out|    4|       m_axi|                               gmem|       pointer|
|m_axi_gmem_WLAST      |  out|    1|       m_axi|                               gmem|       pointer|
|m_axi_gmem_WID        |  out|    1|       m_axi|                               gmem|       pointer|
|m_axi_gmem_WUSER      |  out|    1|       m_axi|                               gmem|       pointer|
|m_axi_gmem_ARVALID    |  out|    1|       m_axi|                               gmem|       pointer|
|m_axi_gmem_ARREADY    |   in|    1|       m_axi|                               gmem|       pointer|
|m_axi_gmem_ARADDR     |  out|   64|       m_axi|                               gmem|       pointer|
|m_axi_gmem_ARID       |  out|    1|       m_axi|                               gmem|       pointer|
|m_axi_gmem_ARLEN      |  out|   32|       m_axi|                               gmem|       pointer|
|m_axi_gmem_ARSIZE     |  out|    3|       m_axi|                               gmem|       pointer|
|m_axi_gmem_ARBURST    |  out|    2|       m_axi|                               gmem|       pointer|
|m_axi_gmem_ARLOCK     |  out|    2|       m_axi|                               gmem|       pointer|
|m_axi_gmem_ARCACHE    |  out|    4|       m_axi|                               gmem|       pointer|
|m_axi_gmem_ARPROT     |  out|    3|       m_axi|                               gmem|       pointer|
|m_axi_gmem_ARQOS      |  out|    4|       m_axi|                               gmem|       pointer|
|m_axi_gmem_ARREGION   |  out|    4|       m_axi|                               gmem|       pointer|
|m_axi_gmem_ARUSER     |  out|    1|       m_axi|                               gmem|       pointer|
|m_axi_gmem_RVALID     |   in|    1|       m_axi|                               gmem|       pointer|
|m_axi_gmem_RREADY     |  out|    1|       m_axi|                               gmem|       pointer|
|m_axi_gmem_RDATA      |   in|   32|       m_axi|                               gmem|       pointer|
|m_axi_gmem_RLAST      |   in|    1|       m_axi|                               gmem|       pointer|
|m_axi_gmem_RID        |   in|    1|       m_axi|                               gmem|       pointer|
|m_axi_gmem_RFIFONUM   |   in|    9|       m_axi|                               gmem|       pointer|
|m_axi_gmem_RUSER      |   in|    1|       m_axi|                               gmem|       pointer|
|m_axi_gmem_RRESP      |   in|    2|       m_axi|                               gmem|       pointer|
|m_axi_gmem_BVALID     |   in|    1|       m_axi|                               gmem|       pointer|
|m_axi_gmem_BREADY     |  out|    1|       m_axi|                               gmem|       pointer|
|m_axi_gmem_BRESP      |   in|    2|       m_axi|                               gmem|       pointer|
|m_axi_gmem_BID        |   in|    1|       m_axi|                               gmem|       pointer|
|m_axi_gmem_BUSER      |   in|    1|       m_axi|                               gmem|       pointer|
|sext_ln35             |   in|   63|     ap_none|                          sext_ln35|        scalar|
|m_axi_gmem1_AWVALID   |  out|    1|       m_axi|                              gmem1|       pointer|
|m_axi_gmem1_AWREADY   |   in|    1|       m_axi|                              gmem1|       pointer|
|m_axi_gmem1_AWADDR    |  out|   64|       m_axi|                              gmem1|       pointer|
|m_axi_gmem1_AWID      |  out|    1|       m_axi|                              gmem1|       pointer|
|m_axi_gmem1_AWLEN     |  out|   32|       m_axi|                              gmem1|       pointer|
|m_axi_gmem1_AWSIZE    |  out|    3|       m_axi|                              gmem1|       pointer|
|m_axi_gmem1_AWBURST   |  out|    2|       m_axi|                              gmem1|       pointer|
|m_axi_gmem1_AWLOCK    |  out|    2|       m_axi|                              gmem1|       pointer|
|m_axi_gmem1_AWCACHE   |  out|    4|       m_axi|                              gmem1|       pointer|
|m_axi_gmem1_AWPROT    |  out|    3|       m_axi|                              gmem1|       pointer|
|m_axi_gmem1_AWQOS     |  out|    4|       m_axi|                              gmem1|       pointer|
|m_axi_gmem1_AWREGION  |  out|    4|       m_axi|                              gmem1|       pointer|
|m_axi_gmem1_AWUSER    |  out|    1|       m_axi|                              gmem1|       pointer|
|m_axi_gmem1_WVALID    |  out|    1|       m_axi|                              gmem1|       pointer|
|m_axi_gmem1_WREADY    |   in|    1|       m_axi|                              gmem1|       pointer|
|m_axi_gmem1_WDATA     |  out|   32|       m_axi|                              gmem1|       pointer|
|m_axi_gmem1_WSTRB     |  out|    4|       m_axi|                              gmem1|       pointer|
|m_axi_gmem1_WLAST     |  out|    1|       m_axi|                              gmem1|       pointer|
|m_axi_gmem1_WID       |  out|    1|       m_axi|                              gmem1|       pointer|
|m_axi_gmem1_WUSER     |  out|    1|       m_axi|                              gmem1|       pointer|
|m_axi_gmem1_ARVALID   |  out|    1|       m_axi|                              gmem1|       pointer|
|m_axi_gmem1_ARREADY   |   in|    1|       m_axi|                              gmem1|       pointer|
|m_axi_gmem1_ARADDR    |  out|   64|       m_axi|                              gmem1|       pointer|
|m_axi_gmem1_ARID      |  out|    1|       m_axi|                              gmem1|       pointer|
|m_axi_gmem1_ARLEN     |  out|   32|       m_axi|                              gmem1|       pointer|
|m_axi_gmem1_ARSIZE    |  out|    3|       m_axi|                              gmem1|       pointer|
|m_axi_gmem1_ARBURST   |  out|    2|       m_axi|                              gmem1|       pointer|
|m_axi_gmem1_ARLOCK    |  out|    2|       m_axi|                              gmem1|       pointer|
|m_axi_gmem1_ARCACHE   |  out|    4|       m_axi|                              gmem1|       pointer|
|m_axi_gmem1_ARPROT    |  out|    3|       m_axi|                              gmem1|       pointer|
|m_axi_gmem1_ARQOS     |  out|    4|       m_axi|                              gmem1|       pointer|
|m_axi_gmem1_ARREGION  |  out|    4|       m_axi|                              gmem1|       pointer|
|m_axi_gmem1_ARUSER    |  out|    1|       m_axi|                              gmem1|       pointer|
|m_axi_gmem1_RVALID    |   in|    1|       m_axi|                              gmem1|       pointer|
|m_axi_gmem1_RREADY    |  out|    1|       m_axi|                              gmem1|       pointer|
|m_axi_gmem1_RDATA     |   in|   32|       m_axi|                              gmem1|       pointer|
|m_axi_gmem1_RLAST     |   in|    1|       m_axi|                              gmem1|       pointer|
|m_axi_gmem1_RID       |   in|    1|       m_axi|                              gmem1|       pointer|
|m_axi_gmem1_RFIFONUM  |   in|    9|       m_axi|                              gmem1|       pointer|
|m_axi_gmem1_RUSER     |   in|    1|       m_axi|                              gmem1|       pointer|
|m_axi_gmem1_RRESP     |   in|    2|       m_axi|                              gmem1|       pointer|
|m_axi_gmem1_BVALID    |   in|    1|       m_axi|                              gmem1|       pointer|
|m_axi_gmem1_BREADY    |  out|    1|       m_axi|                              gmem1|       pointer|
|m_axi_gmem1_BRESP     |   in|    2|       m_axi|                              gmem1|       pointer|
|m_axi_gmem1_BID       |   in|    1|       m_axi|                              gmem1|       pointer|
|m_axi_gmem1_BUSER     |   in|    1|       m_axi|                              gmem1|       pointer|
|sext_ln14_1           |   in|   62|     ap_none|                        sext_ln14_1|        scalar|
|sext_ln30             |   in|   62|     ap_none|                          sext_ln30|        scalar|
|zext_ln33             |   in|   18|     ap_none|                          zext_ln33|        scalar|
|bitcast_ln37          |   in|   32|     ap_none|                       bitcast_ln37|        scalar|
+----------------------+-----+-----+------------+-----------------------------------+--------------+

