

================================================================
== Vitis HLS Report for 'Linear_1_Pipeline_VITIS_LOOP_14_2'
================================================================
* Date:           Fri Nov 10 02:21:15 2023

* Version:        2022.1 (Build 3526262 on Mon Apr 18 15:47:01 MDT 2022)
* Project:        proj_kernel_EMO
* Solution:       solution1 (Vivado IP Flow Target)
* Product family: virtexuplus
* Target device:  xcu250-figd2104-2L-e


================================================================
== Performance Estimates
================================================================
+ Timing: 
    * Summary: 
    +--------+----------+-----------+------------+
    |  Clock |  Target  | Estimated | Uncertainty|
    +--------+----------+-----------+------------+
    |ap_clk  |  50.00 ns|  36.500 ns|    13.50 ns|
    +--------+----------+-----------+------------+

+ Latency: 
    * Summary: 
    +---------+---------+----------+----------+------+------+---------+
    |  Latency (cycles) |  Latency (absolute) |   Interval  | Pipeline|
    |   min   |   max   |    min   |    max   |  min |  max |   Type  |
    +---------+---------+----------+----------+------+------+---------+
    |     8238|     8238|  0.412 ms|  0.412 ms|  8238|  8238|       no|
    +---------+---------+----------+----------+------+------+---------+

    + Detail: 
        * Instance: 
        N/A

        * Loop: 
        +-------------------+---------+---------+----------+-----------+-----------+------+----------+
        |                   |  Latency (cycles) | Iteration|  Initiation Interval  | Trip |          |
        |     Loop Name     |   min   |   max   |  Latency |  achieved |   target  | Count| Pipelined|
        +-------------------+---------+---------+----------+-----------+-----------+------+----------+
        |- VITIS_LOOP_14_2  |     8236|     8236|        54|         49|          1|   168|       yes|
        +-------------------+---------+---------+----------+-----------+-----------+------+----------+



================================================================
== Utilization Estimates
================================================================
* Summary: 
+---------------------+---------+-------+---------+---------+------+
|         Name        | BRAM_18K|  DSP  |    FF   |   LUT   | URAM |
+---------------------+---------+-------+---------+---------+------+
|DSP                  |        -|      -|        -|        -|     -|
|Expression           |        -|      -|        0|       36|     -|
|FIFO                 |        -|      -|        -|        -|     -|
|Instance             |        -|      2|        0|      226|     -|
|Memory               |        -|      -|        -|        -|     -|
|Multiplexer          |        -|      -|        -|      520|     -|
|Register             |        -|      -|      189|        -|     -|
+---------------------+---------+-------+---------+---------+------+
|Total                |        0|      2|      189|      782|     0|
+---------------------+---------+-------+---------+---------+------+
|Available SLR        |     1344|   3072|   864000|   432000|   320|
+---------------------+---------+-------+---------+---------+------+
|Utilization SLR (%)  |        0|     ~0|       ~0|       ~0|     0|
+---------------------+---------+-------+---------+---------+------+
|Available            |     5376|  12288|  3456000|  1728000|  1280|
+---------------------+---------+-------+---------+---------+------+
|Utilization (%)      |        0|     ~0|       ~0|       ~0|     0|
+---------------------+---------+-------+---------+---------+------+

+ Detail: 
    * Instance: 
    +--------------------------------------+--------------------------------+---------+----+---+-----+-----+
    |               Instance               |             Module             | BRAM_18K| DSP| FF| LUT | URAM|
    +--------------------------------------+--------------------------------+---------+----+---+-----+-----+
    |fadd_32ns_32ns_32_1_full_dsp_1_U5154  |fadd_32ns_32ns_32_1_full_dsp_1  |        0|   2|  0|  226|    0|
    +--------------------------------------+--------------------------------+---------+----+---+-----+-----+
    |Total                                 |                                |        0|   2|  0|  226|    0|
    +--------------------------------------+--------------------------------+---------+----+---+-----+-----+

    * DSP: 
    N/A

    * Memory: 
    N/A

    * FIFO: 
    N/A

    * Expression: 
    +-----------------------------------+----------+----+---+----+------------+------------+
    |           Variable Name           | Operation| DSP| FF| LUT| Bitwidth P0| Bitwidth P1|
    +-----------------------------------+----------+----+---+----+------------+------------+
    |add_ln14_fu_144_p2                 |         +|   0|  0|  15|           8|           1|
    |ap_block_pp0_stage0_11001          |       and|   0|  0|   2|           1|           1|
    |ap_block_pp0_stage10_11001         |       and|   0|  0|   2|           1|           1|
    |ap_block_state10_pp0_stage9_iter0  |       and|   0|  0|   2|           1|           1|
    |icmp_ln14_fu_138_p2                |      icmp|   0|  0|  11|           8|           8|
    |ap_block_pp0_stage4_11001          |        or|   0|  0|   2|           1|           1|
    |ap_enable_pp0                      |       xor|   0|  0|   2|           1|           2|
    +-----------------------------------+----------+----+---+----+------------+------------+
    |Total                              |          |   0|  0|  36|          21|          15|
    +-----------------------------------+----------+----+---+----+------------+------------+

    * Multiplexer: 
    +-----------------------------+-----+-----------+-----+-----------+
    |             Name            | LUT | Input Size| Bits| Total Bits|
    +-----------------------------+-----+-----------+-----+-----------+
    |ap_NS_fsm                    |  217|         50|    1|         50|
    |ap_done_int                  |    9|          2|    1|          2|
    |ap_enable_reg_pp0_iter0      |    9|          2|    1|          2|
    |ap_enable_reg_pp0_iter0_reg  |    9|          2|    1|          2|
    |ap_enable_reg_pp0_iter1      |    9|          2|    1|          2|
    |ap_sig_allocacmp_c_9         |    9|          2|    8|         16|
    |c_fu_62                      |    9|          2|    8|         16|
    |gmem0_blk_n_R                |    9|          2|    1|          2|
    |gmem1_blk_n_W                |    9|          2|    1|          2|
    |grp_fu_91_p0                 |   14|          3|   32|         96|
    |grp_fu_91_p1                 |  217|         50|   32|       1600|
    +-----------------------------+-----+-----------+-----+-----------+
    |Total                        |  520|        119|   87|       1790|
    +-----------------------------+-----+-----------+-----+-----------+

    * Register: 
    +-----------------------------+----+----+-----+-----------+
    |             Name            | FF | LUT| Bits| Const Bits|
    +-----------------------------+----+----+-----+-----------+
    |ap_CS_fsm                    |  49|   0|   49|          0|
    |ap_done_reg                  |   1|   0|    1|          0|
    |ap_enable_reg_pp0_iter0_reg  |   1|   0|    1|          0|
    |ap_enable_reg_pp0_iter1      |   1|   0|    1|          0|
    |c_fu_62                      |   8|   0|    8|          0|
    |div_reg_430                  |  32|   0|   32|          0|
    |icmp_ln14_reg_421            |   1|   0|    1|          0|
    |reg_101                      |  32|   0|   32|          0|
    |reg_105                      |  32|   0|   32|          0|
    |sum_9_6_6_reg_425            |  32|   0|   32|          0|
    +-----------------------------+----+----+-----+-----------+
    |Total                        | 189|   0|  189|          0|
    +-----------------------------+----+----+-----+-----------+



================================================================
== Interface
================================================================
* Summary: 
+----------------------+-----+-----+------------+-----------------------------------+--------------+
|       RTL Ports      | Dir | Bits|  Protocol  |           Source Object           |    C Type    |
+----------------------+-----+-----+------------+-----------------------------------+--------------+
|ap_clk                |   in|    1|  ap_ctrl_hs|  Linear.1_Pipeline_VITIS_LOOP_14_2|  return value|
|ap_rst                |   in|    1|  ap_ctrl_hs|  Linear.1_Pipeline_VITIS_LOOP_14_2|  return value|
|ap_start              |   in|    1|  ap_ctrl_hs|  Linear.1_Pipeline_VITIS_LOOP_14_2|  return value|
|ap_done               |  out|    1|  ap_ctrl_hs|  Linear.1_Pipeline_VITIS_LOOP_14_2|  return value|
|ap_idle               |  out|    1|  ap_ctrl_hs|  Linear.1_Pipeline_VITIS_LOOP_14_2|  return value|
|ap_ready              |  out|    1|  ap_ctrl_hs|  Linear.1_Pipeline_VITIS_LOOP_14_2|  return value|
|grp_fu_450_p_din0     |  out|   32|  ap_ctrl_hs|  Linear.1_Pipeline_VITIS_LOOP_14_2|  return value|
|grp_fu_450_p_din1     |  out|   32|  ap_ctrl_hs|  Linear.1_Pipeline_VITIS_LOOP_14_2|  return value|
|grp_fu_450_p_dout0    |   in|   32|  ap_ctrl_hs|  Linear.1_Pipeline_VITIS_LOOP_14_2|  return value|
|grp_fu_450_p_ce       |  out|    1|  ap_ctrl_hs|  Linear.1_Pipeline_VITIS_LOOP_14_2|  return value|
|m_axi_gmem0_AWVALID   |  out|    1|       m_axi|                              gmem0|       pointer|
|m_axi_gmem0_AWREADY   |   in|    1|       m_axi|                              gmem0|       pointer|
|m_axi_gmem0_AWADDR    |  out|   64|       m_axi|                              gmem0|       pointer|
|m_axi_gmem0_AWID      |  out|    1|       m_axi|                              gmem0|       pointer|
|m_axi_gmem0_AWLEN     |  out|   32|       m_axi|                              gmem0|       pointer|
|m_axi_gmem0_AWSIZE    |  out|    3|       m_axi|                              gmem0|       pointer|
|m_axi_gmem0_AWBURST   |  out|    2|       m_axi|                              gmem0|       pointer|
|m_axi_gmem0_AWLOCK    |  out|    2|       m_axi|                              gmem0|       pointer|
|m_axi_gmem0_AWCACHE   |  out|    4|       m_axi|                              gmem0|       pointer|
|m_axi_gmem0_AWPROT    |  out|    3|       m_axi|                              gmem0|       pointer|
|m_axi_gmem0_AWQOS     |  out|    4|       m_axi|                              gmem0|       pointer|
|m_axi_gmem0_AWREGION  |  out|    4|       m_axi|                              gmem0|       pointer|
|m_axi_gmem0_AWUSER    |  out|    1|       m_axi|                              gmem0|       pointer|
|m_axi_gmem0_WVALID    |  out|    1|       m_axi|                              gmem0|       pointer|
|m_axi_gmem0_WREADY    |   in|    1|       m_axi|                              gmem0|       pointer|
|m_axi_gmem0_WDATA     |  out|   32|       m_axi|                              gmem0|       pointer|
|m_axi_gmem0_WSTRB     |  out|    4|       m_axi|                              gmem0|       pointer|
|m_axi_gmem0_WLAST     |  out|    1|       m_axi|                              gmem0|       pointer|
|m_axi_gmem0_WID       |  out|    1|       m_axi|                              gmem0|       pointer|
|m_axi_gmem0_WUSER     |  out|    1|       m_axi|                              gmem0|       pointer|
|m_axi_gmem0_ARVALID   |  out|    1|       m_axi|                              gmem0|       pointer|
|m_axi_gmem0_ARREADY   |   in|    1|       m_axi|                              gmem0|       pointer|
|m_axi_gmem0_ARADDR    |  out|   64|       m_axi|                              gmem0|       pointer|
|m_axi_gmem0_ARID      |  out|    1|       m_axi|                              gmem0|       pointer|
|m_axi_gmem0_ARLEN     |  out|   32|       m_axi|                              gmem0|       pointer|
|m_axi_gmem0_ARSIZE    |  out|    3|       m_axi|                              gmem0|       pointer|
|m_axi_gmem0_ARBURST   |  out|    2|       m_axi|                              gmem0|       pointer|
|m_axi_gmem0_ARLOCK    |  out|    2|       m_axi|                              gmem0|       pointer|
|m_axi_gmem0_ARCACHE   |  out|    4|       m_axi|                              gmem0|       pointer|
|m_axi_gmem0_ARPROT    |  out|    3|       m_axi|                              gmem0|       pointer|
|m_axi_gmem0_ARQOS     |  out|    4|       m_axi|                              gmem0|       pointer|
|m_axi_gmem0_ARREGION  |  out|    4|       m_axi|                              gmem0|       pointer|
|m_axi_gmem0_ARUSER    |  out|    1|       m_axi|                              gmem0|       pointer|
|m_axi_gmem0_RVALID    |   in|    1|       m_axi|                              gmem0|       pointer|
|m_axi_gmem0_RREADY    |  out|    1|       m_axi|                              gmem0|       pointer|
|m_axi_gmem0_RDATA     |   in|   32|       m_axi|                              gmem0|       pointer|
|m_axi_gmem0_RLAST     |   in|    1|       m_axi|                              gmem0|       pointer|
|m_axi_gmem0_RID       |   in|    1|       m_axi|                              gmem0|       pointer|
|m_axi_gmem0_RFIFONUM  |   in|    9|       m_axi|                              gmem0|       pointer|
|m_axi_gmem0_RUSER     |   in|    1|       m_axi|                              gmem0|       pointer|
|m_axi_gmem0_RRESP     |   in|    2|       m_axi|                              gmem0|       pointer|
|m_axi_gmem0_BVALID    |   in|    1|       m_axi|                              gmem0|       pointer|
|m_axi_gmem0_BREADY    |  out|    1|       m_axi|                              gmem0|       pointer|
|m_axi_gmem0_BRESP     |   in|    2|       m_axi|                              gmem0|       pointer|
|m_axi_gmem0_BID       |   in|    1|       m_axi|                              gmem0|       pointer|
|m_axi_gmem0_BUSER     |   in|    1|       m_axi|                              gmem0|       pointer|
|m_axi_gmem1_AWVALID   |  out|    1|       m_axi|                              gmem1|       pointer|
|m_axi_gmem1_AWREADY   |   in|    1|       m_axi|                              gmem1|       pointer|
|m_axi_gmem1_AWADDR    |  out|   64|       m_axi|                              gmem1|       pointer|
|m_axi_gmem1_AWID      |  out|    1|       m_axi|                              gmem1|       pointer|
|m_axi_gmem1_AWLEN     |  out|   32|       m_axi|                              gmem1|       pointer|
|m_axi_gmem1_AWSIZE    |  out|    3|       m_axi|                              gmem1|       pointer|
|m_axi_gmem1_AWBURST   |  out|    2|       m_axi|                              gmem1|       pointer|
|m_axi_gmem1_AWLOCK    |  out|    2|       m_axi|                              gmem1|       pointer|
|m_axi_gmem1_AWCACHE   |  out|    4|       m_axi|                              gmem1|       pointer|
|m_axi_gmem1_AWPROT    |  out|    3|       m_axi|                              gmem1|       pointer|
|m_axi_gmem1_AWQOS     |  out|    4|       m_axi|                              gmem1|       pointer|
|m_axi_gmem1_AWREGION  |  out|    4|       m_axi|                              gmem1|       pointer|
|m_axi_gmem1_AWUSER    |  out|    1|       m_axi|                              gmem1|       pointer|
|m_axi_gmem1_WVALID    |  out|    1|       m_axi|                              gmem1|       pointer|
|m_axi_gmem1_WREADY    |   in|    1|       m_axi|                              gmem1|       pointer|
|m_axi_gmem1_WDATA     |  out|   32|       m_axi|                              gmem1|       pointer|
|m_axi_gmem1_WSTRB     |  out|    4|       m_axi|                              gmem1|       pointer|
|m_axi_gmem1_WLAST     |  out|    1|       m_axi|                              gmem1|       pointer|
|m_axi_gmem1_WID       |  out|    1|       m_axi|                              gmem1|       pointer|
|m_axi_gmem1_WUSER     |  out|    1|       m_axi|                              gmem1|       pointer|
|m_axi_gmem1_ARVALID   |  out|    1|       m_axi|                              gmem1|       pointer|
|m_axi_gmem1_ARREADY   |   in|    1|       m_axi|                              gmem1|       pointer|
|m_axi_gmem1_ARADDR    |  out|   64|       m_axi|                              gmem1|       pointer|
|m_axi_gmem1_ARID      |  out|    1|       m_axi|                              gmem1|       pointer|
|m_axi_gmem1_ARLEN     |  out|   32|       m_axi|                              gmem1|       pointer|
|m_axi_gmem1_ARSIZE    |  out|    3|       m_axi|                              gmem1|       pointer|
|m_axi_gmem1_ARBURST   |  out|    2|       m_axi|                              gmem1|       pointer|
|m_axi_gmem1_ARLOCK    |  out|    2|       m_axi|                              gmem1|       pointer|
|m_axi_gmem1_ARCACHE   |  out|    4|       m_axi|                              gmem1|       pointer|
|m_axi_gmem1_ARPROT    |  out|    3|       m_axi|                              gmem1|       pointer|
|m_axi_gmem1_ARQOS     |  out|    4|       m_axi|                              gmem1|       pointer|
|m_axi_gmem1_ARREGION  |  out|    4|       m_axi|                              gmem1|       pointer|
|m_axi_gmem1_ARUSER    |  out|    1|       m_axi|                              gmem1|       pointer|
|m_axi_gmem1_RVALID    |   in|    1|       m_axi|                              gmem1|       pointer|
|m_axi_gmem1_RREADY    |  out|    1|       m_axi|                              gmem1|       pointer|
|m_axi_gmem1_RDATA     |   in|   32|       m_axi|                              gmem1|       pointer|
|m_axi_gmem1_RLAST     |   in|    1|       m_axi|                              gmem1|       pointer|
|m_axi_gmem1_RID       |   in|    1|       m_axi|                              gmem1|       pointer|
|m_axi_gmem1_RFIFONUM  |   in|    9|       m_axi|                              gmem1|       pointer|
|m_axi_gmem1_RUSER     |   in|    1|       m_axi|                              gmem1|       pointer|
|m_axi_gmem1_RRESP     |   in|    2|       m_axi|                              gmem1|       pointer|
|m_axi_gmem1_BVALID    |   in|    1|       m_axi|                              gmem1|       pointer|
|m_axi_gmem1_BREADY    |  out|    1|       m_axi|                              gmem1|       pointer|
|m_axi_gmem1_BRESP     |   in|    2|       m_axi|                              gmem1|       pointer|
|m_axi_gmem1_BID       |   in|    1|       m_axi|                              gmem1|       pointer|
|m_axi_gmem1_BUSER     |   in|    1|       m_axi|                              gmem1|       pointer|
|sext_ln14_1           |   in|   62|     ap_none|                        sext_ln14_1|        scalar|
|sext_ln14             |   in|   62|     ap_none|                          sext_ln14|        scalar|
+----------------------+-----+-----+------------+-----------------------------------+--------------+

