

================================================================
== Vitis HLS Report for 'Pointwise_conv_4_Pipeline_In_Channel'
================================================================
* Date:           Fri Nov 10 02:20:23 2023

* Version:        2022.1 (Build 3526262 on Mon Apr 18 15:47:01 MDT 2022)
* Project:        proj_kernel_EMO
* Solution:       solution1 (Vivado IP Flow Target)
* Product family: virtexuplus
* Target device:  xcu250-figd2104-2L-e


================================================================
== Performance Estimates
================================================================
+ Timing: 
    * Summary: 
    +--------+----------+-----------+------------+
    |  Clock |  Target  | Estimated | Uncertainty|
    +--------+----------+-----------+------------+
    |ap_clk  |  50.00 ns|  36.500 ns|    13.50 ns|
    +--------+----------+-----------+------------+

+ Latency: 
    * Summary: 
    +---------+---------+-----------+-----------+-----+-----+---------+
    |  Latency (cycles) |   Latency (absolute)  |  Interval | Pipeline|
    |   min   |   max   |    min    |    max    | min | max |   Type  |
    +---------+---------+-----------+-----------+-----+-----+---------+
    |      605|      605|  30.250 us|  30.250 us|  605|  605|       no|
    +---------+---------+-----------+-----------+-----+-----+---------+

    + Detail: 
        * Instance: 
        N/A

        * Loop: 
        +--------------+---------+---------+----------+-----------+-----------+------+----------+
        |              |  Latency (cycles) | Iteration|  Initiation Interval  | Trip |          |
        |   Loop Name  |   min   |   max   |  Latency |  achieved |   target  | Count| Pipelined|
        +--------------+---------+---------+----------+-----------+-----------+------+----------+
        |- In_Channel  |      603|      603|        17|          1|          1|   588|       yes|
        +--------------+---------+---------+----------+-----------+-----------+------+----------+



================================================================
== Utilization Estimates
================================================================
* Summary: 
+---------------------+---------+-------+---------+---------+------+
|         Name        | BRAM_18K|  DSP  |    FF   |   LUT   | URAM |
+---------------------+---------+-------+---------+---------+------+
|DSP                  |        -|      -|        -|        -|     -|
|Expression           |        -|      -|        0|      199|     -|
|FIFO                 |        -|      -|        -|        -|     -|
|Instance             |        -|      5|        0|      303|     -|
|Memory               |        -|      -|        -|        -|     -|
|Multiplexer          |        -|      -|        -|      108|     -|
|Register             |        -|      -|      518|       96|     -|
+---------------------+---------+-------+---------+---------+------+
|Total                |        0|      5|      518|      706|     0|
+---------------------+---------+-------+---------+---------+------+
|Available SLR        |     1344|   3072|   864000|   432000|   320|
+---------------------+---------+-------+---------+---------+------+
|Utilization SLR (%)  |        0|     ~0|       ~0|       ~0|     0|
+---------------------+---------+-------+---------+---------+------+
|Available            |     5376|  12288|  3456000|  1728000|  1280|
+---------------------+---------+-------+---------+---------+------+
|Utilization (%)      |        0|     ~0|       ~0|       ~0|     0|
+---------------------+---------+-------+---------+---------+------+

+ Detail: 
    * Instance: 
    +--------------------------------------+--------------------------------+---------+----+---+-----+-----+
    |               Instance               |             Module             | BRAM_18K| DSP| FF| LUT | URAM|
    +--------------------------------------+--------------------------------+---------+----+---+-----+-----+
    |fadd_32ns_32ns_32_1_full_dsp_1_U4858  |fadd_32ns_32ns_32_1_full_dsp_1  |        0|   2|  0|  226|    0|
    |fmul_32ns_32ns_32_1_max_dsp_1_U4859   |fmul_32ns_32ns_32_1_max_dsp_1   |        0|   3|  0|   77|    0|
    +--------------------------------------+--------------------------------+---------+----+---+-----+-----+
    |Total                                 |                                |        0|   5|  0|  303|    0|
    +--------------------------------------+--------------------------------+---------+----+---+-----+-----+

    * DSP: 
    N/A

    * Memory: 
    N/A

    * FIFO: 
    N/A

    * Expression: 
    +------------------------------------+----------+----+---+----+------------+------------+
    |            Variable Name           | Operation| DSP| FF| LUT| Bitwidth P0| Bitwidth P1|
    +------------------------------------+----------+----+---+----+------------+------------+
    |add_ln29_fu_230_p2                  |         +|   0|  0|  17|          10|           1|
    |add_ln32_1_fu_260_p2                |         +|   0|  0|  71|          64|          64|
    |add_ln32_2_fu_313_p2                |         +|   0|  0|  26|          19|          19|
    |add_ln32_3_fu_236_p2                |         +|   0|  0|  22|          15|           6|
    |add_ln32_fu_242_p2                  |         +|   0|  0|  23|          16|          16|
    |ap_block_state11_io                 |       and|   0|  0|   2|           1|           1|
    |ap_block_state12_io                 |       and|   0|  0|   2|           1|           1|
    |ap_block_state17_pp0_stage0_iter16  |       and|   0|  0|   2|           1|           1|
    |ap_block_state2_io                  |       and|   0|  0|   2|           1|           1|
    |ap_block_state9_pp0_stage0_iter8    |       and|   0|  0|   2|           1|           1|
    |ap_predicate_op79_writereq_state11  |       and|   0|  0|   2|           1|           1|
    |icmp_ln29_fu_224_p2                 |      icmp|   0|  0|  11|          10|          10|
    |ifzero_fu_286_p2                    |      icmp|   0|  0|  11|          10|          10|
    |ap_block_pp0_stage0_01001           |        or|   0|  0|   2|           1|           1|
    |ap_block_pp0_stage0_11001           |        or|   0|  0|   2|           1|           1|
    |ap_enable_pp0                       |       xor|   0|  0|   2|           1|           2|
    +------------------------------------+----------+----+---+----+------------+------------+
    |Total                               |          |   0|  0| 199|         153|         136|
    +------------------------------------+----------+----+---+----+------------+------------+

    * Multiplexer: 
    +-------------------------------+----+-----------+-----+-----------+
    |              Name             | LUT| Input Size| Bits| Total Bits|
    +-------------------------------+----+-----------+-----+-----------+
    |add4010_fu_104                 |   9|          2|   32|         64|
    |ap_done_int                    |   9|          2|    1|          2|
    |ap_enable_reg_pp0_iter11       |   9|          2|    1|          2|
    |ap_sig_allocacmp_in_ch_1       |   9|          2|   10|         20|
    |ap_sig_allocacmp_phi_mul_load  |   9|          2|   15|         30|
    |gmem1_blk_n_AW                 |   9|          2|    1|          2|
    |gmem1_blk_n_B                  |   9|          2|    1|          2|
    |gmem1_blk_n_W                  |   9|          2|    1|          2|
    |gmem3_blk_n_AR                 |   9|          2|    1|          2|
    |gmem3_blk_n_R                  |   9|          2|    1|          2|
    |in_ch_fu_108                   |   9|          2|   10|         20|
    |phi_mul_fu_100                 |   9|          2|   15|         30|
    +-------------------------------+----+-----------+-----+-----------+
    |Total                          | 108|         24|   89|        178|
    +-------------------------------+----+-----------+-----+-----------+

    * Register: 
    +-----------------------------------+----+----+-----+-----------+
    |                Name               | FF | LUT| Bits| Const Bits|
    +-----------------------------------+----+----+-----+-----------+
    |add4010_fu_104                     |  32|   0|   32|          0|
    |add_reg_432                        |  32|   0|   32|          0|
    |ap_CS_fsm                          |   1|   0|    1|          0|
    |ap_done_reg                        |   1|   0|    1|          0|
    |ap_enable_reg_pp0_iter1            |   1|   0|    1|          0|
    |ap_enable_reg_pp0_iter10           |   1|   0|    1|          0|
    |ap_enable_reg_pp0_iter11           |   1|   0|    1|          0|
    |ap_enable_reg_pp0_iter12           |   1|   0|    1|          0|
    |ap_enable_reg_pp0_iter13           |   1|   0|    1|          0|
    |ap_enable_reg_pp0_iter14           |   1|   0|    1|          0|
    |ap_enable_reg_pp0_iter15           |   1|   0|    1|          0|
    |ap_enable_reg_pp0_iter16           |   1|   0|    1|          0|
    |ap_enable_reg_pp0_iter2            |   1|   0|    1|          0|
    |ap_enable_reg_pp0_iter3            |   1|   0|    1|          0|
    |ap_enable_reg_pp0_iter4            |   1|   0|    1|          0|
    |ap_enable_reg_pp0_iter5            |   1|   0|    1|          0|
    |ap_enable_reg_pp0_iter6            |   1|   0|    1|          0|
    |ap_enable_reg_pp0_iter7            |   1|   0|    1|          0|
    |ap_enable_reg_pp0_iter8            |   1|   0|    1|          0|
    |ap_enable_reg_pp0_iter9            |   1|   0|    1|          0|
    |ap_loop_exit_ready_pp0_iter10_reg  |   1|   0|    1|          0|
    |ap_loop_exit_ready_pp0_iter11_reg  |   1|   0|    1|          0|
    |ap_loop_exit_ready_pp0_iter12_reg  |   1|   0|    1|          0|
    |ap_loop_exit_ready_pp0_iter13_reg  |   1|   0|    1|          0|
    |ap_loop_exit_ready_pp0_iter14_reg  |   1|   0|    1|          0|
    |ap_loop_exit_ready_pp0_iter15_reg  |   1|   0|    1|          0|
    |ap_loop_exit_ready_pp0_iter1_reg   |   1|   0|    1|          0|
    |ap_loop_exit_ready_pp0_iter2_reg   |   1|   0|    1|          0|
    |ap_loop_exit_ready_pp0_iter3_reg   |   1|   0|    1|          0|
    |ap_loop_exit_ready_pp0_iter4_reg   |   1|   0|    1|          0|
    |ap_loop_exit_ready_pp0_iter5_reg   |   1|   0|    1|          0|
    |ap_loop_exit_ready_pp0_iter6_reg   |   1|   0|    1|          0|
    |ap_loop_exit_ready_pp0_iter7_reg   |   1|   0|    1|          0|
    |ap_loop_exit_ready_pp0_iter8_reg   |   1|   0|    1|          0|
    |ap_loop_exit_ready_pp0_iter9_reg   |   1|   0|    1|          0|
    |gmem3_addr_read_reg_411            |  32|   0|   32|          0|
    |gmem3_addr_reg_401                 |  64|   0|   64|          0|
    |icmp_ln29_reg_397                  |   1|   0|    1|          0|
    |ifzero_reg_407                     |   1|   0|    1|          0|
    |in_ch_1_reg_392                    |  10|   0|   10|          0|
    |in_ch_fu_108                       |  10|   0|   10|          0|
    |mul28_reg_421                      |  32|   0|   32|          0|
    |phi_mul_fu_100                     |  15|   0|   15|          0|
    |sext_ln32_cast_reg_387             |  64|   0|   64|          0|
    |icmp_ln29_reg_397                  |  64|  32|    1|          0|
    |ifzero_reg_407                     |  64|  32|    1|          0|
    |in_ch_1_reg_392                    |  64|  32|   10|          0|
    +-----------------------------------+----+----+-----+-----------+
    |Total                              | 518|  96|  338|          0|
    +-----------------------------------+----+----+-----+-----------+



================================================================
== Interface
================================================================
* Summary: 
+---------------------------+-----+-----+------------+--------------------------------------+--------------+
|         RTL Ports         | Dir | Bits|  Protocol  |             Source Object            |    C Type    |
+---------------------------+-----+-----+------------+--------------------------------------+--------------+
|ap_clk                     |   in|    1|  ap_ctrl_hs|  Pointwise_conv.4_Pipeline_In_Channel|  return value|
|ap_rst                     |   in|    1|  ap_ctrl_hs|  Pointwise_conv.4_Pipeline_In_Channel|  return value|
|ap_start                   |   in|    1|  ap_ctrl_hs|  Pointwise_conv.4_Pipeline_In_Channel|  return value|
|ap_done                    |  out|    1|  ap_ctrl_hs|  Pointwise_conv.4_Pipeline_In_Channel|  return value|
|ap_idle                    |  out|    1|  ap_ctrl_hs|  Pointwise_conv.4_Pipeline_In_Channel|  return value|
|ap_ready                   |  out|    1|  ap_ctrl_hs|  Pointwise_conv.4_Pipeline_In_Channel|  return value|
|m_axi_gmem3_AWVALID        |  out|    1|       m_axi|                                 gmem3|       pointer|
|m_axi_gmem3_AWREADY        |   in|    1|       m_axi|                                 gmem3|       pointer|
|m_axi_gmem3_AWADDR         |  out|   64|       m_axi|                                 gmem3|       pointer|
|m_axi_gmem3_AWID           |  out|    1|       m_axi|                                 gmem3|       pointer|
|m_axi_gmem3_AWLEN          |  out|   32|       m_axi|                                 gmem3|       pointer|
|m_axi_gmem3_AWSIZE         |  out|    3|       m_axi|                                 gmem3|       pointer|
|m_axi_gmem3_AWBURST        |  out|    2|       m_axi|                                 gmem3|       pointer|
|m_axi_gmem3_AWLOCK         |  out|    2|       m_axi|                                 gmem3|       pointer|
|m_axi_gmem3_AWCACHE        |  out|    4|       m_axi|                                 gmem3|       pointer|
|m_axi_gmem3_AWPROT         |  out|    3|       m_axi|                                 gmem3|       pointer|
|m_axi_gmem3_AWQOS          |  out|    4|       m_axi|                                 gmem3|       pointer|
|m_axi_gmem3_AWREGION       |  out|    4|       m_axi|                                 gmem3|       pointer|
|m_axi_gmem3_AWUSER         |  out|    1|       m_axi|                                 gmem3|       pointer|
|m_axi_gmem3_WVALID         |  out|    1|       m_axi|                                 gmem3|       pointer|
|m_axi_gmem3_WREADY         |   in|    1|       m_axi|                                 gmem3|       pointer|
|m_axi_gmem3_WDATA          |  out|   32|       m_axi|                                 gmem3|       pointer|
|m_axi_gmem3_WSTRB          |  out|    4|       m_axi|                                 gmem3|       pointer|
|m_axi_gmem3_WLAST          |  out|    1|       m_axi|                                 gmem3|       pointer|
|m_axi_gmem3_WID            |  out|    1|       m_axi|                                 gmem3|       pointer|
|m_axi_gmem3_WUSER          |  out|    1|       m_axi|                                 gmem3|       pointer|
|m_axi_gmem3_ARVALID        |  out|    1|       m_axi|                                 gmem3|       pointer|
|m_axi_gmem3_ARREADY        |   in|    1|       m_axi|                                 gmem3|       pointer|
|m_axi_gmem3_ARADDR         |  out|   64|       m_axi|                                 gmem3|       pointer|
|m_axi_gmem3_ARID           |  out|    1|       m_axi|                                 gmem3|       pointer|
|m_axi_gmem3_ARLEN          |  out|   32|       m_axi|                                 gmem3|       pointer|
|m_axi_gmem3_ARSIZE         |  out|    3|       m_axi|                                 gmem3|       pointer|
|m_axi_gmem3_ARBURST        |  out|    2|       m_axi|                                 gmem3|       pointer|
|m_axi_gmem3_ARLOCK         |  out|    2|       m_axi|                                 gmem3|       pointer|
|m_axi_gmem3_ARCACHE        |  out|    4|       m_axi|                                 gmem3|       pointer|
|m_axi_gmem3_ARPROT         |  out|    3|       m_axi|                                 gmem3|       pointer|
|m_axi_gmem3_ARQOS          |  out|    4|       m_axi|                                 gmem3|       pointer|
|m_axi_gmem3_ARREGION       |  out|    4|       m_axi|                                 gmem3|       pointer|
|m_axi_gmem3_ARUSER         |  out|    1|       m_axi|                                 gmem3|       pointer|
|m_axi_gmem3_RVALID         |   in|    1|       m_axi|                                 gmem3|       pointer|
|m_axi_gmem3_RREADY         |  out|    1|       m_axi|                                 gmem3|       pointer|
|m_axi_gmem3_RDATA          |   in|   32|       m_axi|                                 gmem3|       pointer|
|m_axi_gmem3_RLAST          |   in|    1|       m_axi|                                 gmem3|       pointer|
|m_axi_gmem3_RID            |   in|    1|       m_axi|                                 gmem3|       pointer|
|m_axi_gmem3_RFIFONUM       |   in|    9|       m_axi|                                 gmem3|       pointer|
|m_axi_gmem3_RUSER          |   in|    1|       m_axi|                                 gmem3|       pointer|
|m_axi_gmem3_RRESP          |   in|    2|       m_axi|                                 gmem3|       pointer|
|m_axi_gmem3_BVALID         |   in|    1|       m_axi|                                 gmem3|       pointer|
|m_axi_gmem3_BREADY         |  out|    1|       m_axi|                                 gmem3|       pointer|
|m_axi_gmem3_BRESP          |   in|    2|       m_axi|                                 gmem3|       pointer|
|m_axi_gmem3_BID            |   in|    1|       m_axi|                                 gmem3|       pointer|
|m_axi_gmem3_BUSER          |   in|    1|       m_axi|                                 gmem3|       pointer|
|m_axi_gmem1_AWVALID        |  out|    1|       m_axi|                                 gmem1|       pointer|
|m_axi_gmem1_AWREADY        |   in|    1|       m_axi|                                 gmem1|       pointer|
|m_axi_gmem1_AWADDR         |  out|   64|       m_axi|                                 gmem1|       pointer|
|m_axi_gmem1_AWID           |  out|    1|       m_axi|                                 gmem1|       pointer|
|m_axi_gmem1_AWLEN          |  out|   32|       m_axi|                                 gmem1|       pointer|
|m_axi_gmem1_AWSIZE         |  out|    3|       m_axi|                                 gmem1|       pointer|
|m_axi_gmem1_AWBURST        |  out|    2|       m_axi|                                 gmem1|       pointer|
|m_axi_gmem1_AWLOCK         |  out|    2|       m_axi|                                 gmem1|       pointer|
|m_axi_gmem1_AWCACHE        |  out|    4|       m_axi|                                 gmem1|       pointer|
|m_axi_gmem1_AWPROT         |  out|    3|       m_axi|                                 gmem1|       pointer|
|m_axi_gmem1_AWQOS          |  out|    4|       m_axi|                                 gmem1|       pointer|
|m_axi_gmem1_AWREGION       |  out|    4|       m_axi|                                 gmem1|       pointer|
|m_axi_gmem1_AWUSER         |  out|    1|       m_axi|                                 gmem1|       pointer|
|m_axi_gmem1_WVALID         |  out|    1|       m_axi|                                 gmem1|       pointer|
|m_axi_gmem1_WREADY         |   in|    1|       m_axi|                                 gmem1|       pointer|
|m_axi_gmem1_WDATA          |  out|   32|       m_axi|                                 gmem1|       pointer|
|m_axi_gmem1_WSTRB          |  out|    4|       m_axi|                                 gmem1|       pointer|
|m_axi_gmem1_WLAST          |  out|    1|       m_axi|                                 gmem1|       pointer|
|m_axi_gmem1_WID            |  out|    1|       m_axi|                                 gmem1|       pointer|
|m_axi_gmem1_WUSER          |  out|    1|       m_axi|                                 gmem1|       pointer|
|m_axi_gmem1_ARVALID        |  out|    1|       m_axi|                                 gmem1|       pointer|
|m_axi_gmem1_ARREADY        |   in|    1|       m_axi|                                 gmem1|       pointer|
|m_axi_gmem1_ARADDR         |  out|   64|       m_axi|                                 gmem1|       pointer|
|m_axi_gmem1_ARID           |  out|    1|       m_axi|                                 gmem1|       pointer|
|m_axi_gmem1_ARLEN          |  out|   32|       m_axi|                                 gmem1|       pointer|
|m_axi_gmem1_ARSIZE         |  out|    3|       m_axi|                                 gmem1|       pointer|
|m_axi_gmem1_ARBURST        |  out|    2|       m_axi|                                 gmem1|       pointer|
|m_axi_gmem1_ARLOCK         |  out|    2|       m_axi|                                 gmem1|       pointer|
|m_axi_gmem1_ARCACHE        |  out|    4|       m_axi|                                 gmem1|       pointer|
|m_axi_gmem1_ARPROT         |  out|    3|       m_axi|                                 gmem1|       pointer|
|m_axi_gmem1_ARQOS          |  out|    4|       m_axi|                                 gmem1|       pointer|
|m_axi_gmem1_ARREGION       |  out|    4|       m_axi|                                 gmem1|       pointer|
|m_axi_gmem1_ARUSER         |  out|    1|       m_axi|                                 gmem1|       pointer|
|m_axi_gmem1_RVALID         |   in|    1|       m_axi|                                 gmem1|       pointer|
|m_axi_gmem1_RREADY         |  out|    1|       m_axi|                                 gmem1|       pointer|
|m_axi_gmem1_RDATA          |   in|   32|       m_axi|                                 gmem1|       pointer|
|m_axi_gmem1_RLAST          |   in|    1|       m_axi|                                 gmem1|       pointer|
|m_axi_gmem1_RID            |   in|    1|       m_axi|                                 gmem1|       pointer|
|m_axi_gmem1_RFIFONUM       |   in|    9|       m_axi|                                 gmem1|       pointer|
|m_axi_gmem1_RUSER          |   in|    1|       m_axi|                                 gmem1|       pointer|
|m_axi_gmem1_RRESP          |   in|    2|       m_axi|                                 gmem1|       pointer|
|m_axi_gmem1_BVALID         |   in|    1|       m_axi|                                 gmem1|       pointer|
|m_axi_gmem1_BREADY         |  out|    1|       m_axi|                                 gmem1|       pointer|
|m_axi_gmem1_BRESP          |   in|    2|       m_axi|                                 gmem1|       pointer|
|m_axi_gmem1_BID            |   in|    1|       m_axi|                                 gmem1|       pointer|
|m_axi_gmem1_BUSER          |   in|    1|       m_axi|                                 gmem1|       pointer|
|bitcast_ln32               |   in|   32|     ap_none|                          bitcast_ln32|        scalar|
|sext_ln32                  |   in|   62|     ap_none|                             sext_ln32|        scalar|
|sext_ln22                  |   in|    7|     ap_none|                             sext_ln22|        scalar|
|buffer_DataIn_1            |   in|   64|     ap_none|                       buffer_DataIn_1|        scalar|
|empty                      |   in|   19|     ap_none|                                 empty|        scalar|
|proj_1_weight_l1_address0  |  out|   17|   ap_memory|                      proj_1_weight_l1|         array|
|proj_1_weight_l1_ce0       |  out|    1|   ap_memory|                      proj_1_weight_l1|         array|
|proj_1_weight_l1_q0        |   in|   32|   ap_memory|                      proj_1_weight_l1|         array|
+---------------------------+-----+-----+------------+--------------------------------------+--------------+

