

================================================================
== Vitis HLS Report for 'pow_generic_double_s'
================================================================
* Date:           Fri Nov 10 02:18:07 2023

* Version:        2022.1 (Build 3526262 on Mon Apr 18 15:47:01 MDT 2022)
* Project:        proj_kernel_EMO
* Solution:       solution1 (Vivado IP Flow Target)
* Product family: virtexuplus
* Target device:  xcu250-figd2104-2L-e


================================================================
== Performance Estimates
================================================================
+ Timing: 
    * Summary: 
    +--------+----------+-----------+------------+
    |  Clock |  Target  | Estimated | Uncertainty|
    +--------+----------+-----------+------------+
    |ap_clk  |  50.00 ns|  20.551 ns|    13.50 ns|
    +--------+----------+-----------+------------+

+ Latency: 
    * Summary: 
    +---------+---------+----------+----------+-----+-----+---------+
    |  Latency (cycles) |  Latency (absolute) |  Interval | Pipeline|
    |   min   |   max   |    min   |    max   | min | max |   Type  |
    +---------+---------+----------+----------+-----+-----+---------+
    |        4|        4|  0.200 us|  0.200 us|    1|    1|      yes|
    +---------+---------+----------+----------+-----+-----+---------+

    + Detail: 
        * Instance: 
        N/A

        * Loop: 
        N/A



================================================================
== Utilization Estimates
================================================================
* Summary: 
+---------------------+---------+-------+---------+---------+------+
|         Name        | BRAM_18K|  DSP  |    FF   |   LUT   | URAM |
+---------------------+---------+-------+---------+---------+------+
|DSP                  |        -|      1|        -|        -|     -|
|Expression           |        -|      -|        0|     5054|     -|
|FIFO                 |        -|      -|        -|        -|     -|
|Instance             |        -|     32|        0|      174|     -|
|Memory               |        5|      -|        0|        0|     -|
|Multiplexer          |        -|      -|        -|        -|     -|
|Register             |        -|      -|      646|      192|     -|
+---------------------+---------+-------+---------+---------+------+
|Total                |        5|     33|      646|     5420|     0|
+---------------------+---------+-------+---------+---------+------+
|Available SLR        |     1344|   3072|   864000|   432000|   320|
+---------------------+---------+-------+---------+---------+------+
|Utilization SLR (%)  |       ~0|      1|       ~0|        1|     0|
+---------------------+---------+-------+---------+---------+------+
|Available            |     5376|  12288|  3456000|  1728000|  1280|
+---------------------+---------+-------+---------+---------+------+
|Utilization (%)      |       ~0|     ~0|       ~0|       ~0|     0|
+---------------------+---------+-------+---------+---------+------+

+ Detail: 
    * Instance: 
    +-----------------------------+-----------------------+---------+----+---+----+-----+
    |           Instance          |         Module        | BRAM_18K| DSP| FF| LUT| URAM|
    +-----------------------------+-----------------------+---------+----+---+----+-----+
    |mul_13s_71s_71_1_1_U4030     |mul_13s_71s_71_1_1     |        0|   4|  0|  64|    0|
    |mul_43ns_36ns_79_1_1_U4031   |mul_43ns_36ns_79_1_1   |        0|   4|  0|  19|    0|
    |mul_49ns_44ns_93_1_1_U4032   |mul_49ns_44ns_93_1_1   |        0|   5|  0|  17|    0|
    |mul_50ns_50ns_100_1_1_U4033  |mul_50ns_50ns_100_1_1  |        0|   8|  0|  21|    0|
    |mul_54s_67ns_120_1_1_U4029   |mul_54s_67ns_120_1_1   |        0|  11|  0|  53|    0|
    +-----------------------------+-----------------------+---------+----+---+----+-----+
    |Total                        |                       |        0|  32|  0| 174|    0|
    +-----------------------------+-----------------------+---------+----+---+----+-----+

    * DSP: 
    +--------------------------------------+--------------------------------+--------------+
    |               Instance               |             Module             |  Expression  |
    +--------------------------------------+--------------------------------+--------------+
    |mac_muladd_16s_15ns_19s_31_4_1_U4034  |mac_muladd_16s_15ns_19s_31_4_1  |  i0 + i1 * i2|
    +--------------------------------------+--------------------------------+--------------+

    * Memory: 
    +-----------------------------------------------------------------+----------------------------------------------------------------------------------+---------+---+----+-----+------+-----+------+-------------+
    |                              Memory                             |                                      Module                                      | BRAM_18K| FF| LUT| URAM| Words| Bits| Banks| W*Bits*Banks|
    +-----------------------------------------------------------------+----------------------------------------------------------------------------------+---------+---+----+-----+------+-----+------+-------------+
    |pow_reduce_anonymous_namespace_table_exp_Z1_ap_ufixed_array_V_U  |pow_generic_double_s_pow_reduce_anonymous_namespace_table_exp_Z1_ap_ufixed_arbkb  |        2|  0|   0|    0|   256|   58|     1|        14848|
    |pow_reduce_anonymous_namespace_table_f_Z2_ap_ufixed_array_V_U    |pow_generic_double_s_pow_reduce_anonymous_namespace_table_f_Z2_ap_ufixed_arradEe  |        2|  0|   0|    0|   256|   42|     1|        10752|
    |pow_reduce_anonymous_namespace_table_f_Z3_ap_ufixed_array_V_U    |pow_generic_double_s_pow_reduce_anonymous_namespace_table_f_Z3_ap_ufixed_arracud  |        1|  0|   0|    0|   256|   26|     1|         6656|
    +-----------------------------------------------------------------+----------------------------------------------------------------------------------+---------+---+----+-----+------+-----+------+-------------+
    |Total                                                            |                                                                                  |        5|  0|   0|    0|   768|  126|     3|        32256|
    +-----------------------------------------------------------------+----------------------------------------------------------------------------------+---------+---+----+-----+------+-----+------+-------------+

    * FIFO: 
    N/A

    * Expression: 
    +---------------------------+----------+----+---+-----+------------+------------+
    |       Variable Name       | Operation| DSP| FF| LUT | Bitwidth P0| Bitwidth P1|
    +---------------------------+----------+----+---+-----+------------+------------+
    |add_ln1347_1_fu_1017_p2    |         +|   0|  0|  112|         105|         105|
    |add_ln1347_2_fu_1023_p2    |         +|   0|  0|  113|         106|         106|
    |add_ln813_2_fu_911_p2      |         +|   0|  0|   51|          44|          44|
    |add_ln813_fu_833_p2        |         +|   0|  0|   43|          36|          36|
    |exp_Z1P_m_1_l_V_fu_921_p2  |         +|   0|  0|   59|          52|          52|
    |exp_Z2P_m_1_V_fu_843_p2    |         +|   0|  0|   51|          44|          44|
    |m_exp_fu_291_p2            |         +|   0|  0|   19|          12|          11|
    |out_exp_V_fu_1122_p2       |         +|   0|  0|   18|          11|          10|
    |r_exp_V_fu_1037_p2         |         +|   0|  0|   20|          13|           2|
    |ret_V_11_fu_947_p2         |         +|   0|  0|   65|          58|           5|
    |ret_V_6_fu_1011_p2         |         +|   0|  0|  114|         107|         107|
    |ret_V_9_fu_786_p2          |         +|   0|  0|   43|          36|          36|
    |ret_V_fu_642_p2            |         +|   0|  0|   20|          13|           1|
    |e_frac_V_1_fu_331_p2       |         -|   0|  0|   61|           1|          54|
    |m_diff_V_fu_684_p2         |         -|   0|  0|   66|          59|          59|
    |sub_ln1512_fu_371_p2       |         -|   0|  0|   18|          10|          11|
    |and_ln1039_1_fu_1207_p2    |       and|   0|  0|    2|           1|           1|
    |and_ln1039_fu_1201_p2      |       and|   0|  0|    2|           1|           1|
    |and_ln460_1_fu_1234_p2     |       and|   0|  0|    2|           1|           1|
    |and_ln460_fu_1228_p2       |       and|   0|  0|    2|           1|           1|
    |and_ln467_1_fu_1163_p2     |       and|   0|  0|    2|           1|           1|
    |and_ln467_2_fu_1169_p2     |       and|   0|  0|    2|           1|           1|
    |and_ln467_fu_765_p2        |       and|   0|  0|    2|           1|           1|
    |and_ln657_1_fu_1175_p2     |       and|   0|  0|    2|           1|           1|
    |and_ln657_fu_1049_p2       |       and|   0|  0|    2|           1|           1|
    |y_is_NaN_fu_596_p2         |       and|   0|  0|    2|           1|           1|
    |y_is_inf_fu_587_p2         |       and|   0|  0|    2|           1|           1|
    |r_V_3_fu_439_p2            |      ashr|   0|  0|  431|         130|         130|
    |r_V_7_fu_517_p2            |      ashr|   0|  0|  395|         120|         120|
    |r_V_fu_401_p2              |      ashr|   0|  0|  395|         120|         120|
    |icmp_ln1003_fu_636_p2      |      icmp|   0|  0|   13|          18|           1|
    |icmp_ln1019_1_fu_309_p2    |      icmp|   0|  0|   24|          52|           1|
    |icmp_ln1019_fu_303_p2      |      icmp|   0|  0|   11|          11|           2|
    |icmp_ln1035_fu_1063_p2     |      icmp|   0|  0|    8|           3|           1|
    |icmp_ln1039_fu_1195_p2     |      icmp|   0|  0|   12|          13|          11|
    |icmp_ln1654_fu_581_p2      |      icmp|   0|  0|   50|         130|         130|
    |icmp_ln657_fu_575_p2       |      icmp|   0|  0|   12|          12|           1|
    |y_is_0_fu_297_p2           |      icmp|   0|  0|   11|          11|           1|
    |or_ln407_fu_601_p2         |        or|   0|  0|    2|           1|           1|
    |or_ln460_fu_1152_p2        |        or|   0|  0|    2|           1|           1|
    |or_ln657_fu_1069_p2        |        or|   0|  0|    2|           1|           1|
    |ap_return                  |    select|   0|  0|   63|           1|          63|
    |e_frac_V_2_fu_337_p3       |    select|   0|  0|   54|           1|          54|
    |m_fix_l_V_fu_421_p3        |    select|   0|  0|  124|           1|         130|
    |r_V_17_fu_445_p3           |    select|   0|  0|  124|           1|         130|
    |r_V_8_fu_527_p3            |    select|   0|  0|  124|           1|         130|
    |r_exp_V_2_fu_1042_p3       |    select|   0|  0|   13|           1|          13|
    |ret_V_8_fu_656_p3          |    select|   0|  0|   13|           1|          13|
    |select_ln1002_fu_648_p3    |    select|   0|  0|   13|           1|          13|
    |select_ln1039_fu_1213_p3   |    select|   0|  0|   63|           1|          64|
    |select_ln407_1_fu_1221_p3  |    select|   0|  0|   63|           1|          64|
    |select_ln407_fu_753_p3     |    select|   0|  0|   62|           1|          62|
    |select_ln578_fu_535_p3     |    select|   0|  0|  124|           1|         130|
    |select_ln657_fu_1181_p3    |    select|   0|  0|   63|           1|          64|
    |select_ln658_fu_1082_p3    |    select|   0|  0|   62|           1|           1|
    |tmp_14_fu_1110_p3          |    select|   0|  0|   52|           1|          52|
    |ush_2_fu_487_p3            |    select|   0|  0|   12|           1|          12|
    |ush_fu_381_p3              |    select|   0|  0|   12|           1|          12|
    |r_V_1_fu_411_p2            |       shl|   0|  0|  435|         131|         131|
    |r_V_2_fu_433_p2            |       shl|   0|  0|  431|         130|         130|
    |r_V_5_fu_469_p2            |       shl|   0|  0|  435|         131|         131|
    |r_V_6_fu_503_p2            |       shl|   0|  0|  435|         131|         131|
    |ap_enable_pp0              |       xor|   0|  0|    2|           1|           2|
    |xor_ln1023_fu_591_p2       |       xor|   0|  0|    2|           1|           2|
    |xor_ln407_fu_1142_p2       |       xor|   0|  0|    2|           1|           2|
    |xor_ln460_fu_1147_p2       |       xor|   0|  0|    2|           1|           2|
    |xor_ln467_fu_1157_p2       |       xor|   0|  0|    2|           2|           1|
    |xor_ln657_fu_1189_p2       |       xor|   0|  0|    2|           1|           2|
    |xor_ln970_fu_760_p2        |       xor|   0|  0|    2|           1|           2|
    +---------------------------+----------+----+---+-----+------------+------------+
    |Total                      |          |   0|  0| 5054|        1889|        2758|
    +---------------------------+----------+----+---+-----+------------+------------+

    * Multiplexer: 
    N/A

    * Register: 
    +--------------------------------------+-----+----+-----+-----------+
    |                 Name                 |  FF | LUT| Bits| Const Bits|
    +--------------------------------------+-----+----+-----+-----------+
    |Z2_V_reg_1342                         |    8|   0|    8|          0|
    |Z3_V_reg_1348                         |    8|   0|    8|          0|
    |Z4_reg_1353                           |   35|   0|   35|          0|
    |ap_CS_fsm                             |    1|   0|    1|          0|
    |ap_enable_reg_pp0_iter1               |    1|   0|    1|          0|
    |ap_enable_reg_pp0_iter2               |    1|   0|    1|          0|
    |ap_enable_reg_pp0_iter3               |    1|   0|    1|          0|
    |ap_enable_reg_pp0_iter4               |    1|   0|    1|          0|
    |icmp_ln1019_1_reg_1277                |    1|   0|    1|          0|
    |icmp_ln1019_1_reg_1277_pp0_iter1_reg  |    1|   0|    1|          0|
    |icmp_ln1019_reg_1271                  |    1|   0|    1|          0|
    |icmp_ln1019_reg_1271_pp0_iter1_reg    |    1|   0|    1|          0|
    |icmp_ln1654_reg_1308                  |    1|   0|    1|          0|
    |icmp_ln657_reg_1303                   |    1|   0|    1|          0|
    |m_frac_l_V_reg_1283                   |  120|   0|  120|          0|
    |or_ln407_reg_1320                     |    1|   0|    1|          0|
    |or_ln407_reg_1320_pp0_iter3_reg       |    1|   0|    1|          0|
    |p_Result_6_reg_1258                   |    1|   0|    1|          0|
    |p_Result_9_reg_1288                   |    1|   0|    1|          0|
    |p_Result_9_reg_1288_pp0_iter1_reg     |    1|   0|    1|          0|
    |ret_V_8_reg_1331                      |   13|   0|   13|          0|
    |trunc_ln2_reg_1298                    |   59|   0|   59|          0|
    |y_is_0_reg_1265                       |    1|   0|    1|          0|
    |y_is_inf_reg_1313                     |    1|   0|    1|          0|
    |y_is_inf_reg_1313_pp0_iter3_reg       |    1|   0|    1|          0|
    |icmp_ln1654_reg_1308                  |   64|  32|    1|          0|
    |icmp_ln657_reg_1303                   |   64|  32|    1|          0|
    |m_frac_l_V_reg_1283                   |   64|  32|  120|          0|
    |p_Result_6_reg_1258                   |   64|  32|    1|          0|
    |trunc_ln2_reg_1298                    |   64|  32|   59|          0|
    |y_is_0_reg_1265                       |   64|  32|    1|          0|
    +--------------------------------------+-----+----+-----+-----------+
    |Total                                 |  646| 192|  445|          0|
    +--------------------------------------+-----+----+-----+-----------+



================================================================
== Interface
================================================================
* Summary: 
+-----------+-----+-----+------------+---------------------+--------------+
| RTL Ports | Dir | Bits|  Protocol  |    Source Object    |    C Type    |
+-----------+-----+-----+------------+---------------------+--------------+
|ap_clk     |   in|    1|  ap_ctrl_hs|  pow_generic<double>|  return value|
|ap_rst     |   in|    1|  ap_ctrl_hs|  pow_generic<double>|  return value|
|ap_start   |   in|    1|  ap_ctrl_hs|  pow_generic<double>|  return value|
|ap_done    |  out|    1|  ap_ctrl_hs|  pow_generic<double>|  return value|
|ap_idle    |  out|    1|  ap_ctrl_hs|  pow_generic<double>|  return value|
|ap_ready   |  out|    1|  ap_ctrl_hs|  pow_generic<double>|  return value|
|ap_ce      |   in|    1|  ap_ctrl_hs|  pow_generic<double>|  return value|
|ap_return  |  out|   64|  ap_ctrl_hs|  pow_generic<double>|  return value|
|exp        |   in|   64|     ap_none|                  exp|        scalar|
+-----------+-----+-----+------------+---------------------+--------------+

