

================================================================
== Vitis HLS Report for 'kernel_stage1'
================================================================
* Date:           Sun Oct  1 21:08:35 2023

* Version:        2022.1 (Build 3526262 on Mon Apr 18 15:47:01 MDT 2022)
* Project:        proj_kernel_stage1
* Solution:       solution1 (Vivado IP Flow Target)
* Product family: virtexuplus
* Target device:  xcu250-figd2104-2L-e


================================================================
== Performance Estimates
================================================================
+ Timing: 
    * Summary: 
    +--------+----------+-----------+------------+
    |  Clock |  Target  | Estimated | Uncertainty|
    +--------+----------+-----------+------------+
    |ap_clk  |  50.00 ns|  36.500 ns|    13.50 ns|
    +--------+----------+-----------+------------+

+ Latency: 
    * Summary: 
    +---------+---------+----------+----------+-----+-----+---------+
    |  Latency (cycles) |  Latency (absolute) |  Interval | Pipeline|
    |   min   |   max   |    min   |    max   | min | max |   Type  |
    +---------+---------+----------+----------+-----+-----+---------+
    |        ?|        ?|         ?|         ?|    ?|    ?|       no|
    +---------+---------+----------+----------+-----+-----+---------+

    + Detail: 
        * Instance: 
        +---------------------------------------+----------------------------+---------+---------+-----------+-----------+--------+---------+---------+
        |                                       |                            |  Latency (cycles) |   Latency (absolute)  |     Interval     | Pipeline|
        |                Instance               |           Module           |   min   |   max   |    min    |    max    |   min  |   max   |   Type  |
        +---------------------------------------+----------------------------+---------+---------+-----------+-----------+--------+---------+---------+
        |grp_BatchNorm_1_2_3_4_5_19_1_fu_474    |BatchNorm_1_2_3_4_5_19_1    |     4705|    15681|   0.235 ms|   0.784 ms|    4705|    15681|       no|
        |grp_Pointwise_conv_6_7_18_22_1_fu_506  |Pointwise_conv_6_7_18_22_1  |   166212|  1034884|   8.311 ms|  51.744 ms|  166212|  1034884|       no|
        |grp_ConvNormAct_fu_534                 |ConvNormAct                 |        ?|        ?|          ?|          ?|       ?|        ?|       no|
        |grp_Pointwise_conv_6_27_31_1_fu_582    |Pointwise_conv_6_27_31_1    |    73697|    86241|   3.685 ms|   4.312 ms|   73697|    86241|       no|
        |grp_Compute_skip_30_32_34_1_fu_599     |Compute_skip_30_32_34_1     |     1585|     3153|  79.250 us|   0.158 ms|    1585|     3153|       no|
        +---------------------------------------+----------------------------+---------+---------+-----------+-----------+--------+---------+---------+

        * Loop: 
        N/A



================================================================
== Utilization Estimates
================================================================
* Summary: 
+---------------------+---------+-------+---------+---------+------+
|         Name        | BRAM_18K|  DSP  |    FF   |   LUT   | URAM |
+---------------------+---------+-------+---------+---------+------+
|DSP                  |        -|      -|        -|        -|     -|
|Expression           |        -|      -|        -|        -|     -|
|FIFO                 |        -|      -|        -|        -|     -|
|Instance             |        0|     63|    14741|    25735|     0|
|Memory               |        -|      -|        -|        -|     -|
|Multiplexer          |        -|      -|        -|     3364|     -|
|Register             |        -|      -|     2521|        -|     -|
+---------------------+---------+-------+---------+---------+------+
|Total                |        0|     63|    17262|    29099|     0|
+---------------------+---------+-------+---------+---------+------+
|Available SLR        |     1344|   3072|   864000|   432000|   320|
+---------------------+---------+-------+---------+---------+------+
|Utilization SLR (%)  |        0|      2|        1|        6|     0|
+---------------------+---------+-------+---------+---------+------+
|Available            |     5376|  12288|  3456000|  1728000|  1280|
+---------------------+---------+-------+---------+---------+------+
|Utilization (%)      |        0|     ~0|       ~0|        1|     0|
+---------------------+---------+-------+---------+---------+------+

+ Detail: 
    * Instance: 
    +---------------------------------------+----------------------------+---------+----+------+------+-----+
    |                Instance               |           Module           | BRAM_18K| DSP|  FF  |  LUT | URAM|
    +---------------------------------------+----------------------------+---------+----+------+------+-----+
    |grp_BatchNorm_1_2_3_4_5_19_1_fu_474    |BatchNorm_1_2_3_4_5_19_1    |        0|  16|  1988|  3699|    0|
    |grp_Compute_skip_30_32_34_1_fu_599     |Compute_skip_30_32_34_1     |        0|   2|   447|  1236|    0|
    |grp_ConvNormAct_fu_534                 |ConvNormAct                 |        0|  29|  4151|  7190|    0|
    |grp_Pointwise_conv_6_27_31_1_fu_582    |Pointwise_conv_6_27_31_1    |        0|   6|   558|  1306|    0|
    |grp_Pointwise_conv_6_7_18_22_1_fu_506  |Pointwise_conv_6_7_18_22_1  |        0|  10|  1017|  1682|    0|
    |control_s_axi_U                        |control_s_axi               |        0|   0|  2760|  5032|    0|
    |gmem0_m_axi_U                          |gmem0_m_axi                 |        0|   0|   764|  1118|    0|
    |gmem1_m_axi_U                          |gmem1_m_axi                 |        0|   0|   764|  1118|    0|
    |gmem2_m_axi_U                          |gmem2_m_axi                 |        0|   0|   764|  1118|    0|
    |gmem3_m_axi_U                          |gmem3_m_axi                 |        0|   0|   764|  1118|    0|
    |gmem_m_axi_U                           |gmem_m_axi                  |        0|   0|   764|  1118|    0|
    +---------------------------------------+----------------------------+---------+----+------+------+-----+
    |Total                                  |                            |        0|  63| 14741| 25735|    0|
    +---------------------------------------+----------------------------+---------+----+------+------+-----+

    * DSP: 
    N/A

    * Memory: 
    N/A

    * FIFO: 
    N/A

    * Expression: 
    N/A

    * Multiplexer: 
    +------------------------------------------------------------+-----+-----------+-----+-----------+
    |                            Name                            | LUT | Input Size| Bits| Total Bits|
    +------------------------------------------------------------+-----+-----------+-----+-----------+
    |ap_NS_fsm                                                   |  102|         21|    1|         21|
    |gmem0_ARADDR                                                |   31|          6|   64|        384|
    |gmem0_ARLEN                                                 |   31|          6|   32|        192|
    |gmem0_ARVALID                                               |   31|          6|    1|          6|
    |gmem0_AWADDR                                                |   20|          4|   64|        256|
    |gmem0_AWLEN                                                 |   20|          4|   32|        128|
    |gmem0_AWVALID                                               |   20|          4|    1|          4|
    |gmem0_BREADY                                                |   20|          4|    1|          4|
    |gmem0_RREADY                                                |   31|          6|    1|          6|
    |gmem0_WDATA                                                 |   20|          4|   32|        128|
    |gmem0_WSTRB                                                 |   20|          4|    4|         16|
    |gmem0_WVALID                                                |   20|          4|    1|          4|
    |gmem1_ARADDR                                                |   43|          8|   64|        512|
    |gmem1_ARLEN                                                 |   43|          8|   32|        256|
    |gmem1_ARVALID                                               |   43|          8|    1|          8|
    |gmem1_AWADDR                                                |   26|          5|   64|        320|
    |gmem1_AWLEN                                                 |   26|          5|   32|        160|
    |gmem1_AWVALID                                               |   26|          5|    1|          5|
    |gmem1_BREADY                                                |   26|          5|    1|          5|
    |gmem1_RREADY                                                |   43|          8|    1|          8|
    |gmem1_WDATA                                                 |   26|          5|   32|        160|
    |gmem1_WSTRB                                                 |   26|          5|    4|         20|
    |gmem1_WVALID                                                |   26|          5|    1|          5|
    |gmem2_ARADDR                                                |   26|          5|   64|        320|
    |gmem2_ARLEN                                                 |   26|          5|   32|        160|
    |gmem2_ARVALID                                               |   26|          5|    1|          5|
    |gmem2_AWADDR                                                |   26|          5|   64|        320|
    |gmem2_AWLEN                                                 |   26|          5|   32|        160|
    |gmem2_AWVALID                                               |   26|          5|    1|          5|
    |gmem2_BREADY                                                |   26|          5|    1|          5|
    |gmem2_RREADY                                                |   26|          5|    1|          5|
    |gmem2_WDATA                                                 |   26|          5|   32|        160|
    |gmem2_WSTRB                                                 |   26|          5|    4|         20|
    |gmem2_WVALID                                                |   26|          5|    1|          5|
    |gmem3_ARADDR                                                |   14|          3|   64|        192|
    |gmem3_ARLEN                                                 |   14|          3|   32|         96|
    |gmem3_ARVALID                                               |   14|          3|    1|          3|
    |gmem3_AWADDR                                                |   20|          4|   64|        256|
    |gmem3_AWLEN                                                 |   20|          4|   32|        128|
    |gmem3_AWVALID                                               |   20|          4|    1|          4|
    |gmem3_BREADY                                                |   20|          4|    1|          4|
    |gmem3_RREADY                                                |   14|          3|    1|          3|
    |gmem3_WDATA                                                 |   20|          4|   32|        128|
    |gmem3_WSTRB                                                 |   20|          4|    4|         16|
    |gmem3_WVALID                                                |   20|          4|    1|          4|
    |gmem_ARADDR                                                 |   26|          5|   64|        320|
    |gmem_ARLEN                                                  |   26|          5|   32|        160|
    |gmem_ARVALID                                                |   26|          5|    1|          5|
    |gmem_RREADY                                                 |   26|          5|    1|          5|
    |grp_BatchNorm_1_2_3_4_5_19_1_fu_474_X_data                  |   14|          3|   64|        192|
    |grp_BatchNorm_1_2_3_4_5_19_1_fu_474_Y_data                  |   14|          3|   64|        192|
    |grp_BatchNorm_1_2_3_4_5_19_1_fu_474_beta                    |   14|          3|   64|        192|
    |grp_BatchNorm_1_2_3_4_5_19_1_fu_474_gamma                   |   14|          3|   64|        192|
    |grp_BatchNorm_1_2_3_4_5_19_1_fu_474_m_axi_gmem1_AWREADY     |   14|          3|    1|          3|
    |grp_BatchNorm_1_2_3_4_5_19_1_fu_474_m_axi_gmem1_BID         |   14|          3|    1|          3|
    |grp_BatchNorm_1_2_3_4_5_19_1_fu_474_m_axi_gmem1_BRESP       |   14|          3|    2|          6|
    |grp_BatchNorm_1_2_3_4_5_19_1_fu_474_m_axi_gmem1_BUSER       |   14|          3|    1|          3|
    |grp_BatchNorm_1_2_3_4_5_19_1_fu_474_m_axi_gmem1_BVALID      |   14|          3|    1|          3|
    |grp_BatchNorm_1_2_3_4_5_19_1_fu_474_m_axi_gmem1_WREADY      |   14|          3|    1|          3|
    |grp_BatchNorm_1_2_3_4_5_19_1_fu_474_p_read1                 |   14|          3|    4|         12|
    |grp_BatchNorm_1_2_3_4_5_19_1_fu_474_p_read2                 |   14|          3|    5|         15|
    |grp_BatchNorm_1_2_3_4_5_19_1_fu_474_p_read3                 |   14|          3|    5|         15|
    |grp_BatchNorm_1_2_3_4_5_19_1_fu_474_running_mean            |   14|          3|   64|        192|
    |grp_BatchNorm_1_2_3_4_5_19_1_fu_474_running_var             |   14|          3|   64|        192|
    |grp_Compute_skip_30_32_34_1_fu_599_in1                      |   14|          3|   64|        192|
    |grp_Compute_skip_30_32_34_1_fu_599_in2                      |   14|          3|   64|        192|
    |grp_Compute_skip_30_32_34_1_fu_599_m_axi_gmem1_ARREADY      |   14|          3|    1|          3|
    |grp_Compute_skip_30_32_34_1_fu_599_m_axi_gmem1_RDATA        |   14|          3|   32|         96|
    |grp_Compute_skip_30_32_34_1_fu_599_m_axi_gmem1_RFIFONUM     |   14|          3|    9|         27|
    |grp_Compute_skip_30_32_34_1_fu_599_m_axi_gmem1_RID          |   14|          3|    1|          3|
    |grp_Compute_skip_30_32_34_1_fu_599_m_axi_gmem1_RLAST        |   14|          3|    1|          3|
    |grp_Compute_skip_30_32_34_1_fu_599_m_axi_gmem1_RRESP        |   14|          3|    2|          6|
    |grp_Compute_skip_30_32_34_1_fu_599_m_axi_gmem1_RUSER        |   14|          3|    1|          3|
    |grp_Compute_skip_30_32_34_1_fu_599_m_axi_gmem1_RVALID       |   14|          3|    1|          3|
    |grp_Compute_skip_30_32_34_1_fu_599_m_axi_gmem2_ARREADY      |   14|          3|    1|          3|
    |grp_Compute_skip_30_32_34_1_fu_599_m_axi_gmem2_RDATA        |   14|          3|   32|         96|
    |grp_Compute_skip_30_32_34_1_fu_599_m_axi_gmem2_RFIFONUM     |   14|          3|    9|         27|
    |grp_Compute_skip_30_32_34_1_fu_599_m_axi_gmem2_RID          |   14|          3|    1|          3|
    |grp_Compute_skip_30_32_34_1_fu_599_m_axi_gmem2_RLAST        |   14|          3|    1|          3|
    |grp_Compute_skip_30_32_34_1_fu_599_m_axi_gmem2_RRESP        |   14|          3|    2|          6|
    |grp_Compute_skip_30_32_34_1_fu_599_m_axi_gmem2_RUSER        |   14|          3|    1|          3|
    |grp_Compute_skip_30_32_34_1_fu_599_m_axi_gmem2_RVALID       |   14|          3|    1|          3|
    |grp_Compute_skip_30_32_34_1_fu_599_m_axi_gmem3_AWREADY      |   14|          3|    1|          3|
    |grp_Compute_skip_30_32_34_1_fu_599_m_axi_gmem3_BID          |   14|          3|    1|          3|
    |grp_Compute_skip_30_32_34_1_fu_599_m_axi_gmem3_BRESP        |   14|          3|    2|          6|
    |grp_Compute_skip_30_32_34_1_fu_599_m_axi_gmem3_BUSER        |   14|          3|    1|          3|
    |grp_Compute_skip_30_32_34_1_fu_599_m_axi_gmem3_BVALID       |   14|          3|    1|          3|
    |grp_Compute_skip_30_32_34_1_fu_599_m_axi_gmem3_WREADY       |   14|          3|    1|          3|
    |grp_Compute_skip_30_32_34_1_fu_599_out_r                    |   14|          3|   64|        192|
    |grp_Compute_skip_30_32_34_1_fu_599_p_read1                  |   14|          3|    5|         15|
    |grp_ConvNormAct_fu_534_act_out                              |   14|          3|   64|        192|
    |grp_ConvNormAct_fu_534_dw_in                                |   14|          3|   64|        192|
    |grp_ConvNormAct_fu_534_dw_kernel                            |   14|          3|   64|        192|
    |grp_ConvNormAct_fu_534_dw_out                               |   14|          3|   64|        192|
    |grp_ConvNormAct_fu_534_m_axi_gmem0_ARREADY                  |   14|          3|    1|          3|
    |grp_ConvNormAct_fu_534_m_axi_gmem0_AWREADY                  |   14|          3|    1|          3|
    |grp_ConvNormAct_fu_534_m_axi_gmem0_BID                      |   14|          3|    1|          3|
    |grp_ConvNormAct_fu_534_m_axi_gmem0_BRESP                    |   14|          3|    2|          6|
    |grp_ConvNormAct_fu_534_m_axi_gmem0_BUSER                    |   14|          3|    1|          3|
    |grp_ConvNormAct_fu_534_m_axi_gmem0_BVALID                   |   14|          3|    1|          3|
    |grp_ConvNormAct_fu_534_m_axi_gmem0_RDATA                    |   14|          3|   32|         96|
    |grp_ConvNormAct_fu_534_m_axi_gmem0_RFIFONUM                 |   14|          3|    9|         27|
    |grp_ConvNormAct_fu_534_m_axi_gmem0_RID                      |   14|          3|    1|          3|
    |grp_ConvNormAct_fu_534_m_axi_gmem0_RLAST                    |   14|          3|    1|          3|
    |grp_ConvNormAct_fu_534_m_axi_gmem0_RRESP                    |   14|          3|    2|          6|
    |grp_ConvNormAct_fu_534_m_axi_gmem0_RUSER                    |   14|          3|    1|          3|
    |grp_ConvNormAct_fu_534_m_axi_gmem0_RVALID                   |   14|          3|    1|          3|
    |grp_ConvNormAct_fu_534_m_axi_gmem0_WREADY                   |   14|          3|    1|          3|
    |grp_ConvNormAct_fu_534_m_axi_gmem1_ARREADY                  |   14|          3|    1|          3|
    |grp_ConvNormAct_fu_534_m_axi_gmem1_AWREADY                  |   14|          3|    1|          3|
    |grp_ConvNormAct_fu_534_m_axi_gmem1_BID                      |   14|          3|    1|          3|
    |grp_ConvNormAct_fu_534_m_axi_gmem1_BRESP                    |   14|          3|    2|          6|
    |grp_ConvNormAct_fu_534_m_axi_gmem1_BUSER                    |   14|          3|    1|          3|
    |grp_ConvNormAct_fu_534_m_axi_gmem1_BVALID                   |   14|          3|    1|          3|
    |grp_ConvNormAct_fu_534_m_axi_gmem1_RDATA                    |   14|          3|   32|         96|
    |grp_ConvNormAct_fu_534_m_axi_gmem1_RFIFONUM                 |   14|          3|    9|         27|
    |grp_ConvNormAct_fu_534_m_axi_gmem1_RID                      |   14|          3|    1|          3|
    |grp_ConvNormAct_fu_534_m_axi_gmem1_RLAST                    |   14|          3|    1|          3|
    |grp_ConvNormAct_fu_534_m_axi_gmem1_RRESP                    |   14|          3|    2|          6|
    |grp_ConvNormAct_fu_534_m_axi_gmem1_RUSER                    |   14|          3|    1|          3|
    |grp_ConvNormAct_fu_534_m_axi_gmem1_RVALID                   |   14|          3|    1|          3|
    |grp_ConvNormAct_fu_534_m_axi_gmem1_WREADY                   |   14|          3|    1|          3|
    |grp_ConvNormAct_fu_534_m_axi_gmem2_ARREADY                  |   14|          3|    1|          3|
    |grp_ConvNormAct_fu_534_m_axi_gmem2_RDATA                    |   14|          3|   32|         96|
    |grp_ConvNormAct_fu_534_m_axi_gmem2_RFIFONUM                 |   14|          3|    9|         27|
    |grp_ConvNormAct_fu_534_m_axi_gmem2_RID                      |   14|          3|    1|          3|
    |grp_ConvNormAct_fu_534_m_axi_gmem2_RLAST                    |   14|          3|    1|          3|
    |grp_ConvNormAct_fu_534_m_axi_gmem2_RRESP                    |   14|          3|    2|          6|
    |grp_ConvNormAct_fu_534_m_axi_gmem2_RUSER                    |   14|          3|    1|          3|
    |grp_ConvNormAct_fu_534_m_axi_gmem2_RVALID                   |   14|          3|    1|          3|
    |grp_ConvNormAct_fu_534_m_axi_gmem3_AWREADY                  |   14|          3|    1|          3|
    |grp_ConvNormAct_fu_534_m_axi_gmem3_BID                      |   14|          3|    1|          3|
    |grp_ConvNormAct_fu_534_m_axi_gmem3_BRESP                    |   14|          3|    2|          6|
    |grp_ConvNormAct_fu_534_m_axi_gmem3_BUSER                    |   14|          3|    1|          3|
    |grp_ConvNormAct_fu_534_m_axi_gmem3_BVALID                   |   14|          3|    1|          3|
    |grp_ConvNormAct_fu_534_m_axi_gmem3_WREADY                   |   14|          3|    1|          3|
    |grp_ConvNormAct_fu_534_norm_beta                            |   14|          3|   64|        192|
    |grp_ConvNormAct_fu_534_norm_gamma                           |   14|          3|   64|        192|
    |grp_ConvNormAct_fu_534_norm_mean                            |   14|          3|   64|        192|
    |grp_ConvNormAct_fu_534_norm_out                             |   14|          3|   64|        192|
    |grp_ConvNormAct_fu_534_norm_var                             |   14|          3|   64|        192|
    |grp_ConvNormAct_fu_534_p_read1                              |   14|          3|    5|         15|
    |grp_ConvNormAct_fu_534_p_read10                             |   14|          3|    5|         15|
    |grp_ConvNormAct_fu_534_p_read113                            |   14|          3|    5|         15|
    |grp_ConvNormAct_fu_534_p_read2                              |   14|          3|    5|         15|
    |grp_ConvNormAct_fu_534_p_read3                              |   14|          3|    5|         15|
    |grp_ConvNormAct_fu_534_p_read4                              |   14|          3|    5|         15|
    |grp_ConvNormAct_fu_534_p_read8                              |   14|          3|    2|          6|
    |grp_Pointwise_conv_6_27_31_1_fu_582_buffer_DataIn_1         |   14|          3|   64|        192|
    |grp_Pointwise_conv_6_27_31_1_fu_582_buffer_kernel           |   14|          3|   64|        192|
    |grp_Pointwise_conv_6_27_31_1_fu_582_channel_in              |   14|          3|    5|         15|
    |grp_Pointwise_conv_6_27_31_1_fu_582_m_axi_gmem0_ARREADY     |   14|          3|    1|          3|
    |grp_Pointwise_conv_6_27_31_1_fu_582_m_axi_gmem0_AWREADY     |   14|          3|    1|          3|
    |grp_Pointwise_conv_6_27_31_1_fu_582_m_axi_gmem0_BID         |   14|          3|    1|          3|
    |grp_Pointwise_conv_6_27_31_1_fu_582_m_axi_gmem0_BRESP       |   14|          3|    2|          6|
    |grp_Pointwise_conv_6_27_31_1_fu_582_m_axi_gmem0_BUSER       |   14|          3|    1|          3|
    |grp_Pointwise_conv_6_27_31_1_fu_582_m_axi_gmem0_BVALID      |   14|          3|    1|          3|
    |grp_Pointwise_conv_6_27_31_1_fu_582_m_axi_gmem0_RDATA       |   14|          3|   32|         96|
    |grp_Pointwise_conv_6_27_31_1_fu_582_m_axi_gmem0_RFIFONUM    |   14|          3|    9|         27|
    |grp_Pointwise_conv_6_27_31_1_fu_582_m_axi_gmem0_RID         |   14|          3|    1|          3|
    |grp_Pointwise_conv_6_27_31_1_fu_582_m_axi_gmem0_RLAST       |   14|          3|    1|          3|
    |grp_Pointwise_conv_6_27_31_1_fu_582_m_axi_gmem0_RRESP       |   14|          3|    2|          6|
    |grp_Pointwise_conv_6_27_31_1_fu_582_m_axi_gmem0_RUSER       |   14|          3|    1|          3|
    |grp_Pointwise_conv_6_27_31_1_fu_582_m_axi_gmem0_RVALID      |   14|          3|    1|          3|
    |grp_Pointwise_conv_6_27_31_1_fu_582_m_axi_gmem0_WREADY      |   14|          3|    1|          3|
    |grp_Pointwise_conv_6_27_31_1_fu_582_out_r                   |   14|          3|   64|        192|
    |grp_Pointwise_conv_6_7_18_22_1_fu_506_buffer_DataIn_1       |   14|          3|   64|        192|
    |grp_Pointwise_conv_6_7_18_22_1_fu_506_buffer_bias           |   14|          3|   64|        192|
    |grp_Pointwise_conv_6_7_18_22_1_fu_506_buffer_kernel         |   14|          3|   64|        192|
    |grp_Pointwise_conv_6_7_18_22_1_fu_506_channel_in            |   14|          3|    4|         12|
    |grp_Pointwise_conv_6_7_18_22_1_fu_506_channel_out           |   14|          3|    5|         15|
    |grp_Pointwise_conv_6_7_18_22_1_fu_506_height_in             |   14|          3|    5|         15|
    |grp_Pointwise_conv_6_7_18_22_1_fu_506_m_axi_gmem1_ARREADY   |   14|          3|    1|          3|
    |grp_Pointwise_conv_6_7_18_22_1_fu_506_m_axi_gmem1_RDATA     |   14|          3|   32|         96|
    |grp_Pointwise_conv_6_7_18_22_1_fu_506_m_axi_gmem1_RFIFONUM  |   14|          3|    9|         27|
    |grp_Pointwise_conv_6_7_18_22_1_fu_506_m_axi_gmem1_RID       |   14|          3|    1|          3|
    |grp_Pointwise_conv_6_7_18_22_1_fu_506_m_axi_gmem1_RLAST     |   14|          3|    1|          3|
    |grp_Pointwise_conv_6_7_18_22_1_fu_506_m_axi_gmem1_RRESP     |   14|          3|    2|          6|
    |grp_Pointwise_conv_6_7_18_22_1_fu_506_m_axi_gmem1_RUSER     |   14|          3|    1|          3|
    |grp_Pointwise_conv_6_7_18_22_1_fu_506_m_axi_gmem1_RVALID    |   14|          3|    1|          3|
    |grp_Pointwise_conv_6_7_18_22_1_fu_506_m_axi_gmem2_ARREADY   |   14|          3|    1|          3|
    |grp_Pointwise_conv_6_7_18_22_1_fu_506_m_axi_gmem2_AWREADY   |   14|          3|    1|          3|
    |grp_Pointwise_conv_6_7_18_22_1_fu_506_m_axi_gmem2_BID       |   14|          3|    1|          3|
    |grp_Pointwise_conv_6_7_18_22_1_fu_506_m_axi_gmem2_BRESP     |   14|          3|    2|          6|
    |grp_Pointwise_conv_6_7_18_22_1_fu_506_m_axi_gmem2_BUSER     |   14|          3|    1|          3|
    |grp_Pointwise_conv_6_7_18_22_1_fu_506_m_axi_gmem2_BVALID    |   14|          3|    1|          3|
    |grp_Pointwise_conv_6_7_18_22_1_fu_506_m_axi_gmem2_RDATA     |   14|          3|   32|         96|
    |grp_Pointwise_conv_6_7_18_22_1_fu_506_m_axi_gmem2_RFIFONUM  |   14|          3|    9|         27|
    |grp_Pointwise_conv_6_7_18_22_1_fu_506_m_axi_gmem2_RID       |   14|          3|    1|          3|
    |grp_Pointwise_conv_6_7_18_22_1_fu_506_m_axi_gmem2_RLAST     |   14|          3|    1|          3|
    |grp_Pointwise_conv_6_7_18_22_1_fu_506_m_axi_gmem2_RRESP     |   14|          3|    2|          6|
    |grp_Pointwise_conv_6_7_18_22_1_fu_506_m_axi_gmem2_RUSER     |   14|          3|    1|          3|
    |grp_Pointwise_conv_6_7_18_22_1_fu_506_m_axi_gmem2_RVALID    |   14|          3|    1|          3|
    |grp_Pointwise_conv_6_7_18_22_1_fu_506_m_axi_gmem2_WREADY    |   14|          3|    1|          3|
    |grp_Pointwise_conv_6_7_18_22_1_fu_506_out_r                 |   14|          3|   64|        192|
    |grp_Pointwise_conv_6_7_18_22_1_fu_506_width_in              |   14|          3|    5|         15|
    +------------------------------------------------------------+-----+-----------+-----+-----------+
    |Total                                                       | 3364|        696| 3139|      11421|
    +------------------------------------------------------------+-----+-----------+-----+-----------+

    * Register: 
    +----------------------------------------------------+----+----+-----+-----------+
    |                        Name                        | FF | LUT| Bits| Const Bits|
    +----------------------------------------------------+----+----+-----+-----------+
    |X_data_read_reg_819                                 |  64|   0|   64|          0|
    |Y_dw_act_1_read_reg_671                             |  64|   0|   64|          0|
    |Y_dw_act_2_read_reg_635                             |  64|   0|   64|          0|
    |Y_dw_conv_1_read_reg_682                            |  64|   0|   64|          0|
    |Y_dw_conv_2_read_reg_646                            |  64|   0|   64|          0|
    |Y_dw_norm_1_read_reg_677                            |  64|   0|   64|          0|
    |Y_dw_norm_2_read_reg_641                            |  64|   0|   64|          0|
    |Y_dw_skip_2_read_reg_623                            |  64|   0|   64|          0|
    |Y_norm_1_read_reg_693                               |  64|   0|   64|          0|
    |Y_norm_2_read_reg_658                               |  64|   0|   64|          0|
    |Y_proj_1_read_reg_664                               |  64|   0|   64|          0|
    |Y_proj_2_read_reg_629                               |  64|   0|   64|          0|
    |Y_skip_2_read_reg_618                               |  64|   0|   64|          0|
    |Y_v_conv_1_read_reg_687                             |  64|   0|   64|          0|
    |Y_v_conv_2_read_reg_651                             |  64|   0|   64|          0|
    |ap_CS_fsm                                           |  20|   0|   20|          0|
    |dw_conv_1_filter_read_reg_784                       |  64|   0|   64|          0|
    |dw_conv_2_filter_read_reg_724                       |  64|   0|   64|          0|
    |dw_norm_1_beta_read_reg_774                         |  64|   0|   64|          0|
    |dw_norm_1_gamma_read_reg_779                        |  64|   0|   64|          0|
    |dw_norm_1_mean_read_reg_769                         |  64|   0|   64|          0|
    |dw_norm_1_var_read_reg_764                          |  64|   0|   64|          0|
    |dw_norm_2_beta_read_reg_714                         |  64|   0|   64|          0|
    |dw_norm_2_gamma_read_reg_719                        |  64|   0|   64|          0|
    |dw_norm_2_mean_read_reg_709                         |  64|   0|   64|          0|
    |dw_norm_2_var_read_reg_704                          |  64|   0|   64|          0|
    |grp_BatchNorm_1_2_3_4_5_19_1_fu_474_ap_start_reg    |   1|   0|    1|          0|
    |grp_Compute_skip_30_32_34_1_fu_599_ap_start_reg     |   1|   0|    1|          0|
    |grp_ConvNormAct_fu_534_ap_start_reg                 |   1|   0|    1|          0|
    |grp_Pointwise_conv_6_27_31_1_fu_582_ap_start_reg    |   1|   0|    1|          0|
    |grp_Pointwise_conv_6_7_18_22_1_fu_506_ap_start_reg  |   1|   0|    1|          0|
    |norm_1_bias_read_reg_809                            |  64|   0|   64|          0|
    |norm_1_running_mean_read_reg_804                    |  64|   0|   64|          0|
    |norm_1_running_var_read_reg_799                     |  64|   0|   64|          0|
    |norm_1_weight_read_reg_814                          |  64|   0|   64|          0|
    |norm_2_bias_read_reg_749                            |  64|   0|   64|          0|
    |norm_2_running_mean_read_reg_744                    |  64|   0|   64|          0|
    |norm_2_running_var_read_reg_739                     |  64|   0|   64|          0|
    |norm_2_weight_read_reg_754                          |  64|   0|   64|          0|
    |proj_1_weight_read_reg_759                          |  64|   0|   64|          0|
    |proj_2_weight_read_reg_699                          |  64|   0|   64|          0|
    |v_conv_1_bias_read_reg_789                          |  64|   0|   64|          0|
    |v_conv_1_weight_read_reg_794                        |  64|   0|   64|          0|
    |v_conv_2_bias_read_reg_729                          |  64|   0|   64|          0|
    |v_conv_2_weight_read_reg_734                        |  64|   0|   64|          0|
    +----------------------------------------------------+----+----+-----+-----------+
    |Total                                               |2521|   0| 2521|          0|
    +----------------------------------------------------+----+----+-----+-----------+



================================================================
== Interface
================================================================
* Summary: 
+-----------------------+-----+-----+------------+---------------+--------------+
|       RTL Ports       | Dir | Bits|  Protocol  | Source Object |    C Type    |
+-----------------------+-----+-----+------------+---------------+--------------+
|s_axi_control_AWVALID  |   in|    1|       s_axi|        control|        scalar|
|s_axi_control_AWREADY  |  out|    1|       s_axi|        control|        scalar|
|s_axi_control_AWADDR   |   in|    9|       s_axi|        control|        scalar|
|s_axi_control_WVALID   |   in|    1|       s_axi|        control|        scalar|
|s_axi_control_WREADY   |  out|    1|       s_axi|        control|        scalar|
|s_axi_control_WDATA    |   in|   32|       s_axi|        control|        scalar|
|s_axi_control_WSTRB    |   in|    4|       s_axi|        control|        scalar|
|s_axi_control_ARVALID  |   in|    1|       s_axi|        control|        scalar|
|s_axi_control_ARREADY  |  out|    1|       s_axi|        control|        scalar|
|s_axi_control_ARADDR   |   in|    9|       s_axi|        control|        scalar|
|s_axi_control_RVALID   |  out|    1|       s_axi|        control|        scalar|
|s_axi_control_RREADY   |   in|    1|       s_axi|        control|        scalar|
|s_axi_control_RDATA    |  out|   32|       s_axi|        control|        scalar|
|s_axi_control_RRESP    |  out|    2|       s_axi|        control|        scalar|
|s_axi_control_BVALID   |  out|    1|       s_axi|        control|        scalar|
|s_axi_control_BREADY   |   in|    1|       s_axi|        control|        scalar|
|s_axi_control_BRESP    |  out|    2|       s_axi|        control|        scalar|
|ap_clk                 |   in|    1|  ap_ctrl_hs|  kernel_stage1|  return value|
|ap_rst_n               |   in|    1|  ap_ctrl_hs|  kernel_stage1|  return value|
|ap_start               |   in|    1|  ap_ctrl_hs|  kernel_stage1|  return value|
|ap_done                |  out|    1|  ap_ctrl_hs|  kernel_stage1|  return value|
|ap_idle                |  out|    1|  ap_ctrl_hs|  kernel_stage1|  return value|
|ap_ready               |  out|    1|  ap_ctrl_hs|  kernel_stage1|  return value|
|m_axi_gmem0_AWVALID    |  out|    1|       m_axi|          gmem0|       pointer|
|m_axi_gmem0_AWREADY    |   in|    1|       m_axi|          gmem0|       pointer|
|m_axi_gmem0_AWADDR     |  out|   64|       m_axi|          gmem0|       pointer|
|m_axi_gmem0_AWID       |  out|    1|       m_axi|          gmem0|       pointer|
|m_axi_gmem0_AWLEN      |  out|    8|       m_axi|          gmem0|       pointer|
|m_axi_gmem0_AWSIZE     |  out|    3|       m_axi|          gmem0|       pointer|
|m_axi_gmem0_AWBURST    |  out|    2|       m_axi|          gmem0|       pointer|
|m_axi_gmem0_AWLOCK     |  out|    2|       m_axi|          gmem0|       pointer|
|m_axi_gmem0_AWCACHE    |  out|    4|       m_axi|          gmem0|       pointer|
|m_axi_gmem0_AWPROT     |  out|    3|       m_axi|          gmem0|       pointer|
|m_axi_gmem0_AWQOS      |  out|    4|       m_axi|          gmem0|       pointer|
|m_axi_gmem0_AWREGION   |  out|    4|       m_axi|          gmem0|       pointer|
|m_axi_gmem0_AWUSER     |  out|    1|       m_axi|          gmem0|       pointer|
|m_axi_gmem0_WVALID     |  out|    1|       m_axi|          gmem0|       pointer|
|m_axi_gmem0_WREADY     |   in|    1|       m_axi|          gmem0|       pointer|
|m_axi_gmem0_WDATA      |  out|   32|       m_axi|          gmem0|       pointer|
|m_axi_gmem0_WSTRB      |  out|    4|       m_axi|          gmem0|       pointer|
|m_axi_gmem0_WLAST      |  out|    1|       m_axi|          gmem0|       pointer|
|m_axi_gmem0_WID        |  out|    1|       m_axi|          gmem0|       pointer|
|m_axi_gmem0_WUSER      |  out|    1|       m_axi|          gmem0|       pointer|
|m_axi_gmem0_ARVALID    |  out|    1|       m_axi|          gmem0|       pointer|
|m_axi_gmem0_ARREADY    |   in|    1|       m_axi|          gmem0|       pointer|
|m_axi_gmem0_ARADDR     |  out|   64|       m_axi|          gmem0|       pointer|
|m_axi_gmem0_ARID       |  out|    1|       m_axi|          gmem0|       pointer|
|m_axi_gmem0_ARLEN      |  out|    8|       m_axi|          gmem0|       pointer|
|m_axi_gmem0_ARSIZE     |  out|    3|       m_axi|          gmem0|       pointer|
|m_axi_gmem0_ARBURST    |  out|    2|       m_axi|          gmem0|       pointer|
|m_axi_gmem0_ARLOCK     |  out|    2|       m_axi|          gmem0|       pointer|
|m_axi_gmem0_ARCACHE    |  out|    4|       m_axi|          gmem0|       pointer|
|m_axi_gmem0_ARPROT     |  out|    3|       m_axi|          gmem0|       pointer|
|m_axi_gmem0_ARQOS      |  out|    4|       m_axi|          gmem0|       pointer|
|m_axi_gmem0_ARREGION   |  out|    4|       m_axi|          gmem0|       pointer|
|m_axi_gmem0_ARUSER     |  out|    1|       m_axi|          gmem0|       pointer|
|m_axi_gmem0_RVALID     |   in|    1|       m_axi|          gmem0|       pointer|
|m_axi_gmem0_RREADY     |  out|    1|       m_axi|          gmem0|       pointer|
|m_axi_gmem0_RDATA      |   in|   32|       m_axi|          gmem0|       pointer|
|m_axi_gmem0_RLAST      |   in|    1|       m_axi|          gmem0|       pointer|
|m_axi_gmem0_RID        |   in|    1|       m_axi|          gmem0|       pointer|
|m_axi_gmem0_RUSER      |   in|    1|       m_axi|          gmem0|       pointer|
|m_axi_gmem0_RRESP      |   in|    2|       m_axi|          gmem0|       pointer|
|m_axi_gmem0_BVALID     |   in|    1|       m_axi|          gmem0|       pointer|
|m_axi_gmem0_BREADY     |  out|    1|       m_axi|          gmem0|       pointer|
|m_axi_gmem0_BRESP      |   in|    2|       m_axi|          gmem0|       pointer|
|m_axi_gmem0_BID        |   in|    1|       m_axi|          gmem0|       pointer|
|m_axi_gmem0_BUSER      |   in|    1|       m_axi|          gmem0|       pointer|
|m_axi_gmem_AWVALID     |  out|    1|       m_axi|           gmem|       pointer|
|m_axi_gmem_AWREADY     |   in|    1|       m_axi|           gmem|       pointer|
|m_axi_gmem_AWADDR      |  out|   64|       m_axi|           gmem|       pointer|
|m_axi_gmem_AWID        |  out|    1|       m_axi|           gmem|       pointer|
|m_axi_gmem_AWLEN       |  out|    8|       m_axi|           gmem|       pointer|
|m_axi_gmem_AWSIZE      |  out|    3|       m_axi|           gmem|       pointer|
|m_axi_gmem_AWBURST     |  out|    2|       m_axi|           gmem|       pointer|
|m_axi_gmem_AWLOCK      |  out|    2|       m_axi|           gmem|       pointer|
|m_axi_gmem_AWCACHE     |  out|    4|       m_axi|           gmem|       pointer|
|m_axi_gmem_AWPROT      |  out|    3|       m_axi|           gmem|       pointer|
|m_axi_gmem_AWQOS       |  out|    4|       m_axi|           gmem|       pointer|
|m_axi_gmem_AWREGION    |  out|    4|       m_axi|           gmem|       pointer|
|m_axi_gmem_AWUSER      |  out|    1|       m_axi|           gmem|       pointer|
|m_axi_gmem_WVALID      |  out|    1|       m_axi|           gmem|       pointer|
|m_axi_gmem_WREADY      |   in|    1|       m_axi|           gmem|       pointer|
|m_axi_gmem_WDATA       |  out|   32|       m_axi|           gmem|       pointer|
|m_axi_gmem_WSTRB       |  out|    4|       m_axi|           gmem|       pointer|
|m_axi_gmem_WLAST       |  out|    1|       m_axi|           gmem|       pointer|
|m_axi_gmem_WID         |  out|    1|       m_axi|           gmem|       pointer|
|m_axi_gmem_WUSER       |  out|    1|       m_axi|           gmem|       pointer|
|m_axi_gmem_ARVALID     |  out|    1|       m_axi|           gmem|       pointer|
|m_axi_gmem_ARREADY     |   in|    1|       m_axi|           gmem|       pointer|
|m_axi_gmem_ARADDR      |  out|   64|       m_axi|           gmem|       pointer|
|m_axi_gmem_ARID        |  out|    1|       m_axi|           gmem|       pointer|
|m_axi_gmem_ARLEN       |  out|    8|       m_axi|           gmem|       pointer|
|m_axi_gmem_ARSIZE      |  out|    3|       m_axi|           gmem|       pointer|
|m_axi_gmem_ARBURST     |  out|    2|       m_axi|           gmem|       pointer|
|m_axi_gmem_ARLOCK      |  out|    2|       m_axi|           gmem|       pointer|
|m_axi_gmem_ARCACHE     |  out|    4|       m_axi|           gmem|       pointer|
|m_axi_gmem_ARPROT      |  out|    3|       m_axi|           gmem|       pointer|
|m_axi_gmem_ARQOS       |  out|    4|       m_axi|           gmem|       pointer|
|m_axi_gmem_ARREGION    |  out|    4|       m_axi|           gmem|       pointer|
|m_axi_gmem_ARUSER      |  out|    1|       m_axi|           gmem|       pointer|
|m_axi_gmem_RVALID      |   in|    1|       m_axi|           gmem|       pointer|
|m_axi_gmem_RREADY      |  out|    1|       m_axi|           gmem|       pointer|
|m_axi_gmem_RDATA       |   in|   32|       m_axi|           gmem|       pointer|
|m_axi_gmem_RLAST       |   in|    1|       m_axi|           gmem|       pointer|
|m_axi_gmem_RID         |   in|    1|       m_axi|           gmem|       pointer|
|m_axi_gmem_RUSER       |   in|    1|       m_axi|           gmem|       pointer|
|m_axi_gmem_RRESP       |   in|    2|       m_axi|           gmem|       pointer|
|m_axi_gmem_BVALID      |   in|    1|       m_axi|           gmem|       pointer|
|m_axi_gmem_BREADY      |  out|    1|       m_axi|           gmem|       pointer|
|m_axi_gmem_BRESP       |   in|    2|       m_axi|           gmem|       pointer|
|m_axi_gmem_BID         |   in|    1|       m_axi|           gmem|       pointer|
|m_axi_gmem_BUSER       |   in|    1|       m_axi|           gmem|       pointer|
|m_axi_gmem1_AWVALID    |  out|    1|       m_axi|          gmem1|       pointer|
|m_axi_gmem1_AWREADY    |   in|    1|       m_axi|          gmem1|       pointer|
|m_axi_gmem1_AWADDR     |  out|   64|       m_axi|          gmem1|       pointer|
|m_axi_gmem1_AWID       |  out|    1|       m_axi|          gmem1|       pointer|
|m_axi_gmem1_AWLEN      |  out|    8|       m_axi|          gmem1|       pointer|
|m_axi_gmem1_AWSIZE     |  out|    3|       m_axi|          gmem1|       pointer|
|m_axi_gmem1_AWBURST    |  out|    2|       m_axi|          gmem1|       pointer|
|m_axi_gmem1_AWLOCK     |  out|    2|       m_axi|          gmem1|       pointer|
|m_axi_gmem1_AWCACHE    |  out|    4|       m_axi|          gmem1|       pointer|
|m_axi_gmem1_AWPROT     |  out|    3|       m_axi|          gmem1|       pointer|
|m_axi_gmem1_AWQOS      |  out|    4|       m_axi|          gmem1|       pointer|
|m_axi_gmem1_AWREGION   |  out|    4|       m_axi|          gmem1|       pointer|
|m_axi_gmem1_AWUSER     |  out|    1|       m_axi|          gmem1|       pointer|
|m_axi_gmem1_WVALID     |  out|    1|       m_axi|          gmem1|       pointer|
|m_axi_gmem1_WREADY     |   in|    1|       m_axi|          gmem1|       pointer|
|m_axi_gmem1_WDATA      |  out|   32|       m_axi|          gmem1|       pointer|
|m_axi_gmem1_WSTRB      |  out|    4|       m_axi|          gmem1|       pointer|
|m_axi_gmem1_WLAST      |  out|    1|       m_axi|          gmem1|       pointer|
|m_axi_gmem1_WID        |  out|    1|       m_axi|          gmem1|       pointer|
|m_axi_gmem1_WUSER      |  out|    1|       m_axi|          gmem1|       pointer|
|m_axi_gmem1_ARVALID    |  out|    1|       m_axi|          gmem1|       pointer|
|m_axi_gmem1_ARREADY    |   in|    1|       m_axi|          gmem1|       pointer|
|m_axi_gmem1_ARADDR     |  out|   64|       m_axi|          gmem1|       pointer|
|m_axi_gmem1_ARID       |  out|    1|       m_axi|          gmem1|       pointer|
|m_axi_gmem1_ARLEN      |  out|    8|       m_axi|          gmem1|       pointer|
|m_axi_gmem1_ARSIZE     |  out|    3|       m_axi|          gmem1|       pointer|
|m_axi_gmem1_ARBURST    |  out|    2|       m_axi|          gmem1|       pointer|
|m_axi_gmem1_ARLOCK     |  out|    2|       m_axi|          gmem1|       pointer|
|m_axi_gmem1_ARCACHE    |  out|    4|       m_axi|          gmem1|       pointer|
|m_axi_gmem1_ARPROT     |  out|    3|       m_axi|          gmem1|       pointer|
|m_axi_gmem1_ARQOS      |  out|    4|       m_axi|          gmem1|       pointer|
|m_axi_gmem1_ARREGION   |  out|    4|       m_axi|          gmem1|       pointer|
|m_axi_gmem1_ARUSER     |  out|    1|       m_axi|          gmem1|       pointer|
|m_axi_gmem1_RVALID     |   in|    1|       m_axi|          gmem1|       pointer|
|m_axi_gmem1_RREADY     |  out|    1|       m_axi|          gmem1|       pointer|
|m_axi_gmem1_RDATA      |   in|   32|       m_axi|          gmem1|       pointer|
|m_axi_gmem1_RLAST      |   in|    1|       m_axi|          gmem1|       pointer|
|m_axi_gmem1_RID        |   in|    1|       m_axi|          gmem1|       pointer|
|m_axi_gmem1_RUSER      |   in|    1|       m_axi|          gmem1|       pointer|
|m_axi_gmem1_RRESP      |   in|    2|       m_axi|          gmem1|       pointer|
|m_axi_gmem1_BVALID     |   in|    1|       m_axi|          gmem1|       pointer|
|m_axi_gmem1_BREADY     |  out|    1|       m_axi|          gmem1|       pointer|
|m_axi_gmem1_BRESP      |   in|    2|       m_axi|          gmem1|       pointer|
|m_axi_gmem1_BID        |   in|    1|       m_axi|          gmem1|       pointer|
|m_axi_gmem1_BUSER      |   in|    1|       m_axi|          gmem1|       pointer|
|m_axi_gmem2_AWVALID    |  out|    1|       m_axi|          gmem2|       pointer|
|m_axi_gmem2_AWREADY    |   in|    1|       m_axi|          gmem2|       pointer|
|m_axi_gmem2_AWADDR     |  out|   64|       m_axi|          gmem2|       pointer|
|m_axi_gmem2_AWID       |  out|    1|       m_axi|          gmem2|       pointer|
|m_axi_gmem2_AWLEN      |  out|    8|       m_axi|          gmem2|       pointer|
|m_axi_gmem2_AWSIZE     |  out|    3|       m_axi|          gmem2|       pointer|
|m_axi_gmem2_AWBURST    |  out|    2|       m_axi|          gmem2|       pointer|
|m_axi_gmem2_AWLOCK     |  out|    2|       m_axi|          gmem2|       pointer|
|m_axi_gmem2_AWCACHE    |  out|    4|       m_axi|          gmem2|       pointer|
|m_axi_gmem2_AWPROT     |  out|    3|       m_axi|          gmem2|       pointer|
|m_axi_gmem2_AWQOS      |  out|    4|       m_axi|          gmem2|       pointer|
|m_axi_gmem2_AWREGION   |  out|    4|       m_axi|          gmem2|       pointer|
|m_axi_gmem2_AWUSER     |  out|    1|       m_axi|          gmem2|       pointer|
|m_axi_gmem2_WVALID     |  out|    1|       m_axi|          gmem2|       pointer|
|m_axi_gmem2_WREADY     |   in|    1|       m_axi|          gmem2|       pointer|
|m_axi_gmem2_WDATA      |  out|   32|       m_axi|          gmem2|       pointer|
|m_axi_gmem2_WSTRB      |  out|    4|       m_axi|          gmem2|       pointer|
|m_axi_gmem2_WLAST      |  out|    1|       m_axi|          gmem2|       pointer|
|m_axi_gmem2_WID        |  out|    1|       m_axi|          gmem2|       pointer|
|m_axi_gmem2_WUSER      |  out|    1|       m_axi|          gmem2|       pointer|
|m_axi_gmem2_ARVALID    |  out|    1|       m_axi|          gmem2|       pointer|
|m_axi_gmem2_ARREADY    |   in|    1|       m_axi|          gmem2|       pointer|
|m_axi_gmem2_ARADDR     |  out|   64|       m_axi|          gmem2|       pointer|
|m_axi_gmem2_ARID       |  out|    1|       m_axi|          gmem2|       pointer|
|m_axi_gmem2_ARLEN      |  out|    8|       m_axi|          gmem2|       pointer|
|m_axi_gmem2_ARSIZE     |  out|    3|       m_axi|          gmem2|       pointer|
|m_axi_gmem2_ARBURST    |  out|    2|       m_axi|          gmem2|       pointer|
|m_axi_gmem2_ARLOCK     |  out|    2|       m_axi|          gmem2|       pointer|
|m_axi_gmem2_ARCACHE    |  out|    4|       m_axi|          gmem2|       pointer|
|m_axi_gmem2_ARPROT     |  out|    3|       m_axi|          gmem2|       pointer|
|m_axi_gmem2_ARQOS      |  out|    4|       m_axi|          gmem2|       pointer|
|m_axi_gmem2_ARREGION   |  out|    4|       m_axi|          gmem2|       pointer|
|m_axi_gmem2_ARUSER     |  out|    1|       m_axi|          gmem2|       pointer|
|m_axi_gmem2_RVALID     |   in|    1|       m_axi|          gmem2|       pointer|
|m_axi_gmem2_RREADY     |  out|    1|       m_axi|          gmem2|       pointer|
|m_axi_gmem2_RDATA      |   in|   32|       m_axi|          gmem2|       pointer|
|m_axi_gmem2_RLAST      |   in|    1|       m_axi|          gmem2|       pointer|
|m_axi_gmem2_RID        |   in|    1|       m_axi|          gmem2|       pointer|
|m_axi_gmem2_RUSER      |   in|    1|       m_axi|          gmem2|       pointer|
|m_axi_gmem2_RRESP      |   in|    2|       m_axi|          gmem2|       pointer|
|m_axi_gmem2_BVALID     |   in|    1|       m_axi|          gmem2|       pointer|
|m_axi_gmem2_BREADY     |  out|    1|       m_axi|          gmem2|       pointer|
|m_axi_gmem2_BRESP      |   in|    2|       m_axi|          gmem2|       pointer|
|m_axi_gmem2_BID        |   in|    1|       m_axi|          gmem2|       pointer|
|m_axi_gmem2_BUSER      |   in|    1|       m_axi|          gmem2|       pointer|
|m_axi_gmem3_AWVALID    |  out|    1|       m_axi|          gmem3|       pointer|
|m_axi_gmem3_AWREADY    |   in|    1|       m_axi|          gmem3|       pointer|
|m_axi_gmem3_AWADDR     |  out|   64|       m_axi|          gmem3|       pointer|
|m_axi_gmem3_AWID       |  out|    1|       m_axi|          gmem3|       pointer|
|m_axi_gmem3_AWLEN      |  out|    8|       m_axi|          gmem3|       pointer|
|m_axi_gmem3_AWSIZE     |  out|    3|       m_axi|          gmem3|       pointer|
|m_axi_gmem3_AWBURST    |  out|    2|       m_axi|          gmem3|       pointer|
|m_axi_gmem3_AWLOCK     |  out|    2|       m_axi|          gmem3|       pointer|
|m_axi_gmem3_AWCACHE    |  out|    4|       m_axi|          gmem3|       pointer|
|m_axi_gmem3_AWPROT     |  out|    3|       m_axi|          gmem3|       pointer|
|m_axi_gmem3_AWQOS      |  out|    4|       m_axi|          gmem3|       pointer|
|m_axi_gmem3_AWREGION   |  out|    4|       m_axi|          gmem3|       pointer|
|m_axi_gmem3_AWUSER     |  out|    1|       m_axi|          gmem3|       pointer|
|m_axi_gmem3_WVALID     |  out|    1|       m_axi|          gmem3|       pointer|
|m_axi_gmem3_WREADY     |   in|    1|       m_axi|          gmem3|       pointer|
|m_axi_gmem3_WDATA      |  out|   32|       m_axi|          gmem3|       pointer|
|m_axi_gmem3_WSTRB      |  out|    4|       m_axi|          gmem3|       pointer|
|m_axi_gmem3_WLAST      |  out|    1|       m_axi|          gmem3|       pointer|
|m_axi_gmem3_WID        |  out|    1|       m_axi|          gmem3|       pointer|
|m_axi_gmem3_WUSER      |  out|    1|       m_axi|          gmem3|       pointer|
|m_axi_gmem3_ARVALID    |  out|    1|       m_axi|          gmem3|       pointer|
|m_axi_gmem3_ARREADY    |   in|    1|       m_axi|          gmem3|       pointer|
|m_axi_gmem3_ARADDR     |  out|   64|       m_axi|          gmem3|       pointer|
|m_axi_gmem3_ARID       |  out|    1|       m_axi|          gmem3|       pointer|
|m_axi_gmem3_ARLEN      |  out|    8|       m_axi|          gmem3|       pointer|
|m_axi_gmem3_ARSIZE     |  out|    3|       m_axi|          gmem3|       pointer|
|m_axi_gmem3_ARBURST    |  out|    2|       m_axi|          gmem3|       pointer|
|m_axi_gmem3_ARLOCK     |  out|    2|       m_axi|          gmem3|       pointer|
|m_axi_gmem3_ARCACHE    |  out|    4|       m_axi|          gmem3|       pointer|
|m_axi_gmem3_ARPROT     |  out|    3|       m_axi|          gmem3|       pointer|
|m_axi_gmem3_ARQOS      |  out|    4|       m_axi|          gmem3|       pointer|
|m_axi_gmem3_ARREGION   |  out|    4|       m_axi|          gmem3|       pointer|
|m_axi_gmem3_ARUSER     |  out|    1|       m_axi|          gmem3|       pointer|
|m_axi_gmem3_RVALID     |   in|    1|       m_axi|          gmem3|       pointer|
|m_axi_gmem3_RREADY     |  out|    1|       m_axi|          gmem3|       pointer|
|m_axi_gmem3_RDATA      |   in|   32|       m_axi|          gmem3|       pointer|
|m_axi_gmem3_RLAST      |   in|    1|       m_axi|          gmem3|       pointer|
|m_axi_gmem3_RID        |   in|    1|       m_axi|          gmem3|       pointer|
|m_axi_gmem3_RUSER      |   in|    1|       m_axi|          gmem3|       pointer|
|m_axi_gmem3_RRESP      |   in|    2|       m_axi|          gmem3|       pointer|
|m_axi_gmem3_BVALID     |   in|    1|       m_axi|          gmem3|       pointer|
|m_axi_gmem3_BREADY     |  out|    1|       m_axi|          gmem3|       pointer|
|m_axi_gmem3_BRESP      |   in|    2|       m_axi|          gmem3|       pointer|
|m_axi_gmem3_BID        |   in|    1|       m_axi|          gmem3|       pointer|
|m_axi_gmem3_BUSER      |   in|    1|       m_axi|          gmem3|       pointer|
+-----------------------+-----+-----+------------+---------------+--------------+

