

================================================================
== Vitis HLS Report for 'BatchNorm_4_5_6_7_11_13_1_Pipeline_VITIS_LOOP_16_4'
================================================================
* Date:           Mon Oct 16 16:29:26 2023

* Version:        2022.1 (Build 3526262 on Mon Apr 18 15:47:01 MDT 2022)
* Project:        proj_stage0_kernel
* Solution:       solution1 (Vivado IP Flow Target)
* Product family: virtexuplus
* Target device:  xcu250-figd2104-2L-e


================================================================
== Performance Estimates
================================================================
+ Timing: 
    * Summary: 
    +--------+----------+-----------+------------+
    |  Clock |  Target  | Estimated | Uncertainty|
    +--------+----------+-----------+------------+
    |ap_clk  |  15.00 ns|  10.950 ns|     4.05 ns|
    +--------+----------+-----------+------------+

+ Latency: 
    * Summary: 
    +---------+---------+----------+----------+-----+-----+---------+
    |  Latency (cycles) |  Latency (absolute) |  Interval | Pipeline|
    |   min   |   max   |    min   |    max   | min | max |   Type  |
    +---------+---------+----------+----------+-----+-----+---------+
    |      144|      144|  2.160 us|  2.160 us|  144|  144|       no|
    +---------+---------+----------+----------+-----+-----+---------+

    + Detail: 
        * Instance: 
        N/A

        * Loop: 
        +-------------------+---------+---------+----------+-----------+-----------+------+----------+
        |                   |  Latency (cycles) | Iteration|  Initiation Interval  | Trip |          |
        |     Loop Name     |   min   |   max   |  Latency |  achieved |   target  | Count| Pipelined|
        +-------------------+---------+---------+----------+-----------+-----------+------+----------+
        |- VITIS_LOOP_16_4  |      142|      142|        32|          1|          1|   112|       yes|
        +-------------------+---------+---------+----------+-----------+-----------+------+----------+

============================================================
+ Verbose Summary: Synthesis Manager
============================================================
InlineROM: 1
ExposeGlobal: 0
============================================================
+ Verbose Summary: CDFG Model
============================================================
IsTopModel: 0
ResetActiveHigh: 1
IsCombinational: 0
IsDatapathOnly: 0
HasWiredReturn: 1
HasMFsm: 2
HasVarLatency: 1
IsPipeline: 0
IsRtlPipelined: 0
IsInstanceOverlapped: 0
IsDontTouch: 0
HasImplIP: 0
IsGatedGlobalClock: 0

+ Individual pipeline summary: 
  * Pipeline-0: initiation interval (II) = 1, depth = 32


============================================================
+ Verbose Summary: Schedule
============================================================
* Number of FSM states : 32
* Pipeline : 1
  Pipeline-0 : II = 1, D = 32, States = { 1 2 3 4 5 6 7 8 9 10 11 12 13 14 15 16 17 18 19 20 21 22 23 24 25 26 27 28 29 30 31 32 }
* Dataflow Pipeline: 0

* FSM state transitions: 
1 --> 2 
2 --> 3 
3 --> 4 
4 --> 5 
5 --> 6 
6 --> 7 
7 --> 8 
8 --> 9 
9 --> 10 
10 --> 11 
11 --> 12 
12 --> 13 
13 --> 14 
14 --> 15 
15 --> 16 
16 --> 17 
17 --> 18 
18 --> 19 
19 --> 20 
20 --> 21 
21 --> 22 
22 --> 23 
23 --> 24 
24 --> 25 
25 --> 26 
26 --> 27 
27 --> 28 
28 --> 29 
29 --> 30 
30 --> 31 
31 --> 32 
32 --> 

* FSM state operations: 

State 1 <SV = 0> <Delay = 1.30>
ST_1 : Operation 35 [1/1] (0.00ns)   --->   "%w = alloca i32 1"   --->   Operation 35 'alloca' 'w' <Predicate = true> <Delay = 0.00>
ST_1 : Operation 36 [1/1] (0.00ns)   --->   "%conv3_mid2_read = read i64 @_ssdm_op_Read.ap_auto.double, i64 %conv3_mid2"   --->   Operation 36 'read' 'conv3_mid2_read' <Predicate = true> <Delay = 0.00>
ST_1 : Operation 37 [1/1] (0.00ns)   --->   "%conv2_mid2_read = read i64 @_ssdm_op_Read.ap_auto.double, i64 %conv2_mid2"   --->   Operation 37 'read' 'conv2_mid2_read' <Predicate = true> <Delay = 0.00>
ST_1 : Operation 38 [1/1] (0.00ns)   --->   "%tmp_read = read i64 @_ssdm_op_Read.ap_auto.double, i64 %tmp"   --->   Operation 38 'read' 'tmp_read' <Predicate = true> <Delay = 0.00>
ST_1 : Operation 39 [1/1] (0.00ns)   --->   "%bitcast_ln14_read = read i32 @_ssdm_op_Read.ap_auto.float, i32 %bitcast_ln14"   --->   Operation 39 'read' 'bitcast_ln14_read' <Predicate = true> <Delay = 0.00>
ST_1 : Operation 40 [1/1] (0.00ns)   --->   "%sext_ln16_1_read = read i62 @_ssdm_op_Read.ap_auto.i62, i62 %sext_ln16_1"   --->   Operation 40 'read' 'sext_ln16_1_read' <Predicate = true> <Delay = 0.00>
ST_1 : Operation 41 [1/1] (0.00ns)   --->   "%sext_ln16_read = read i62 @_ssdm_op_Read.ap_auto.i62, i62 %sext_ln16"   --->   Operation 41 'read' 'sext_ln16_read' <Predicate = true> <Delay = 0.00>
ST_1 : Operation 42 [1/1] (0.00ns)   --->   "%sext_ln16_1_cast = sext i62 %sext_ln16_1_read"   --->   Operation 42 'sext' 'sext_ln16_1_cast' <Predicate = true> <Delay = 0.00>
ST_1 : Operation 43 [1/1] (0.00ns)   --->   "%sext_ln16_cast = sext i62 %sext_ln16_read"   --->   Operation 43 'sext' 'sext_ln16_cast' <Predicate = true> <Delay = 0.00>
ST_1 : Operation 44 [1/1] (0.00ns)   --->   "%specinterface_ln0 = specinterface void @_ssdm_op_SpecInterface, i32 %gmem2, void @empty_20, i32 0, i32 0, void @empty_35, i32 0, i32 150528, void @empty_47, void @empty_34, void @empty_35, i32 16, i32 16, i32 16, i32 16, void @empty_35, void @empty_35, i32 4294967295, i32 0"   --->   Operation 44 'specinterface' 'specinterface_ln0' <Predicate = true> <Delay = 0.00>
ST_1 : Operation 45 [1/1] (0.00ns)   --->   "%specinterface_ln0 = specinterface void @_ssdm_op_SpecInterface, i32 %gmem1, void @empty_20, i32 0, i32 0, void @empty_35, i32 0, i32 301056, void @empty_49, void @empty_34, void @empty_35, i32 16, i32 16, i32 16, i32 16, void @empty_35, void @empty_35, i32 4294967295, i32 0"   --->   Operation 45 'specinterface' 'specinterface_ln0' <Predicate = true> <Delay = 0.00>
ST_1 : Operation 46 [1/1] (0.38ns)   --->   "%store_ln0 = store i7 0, i7 %w"   --->   Operation 46 'store' 'store_ln0' <Predicate = true> <Delay = 0.38>
ST_1 : Operation 47 [1/1] (0.38ns)   --->   "%br_ln0 = br void %for.inc"   --->   Operation 47 'br' 'br_ln0' <Predicate = true> <Delay = 0.38>
ST_1 : Operation 48 [1/1] (0.00ns)   --->   "%first_iter_0 = phi i1 0, void %new.latch.for.inc.split, i1 1, void %newFuncRoot"   --->   Operation 48 'phi' 'first_iter_0' <Predicate = true> <Delay = 0.00>
ST_1 : Operation 49 [1/1] (0.00ns)   --->   "%w_1 = load i7 %w" [BatchNorm.cpp:16]   --->   Operation 49 'load' 'w_1' <Predicate = true> <Delay = 0.00>
ST_1 : Operation 50 [1/1] (0.59ns)   --->   "%icmp_ln16 = icmp_eq  i7 %w_1, i7 112" [BatchNorm.cpp:16]   --->   Operation 50 'icmp' 'icmp_ln16' <Predicate = true> <Delay = 0.59> <CoreInst = "Cmp">   --->   Core 9 'Cmp' <Latency = 0> <II = 1> <Delay = 0.59> <FuncUnit> <Opcode : 'icmp'> <InPorts = 2> <OutPorts = 1>
ST_1 : Operation 51 [1/1] (0.70ns)   --->   "%add_ln16 = add i7 %w_1, i7 1" [BatchNorm.cpp:16]   --->   Operation 51 'add' 'add_ln16' <Predicate = true> <Delay = 0.70> <CoreInst = "Adder">   --->   Core 1 'Adder' <Latency = 0> <II = 1> <Delay = 0.70> <FuncUnit> <Opcode : 'add' 'sub'> <InPorts = 2> <OutPorts = 1>
ST_1 : Operation 52 [1/1] (0.00ns)   --->   "%br_ln16 = br i1 %icmp_ln16, void %new.body.for.inc, void %for.inc50.loopexit.exitStub" [BatchNorm.cpp:16]   --->   Operation 52 'br' 'br_ln16' <Predicate = true> <Delay = 0.00>
ST_1 : Operation 53 [1/1] (0.00ns)   --->   "%br_ln16 = br i1 %first_iter_0, void %for.inc.split, void %for.first.iter.for.inc" [BatchNorm.cpp:16]   --->   Operation 53 'br' 'br_ln16' <Predicate = (!icmp_ln16)> <Delay = 0.00>
ST_1 : Operation 54 [1/1] (0.59ns)   --->   "%icmp_ln16_1 = icmp_eq  i7 %add_ln16, i7 112" [BatchNorm.cpp:16]   --->   Operation 54 'icmp' 'icmp_ln16_1' <Predicate = (!icmp_ln16)> <Delay = 0.59> <CoreInst = "Cmp">   --->   Core 9 'Cmp' <Latency = 0> <II = 1> <Delay = 0.59> <FuncUnit> <Opcode : 'icmp'> <InPorts = 2> <OutPorts = 1>
ST_1 : Operation 55 [1/1] (0.00ns)   --->   "%br_ln16 = br i1 %icmp_ln16_1, void %new.latch.for.inc.split, void %last.iter.for.inc.split" [BatchNorm.cpp:16]   --->   Operation 55 'br' 'br_ln16' <Predicate = (!icmp_ln16)> <Delay = 0.00>
ST_1 : Operation 56 [1/1] (0.38ns)   --->   "%store_ln16 = store i7 %add_ln16, i7 %w" [BatchNorm.cpp:16]   --->   Operation 56 'store' 'store_ln16' <Predicate = (!icmp_ln16)> <Delay = 0.38>
ST_1 : Operation 57 [1/1] (0.00ns)   --->   "%br_ln16 = br void %for.inc" [BatchNorm.cpp:16]   --->   Operation 57 'br' 'br_ln16' <Predicate = (!icmp_ln16)> <Delay = 0.00>

State 2 <SV = 1> <Delay = 10.9>
ST_2 : Operation 58 [1/1] (0.00ns)   --->   "%gmem1_addr = getelementptr i32 %gmem1, i64 %sext_ln16_cast" [BatchNorm.cpp:16]   --->   Operation 58 'getelementptr' 'gmem1_addr' <Predicate = true> <Delay = 0.00>
ST_2 : Operation 59 [7/7] (10.9ns)   --->   "%empty_173 = readreq i1 @_ssdm_op_ReadReq.m_axi.p1i32, i32 %gmem1_addr, i32 112" [BatchNorm.cpp:16]   --->   Operation 59 'readreq' 'empty_173' <Predicate = (!icmp_ln16 & first_iter_0)> <Delay = 10.9> <CoreInst = "m_axi">   --->   Core 121 'm_axi' <Latency = 0> <II = 1> <Delay = 1.00> <Adapter> <Opcode : 'read' 'write' 'readreq' 'writereq' 'writeresp'>

State 3 <SV = 2> <Delay = 10.9>
ST_3 : Operation 60 [6/7] (10.9ns)   --->   "%empty_173 = readreq i1 @_ssdm_op_ReadReq.m_axi.p1i32, i32 %gmem1_addr, i32 112" [BatchNorm.cpp:16]   --->   Operation 60 'readreq' 'empty_173' <Predicate = (!icmp_ln16 & first_iter_0)> <Delay = 10.9> <CoreInst = "m_axi">   --->   Core 121 'm_axi' <Latency = 0> <II = 1> <Delay = 1.00> <Adapter> <Opcode : 'read' 'write' 'readreq' 'writereq' 'writeresp'>

State 4 <SV = 3> <Delay = 10.9>
ST_4 : Operation 61 [5/7] (10.9ns)   --->   "%empty_173 = readreq i1 @_ssdm_op_ReadReq.m_axi.p1i32, i32 %gmem1_addr, i32 112" [BatchNorm.cpp:16]   --->   Operation 61 'readreq' 'empty_173' <Predicate = (!icmp_ln16 & first_iter_0)> <Delay = 10.9> <CoreInst = "m_axi">   --->   Core 121 'm_axi' <Latency = 0> <II = 1> <Delay = 1.00> <Adapter> <Opcode : 'read' 'write' 'readreq' 'writereq' 'writeresp'>

State 5 <SV = 4> <Delay = 10.9>
ST_5 : Operation 62 [4/7] (10.9ns)   --->   "%empty_173 = readreq i1 @_ssdm_op_ReadReq.m_axi.p1i32, i32 %gmem1_addr, i32 112" [BatchNorm.cpp:16]   --->   Operation 62 'readreq' 'empty_173' <Predicate = (!icmp_ln16 & first_iter_0)> <Delay = 10.9> <CoreInst = "m_axi">   --->   Core 121 'm_axi' <Latency = 0> <II = 1> <Delay = 1.00> <Adapter> <Opcode : 'read' 'write' 'readreq' 'writereq' 'writeresp'>

State 6 <SV = 5> <Delay = 10.9>
ST_6 : Operation 63 [3/7] (10.9ns)   --->   "%empty_173 = readreq i1 @_ssdm_op_ReadReq.m_axi.p1i32, i32 %gmem1_addr, i32 112" [BatchNorm.cpp:16]   --->   Operation 63 'readreq' 'empty_173' <Predicate = (!icmp_ln16 & first_iter_0)> <Delay = 10.9> <CoreInst = "m_axi">   --->   Core 121 'm_axi' <Latency = 0> <II = 1> <Delay = 1.00> <Adapter> <Opcode : 'read' 'write' 'readreq' 'writereq' 'writeresp'>

State 7 <SV = 6> <Delay = 10.9>
ST_7 : Operation 64 [2/7] (10.9ns)   --->   "%empty_173 = readreq i1 @_ssdm_op_ReadReq.m_axi.p1i32, i32 %gmem1_addr, i32 112" [BatchNorm.cpp:16]   --->   Operation 64 'readreq' 'empty_173' <Predicate = (!icmp_ln16 & first_iter_0)> <Delay = 10.9> <CoreInst = "m_axi">   --->   Core 121 'm_axi' <Latency = 0> <II = 1> <Delay = 1.00> <Adapter> <Opcode : 'read' 'write' 'readreq' 'writereq' 'writeresp'>

State 8 <SV = 7> <Delay = 10.9>
ST_8 : Operation 65 [1/7] (10.9ns)   --->   "%empty_173 = readreq i1 @_ssdm_op_ReadReq.m_axi.p1i32, i32 %gmem1_addr, i32 112" [BatchNorm.cpp:16]   --->   Operation 65 'readreq' 'empty_173' <Predicate = (!icmp_ln16 & first_iter_0)> <Delay = 10.9> <CoreInst = "m_axi">   --->   Core 121 'm_axi' <Latency = 0> <II = 1> <Delay = 1.00> <Adapter> <Opcode : 'read' 'write' 'readreq' 'writereq' 'writeresp'>

State 9 <SV = 8> <Delay = 10.9>
ST_9 : Operation 66 [1/1] (10.9ns)   --->   "%gmem1_addr_read = read i32 @_ssdm_op_Read.m_axi.p1i32, i32 %gmem1_addr" [BatchNorm.cpp:17]   --->   Operation 66 'read' 'gmem1_addr_read' <Predicate = (!icmp_ln16)> <Delay = 10.9> <CoreInst = "m_axi">   --->   Core 121 'm_axi' <Latency = 0> <II = 1> <Delay = 1.00> <Adapter> <Opcode : 'read' 'write' 'readreq' 'writereq' 'writeresp'>

State 10 <SV = 9> <Delay = 7.37>
ST_10 : Operation 67 [1/1] (0.00ns)   --->   "%bitcast_ln17 = bitcast i32 %gmem1_addr_read" [BatchNorm.cpp:17]   --->   Operation 67 'bitcast' 'bitcast_ln17' <Predicate = (!icmp_ln16)> <Delay = 0.00>
ST_10 : Operation 68 [2/2] (7.37ns)   --->   "%sub = fsub i32 %bitcast_ln17, i32 %bitcast_ln14_read" [BatchNorm.cpp:17]   --->   Operation 68 'fsub' 'sub' <Predicate = (!icmp_ln16)> <Delay = 7.37> <CoreInst = "FAddSub_fulldsp">   --->   Core 18 'FAddSub_fulldsp' <Latency = 1> <II = 1> <Delay = 7.37> <FuncUnit> <Opcode : 'fadd' 'fsub'> <InPorts = 2> <OutPorts = 1>

State 11 <SV = 10> <Delay = 7.37>
ST_11 : Operation 69 [1/2] (7.37ns)   --->   "%sub = fsub i32 %bitcast_ln17, i32 %bitcast_ln14_read" [BatchNorm.cpp:17]   --->   Operation 69 'fsub' 'sub' <Predicate = (!icmp_ln16)> <Delay = 7.37> <CoreInst = "FAddSub_fulldsp">   --->   Core 18 'FAddSub_fulldsp' <Latency = 1> <II = 1> <Delay = 7.37> <FuncUnit> <Opcode : 'fadd' 'fsub'> <InPorts = 2> <OutPorts = 1>

State 12 <SV = 11> <Delay = 6.41>
ST_12 : Operation 70 [1/1] (6.41ns)   --->   "%conv = fpext i32 %sub" [BatchNorm.cpp:17]   --->   Operation 70 'fpext' 'conv' <Predicate = (!icmp_ln16)> <Delay = 6.41> <CoreInst = "Float2Double">   --->   Core 64 'Float2Double' <Latency = 0> <II = 1> <Delay = 6.41> <FuncUnit> <Opcode : 'fpext'> <InPorts = 1> <OutPorts = 1>

State 13 <SV = 12> <Delay = 9.82>
ST_13 : Operation 71 [9/9] (9.82ns)   --->   "%div = ddiv i64 %conv, i64 %tmp_read" [BatchNorm.cpp:17]   --->   Operation 71 'ddiv' 'div' <Predicate = (!icmp_ln16)> <Delay = 9.82> <CoreInst = "DDiv">   --->   Core 39 'DDiv' <Latency = 8> <II = 1> <Delay = 9.82> <FuncUnit> <Opcode : 'ddiv' 'drem'> <InPorts = 2> <OutPorts = 1>

State 14 <SV = 13> <Delay = 9.82>
ST_14 : Operation 72 [8/9] (9.82ns)   --->   "%div = ddiv i64 %conv, i64 %tmp_read" [BatchNorm.cpp:17]   --->   Operation 72 'ddiv' 'div' <Predicate = (!icmp_ln16)> <Delay = 9.82> <CoreInst = "DDiv">   --->   Core 39 'DDiv' <Latency = 8> <II = 1> <Delay = 9.82> <FuncUnit> <Opcode : 'ddiv' 'drem'> <InPorts = 2> <OutPorts = 1>

State 15 <SV = 14> <Delay = 9.82>
ST_15 : Operation 73 [7/9] (9.82ns)   --->   "%div = ddiv i64 %conv, i64 %tmp_read" [BatchNorm.cpp:17]   --->   Operation 73 'ddiv' 'div' <Predicate = (!icmp_ln16)> <Delay = 9.82> <CoreInst = "DDiv">   --->   Core 39 'DDiv' <Latency = 8> <II = 1> <Delay = 9.82> <FuncUnit> <Opcode : 'ddiv' 'drem'> <InPorts = 2> <OutPorts = 1>

State 16 <SV = 15> <Delay = 9.82>
ST_16 : Operation 74 [6/9] (9.82ns)   --->   "%div = ddiv i64 %conv, i64 %tmp_read" [BatchNorm.cpp:17]   --->   Operation 74 'ddiv' 'div' <Predicate = (!icmp_ln16)> <Delay = 9.82> <CoreInst = "DDiv">   --->   Core 39 'DDiv' <Latency = 8> <II = 1> <Delay = 9.82> <FuncUnit> <Opcode : 'ddiv' 'drem'> <InPorts = 2> <OutPorts = 1>

State 17 <SV = 16> <Delay = 9.82>
ST_17 : Operation 75 [5/9] (9.82ns)   --->   "%div = ddiv i64 %conv, i64 %tmp_read" [BatchNorm.cpp:17]   --->   Operation 75 'ddiv' 'div' <Predicate = (!icmp_ln16)> <Delay = 9.82> <CoreInst = "DDiv">   --->   Core 39 'DDiv' <Latency = 8> <II = 1> <Delay = 9.82> <FuncUnit> <Opcode : 'ddiv' 'drem'> <InPorts = 2> <OutPorts = 1>

State 18 <SV = 17> <Delay = 9.82>
ST_18 : Operation 76 [4/9] (9.82ns)   --->   "%div = ddiv i64 %conv, i64 %tmp_read" [BatchNorm.cpp:17]   --->   Operation 76 'ddiv' 'div' <Predicate = (!icmp_ln16)> <Delay = 9.82> <CoreInst = "DDiv">   --->   Core 39 'DDiv' <Latency = 8> <II = 1> <Delay = 9.82> <FuncUnit> <Opcode : 'ddiv' 'drem'> <InPorts = 2> <OutPorts = 1>

State 19 <SV = 18> <Delay = 9.82>
ST_19 : Operation 77 [3/9] (9.82ns)   --->   "%div = ddiv i64 %conv, i64 %tmp_read" [BatchNorm.cpp:17]   --->   Operation 77 'ddiv' 'div' <Predicate = (!icmp_ln16)> <Delay = 9.82> <CoreInst = "DDiv">   --->   Core 39 'DDiv' <Latency = 8> <II = 1> <Delay = 9.82> <FuncUnit> <Opcode : 'ddiv' 'drem'> <InPorts = 2> <OutPorts = 1>

State 20 <SV = 19> <Delay = 9.82>
ST_20 : Operation 78 [2/9] (9.82ns)   --->   "%div = ddiv i64 %conv, i64 %tmp_read" [BatchNorm.cpp:17]   --->   Operation 78 'ddiv' 'div' <Predicate = (!icmp_ln16)> <Delay = 9.82> <CoreInst = "DDiv">   --->   Core 39 'DDiv' <Latency = 8> <II = 1> <Delay = 9.82> <FuncUnit> <Opcode : 'ddiv' 'drem'> <InPorts = 2> <OutPorts = 1>

State 21 <SV = 20> <Delay = 9.82>
ST_21 : Operation 79 [1/9] (9.82ns)   --->   "%div = ddiv i64 %conv, i64 %tmp_read" [BatchNorm.cpp:17]   --->   Operation 79 'ddiv' 'div' <Predicate = (!icmp_ln16)> <Delay = 9.82> <CoreInst = "DDiv">   --->   Core 39 'DDiv' <Latency = 8> <II = 1> <Delay = 9.82> <FuncUnit> <Opcode : 'ddiv' 'drem'> <InPorts = 2> <OutPorts = 1>

State 22 <SV = 21> <Delay = 9.59>
ST_22 : Operation 80 [2/2] (9.59ns)   --->   "%mul = dmul i64 %div, i64 %conv2_mid2_read" [BatchNorm.cpp:17]   --->   Operation 80 'dmul' 'mul' <Predicate = (!icmp_ln16)> <Delay = 9.59> <CoreInst = "DMul_maxdsp">   --->   Core 49 'DMul_maxdsp' <Latency = 1> <II = 1> <Delay = 9.59> <FuncUnit> <Opcode : 'dmul'> <InPorts = 2> <OutPorts = 1>

State 23 <SV = 22> <Delay = 9.59>
ST_23 : Operation 81 [1/2] (9.59ns)   --->   "%mul = dmul i64 %div, i64 %conv2_mid2_read" [BatchNorm.cpp:17]   --->   Operation 81 'dmul' 'mul' <Predicate = (!icmp_ln16)> <Delay = 9.59> <CoreInst = "DMul_maxdsp">   --->   Core 49 'DMul_maxdsp' <Latency = 1> <II = 1> <Delay = 9.59> <FuncUnit> <Opcode : 'dmul'> <InPorts = 2> <OutPorts = 1>

State 24 <SV = 23> <Delay = 8.50>
ST_24 : Operation 82 [2/2] (8.50ns)   --->   "%add3 = dadd i64 %mul, i64 %conv3_mid2_read" [BatchNorm.cpp:17]   --->   Operation 82 'dadd' 'add3' <Predicate = (!icmp_ln16)> <Delay = 8.50> <CoreInst = "DAddSub_fulldsp">   --->   Core 37 'DAddSub_fulldsp' <Latency = 1> <II = 1> <Delay = 8.50> <FuncUnit> <Opcode : 'dadd' 'dsub'> <InPorts = 2> <OutPorts = 1>

State 25 <SV = 24> <Delay = 8.50>
ST_25 : Operation 83 [1/2] (8.50ns)   --->   "%add3 = dadd i64 %mul, i64 %conv3_mid2_read" [BatchNorm.cpp:17]   --->   Operation 83 'dadd' 'add3' <Predicate = (!icmp_ln16)> <Delay = 8.50> <CoreInst = "DAddSub_fulldsp">   --->   Core 37 'DAddSub_fulldsp' <Latency = 1> <II = 1> <Delay = 8.50> <FuncUnit> <Opcode : 'dadd' 'dsub'> <InPorts = 2> <OutPorts = 1>

State 26 <SV = 25> <Delay = 10.9>
ST_26 : Operation 84 [1/1] (0.00ns)   --->   "%gmem2_addr = getelementptr i32 %gmem2, i64 %sext_ln16_1_cast" [BatchNorm.cpp:16]   --->   Operation 84 'getelementptr' 'gmem2_addr' <Predicate = true> <Delay = 0.00>
ST_26 : Operation 85 [1/1] (0.00ns)   --->   "%specpipeline_ln0 = specpipeline void @_ssdm_op_SpecPipeline, i32 4294967295, i32 0, i32 1, i32 0, void @p_str"   --->   Operation 85 'specpipeline' 'specpipeline_ln0' <Predicate = true> <Delay = 0.00>
ST_26 : Operation 86 [1/1] (0.00ns)   --->   "%empty = speclooptripcount i32 @_ssdm_op_SpecLoopTripCount, i64 112, i64 112, i64 112"   --->   Operation 86 'speclooptripcount' 'empty' <Predicate = true> <Delay = 0.00>
ST_26 : Operation 87 [1/1] (10.9ns)   --->   "%empty_174 = writereq i1 @_ssdm_op_WriteReq.m_axi.p1i32, i32 %gmem2_addr, i32 112" [BatchNorm.cpp:16]   --->   Operation 87 'writereq' 'empty_174' <Predicate = (!icmp_ln16 & first_iter_0)> <Delay = 10.9> <CoreInst = "m_axi">   --->   Core 121 'm_axi' <Latency = 0> <II = 1> <Delay = 1.00> <Adapter> <Opcode : 'read' 'write' 'readreq' 'writereq' 'writeresp'>
ST_26 : Operation 88 [1/1] (0.00ns)   --->   "%br_ln16 = br void %for.inc.split" [BatchNorm.cpp:16]   --->   Operation 88 'br' 'br_ln16' <Predicate = (!icmp_ln16 & first_iter_0)> <Delay = 0.00>
ST_26 : Operation 89 [1/1] (7.60ns)   --->   "%conv4 = fptrunc i64 %add3" [BatchNorm.cpp:17]   --->   Operation 89 'fptrunc' 'conv4' <Predicate = (!icmp_ln16)> <Delay = 7.60> <CoreInst = "Double2Float">   --->   Core 67 'Double2Float' <Latency = 0> <II = 1> <Delay = 7.60> <FuncUnit> <Opcode : 'fptrunc'> <InPorts = 1> <OutPorts = 1>

State 27 <SV = 26> <Delay = 10.9>
ST_27 : Operation 90 [1/1] (0.00ns)   --->   "%specloopname_ln16 = specloopname void @_ssdm_op_SpecLoopName, void @empty_44" [BatchNorm.cpp:16]   --->   Operation 90 'specloopname' 'specloopname_ln16' <Predicate = true> <Delay = 0.00>
ST_27 : Operation 91 [1/1] (0.00ns)   --->   "%bitcast_ln17_1 = bitcast i32 %conv4" [BatchNorm.cpp:17]   --->   Operation 91 'bitcast' 'bitcast_ln17_1' <Predicate = true> <Delay = 0.00>
ST_27 : Operation 92 [1/1] (10.9ns)   --->   "%write_ln17 = write void @_ssdm_op_Write.m_axi.p1i32, i32 %gmem2_addr, i32 %bitcast_ln17_1, i4 15" [BatchNorm.cpp:17]   --->   Operation 92 'write' 'write_ln17' <Predicate = true> <Delay = 10.9> <CoreInst = "m_axi">   --->   Core 121 'm_axi' <Latency = 0> <II = 1> <Delay = 1.00> <Adapter> <Opcode : 'read' 'write' 'readreq' 'writereq' 'writeresp'>

State 28 <SV = 27> <Delay = 10.9>
ST_28 : Operation 93 [5/5] (10.9ns)   --->   "%empty_172 = writeresp i1 @_ssdm_op_WriteResp.m_axi.p1i32, i32 %gmem2_addr" [BatchNorm.cpp:15]   --->   Operation 93 'writeresp' 'empty_172' <Predicate = (icmp_ln16_1)> <Delay = 10.9> <CoreInst = "m_axi">   --->   Core 121 'm_axi' <Latency = 0> <II = 1> <Delay = 1.00> <Adapter> <Opcode : 'read' 'write' 'readreq' 'writereq' 'writeresp'>

State 29 <SV = 28> <Delay = 10.9>
ST_29 : Operation 94 [4/5] (10.9ns)   --->   "%empty_172 = writeresp i1 @_ssdm_op_WriteResp.m_axi.p1i32, i32 %gmem2_addr" [BatchNorm.cpp:15]   --->   Operation 94 'writeresp' 'empty_172' <Predicate = (icmp_ln16_1)> <Delay = 10.9> <CoreInst = "m_axi">   --->   Core 121 'm_axi' <Latency = 0> <II = 1> <Delay = 1.00> <Adapter> <Opcode : 'read' 'write' 'readreq' 'writereq' 'writeresp'>

State 30 <SV = 29> <Delay = 10.9>
ST_30 : Operation 95 [3/5] (10.9ns)   --->   "%empty_172 = writeresp i1 @_ssdm_op_WriteResp.m_axi.p1i32, i32 %gmem2_addr" [BatchNorm.cpp:15]   --->   Operation 95 'writeresp' 'empty_172' <Predicate = (icmp_ln16_1)> <Delay = 10.9> <CoreInst = "m_axi">   --->   Core 121 'm_axi' <Latency = 0> <II = 1> <Delay = 1.00> <Adapter> <Opcode : 'read' 'write' 'readreq' 'writereq' 'writeresp'>

State 31 <SV = 30> <Delay = 10.9>
ST_31 : Operation 96 [2/5] (10.9ns)   --->   "%empty_172 = writeresp i1 @_ssdm_op_WriteResp.m_axi.p1i32, i32 %gmem2_addr" [BatchNorm.cpp:15]   --->   Operation 96 'writeresp' 'empty_172' <Predicate = (icmp_ln16_1)> <Delay = 10.9> <CoreInst = "m_axi">   --->   Core 121 'm_axi' <Latency = 0> <II = 1> <Delay = 1.00> <Adapter> <Opcode : 'read' 'write' 'readreq' 'writereq' 'writeresp'>
ST_31 : Operation 99 [1/1] (0.00ns)   --->   "%ret_ln0 = ret"   --->   Operation 99 'ret' 'ret_ln0' <Predicate = (icmp_ln16)> <Delay = 0.00>

State 32 <SV = 31> <Delay = 10.9>
ST_32 : Operation 97 [1/5] (10.9ns)   --->   "%empty_172 = writeresp i1 @_ssdm_op_WriteResp.m_axi.p1i32, i32 %gmem2_addr" [BatchNorm.cpp:15]   --->   Operation 97 'writeresp' 'empty_172' <Predicate = (icmp_ln16_1)> <Delay = 10.9> <CoreInst = "m_axi">   --->   Core 121 'm_axi' <Latency = 0> <II = 1> <Delay = 1.00> <Adapter> <Opcode : 'read' 'write' 'readreq' 'writereq' 'writeresp'>
ST_32 : Operation 98 [1/1] (0.00ns)   --->   "%br_ln16 = br void %new.latch.for.inc.split" [BatchNorm.cpp:16]   --->   Operation 98 'br' 'br_ln16' <Predicate = (icmp_ln16_1)> <Delay = 0.00>


============================================================
+ Verbose Summary: Binding
============================================================
STG Binding: 
---------------- STG Properties BEGIN ----------------
- Is combinational: 0
- Is one-state seq: 0
- Is datapath-only: 0
- Is pipelined: 0
- Is top level: 0
Port [ Return ] is wired: 1; IO mode=ap_ctrl_hs:ce=0
Port [ gmem1]:  wired=1; compound=1; hidden=0; nouse=0; global=0; static=0; extern=0; dir=0; type=4; pingpong=0; private_global=0; IO mode=m_axi:ce=0
Port [ sext_ln16]:  wired=1; compound=0; hidden=0; nouse=0; global=0; static=0; extern=0; dir=0; type=0; pingpong=0; private_global=0; IO mode=ap_none:ce=0
Port [ gmem2]:  wired=1; compound=1; hidden=0; nouse=0; global=0; static=0; extern=0; dir=1; type=4; pingpong=0; private_global=0; IO mode=m_axi:ce=0
Port [ sext_ln16_1]:  wired=1; compound=0; hidden=0; nouse=0; global=0; static=0; extern=0; dir=0; type=0; pingpong=0; private_global=0; IO mode=ap_none:ce=0
Port [ bitcast_ln14]:  wired=1; compound=0; hidden=0; nouse=0; global=0; static=0; extern=0; dir=0; type=0; pingpong=0; private_global=0; IO mode=ap_none:ce=0
Port [ tmp]:  wired=1; compound=0; hidden=0; nouse=0; global=0; static=0; extern=0; dir=0; type=0; pingpong=0; private_global=0; IO mode=ap_none:ce=0
Port [ conv2_mid2]:  wired=1; compound=0; hidden=0; nouse=0; global=0; static=0; extern=0; dir=0; type=0; pingpong=0; private_global=0; IO mode=ap_none:ce=0
Port [ conv3_mid2]:  wired=1; compound=0; hidden=0; nouse=0; global=0; static=0; extern=0; dir=0; type=0; pingpong=0; private_global=0; IO mode=ap_none:ce=0
---------------- STG Properties END ------------------

---------------- Datapath Model BEGIN ----------------

<LifeTime>
<method=bitvector/>
w                 (alloca           ) [ 010000000000000000000000000000000]
conv3_mid2_read   (read             ) [ 011111111111111111111111110000000]
conv2_mid2_read   (read             ) [ 011111111111111111111111000000000]
tmp_read          (read             ) [ 011111111111111111111100000000000]
bitcast_ln14_read (read             ) [ 011111111111000000000000000000000]
sext_ln16_1_read  (read             ) [ 000000000000000000000000000000000]
sext_ln16_read    (read             ) [ 000000000000000000000000000000000]
sext_ln16_1_cast  (sext             ) [ 011111111111111111111111111000000]
sext_ln16_cast    (sext             ) [ 011000000000000000000000000000000]
specinterface_ln0 (specinterface    ) [ 000000000000000000000000000000000]
specinterface_ln0 (specinterface    ) [ 000000000000000000000000000000000]
store_ln0         (store            ) [ 000000000000000000000000000000000]
br_ln0            (br               ) [ 000000000000000000000000000000000]
first_iter_0      (phi              ) [ 011111111111111111111111111000000]
w_1               (load             ) [ 000000000000000000000000000000000]
icmp_ln16         (icmp             ) [ 011111111111111111111111111111111]
add_ln16          (add              ) [ 000000000000000000000000000000000]
br_ln16           (br               ) [ 000000000000000000000000000000000]
br_ln16           (br               ) [ 000000000000000000000000000000000]
icmp_ln16_1       (icmp             ) [ 011111111111111111111111111111111]
br_ln16           (br               ) [ 000000000000000000000000000000000]
store_ln16        (store            ) [ 000000000000000000000000000000000]
br_ln16           (br               ) [ 010000000000000000000000000000000]
gmem1_addr        (getelementptr    ) [ 010111111100000000000000000000000]
empty_173         (readreq          ) [ 000000000000000000000000000000000]
gmem1_addr_read   (read             ) [ 010000000010000000000000000000000]
bitcast_ln17      (bitcast          ) [ 010000000001000000000000000000000]
sub               (fsub             ) [ 010000000000100000000000000000000]
conv              (fpext            ) [ 010000000000011111111100000000000]
div               (ddiv             ) [ 010000000000000000000011000000000]
mul               (dmul             ) [ 010000000000000000000000110000000]
add3              (dadd             ) [ 010000000000000000000000001000000]
gmem2_addr        (getelementptr    ) [ 010000000000000000000000000111111]
specpipeline_ln0  (specpipeline     ) [ 000000000000000000000000000000000]
empty             (speclooptripcount) [ 000000000000000000000000000000000]
empty_174         (writereq         ) [ 000000000000000000000000000000000]
br_ln16           (br               ) [ 000000000000000000000000000000000]
conv4             (fptrunc          ) [ 010000000000000000000000000100000]
specloopname_ln16 (specloopname     ) [ 000000000000000000000000000000000]
bitcast_ln17_1    (bitcast          ) [ 000000000000000000000000000000000]
write_ln17        (write            ) [ 000000000000000000000000000000000]
empty_172         (writeresp        ) [ 000000000000000000000000000000000]
br_ln16           (br               ) [ 000000000000000000000000000000000]
ret_ln0           (ret              ) [ 000000000000000000000000000000000]
</LifeTime>

<model>

<comp_list>
<comp id="0" class="1000" name="gmem1">
<pin_list>
<pin id="1" dir="1" index="0" bw="1" slack="0"/>
</pin_list>
<bind>
<StgValue><ssdm name="gmem1"/></StgValue>
</bind>
</comp>

<comp id="2" class="1000" name="sext_ln16">
<pin_list>
<pin id="3" dir="1" index="0" bw="1" slack="0"/>
</pin_list>
<bind>
<StgValue><ssdm name="sext_ln16"/></StgValue>
</bind>
</comp>

<comp id="4" class="1000" name="gmem2">
<pin_list>
<pin id="5" dir="1" index="0" bw="1" slack="0"/>
</pin_list>
<bind>
<StgValue><ssdm name="gmem2"/></StgValue>
</bind>
</comp>

<comp id="6" class="1000" name="sext_ln16_1">
<pin_list>
<pin id="7" dir="1" index="0" bw="1" slack="0"/>
</pin_list>
<bind>
<StgValue><ssdm name="sext_ln16_1"/></StgValue>
</bind>
</comp>

<comp id="8" class="1000" name="bitcast_ln14">
<pin_list>
<pin id="9" dir="1" index="0" bw="1" slack="0"/>
</pin_list>
<bind>
<StgValue><ssdm name="bitcast_ln14"/></StgValue>
</bind>
</comp>

<comp id="10" class="1000" name="tmp">
<pin_list>
<pin id="11" dir="1" index="0" bw="1" slack="0"/>
</pin_list>
<bind>
<StgValue><ssdm name="tmp"/></StgValue>
</bind>
</comp>

<comp id="12" class="1000" name="conv2_mid2">
<pin_list>
<pin id="13" dir="1" index="0" bw="1" slack="0"/>
</pin_list>
<bind>
<StgValue><ssdm name="conv2_mid2"/></StgValue>
</bind>
</comp>

<comp id="14" class="1000" name="conv3_mid2">
<pin_list>
<pin id="15" dir="1" index="0" bw="1" slack="0"/>
</pin_list>
<bind>
<StgValue><ssdm name="conv3_mid2"/></StgValue>
</bind>
</comp>

<comp id="16" class="1001" name="const_16">
<pin_list>
<pin id="17" dir="1" index="0" bw="1" slack="0"/>
</pin_list>
<bind>
<StgValue><ssdm name=""/></StgValue>
</bind>
</comp>

<comp id="18" class="1001" name="const_18">
<pin_list>
<pin id="19" dir="1" index="0" bw="1" slack="0"/>
</pin_list>
<bind>
<StgValue><ssdm name="_ssdm_op_Read.ap_auto.double"/></StgValue>
</bind>
</comp>

<comp id="20" class="1001" name="const_20">
<pin_list>
<pin id="21" dir="1" index="0" bw="1" slack="0"/>
</pin_list>
<bind>
<StgValue><ssdm name="_ssdm_op_Read.ap_auto.float"/></StgValue>
</bind>
</comp>

<comp id="22" class="1001" name="const_22">
<pin_list>
<pin id="23" dir="1" index="0" bw="1" slack="0"/>
</pin_list>
<bind>
<StgValue><ssdm name="_ssdm_op_Read.ap_auto.i62"/></StgValue>
</bind>
</comp>

<comp id="24" class="1001" name="const_24">
<pin_list>
<pin id="25" dir="1" index="0" bw="1" slack="2147483647"/>
</pin_list>
<bind>
<StgValue><ssdm name="_ssdm_op_SpecInterface"/></StgValue>
</bind>
</comp>

<comp id="26" class="1001" name="const_26">
<pin_list>
<pin id="27" dir="1" index="0" bw="1" slack="2147483647"/>
</pin_list>
<bind>
<StgValue><ssdm name="empty_20"/></StgValue>
</bind>
</comp>

<comp id="28" class="1001" name="const_28">
<pin_list>
<pin id="29" dir="1" index="0" bw="1" slack="2147483647"/>
</pin_list>
<bind>
<StgValue><ssdm name=""/></StgValue>
</bind>
</comp>

<comp id="30" class="1001" name="const_30">
<pin_list>
<pin id="31" dir="1" index="0" bw="1" slack="2147483647"/>
</pin_list>
<bind>
<StgValue><ssdm name="empty_35"/></StgValue>
</bind>
</comp>

<comp id="32" class="1001" name="const_32">
<pin_list>
<pin id="33" dir="1" index="0" bw="1" slack="2147483647"/>
</pin_list>
<bind>
<StgValue><ssdm name=""/></StgValue>
</bind>
</comp>

<comp id="34" class="1001" name="const_34">
<pin_list>
<pin id="35" dir="1" index="0" bw="1" slack="2147483647"/>
</pin_list>
<bind>
<StgValue><ssdm name="empty_47"/></StgValue>
</bind>
</comp>

<comp id="36" class="1001" name="const_36">
<pin_list>
<pin id="37" dir="1" index="0" bw="1" slack="2147483647"/>
</pin_list>
<bind>
<StgValue><ssdm name="empty_34"/></StgValue>
</bind>
</comp>

<comp id="38" class="1001" name="const_38">
<pin_list>
<pin id="39" dir="1" index="0" bw="1" slack="2147483647"/>
</pin_list>
<bind>
<StgValue><ssdm name=""/></StgValue>
</bind>
</comp>

<comp id="40" class="1001" name="const_40">
<pin_list>
<pin id="41" dir="1" index="0" bw="1" slack="2147483647"/>
</pin_list>
<bind>
<StgValue><ssdm name=""/></StgValue>
</bind>
</comp>

<comp id="42" class="1001" name="const_42">
<pin_list>
<pin id="43" dir="1" index="0" bw="1" slack="2147483647"/>
</pin_list>
<bind>
<StgValue><ssdm name=""/></StgValue>
</bind>
</comp>

<comp id="44" class="1001" name="const_44">
<pin_list>
<pin id="45" dir="1" index="0" bw="1" slack="2147483647"/>
</pin_list>
<bind>
<StgValue><ssdm name="empty_49"/></StgValue>
</bind>
</comp>

<comp id="46" class="1001" name="const_46">
<pin_list>
<pin id="47" dir="1" index="0" bw="1" slack="0"/>
</pin_list>
<bind>
<StgValue><ssdm name=""/></StgValue>
</bind>
</comp>

<comp id="48" class="1001" name="const_48">
<pin_list>
<pin id="49" dir="1" index="0" bw="1" slack="0"/>
</pin_list>
<bind>
<StgValue><ssdm name=""/></StgValue>
</bind>
</comp>

<comp id="50" class="1001" name="const_50">
<pin_list>
<pin id="51" dir="1" index="0" bw="1" slack="0"/>
</pin_list>
<bind>
<StgValue><ssdm name=""/></StgValue>
</bind>
</comp>

<comp id="52" class="1001" name="const_52">
<pin_list>
<pin id="53" dir="1" index="0" bw="1" slack="0"/>
</pin_list>
<bind>
<StgValue><ssdm name=""/></StgValue>
</bind>
</comp>

<comp id="54" class="1001" name="const_54">
<pin_list>
<pin id="55" dir="1" index="0" bw="1" slack="0"/>
</pin_list>
<bind>
<StgValue><ssdm name=""/></StgValue>
</bind>
</comp>

<comp id="56" class="1001" name="const_56">
<pin_list>
<pin id="57" dir="1" index="0" bw="1" slack="0"/>
</pin_list>
<bind>
<StgValue><ssdm name="_ssdm_op_ReadReq.m_axi.p1i32"/></StgValue>
</bind>
</comp>

<comp id="58" class="1001" name="const_58">
<pin_list>
<pin id="59" dir="1" index="0" bw="1" slack="0"/>
</pin_list>
<bind>
<StgValue><ssdm name=""/></StgValue>
</bind>
</comp>

<comp id="60" class="1001" name="const_60">
<pin_list>
<pin id="61" dir="1" index="0" bw="1" slack="0"/>
</pin_list>
<bind>
<StgValue><ssdm name="_ssdm_op_Read.m_axi.p1i32"/></StgValue>
</bind>
</comp>

<comp id="62" class="1001" name="const_62">
<pin_list>
<pin id="63" dir="1" index="0" bw="1" slack="2147483647"/>
</pin_list>
<bind>
<StgValue><ssdm name="_ssdm_op_SpecPipeline"/></StgValue>
</bind>
</comp>

<comp id="64" class="1001" name="const_64">
<pin_list>
<pin id="65" dir="1" index="0" bw="1" slack="2147483647"/>
</pin_list>
<bind>
<StgValue><ssdm name="p_str"/></StgValue>
</bind>
</comp>

<comp id="66" class="1001" name="const_66">
<pin_list>
<pin id="67" dir="1" index="0" bw="1" slack="2147483647"/>
</pin_list>
<bind>
<StgValue><ssdm name="_ssdm_op_SpecLoopTripCount"/></StgValue>
</bind>
</comp>

<comp id="68" class="1001" name="const_68">
<pin_list>
<pin id="69" dir="1" index="0" bw="1" slack="2147483647"/>
</pin_list>
<bind>
<StgValue><ssdm name=""/></StgValue>
</bind>
</comp>

<comp id="70" class="1001" name="const_70">
<pin_list>
<pin id="71" dir="1" index="0" bw="1" slack="0"/>
</pin_list>
<bind>
<StgValue><ssdm name="_ssdm_op_WriteReq.m_axi.p1i32"/></StgValue>
</bind>
</comp>

<comp id="72" class="1001" name="const_72">
<pin_list>
<pin id="73" dir="1" index="0" bw="1" slack="2147483647"/>
</pin_list>
<bind>
<StgValue><ssdm name="_ssdm_op_SpecLoopName"/></StgValue>
</bind>
</comp>

<comp id="74" class="1001" name="const_74">
<pin_list>
<pin id="75" dir="1" index="0" bw="1" slack="2147483647"/>
</pin_list>
<bind>
<StgValue><ssdm name="empty_44"/></StgValue>
</bind>
</comp>

<comp id="76" class="1001" name="const_76">
<pin_list>
<pin id="77" dir="1" index="0" bw="1" slack="0"/>
</pin_list>
<bind>
<StgValue><ssdm name="_ssdm_op_Write.m_axi.p1i32"/></StgValue>
</bind>
</comp>

<comp id="78" class="1001" name="const_78">
<pin_list>
<pin id="79" dir="1" index="0" bw="1" slack="0"/>
</pin_list>
<bind>
<StgValue><ssdm name=""/></StgValue>
</bind>
</comp>

<comp id="80" class="1001" name="const_80">
<pin_list>
<pin id="81" dir="1" index="0" bw="1" slack="0"/>
</pin_list>
<bind>
<StgValue><ssdm name="_ssdm_op_WriteResp.m_axi.p1i32"/></StgValue>
</bind>
</comp>

<comp id="82" class="1004" name="w_fu_82">
<pin_list>
<pin id="83" dir="0" index="0" bw="1" slack="0"/>
<pin id="84" dir="1" index="1" bw="7" slack="0"/>
</pin_list>
<bind>
<opcode="alloca(26) " fcode="alloca"/>
<opset="w/1 "/>
</bind>
</comp>

<comp id="86" class="1004" name="conv3_mid2_read_read_fu_86">
<pin_list>
<pin id="87" dir="0" index="0" bw="64" slack="0"/>
<pin id="88" dir="0" index="1" bw="64" slack="0"/>
<pin id="89" dir="1" index="2" bw="64" slack="23"/>
</pin_list>
<bind>
<opcode="read(1150) " fcode="read"/>
<opset="conv3_mid2_read/1 "/>
</bind>
</comp>

<comp id="92" class="1004" name="conv2_mid2_read_read_fu_92">
<pin_list>
<pin id="93" dir="0" index="0" bw="64" slack="0"/>
<pin id="94" dir="0" index="1" bw="64" slack="0"/>
<pin id="95" dir="1" index="2" bw="64" slack="21"/>
</pin_list>
<bind>
<opcode="read(1150) " fcode="read"/>
<opset="conv2_mid2_read/1 "/>
</bind>
</comp>

<comp id="98" class="1004" name="tmp_read_read_fu_98">
<pin_list>
<pin id="99" dir="0" index="0" bw="64" slack="0"/>
<pin id="100" dir="0" index="1" bw="64" slack="0"/>
<pin id="101" dir="1" index="2" bw="64" slack="12"/>
</pin_list>
<bind>
<opcode="read(1150) " fcode="read"/>
<opset="tmp_read/1 "/>
</bind>
</comp>

<comp id="104" class="1004" name="bitcast_ln14_read_read_fu_104">
<pin_list>
<pin id="105" dir="0" index="0" bw="32" slack="0"/>
<pin id="106" dir="0" index="1" bw="32" slack="0"/>
<pin id="107" dir="1" index="2" bw="32" slack="9"/>
</pin_list>
<bind>
<opcode="read(1150) " fcode="read"/>
<opset="bitcast_ln14_read/1 "/>
</bind>
</comp>

<comp id="110" class="1004" name="sext_ln16_1_read_read_fu_110">
<pin_list>
<pin id="111" dir="0" index="0" bw="62" slack="0"/>
<pin id="112" dir="0" index="1" bw="62" slack="0"/>
<pin id="113" dir="1" index="2" bw="62" slack="0"/>
</pin_list>
<bind>
<opcode="read(1150) " fcode="read"/>
<opset="sext_ln16_1_read/1 "/>
</bind>
</comp>

<comp id="116" class="1004" name="sext_ln16_read_read_fu_116">
<pin_list>
<pin id="117" dir="0" index="0" bw="62" slack="0"/>
<pin id="118" dir="0" index="1" bw="62" slack="0"/>
<pin id="119" dir="1" index="2" bw="62" slack="0"/>
</pin_list>
<bind>
<opcode="read(1150) " fcode="read"/>
<opset="sext_ln16_read/1 "/>
</bind>
</comp>

<comp id="122" class="1004" name="grp_readreq_fu_122">
<pin_list>
<pin id="123" dir="0" index="0" bw="1" slack="0"/>
<pin id="124" dir="0" index="1" bw="32" slack="0"/>
<pin id="125" dir="0" index="2" bw="8" slack="0"/>
<pin id="126" dir="1" index="3" bw="1" slack="2147483647"/>
</pin_list>
<bind>
<opcode="readreq(1154) " fcode="readreq"/>
<opset="empty_173/2 "/>
</bind>
</comp>

<comp id="129" class="1004" name="gmem1_addr_read_read_fu_129">
<pin_list>
<pin id="130" dir="0" index="0" bw="32" slack="0"/>
<pin id="131" dir="0" index="1" bw="32" slack="7"/>
<pin id="132" dir="1" index="2" bw="32" slack="1"/>
</pin_list>
<bind>
<opcode="read(1150) " fcode="read"/>
<opset="gmem1_addr_read/9 "/>
</bind>
</comp>

<comp id="134" class="1004" name="grp_writeresp_fu_134">
<pin_list>
<pin id="135" dir="0" index="0" bw="1" slack="0"/>
<pin id="136" dir="0" index="1" bw="32" slack="0"/>
<pin id="137" dir="0" index="2" bw="8" slack="0"/>
<pin id="138" dir="1" index="3" bw="1" slack="2147483647"/>
</pin_list>
<bind>
<opcode="writereq(1155) writeresp(1158) " fcode="writeresp"/>
<opset="empty_174/26 empty_172/28 "/>
</bind>
</comp>

<comp id="141" class="1004" name="write_ln17_write_fu_141">
<pin_list>
<pin id="142" dir="0" index="0" bw="0" slack="0"/>
<pin id="143" dir="0" index="1" bw="32" slack="1"/>
<pin id="144" dir="0" index="2" bw="32" slack="0"/>
<pin id="145" dir="0" index="3" bw="1" slack="0"/>
<pin id="146" dir="1" index="4" bw="0" slack="2147483647"/>
</pin_list>
<bind>
<opcode="write(1151) " fcode="write"/>
<opset="write_ln17/27 "/>
</bind>
</comp>

<comp id="150" class="1005" name="first_iter_0_reg_150">
<pin_list>
<pin id="151" dir="0" index="0" bw="1" slack="1"/>
<pin id="152" dir="1" index="1" bw="1" slack="2147483647"/>
</pin_list>
<bind>
<opset="first_iter_0 (phireg) "/>
</bind>
</comp>

<comp id="153" class="1004" name="first_iter_0_phi_fu_153">
<pin_list>
<pin id="154" dir="0" index="0" bw="1" slack="0"/>
<pin id="155" dir="0" index="1" bw="0" slack="2147483647"/>
<pin id="156" dir="0" index="2" bw="1" slack="0"/>
<pin id="157" dir="0" index="3" bw="0" slack="2147483647"/>
<pin id="158" dir="1" index="4" bw="1" slack="1"/>
</pin_list>
<bind>
<opcode="phi(47) " fcode="phi"/>
<opset="first_iter_0/1 "/>
</bind>
</comp>

<comp id="162" class="1004" name="grp_fu_162">
<pin_list>
<pin id="163" dir="0" index="0" bw="32" slack="0"/>
<pin id="164" dir="0" index="1" bw="32" slack="9"/>
<pin id="165" dir="1" index="2" bw="32" slack="1"/>
</pin_list>
<bind>
<opcode="fsub(11) " fcode="fadd"/>
<opset="sub/10 "/>
</bind>
</comp>

<comp id="166" class="1004" name="conv4_fu_166">
<pin_list>
<pin id="167" dir="0" index="0" bw="64" slack="1"/>
<pin id="168" dir="1" index="1" bw="32" slack="1"/>
</pin_list>
<bind>
<opcode="fptrunc(40) " fcode="fptrunc"/>
<opset="conv4/26 "/>
</bind>
</comp>

<comp id="169" class="1004" name="conv_fu_169">
<pin_list>
<pin id="170" dir="0" index="0" bw="32" slack="1"/>
<pin id="171" dir="1" index="1" bw="64" slack="1"/>
</pin_list>
<bind>
<opcode="fpext(41) " fcode="fpext"/>
<opset="conv/12 "/>
</bind>
</comp>

<comp id="172" class="1004" name="grp_fu_172">
<pin_list>
<pin id="173" dir="0" index="0" bw="64" slack="1"/>
<pin id="174" dir="0" index="1" bw="64" slack="23"/>
<pin id="175" dir="1" index="2" bw="64" slack="1"/>
</pin_list>
<bind>
<opcode="dadd(508) " fcode="dadd"/>
<opset="add3/24 "/>
</bind>
</comp>

<comp id="176" class="1004" name="grp_fu_176">
<pin_list>
<pin id="177" dir="0" index="0" bw="64" slack="1"/>
<pin id="178" dir="0" index="1" bw="64" slack="21"/>
<pin id="179" dir="1" index="2" bw="64" slack="1"/>
</pin_list>
<bind>
<opcode="dmul(510) " fcode="dmul"/>
<opset="mul/22 "/>
</bind>
</comp>

<comp id="180" class="1004" name="grp_fu_180">
<pin_list>
<pin id="181" dir="0" index="0" bw="64" slack="1"/>
<pin id="182" dir="0" index="1" bw="64" slack="12"/>
<pin id="183" dir="1" index="2" bw="64" slack="1"/>
</pin_list>
<bind>
<opcode="ddiv(511) " fcode="ddiv"/>
<opset="div/13 "/>
</bind>
</comp>

<comp id="184" class="1004" name="sext_ln16_1_cast_fu_184">
<pin_list>
<pin id="185" dir="0" index="0" bw="62" slack="0"/>
<pin id="186" dir="1" index="1" bw="64" slack="25"/>
</pin_list>
<bind>
<opcode="sext(35) " fcode="sext"/>
<opset="sext_ln16_1_cast/1 "/>
</bind>
</comp>

<comp id="188" class="1004" name="sext_ln16_cast_fu_188">
<pin_list>
<pin id="189" dir="0" index="0" bw="62" slack="0"/>
<pin id="190" dir="1" index="1" bw="64" slack="1"/>
</pin_list>
<bind>
<opcode="sext(35) " fcode="sext"/>
<opset="sext_ln16_cast/1 "/>
</bind>
</comp>

<comp id="192" class="1004" name="store_ln0_store_fu_192">
<pin_list>
<pin id="193" dir="0" index="0" bw="1" slack="0"/>
<pin id="194" dir="0" index="1" bw="7" slack="0"/>
<pin id="195" dir="1" index="2" bw="0" slack="2147483647"/>
</pin_list>
<bind>
<opcode="store(28) " fcode="store"/>
<opset="store_ln0/1 "/>
</bind>
</comp>

<comp id="197" class="1004" name="w_1_load_fu_197">
<pin_list>
<pin id="198" dir="0" index="0" bw="7" slack="0"/>
<pin id="199" dir="1" index="1" bw="7" slack="0"/>
</pin_list>
<bind>
<opcode="load(27) " fcode="load"/>
<opset="w_1/1 "/>
</bind>
</comp>

<comp id="200" class="1004" name="icmp_ln16_fu_200">
<pin_list>
<pin id="201" dir="0" index="0" bw="7" slack="0"/>
<pin id="202" dir="0" index="1" bw="5" slack="0"/>
<pin id="203" dir="1" index="2" bw="1" slack="1"/>
</pin_list>
<bind>
<opcode="icmp(45) " fcode="icmp"/>
<opset="icmp_ln16/1 "/>
</bind>
</comp>

<comp id="206" class="1004" name="add_ln16_fu_206">
<pin_list>
<pin id="207" dir="0" index="0" bw="7" slack="0"/>
<pin id="208" dir="0" index="1" bw="1" slack="0"/>
<pin id="209" dir="1" index="2" bw="7" slack="0"/>
</pin_list>
<bind>
<opcode="add(8) " fcode="add"/>
<opset="add_ln16/1 "/>
</bind>
</comp>

<comp id="212" class="1004" name="icmp_ln16_1_fu_212">
<pin_list>
<pin id="213" dir="0" index="0" bw="7" slack="0"/>
<pin id="214" dir="0" index="1" bw="5" slack="0"/>
<pin id="215" dir="1" index="2" bw="1" slack="27"/>
</pin_list>
<bind>
<opcode="icmp(45) " fcode="icmp"/>
<opset="icmp_ln16_1/1 "/>
</bind>
</comp>

<comp id="218" class="1004" name="store_ln16_store_fu_218">
<pin_list>
<pin id="219" dir="0" index="0" bw="7" slack="0"/>
<pin id="220" dir="0" index="1" bw="7" slack="0"/>
<pin id="221" dir="1" index="2" bw="0" slack="2147483647"/>
</pin_list>
<bind>
<opcode="store(28) " fcode="store"/>
<opset="store_ln16/1 "/>
</bind>
</comp>

<comp id="223" class="1004" name="gmem1_addr_fu_223">
<pin_list>
<pin id="224" dir="0" index="0" bw="32" slack="0"/>
<pin id="225" dir="0" index="1" bw="62" slack="1"/>
<pin id="226" dir="1" index="2" bw="32" slack="0"/>
</pin_list>
<bind>
<opcode="getelementptr(29) " fcode="getelementptr"/>
<opset="gmem1_addr/2 "/>
</bind>
</comp>

<comp id="229" class="1004" name="bitcast_ln17_fu_229">
<pin_list>
<pin id="230" dir="0" index="0" bw="32" slack="1"/>
<pin id="231" dir="1" index="1" bw="32" slack="0"/>
</pin_list>
<bind>
<opcode="bitcast(44) " fcode="bitcast"/>
<opset="bitcast_ln17/10 "/>
</bind>
</comp>

<comp id="233" class="1004" name="gmem2_addr_fu_233">
<pin_list>
<pin id="234" dir="0" index="0" bw="32" slack="0"/>
<pin id="235" dir="0" index="1" bw="62" slack="25"/>
<pin id="236" dir="1" index="2" bw="32" slack="0"/>
</pin_list>
<bind>
<opcode="getelementptr(29) " fcode="getelementptr"/>
<opset="gmem2_addr/26 "/>
</bind>
</comp>

<comp id="239" class="1004" name="bitcast_ln17_1_fu_239">
<pin_list>
<pin id="240" dir="0" index="0" bw="32" slack="1"/>
<pin id="241" dir="1" index="1" bw="32" slack="0"/>
</pin_list>
<bind>
<opcode="bitcast(44) " fcode="bitcast"/>
<opset="bitcast_ln17_1/27 "/>
</bind>
</comp>

<comp id="243" class="1005" name="w_reg_243">
<pin_list>
<pin id="244" dir="0" index="0" bw="7" slack="0"/>
<pin id="245" dir="1" index="1" bw="7" slack="0"/>
</pin_list>
<bind>
<opset="w "/>
</bind>
</comp>

<comp id="250" class="1005" name="conv3_mid2_read_reg_250">
<pin_list>
<pin id="251" dir="0" index="0" bw="64" slack="23"/>
<pin id="252" dir="1" index="1" bw="64" slack="23"/>
</pin_list>
<bind>
<opset="conv3_mid2_read "/>
</bind>
</comp>

<comp id="255" class="1005" name="conv2_mid2_read_reg_255">
<pin_list>
<pin id="256" dir="0" index="0" bw="64" slack="21"/>
<pin id="257" dir="1" index="1" bw="64" slack="21"/>
</pin_list>
<bind>
<opset="conv2_mid2_read "/>
</bind>
</comp>

<comp id="260" class="1005" name="tmp_read_reg_260">
<pin_list>
<pin id="261" dir="0" index="0" bw="64" slack="12"/>
<pin id="262" dir="1" index="1" bw="64" slack="12"/>
</pin_list>
<bind>
<opset="tmp_read "/>
</bind>
</comp>

<comp id="265" class="1005" name="bitcast_ln14_read_reg_265">
<pin_list>
<pin id="266" dir="0" index="0" bw="32" slack="9"/>
<pin id="267" dir="1" index="1" bw="32" slack="9"/>
</pin_list>
<bind>
<opset="bitcast_ln14_read "/>
</bind>
</comp>

<comp id="270" class="1005" name="sext_ln16_1_cast_reg_270">
<pin_list>
<pin id="271" dir="0" index="0" bw="64" slack="25"/>
<pin id="272" dir="1" index="1" bw="64" slack="25"/>
</pin_list>
<bind>
<opset="sext_ln16_1_cast "/>
</bind>
</comp>

<comp id="275" class="1005" name="sext_ln16_cast_reg_275">
<pin_list>
<pin id="276" dir="0" index="0" bw="64" slack="1"/>
<pin id="277" dir="1" index="1" bw="64" slack="1"/>
</pin_list>
<bind>
<opset="sext_ln16_cast "/>
</bind>
</comp>

<comp id="280" class="1005" name="icmp_ln16_reg_280">
<pin_list>
<pin id="281" dir="0" index="0" bw="1" slack="1"/>
<pin id="282" dir="1" index="1" bw="1" slack="2147483647"/>
</pin_list>
<bind>
<opset="icmp_ln16 "/>
</bind>
</comp>

<comp id="284" class="1005" name="icmp_ln16_1_reg_284">
<pin_list>
<pin id="285" dir="0" index="0" bw="1" slack="27"/>
<pin id="286" dir="1" index="1" bw="1" slack="2147483647"/>
</pin_list>
<bind>
<opset="icmp_ln16_1 "/>
</bind>
</comp>

<comp id="288" class="1005" name="gmem1_addr_reg_288">
<pin_list>
<pin id="289" dir="0" index="0" bw="32" slack="1"/>
<pin id="290" dir="1" index="1" bw="32" slack="1"/>
</pin_list>
<bind>
<opset="gmem1_addr "/>
</bind>
</comp>

<comp id="294" class="1005" name="gmem1_addr_read_reg_294">
<pin_list>
<pin id="295" dir="0" index="0" bw="32" slack="1"/>
<pin id="296" dir="1" index="1" bw="32" slack="1"/>
</pin_list>
<bind>
<opset="gmem1_addr_read "/>
</bind>
</comp>

<comp id="299" class="1005" name="bitcast_ln17_reg_299">
<pin_list>
<pin id="300" dir="0" index="0" bw="32" slack="1"/>
<pin id="301" dir="1" index="1" bw="32" slack="1"/>
</pin_list>
<bind>
<opset="bitcast_ln17 "/>
</bind>
</comp>

<comp id="304" class="1005" name="sub_reg_304">
<pin_list>
<pin id="305" dir="0" index="0" bw="32" slack="1"/>
<pin id="306" dir="1" index="1" bw="32" slack="1"/>
</pin_list>
<bind>
<opset="sub "/>
</bind>
</comp>

<comp id="309" class="1005" name="conv_reg_309">
<pin_list>
<pin id="310" dir="0" index="0" bw="64" slack="1"/>
<pin id="311" dir="1" index="1" bw="64" slack="1"/>
</pin_list>
<bind>
<opset="conv "/>
</bind>
</comp>

<comp id="314" class="1005" name="div_reg_314">
<pin_list>
<pin id="315" dir="0" index="0" bw="64" slack="1"/>
<pin id="316" dir="1" index="1" bw="64" slack="1"/>
</pin_list>
<bind>
<opset="div "/>
</bind>
</comp>

<comp id="319" class="1005" name="mul_reg_319">
<pin_list>
<pin id="320" dir="0" index="0" bw="64" slack="1"/>
<pin id="321" dir="1" index="1" bw="64" slack="1"/>
</pin_list>
<bind>
<opset="mul "/>
</bind>
</comp>

<comp id="324" class="1005" name="add3_reg_324">
<pin_list>
<pin id="325" dir="0" index="0" bw="64" slack="1"/>
<pin id="326" dir="1" index="1" bw="64" slack="1"/>
</pin_list>
<bind>
<opset="add3 "/>
</bind>
</comp>

<comp id="329" class="1005" name="gmem2_addr_reg_329">
<pin_list>
<pin id="330" dir="0" index="0" bw="32" slack="1"/>
<pin id="331" dir="1" index="1" bw="32" slack="1"/>
</pin_list>
<bind>
<opset="gmem2_addr "/>
</bind>
</comp>

<comp id="335" class="1005" name="conv4_reg_335">
<pin_list>
<pin id="336" dir="0" index="0" bw="32" slack="1"/>
<pin id="337" dir="1" index="1" bw="32" slack="1"/>
</pin_list>
<bind>
<opset="conv4 "/>
</bind>
</comp>

</comp_list>

<net_list>
<net id="85"><net_src comp="16" pin="0"/><net_sink comp="82" pin=0"/></net>

<net id="90"><net_src comp="18" pin="0"/><net_sink comp="86" pin=0"/></net>

<net id="91"><net_src comp="14" pin="0"/><net_sink comp="86" pin=1"/></net>

<net id="96"><net_src comp="18" pin="0"/><net_sink comp="92" pin=0"/></net>

<net id="97"><net_src comp="12" pin="0"/><net_sink comp="92" pin=1"/></net>

<net id="102"><net_src comp="18" pin="0"/><net_sink comp="98" pin=0"/></net>

<net id="103"><net_src comp="10" pin="0"/><net_sink comp="98" pin=1"/></net>

<net id="108"><net_src comp="20" pin="0"/><net_sink comp="104" pin=0"/></net>

<net id="109"><net_src comp="8" pin="0"/><net_sink comp="104" pin=1"/></net>

<net id="114"><net_src comp="22" pin="0"/><net_sink comp="110" pin=0"/></net>

<net id="115"><net_src comp="6" pin="0"/><net_sink comp="110" pin=1"/></net>

<net id="120"><net_src comp="22" pin="0"/><net_sink comp="116" pin=0"/></net>

<net id="121"><net_src comp="2" pin="0"/><net_sink comp="116" pin=1"/></net>

<net id="127"><net_src comp="56" pin="0"/><net_sink comp="122" pin=0"/></net>

<net id="128"><net_src comp="58" pin="0"/><net_sink comp="122" pin=2"/></net>

<net id="133"><net_src comp="60" pin="0"/><net_sink comp="129" pin=0"/></net>

<net id="139"><net_src comp="70" pin="0"/><net_sink comp="134" pin=0"/></net>

<net id="140"><net_src comp="58" pin="0"/><net_sink comp="134" pin=2"/></net>

<net id="147"><net_src comp="76" pin="0"/><net_sink comp="141" pin=0"/></net>

<net id="148"><net_src comp="78" pin="0"/><net_sink comp="141" pin=3"/></net>

<net id="149"><net_src comp="80" pin="0"/><net_sink comp="134" pin=0"/></net>

<net id="159"><net_src comp="48" pin="0"/><net_sink comp="153" pin=0"/></net>

<net id="160"><net_src comp="50" pin="0"/><net_sink comp="153" pin=2"/></net>

<net id="161"><net_src comp="153" pin="4"/><net_sink comp="150" pin=0"/></net>

<net id="187"><net_src comp="110" pin="2"/><net_sink comp="184" pin=0"/></net>

<net id="191"><net_src comp="116" pin="2"/><net_sink comp="188" pin=0"/></net>

<net id="196"><net_src comp="46" pin="0"/><net_sink comp="192" pin=0"/></net>

<net id="204"><net_src comp="197" pin="1"/><net_sink comp="200" pin=0"/></net>

<net id="205"><net_src comp="52" pin="0"/><net_sink comp="200" pin=1"/></net>

<net id="210"><net_src comp="197" pin="1"/><net_sink comp="206" pin=0"/></net>

<net id="211"><net_src comp="54" pin="0"/><net_sink comp="206" pin=1"/></net>

<net id="216"><net_src comp="206" pin="2"/><net_sink comp="212" pin=0"/></net>

<net id="217"><net_src comp="52" pin="0"/><net_sink comp="212" pin=1"/></net>

<net id="222"><net_src comp="206" pin="2"/><net_sink comp="218" pin=0"/></net>

<net id="227"><net_src comp="0" pin="0"/><net_sink comp="223" pin=0"/></net>

<net id="228"><net_src comp="223" pin="2"/><net_sink comp="122" pin=1"/></net>

<net id="232"><net_src comp="229" pin="1"/><net_sink comp="162" pin=0"/></net>

<net id="237"><net_src comp="4" pin="0"/><net_sink comp="233" pin=0"/></net>

<net id="238"><net_src comp="233" pin="2"/><net_sink comp="134" pin=1"/></net>

<net id="242"><net_src comp="239" pin="1"/><net_sink comp="141" pin=2"/></net>

<net id="246"><net_src comp="82" pin="1"/><net_sink comp="243" pin=0"/></net>

<net id="247"><net_src comp="243" pin="1"/><net_sink comp="192" pin=1"/></net>

<net id="248"><net_src comp="243" pin="1"/><net_sink comp="197" pin=0"/></net>

<net id="249"><net_src comp="243" pin="1"/><net_sink comp="218" pin=1"/></net>

<net id="253"><net_src comp="86" pin="2"/><net_sink comp="250" pin=0"/></net>

<net id="254"><net_src comp="250" pin="1"/><net_sink comp="172" pin=1"/></net>

<net id="258"><net_src comp="92" pin="2"/><net_sink comp="255" pin=0"/></net>

<net id="259"><net_src comp="255" pin="1"/><net_sink comp="176" pin=1"/></net>

<net id="263"><net_src comp="98" pin="2"/><net_sink comp="260" pin=0"/></net>

<net id="264"><net_src comp="260" pin="1"/><net_sink comp="180" pin=1"/></net>

<net id="268"><net_src comp="104" pin="2"/><net_sink comp="265" pin=0"/></net>

<net id="269"><net_src comp="265" pin="1"/><net_sink comp="162" pin=1"/></net>

<net id="273"><net_src comp="184" pin="1"/><net_sink comp="270" pin=0"/></net>

<net id="274"><net_src comp="270" pin="1"/><net_sink comp="233" pin=1"/></net>

<net id="278"><net_src comp="188" pin="1"/><net_sink comp="275" pin=0"/></net>

<net id="279"><net_src comp="275" pin="1"/><net_sink comp="223" pin=1"/></net>

<net id="283"><net_src comp="200" pin="2"/><net_sink comp="280" pin=0"/></net>

<net id="287"><net_src comp="212" pin="2"/><net_sink comp="284" pin=0"/></net>

<net id="291"><net_src comp="223" pin="2"/><net_sink comp="288" pin=0"/></net>

<net id="292"><net_src comp="288" pin="1"/><net_sink comp="122" pin=1"/></net>

<net id="293"><net_src comp="288" pin="1"/><net_sink comp="129" pin=1"/></net>

<net id="297"><net_src comp="129" pin="2"/><net_sink comp="294" pin=0"/></net>

<net id="298"><net_src comp="294" pin="1"/><net_sink comp="229" pin=0"/></net>

<net id="302"><net_src comp="229" pin="1"/><net_sink comp="299" pin=0"/></net>

<net id="303"><net_src comp="299" pin="1"/><net_sink comp="162" pin=0"/></net>

<net id="307"><net_src comp="162" pin="2"/><net_sink comp="304" pin=0"/></net>

<net id="308"><net_src comp="304" pin="1"/><net_sink comp="169" pin=0"/></net>

<net id="312"><net_src comp="169" pin="1"/><net_sink comp="309" pin=0"/></net>

<net id="313"><net_src comp="309" pin="1"/><net_sink comp="180" pin=0"/></net>

<net id="317"><net_src comp="180" pin="2"/><net_sink comp="314" pin=0"/></net>

<net id="318"><net_src comp="314" pin="1"/><net_sink comp="176" pin=0"/></net>

<net id="322"><net_src comp="176" pin="2"/><net_sink comp="319" pin=0"/></net>

<net id="323"><net_src comp="319" pin="1"/><net_sink comp="172" pin=0"/></net>

<net id="327"><net_src comp="172" pin="2"/><net_sink comp="324" pin=0"/></net>

<net id="328"><net_src comp="324" pin="1"/><net_sink comp="166" pin=0"/></net>

<net id="332"><net_src comp="233" pin="2"/><net_sink comp="329" pin=0"/></net>

<net id="333"><net_src comp="329" pin="1"/><net_sink comp="141" pin=1"/></net>

<net id="334"><net_src comp="329" pin="1"/><net_sink comp="134" pin=1"/></net>

<net id="338"><net_src comp="166" pin="1"/><net_sink comp="335" pin=0"/></net>

<net id="339"><net_src comp="335" pin="1"/><net_sink comp="239" pin=0"/></net>

</net_list>

</model> 
---------------- Datapath Model END ------------------

* FSMD analyzer results:
  - Output states:
	Port: gmem2 | {26 27 28 29 30 31 32 }
 - Input state : 
	Port: BatchNorm.4.5.6.7.11.13.1_Pipeline_VITIS_LOOP_16_4 : gmem1 | {2 3 4 5 6 7 8 9 }
	Port: BatchNorm.4.5.6.7.11.13.1_Pipeline_VITIS_LOOP_16_4 : sext_ln16 | {1 }
	Port: BatchNorm.4.5.6.7.11.13.1_Pipeline_VITIS_LOOP_16_4 : sext_ln16_1 | {1 }
	Port: BatchNorm.4.5.6.7.11.13.1_Pipeline_VITIS_LOOP_16_4 : bitcast_ln14 | {1 }
	Port: BatchNorm.4.5.6.7.11.13.1_Pipeline_VITIS_LOOP_16_4 : tmp | {1 }
	Port: BatchNorm.4.5.6.7.11.13.1_Pipeline_VITIS_LOOP_16_4 : conv2_mid2 | {1 }
	Port: BatchNorm.4.5.6.7.11.13.1_Pipeline_VITIS_LOOP_16_4 : conv3_mid2 | {1 }
  - Chain level:
	State 1
		store_ln0 : 1
		first_iter_0 : 1
		w_1 : 1
		icmp_ln16 : 2
		add_ln16 : 2
		br_ln16 : 3
		br_ln16 : 2
		icmp_ln16_1 : 3
		br_ln16 : 4
		store_ln16 : 3
	State 2
		empty_173 : 1
	State 3
	State 4
	State 5
	State 6
	State 7
	State 8
	State 9
	State 10
		sub : 1
	State 11
	State 12
	State 13
	State 14
	State 15
	State 16
	State 17
	State 18
	State 19
	State 20
	State 21
	State 22
	State 23
	State 24
	State 25
	State 26
		empty_174 : 1
	State 27
		write_ln17 : 1
	State 28
	State 29
	State 30
	State 31
	State 32


============================================================
+ Verbose Summary: Datapath Resource usage 
============================================================

* Functional unit list:
|----------|-------------------------------|---------|---------|---------|
| Operation|        Functional Unit        |   DSP   |    FF   |   LUT   |
|----------|-------------------------------|---------|---------|---------|
|   dadd   |           grp_fu_172          |    3    |   343   |   708   |
|----------|-------------------------------|---------|---------|---------|
|   fadd   |           grp_fu_162          |    2    |   177   |   226   |
|----------|-------------------------------|---------|---------|---------|
|   dmul   |           grp_fu_176          |    8    |   256   |   106   |
|----------|-------------------------------|---------|---------|---------|
|   icmp   |        icmp_ln16_fu_200       |    0    |    0    |    10   |
|          |       icmp_ln16_1_fu_212      |    0    |    0    |    10   |
|----------|-------------------------------|---------|---------|---------|
|    add   |        add_ln16_fu_206        |    0    |    0    |    14   |
|----------|-------------------------------|---------|---------|---------|
|          |   conv3_mid2_read_read_fu_86  |    0    |    0    |    0    |
|          |   conv2_mid2_read_read_fu_92  |    0    |    0    |    0    |
|          |      tmp_read_read_fu_98      |    0    |    0    |    0    |
|   read   | bitcast_ln14_read_read_fu_104 |    0    |    0    |    0    |
|          |  sext_ln16_1_read_read_fu_110 |    0    |    0    |    0    |
|          |   sext_ln16_read_read_fu_116  |    0    |    0    |    0    |
|          |  gmem1_addr_read_read_fu_129  |    0    |    0    |    0    |
|----------|-------------------------------|---------|---------|---------|
|  readreq |       grp_readreq_fu_122      |    0    |    0    |    0    |
|----------|-------------------------------|---------|---------|---------|
| writeresp|      grp_writeresp_fu_134     |    0    |    0    |    0    |
|----------|-------------------------------|---------|---------|---------|
|   write  |    write_ln17_write_fu_141    |    0    |    0    |    0    |
|----------|-------------------------------|---------|---------|---------|
|  fptrunc |          conv4_fu_166         |    0    |    0    |    0    |
|----------|-------------------------------|---------|---------|---------|
|   fpext  |          conv_fu_169          |    0    |    0    |    0    |
|----------|-------------------------------|---------|---------|---------|
|   ddiv   |           grp_fu_180          |    0    |    0    |    0    |
|----------|-------------------------------|---------|---------|---------|
|   sext   |    sext_ln16_1_cast_fu_184    |    0    |    0    |    0    |
|          |     sext_ln16_cast_fu_188     |    0    |    0    |    0    |
|----------|-------------------------------|---------|---------|---------|
|   Total  |                               |    13   |   776   |   1074  |
|----------|-------------------------------|---------|---------|---------|

Memories:
N/A

* Register list:
+-------------------------+--------+
|                         |   FF   |
+-------------------------+--------+
|       add3_reg_324      |   64   |
|bitcast_ln14_read_reg_265|   32   |
|   bitcast_ln17_reg_299  |   32   |
| conv2_mid2_read_reg_255 |   64   |
| conv3_mid2_read_reg_250 |   64   |
|      conv4_reg_335      |   32   |
|       conv_reg_309      |   64   |
|       div_reg_314       |   64   |
|   first_iter_0_reg_150  |    1   |
| gmem1_addr_read_reg_294 |   32   |
|    gmem1_addr_reg_288   |   32   |
|    gmem2_addr_reg_329   |   32   |
|   icmp_ln16_1_reg_284   |    1   |
|    icmp_ln16_reg_280    |    1   |
|       mul_reg_319       |   64   |
| sext_ln16_1_cast_reg_270|   64   |
|  sext_ln16_cast_reg_275 |   64   |
|       sub_reg_304       |   32   |
|     tmp_read_reg_260    |   64   |
|        w_reg_243        |    7   |
+-------------------------+--------+
|          Total          |   810  |
+-------------------------+--------+

* Multiplexer (MUX) list: 
|----------------------|------|------|------|--------||---------||---------|
|         Comp         |  Pin | Size |  BW  | S x BW ||  Delay  ||   LUT   |
|----------------------|------|------|------|--------||---------||---------|
|  grp_readreq_fu_122  |  p1  |   2  |  32  |   64   ||    9    |
| grp_writeresp_fu_134 |  p0  |   2  |   1  |    2   |
| grp_writeresp_fu_134 |  p1  |   2  |  32  |   64   ||    9    |
|      grp_fu_162      |  p0  |   2  |  32  |   64   ||    9    |
|----------------------|------|------|------|--------||---------||---------|
|         Total        |      |      |      |   194  ||  1.548  ||    27   |
|----------------------|------|------|------|--------||---------||---------|



* Summary:
+-----------+--------+--------+--------+--------+
|           |   DSP  |  Delay |   FF   |   LUT  |
+-----------+--------+--------+--------+--------+
|  Function |   13   |    -   |   776  |  1074  |
|   Memory  |    -   |    -   |    -   |    -   |
|Multiplexer|    -   |    1   |    -   |   27   |
|  Register |    -   |    -   |   810  |    -   |
+-----------+--------+--------+--------+--------+
|   Total   |   13   |    1   |  1586  |  1101  |
+-----------+--------+--------+--------+--------+
