

================================================================
== Vitis HLS Report for 'BatchNorm_1_Pipeline_VITIS_LOOP_19_4'
================================================================
* Date:           Mon Nov  6 01:15:36 2023

* Version:        2022.1 (Build 3526262 on Mon Apr 18 15:47:01 MDT 2022)
* Project:        proj_kernel_EMO
* Solution:       solution1 (Vivado IP Flow Target)
* Product family: virtexuplus
* Target device:  xcu250-figd2104-2L-e


================================================================
== Performance Estimates
================================================================
+ Timing: 
    * Summary: 
    +--------+----------+-----------+------------+
    |  Clock |  Target  | Estimated | Uncertainty|
    +--------+----------+-----------+------------+
    |ap_clk  |  15.00 ns|  10.950 ns|     4.05 ns|
    +--------+----------+-----------+------------+

+ Latency: 
    * Summary: 
    +---------+---------+----------+----------+-----+-----+---------+
    |  Latency (cycles) |  Latency (absolute) |  Interval | Pipeline|
    |   min   |   max   |    min   |    max   | min | max |   Type  |
    +---------+---------+----------+----------+-----+-----+---------+
    |       60|      144|  0.900 us|  2.160 us|   60|  144|       no|
    +---------+---------+----------+----------+-----+-----+---------+

    + Detail: 
        * Instance: 
        N/A

        * Loop: 
        +-------------------+---------+---------+----------+-----------+-----------+----------+----------+
        |                   |  Latency (cycles) | Iteration|  Initiation Interval  |   Trip   |          |
        |     Loop Name     |   min   |   max   |  Latency |  achieved |   target  |   Count  | Pipelined|
        +-------------------+---------+---------+----------+-----------+-----------+----------+----------+
        |- VITIS_LOOP_19_4  |       58|      142|        32|          1|          1|  28 ~ 112|       yes|
        +-------------------+---------+---------+----------+-----------+-----------+----------+----------+



================================================================
== Utilization Estimates
================================================================
* Summary: 
+---------------------+---------+-------+---------+---------+------+
|         Name        | BRAM_18K|  DSP  |    FF   |   LUT   | URAM |
+---------------------+---------+-------+---------+---------+------+
|DSP                  |        -|      -|        -|        -|     -|
|Expression           |        -|      -|        0|       54|     -|
|FIFO                 |        -|      -|        -|        -|     -|
|Instance             |        -|     10|      433|      332|     -|
|Memory               |        -|      -|        -|        -|     -|
|Multiplexer          |        -|      -|        -|       81|     -|
|Register             |        -|      -|      752|       96|     -|
+---------------------+---------+-------+---------+---------+------+
|Total                |        0|     10|     1185|      563|     0|
+---------------------+---------+-------+---------+---------+------+
|Available SLR        |     1344|   3072|   864000|   432000|   320|
+---------------------+---------+-------+---------+---------+------+
|Utilization SLR (%)  |        0|     ~0|       ~0|       ~0|     0|
+---------------------+---------+-------+---------+---------+------+
|Available            |     5376|  12288|  3456000|  1728000|  1280|
+---------------------+---------+-------+---------+---------+------+
|Utilization (%)      |        0|     ~0|       ~0|       ~0|     0|
+---------------------+---------+-------+---------+---------+------+

+ Detail: 
    * Instance: 
    +------------------------------------+--------------------------------+---------+----+-----+-----+-----+
    |              Instance              |             Module             | BRAM_18K| DSP|  FF | LUT | URAM|
    +------------------------------------+--------------------------------+---------+----+-----+-----+-----+
    |ddiv_64ns_64ns_64_9_no_dsp_1_U19    |ddiv_64ns_64ns_64_9_no_dsp_1    |        0|   0|    0|    0|    0|
    |dmul_64ns_64ns_64_2_max_dsp_1_U18   |dmul_64ns_64ns_64_2_max_dsp_1   |        0|   8|  256|  106|    0|
    |fpext_32ns_64_1_no_dsp_1_U16        |fpext_32ns_64_1_no_dsp_1        |        0|   0|    0|    0|    0|
    |fptrunc_64ns_32_1_no_dsp_1_U15      |fptrunc_64ns_32_1_no_dsp_1      |        0|   0|    0|    0|    0|
    |fsub_32ns_32ns_32_2_full_dsp_1_U14  |fsub_32ns_32ns_32_2_full_dsp_1  |        0|   2|  177|  226|    0|
    +------------------------------------+--------------------------------+---------+----+-----+-----+-----+
    |Total                               |                                |        0|  10|  433|  332|    0|
    +------------------------------------+--------------------------------+---------+----+-----+-----+-----+

    * DSP: 
    N/A

    * Memory: 
    N/A

    * FIFO: 
    N/A

    * Expression: 
    +------------------------------------+----------+----+---+----+------------+------------+
    |            Variable Name           | Operation| DSP| FF| LUT| Bitwidth P0| Bitwidth P1|
    +------------------------------------+----------+----+---+----+------------+------------+
    |add_ln19_fu_224_p2                  |         +|   0|  0|  14|           7|           1|
    |ap_block_state26_io                 |       and|   0|  0|   2|           1|           1|
    |ap_block_state2_io                  |       and|   0|  0|   2|           1|           1|
    |ap_block_state32_pp0_stage0_iter31  |       and|   0|  0|   2|           1|           1|
    |ap_block_state9_pp0_stage0_iter8    |       and|   0|  0|   2|           1|           1|
    |ap_condition_858                    |       and|   0|  0|   2|           1|           1|
    |ap_predicate_op62_readreq_state2    |       and|   0|  0|   2|           1|           1|
    |ap_predicate_op90_writereq_state26  |       and|   0|  0|   2|           1|           1|
    |icmp_ln19_1_fu_230_p2               |      icmp|   0|  0|  10|           7|           7|
    |icmp_ln19_fu_218_p2                 |      icmp|   0|  0|  10|           7|           7|
    |ap_block_pp0_stage0_00001           |        or|   0|  0|   2|           1|           1|
    |ap_block_pp0_stage0_11001           |        or|   0|  0|   2|           1|           1|
    |ap_enable_pp0                       |       xor|   0|  0|   2|           1|           2|
    +------------------------------------+----------+----+---+----+------------+------------+
    |Total                               |          |   0|  0|  54|          31|          26|
    +------------------------------------+----------+----+---+----+------------+------------+

    * Multiplexer: 
    +--------------------------+----+-----------+-----+-----------+
    |           Name           | LUT| Input Size| Bits| Total Bits|
    +--------------------------+----+-----------+-----+-----------+
    |ap_done_int               |   9|          2|    1|          2|
    |ap_enable_reg_pp0_iter26  |   9|          2|    1|          2|
    |ap_sig_allocacmp_w_1      |   9|          2|    7|         14|
    |gmem1_blk_n_AW            |   9|          2|    1|          2|
    |gmem1_blk_n_B             |   9|          2|    1|          2|
    |gmem1_blk_n_W             |   9|          2|    1|          2|
    |gmem2_blk_n_AR            |   9|          2|    1|          2|
    |gmem2_blk_n_R             |   9|          2|    1|          2|
    |w_fu_86                   |   9|          2|    7|         14|
    +--------------------------+----+-----------+-----+-----------+
    |Total                     |  81|         18|   21|         42|
    +--------------------------+----+-----------+-----+-----------+

    * Register: 
    +-----------------------------------+----+----+-----+-----------+
    |                Name               | FF | LUT| Bits| Const Bits|
    +-----------------------------------+----+----+-----+-----------+
    |add3_reg_348                       |  64|   0|   64|          0|
    |ap_CS_fsm                          |   1|   0|    1|          0|
    |ap_done_reg                        |   1|   0|    1|          0|
    |ap_enable_reg_pp0_iter1            |   1|   0|    1|          0|
    |ap_enable_reg_pp0_iter10           |   1|   0|    1|          0|
    |ap_enable_reg_pp0_iter11           |   1|   0|    1|          0|
    |ap_enable_reg_pp0_iter12           |   1|   0|    1|          0|
    |ap_enable_reg_pp0_iter13           |   1|   0|    1|          0|
    |ap_enable_reg_pp0_iter14           |   1|   0|    1|          0|
    |ap_enable_reg_pp0_iter15           |   1|   0|    1|          0|
    |ap_enable_reg_pp0_iter16           |   1|   0|    1|          0|
    |ap_enable_reg_pp0_iter17           |   1|   0|    1|          0|
    |ap_enable_reg_pp0_iter18           |   1|   0|    1|          0|
    |ap_enable_reg_pp0_iter19           |   1|   0|    1|          0|
    |ap_enable_reg_pp0_iter2            |   1|   0|    1|          0|
    |ap_enable_reg_pp0_iter20           |   1|   0|    1|          0|
    |ap_enable_reg_pp0_iter21           |   1|   0|    1|          0|
    |ap_enable_reg_pp0_iter22           |   1|   0|    1|          0|
    |ap_enable_reg_pp0_iter23           |   1|   0|    1|          0|
    |ap_enable_reg_pp0_iter24           |   1|   0|    1|          0|
    |ap_enable_reg_pp0_iter25           |   1|   0|    1|          0|
    |ap_enable_reg_pp0_iter26           |   1|   0|    1|          0|
    |ap_enable_reg_pp0_iter27           |   1|   0|    1|          0|
    |ap_enable_reg_pp0_iter28           |   1|   0|    1|          0|
    |ap_enable_reg_pp0_iter29           |   1|   0|    1|          0|
    |ap_enable_reg_pp0_iter3            |   1|   0|    1|          0|
    |ap_enable_reg_pp0_iter30           |   1|   0|    1|          0|
    |ap_enable_reg_pp0_iter31           |   1|   0|    1|          0|
    |ap_enable_reg_pp0_iter4            |   1|   0|    1|          0|
    |ap_enable_reg_pp0_iter5            |   1|   0|    1|          0|
    |ap_enable_reg_pp0_iter6            |   1|   0|    1|          0|
    |ap_enable_reg_pp0_iter7            |   1|   0|    1|          0|
    |ap_enable_reg_pp0_iter8            |   1|   0|    1|          0|
    |ap_enable_reg_pp0_iter9            |   1|   0|    1|          0|
    |ap_loop_exit_ready_pp0_iter10_reg  |   1|   0|    1|          0|
    |ap_loop_exit_ready_pp0_iter11_reg  |   1|   0|    1|          0|
    |ap_loop_exit_ready_pp0_iter12_reg  |   1|   0|    1|          0|
    |ap_loop_exit_ready_pp0_iter13_reg  |   1|   0|    1|          0|
    |ap_loop_exit_ready_pp0_iter14_reg  |   1|   0|    1|          0|
    |ap_loop_exit_ready_pp0_iter15_reg  |   1|   0|    1|          0|
    |ap_loop_exit_ready_pp0_iter16_reg  |   1|   0|    1|          0|
    |ap_loop_exit_ready_pp0_iter17_reg  |   1|   0|    1|          0|
    |ap_loop_exit_ready_pp0_iter18_reg  |   1|   0|    1|          0|
    |ap_loop_exit_ready_pp0_iter19_reg  |   1|   0|    1|          0|
    |ap_loop_exit_ready_pp0_iter1_reg   |   1|   0|    1|          0|
    |ap_loop_exit_ready_pp0_iter20_reg  |   1|   0|    1|          0|
    |ap_loop_exit_ready_pp0_iter21_reg  |   1|   0|    1|          0|
    |ap_loop_exit_ready_pp0_iter22_reg  |   1|   0|    1|          0|
    |ap_loop_exit_ready_pp0_iter23_reg  |   1|   0|    1|          0|
    |ap_loop_exit_ready_pp0_iter24_reg  |   1|   0|    1|          0|
    |ap_loop_exit_ready_pp0_iter25_reg  |   1|   0|    1|          0|
    |ap_loop_exit_ready_pp0_iter26_reg  |   1|   0|    1|          0|
    |ap_loop_exit_ready_pp0_iter27_reg  |   1|   0|    1|          0|
    |ap_loop_exit_ready_pp0_iter28_reg  |   1|   0|    1|          0|
    |ap_loop_exit_ready_pp0_iter29_reg  |   1|   0|    1|          0|
    |ap_loop_exit_ready_pp0_iter2_reg   |   1|   0|    1|          0|
    |ap_loop_exit_ready_pp0_iter30_reg  |   1|   0|    1|          0|
    |ap_loop_exit_ready_pp0_iter3_reg   |   1|   0|    1|          0|
    |ap_loop_exit_ready_pp0_iter4_reg   |   1|   0|    1|          0|
    |ap_loop_exit_ready_pp0_iter5_reg   |   1|   0|    1|          0|
    |ap_loop_exit_ready_pp0_iter6_reg   |   1|   0|    1|          0|
    |ap_loop_exit_ready_pp0_iter7_reg   |   1|   0|    1|          0|
    |ap_loop_exit_ready_pp0_iter8_reg   |   1|   0|    1|          0|
    |ap_loop_exit_ready_pp0_iter9_reg   |   1|   0|    1|          0|
    |conv4_reg_359                      |  32|   0|   32|          0|
    |conv_reg_333                       |  64|   0|   64|          0|
    |div_reg_338                        |  64|   0|   64|          0|
    |first_iter_0_reg_164               |   1|   0|    1|          0|
    |gmem2_addr_read_reg_318            |  32|   0|   32|          0|
    |icmp_ln19_1_reg_308                |   1|   0|    1|          0|
    |icmp_ln19_reg_304                  |   1|   0|    1|          0|
    |mul_reg_343                        |  64|   0|   64|          0|
    |p_read3_cast6_cast_reg_288         |   7|   0|   32|         25|
    |sext_ln19_1_cast_reg_294           |  64|   0|   64|          0|
    |sext_ln19_cast_reg_299             |  64|   0|   64|          0|
    |sub_reg_328                        |  32|   0|   32|          0|
    |w_fu_86                            |   7|   0|    7|          0|
    |first_iter_0_reg_164               |  64|  32|    1|          0|
    |icmp_ln19_1_reg_308                |  64|  32|    1|          0|
    |icmp_ln19_reg_304                  |  64|  32|    1|          0|
    +-----------------------------------+----+----+-----+-----------+
    |Total                              | 752|  96|  588|         25|
    +-----------------------------------+----+----+-----+-----------+



================================================================
== Interface
================================================================
* Summary: 
+----------------------+-----+-----+------------+--------------------------------------+--------------+
|       RTL Ports      | Dir | Bits|  Protocol  |             Source Object            |    C Type    |
+----------------------+-----+-----+------------+--------------------------------------+--------------+
|ap_clk                |   in|    1|  ap_ctrl_hs|  BatchNorm.1_Pipeline_VITIS_LOOP_19_4|  return value|
|ap_rst                |   in|    1|  ap_ctrl_hs|  BatchNorm.1_Pipeline_VITIS_LOOP_19_4|  return value|
|ap_start              |   in|    1|  ap_ctrl_hs|  BatchNorm.1_Pipeline_VITIS_LOOP_19_4|  return value|
|ap_done               |  out|    1|  ap_ctrl_hs|  BatchNorm.1_Pipeline_VITIS_LOOP_19_4|  return value|
|ap_idle               |  out|    1|  ap_ctrl_hs|  BatchNorm.1_Pipeline_VITIS_LOOP_19_4|  return value|
|ap_ready              |  out|    1|  ap_ctrl_hs|  BatchNorm.1_Pipeline_VITIS_LOOP_19_4|  return value|
|grp_fu_263_p_din0     |  out|   64|  ap_ctrl_hs|  BatchNorm.1_Pipeline_VITIS_LOOP_19_4|  return value|
|grp_fu_263_p_din1     |  out|   64|  ap_ctrl_hs|  BatchNorm.1_Pipeline_VITIS_LOOP_19_4|  return value|
|grp_fu_263_p_opcode   |  out|    2|  ap_ctrl_hs|  BatchNorm.1_Pipeline_VITIS_LOOP_19_4|  return value|
|grp_fu_263_p_dout0    |   in|   64|  ap_ctrl_hs|  BatchNorm.1_Pipeline_VITIS_LOOP_19_4|  return value|
|grp_fu_263_p_ce       |  out|    1|  ap_ctrl_hs|  BatchNorm.1_Pipeline_VITIS_LOOP_19_4|  return value|
|m_axi_gmem2_AWVALID   |  out|    1|       m_axi|                                 gmem3|       pointer|
|m_axi_gmem2_AWREADY   |   in|    1|       m_axi|                                 gmem3|       pointer|
|m_axi_gmem2_AWADDR    |  out|   64|       m_axi|                                 gmem3|       pointer|
|m_axi_gmem2_AWID      |  out|    1|       m_axi|                                 gmem3|       pointer|
|m_axi_gmem2_AWLEN     |  out|   32|       m_axi|                                 gmem3|       pointer|
|m_axi_gmem2_AWSIZE    |  out|    3|       m_axi|                                 gmem3|       pointer|
|m_axi_gmem2_AWBURST   |  out|    2|       m_axi|                                 gmem3|       pointer|
|m_axi_gmem2_AWLOCK    |  out|    2|       m_axi|                                 gmem3|       pointer|
|m_axi_gmem2_AWCACHE   |  out|    4|       m_axi|                                 gmem3|       pointer|
|m_axi_gmem2_AWPROT    |  out|    3|       m_axi|                                 gmem3|       pointer|
|m_axi_gmem2_AWQOS     |  out|    4|       m_axi|                                 gmem3|       pointer|
|m_axi_gmem2_AWREGION  |  out|    4|       m_axi|                                 gmem3|       pointer|
|m_axi_gmem2_AWUSER    |  out|    1|       m_axi|                                 gmem3|       pointer|
|m_axi_gmem2_WVALID    |  out|    1|       m_axi|                                 gmem3|       pointer|
|m_axi_gmem2_WREADY    |   in|    1|       m_axi|                                 gmem3|       pointer|
|m_axi_gmem2_WDATA     |  out|   32|       m_axi|                                 gmem3|       pointer|
|m_axi_gmem2_WSTRB     |  out|    4|       m_axi|                                 gmem3|       pointer|
|m_axi_gmem2_WLAST     |  out|    1|       m_axi|                                 gmem3|       pointer|
|m_axi_gmem2_WID       |  out|    1|       m_axi|                                 gmem3|       pointer|
|m_axi_gmem2_WUSER     |  out|    1|       m_axi|                                 gmem3|       pointer|
|m_axi_gmem2_ARVALID   |  out|    1|       m_axi|                                 gmem3|       pointer|
|m_axi_gmem2_ARREADY   |   in|    1|       m_axi|                                 gmem3|       pointer|
|m_axi_gmem2_ARADDR    |  out|   64|       m_axi|                                 gmem3|       pointer|
|m_axi_gmem2_ARID      |  out|    1|       m_axi|                                 gmem3|       pointer|
|m_axi_gmem2_ARLEN     |  out|   32|       m_axi|                                 gmem3|       pointer|
|m_axi_gmem2_ARSIZE    |  out|    3|       m_axi|                                 gmem3|       pointer|
|m_axi_gmem2_ARBURST   |  out|    2|       m_axi|                                 gmem3|       pointer|
|m_axi_gmem2_ARLOCK    |  out|    2|       m_axi|                                 gmem3|       pointer|
|m_axi_gmem2_ARCACHE   |  out|    4|       m_axi|                                 gmem3|       pointer|
|m_axi_gmem2_ARPROT    |  out|    3|       m_axi|                                 gmem3|       pointer|
|m_axi_gmem2_ARQOS     |  out|    4|       m_axi|                                 gmem3|       pointer|
|m_axi_gmem2_ARREGION  |  out|    4|       m_axi|                                 gmem3|       pointer|
|m_axi_gmem2_ARUSER    |  out|    1|       m_axi|                                 gmem3|       pointer|
|m_axi_gmem2_RVALID    |   in|    1|       m_axi|                                 gmem3|       pointer|
|m_axi_gmem2_RREADY    |  out|    1|       m_axi|                                 gmem3|       pointer|
|m_axi_gmem2_RDATA     |   in|   32|       m_axi|                                 gmem3|       pointer|
|m_axi_gmem2_RLAST     |   in|    1|       m_axi|                                 gmem3|       pointer|
|m_axi_gmem2_RID       |   in|    1|       m_axi|                                 gmem3|       pointer|
|m_axi_gmem2_RFIFONUM  |   in|    9|       m_axi|                                 gmem3|       pointer|
|m_axi_gmem2_RUSER     |   in|    1|       m_axi|                                 gmem3|       pointer|
|m_axi_gmem2_RRESP     |   in|    2|       m_axi|                                 gmem3|       pointer|
|m_axi_gmem2_BVALID    |   in|    1|       m_axi|                                 gmem3|       pointer|
|m_axi_gmem2_BREADY    |  out|    1|       m_axi|                                 gmem3|       pointer|
|m_axi_gmem2_BRESP     |   in|    2|       m_axi|                                 gmem3|       pointer|
|m_axi_gmem2_BID       |   in|    1|       m_axi|                                 gmem3|       pointer|
|m_axi_gmem2_BUSER     |   in|    1|       m_axi|                                 gmem3|       pointer|
|m_axi_gmem1_AWVALID   |  out|    1|       m_axi|                                 gmem2|       pointer|
|m_axi_gmem1_AWREADY   |   in|    1|       m_axi|                                 gmem2|       pointer|
|m_axi_gmem1_AWADDR    |  out|   64|       m_axi|                                 gmem2|       pointer|
|m_axi_gmem1_AWID      |  out|    1|       m_axi|                                 gmem2|       pointer|
|m_axi_gmem1_AWLEN     |  out|   32|       m_axi|                                 gmem2|       pointer|
|m_axi_gmem1_AWSIZE    |  out|    3|       m_axi|                                 gmem2|       pointer|
|m_axi_gmem1_AWBURST   |  out|    2|       m_axi|                                 gmem2|       pointer|
|m_axi_gmem1_AWLOCK    |  out|    2|       m_axi|                                 gmem2|       pointer|
|m_axi_gmem1_AWCACHE   |  out|    4|       m_axi|                                 gmem2|       pointer|
|m_axi_gmem1_AWPROT    |  out|    3|       m_axi|                                 gmem2|       pointer|
|m_axi_gmem1_AWQOS     |  out|    4|       m_axi|                                 gmem2|       pointer|
|m_axi_gmem1_AWREGION  |  out|    4|       m_axi|                                 gmem2|       pointer|
|m_axi_gmem1_AWUSER    |  out|    1|       m_axi|                                 gmem2|       pointer|
|m_axi_gmem1_WVALID    |  out|    1|       m_axi|                                 gmem2|       pointer|
|m_axi_gmem1_WREADY    |   in|    1|       m_axi|                                 gmem2|       pointer|
|m_axi_gmem1_WDATA     |  out|   32|       m_axi|                                 gmem2|       pointer|
|m_axi_gmem1_WSTRB     |  out|    4|       m_axi|                                 gmem2|       pointer|
|m_axi_gmem1_WLAST     |  out|    1|       m_axi|                                 gmem2|       pointer|
|m_axi_gmem1_WID       |  out|    1|       m_axi|                                 gmem2|       pointer|
|m_axi_gmem1_WUSER     |  out|    1|       m_axi|                                 gmem2|       pointer|
|m_axi_gmem1_ARVALID   |  out|    1|       m_axi|                                 gmem2|       pointer|
|m_axi_gmem1_ARREADY   |   in|    1|       m_axi|                                 gmem2|       pointer|
|m_axi_gmem1_ARADDR    |  out|   64|       m_axi|                                 gmem2|       pointer|
|m_axi_gmem1_ARID      |  out|    1|       m_axi|                                 gmem2|       pointer|
|m_axi_gmem1_ARLEN     |  out|   32|       m_axi|                                 gmem2|       pointer|
|m_axi_gmem1_ARSIZE    |  out|    3|       m_axi|                                 gmem2|       pointer|
|m_axi_gmem1_ARBURST   |  out|    2|       m_axi|                                 gmem2|       pointer|
|m_axi_gmem1_ARLOCK    |  out|    2|       m_axi|                                 gmem2|       pointer|
|m_axi_gmem1_ARCACHE   |  out|    4|       m_axi|                                 gmem2|       pointer|
|m_axi_gmem1_ARPROT    |  out|    3|       m_axi|                                 gmem2|       pointer|
|m_axi_gmem1_ARQOS     |  out|    4|       m_axi|                                 gmem2|       pointer|
|m_axi_gmem1_ARREGION  |  out|    4|       m_axi|                                 gmem2|       pointer|
|m_axi_gmem1_ARUSER    |  out|    1|       m_axi|                                 gmem2|       pointer|
|m_axi_gmem1_RVALID    |   in|    1|       m_axi|                                 gmem2|       pointer|
|m_axi_gmem1_RREADY    |  out|    1|       m_axi|                                 gmem2|       pointer|
|m_axi_gmem1_RDATA     |   in|   32|       m_axi|                                 gmem2|       pointer|
|m_axi_gmem1_RLAST     |   in|    1|       m_axi|                                 gmem2|       pointer|
|m_axi_gmem1_RID       |   in|    1|       m_axi|                                 gmem2|       pointer|
|m_axi_gmem1_RFIFONUM  |   in|    9|       m_axi|                                 gmem2|       pointer|
|m_axi_gmem1_RUSER     |   in|    1|       m_axi|                                 gmem2|       pointer|
|m_axi_gmem1_RRESP     |   in|    2|       m_axi|                                 gmem2|       pointer|
|m_axi_gmem1_BVALID    |   in|    1|       m_axi|                                 gmem2|       pointer|
|m_axi_gmem1_BREADY    |  out|    1|       m_axi|                                 gmem2|       pointer|
|m_axi_gmem1_BRESP     |   in|    2|       m_axi|                                 gmem2|       pointer|
|m_axi_gmem1_BID       |   in|    1|       m_axi|                                 gmem2|       pointer|
|m_axi_gmem1_BUSER     |   in|    1|       m_axi|                                 gmem2|       pointer|
|sext_ln19             |   in|   62|     ap_none|                             sext_ln19|        scalar|
|sext_ln19_1           |   in|   62|     ap_none|                           sext_ln19_1|        scalar|
|p_read3               |   in|    7|     ap_none|                               p_read3|        scalar|
|bitcast_ln15          |   in|   32|     ap_none|                          bitcast_ln15|        scalar|
|tmp                   |   in|   64|     ap_none|                                   tmp|        scalar|
|conv2_mid2            |   in|   64|     ap_none|                            conv2_mid2|        scalar|
|conv3_mid2            |   in|   64|     ap_none|                            conv3_mid2|        scalar|
|p_read3_cast6         |   in|    7|     ap_none|                         p_read3_cast6|        scalar|
+----------------------+-----+-----+------------+--------------------------------------+--------------+

