

================================================================
== Vitis HLS Report for 'BatchNorm_1'
================================================================
* Date:           Mon Oct  9 18:39:10 2023

* Version:        2021.2 (Build 3367213 on Tue Oct 19 02:47:39 MDT 2021)
* Project:        proj_stage0_kernel
* Solution:       solution1 (Vivado IP Flow Target)
* Product family: virtexuplus
* Target device:  xcu250-figd2104-2L-e


================================================================
== Performance Estimates
================================================================
+ Timing: 
    * Summary: 
    +--------+----------+-----------+------------+
    |  Clock |  Target  | Estimated | Uncertainty|
    +--------+----------+-----------+------------+
    |ap_clk  |  15.00 ns|  10.950 ns|     4.05 ns|
    +--------+----------+-----------+------------+

+ Latency: 
    * Summary: 
    +---------+---------+----------+----------+--------+--------+---------+
    |  Latency (cycles) |  Latency (absolute) |     Interval    | Pipeline|
    |   min   |   max   |    min   |    max   |   min  |   max  |   Type  |
    +---------+---------+----------+----------+--------+--------+---------+
    |   446209|   446209|  6.693 ms|  6.693 ms|  446209|  446209|       no|
    +---------+---------+----------+----------+--------+--------+---------+

    + Detail: 
        * Instance: 
        +-------------------------------------------------+--------------------------------------+---------+---------+----------+----------+-----+-----+---------+
        |                                                 |                                      |  Latency (cycles) |  Latency (absolute) |  Interval | Pipeline|
        |                     Instance                    |                Module                |   min   |   max   |    min   |    max   | min | max |   Type  |
        +-------------------------------------------------+--------------------------------------+---------+---------+----------+----------+-----+-----+---------+
        |grp_BatchNorm_1_Pipeline_VITIS_LOOP_16_4_fu_210  |BatchNorm_1_Pipeline_VITIS_LOOP_16_4  |      144|      144|  2.160 us|  2.160 us|  144|  144|       no|
        +-------------------------------------------------+--------------------------------------+---------+---------+----------+----------+-----+-----+---------+

        * Loop: 
        +---------------------------------------------------+---------+---------+----------+-----------+-----------+------+----------+
        |                                                   |  Latency (cycles) | Iteration|  Initiation Interval  | Trip |          |
        |                     Loop Name                     |   min   |   max   |  Latency |  achieved |   target  | Count| Pipelined|
        +---------------------------------------------------+---------+---------+----------+-----------+-----------+------+----------+
        |- VITIS_LOOP_13_1_VITIS_LOOP_14_2_VITIS_LOOP_15_3  |   446208|   446208|       166|          -|          -|  2688|        no|
        +---------------------------------------------------+---------+---------+----------+-----------+-----------+------+----------+



================================================================
== Utilization Estimates
================================================================
* Summary: 
+---------------------+---------+-------+---------+---------+------+
|         Name        | BRAM_18K|  DSP  |    FF   |   LUT   | URAM |
+---------------------+---------+-------+---------+---------+------+
|DSP                  |        -|      -|        -|        -|     -|
|Expression           |        -|      -|        0|     1444|     -|
|FIFO                 |        -|      -|        -|        -|     -|
|Instance             |        -|     13|     1521|     1271|     -|
|Memory               |        -|      -|        -|        -|     -|
|Multiplexer          |        -|      -|        -|      294|     -|
|Register             |        -|      -|     1104|        -|     -|
+---------------------+---------+-------+---------+---------+------+
|Total                |        0|     13|     2625|     3009|     0|
+---------------------+---------+-------+---------+---------+------+
|Available SLR        |     1344|   3072|   864000|   432000|   320|
+---------------------+---------+-------+---------+---------+------+
|Utilization SLR (%)  |        0|     ~0|       ~0|       ~0|     0|
+---------------------+---------+-------+---------+---------+------+
|Available            |     5376|  12288|  3456000|  1728000|  1280|
+---------------------+---------+-------+---------+---------+------+
|Utilization (%)      |        0|     ~0|       ~0|       ~0|     0|
+---------------------+---------+-------+---------+---------+------+

+ Detail: 
    * Instance: 
    +-------------------------------------------------+--------------------------------------+---------+----+------+-----+-----+
    |                     Instance                    |                Module                | BRAM_18K| DSP|  FF  | LUT | URAM|
    +-------------------------------------------------+--------------------------------------+---------+----+------+-----+-----+
    |grp_BatchNorm_1_Pipeline_VITIS_LOOP_16_4_fu_210  |BatchNorm_1_Pipeline_VITIS_LOOP_16_4  |        0|  10|  1178|  563|    0|
    |dadd_64ns_64ns_64_2_full_dsp_1_U47               |dadd_64ns_64ns_64_2_full_dsp_1        |        0|   3|   343|  708|    0|
    |dsqrt_64ns_64ns_64_8_no_dsp_1_U48                |dsqrt_64ns_64ns_64_8_no_dsp_1         |        0|   0|     0|    0|    0|
    |fpext_32ns_64_1_no_dsp_1_U45                     |fpext_32ns_64_1_no_dsp_1              |        0|   0|     0|    0|    0|
    |fpext_32ns_64_1_no_dsp_1_U46                     |fpext_32ns_64_1_no_dsp_1              |        0|   0|     0|    0|    0|
    +-------------------------------------------------+--------------------------------------+---------+----+------+-----+-----+
    |Total                                            |                                      |        0|  13|  1521| 1271|    0|
    +-------------------------------------------------+--------------------------------------+---------+----+------+-----+-----+

    * DSP: 
    N/A

    * Memory: 
    N/A

    * FIFO: 
    N/A

    * Expression: 
    +-------------------------+----------+----+---+----+------------+------------+
    |      Variable Name      | Operation| DSP| FF| LUT| Bitwidth P0| Bitwidth P1|
    +-------------------------+----------+----+---+----+------------+------------+
    |add_ln13_fu_421_p2       |         +|   0|  0|  19|          12|           1|
    |add_ln14_1_fu_795_p2     |         +|   0|  0|  19|          12|           1|
    |add_ln14_fu_501_p2       |         +|   0|  0|  12|           5|           1|
    |add_ln15_fu_789_p2       |         +|   0|  0|  14|           7|           1|
    |empty_174_fu_330_p2      |         +|   0|  0|  71|          64|          64|
    |empty_175_fu_335_p2      |         +|   0|  0|  71|          64|          64|
    |empty_176_fu_340_p2      |         +|   0|  0|  71|          64|          64|
    |empty_177_fu_715_p2      |         +|   0|  0|  20|          13|          13|
    |empty_179_fu_759_p2      |         +|   0|  0|  71|          64|          64|
    |empty_180_fu_764_p2      |         +|   0|  0|  71|          64|          64|
    |empty_fu_325_p2          |         +|   0|  0|  71|          64|          64|
    |p_mid118_fu_533_p2       |         +|   0|  0|  71|          64|          64|
    |p_mid120_fu_538_p2       |         +|   0|  0|  71|          64|          64|
    |p_mid122_fu_543_p2       |         +|   0|  0|  71|          64|          64|
    |p_mid124_fu_548_p2       |         +|   0|  0|  71|          64|          64|
    |empty_178_fu_741_p2      |         -|   0|  0|  27|          20|          20|
    |tmp3_fu_369_p2           |         -|   0|  0|  20|          13|          13|
    |tmp3_mid1_fu_577_p2      |         -|   0|  0|  20|          13|          13|
    |and_ln13_fu_495_p2       |       and|   0|  0|   2|           1|           1|
    |icmp_ln13_fu_415_p2      |      icmp|   0|  0|  12|          12|          12|
    |icmp_ln14_fu_433_p2      |      icmp|   0|  0|  12|          12|          12|
    |icmp_ln15_fu_489_p2      |      icmp|   0|  0|  10|           7|           6|
    |or_ln14_fu_507_p2        |        or|   0|  0|   2|           1|           1|
    |select_ln13_1_fu_447_p3  |    select|   0|  0|  13|           1|           1|
    |select_ln13_2_fu_455_p3  |    select|   0|  0|  61|           1|          62|
    |select_ln13_3_fu_462_p3  |    select|   0|  0|  61|           1|          62|
    |select_ln13_4_fu_469_p3  |    select|   0|  0|  61|           1|          62|
    |select_ln13_5_fu_476_p3  |    select|   0|  0|  61|           1|          62|
    |select_ln13_fu_439_p3    |    select|   0|  0|   5|           1|           1|
    |select_ln14_1_fu_583_p3  |    select|   0|  0|  13|           1|          13|
    |select_ln14_2_fu_601_p3  |    select|   0|  0|  61|           1|          62|
    |select_ln14_3_fu_629_p3  |    select|   0|  0|  61|           1|          62|
    |select_ln14_4_fu_657_p3  |    select|   0|  0|  61|           1|          62|
    |select_ln14_5_fu_685_p3  |    select|   0|  0|  61|           1|          62|
    |select_ln14_6_fu_703_p3  |    select|   0|  0|   5|           1|           5|
    |select_ln14_7_fu_801_p3  |    select|   0|  0|  12|           1|           1|
    |select_ln14_fu_513_p3    |    select|   0|  0|   7|           1|           1|
    |xor_ln13_fu_483_p2       |       xor|   0|  0|   2|           1|           2|
    +-------------------------+----------+----+---+----+------------+------------+
    |Total                    |          |   0|  0|1444|         783|        1255|
    +-------------------------+----------+----+---+----+------------+------------+

    * Multiplexer: 
    +--------------------------+-----+-----------+-----+-----------+
    |           Name           | LUT | Input Size| Bits| Total Bits|
    +--------------------------+-----+-----------+-----+-----------+
    |ap_NS_fsm                 |  118|         24|    1|         24|
    |c_fu_114                  |    9|          2|    5|         10|
    |gmem_blk_n_AR             |    9|          2|    1|          2|
    |gmem_blk_n_R              |    9|          2|    1|          2|
    |grp_fu_224_p0             |   14|          3|   32|         96|
    |grp_fu_230_ce             |    9|          2|    1|          2|
    |grp_fu_230_p0             |   14|          3|   64|        192|
    |grp_fu_230_p1             |   14|          3|   64|        192|
    |h_fu_110                  |    9|          2|    7|         14|
    |indvar_flatten135_fu_122  |    9|          2|   12|         24|
    |indvar_flatten_fu_118     |    9|          2|   12|         24|
    |m_axi_gmem1_ARVALID       |    9|          2|    1|          2|
    |m_axi_gmem1_RREADY        |    9|          2|    1|          2|
    |m_axi_gmem2_AWVALID       |    9|          2|    1|          2|
    |m_axi_gmem2_BREADY        |    9|          2|    1|          2|
    |m_axi_gmem2_WVALID        |    9|          2|    1|          2|
    |m_axi_gmem_ARADDR         |   26|          5|   64|        320|
    +--------------------------+-----+-----------+-----+-----------+
    |Total                     |  294|         62|  269|        912|
    +--------------------------+-----+-----------+-----+-----------+

    * Register: 
    +--------------------------------------------------------------+----+----+-----+-----------+
    |                             Name                             | FF | LUT| Bits| Const Bits|
    +--------------------------------------------------------------+----+----+-----+-----------+
    |add_mid2_reg_974                                              |  64|   0|   64|          0|
    |ap_CS_fsm                                                     |  23|   0|   23|          0|
    |bitcast_ln14_reg_994                                          |  32|   0|   32|          0|
    |c_fu_114                                                      |   5|   0|    5|          0|
    |conv3_mid2_reg_989                                            |  64|   0|   64|          0|
    |gmem_addr_48_read_reg_969                                     |  32|   0|   32|          0|
    |gmem_addr_48_reg_936                                          |  64|   0|   64|          0|
    |gmem_addr_49_read_reg_979                                     |  32|   0|   32|          0|
    |gmem_addr_49_reg_942                                          |  64|   0|   64|          0|
    |gmem_addr_50_read_reg_984                                     |  32|   0|   32|          0|
    |gmem_addr_50_reg_948                                          |  64|   0|   64|          0|
    |gmem_addr_read_reg_964                                        |  32|   0|   32|          0|
    |gmem_addr_reg_930                                             |  64|   0|   64|          0|
    |grp_BatchNorm_1_Pipeline_VITIS_LOOP_16_4_fu_210_ap_start_reg  |   1|   0|    1|          0|
    |h_fu_110                                                      |   7|   0|    7|          0|
    |indvar_flatten135_fu_122                                      |  12|   0|   12|          0|
    |indvar_flatten_fu_118                                         |  12|   0|   12|          0|
    |p_cast3_mid_reg_907                                           |  62|   0|   62|          0|
    |p_cast4_mid_reg_912                                           |  62|   0|   62|          0|
    |p_cast5_mid_reg_917                                           |  62|   0|   62|          0|
    |p_cast6_mid_reg_922                                           |  62|   0|   62|          0|
    |reg_241                                                       |  64|   0|   64|          0|
    |tmp_reg_999                                                   |  64|   0|   64|          0|
    |trunc_ln16_1_reg_959                                          |  62|   0|   62|          0|
    |trunc_ln_reg_954                                              |  62|   0|   62|          0|
    +--------------------------------------------------------------+----+----+-----+-----------+
    |Total                                                         |1104|   0| 1104|          0|
    +--------------------------------------------------------------+----+----+-----+-----------+



================================================================
== Interface
================================================================
* Summary: 
+----------------------+-----+-----+------------+--------------+--------------+
|       RTL Ports      | Dir | Bits|  Protocol  | Source Object|    C Type    |
+----------------------+-----+-----+------------+--------------+--------------+
|ap_clk                |   in|    1|  ap_ctrl_hs|   BatchNorm.1|  return value|
|ap_rst                |   in|    1|  ap_ctrl_hs|   BatchNorm.1|  return value|
|ap_start              |   in|    1|  ap_ctrl_hs|   BatchNorm.1|  return value|
|ap_done               |  out|    1|  ap_ctrl_hs|   BatchNorm.1|  return value|
|ap_idle               |  out|    1|  ap_ctrl_hs|   BatchNorm.1|  return value|
|ap_ready              |  out|    1|  ap_ctrl_hs|   BatchNorm.1|  return value|
|m_axi_gmem1_AWVALID   |  out|    1|       m_axi|         gmem1|       pointer|
|m_axi_gmem1_AWREADY   |   in|    1|       m_axi|         gmem1|       pointer|
|m_axi_gmem1_AWADDR    |  out|   64|       m_axi|         gmem1|       pointer|
|m_axi_gmem1_AWID      |  out|    1|       m_axi|         gmem1|       pointer|
|m_axi_gmem1_AWLEN     |  out|   32|       m_axi|         gmem1|       pointer|
|m_axi_gmem1_AWSIZE    |  out|    3|       m_axi|         gmem1|       pointer|
|m_axi_gmem1_AWBURST   |  out|    2|       m_axi|         gmem1|       pointer|
|m_axi_gmem1_AWLOCK    |  out|    2|       m_axi|         gmem1|       pointer|
|m_axi_gmem1_AWCACHE   |  out|    4|       m_axi|         gmem1|       pointer|
|m_axi_gmem1_AWPROT    |  out|    3|       m_axi|         gmem1|       pointer|
|m_axi_gmem1_AWQOS     |  out|    4|       m_axi|         gmem1|       pointer|
|m_axi_gmem1_AWREGION  |  out|    4|       m_axi|         gmem1|       pointer|
|m_axi_gmem1_AWUSER    |  out|    1|       m_axi|         gmem1|       pointer|
|m_axi_gmem1_WVALID    |  out|    1|       m_axi|         gmem1|       pointer|
|m_axi_gmem1_WREADY    |   in|    1|       m_axi|         gmem1|       pointer|
|m_axi_gmem1_WDATA     |  out|   32|       m_axi|         gmem1|       pointer|
|m_axi_gmem1_WSTRB     |  out|    4|       m_axi|         gmem1|       pointer|
|m_axi_gmem1_WLAST     |  out|    1|       m_axi|         gmem1|       pointer|
|m_axi_gmem1_WID       |  out|    1|       m_axi|         gmem1|       pointer|
|m_axi_gmem1_WUSER     |  out|    1|       m_axi|         gmem1|       pointer|
|m_axi_gmem1_ARVALID   |  out|    1|       m_axi|         gmem1|       pointer|
|m_axi_gmem1_ARREADY   |   in|    1|       m_axi|         gmem1|       pointer|
|m_axi_gmem1_ARADDR    |  out|   64|       m_axi|         gmem1|       pointer|
|m_axi_gmem1_ARID      |  out|    1|       m_axi|         gmem1|       pointer|
|m_axi_gmem1_ARLEN     |  out|   32|       m_axi|         gmem1|       pointer|
|m_axi_gmem1_ARSIZE    |  out|    3|       m_axi|         gmem1|       pointer|
|m_axi_gmem1_ARBURST   |  out|    2|       m_axi|         gmem1|       pointer|
|m_axi_gmem1_ARLOCK    |  out|    2|       m_axi|         gmem1|       pointer|
|m_axi_gmem1_ARCACHE   |  out|    4|       m_axi|         gmem1|       pointer|
|m_axi_gmem1_ARPROT    |  out|    3|       m_axi|         gmem1|       pointer|
|m_axi_gmem1_ARQOS     |  out|    4|       m_axi|         gmem1|       pointer|
|m_axi_gmem1_ARREGION  |  out|    4|       m_axi|         gmem1|       pointer|
|m_axi_gmem1_ARUSER    |  out|    1|       m_axi|         gmem1|       pointer|
|m_axi_gmem1_RVALID    |   in|    1|       m_axi|         gmem1|       pointer|
|m_axi_gmem1_RREADY    |  out|    1|       m_axi|         gmem1|       pointer|
|m_axi_gmem1_RDATA     |   in|   32|       m_axi|         gmem1|       pointer|
|m_axi_gmem1_RLAST     |   in|    1|       m_axi|         gmem1|       pointer|
|m_axi_gmem1_RID       |   in|    1|       m_axi|         gmem1|       pointer|
|m_axi_gmem1_RFIFONUM  |   in|    9|       m_axi|         gmem1|       pointer|
|m_axi_gmem1_RUSER     |   in|    1|       m_axi|         gmem1|       pointer|
|m_axi_gmem1_RRESP     |   in|    2|       m_axi|         gmem1|       pointer|
|m_axi_gmem1_BVALID    |   in|    1|       m_axi|         gmem1|       pointer|
|m_axi_gmem1_BREADY    |  out|    1|       m_axi|         gmem1|       pointer|
|m_axi_gmem1_BRESP     |   in|    2|       m_axi|         gmem1|       pointer|
|m_axi_gmem1_BID       |   in|    1|       m_axi|         gmem1|       pointer|
|m_axi_gmem1_BUSER     |   in|    1|       m_axi|         gmem1|       pointer|
|X_data                |   in|   64|     ap_none|        X_data|        scalar|
|m_axi_gmem2_AWVALID   |  out|    1|       m_axi|         gmem2|       pointer|
|m_axi_gmem2_AWREADY   |   in|    1|       m_axi|         gmem2|       pointer|
|m_axi_gmem2_AWADDR    |  out|   64|       m_axi|         gmem2|       pointer|
|m_axi_gmem2_AWID      |  out|    1|       m_axi|         gmem2|       pointer|
|m_axi_gmem2_AWLEN     |  out|   32|       m_axi|         gmem2|       pointer|
|m_axi_gmem2_AWSIZE    |  out|    3|       m_axi|         gmem2|       pointer|
|m_axi_gmem2_AWBURST   |  out|    2|       m_axi|         gmem2|       pointer|
|m_axi_gmem2_AWLOCK    |  out|    2|       m_axi|         gmem2|       pointer|
|m_axi_gmem2_AWCACHE   |  out|    4|       m_axi|         gmem2|       pointer|
|m_axi_gmem2_AWPROT    |  out|    3|       m_axi|         gmem2|       pointer|
|m_axi_gmem2_AWQOS     |  out|    4|       m_axi|         gmem2|       pointer|
|m_axi_gmem2_AWREGION  |  out|    4|       m_axi|         gmem2|       pointer|
|m_axi_gmem2_AWUSER    |  out|    1|       m_axi|         gmem2|       pointer|
|m_axi_gmem2_WVALID    |  out|    1|       m_axi|         gmem2|       pointer|
|m_axi_gmem2_WREADY    |   in|    1|       m_axi|         gmem2|       pointer|
|m_axi_gmem2_WDATA     |  out|   32|       m_axi|         gmem2|       pointer|
|m_axi_gmem2_WSTRB     |  out|    4|       m_axi|         gmem2|       pointer|
|m_axi_gmem2_WLAST     |  out|    1|       m_axi|         gmem2|       pointer|
|m_axi_gmem2_WID       |  out|    1|       m_axi|         gmem2|       pointer|
|m_axi_gmem2_WUSER     |  out|    1|       m_axi|         gmem2|       pointer|
|m_axi_gmem2_ARVALID   |  out|    1|       m_axi|         gmem2|       pointer|
|m_axi_gmem2_ARREADY   |   in|    1|       m_axi|         gmem2|       pointer|
|m_axi_gmem2_ARADDR    |  out|   64|       m_axi|         gmem2|       pointer|
|m_axi_gmem2_ARID      |  out|    1|       m_axi|         gmem2|       pointer|
|m_axi_gmem2_ARLEN     |  out|   32|       m_axi|         gmem2|       pointer|
|m_axi_gmem2_ARSIZE    |  out|    3|       m_axi|         gmem2|       pointer|
|m_axi_gmem2_ARBURST   |  out|    2|       m_axi|         gmem2|       pointer|
|m_axi_gmem2_ARLOCK    |  out|    2|       m_axi|         gmem2|       pointer|
|m_axi_gmem2_ARCACHE   |  out|    4|       m_axi|         gmem2|       pointer|
|m_axi_gmem2_ARPROT    |  out|    3|       m_axi|         gmem2|       pointer|
|m_axi_gmem2_ARQOS     |  out|    4|       m_axi|         gmem2|       pointer|
|m_axi_gmem2_ARREGION  |  out|    4|       m_axi|         gmem2|       pointer|
|m_axi_gmem2_ARUSER    |  out|    1|       m_axi|         gmem2|       pointer|
|m_axi_gmem2_RVALID    |   in|    1|       m_axi|         gmem2|       pointer|
|m_axi_gmem2_RREADY    |  out|    1|       m_axi|         gmem2|       pointer|
|m_axi_gmem2_RDATA     |   in|   32|       m_axi|         gmem2|       pointer|
|m_axi_gmem2_RLAST     |   in|    1|       m_axi|         gmem2|       pointer|
|m_axi_gmem2_RID       |   in|    1|       m_axi|         gmem2|       pointer|
|m_axi_gmem2_RFIFONUM  |   in|    9|       m_axi|         gmem2|       pointer|
|m_axi_gmem2_RUSER     |   in|    1|       m_axi|         gmem2|       pointer|
|m_axi_gmem2_RRESP     |   in|    2|       m_axi|         gmem2|       pointer|
|m_axi_gmem2_BVALID    |   in|    1|       m_axi|         gmem2|       pointer|
|m_axi_gmem2_BREADY    |  out|    1|       m_axi|         gmem2|       pointer|
|m_axi_gmem2_BRESP     |   in|    2|       m_axi|         gmem2|       pointer|
|m_axi_gmem2_BID       |   in|    1|       m_axi|         gmem2|       pointer|
|m_axi_gmem2_BUSER     |   in|    1|       m_axi|         gmem2|       pointer|
|Y_data                |   in|   64|     ap_none|        Y_data|        scalar|
|m_axi_gmem_AWVALID    |  out|    1|       m_axi|          gmem|       pointer|
|m_axi_gmem_AWREADY    |   in|    1|       m_axi|          gmem|       pointer|
|m_axi_gmem_AWADDR     |  out|   64|       m_axi|          gmem|       pointer|
|m_axi_gmem_AWID       |  out|    1|       m_axi|          gmem|       pointer|
|m_axi_gmem_AWLEN      |  out|   32|       m_axi|          gmem|       pointer|
|m_axi_gmem_AWSIZE     |  out|    3|       m_axi|          gmem|       pointer|
|m_axi_gmem_AWBURST    |  out|    2|       m_axi|          gmem|       pointer|
|m_axi_gmem_AWLOCK     |  out|    2|       m_axi|          gmem|       pointer|
|m_axi_gmem_AWCACHE    |  out|    4|       m_axi|          gmem|       pointer|
|m_axi_gmem_AWPROT     |  out|    3|       m_axi|          gmem|       pointer|
|m_axi_gmem_AWQOS      |  out|    4|       m_axi|          gmem|       pointer|
|m_axi_gmem_AWREGION   |  out|    4|       m_axi|          gmem|       pointer|
|m_axi_gmem_AWUSER     |  out|    1|       m_axi|          gmem|       pointer|
|m_axi_gmem_WVALID     |  out|    1|       m_axi|          gmem|       pointer|
|m_axi_gmem_WREADY     |   in|    1|       m_axi|          gmem|       pointer|
|m_axi_gmem_WDATA      |  out|   32|       m_axi|          gmem|       pointer|
|m_axi_gmem_WSTRB      |  out|    4|       m_axi|          gmem|       pointer|
|m_axi_gmem_WLAST      |  out|    1|       m_axi|          gmem|       pointer|
|m_axi_gmem_WID        |  out|    1|       m_axi|          gmem|       pointer|
|m_axi_gmem_WUSER      |  out|    1|       m_axi|          gmem|       pointer|
|m_axi_gmem_ARVALID    |  out|    1|       m_axi|          gmem|       pointer|
|m_axi_gmem_ARREADY    |   in|    1|       m_axi|          gmem|       pointer|
|m_axi_gmem_ARADDR     |  out|   64|       m_axi|          gmem|       pointer|
|m_axi_gmem_ARID       |  out|    1|       m_axi|          gmem|       pointer|
|m_axi_gmem_ARLEN      |  out|   32|       m_axi|          gmem|       pointer|
|m_axi_gmem_ARSIZE     |  out|    3|       m_axi|          gmem|       pointer|
|m_axi_gmem_ARBURST    |  out|    2|       m_axi|          gmem|       pointer|
|m_axi_gmem_ARLOCK     |  out|    2|       m_axi|          gmem|       pointer|
|m_axi_gmem_ARCACHE    |  out|    4|       m_axi|          gmem|       pointer|
|m_axi_gmem_ARPROT     |  out|    3|       m_axi|          gmem|       pointer|
|m_axi_gmem_ARQOS      |  out|    4|       m_axi|          gmem|       pointer|
|m_axi_gmem_ARREGION   |  out|    4|       m_axi|          gmem|       pointer|
|m_axi_gmem_ARUSER     |  out|    1|       m_axi|          gmem|       pointer|
|m_axi_gmem_RVALID     |   in|    1|       m_axi|          gmem|       pointer|
|m_axi_gmem_RREADY     |  out|    1|       m_axi|          gmem|       pointer|
|m_axi_gmem_RDATA      |   in|   32|       m_axi|          gmem|       pointer|
|m_axi_gmem_RLAST      |   in|    1|       m_axi|          gmem|       pointer|
|m_axi_gmem_RID        |   in|    1|       m_axi|          gmem|       pointer|
|m_axi_gmem_RFIFONUM   |   in|    9|       m_axi|          gmem|       pointer|
|m_axi_gmem_RUSER      |   in|    1|       m_axi|          gmem|       pointer|
|m_axi_gmem_RRESP      |   in|    2|       m_axi|          gmem|       pointer|
|m_axi_gmem_BVALID     |   in|    1|       m_axi|          gmem|       pointer|
|m_axi_gmem_BREADY     |  out|    1|       m_axi|          gmem|       pointer|
|m_axi_gmem_BRESP      |   in|    2|       m_axi|          gmem|       pointer|
|m_axi_gmem_BID        |   in|    1|       m_axi|          gmem|       pointer|
|m_axi_gmem_BUSER      |   in|    1|       m_axi|          gmem|       pointer|
|running_mean          |   in|   64|     ap_none|  running_mean|        scalar|
|running_var           |   in|   64|     ap_none|   running_var|        scalar|
|gamma                 |   in|   64|     ap_none|         gamma|        scalar|
|beta                  |   in|   64|     ap_none|          beta|        scalar|
+----------------------+-----+-----+------------+--------------+--------------+

