

================================================================
== Vitis HLS Report for 'kernel_se'
================================================================
* Date:           Fri Sep 15 16:24:06 2023

* Version:        2021.2 (Build 3367213 on Tue Oct 19 02:47:39 MDT 2021)
* Project:        kernel_se
* Solution:       solution (Vitis Kernel Flow Target)
* Product family: virtexuplus
* Target device:  xcu50-fsvh2104-2-e


================================================================
== Performance Estimates
================================================================
+ Timing: 
    * Summary: 
    +--------+---------+----------+------------+
    |  Clock |  Target | Estimated| Uncertainty|
    +--------+---------+----------+------------+
    |ap_clk  |  3.33 ns|  2.594 ns|     0.90 ns|
    +--------+---------+----------+------------+

+ Latency: 
    * Summary: 
    +---------+---------+-----------+-----------+-------+-------+---------+
    |  Latency (cycles) |   Latency (absolute)  |    Interval   | Pipeline|
    |   min   |   max   |    min    |    max    |  min  |  max  |   Type  |
    +---------+---------+-----------+-----------+-------+-------+---------+
    |    17484|    17484|  58.274 us|  58.274 us|  17485|  17485|       no|
    +---------+---------+-----------+-----------+-------+-------+---------+

    + Detail: 
        * Instance: 
        +-----------------------------------------------------------------+------------------------------------------------------+---------+---------+-----------+-----------+------+------+---------+
        |                                                                 |                                                      |  Latency (cycles) |   Latency (absolute)  |   Interval  | Pipeline|
        |                             Instance                            |                        Module                        |   min   |   max   |    min    |    max    |  min |  max |   Type  |
        +-----------------------------------------------------------------+------------------------------------------------------+---------+---------+-----------+-----------+------+------+---------+
        |grp_load_input_mean_fu_222                                       |load_input_mean                                       |      322|      322|   1.073 us|   1.073 us|   322|   322|       no|
        |grp_compute_conv_reduce_fu_261                                   |compute_conv_reduce                                   |     8494|     8494|  28.311 us|  28.311 us|  8494|  8494|       no|
        |grp_compute_conv_expand_fu_291                                   |compute_conv_expand                                   |     8462|     8462|  28.204 us|  28.204 us|  8462|  8462|       no|
        |grp_compute_sigmoid_fu_321                                       |compute_sigmoid                                       |       77|       77|   0.257 us|   0.257 us|    77|    77|       no|
        |grp_kernel_se_Pipeline_VITIS_LOOP_296_1_VITIS_LOOP_299_2_fu_351  |kernel_se_Pipeline_VITIS_LOOP_296_1_VITIS_LOOP_299_2  |       55|       55|   0.183 us|   0.183 us|    55|    55|       no|
        +-----------------------------------------------------------------+------------------------------------------------------+---------+---------+-----------+-----------+------+------+---------+

        * Loop: 
        N/A



================================================================
== Utilization Estimates
================================================================
* Summary: 
+---------------------+---------+------+---------+--------+-----+
|         Name        | BRAM_18K|  DSP |    FF   |   LUT  | URAM|
+---------------------+---------+------+---------+--------+-----+
|DSP                  |        -|     -|        -|       -|    -|
|Expression           |        -|     -|        0|       2|    -|
|FIFO                 |        -|     -|        -|       -|    -|
|Instance             |       60|   968|    99109|   93855|    0|
|Memory               |        0|     -|     1024|    1056|    0|
|Multiplexer          |        -|     -|        -|    5994|    -|
|Register             |        -|     -|     4238|       -|    -|
+---------------------+---------+------+---------+--------+-----+
|Total                |       60|   968|   104371|  100907|    0|
+---------------------+---------+------+---------+--------+-----+
|Available SLR        |     1344|  2976|   871680|  435840|  320|
+---------------------+---------+------+---------+--------+-----+
|Utilization SLR (%)  |        4|    32|       11|      23|    0|
+---------------------+---------+------+---------+--------+-----+
|Available            |     2688|  5952|  1743360|  871680|  640|
+---------------------+---------+------+---------+--------+-----+
|Utilization (%)      |        2|    16|        5|      11|    0|
+---------------------+---------+------+---------+--------+-----+

+ Detail: 
    * Instance: 
    +-----------------------------------------------------------------+------------------------------------------------------+---------+-----+-------+-------+-----+
    |                             Instance                            |                        Module                        | BRAM_18K| DSP |   FF  |  LUT  | URAM|
    +-----------------------------------------------------------------+------------------------------------------------------+---------+-----+-------+-------+-----+
    |grp_compute_conv_expand_fu_291                                   |compute_conv_expand                                   |        0|    0|   3271|   5647|    0|
    |grp_compute_conv_reduce_fu_261                                   |compute_conv_reduce                                   |        0|  192|  25294|  12339|    0|
    |grp_compute_sigmoid_fu_321                                       |compute_sigmoid                                       |        0|    0|   8147|   2654|    0|
    |control_s_axi_U                                                  |control_s_axi                                         |        0|    0|    183|    298|    0|
    |dadd_64ns_64ns_64_8_full_dsp_1_U1111                             |dadd_64ns_64ns_64_8_full_dsp_1                        |        0|    3|    685|    635|    0|
    |dadd_64ns_64ns_64_8_full_dsp_1_U1112                             |dadd_64ns_64ns_64_8_full_dsp_1                        |        0|    3|    685|    635|    0|
    |dadd_64ns_64ns_64_8_full_dsp_1_U1113                             |dadd_64ns_64ns_64_8_full_dsp_1                        |        0|    3|    685|    635|    0|
    |dadd_64ns_64ns_64_8_full_dsp_1_U1114                             |dadd_64ns_64ns_64_8_full_dsp_1                        |        0|    3|    685|    635|    0|
    |dadd_64ns_64ns_64_8_full_dsp_1_U1115                             |dadd_64ns_64ns_64_8_full_dsp_1                        |        0|    3|    685|    635|    0|
    |dadd_64ns_64ns_64_8_full_dsp_1_U1116                             |dadd_64ns_64ns_64_8_full_dsp_1                        |        0|    3|    685|    635|    0|
    |dadd_64ns_64ns_64_8_full_dsp_1_U1117                             |dadd_64ns_64ns_64_8_full_dsp_1                        |        0|    3|    685|    635|    0|
    |dadd_64ns_64ns_64_8_full_dsp_1_U1118                             |dadd_64ns_64ns_64_8_full_dsp_1                        |        0|    3|    685|    635|    0|
    |dadd_64ns_64ns_64_8_full_dsp_1_U1119                             |dadd_64ns_64ns_64_8_full_dsp_1                        |        0|    3|    685|    635|    0|
    |dadd_64ns_64ns_64_8_full_dsp_1_U1120                             |dadd_64ns_64ns_64_8_full_dsp_1                        |        0|    3|    685|    635|    0|
    |dadd_64ns_64ns_64_8_full_dsp_1_U1121                             |dadd_64ns_64ns_64_8_full_dsp_1                        |        0|    3|    685|    635|    0|
    |dadd_64ns_64ns_64_8_full_dsp_1_U1122                             |dadd_64ns_64ns_64_8_full_dsp_1                        |        0|    3|    685|    635|    0|
    |dadd_64ns_64ns_64_8_full_dsp_1_U1123                             |dadd_64ns_64ns_64_8_full_dsp_1                        |        0|    3|    685|    635|    0|
    |dadd_64ns_64ns_64_8_full_dsp_1_U1124                             |dadd_64ns_64ns_64_8_full_dsp_1                        |        0|    3|    685|    635|    0|
    |dadd_64ns_64ns_64_8_full_dsp_1_U1125                             |dadd_64ns_64ns_64_8_full_dsp_1                        |        0|    3|    685|    635|    0|
    |dadd_64ns_64ns_64_8_full_dsp_1_U1126                             |dadd_64ns_64ns_64_8_full_dsp_1                        |        0|    3|    685|    635|    0|
    |dadd_64ns_64ns_64_8_full_dsp_1_U1127                             |dadd_64ns_64ns_64_8_full_dsp_1                        |        0|    3|    685|    635|    0|
    |dadd_64ns_64ns_64_8_full_dsp_1_U1128                             |dadd_64ns_64ns_64_8_full_dsp_1                        |        0|    3|    685|    635|    0|
    |dadd_64ns_64ns_64_8_full_dsp_1_U1129                             |dadd_64ns_64ns_64_8_full_dsp_1                        |        0|    3|    685|    635|    0|
    |dadd_64ns_64ns_64_8_full_dsp_1_U1130                             |dadd_64ns_64ns_64_8_full_dsp_1                        |        0|    3|    685|    635|    0|
    |dadd_64ns_64ns_64_8_full_dsp_1_U1131                             |dadd_64ns_64ns_64_8_full_dsp_1                        |        0|    3|    685|    635|    0|
    |dadd_64ns_64ns_64_8_full_dsp_1_U1132                             |dadd_64ns_64ns_64_8_full_dsp_1                        |        0|    3|    685|    635|    0|
    |dadd_64ns_64ns_64_8_full_dsp_1_U1133                             |dadd_64ns_64ns_64_8_full_dsp_1                        |        0|    3|    685|    635|    0|
    |dadd_64ns_64ns_64_8_full_dsp_1_U1134                             |dadd_64ns_64ns_64_8_full_dsp_1                        |        0|    3|    685|    635|    0|
    |ddiv_64ns_64ns_64_31_no_dsp_1_U1025                              |ddiv_64ns_64ns_64_31_no_dsp_1                         |        0|    0|      0|      0|    0|
    |ddiv_64ns_64ns_64_31_no_dsp_1_U1026                              |ddiv_64ns_64ns_64_31_no_dsp_1                         |        0|    0|      0|      0|    0|
    |ddiv_64ns_64ns_64_31_no_dsp_1_U1027                              |ddiv_64ns_64ns_64_31_no_dsp_1                         |        0|    0|      0|      0|    0|
    |ddiv_64ns_64ns_64_31_no_dsp_1_U1028                              |ddiv_64ns_64ns_64_31_no_dsp_1                         |        0|    0|      0|      0|    0|
    |ddiv_64ns_64ns_64_31_no_dsp_1_U1029                              |ddiv_64ns_64ns_64_31_no_dsp_1                         |        0|    0|      0|      0|    0|
    |ddiv_64ns_64ns_64_31_no_dsp_1_U1030                              |ddiv_64ns_64ns_64_31_no_dsp_1                         |        0|    0|      0|      0|    0|
    |ddiv_64ns_64ns_64_31_no_dsp_1_U1031                              |ddiv_64ns_64ns_64_31_no_dsp_1                         |        0|    0|      0|      0|    0|
    |ddiv_64ns_64ns_64_31_no_dsp_1_U1032                              |ddiv_64ns_64ns_64_31_no_dsp_1                         |        0|    0|      0|      0|    0|
    |ddiv_64ns_64ns_64_31_no_dsp_1_U1033                              |ddiv_64ns_64ns_64_31_no_dsp_1                         |        0|    0|      0|      0|    0|
    |ddiv_64ns_64ns_64_31_no_dsp_1_U1034                              |ddiv_64ns_64ns_64_31_no_dsp_1                         |        0|    0|      0|      0|    0|
    |ddiv_64ns_64ns_64_31_no_dsp_1_U1035                              |ddiv_64ns_64ns_64_31_no_dsp_1                         |        0|    0|      0|      0|    0|
    |ddiv_64ns_64ns_64_31_no_dsp_1_U1036                              |ddiv_64ns_64ns_64_31_no_dsp_1                         |        0|    0|      0|      0|    0|
    |ddiv_64ns_64ns_64_31_no_dsp_1_U1037                              |ddiv_64ns_64ns_64_31_no_dsp_1                         |        0|    0|      0|      0|    0|
    |ddiv_64ns_64ns_64_31_no_dsp_1_U1038                              |ddiv_64ns_64ns_64_31_no_dsp_1                         |        0|    0|      0|      0|    0|
    |ddiv_64ns_64ns_64_31_no_dsp_1_U1039                              |ddiv_64ns_64ns_64_31_no_dsp_1                         |        0|    0|      0|      0|    0|
    |ddiv_64ns_64ns_64_31_no_dsp_1_U1040                              |ddiv_64ns_64ns_64_31_no_dsp_1                         |        0|    0|      0|      0|    0|
    |ddiv_64ns_64ns_64_31_no_dsp_1_U1041                              |ddiv_64ns_64ns_64_31_no_dsp_1                         |        0|    0|      0|      0|    0|
    |ddiv_64ns_64ns_64_31_no_dsp_1_U1042                              |ddiv_64ns_64ns_64_31_no_dsp_1                         |        0|    0|      0|      0|    0|
    |ddiv_64ns_64ns_64_31_no_dsp_1_U1043                              |ddiv_64ns_64ns_64_31_no_dsp_1                         |        0|    0|      0|      0|    0|
    |ddiv_64ns_64ns_64_31_no_dsp_1_U1044                              |ddiv_64ns_64ns_64_31_no_dsp_1                         |        0|    0|      0|      0|    0|
    |ddiv_64ns_64ns_64_31_no_dsp_1_U1045                              |ddiv_64ns_64ns_64_31_no_dsp_1                         |        0|    0|      0|      0|    0|
    |ddiv_64ns_64ns_64_31_no_dsp_1_U1046                              |ddiv_64ns_64ns_64_31_no_dsp_1                         |        0|    0|      0|      0|    0|
    |ddiv_64ns_64ns_64_31_no_dsp_1_U1047                              |ddiv_64ns_64ns_64_31_no_dsp_1                         |        0|    0|      0|      0|    0|
    |ddiv_64ns_64ns_64_31_no_dsp_1_U1048                              |ddiv_64ns_64ns_64_31_no_dsp_1                         |        0|    0|      0|      0|    0|
    |dexp_64ns_64ns_64_30_full_dsp_1_U1049                            |dexp_64ns_64ns_64_30_full_dsp_1                       |        0|   26|   1289|   1910|    0|
    |dexp_64ns_64ns_64_30_full_dsp_1_U1050                            |dexp_64ns_64ns_64_30_full_dsp_1                       |        0|   26|   1289|   1910|    0|
    |dexp_64ns_64ns_64_30_full_dsp_1_U1051                            |dexp_64ns_64ns_64_30_full_dsp_1                       |        0|   26|   1289|   1910|    0|
    |dexp_64ns_64ns_64_30_full_dsp_1_U1052                            |dexp_64ns_64ns_64_30_full_dsp_1                       |        0|   26|   1289|   1910|    0|
    |dexp_64ns_64ns_64_30_full_dsp_1_U1053                            |dexp_64ns_64ns_64_30_full_dsp_1                       |        0|   26|   1289|   1910|    0|
    |dexp_64ns_64ns_64_30_full_dsp_1_U1054                            |dexp_64ns_64ns_64_30_full_dsp_1                       |        0|   26|   1289|   1910|    0|
    |dexp_64ns_64ns_64_30_full_dsp_1_U1055                            |dexp_64ns_64ns_64_30_full_dsp_1                       |        0|   26|   1289|   1910|    0|
    |dexp_64ns_64ns_64_30_full_dsp_1_U1056                            |dexp_64ns_64ns_64_30_full_dsp_1                       |        0|   26|   1289|   1910|    0|
    |dexp_64ns_64ns_64_30_full_dsp_1_U1057                            |dexp_64ns_64ns_64_30_full_dsp_1                       |        0|   26|   1289|   1910|    0|
    |dexp_64ns_64ns_64_30_full_dsp_1_U1058                            |dexp_64ns_64ns_64_30_full_dsp_1                       |        0|   26|   1289|   1910|    0|
    |dexp_64ns_64ns_64_30_full_dsp_1_U1059                            |dexp_64ns_64ns_64_30_full_dsp_1                       |        0|   26|   1289|   1910|    0|
    |dexp_64ns_64ns_64_30_full_dsp_1_U1060                            |dexp_64ns_64ns_64_30_full_dsp_1                       |        0|   26|   1289|   1910|    0|
    |dexp_64ns_64ns_64_30_full_dsp_1_U1061                            |dexp_64ns_64ns_64_30_full_dsp_1                       |        0|   26|   1289|   1910|    0|
    |dexp_64ns_64ns_64_30_full_dsp_1_U1062                            |dexp_64ns_64ns_64_30_full_dsp_1                       |        0|   26|   1289|   1910|    0|
    |dexp_64ns_64ns_64_30_full_dsp_1_U1063                            |dexp_64ns_64ns_64_30_full_dsp_1                       |        0|   26|   1289|   1910|    0|
    |dexp_64ns_64ns_64_30_full_dsp_1_U1064                            |dexp_64ns_64ns_64_30_full_dsp_1                       |        0|   26|   1289|   1910|    0|
    |dexp_64ns_64ns_64_30_full_dsp_1_U1065                            |dexp_64ns_64ns_64_30_full_dsp_1                       |        0|   26|   1289|   1910|    0|
    |dexp_64ns_64ns_64_30_full_dsp_1_U1066                            |dexp_64ns_64ns_64_30_full_dsp_1                       |        0|   26|   1289|   1910|    0|
    |dexp_64ns_64ns_64_30_full_dsp_1_U1067                            |dexp_64ns_64ns_64_30_full_dsp_1                       |        0|   26|   1289|   1910|    0|
    |dexp_64ns_64ns_64_30_full_dsp_1_U1068                            |dexp_64ns_64ns_64_30_full_dsp_1                       |        0|   26|   1289|   1910|    0|
    |dexp_64ns_64ns_64_30_full_dsp_1_U1069                            |dexp_64ns_64ns_64_30_full_dsp_1                       |        0|   26|   1289|   1910|    0|
    |dexp_64ns_64ns_64_30_full_dsp_1_U1070                            |dexp_64ns_64ns_64_30_full_dsp_1                       |        0|   26|   1289|   1910|    0|
    |dexp_64ns_64ns_64_30_full_dsp_1_U1071                            |dexp_64ns_64ns_64_30_full_dsp_1                       |        0|   26|   1289|   1910|    0|
    |dexp_64ns_64ns_64_30_full_dsp_1_U1072                            |dexp_64ns_64ns_64_30_full_dsp_1                       |        0|   26|   1289|   1910|    0|
    |fadd_32ns_32ns_32_7_full_dsp_1_U1022                             |fadd_32ns_32ns_32_7_full_dsp_1                        |        0|    2|    318|    198|    0|
    |fmul_32ns_32ns_32_4_max_dsp_1_U1023                              |fmul_32ns_32ns_32_4_max_dsp_1                         |        0|    3|    143|     78|    0|
    |fmul_32ns_32ns_32_4_max_dsp_1_U1024                              |fmul_32ns_32ns_32_4_max_dsp_1                         |        0|    3|    143|     78|    0|
    |fpext_32ns_64_2_no_dsp_1_U1097                                   |fpext_32ns_64_2_no_dsp_1                              |        0|    0|      0|      0|    0|
    |fpext_32ns_64_2_no_dsp_1_U1098                                   |fpext_32ns_64_2_no_dsp_1                              |        0|    0|      0|      0|    0|
    |fpext_32ns_64_2_no_dsp_1_U1099                                   |fpext_32ns_64_2_no_dsp_1                              |        0|    0|      0|      0|    0|
    |fpext_32ns_64_2_no_dsp_1_U1100                                   |fpext_32ns_64_2_no_dsp_1                              |        0|    0|      0|      0|    0|
    |fpext_32ns_64_2_no_dsp_1_U1101                                   |fpext_32ns_64_2_no_dsp_1                              |        0|    0|      0|      0|    0|
    |fpext_32ns_64_2_no_dsp_1_U1102                                   |fpext_32ns_64_2_no_dsp_1                              |        0|    0|      0|      0|    0|
    |fpext_32ns_64_2_no_dsp_1_U1103                                   |fpext_32ns_64_2_no_dsp_1                              |        0|    0|      0|      0|    0|
    |fpext_32ns_64_2_no_dsp_1_U1104                                   |fpext_32ns_64_2_no_dsp_1                              |        0|    0|      0|      0|    0|
    |fpext_32ns_64_2_no_dsp_1_U1105                                   |fpext_32ns_64_2_no_dsp_1                              |        0|    0|      0|      0|    0|
    |fpext_32ns_64_2_no_dsp_1_U1106                                   |fpext_32ns_64_2_no_dsp_1                              |        0|    0|      0|      0|    0|
    |fpext_32ns_64_2_no_dsp_1_U1107                                   |fpext_32ns_64_2_no_dsp_1                              |        0|    0|      0|      0|    0|
    |fpext_32ns_64_2_no_dsp_1_U1108                                   |fpext_32ns_64_2_no_dsp_1                              |        0|    0|      0|      0|    0|
    |fpext_32ns_64_2_no_dsp_1_U1109                                   |fpext_32ns_64_2_no_dsp_1                              |        0|    0|      0|      0|    0|
    |fpext_32ns_64_2_no_dsp_1_U1110                                   |fpext_32ns_64_2_no_dsp_1                              |        0|    0|      0|      0|    0|
    |fptrunc_64ns_32_2_no_dsp_1_U1073                                 |fptrunc_64ns_32_2_no_dsp_1                            |        0|    0|      0|      0|    0|
    |fptrunc_64ns_32_2_no_dsp_1_U1074                                 |fptrunc_64ns_32_2_no_dsp_1                            |        0|    0|      0|      0|    0|
    |fptrunc_64ns_32_2_no_dsp_1_U1075                                 |fptrunc_64ns_32_2_no_dsp_1                            |        0|    0|      0|      0|    0|
    |fptrunc_64ns_32_2_no_dsp_1_U1076                                 |fptrunc_64ns_32_2_no_dsp_1                            |        0|    0|      0|      0|    0|
    |fptrunc_64ns_32_2_no_dsp_1_U1077                                 |fptrunc_64ns_32_2_no_dsp_1                            |        0|    0|      0|      0|    0|
    |fptrunc_64ns_32_2_no_dsp_1_U1078                                 |fptrunc_64ns_32_2_no_dsp_1                            |        0|    0|      0|      0|    0|
    |fptrunc_64ns_32_2_no_dsp_1_U1079                                 |fptrunc_64ns_32_2_no_dsp_1                            |        0|    0|      0|      0|    0|
    |fptrunc_64ns_32_2_no_dsp_1_U1080                                 |fptrunc_64ns_32_2_no_dsp_1                            |        0|    0|      0|      0|    0|
    |fptrunc_64ns_32_2_no_dsp_1_U1081                                 |fptrunc_64ns_32_2_no_dsp_1                            |        0|    0|      0|      0|    0|
    |fptrunc_64ns_32_2_no_dsp_1_U1082                                 |fptrunc_64ns_32_2_no_dsp_1                            |        0|    0|      0|      0|    0|
    |fptrunc_64ns_32_2_no_dsp_1_U1083                                 |fptrunc_64ns_32_2_no_dsp_1                            |        0|    0|      0|      0|    0|
    |fptrunc_64ns_32_2_no_dsp_1_U1084                                 |fptrunc_64ns_32_2_no_dsp_1                            |        0|    0|      0|      0|    0|
    |fptrunc_64ns_32_2_no_dsp_1_U1085                                 |fptrunc_64ns_32_2_no_dsp_1                            |        0|    0|      0|      0|    0|
    |fptrunc_64ns_32_2_no_dsp_1_U1086                                 |fptrunc_64ns_32_2_no_dsp_1                            |        0|    0|      0|      0|    0|
    |fptrunc_64ns_32_2_no_dsp_1_U1087                                 |fptrunc_64ns_32_2_no_dsp_1                            |        0|    0|      0|      0|    0|
    |fptrunc_64ns_32_2_no_dsp_1_U1088                                 |fptrunc_64ns_32_2_no_dsp_1                            |        0|    0|      0|      0|    0|
    |fptrunc_64ns_32_2_no_dsp_1_U1089                                 |fptrunc_64ns_32_2_no_dsp_1                            |        0|    0|      0|      0|    0|
    |fptrunc_64ns_32_2_no_dsp_1_U1090                                 |fptrunc_64ns_32_2_no_dsp_1                            |        0|    0|      0|      0|    0|
    |fptrunc_64ns_32_2_no_dsp_1_U1091                                 |fptrunc_64ns_32_2_no_dsp_1                            |        0|    0|      0|      0|    0|
    |fptrunc_64ns_32_2_no_dsp_1_U1092                                 |fptrunc_64ns_32_2_no_dsp_1                            |        0|    0|      0|      0|    0|
    |fptrunc_64ns_32_2_no_dsp_1_U1093                                 |fptrunc_64ns_32_2_no_dsp_1                            |        0|    0|      0|      0|    0|
    |fptrunc_64ns_32_2_no_dsp_1_U1094                                 |fptrunc_64ns_32_2_no_dsp_1                            |        0|    0|      0|      0|    0|
    |fptrunc_64ns_32_2_no_dsp_1_U1095                                 |fptrunc_64ns_32_2_no_dsp_1                            |        0|    0|      0|      0|    0|
    |fptrunc_64ns_32_2_no_dsp_1_U1096                                 |fptrunc_64ns_32_2_no_dsp_1                            |        0|    0|      0|      0|    0|
    |gmem0_m_axi_U                                                    |gmem0_m_axi                                           |       30|    0|   1415|   1585|    0|
    |gmem1_m_axi_U                                                    |gmem1_m_axi                                           |       30|    0|   1415|   1585|    0|
    |grp_kernel_se_Pipeline_VITIS_LOOP_296_1_VITIS_LOOP_299_2_fu_351  |kernel_se_Pipeline_VITIS_LOOP_296_1_VITIS_LOOP_299_2  |        0|   42|   3158|   1671|    0|
    |grp_load_input_mean_fu_222                                       |load_input_mean                                       |        0|   30|   8246|   6642|    0|
    +-----------------------------------------------------------------+------------------------------------------------------+---------+-----+-------+-------+-----+
    |Total                                                            |                                                      |       60|  968|  99109|  93855|    0|
    +-----------------------------------------------------------------+------------------------------------------------------+---------+-----+-------+-------+-----+

    * DSP: 
    N/A

    * Memory: 
    +------------+------------------------+---------+----+----+-----+------+-----+------+-------------+
    |   Memory   |         Module         | BRAM_18K| FF | LUT| URAM| Words| Bits| Banks| W*Bits*Banks|
    +------------+------------------------+---------+----+----+-----+------+-----+------+-------------+
    |in_0_0_0_U  |in_0_0_0_RAM_AUTO_1R1W  |        0|  32|  33|    0|    24|   32|     1|          768|
    |in_0_0_1_U  |in_0_0_0_RAM_AUTO_1R1W  |        0|  32|  33|    0|    24|   32|     1|          768|
    |in_0_0_2_U  |in_0_0_0_RAM_AUTO_1R1W  |        0|  32|  33|    0|    24|   32|     1|          768|
    |in_0_0_3_U  |in_0_0_0_RAM_AUTO_1R1W  |        0|  32|  33|    0|    24|   32|     1|          768|
    |in_0_1_0_U  |in_0_0_0_RAM_AUTO_1R1W  |        0|  32|  33|    0|    24|   32|     1|          768|
    |in_0_1_1_U  |in_0_0_0_RAM_AUTO_1R1W  |        0|  32|  33|    0|    24|   32|     1|          768|
    |in_0_1_2_U  |in_0_0_0_RAM_AUTO_1R1W  |        0|  32|  33|    0|    24|   32|     1|          768|
    |in_0_1_3_U  |in_0_0_0_RAM_AUTO_1R1W  |        0|  32|  33|    0|    24|   32|     1|          768|
    |in_0_2_0_U  |in_0_0_0_RAM_AUTO_1R1W  |        0|  32|  33|    0|    24|   32|     1|          768|
    |in_0_2_1_U  |in_0_0_0_RAM_AUTO_1R1W  |        0|  32|  33|    0|    24|   32|     1|          768|
    |in_0_2_2_U  |in_0_0_0_RAM_AUTO_1R1W  |        0|  32|  33|    0|    24|   32|     1|          768|
    |in_0_2_3_U  |in_0_0_0_RAM_AUTO_1R1W  |        0|  32|  33|    0|    24|   32|     1|          768|
    |in_0_3_0_U  |in_0_0_0_RAM_AUTO_1R1W  |        0|  32|  33|    0|    24|   32|     1|          768|
    |in_0_3_1_U  |in_0_0_0_RAM_AUTO_1R1W  |        0|  32|  33|    0|    24|   32|     1|          768|
    |in_0_3_2_U  |in_0_0_0_RAM_AUTO_1R1W  |        0|  32|  33|    0|    24|   32|     1|          768|
    |in_0_3_3_U  |in_0_0_0_RAM_AUTO_1R1W  |        0|  32|  33|    0|    24|   32|     1|          768|
    |in_1_0_0_U  |in_0_0_0_RAM_AUTO_1R1W  |        0|  32|  33|    0|    24|   32|     1|          768|
    |in_1_0_1_U  |in_0_0_0_RAM_AUTO_1R1W  |        0|  32|  33|    0|    24|   32|     1|          768|
    |in_1_0_2_U  |in_0_0_0_RAM_AUTO_1R1W  |        0|  32|  33|    0|    24|   32|     1|          768|
    |in_1_0_3_U  |in_0_0_0_RAM_AUTO_1R1W  |        0|  32|  33|    0|    24|   32|     1|          768|
    |in_1_1_0_U  |in_0_0_0_RAM_AUTO_1R1W  |        0|  32|  33|    0|    24|   32|     1|          768|
    |in_1_1_1_U  |in_0_0_0_RAM_AUTO_1R1W  |        0|  32|  33|    0|    24|   32|     1|          768|
    |in_1_1_2_U  |in_0_0_0_RAM_AUTO_1R1W  |        0|  32|  33|    0|    24|   32|     1|          768|
    |in_1_1_3_U  |in_0_0_0_RAM_AUTO_1R1W  |        0|  32|  33|    0|    24|   32|     1|          768|
    |in_1_2_0_U  |in_0_0_0_RAM_AUTO_1R1W  |        0|  32|  33|    0|    24|   32|     1|          768|
    |in_1_2_1_U  |in_0_0_0_RAM_AUTO_1R1W  |        0|  32|  33|    0|    24|   32|     1|          768|
    |in_1_2_2_U  |in_0_0_0_RAM_AUTO_1R1W  |        0|  32|  33|    0|    24|   32|     1|          768|
    |in_1_2_3_U  |in_0_0_0_RAM_AUTO_1R1W  |        0|  32|  33|    0|    24|   32|     1|          768|
    |in_1_3_0_U  |in_0_0_0_RAM_AUTO_1R1W  |        0|  32|  33|    0|    24|   32|     1|          768|
    |in_1_3_1_U  |in_0_0_0_RAM_AUTO_1R1W  |        0|  32|  33|    0|    24|   32|     1|          768|
    |in_1_3_2_U  |in_0_0_0_RAM_AUTO_1R1W  |        0|  32|  33|    0|    24|   32|     1|          768|
    |in_1_3_3_U  |in_0_0_0_RAM_AUTO_1R1W  |        0|  32|  33|    0|    24|   32|     1|          768|
    +------------+------------------------+---------+----+----+-----+------+-----+------+-------------+
    |Total       |                        |        0|1024|1056|    0|   768| 1024|    32|        24576|
    +------------+------------------------+---------+----+----+-----+------+-----+------+-------------+

    * FIFO: 
    N/A

    * Expression: 
    +-----------------+----------+----+---+----+------------+------------+
    |  Variable Name  | Operation| DSP| FF| LUT| Bitwidth P0| Bitwidth P1|
    +-----------------+----------+----+---+----+------------+------------+
    |ap_block_state1  |        or|   0|  0|   2|           1|           1|
    +-----------------+----------+----+---+----+------------+------------+
    |Total            |          |   0|  0|   2|           1|           1|
    +-----------------+----------+----+---+----+------------+------------+

    * Multiplexer: 
    +-------------------+-----+-----------+-----+-----------+
    |        Name       | LUT | Input Size| Bits| Total Bits|
    +-------------------+-----+-----------+-----+-----------+
    |ap_NS_fsm          |  351|         76|    1|         76|
    |ap_done            |    9|          2|    1|          2|
    |gmem0_ARVALID      |    9|          2|    1|          2|
    |gmem0_RREADY       |    9|          2|    1|          2|
    |gmem1_AWADDR       |   14|          3|   64|        192|
    |gmem1_AWBURST      |    9|          2|    2|          4|
    |gmem1_AWCACHE      |    9|          2|    4|          8|
    |gmem1_AWID         |    9|          2|    1|          2|
    |gmem1_AWLEN        |   14|          3|   32|         96|
    |gmem1_AWLOCK       |    9|          2|    2|          4|
    |gmem1_AWPROT       |    9|          2|    3|          6|
    |gmem1_AWQOS        |    9|          2|    4|          8|
    |gmem1_AWREGION     |    9|          2|    4|          8|
    |gmem1_AWSIZE       |    9|          2|    3|          6|
    |gmem1_AWUSER       |    9|          2|    1|          2|
    |gmem1_AWVALID      |   14|          3|    1|          3|
    |gmem1_BREADY       |   14|          3|    1|          3|
    |gmem1_WVALID       |    9|          2|    1|          2|
    |gmem1_blk_n_AW     |    9|          2|    1|          2|
    |gmem1_blk_n_B      |    9|          2|    1|          2|
    |grp_fu_1734_ce     |   20|          4|    1|          4|
    |grp_fu_1734_p0     |   20|          4|   32|        128|
    |grp_fu_1734_p1     |   20|          4|   32|        128|
    |grp_fu_1738_ce     |   26|          5|    1|          5|
    |grp_fu_1738_p0     |   26|          5|   32|        160|
    |grp_fu_1738_p1     |   26|          5|   32|        160|
    |grp_fu_1742_ce     |   14|          3|    1|          3|
    |grp_fu_1742_p0     |   14|          3|   32|         96|
    |grp_fu_1742_p1     |   14|          3|   32|         96|
    |grp_fu_1746_ce     |   14|          3|    1|          3|
    |grp_fu_1746_p0     |   14|          3|   64|        192|
    |grp_fu_1746_p1     |   14|          3|   64|        192|
    |grp_fu_1750_ce     |   14|          3|    1|          3|
    |grp_fu_1750_p0     |   14|          3|   64|        192|
    |grp_fu_1750_p1     |   14|          3|   64|        192|
    |grp_fu_1754_ce     |   14|          3|    1|          3|
    |grp_fu_1754_p0     |   14|          3|   64|        192|
    |grp_fu_1754_p1     |   14|          3|   64|        192|
    |grp_fu_1758_ce     |   14|          3|    1|          3|
    |grp_fu_1758_p0     |   14|          3|   64|        192|
    |grp_fu_1758_p1     |   14|          3|   64|        192|
    |grp_fu_1762_ce     |   14|          3|    1|          3|
    |grp_fu_1762_p0     |   14|          3|   64|        192|
    |grp_fu_1762_p1     |   14|          3|   64|        192|
    |grp_fu_1766_ce     |   14|          3|    1|          3|
    |grp_fu_1766_p0     |   14|          3|   64|        192|
    |grp_fu_1766_p1     |   14|          3|   64|        192|
    |grp_fu_1770_ce     |   14|          3|    1|          3|
    |grp_fu_1770_p0     |   14|          3|   64|        192|
    |grp_fu_1770_p1     |   14|          3|   64|        192|
    |grp_fu_1774_ce     |   14|          3|    1|          3|
    |grp_fu_1774_p0     |   14|          3|   64|        192|
    |grp_fu_1774_p1     |   14|          3|   64|        192|
    |grp_fu_1778_ce     |   14|          3|    1|          3|
    |grp_fu_1778_p0     |   14|          3|   64|        192|
    |grp_fu_1778_p1     |   14|          3|   64|        192|
    |grp_fu_1782_ce     |   14|          3|    1|          3|
    |grp_fu_1782_p0     |   14|          3|   64|        192|
    |grp_fu_1782_p1     |   14|          3|   64|        192|
    |grp_fu_1786_ce     |   14|          3|    1|          3|
    |grp_fu_1786_p0     |   14|          3|   64|        192|
    |grp_fu_1786_p1     |   14|          3|   64|        192|
    |grp_fu_1790_ce     |   14|          3|    1|          3|
    |grp_fu_1790_p0     |   14|          3|   64|        192|
    |grp_fu_1790_p1     |   14|          3|   64|        192|
    |grp_fu_1794_ce     |   14|          3|    1|          3|
    |grp_fu_1794_p0     |   14|          3|   64|        192|
    |grp_fu_1794_p1     |   14|          3|   64|        192|
    |grp_fu_1798_ce     |   14|          3|    1|          3|
    |grp_fu_1798_p0     |   14|          3|   64|        192|
    |grp_fu_1798_p1     |   14|          3|   64|        192|
    |grp_fu_1802_ce     |   14|          3|    1|          3|
    |grp_fu_1802_p0     |   14|          3|   64|        192|
    |grp_fu_1802_p1     |   14|          3|   64|        192|
    |grp_fu_1806_ce     |   14|          3|    1|          3|
    |grp_fu_1806_p0     |   14|          3|   64|        192|
    |grp_fu_1806_p1     |   14|          3|   64|        192|
    |grp_fu_1810_ce     |   14|          3|    1|          3|
    |grp_fu_1810_p0     |   14|          3|   64|        192|
    |grp_fu_1810_p1     |   14|          3|   64|        192|
    |grp_fu_1814_ce     |   14|          3|    1|          3|
    |grp_fu_1814_p0     |   14|          3|   64|        192|
    |grp_fu_1814_p1     |   14|          3|   64|        192|
    |grp_fu_1818_ce     |   14|          3|    1|          3|
    |grp_fu_1818_p0     |   14|          3|   64|        192|
    |grp_fu_1818_p1     |   14|          3|   64|        192|
    |grp_fu_1822_ce     |   14|          3|    1|          3|
    |grp_fu_1822_p0     |   14|          3|   64|        192|
    |grp_fu_1822_p1     |   14|          3|   64|        192|
    |grp_fu_1826_ce     |   14|          3|    1|          3|
    |grp_fu_1826_p0     |   14|          3|   64|        192|
    |grp_fu_1826_p1     |   14|          3|   64|        192|
    |grp_fu_1830_ce     |   14|          3|    1|          3|
    |grp_fu_1830_p0     |   14|          3|   64|        192|
    |grp_fu_1830_p1     |   14|          3|   64|        192|
    |grp_fu_1834_ce     |   14|          3|    1|          3|
    |grp_fu_1834_p0     |   14|          3|   64|        192|
    |grp_fu_1834_p1     |   14|          3|   64|        192|
    |grp_fu_1838_ce     |   14|          3|    1|          3|
    |grp_fu_1838_p0     |   14|          3|   64|        192|
    |grp_fu_1838_p1     |   14|          3|   64|        192|
    |grp_fu_1842_ce     |   14|          3|    1|          3|
    |grp_fu_1842_p0     |   14|          3|   64|        192|
    |grp_fu_1842_p1     |   14|          3|   64|        192|
    |grp_fu_1846_ce     |   14|          3|    1|          3|
    |grp_fu_1846_p0     |   14|          3|   64|        192|
    |grp_fu_1846_p1     |   14|          3|   64|        192|
    |grp_fu_1850_ce     |   14|          3|    1|          3|
    |grp_fu_1850_p0     |   14|          3|   64|        192|
    |grp_fu_1850_p1     |   14|          3|   64|        192|
    |grp_fu_1854_ce     |   14|          3|    1|          3|
    |grp_fu_1854_p0     |   14|          3|   64|        192|
    |grp_fu_1854_p1     |   14|          3|   64|        192|
    |grp_fu_1858_ce     |   14|          3|    1|          3|
    |grp_fu_1858_p0     |   14|          3|   64|        192|
    |grp_fu_1858_p1     |   14|          3|   64|        192|
    |grp_fu_1862_ce     |   14|          3|    1|          3|
    |grp_fu_1862_p0     |   14|          3|   64|        192|
    |grp_fu_1862_p1     |   14|          3|   64|        192|
    |grp_fu_1866_ce     |   14|          3|    1|          3|
    |grp_fu_1866_p0     |   14|          3|   64|        192|
    |grp_fu_1866_p1     |   14|          3|   64|        192|
    |grp_fu_1870_ce     |   14|          3|    1|          3|
    |grp_fu_1870_p0     |   14|          3|   64|        192|
    |grp_fu_1870_p1     |   14|          3|   64|        192|
    |grp_fu_1874_ce     |   14|          3|    1|          3|
    |grp_fu_1874_p0     |   14|          3|   64|        192|
    |grp_fu_1874_p1     |   14|          3|   64|        192|
    |grp_fu_1878_ce     |   14|          3|    1|          3|
    |grp_fu_1878_p0     |   14|          3|   64|        192|
    |grp_fu_1878_p1     |   14|          3|   64|        192|
    |grp_fu_1882_ce     |   14|          3|    1|          3|
    |grp_fu_1882_p0     |   14|          3|   64|        192|
    |grp_fu_1882_p1     |   14|          3|   64|        192|
    |grp_fu_1886_ce     |   14|          3|    1|          3|
    |grp_fu_1886_p0     |   14|          3|   64|        192|
    |grp_fu_1886_p1     |   14|          3|   64|        192|
    |grp_fu_1890_ce     |   14|          3|    1|          3|
    |grp_fu_1890_p0     |   14|          3|   64|        192|
    |grp_fu_1890_p1     |   14|          3|   64|        192|
    |grp_fu_1894_ce     |   14|          3|    1|          3|
    |grp_fu_1894_p0     |   14|          3|   64|        192|
    |grp_fu_1894_p1     |   14|          3|   64|        192|
    |grp_fu_1898_ce     |   14|          3|    1|          3|
    |grp_fu_1898_p0     |   14|          3|   64|        192|
    |grp_fu_1898_p1     |   14|          3|   64|        192|
    |grp_fu_1902_ce     |   14|          3|    1|          3|
    |grp_fu_1902_p0     |   14|          3|   64|        192|
    |grp_fu_1902_p1     |   14|          3|   64|        192|
    |grp_fu_1906_ce     |   14|          3|    1|          3|
    |grp_fu_1906_p0     |   14|          3|   64|        192|
    |grp_fu_1906_p1     |   14|          3|   64|        192|
    |grp_fu_1910_ce     |   14|          3|    1|          3|
    |grp_fu_1910_p0     |   14|          3|   64|        192|
    |grp_fu_1910_p1     |   14|          3|   64|        192|
    |grp_fu_1914_ce     |   14|          3|    1|          3|
    |grp_fu_1914_p0     |   14|          3|   64|        192|
    |grp_fu_1914_p1     |   14|          3|   64|        192|
    |grp_fu_1918_ce     |   14|          3|    1|          3|
    |grp_fu_1918_p0     |   14|          3|   64|        192|
    |grp_fu_1918_p1     |   14|          3|   64|        192|
    |grp_fu_1922_ce     |   14|          3|    1|          3|
    |grp_fu_1922_p0     |   14|          3|   64|        192|
    |grp_fu_1922_p1     |   14|          3|   64|        192|
    |grp_fu_1926_ce     |   14|          3|    1|          3|
    |grp_fu_1926_p0     |   14|          3|   64|        192|
    |grp_fu_1926_p1     |   14|          3|   64|        192|
    |grp_fu_1930_ce     |   14|          3|    1|          3|
    |grp_fu_1930_p0     |   14|          3|   64|        192|
    |grp_fu_1930_p1     |   14|          3|   64|        192|
    |grp_fu_1934_ce     |   14|          3|    1|          3|
    |grp_fu_1934_p0     |   14|          3|   64|        192|
    |grp_fu_1934_p1     |   14|          3|   64|        192|
    |grp_fu_1938_ce     |   14|          3|    1|          3|
    |grp_fu_1938_p0     |   14|          3|   64|        192|
    |grp_fu_1941_ce     |   14|          3|    1|          3|
    |grp_fu_1941_p0     |   14|          3|   64|        192|
    |grp_fu_1944_ce     |   14|          3|    1|          3|
    |grp_fu_1944_p0     |   14|          3|   64|        192|
    |grp_fu_1947_ce     |   14|          3|    1|          3|
    |grp_fu_1947_p0     |   14|          3|   64|        192|
    |grp_fu_1950_ce     |   14|          3|    1|          3|
    |grp_fu_1950_p0     |   14|          3|   64|        192|
    |grp_fu_1953_ce     |   14|          3|    1|          3|
    |grp_fu_1953_p0     |   14|          3|   64|        192|
    |grp_fu_1956_ce     |   14|          3|    1|          3|
    |grp_fu_1956_p0     |   14|          3|   64|        192|
    |grp_fu_1959_ce     |   14|          3|    1|          3|
    |grp_fu_1959_p0     |   14|          3|   64|        192|
    |grp_fu_1962_ce     |   14|          3|    1|          3|
    |grp_fu_1962_p0     |   14|          3|   64|        192|
    |grp_fu_1965_ce     |   14|          3|    1|          3|
    |grp_fu_1965_p0     |   14|          3|   64|        192|
    |grp_fu_1968_ce     |   14|          3|    1|          3|
    |grp_fu_1968_p0     |   14|          3|   64|        192|
    |grp_fu_1971_ce     |   14|          3|    1|          3|
    |grp_fu_1971_p0     |   14|          3|   64|        192|
    |grp_fu_1974_ce     |   14|          3|    1|          3|
    |grp_fu_1974_p0     |   14|          3|   64|        192|
    |grp_fu_1977_ce     |   14|          3|    1|          3|
    |grp_fu_1977_p0     |   14|          3|   64|        192|
    |grp_fu_1980_ce     |   14|          3|    1|          3|
    |grp_fu_1980_p0     |   14|          3|   64|        192|
    |grp_fu_1983_ce     |   14|          3|    1|          3|
    |grp_fu_1983_p0     |   14|          3|   64|        192|
    |grp_fu_1986_ce     |   14|          3|    1|          3|
    |grp_fu_1986_p0     |   14|          3|   64|        192|
    |grp_fu_1989_ce     |   14|          3|    1|          3|
    |grp_fu_1989_p0     |   14|          3|   64|        192|
    |grp_fu_1992_ce     |   14|          3|    1|          3|
    |grp_fu_1992_p0     |   14|          3|   64|        192|
    |grp_fu_1995_ce     |   14|          3|    1|          3|
    |grp_fu_1995_p0     |   14|          3|   64|        192|
    |grp_fu_1998_ce     |   14|          3|    1|          3|
    |grp_fu_1998_p0     |   14|          3|   64|        192|
    |grp_fu_2001_ce     |   14|          3|    1|          3|
    |grp_fu_2001_p0     |   14|          3|   64|        192|
    |grp_fu_2004_ce     |   14|          3|    1|          3|
    |grp_fu_2004_p0     |   14|          3|   64|        192|
    |grp_fu_2007_ce     |   14|          3|    1|          3|
    |grp_fu_2007_p0     |   14|          3|   64|        192|
    |grp_fu_2010_ce     |   14|          3|    1|          3|
    |grp_fu_2010_p0     |   14|          3|   32|         96|
    |grp_fu_2013_ce     |   14|          3|    1|          3|
    |grp_fu_2013_p0     |   14|          3|   32|         96|
    |grp_fu_2016_ce     |   14|          3|    1|          3|
    |grp_fu_2016_p0     |   14|          3|   32|         96|
    |grp_fu_2019_ce     |   14|          3|    1|          3|
    |grp_fu_2019_p0     |   14|          3|   32|         96|
    |grp_fu_2022_ce     |   14|          3|    1|          3|
    |grp_fu_2022_p0     |   14|          3|   32|         96|
    |grp_fu_2025_ce     |   14|          3|    1|          3|
    |grp_fu_2025_p0     |   14|          3|   32|         96|
    |grp_fu_2028_ce     |   14|          3|    1|          3|
    |grp_fu_2028_p0     |   14|          3|   32|         96|
    |grp_fu_2031_ce     |   14|          3|    1|          3|
    |grp_fu_2031_p0     |   14|          3|   32|         96|
    |grp_fu_2034_ce     |   14|          3|    1|          3|
    |grp_fu_2034_p0     |   14|          3|   32|         96|
    |grp_fu_2037_ce     |   14|          3|    1|          3|
    |grp_fu_2037_p0     |   14|          3|   32|         96|
    |grp_fu_2040_ce     |   14|          3|    1|          3|
    |grp_fu_2040_p0     |   14|          3|   32|         96|
    |grp_fu_2043_ce     |   14|          3|    1|          3|
    |grp_fu_2043_p0     |   14|          3|   32|         96|
    |grp_fu_2046_ce     |   14|          3|    1|          3|
    |grp_fu_2046_p0     |   14|          3|   32|         96|
    |grp_fu_2049_ce     |   14|          3|    1|          3|
    |grp_fu_2049_p0     |   14|          3|   32|         96|
    |grp_fu_2052_ce     |   14|          3|    1|          3|
    |grp_fu_2052_p0     |   14|          3|   64|        192|
    |grp_fu_2052_p1     |   14|          3|   64|        192|
    |grp_fu_2056_ce     |   14|          3|    1|          3|
    |grp_fu_2056_p0     |   14|          3|   64|        192|
    |grp_fu_2056_p1     |   14|          3|   64|        192|
    |grp_fu_2060_ce     |   14|          3|    1|          3|
    |grp_fu_2060_p0     |   14|          3|   64|        192|
    |grp_fu_2060_p1     |   14|          3|   64|        192|
    |grp_fu_2064_ce     |   14|          3|    1|          3|
    |grp_fu_2064_p0     |   14|          3|   64|        192|
    |grp_fu_2064_p1     |   14|          3|   64|        192|
    |grp_fu_2068_ce     |   14|          3|    1|          3|
    |grp_fu_2068_p0     |   14|          3|   64|        192|
    |grp_fu_2068_p1     |   14|          3|   64|        192|
    |grp_fu_2072_ce     |   14|          3|    1|          3|
    |grp_fu_2072_p0     |   14|          3|   64|        192|
    |grp_fu_2072_p1     |   14|          3|   64|        192|
    |grp_fu_2076_ce     |   14|          3|    1|          3|
    |grp_fu_2076_p0     |   14|          3|   64|        192|
    |grp_fu_2076_p1     |   14|          3|   64|        192|
    |grp_fu_2080_ce     |   14|          3|    1|          3|
    |grp_fu_2080_p0     |   14|          3|   64|        192|
    |grp_fu_2080_p1     |   14|          3|   64|        192|
    |grp_fu_2084_ce     |   14|          3|    1|          3|
    |grp_fu_2084_p0     |   14|          3|   64|        192|
    |grp_fu_2084_p1     |   14|          3|   64|        192|
    |grp_fu_2088_ce     |   14|          3|    1|          3|
    |grp_fu_2088_p0     |   14|          3|   64|        192|
    |grp_fu_2088_p1     |   14|          3|   64|        192|
    |grp_fu_2092_ce     |   14|          3|    1|          3|
    |grp_fu_2092_p0     |   14|          3|   64|        192|
    |grp_fu_2092_p1     |   14|          3|   64|        192|
    |grp_fu_2096_ce     |   14|          3|    1|          3|
    |grp_fu_2096_p0     |   14|          3|   64|        192|
    |grp_fu_2096_p1     |   14|          3|   64|        192|
    |grp_fu_2100_ce     |   14|          3|    1|          3|
    |grp_fu_2100_p0     |   14|          3|   64|        192|
    |grp_fu_2100_p1     |   14|          3|   64|        192|
    |grp_fu_2104_ce     |   14|          3|    1|          3|
    |grp_fu_2104_p0     |   14|          3|   64|        192|
    |grp_fu_2104_p1     |   14|          3|   64|        192|
    |grp_fu_2108_ce     |   14|          3|    1|          3|
    |grp_fu_2108_p0     |   14|          3|   64|        192|
    |grp_fu_2108_p1     |   14|          3|   64|        192|
    |grp_fu_2112_ce     |   14|          3|    1|          3|
    |grp_fu_2112_p0     |   14|          3|   64|        192|
    |grp_fu_2112_p1     |   14|          3|   64|        192|
    |grp_fu_2116_ce     |   14|          3|    1|          3|
    |grp_fu_2116_p0     |   14|          3|   64|        192|
    |grp_fu_2116_p1     |   14|          3|   64|        192|
    |grp_fu_2120_ce     |   14|          3|    1|          3|
    |grp_fu_2120_p0     |   14|          3|   64|        192|
    |grp_fu_2120_p1     |   14|          3|   64|        192|
    |grp_fu_2124_ce     |   14|          3|    1|          3|
    |grp_fu_2124_p0     |   14|          3|   64|        192|
    |grp_fu_2124_p1     |   14|          3|   64|        192|
    |grp_fu_2128_ce     |   14|          3|    1|          3|
    |grp_fu_2128_p0     |   14|          3|   64|        192|
    |grp_fu_2128_p1     |   14|          3|   64|        192|
    |grp_fu_2132_ce     |   14|          3|    1|          3|
    |grp_fu_2132_p0     |   14|          3|   64|        192|
    |grp_fu_2132_p1     |   14|          3|   64|        192|
    |grp_fu_2136_ce     |   14|          3|    1|          3|
    |grp_fu_2136_p0     |   14|          3|   64|        192|
    |grp_fu_2136_p1     |   14|          3|   64|        192|
    |grp_fu_2140_ce     |   14|          3|    1|          3|
    |grp_fu_2140_p0     |   14|          3|   64|        192|
    |grp_fu_2140_p1     |   14|          3|   64|        192|
    |grp_fu_2144_ce     |   14|          3|    1|          3|
    |grp_fu_2144_p0     |   14|          3|   64|        192|
    |grp_fu_2144_p1     |   14|          3|   64|        192|
    |in_0_0_0_address0  |   14|          3|    5|         15|
    |in_0_0_0_ce0       |   14|          3|    1|          3|
    |in_0_0_0_we0       |    9|          2|    1|          2|
    |in_0_0_1_address0  |   14|          3|    5|         15|
    |in_0_0_1_ce0       |   14|          3|    1|          3|
    |in_0_0_1_we0       |    9|          2|    1|          2|
    |in_0_0_2_address0  |   14|          3|    5|         15|
    |in_0_0_2_ce0       |   14|          3|    1|          3|
    |in_0_0_2_we0       |    9|          2|    1|          2|
    |in_0_0_3_address0  |   14|          3|    5|         15|
    |in_0_0_3_ce0       |   14|          3|    1|          3|
    |in_0_0_3_we0       |    9|          2|    1|          2|
    |in_0_1_0_address0  |   14|          3|    5|         15|
    |in_0_1_0_ce0       |   14|          3|    1|          3|
    |in_0_1_0_we0       |    9|          2|    1|          2|
    |in_0_1_1_address0  |   14|          3|    5|         15|
    |in_0_1_1_ce0       |   14|          3|    1|          3|
    |in_0_1_1_we0       |    9|          2|    1|          2|
    |in_0_1_2_address0  |   14|          3|    5|         15|
    |in_0_1_2_ce0       |   14|          3|    1|          3|
    |in_0_1_2_we0       |    9|          2|    1|          2|
    |in_0_1_3_address0  |   14|          3|    5|         15|
    |in_0_1_3_ce0       |   14|          3|    1|          3|
    |in_0_1_3_we0       |    9|          2|    1|          2|
    |in_0_2_0_address0  |   14|          3|    5|         15|
    |in_0_2_0_ce0       |   14|          3|    1|          3|
    |in_0_2_0_we0       |    9|          2|    1|          2|
    |in_0_2_1_address0  |   14|          3|    5|         15|
    |in_0_2_1_ce0       |   14|          3|    1|          3|
    |in_0_2_1_we0       |    9|          2|    1|          2|
    |in_0_2_2_address0  |   14|          3|    5|         15|
    |in_0_2_2_ce0       |   14|          3|    1|          3|
    |in_0_2_2_we0       |    9|          2|    1|          2|
    |in_0_2_3_address0  |   14|          3|    5|         15|
    |in_0_2_3_ce0       |   14|          3|    1|          3|
    |in_0_2_3_we0       |    9|          2|    1|          2|
    |in_0_3_0_address0  |   14|          3|    5|         15|
    |in_0_3_0_ce0       |   14|          3|    1|          3|
    |in_0_3_0_we0       |    9|          2|    1|          2|
    |in_0_3_1_address0  |   14|          3|    5|         15|
    |in_0_3_1_ce0       |   14|          3|    1|          3|
    |in_0_3_1_we0       |    9|          2|    1|          2|
    |in_0_3_2_address0  |   14|          3|    5|         15|
    |in_0_3_2_ce0       |   14|          3|    1|          3|
    |in_0_3_2_we0       |    9|          2|    1|          2|
    |in_0_3_3_address0  |   14|          3|    5|         15|
    |in_0_3_3_ce0       |   14|          3|    1|          3|
    |in_0_3_3_we0       |    9|          2|    1|          2|
    |in_1_0_0_address0  |   14|          3|    5|         15|
    |in_1_0_0_ce0       |   14|          3|    1|          3|
    |in_1_0_0_we0       |    9|          2|    1|          2|
    |in_1_0_1_address0  |   14|          3|    5|         15|
    |in_1_0_1_ce0       |   14|          3|    1|          3|
    |in_1_0_1_we0       |    9|          2|    1|          2|
    |in_1_0_2_address0  |   14|          3|    5|         15|
    |in_1_0_2_ce0       |   14|          3|    1|          3|
    |in_1_0_2_we0       |    9|          2|    1|          2|
    |in_1_0_3_address0  |   14|          3|    5|         15|
    |in_1_0_3_ce0       |   14|          3|    1|          3|
    |in_1_0_3_we0       |    9|          2|    1|          2|
    |in_1_1_0_address0  |   14|          3|    5|         15|
    |in_1_1_0_ce0       |   14|          3|    1|          3|
    |in_1_1_0_we0       |    9|          2|    1|          2|
    |in_1_1_1_address0  |   14|          3|    5|         15|
    |in_1_1_1_ce0       |   14|          3|    1|          3|
    |in_1_1_1_we0       |    9|          2|    1|          2|
    |in_1_1_2_address0  |   14|          3|    5|         15|
    |in_1_1_2_ce0       |   14|          3|    1|          3|
    |in_1_1_2_we0       |    9|          2|    1|          2|
    |in_1_1_3_address0  |   14|          3|    5|         15|
    |in_1_1_3_ce0       |   14|          3|    1|          3|
    |in_1_1_3_we0       |    9|          2|    1|          2|
    |in_1_2_0_address0  |   14|          3|    5|         15|
    |in_1_2_0_ce0       |   14|          3|    1|          3|
    |in_1_2_0_we0       |    9|          2|    1|          2|
    |in_1_2_1_address0  |   14|          3|    5|         15|
    |in_1_2_1_ce0       |   14|          3|    1|          3|
    |in_1_2_1_we0       |    9|          2|    1|          2|
    |in_1_2_2_address0  |   14|          3|    5|         15|
    |in_1_2_2_ce0       |   14|          3|    1|          3|
    |in_1_2_2_we0       |    9|          2|    1|          2|
    |in_1_2_3_address0  |   14|          3|    5|         15|
    |in_1_2_3_ce0       |   14|          3|    1|          3|
    |in_1_2_3_we0       |    9|          2|    1|          2|
    |in_1_3_0_address0  |   14|          3|    5|         15|
    |in_1_3_0_ce0       |   14|          3|    1|          3|
    |in_1_3_0_we0       |    9|          2|    1|          2|
    |in_1_3_1_address0  |   14|          3|    5|         15|
    |in_1_3_1_ce0       |   14|          3|    1|          3|
    |in_1_3_1_we0       |    9|          2|    1|          2|
    |in_1_3_2_address0  |   14|          3|    5|         15|
    |in_1_3_2_ce0       |   14|          3|    1|          3|
    |in_1_3_2_we0       |    9|          2|    1|          2|
    |in_1_3_3_address0  |   14|          3|    5|         15|
    |in_1_3_3_ce0       |   14|          3|    1|          3|
    |in_1_3_3_we0       |    9|          2|    1|          2|
    +-------------------+-----+-----------+-----+-----------+
    |Total              | 5994|       1286|11858|      35780|
    +-------------------+-----+-----------+-----+-----------+

    * Register: 
    +------------------------------------------------------------------------------+----+----+-----+-----------+
    |                                     Name                                     | FF | LUT| Bits| Const Bits|
    +------------------------------------------------------------------------------+----+----+-----+-----------+
    |ap_CS_fsm                                                                     |  75|   0|   75|          0|
    |ap_done_reg                                                                   |   1|   0|    1|          0|
    |ap_rst_n_inv                                                                  |   1|   0|    1|          0|
    |ap_rst_reg_1                                                                  |   1|   0|    1|          0|
    |ap_rst_reg_2                                                                  |   1|   0|    1|          0|
    |expand_conv_10_reg_1409                                                       |  32|   0|   32|          0|
    |expand_conv_11_reg_1414                                                       |  32|   0|   32|          0|
    |expand_conv_12_reg_1419                                                       |  32|   0|   32|          0|
    |expand_conv_13_reg_1424                                                       |  32|   0|   32|          0|
    |expand_conv_14_reg_1429                                                       |  32|   0|   32|          0|
    |expand_conv_15_reg_1434                                                       |  32|   0|   32|          0|
    |expand_conv_16_reg_1439                                                       |  32|   0|   32|          0|
    |expand_conv_17_reg_1444                                                       |  32|   0|   32|          0|
    |expand_conv_18_reg_1449                                                       |  32|   0|   32|          0|
    |expand_conv_19_reg_1454                                                       |  32|   0|   32|          0|
    |expand_conv_1_reg_1364                                                        |  32|   0|   32|          0|
    |expand_conv_20_reg_1459                                                       |  32|   0|   32|          0|
    |expand_conv_21_reg_1464                                                       |  32|   0|   32|          0|
    |expand_conv_22_reg_1469                                                       |  32|   0|   32|          0|
    |expand_conv_23_reg_1474                                                       |  32|   0|   32|          0|
    |expand_conv_24_reg_1479                                                       |  32|   0|   32|          0|
    |expand_conv_25_reg_1484                                                       |  32|   0|   32|          0|
    |expand_conv_2_reg_1369                                                        |  32|   0|   32|          0|
    |expand_conv_3_reg_1374                                                        |  32|   0|   32|          0|
    |expand_conv_4_reg_1379                                                        |  32|   0|   32|          0|
    |expand_conv_5_reg_1384                                                        |  32|   0|   32|          0|
    |expand_conv_6_reg_1389                                                        |  32|   0|   32|          0|
    |expand_conv_7_reg_1394                                                        |  32|   0|   32|          0|
    |expand_conv_8_reg_1399                                                        |  32|   0|   32|          0|
    |expand_conv_9_reg_1404                                                        |  32|   0|   32|          0|
    |expand_conv_reg_1359                                                          |  32|   0|   32|          0|
    |grp_compute_conv_expand_fu_291_ap_start_reg                                   |   1|   0|    1|          0|
    |grp_compute_conv_reduce_fu_261_ap_start_reg                                   |   1|   0|    1|          0|
    |grp_compute_sigmoid_fu_321_ap_start_reg                                       |   1|   0|    1|          0|
    |grp_kernel_se_Pipeline_VITIS_LOOP_296_1_VITIS_LOOP_299_2_fu_351_ap_start_reg  |   1|   0|    1|          0|
    |grp_load_input_mean_fu_222_ap_start_reg                                       |   1|   0|    1|          0|
    |image_r_read_reg_1088                                                         |  64|   0|   64|          0|
    |mean_10_reg_1149                                                              |  32|   0|   32|          0|
    |mean_11_reg_1154                                                              |  32|   0|   32|          0|
    |mean_12_reg_1159                                                              |  32|   0|   32|          0|
    |mean_13_reg_1164                                                              |  32|   0|   32|          0|
    |mean_14_reg_1169                                                              |  32|   0|   32|          0|
    |mean_15_reg_1174                                                              |  32|   0|   32|          0|
    |mean_16_reg_1179                                                              |  32|   0|   32|          0|
    |mean_17_reg_1184                                                              |  32|   0|   32|          0|
    |mean_18_reg_1189                                                              |  32|   0|   32|          0|
    |mean_19_reg_1194                                                              |  32|   0|   32|          0|
    |mean_1_reg_1104                                                               |  32|   0|   32|          0|
    |mean_20_reg_1199                                                              |  32|   0|   32|          0|
    |mean_21_reg_1204                                                              |  32|   0|   32|          0|
    |mean_22_reg_1209                                                              |  32|   0|   32|          0|
    |mean_23_reg_1214                                                              |  32|   0|   32|          0|
    |mean_24_reg_1219                                                              |  32|   0|   32|          0|
    |mean_25_reg_1224                                                              |  32|   0|   32|          0|
    |mean_2_reg_1109                                                               |  32|   0|   32|          0|
    |mean_3_reg_1114                                                               |  32|   0|   32|          0|
    |mean_4_reg_1119                                                               |  32|   0|   32|          0|
    |mean_5_reg_1124                                                               |  32|   0|   32|          0|
    |mean_6_reg_1129                                                               |  32|   0|   32|          0|
    |mean_7_reg_1134                                                               |  32|   0|   32|          0|
    |mean_8_reg_1139                                                               |  32|   0|   32|          0|
    |mean_9_reg_1144                                                               |  32|   0|   32|          0|
    |mean_reg_1099                                                                 |  32|   0|   32|          0|
    |reduce_conv_silu_10_reg_1284                                                  |  32|   0|   32|          0|
    |reduce_conv_silu_11_reg_1289                                                  |  32|   0|   32|          0|
    |reduce_conv_silu_12_reg_1294                                                  |  32|   0|   32|          0|
    |reduce_conv_silu_13_reg_1299                                                  |  32|   0|   32|          0|
    |reduce_conv_silu_14_reg_1304                                                  |  32|   0|   32|          0|
    |reduce_conv_silu_15_reg_1309                                                  |  32|   0|   32|          0|
    |reduce_conv_silu_16_reg_1314                                                  |  32|   0|   32|          0|
    |reduce_conv_silu_17_reg_1319                                                  |  32|   0|   32|          0|
    |reduce_conv_silu_18_reg_1324                                                  |  32|   0|   32|          0|
    |reduce_conv_silu_19_reg_1329                                                  |  32|   0|   32|          0|
    |reduce_conv_silu_1_reg_1234                                                   |  32|   0|   32|          0|
    |reduce_conv_silu_20_reg_1334                                                  |  32|   0|   32|          0|
    |reduce_conv_silu_21_reg_1339                                                  |  32|   0|   32|          0|
    |reduce_conv_silu_22_reg_1344                                                  |  32|   0|   32|          0|
    |reduce_conv_silu_23_reg_1349                                                  |  32|   0|   32|          0|
    |reduce_conv_silu_24_reg_1354                                                  |  32|   0|   32|          0|
    |reduce_conv_silu_25_reg_1279                                                  |  32|   0|   32|          0|
    |reduce_conv_silu_2_reg_1239                                                   |  32|   0|   32|          0|
    |reduce_conv_silu_3_reg_1244                                                   |  32|   0|   32|          0|
    |reduce_conv_silu_4_reg_1249                                                   |  32|   0|   32|          0|
    |reduce_conv_silu_5_reg_1254                                                   |  32|   0|   32|          0|
    |reduce_conv_silu_6_reg_1259                                                   |  32|   0|   32|          0|
    |reduce_conv_silu_7_reg_1264                                                   |  32|   0|   32|          0|
    |reduce_conv_silu_8_reg_1269                                                   |  32|   0|   32|          0|
    |reduce_conv_silu_9_reg_1274                                                   |  32|   0|   32|          0|
    |reduce_conv_silu_reg_1229                                                     |  32|   0|   32|          0|
    |sigmoid_10_reg_1544                                                           |  32|   0|   32|          0|
    |sigmoid_11_reg_1549                                                           |  32|   0|   32|          0|
    |sigmoid_12_reg_1554                                                           |  32|   0|   32|          0|
    |sigmoid_13_reg_1559                                                           |  32|   0|   32|          0|
    |sigmoid_14_reg_1564                                                           |  32|   0|   32|          0|
    |sigmoid_15_reg_1569                                                           |  32|   0|   32|          0|
    |sigmoid_16_reg_1574                                                           |  32|   0|   32|          0|
    |sigmoid_17_reg_1579                                                           |  32|   0|   32|          0|
    |sigmoid_18_reg_1584                                                           |  32|   0|   32|          0|
    |sigmoid_19_reg_1589                                                           |  32|   0|   32|          0|
    |sigmoid_1_reg_1499                                                            |  32|   0|   32|          0|
    |sigmoid_20_reg_1594                                                           |  32|   0|   32|          0|
    |sigmoid_21_reg_1599                                                           |  32|   0|   32|          0|
    |sigmoid_22_reg_1604                                                           |  32|   0|   32|          0|
    |sigmoid_23_reg_1609                                                           |  32|   0|   32|          0|
    |sigmoid_24_reg_1614                                                           |  32|   0|   32|          0|
    |sigmoid_25_reg_1619                                                           |  32|   0|   32|          0|
    |sigmoid_26_reg_1624                                                           |  32|   0|   32|          0|
    |sigmoid_27_reg_1629                                                           |  32|   0|   32|          0|
    |sigmoid_28_reg_1634                                                           |  32|   0|   32|          0|
    |sigmoid_29_reg_1639                                                           |  32|   0|   32|          0|
    |sigmoid_2_reg_1504                                                            |  32|   0|   32|          0|
    |sigmoid_30_reg_1644                                                           |  32|   0|   32|          0|
    |sigmoid_31_reg_1649                                                           |  32|   0|   32|          0|
    |sigmoid_32_reg_1654                                                           |  32|   0|   32|          0|
    |sigmoid_33_reg_1659                                                           |  32|   0|   32|          0|
    |sigmoid_34_reg_1664                                                           |  32|   0|   32|          0|
    |sigmoid_35_reg_1669                                                           |  32|   0|   32|          0|
    |sigmoid_36_reg_1674                                                           |  32|   0|   32|          0|
    |sigmoid_37_reg_1679                                                           |  32|   0|   32|          0|
    |sigmoid_38_reg_1684                                                           |  32|   0|   32|          0|
    |sigmoid_39_reg_1689                                                           |  32|   0|   32|          0|
    |sigmoid_3_reg_1509                                                            |  32|   0|   32|          0|
    |sigmoid_40_reg_1694                                                           |  32|   0|   32|          0|
    |sigmoid_41_reg_1699                                                           |  32|   0|   32|          0|
    |sigmoid_42_reg_1704                                                           |  32|   0|   32|          0|
    |sigmoid_43_reg_1709                                                           |  32|   0|   32|          0|
    |sigmoid_44_reg_1714                                                           |  32|   0|   32|          0|
    |sigmoid_45_reg_1719                                                           |  32|   0|   32|          0|
    |sigmoid_46_reg_1724                                                           |  32|   0|   32|          0|
    |sigmoid_47_reg_1729                                                           |  32|   0|   32|          0|
    |sigmoid_4_reg_1514                                                            |  32|   0|   32|          0|
    |sigmoid_5_reg_1519                                                            |  32|   0|   32|          0|
    |sigmoid_6_reg_1524                                                            |  32|   0|   32|          0|
    |sigmoid_7_reg_1529                                                            |  32|   0|   32|          0|
    |sigmoid_8_reg_1534                                                            |  32|   0|   32|          0|
    |sigmoid_9_reg_1539                                                            |  32|   0|   32|          0|
    |sigmoid_reg_1494                                                              |  32|   0|   32|          0|
    |trunc_ln_reg_1093                                                             |  58|   0|   58|          0|
    +------------------------------------------------------------------------------+----+----+-----+-----------+
    |Total                                                                         |4238|   0| 4238|          0|
    +------------------------------------------------------------------------------+----+----+-----+-----------+



================================================================
== Interface
================================================================
* Summary: 
+-----------------------+-----+-----+---------------+--------------+--------------+
|       RTL Ports       | Dir | Bits|    Protocol   | Source Object|    C Type    |
+-----------------------+-----+-----+---------------+--------------+--------------+
|s_axi_control_AWVALID  |   in|    1|          s_axi|       control|        scalar|
|s_axi_control_AWREADY  |  out|    1|          s_axi|       control|        scalar|
|s_axi_control_AWADDR   |   in|    6|          s_axi|       control|        scalar|
|s_axi_control_WVALID   |   in|    1|          s_axi|       control|        scalar|
|s_axi_control_WREADY   |  out|    1|          s_axi|       control|        scalar|
|s_axi_control_WDATA    |   in|   32|          s_axi|       control|        scalar|
|s_axi_control_WSTRB    |   in|    4|          s_axi|       control|        scalar|
|s_axi_control_ARVALID  |   in|    1|          s_axi|       control|        scalar|
|s_axi_control_ARREADY  |  out|    1|          s_axi|       control|        scalar|
|s_axi_control_ARADDR   |   in|    6|          s_axi|       control|        scalar|
|s_axi_control_RVALID   |  out|    1|          s_axi|       control|        scalar|
|s_axi_control_RREADY   |   in|    1|          s_axi|       control|        scalar|
|s_axi_control_RDATA    |  out|   32|          s_axi|       control|        scalar|
|s_axi_control_RRESP    |  out|    2|          s_axi|       control|        scalar|
|s_axi_control_BVALID   |  out|    1|          s_axi|       control|        scalar|
|s_axi_control_BREADY   |   in|    1|          s_axi|       control|        scalar|
|s_axi_control_BRESP    |  out|    2|          s_axi|       control|        scalar|
|ap_local_block         |  out|    1|  ap_ctrl_chain|     kernel_se|  return value|
|ap_clk                 |   in|    1|  ap_ctrl_chain|     kernel_se|  return value|
|ap_rst_n               |   in|    1|  ap_ctrl_chain|     kernel_se|  return value|
|interrupt              |  out|    1|  ap_ctrl_chain|     kernel_se|  return value|
|m_axi_gmem0_AWVALID    |  out|    1|          m_axi|         gmem0|       pointer|
|m_axi_gmem0_AWREADY    |   in|    1|          m_axi|         gmem0|       pointer|
|m_axi_gmem0_AWADDR     |  out|   64|          m_axi|         gmem0|       pointer|
|m_axi_gmem0_AWID       |  out|    1|          m_axi|         gmem0|       pointer|
|m_axi_gmem0_AWLEN      |  out|    8|          m_axi|         gmem0|       pointer|
|m_axi_gmem0_AWSIZE     |  out|    3|          m_axi|         gmem0|       pointer|
|m_axi_gmem0_AWBURST    |  out|    2|          m_axi|         gmem0|       pointer|
|m_axi_gmem0_AWLOCK     |  out|    2|          m_axi|         gmem0|       pointer|
|m_axi_gmem0_AWCACHE    |  out|    4|          m_axi|         gmem0|       pointer|
|m_axi_gmem0_AWPROT     |  out|    3|          m_axi|         gmem0|       pointer|
|m_axi_gmem0_AWQOS      |  out|    4|          m_axi|         gmem0|       pointer|
|m_axi_gmem0_AWREGION   |  out|    4|          m_axi|         gmem0|       pointer|
|m_axi_gmem0_AWUSER     |  out|    1|          m_axi|         gmem0|       pointer|
|m_axi_gmem0_WVALID     |  out|    1|          m_axi|         gmem0|       pointer|
|m_axi_gmem0_WREADY     |   in|    1|          m_axi|         gmem0|       pointer|
|m_axi_gmem0_WDATA      |  out|  512|          m_axi|         gmem0|       pointer|
|m_axi_gmem0_WSTRB      |  out|   64|          m_axi|         gmem0|       pointer|
|m_axi_gmem0_WLAST      |  out|    1|          m_axi|         gmem0|       pointer|
|m_axi_gmem0_WID        |  out|    1|          m_axi|         gmem0|       pointer|
|m_axi_gmem0_WUSER      |  out|    1|          m_axi|         gmem0|       pointer|
|m_axi_gmem0_ARVALID    |  out|    1|          m_axi|         gmem0|       pointer|
|m_axi_gmem0_ARREADY    |   in|    1|          m_axi|         gmem0|       pointer|
|m_axi_gmem0_ARADDR     |  out|   64|          m_axi|         gmem0|       pointer|
|m_axi_gmem0_ARID       |  out|    1|          m_axi|         gmem0|       pointer|
|m_axi_gmem0_ARLEN      |  out|    8|          m_axi|         gmem0|       pointer|
|m_axi_gmem0_ARSIZE     |  out|    3|          m_axi|         gmem0|       pointer|
|m_axi_gmem0_ARBURST    |  out|    2|          m_axi|         gmem0|       pointer|
|m_axi_gmem0_ARLOCK     |  out|    2|          m_axi|         gmem0|       pointer|
|m_axi_gmem0_ARCACHE    |  out|    4|          m_axi|         gmem0|       pointer|
|m_axi_gmem0_ARPROT     |  out|    3|          m_axi|         gmem0|       pointer|
|m_axi_gmem0_ARQOS      |  out|    4|          m_axi|         gmem0|       pointer|
|m_axi_gmem0_ARREGION   |  out|    4|          m_axi|         gmem0|       pointer|
|m_axi_gmem0_ARUSER     |  out|    1|          m_axi|         gmem0|       pointer|
|m_axi_gmem0_RVALID     |   in|    1|          m_axi|         gmem0|       pointer|
|m_axi_gmem0_RREADY     |  out|    1|          m_axi|         gmem0|       pointer|
|m_axi_gmem0_RDATA      |   in|  512|          m_axi|         gmem0|       pointer|
|m_axi_gmem0_RLAST      |   in|    1|          m_axi|         gmem0|       pointer|
|m_axi_gmem0_RID        |   in|    1|          m_axi|         gmem0|       pointer|
|m_axi_gmem0_RUSER      |   in|    1|          m_axi|         gmem0|       pointer|
|m_axi_gmem0_RRESP      |   in|    2|          m_axi|         gmem0|       pointer|
|m_axi_gmem0_BVALID     |   in|    1|          m_axi|         gmem0|       pointer|
|m_axi_gmem0_BREADY     |  out|    1|          m_axi|         gmem0|       pointer|
|m_axi_gmem0_BRESP      |   in|    2|          m_axi|         gmem0|       pointer|
|m_axi_gmem0_BID        |   in|    1|          m_axi|         gmem0|       pointer|
|m_axi_gmem0_BUSER      |   in|    1|          m_axi|         gmem0|       pointer|
|m_axi_gmem1_AWVALID    |  out|    1|          m_axi|         gmem1|       pointer|
|m_axi_gmem1_AWREADY    |   in|    1|          m_axi|         gmem1|       pointer|
|m_axi_gmem1_AWADDR     |  out|   64|          m_axi|         gmem1|       pointer|
|m_axi_gmem1_AWID       |  out|    1|          m_axi|         gmem1|       pointer|
|m_axi_gmem1_AWLEN      |  out|    8|          m_axi|         gmem1|       pointer|
|m_axi_gmem1_AWSIZE     |  out|    3|          m_axi|         gmem1|       pointer|
|m_axi_gmem1_AWBURST    |  out|    2|          m_axi|         gmem1|       pointer|
|m_axi_gmem1_AWLOCK     |  out|    2|          m_axi|         gmem1|       pointer|
|m_axi_gmem1_AWCACHE    |  out|    4|          m_axi|         gmem1|       pointer|
|m_axi_gmem1_AWPROT     |  out|    3|          m_axi|         gmem1|       pointer|
|m_axi_gmem1_AWQOS      |  out|    4|          m_axi|         gmem1|       pointer|
|m_axi_gmem1_AWREGION   |  out|    4|          m_axi|         gmem1|       pointer|
|m_axi_gmem1_AWUSER     |  out|    1|          m_axi|         gmem1|       pointer|
|m_axi_gmem1_WVALID     |  out|    1|          m_axi|         gmem1|       pointer|
|m_axi_gmem1_WREADY     |   in|    1|          m_axi|         gmem1|       pointer|
|m_axi_gmem1_WDATA      |  out|  512|          m_axi|         gmem1|       pointer|
|m_axi_gmem1_WSTRB      |  out|   64|          m_axi|         gmem1|       pointer|
|m_axi_gmem1_WLAST      |  out|    1|          m_axi|         gmem1|       pointer|
|m_axi_gmem1_WID        |  out|    1|          m_axi|         gmem1|       pointer|
|m_axi_gmem1_WUSER      |  out|    1|          m_axi|         gmem1|       pointer|
|m_axi_gmem1_ARVALID    |  out|    1|          m_axi|         gmem1|       pointer|
|m_axi_gmem1_ARREADY    |   in|    1|          m_axi|         gmem1|       pointer|
|m_axi_gmem1_ARADDR     |  out|   64|          m_axi|         gmem1|       pointer|
|m_axi_gmem1_ARID       |  out|    1|          m_axi|         gmem1|       pointer|
|m_axi_gmem1_ARLEN      |  out|    8|          m_axi|         gmem1|       pointer|
|m_axi_gmem1_ARSIZE     |  out|    3|          m_axi|         gmem1|       pointer|
|m_axi_gmem1_ARBURST    |  out|    2|          m_axi|         gmem1|       pointer|
|m_axi_gmem1_ARLOCK     |  out|    2|          m_axi|         gmem1|       pointer|
|m_axi_gmem1_ARCACHE    |  out|    4|          m_axi|         gmem1|       pointer|
|m_axi_gmem1_ARPROT     |  out|    3|          m_axi|         gmem1|       pointer|
|m_axi_gmem1_ARQOS      |  out|    4|          m_axi|         gmem1|       pointer|
|m_axi_gmem1_ARREGION   |  out|    4|          m_axi|         gmem1|       pointer|
|m_axi_gmem1_ARUSER     |  out|    1|          m_axi|         gmem1|       pointer|
|m_axi_gmem1_RVALID     |   in|    1|          m_axi|         gmem1|       pointer|
|m_axi_gmem1_RREADY     |  out|    1|          m_axi|         gmem1|       pointer|
|m_axi_gmem1_RDATA      |   in|  512|          m_axi|         gmem1|       pointer|
|m_axi_gmem1_RLAST      |   in|    1|          m_axi|         gmem1|       pointer|
|m_axi_gmem1_RID        |   in|    1|          m_axi|         gmem1|       pointer|
|m_axi_gmem1_RUSER      |   in|    1|          m_axi|         gmem1|       pointer|
|m_axi_gmem1_RRESP      |   in|    2|          m_axi|         gmem1|       pointer|
|m_axi_gmem1_BVALID     |   in|    1|          m_axi|         gmem1|       pointer|
|m_axi_gmem1_BREADY     |  out|    1|          m_axi|         gmem1|       pointer|
|m_axi_gmem1_BRESP      |   in|    2|          m_axi|         gmem1|       pointer|
|m_axi_gmem1_BID        |   in|    1|          m_axi|         gmem1|       pointer|
|m_axi_gmem1_BUSER      |   in|    1|          m_axi|         gmem1|       pointer|
+-----------------------+-----+-----+---------------+--------------+--------------+

