
****** Vitis HLS - High-Level Synthesis from C, C++ and OpenCL v2021.2 (64-bit)
  **** SW Build 3367213 on Tue Oct 19 02:47:39 MDT 2021
  **** IP Build 3369179 on Thu Oct 21 08:25:16 MDT 2021
    ** Copyright 1986-2021 Xilinx, Inc. All Rights Reserved.

source /opt/Xilinx/Vitis_HLS/2021.2/scripts/vitis_hls/hls.tcl -notrace
INFO: Applying HLS Y2K22 patch v1.2 for IP revision
INFO: [HLS 200-10] Running '/opt/Xilinx/Vitis_HLS/2021.2/bin/unwrapped/lnx64.o/vitis_hls'
INFO: [HLS 200-10] For user 'lthuang22' on host 'ic22' (Linux_x86_64 version 3.10.0-1160.45.1.el7.x86_64) on Sat Sep 23 01:45:51 CST 2023
INFO: [HLS 200-10] On os "CentOS Linux release 7.9.2009 (Core)"
INFO: [HLS 200-10] In directory '/users/student/mr111/lthuang22/Vitis/stage0_single_kernel/stage0_kernels/Emulation-SW/build/kernel_stage0/kernel_stage0'
Sourcing Tcl script 'kernel_stage0.tcl'
INFO: [HLS 200-1510] Running: open_project kernel_stage0 
INFO: [HLS 200-10] Creating and opening project '/users/student/mr111/lthuang22/Vitis/stage0_single_kernel/stage0_kernels/Emulation-SW/build/kernel_stage0/kernel_stage0/kernel_stage0'.
INFO: [HLS 200-1510] Running: set_top kernel_stage0 
INFO: [HLS 200-1510] Running: add_files /users/student/mr111/lthuang22/Vitis/stage0_single_kernel/stage0_kernels/src/kernel_stage0.cpp -cflags  -g -I /users/student/mr111/lthuang22/Vitis/stage0_single_kernel/stage0_kernels/src  
INFO: [HLS 200-10] Adding design file '/users/student/mr111/lthuang22/Vitis/stage0_single_kernel/stage0_kernels/src/kernel_stage0.cpp' to the project
INFO: [HLS 200-1510] Running: open_solution -flow_target vitis solution 
INFO: [HLS 200-10] Creating and opening solution '/users/student/mr111/lthuang22/Vitis/stage0_single_kernel/stage0_kernels/Emulation-SW/build/kernel_stage0/kernel_stage0/kernel_stage0/solution'.
INFO: [HLS 200-1505] Using flow_target 'vitis'
Resolution: For help on HLS 200-1505 see www.xilinx.com/cgi-bin/docs/rdoc?v=2021.2;t=hls+guidance;d=200-1505.html
INFO: [HLS 200-435] Setting 'open_solution -flow_target vitis' configuration: config_interface -m_axi_latency=64
INFO: [HLS 200-435] Setting 'open_solution -flow_target vitis' configuration: config_interface -m_axi_alignment_byte_size=64
INFO: [HLS 200-435] Setting 'open_solution -flow_target vitis' configuration: config_interface -m_axi_max_widen_bitwidth=512
INFO: [HLS 200-435] Setting 'open_solution -flow_target vitis' configuration: config_rtl -register_reset_num=3
INFO: [HLS 200-1510] Running: set_part xcu50-fsvh2104-2-e 
INFO: [HLS 200-1611] Setting target device to 'xcu50-fsvh2104-2-e'
INFO: [HLS 200-1510] Running: create_clock -period 300.000000MHz -name default 
INFO: [SYN 201-201] Setting up clock 'default' with a period of 3.333ns.
INFO: [HLS 200-1510] Running: config_rtl -kernel_profile 
INFO: [HLS 200-1510] Running: config_dataflow -strict_mode warning 
INFO: [HLS 200-1510] Running: config_debug -enable 
INFO: [HLS 200-1510] Running: config_export -deadlock_detection none 
INFO: [HLS 200-1510] Running: config_interface -m_axi_conservative_mode=1 
INFO: [HLS 200-1510] Running: config_interface -m_axi_addr64 
INFO: [HLS 200-1510] Running: config_interface -m_axi_auto_max_ports=0 
INFO: [HLS 200-1510] Running: config_export -format xo -ipname kernel_stage0 
INFO: [HLS 200-1510] Running: csynth_design -synthesis_check 
INFO: [HLS 200-111] Finished File checks and directory preparation: CPU user time: 0.01 seconds. CPU system time: 0 seconds. Elapsed time: 0.01 seconds; current allocated memory: 1.173 GB.
INFO: [HLS 200-10] Analyzing design file '/users/student/mr111/lthuang22/Vitis/stage0_single_kernel/stage0_kernels/src/kernel_stage0.cpp' ... 
ERROR: [HLS 207-1198] expected '(' for function-style cast or type construction (/users/student/mr111/lthuang22/Vitis/stage0_single_kernel/stage0_kernels/src/kernel_stage0.cpp:44:18)
ERROR: [HLS 207-1198] expected '(' for function-style cast or type construction (/users/student/mr111/lthuang22/Vitis/stage0_single_kernel/stage0_kernels/src/kernel_stage0.cpp:44:31)
ERROR: [HLS 207-1198] expected '(' for function-style cast or type construction (/users/student/mr111/lthuang22/Vitis/stage0_single_kernel/stage0_kernels/src/kernel_stage0.cpp:44:45)
ERROR: [HLS 207-1198] expected '(' for function-style cast or type construction (/users/student/mr111/lthuang22/Vitis/stage0_single_kernel/stage0_kernels/src/kernel_stage0.cpp:44:59)
ERROR: [HLS 207-1198] expected '(' for function-style cast or type construction (/users/student/mr111/lthuang22/Vitis/stage0_single_kernel/stage0_kernels/src/kernel_stage0.cpp:44:74)
ERROR: [HLS 207-1198] expected '(' for function-style cast or type construction (/users/student/mr111/lthuang22/Vitis/stage0_single_kernel/stage0_kernels/src/kernel_stage0.cpp:44:86)
ERROR: [HLS 207-1198] expected '(' for function-style cast or type construction (/users/student/mr111/lthuang22/Vitis/stage0_single_kernel/stage0_kernels/src/kernel_stage0.cpp:44:102)
ERROR: [HLS 207-1198] expected '(' for function-style cast or type construction (/users/student/mr111/lthuang22/Vitis/stage0_single_kernel/stage0_kernels/src/kernel_stage0.cpp:44:119)
ERROR: [HLS 207-1198] expected '(' for function-style cast or type construction (/users/student/mr111/lthuang22/Vitis/stage0_single_kernel/stage0_kernels/src/kernel_stage0.cpp:44:142)
ERROR: [HLS 207-1198] expected '(' for function-style cast or type construction (/users/student/mr111/lthuang22/Vitis/stage0_single_kernel/stage0_kernels/src/kernel_stage0.cpp:44:159)
ERROR: [HLS 207-1198] expected '(' for function-style cast or type construction (/users/student/mr111/lthuang22/Vitis/stage0_single_kernel/stage0_kernels/src/kernel_stage0.cpp:44:172)
ERROR: [HLS 207-1198] expected '(' for function-style cast or type construction (/users/student/mr111/lthuang22/Vitis/stage0_single_kernel/stage0_kernels/src/kernel_stage0.cpp:44:184)
ERROR: [HLS 207-1198] expected '(' for function-style cast or type construction (/users/student/mr111/lthuang22/Vitis/stage0_single_kernel/stage0_kernels/src/kernel_stage0.cpp:44:198)
ERROR: [HLS 207-1198] expected '(' for function-style cast or type construction (/users/student/mr111/lthuang22/Vitis/stage0_single_kernel/stage0_kernels/src/kernel_stage0.cpp:46:13)
ERROR: [HLS 207-1198] expected '(' for function-style cast or type construction (/users/student/mr111/lthuang22/Vitis/stage0_single_kernel/stage0_kernels/src/kernel_stage0.cpp:46:27)
ERROR: [HLS 207-1198] expected '(' for function-style cast or type construction (/users/student/mr111/lthuang22/Vitis/stage0_single_kernel/stage0_kernels/src/kernel_stage0.cpp:46:38)
ERROR: [HLS 207-1198] expected '(' for function-style cast or type construction (/users/student/mr111/lthuang22/Vitis/stage0_single_kernel/stage0_kernels/src/kernel_stage0.cpp:46:54)
ERROR: [HLS 207-1198] expected '(' for function-style cast or type construction (/users/student/mr111/lthuang22/Vitis/stage0_single_kernel/stage0_kernels/src/kernel_stage0.cpp:46:69)
ERROR: [HLS 207-1198] expected '(' for function-style cast or type construction (/users/student/mr111/lthuang22/Vitis/stage0_single_kernel/stage0_kernels/src/kernel_stage0.cpp:46:86)
ERROR: [HLS 207-59] too many errors emitted, stopping now
INFO: [HLS 200-111] Finished Command csynth_design CPU user time: 3.65 seconds. CPU system time: 0.2 seconds. Elapsed time: 3.48 seconds; current allocated memory: -937.109 MB.
 
    while executing
"source kernel_stage0.tcl"
    ("uplevel" body line 1)
    invoked from within
"uplevel \#0 [list source $arg] "

INFO: [HLS 200-112] Total CPU user time: 6.5 seconds. Total CPU system time: 0.61 seconds. Total elapsed time: 5.5 seconds; peak allocated memory: 1.173 GB.
INFO: [Common 17-206] Exiting vitis_hls at Sat Sep 23 01:45:56 2023...
