

================================================================
== Vitis HLS Report for 'BatchNorm_1'
================================================================
* Date:           Sat Nov  4 13:53:03 2023

* Version:        2022.1 (Build 3526262 on Mon Apr 18 15:47:01 MDT 2022)
* Project:        proj_kernel_EMO
* Solution:       solution1 (Vivado IP Flow Target)
* Product family: virtexuplus
* Target device:  xcu250-figd2104-2L-e


================================================================
== Performance Estimates
================================================================
+ Timing: 
    * Summary: 
    +--------+----------+-----------+------------+
    |  Clock |  Target  | Estimated | Uncertainty|
    +--------+----------+-----------+------------+
    |ap_clk  |  15.00 ns|  10.950 ns|     4.05 ns|
    +--------+----------+-----------+------------+

+ Latency: 
    * Summary: 
    +---------+---------+----------+-----------+-------+---------+---------+
    |  Latency (cycles) |  Latency (absolute)  |     Interval    | Pipeline|
    |   min   |   max   |    min   |    max    |  min  |   max   |   Type  |
    +---------+---------+----------+-----------+-------+---------+---------+
    |    55105|  2974721|  0.827 ms|  44.621 ms|  55105|  2974721|       no|
    +---------+---------+----------+-----------+-------+---------+---------+

    + Detail: 
        * Instance: 
        +-------------------------------------------------+--------------------------------------+---------+---------+----------+----------+-----+-----+---------+
        |                                                 |                                      |  Latency (cycles) |  Latency (absolute) |  Interval | Pipeline|
        |                     Instance                    |                Module                |   min   |   max   |    min   |    max   | min | max |   Type  |
        +-------------------------------------------------+--------------------------------------+---------+---------+----------+----------+-----+-----+---------+
        |grp_BatchNorm_1_Pipeline_VITIS_LOOP_19_4_fu_239  |BatchNorm_1_Pipeline_VITIS_LOOP_19_4  |       60|      144|  0.900 us|  2.160 us|   60|  144|       no|
        +-------------------------------------------------+--------------------------------------+---------+---------+----------+----------+-----+-----+---------+

        * Loop: 
        +---------------------------------------------------+---------+---------+----------+-----------+-----------+-------------+----------+
        |                                                   |  Latency (cycles) | Iteration|  Initiation Interval  |     Trip    |          |
        |                     Loop Name                     |   min   |   max   |  Latency |  achieved |   target  |    Count    | Pipelined|
        +---------------------------------------------------+---------+---------+----------+-----------+-----------+-------------+----------+
        |- VITIS_LOOP_13_1_VITIS_LOOP_15_2_VITIS_LOOP_17_3  |    55104|  2974720|  82 ~ 166|          -|          -|  672 ~ 17920|        no|
        +---------------------------------------------------+---------+---------+----------+-----------+-----------+-------------+----------+



================================================================
== Utilization Estimates
================================================================
* Summary: 
+---------------------+---------+-------+---------+---------+------+
|         Name        | BRAM_18K|  DSP  |    FF   |   LUT   | URAM |
+---------------------+---------+-------+---------+---------+------+
|DSP                  |        -|      1|        -|        -|     -|
|Expression           |        -|      -|        0|     1458|     -|
|FIFO                 |        -|      -|        -|        -|     -|
|Instance             |        -|     13|     1528|     1391|     -|
|Memory               |        -|      -|        -|        -|     -|
|Multiplexer          |        -|      -|        -|      303|     -|
|Register             |        -|      -|     1172|        -|     -|
+---------------------+---------+-------+---------+---------+------+
|Total                |        0|     14|     2700|     3152|     0|
+---------------------+---------+-------+---------+---------+------+
|Available SLR        |     1344|   3072|   864000|   432000|   320|
+---------------------+---------+-------+---------+---------+------+
|Utilization SLR (%)  |        0|     ~0|       ~0|       ~0|     0|
+---------------------+---------+-------+---------+---------+------+
|Available            |     5376|  12288|  3456000|  1728000|  1280|
+---------------------+---------+-------+---------+---------+------+
|Utilization (%)      |        0|     ~0|       ~0|       ~0|     0|
+---------------------+---------+-------+---------+---------+------+

+ Detail: 
    * Instance: 
    +-------------------------------------------------+--------------------------------------+---------+----+------+-----+-----+
    |                     Instance                    |                Module                | BRAM_18K| DSP|  FF  | LUT | URAM|
    +-------------------------------------------------+--------------------------------------+---------+----+------+-----+-----+
    |grp_BatchNorm_1_Pipeline_VITIS_LOOP_19_4_fu_239  |BatchNorm_1_Pipeline_VITIS_LOOP_19_4  |        0|  10|  1185|  563|    0|
    |dadd_64ns_64ns_64_2_full_dsp_1_U49               |dadd_64ns_64ns_64_2_full_dsp_1        |        0|   3|   343|  708|    0|
    |dsqrt_64ns_64ns_64_8_no_dsp_1_U50                |dsqrt_64ns_64ns_64_8_no_dsp_1         |        0|   0|     0|    0|    0|
    |fpext_32ns_64_1_no_dsp_1_U47                     |fpext_32ns_64_1_no_dsp_1              |        0|   0|     0|    0|    0|
    |fpext_32ns_64_1_no_dsp_1_U48                     |fpext_32ns_64_1_no_dsp_1              |        0|   0|     0|    0|    0|
    |mul_8ns_7ns_15_1_1_U51                           |mul_8ns_7ns_15_1_1                    |        0|   0|     0|   40|    0|
    |mul_8ns_7ns_15_1_1_U52                           |mul_8ns_7ns_15_1_1                    |        0|   0|     0|   40|    0|
    |mul_8ns_7ns_15_1_1_U53                           |mul_8ns_7ns_15_1_1                    |        0|   0|     0|   40|    0|
    +-------------------------------------------------+--------------------------------------+---------+----+------+-----+-----+
    |Total                                            |                                      |        0|  13|  1528| 1391|    0|
    +-------------------------------------------------+--------------------------------------+---------+----+------+-----+-----+

    * DSP: 
    +-----------------------------+-------------------------+-----------+
    |           Instance          |          Module         | Expression|
    +-----------------------------+-------------------------+-----------+
    |mul_mul_15ns_7ns_21_4_1_U54  |mul_mul_15ns_7ns_21_4_1  |    i0 * i1|
    +-----------------------------+-------------------------+-----------+

    * Memory: 
    N/A

    * FIFO: 
    N/A

    * Expression: 
    +---------------------------+----------+----+---+----+------------+------------+
    |       Variable Name       | Operation| DSP| FF| LUT| Bitwidth P0| Bitwidth P1|
    +---------------------------+----------+----+---+----+------------+------------+
    |add_ln13_fu_473_p2         |         +|   0|  0|  22|          15|           1|
    |add_ln15_1_fu_733_p2       |         +|   0|  0|  22|          15|           1|
    |add_ln15_fu_569_p2         |         +|   0|  0|  15|           8|           1|
    |add_ln17_fu_824_p2         |         +|   0|  0|  14|           7|           1|
    |empty_241_fu_398_p2        |         +|   0|  0|  71|          64|          64|
    |empty_242_fu_403_p2        |         +|   0|  0|  71|          64|          64|
    |empty_243_fu_408_p2        |         +|   0|  0|  71|          64|          64|
    |empty_245_fu_846_p2        |         +|   0|  0|  71|          64|          64|
    |empty_246_fu_851_p2        |         +|   0|  0|  71|          64|          64|
    |empty_fu_393_p2            |         +|   0|  0|  71|          64|          64|
    |p_mid118_fu_587_p2         |         +|   0|  0|  71|          64|          64|
    |p_mid120_fu_592_p2         |         +|   0|  0|  71|          64|          64|
    |p_mid122_fu_597_p2         |         +|   0|  0|  71|          64|          64|
    |p_mid124_fu_602_p2         |         +|   0|  0|  71|          64|          64|
    |tmp1_fu_814_p2             |         +|   0|  0|  22|          15|          15|
    |tmp2_fu_413_p2             |         +|   0|  0|  15|           8|           8|
    |tmp2_mid1_fu_607_p2        |         +|   0|  0|  15|           8|           8|
    |and_ln15_1_fu_504_p2       |       and|   0|  0|   2|           1|           1|
    |and_ln15_fu_372_p2         |       and|   0|  0|   2|           1|           1|
    |tmp3_mid175_fu_769_p2      |       and|   0|  0|   7|           7|           7|
    |icmp_ln13_fu_468_p2        |      icmp|   0|  0|  12|          15|          15|
    |icmp_ln15_fu_485_p2        |      icmp|   0|  0|  12|          15|          15|
    |icmp_ln17_1_fu_549_p2      |      icmp|   0|  0|  10|           7|           7|
    |icmp_ln17_fu_340_p2        |      icmp|   0|  0|  10|           7|           1|
    |or_ln15_fu_784_p2          |        or|   0|  0|   2|           1|           1|
    |and_ln15_1_cast_fu_762_p3  |    select|   0|  0|   2|           1|           2|
    |n_mid2_fu_561_p3           |    select|   0|  0|   2|           1|           1|
    |select_ln13_1_fu_509_p3    |    select|   0|  0|   2|           1|           1|
    |select_ln13_2_fu_778_p3    |    select|   0|  0|  15|           1|          15|
    |select_ln13_3_fu_521_p3    |    select|   0|  0|  61|           1|          62|
    |select_ln13_4_fu_528_p3    |    select|   0|  0|  61|           1|          62|
    |select_ln13_5_fu_535_p3    |    select|   0|  0|  61|           1|          62|
    |select_ln13_6_fu_542_p3    |    select|   0|  0|  61|           1|          62|
    |select_ln13_7_fu_554_p3    |    select|   0|  0|   2|           1|           1|
    |select_ln13_fu_490_p3      |    select|   0|  0|   8|           1|           1|
    |select_ln15_1_fu_803_p3    |    select|   0|  0|  15|           1|          15|
    |select_ln15_2_fu_623_p3    |    select|   0|  0|  61|           1|          62|
    |select_ln15_3_fu_651_p3    |    select|   0|  0|  61|           1|          62|
    |select_ln15_4_fu_679_p3    |    select|   0|  0|  61|           1|          62|
    |select_ln15_5_fu_707_p3    |    select|   0|  0|  61|           1|          62|
    |select_ln15_6_fu_725_p3    |    select|   0|  0|   8|           1|           8|
    |select_ln15_7_fu_739_p3    |    select|   0|  0|  15|           1|           1|
    |select_ln15_fu_788_p3      |    select|   0|  0|   7|           1|           1|
    |xor_ln13_fu_498_p2         |       xor|   0|  0|   2|           1|           2|
    +---------------------------+----------+----+---+----+------------+------------+
    |Total                      |          |   0|  0|1458|         789|        1267|
    +---------------------------+----------+----+---+----+------------+------------+

    * Multiplexer: 
    +--------------------------+-----+-----------+-----+-----------+
    |           Name           | LUT | Input Size| Bits| Total Bits|
    +--------------------------+-----+-----------+-----+-----------+
    |ap_NS_fsm                 |  118|         24|    1|         24|
    |c_fu_114                  |    9|          2|    8|         16|
    |gmem_blk_n_AR             |    9|          2|    1|          2|
    |gmem_blk_n_R              |    9|          2|    1|          2|
    |grp_fu_255_p0             |   14|          3|   32|         96|
    |grp_fu_261_ce             |    9|          2|    1|          2|
    |grp_fu_261_p0             |   14|          3|   64|        192|
    |grp_fu_261_p1             |   14|          3|   64|        192|
    |h_fu_110                  |    9|          2|    7|         14|
    |indvar_flatten127_fu_122  |    9|          2|   15|         30|
    |indvar_flatten_fu_118     |    9|          2|   15|         30|
    |m_axi_gmem11_ARVALID      |    9|          2|    1|          2|
    |m_axi_gmem11_RREADY       |    9|          2|    1|          2|
    |m_axi_gmem2_AWVALID       |    9|          2|    1|          2|
    |m_axi_gmem2_BREADY        |    9|          2|    1|          2|
    |m_axi_gmem2_WVALID        |    9|          2|    1|          2|
    |m_axi_gmem_ARADDR         |   26|          5|   64|        320|
    |n_reg_228                 |    9|          2|    1|          2|
    +--------------------------+-----+-----------+-----+-----------+
    |Total                     |  303|         64|  279|        932|
    +--------------------------+-----+-----------+-----+-----------+

    * Register: 
    +--------------------------------------------------------------+----+----+-----+-----------+
    |                             Name                             | FF | LUT| Bits| Const Bits|
    +--------------------------------------------------------------+----+----+-----+-----------+
    |add_mid2_reg_1107                                             |  64|   0|   64|          0|
    |and_ln15_1_reg_1037                                           |   1|   0|    1|          0|
    |ap_CS_fsm                                                     |  23|   0|   23|          0|
    |bitcast_ln15_reg_1127                                         |  32|   0|   32|          0|
    |bound_reg_989                                                 |  15|   0|   15|          0|
    |c_fu_114                                                      |   8|   0|    8|          0|
    |conv3_mid2_reg_1122                                           |  64|   0|   64|          0|
    |gmem_addr_2_read_reg_1102                                     |  32|   0|   32|          0|
    |gmem_addr_2_reg_1064                                          |  64|   0|   64|          0|
    |gmem_addr_3_read_reg_1112                                     |  32|   0|   32|          0|
    |gmem_addr_3_reg_1070                                          |  64|   0|   64|          0|
    |gmem_addr_4_read_reg_1117                                     |  32|   0|   32|          0|
    |gmem_addr_4_reg_1076                                          |  64|   0|   64|          0|
    |gmem_addr_read_reg_1097                                       |  32|   0|   32|          0|
    |gmem_addr_reg_1058                                            |  64|   0|   64|          0|
    |grp_BatchNorm_1_Pipeline_VITIS_LOOP_19_4_fu_239_ap_start_reg  |   1|   0|    1|          0|
    |h_fu_110                                                      |   7|   0|    7|          0|
    |icmp_ln15_reg_1031                                            |   1|   0|    1|          0|
    |icmp_ln17_reg_1015                                            |   1|   0|    1|          0|
    |indvar_flatten127_fu_122                                      |  15|   0|   15|          0|
    |indvar_flatten_fu_118                                         |  15|   0|   15|          0|
    |n_mid2_reg_1048                                               |   1|   0|    1|          0|
    |n_reg_228                                                     |   1|   0|    1|          0|
    |p_cast1_mid_reg_995                                           |  62|   0|   62|          0|
    |p_cast2_mid_reg_1000                                          |  62|   0|   62|          0|
    |p_cast3_mid_reg_1005                                          |  62|   0|   62|          0|
    |p_cast4_mid_reg_1010                                          |  62|   0|   62|          0|
    |p_read3_cast_reg_984                                          |   7|   0|   21|         14|
    |reg_272                                                       |  64|   0|   64|          0|
    |select_ln13_7_reg_1042                                        |   1|   0|    1|          0|
    |tmp2_mid1_reg_1053                                            |   8|   0|    8|          0|
    |tmp3_reg_1020                                                 |  15|   0|   15|          0|
    |tmp_reg_1132                                                  |  64|   0|   64|          0|
    |trunc_ln15_1_reg_978                                          |   1|   0|    1|          0|
    |trunc_ln19_1_reg_1092                                         |  62|   0|   62|          0|
    |trunc_ln_reg_1087                                             |  62|   0|   62|          0|
    |zext_ln13_reg_972                                             |   7|   0|   15|          8|
    +--------------------------------------------------------------+----+----+-----+-----------+
    |Total                                                         |1172|   0| 1194|         22|
    +--------------------------------------------------------------+----+----+-----+-----------+



================================================================
== Interface
================================================================
* Summary: 
+-----------------------+-----+-----+------------+--------------+--------------+
|       RTL Ports       | Dir | Bits|  Protocol  | Source Object|    C Type    |
+-----------------------+-----+-----+------------+--------------+--------------+
|ap_clk                 |   in|    1|  ap_ctrl_hs|   BatchNorm.1|  return value|
|ap_rst                 |   in|    1|  ap_ctrl_hs|   BatchNorm.1|  return value|
|ap_start               |   in|    1|  ap_ctrl_hs|   BatchNorm.1|  return value|
|ap_done                |  out|    1|  ap_ctrl_hs|   BatchNorm.1|  return value|
|ap_idle                |  out|    1|  ap_ctrl_hs|   BatchNorm.1|  return value|
|ap_ready               |  out|    1|  ap_ctrl_hs|   BatchNorm.1|  return value|
|m_axi_gmem11_AWVALID   |  out|    1|       m_axi|         gmem0|       pointer|
|m_axi_gmem11_AWREADY   |   in|    1|       m_axi|         gmem0|       pointer|
|m_axi_gmem11_AWADDR    |  out|   64|       m_axi|         gmem0|       pointer|
|m_axi_gmem11_AWID      |  out|    1|       m_axi|         gmem0|       pointer|
|m_axi_gmem11_AWLEN     |  out|   32|       m_axi|         gmem0|       pointer|
|m_axi_gmem11_AWSIZE    |  out|    3|       m_axi|         gmem0|       pointer|
|m_axi_gmem11_AWBURST   |  out|    2|       m_axi|         gmem0|       pointer|
|m_axi_gmem11_AWLOCK    |  out|    2|       m_axi|         gmem0|       pointer|
|m_axi_gmem11_AWCACHE   |  out|    4|       m_axi|         gmem0|       pointer|
|m_axi_gmem11_AWPROT    |  out|    3|       m_axi|         gmem0|       pointer|
|m_axi_gmem11_AWQOS     |  out|    4|       m_axi|         gmem0|       pointer|
|m_axi_gmem11_AWREGION  |  out|    4|       m_axi|         gmem0|       pointer|
|m_axi_gmem11_AWUSER    |  out|    1|       m_axi|         gmem0|       pointer|
|m_axi_gmem11_WVALID    |  out|    1|       m_axi|         gmem0|       pointer|
|m_axi_gmem11_WREADY    |   in|    1|       m_axi|         gmem0|       pointer|
|m_axi_gmem11_WDATA     |  out|   32|       m_axi|         gmem0|       pointer|
|m_axi_gmem11_WSTRB     |  out|    4|       m_axi|         gmem0|       pointer|
|m_axi_gmem11_WLAST     |  out|    1|       m_axi|         gmem0|       pointer|
|m_axi_gmem11_WID       |  out|    1|       m_axi|         gmem0|       pointer|
|m_axi_gmem11_WUSER     |  out|    1|       m_axi|         gmem0|       pointer|
|m_axi_gmem11_ARVALID   |  out|    1|       m_axi|         gmem0|       pointer|
|m_axi_gmem11_ARREADY   |   in|    1|       m_axi|         gmem0|       pointer|
|m_axi_gmem11_ARADDR    |  out|   64|       m_axi|         gmem0|       pointer|
|m_axi_gmem11_ARID      |  out|    1|       m_axi|         gmem0|       pointer|
|m_axi_gmem11_ARLEN     |  out|   32|       m_axi|         gmem0|       pointer|
|m_axi_gmem11_ARSIZE    |  out|    3|       m_axi|         gmem0|       pointer|
|m_axi_gmem11_ARBURST   |  out|    2|       m_axi|         gmem0|       pointer|
|m_axi_gmem11_ARLOCK    |  out|    2|       m_axi|         gmem0|       pointer|
|m_axi_gmem11_ARCACHE   |  out|    4|       m_axi|         gmem0|       pointer|
|m_axi_gmem11_ARPROT    |  out|    3|       m_axi|         gmem0|       pointer|
|m_axi_gmem11_ARQOS     |  out|    4|       m_axi|         gmem0|       pointer|
|m_axi_gmem11_ARREGION  |  out|    4|       m_axi|         gmem0|       pointer|
|m_axi_gmem11_ARUSER    |  out|    1|       m_axi|         gmem0|       pointer|
|m_axi_gmem11_RVALID    |   in|    1|       m_axi|         gmem0|       pointer|
|m_axi_gmem11_RREADY    |  out|    1|       m_axi|         gmem0|       pointer|
|m_axi_gmem11_RDATA     |   in|   32|       m_axi|         gmem0|       pointer|
|m_axi_gmem11_RLAST     |   in|    1|       m_axi|         gmem0|       pointer|
|m_axi_gmem11_RID       |   in|    1|       m_axi|         gmem0|       pointer|
|m_axi_gmem11_RFIFONUM  |   in|    9|       m_axi|         gmem0|       pointer|
|m_axi_gmem11_RUSER     |   in|    1|       m_axi|         gmem0|       pointer|
|m_axi_gmem11_RRESP     |   in|    2|       m_axi|         gmem0|       pointer|
|m_axi_gmem11_BVALID    |   in|    1|       m_axi|         gmem0|       pointer|
|m_axi_gmem11_BREADY    |  out|    1|       m_axi|         gmem0|       pointer|
|m_axi_gmem11_BRESP     |   in|    2|       m_axi|         gmem0|       pointer|
|m_axi_gmem11_BID       |   in|    1|       m_axi|         gmem0|       pointer|
|m_axi_gmem11_BUSER     |   in|    1|       m_axi|         gmem0|       pointer|
|X_data                 |   in|   64|     ap_none|        X_data|        scalar|
|m_axi_gmem2_AWVALID    |  out|    1|       m_axi|         gmem0|       pointer|
|m_axi_gmem2_AWREADY    |   in|    1|       m_axi|         gmem0|       pointer|
|m_axi_gmem2_AWADDR     |  out|   64|       m_axi|         gmem0|       pointer|
|m_axi_gmem2_AWID       |  out|    1|       m_axi|         gmem0|       pointer|
|m_axi_gmem2_AWLEN      |  out|   32|       m_axi|         gmem0|       pointer|
|m_axi_gmem2_AWSIZE     |  out|    3|       m_axi|         gmem0|       pointer|
|m_axi_gmem2_AWBURST    |  out|    2|       m_axi|         gmem0|       pointer|
|m_axi_gmem2_AWLOCK     |  out|    2|       m_axi|         gmem0|       pointer|
|m_axi_gmem2_AWCACHE    |  out|    4|       m_axi|         gmem0|       pointer|
|m_axi_gmem2_AWPROT     |  out|    3|       m_axi|         gmem0|       pointer|
|m_axi_gmem2_AWQOS      |  out|    4|       m_axi|         gmem0|       pointer|
|m_axi_gmem2_AWREGION   |  out|    4|       m_axi|         gmem0|       pointer|
|m_axi_gmem2_AWUSER     |  out|    1|       m_axi|         gmem0|       pointer|
|m_axi_gmem2_WVALID     |  out|    1|       m_axi|         gmem0|       pointer|
|m_axi_gmem2_WREADY     |   in|    1|       m_axi|         gmem0|       pointer|
|m_axi_gmem2_WDATA      |  out|   32|       m_axi|         gmem0|       pointer|
|m_axi_gmem2_WSTRB      |  out|    4|       m_axi|         gmem0|       pointer|
|m_axi_gmem2_WLAST      |  out|    1|       m_axi|         gmem0|       pointer|
|m_axi_gmem2_WID        |  out|    1|       m_axi|         gmem0|       pointer|
|m_axi_gmem2_WUSER      |  out|    1|       m_axi|         gmem0|       pointer|
|m_axi_gmem2_ARVALID    |  out|    1|       m_axi|         gmem0|       pointer|
|m_axi_gmem2_ARREADY    |   in|    1|       m_axi|         gmem0|       pointer|
|m_axi_gmem2_ARADDR     |  out|   64|       m_axi|         gmem0|       pointer|
|m_axi_gmem2_ARID       |  out|    1|       m_axi|         gmem0|       pointer|
|m_axi_gmem2_ARLEN      |  out|   32|       m_axi|         gmem0|       pointer|
|m_axi_gmem2_ARSIZE     |  out|    3|       m_axi|         gmem0|       pointer|
|m_axi_gmem2_ARBURST    |  out|    2|       m_axi|         gmem0|       pointer|
|m_axi_gmem2_ARLOCK     |  out|    2|       m_axi|         gmem0|       pointer|
|m_axi_gmem2_ARCACHE    |  out|    4|       m_axi|         gmem0|       pointer|
|m_axi_gmem2_ARPROT     |  out|    3|       m_axi|         gmem0|       pointer|
|m_axi_gmem2_ARQOS      |  out|    4|       m_axi|         gmem0|       pointer|
|m_axi_gmem2_ARREGION   |  out|    4|       m_axi|         gmem0|       pointer|
|m_axi_gmem2_ARUSER     |  out|    1|       m_axi|         gmem0|       pointer|
|m_axi_gmem2_RVALID     |   in|    1|       m_axi|         gmem0|       pointer|
|m_axi_gmem2_RREADY     |  out|    1|       m_axi|         gmem0|       pointer|
|m_axi_gmem2_RDATA      |   in|   32|       m_axi|         gmem0|       pointer|
|m_axi_gmem2_RLAST      |   in|    1|       m_axi|         gmem0|       pointer|
|m_axi_gmem2_RID        |   in|    1|       m_axi|         gmem0|       pointer|
|m_axi_gmem2_RFIFONUM   |   in|    9|       m_axi|         gmem0|       pointer|
|m_axi_gmem2_RUSER      |   in|    1|       m_axi|         gmem0|       pointer|
|m_axi_gmem2_RRESP      |   in|    2|       m_axi|         gmem0|       pointer|
|m_axi_gmem2_BVALID     |   in|    1|       m_axi|         gmem0|       pointer|
|m_axi_gmem2_BREADY     |  out|    1|       m_axi|         gmem0|       pointer|
|m_axi_gmem2_BRESP      |   in|    2|       m_axi|         gmem0|       pointer|
|m_axi_gmem2_BID        |   in|    1|       m_axi|         gmem0|       pointer|
|m_axi_gmem2_BUSER      |   in|    1|       m_axi|         gmem0|       pointer|
|Y_data                 |   in|   64|     ap_none|        Y_data|        scalar|
|p_read1                |   in|    8|     ap_none|       p_read1|        scalar|
|p_read2                |   in|    7|     ap_none|       p_read2|        scalar|
|p_read3                |   in|    7|     ap_none|       p_read3|        scalar|
|m_axi_gmem_AWVALID     |  out|    1|       m_axi|          gmem|       pointer|
|m_axi_gmem_AWREADY     |   in|    1|       m_axi|          gmem|       pointer|
|m_axi_gmem_AWADDR      |  out|   64|       m_axi|          gmem|       pointer|
|m_axi_gmem_AWID        |  out|    1|       m_axi|          gmem|       pointer|
|m_axi_gmem_AWLEN       |  out|   32|       m_axi|          gmem|       pointer|
|m_axi_gmem_AWSIZE      |  out|    3|       m_axi|          gmem|       pointer|
|m_axi_gmem_AWBURST     |  out|    2|       m_axi|          gmem|       pointer|
|m_axi_gmem_AWLOCK      |  out|    2|       m_axi|          gmem|       pointer|
|m_axi_gmem_AWCACHE     |  out|    4|       m_axi|          gmem|       pointer|
|m_axi_gmem_AWPROT      |  out|    3|       m_axi|          gmem|       pointer|
|m_axi_gmem_AWQOS       |  out|    4|       m_axi|          gmem|       pointer|
|m_axi_gmem_AWREGION    |  out|    4|       m_axi|          gmem|       pointer|
|m_axi_gmem_AWUSER      |  out|    1|       m_axi|          gmem|       pointer|
|m_axi_gmem_WVALID      |  out|    1|       m_axi|          gmem|       pointer|
|m_axi_gmem_WREADY      |   in|    1|       m_axi|          gmem|       pointer|
|m_axi_gmem_WDATA       |  out|   32|       m_axi|          gmem|       pointer|
|m_axi_gmem_WSTRB       |  out|    4|       m_axi|          gmem|       pointer|
|m_axi_gmem_WLAST       |  out|    1|       m_axi|          gmem|       pointer|
|m_axi_gmem_WID         |  out|    1|       m_axi|          gmem|       pointer|
|m_axi_gmem_WUSER       |  out|    1|       m_axi|          gmem|       pointer|
|m_axi_gmem_ARVALID     |  out|    1|       m_axi|          gmem|       pointer|
|m_axi_gmem_ARREADY     |   in|    1|       m_axi|          gmem|       pointer|
|m_axi_gmem_ARADDR      |  out|   64|       m_axi|          gmem|       pointer|
|m_axi_gmem_ARID        |  out|    1|       m_axi|          gmem|       pointer|
|m_axi_gmem_ARLEN       |  out|   32|       m_axi|          gmem|       pointer|
|m_axi_gmem_ARSIZE      |  out|    3|       m_axi|          gmem|       pointer|
|m_axi_gmem_ARBURST     |  out|    2|       m_axi|          gmem|       pointer|
|m_axi_gmem_ARLOCK      |  out|    2|       m_axi|          gmem|       pointer|
|m_axi_gmem_ARCACHE     |  out|    4|       m_axi|          gmem|       pointer|
|m_axi_gmem_ARPROT      |  out|    3|       m_axi|          gmem|       pointer|
|m_axi_gmem_ARQOS       |  out|    4|       m_axi|          gmem|       pointer|
|m_axi_gmem_ARREGION    |  out|    4|       m_axi|          gmem|       pointer|
|m_axi_gmem_ARUSER      |  out|    1|       m_axi|          gmem|       pointer|
|m_axi_gmem_RVALID      |   in|    1|       m_axi|          gmem|       pointer|
|m_axi_gmem_RREADY      |  out|    1|       m_axi|          gmem|       pointer|
|m_axi_gmem_RDATA       |   in|   32|       m_axi|          gmem|       pointer|
|m_axi_gmem_RLAST       |   in|    1|       m_axi|          gmem|       pointer|
|m_axi_gmem_RID         |   in|    1|       m_axi|          gmem|       pointer|
|m_axi_gmem_RFIFONUM    |   in|    9|       m_axi|          gmem|       pointer|
|m_axi_gmem_RUSER       |   in|    1|       m_axi|          gmem|       pointer|
|m_axi_gmem_RRESP       |   in|    2|       m_axi|          gmem|       pointer|
|m_axi_gmem_BVALID      |   in|    1|       m_axi|          gmem|       pointer|
|m_axi_gmem_BREADY      |  out|    1|       m_axi|          gmem|       pointer|
|m_axi_gmem_BRESP       |   in|    2|       m_axi|          gmem|       pointer|
|m_axi_gmem_BID         |   in|    1|       m_axi|          gmem|       pointer|
|m_axi_gmem_BUSER       |   in|    1|       m_axi|          gmem|       pointer|
|running_mean           |   in|   64|     ap_none|  running_mean|        scalar|
|running_var            |   in|   64|     ap_none|   running_var|        scalar|
|gamma                  |   in|   64|     ap_none|         gamma|        scalar|
|beta                   |   in|   64|     ap_none|          beta|        scalar|
+-----------------------+-----+-----+------------+--------------+--------------+

