

================================================================
== Vitis HLS Report for 'DW_conv_1'
================================================================
* Date:           Sat Nov  4 13:53:03 2023

* Version:        2022.1 (Build 3526262 on Mon Apr 18 15:47:01 MDT 2022)
* Project:        proj_kernel_EMO
* Solution:       solution1 (Vivado IP Flow Target)
* Product family: virtexuplus
* Target device:  xcu250-figd2104-2L-e


================================================================
== Performance Estimates
================================================================
+ Timing: 
    * Summary: 
    +--------+----------+-----------+------------+
    |  Clock |  Target  | Estimated | Uncertainty|
    +--------+----------+-----------+------------+
    |ap_clk  |  15.00 ns|  10.950 ns|     4.05 ns|
    +--------+----------+-----------+------------+

+ Latency: 
    * Summary: 
    +---------+--------------+----------+-------------+-------+--------------+---------+
    |    Latency (cycles)    |   Latency (absolute)   |       Interval       | Pipeline|
    |   min   |      max     |    min   |     max     |  min  |      max     |   Type  |
    +---------+--------------+----------+-------------+-------+--------------+---------+
    |    63519|  105310404879|  0.953 ms|  1.6e+03 sec|  63519|  105310404879|       no|
    +---------+--------------+----------+-------------+-------+--------------+---------+

    + Detail: 
        * Instance: 
        +------------------------------------------+-------------------------------+---------+---------+----------+-----------+-----+------+---------+
        |                                          |                               |  Latency (cycles) |  Latency (absolute)  |  Interval  | Pipeline|
        |                 Instance                 |             Module            |   min   |   max   |    min   |    max    | min |  max |   Type  |
        +------------------------------------------+-------------------------------+---------+---------+----------+-----------+-----+------+---------+
        |grp_DW_conv_1_Pipeline_In_Channel_fu_327  |DW_conv_1_Pipeline_In_Channel  |      145|     5798|  2.175 us|  86.970 us|  145|  5798|       no|
        +------------------------------------------+-------------------------------+---------+---------+----------+-----------+-----+------+---------+

        * Loop: 
        +------------------------------------------+---------+--------------+------------+-----------+-----------+---------------+----------+
        |                                          |    Latency (cycles)    |  Iteration |  Initiation Interval  |      Trip     |          |
        |                 Loop Name                |   min   |      max     |   Latency  |  achieved |   target  |     Count     | Pipelined|
        +------------------------------------------+---------+--------------+------------+-----------+-----------+---------------+----------+
        |- Batch_Out_Column_Kernel_Row_Kernel_Col  |    63507|  105310404867|  9 ~ 932809|          -|          -|  7056 ~ 112896|        no|
        | + Output_Channel                         |      384|        932800|   16 ~ 5830|          -|          -|       24 ~ 160|        no|
        +------------------------------------------+---------+--------------+------------+-----------+-----------+---------------+----------+



================================================================
== Utilization Estimates
================================================================
* Summary: 
+---------------------+---------+-------+---------+---------+------+
|         Name        | BRAM_18K|  DSP  |    FF   |   LUT   | URAM |
+---------------------+---------+-------+---------+---------+------+
|DSP                  |        -|      6|        -|        -|     -|
|Expression           |        -|      -|        0|      841|     -|
|FIFO                 |        -|      -|        -|        -|     -|
|Instance             |        -|      9|     3685|     3572|     -|
|Memory               |        -|      -|        -|        -|     -|
|Multiplexer          |        -|      -|        -|      443|     -|
|Register             |        -|      -|      673|        -|     -|
+---------------------+---------+-------+---------+---------+------+
|Total                |        0|     15|     4358|     4856|     0|
+---------------------+---------+-------+---------+---------+------+
|Available SLR        |     1344|   3072|   864000|   432000|   320|
+---------------------+---------+-------+---------+---------+------+
|Utilization SLR (%)  |        0|     ~0|       ~0|        1|     0|
+---------------------+---------+-------+---------+---------+------+
|Available            |     5376|  12288|  3456000|  1728000|  1280|
+---------------------+---------+-------+---------+---------+------+
|Utilization (%)      |        0|     ~0|       ~0|       ~0|     0|
+---------------------+---------+-------+---------+---------+------+

+ Detail: 
    * Instance: 
    +------------------------------------------+-------------------------------+---------+----+------+------+-----+
    |                 Instance                 |             Module            | BRAM_18K| DSP|  FF  |  LUT | URAM|
    +------------------------------------------+-------------------------------+---------+----+------+------+-----+
    |grp_DW_conv_1_Pipeline_In_Channel_fu_327  |DW_conv_1_Pipeline_In_Channel  |        0|   9|  3367|  3160|    0|
    |mul_32s_3ns_32_1_1_U101                   |mul_32s_3ns_32_1_1             |        0|   0|     0|    20|    0|
    |mul_7ns_7ns_14_1_1_U95                    |mul_7ns_7ns_14_1_1             |        0|   0|     0|    33|    0|
    |mul_8ns_7ns_15_1_1_U100                   |mul_8ns_7ns_15_1_1             |        0|   0|     0|    40|    0|
    |mul_9s_7ns_16_1_1_U96                     |mul_9s_7ns_16_1_1              |        0|   0|     0|    49|    0|
    |mul_9s_7ns_16_1_1_U97                     |mul_9s_7ns_16_1_1              |        0|   0|     0|    49|    0|
    |mul_9s_7ns_16_1_1_U98                     |mul_9s_7ns_16_1_1              |        0|   0|     0|    49|    0|
    |mul_9s_7ns_16_1_1_U99                     |mul_9s_7ns_16_1_1              |        0|   0|     0|    49|    0|
    |udiv_8ns_8ns_3_12_seq_1_U93               |udiv_8ns_8ns_3_12_seq_1        |        0|   0|   106|    41|    0|
    |udiv_8ns_8ns_3_12_seq_1_U94               |udiv_8ns_8ns_3_12_seq_1        |        0|   0|   106|    41|    0|
    |urem_8ns_3ns_3_12_seq_1_U102              |urem_8ns_3ns_3_12_seq_1        |        0|   0|   106|    41|    0|
    +------------------------------------------+-------------------------------+---------+----+------+------+-----+
    |Total                                     |                               |        0|   9|  3685|  3572|    0|
    +------------------------------------------+-------------------------------+---------+----+------+------+-----+

    * DSP: 
    +--------------------------------------------+---------------------------------------+---------------------+
    |                  Instance                  |                 Module                |      Expression     |
    +--------------------------------------------+---------------------------------------+---------------------+
    |ama_addmuladd_15ns_7ns_7ns_7ns_21_4_1_U108  |ama_addmuladd_15ns_7ns_7ns_7ns_21_4_1  |  (i0 + i1) * i2 + i3|
    |mac_muladd_7ns_2ns_1s_9_4_1_U104            |mac_muladd_7ns_2ns_1s_9_4_1            |         i0 * i1 + i2|
    |mac_muladd_7ns_2ns_1s_9_4_1_U105            |mac_muladd_7ns_2ns_1s_9_4_1            |         i0 * i1 + i2|
    |mac_muladd_7ns_2ns_1s_9_4_1_U106            |mac_muladd_7ns_2ns_1s_9_4_1            |         i0 * i1 + i2|
    |mac_muladd_7ns_2ns_1s_9_4_1_U107            |mac_muladd_7ns_2ns_1s_9_4_1            |         i0 * i1 + i2|
    |mul_mul_7ns_11ns_18_4_1_U103                |mul_mul_7ns_11ns_18_4_1                |              i0 * i1|
    +--------------------------------------------+---------------------------------------+---------------------+

    * Memory: 
    N/A

    * FIFO: 
    N/A

    * Expression: 
    +--------------------------------------+----------+----+---+----+------------+------------+
    |             Variable Name            | Operation| DSP| FF| LUT| Bitwidth P0| Bitwidth P1|
    +--------------------------------------+----------+----+---+----+------------+------------+
    |add_ln34_fu_590_p2                    |         +|   0|  0|  25|          18|           1|
    |add_ln37_2_fu_1107_p2                 |         +|   0|  0|  25|          18|           1|
    |add_ln37_fu_667_p2                    |         +|   0|  0|  14|           7|           1|
    |add_ln40_2_fu_1094_p2                 |         +|   0|  0|  18|          11|           1|
    |add_ln40_fu_708_p2                    |         +|   0|  0|  14|           7|           1|
    |add_ln44_2_fu_1081_p2                 |         +|   0|  0|  12|           4|           1|
    |add_ln44_fu_905_p2                    |         +|   0|  0|   9|           2|           1|
    |add_ln47_fu_1076_p2                   |         +|   0|  0|   9|           2|           1|
    |add_ln51_fu_992_p2                    |         +|   0|  0|  16|           9|           9|
    |add_ln57_fu_1052_p2                   |         +|   0|  0|  15|           8|           8|
    |add_ln62_fu_1035_p2                   |         +|   0|  0|  16|           9|           9|
    |add_ln71_fu_1046_p2                   |         +|   0|  0|  15|           8|           1|
    |add_ln72_fu_1224_p2                   |         +|   0|  0|  39|          32|           1|
    |bound10_fu_435_p2                     |         +|   0|  0|  18|          11|          11|
    |empty_233_fu_560_p2                   |         +|   0|  0|  16|           9|           9|
    |empty_235_fu_1167_p2                  |         +|   0|  0|  71|          64|          64|
    |p_mid1_fu_922_p2                      |         +|   0|  0|  16|           9|           9|
    |p_mid1144_fu_521_p2                   |         -|   0|  0|  15|           1|           8|
    |and_ln34_1_fu_627_p2                  |       and|   0|  0|   2|           1|           1|
    |and_ln34_2_fu_632_p2                  |       and|   0|  0|   2|           1|           1|
    |and_ln34_3_fu_795_p2                  |       and|   0|  0|   2|           1|           1|
    |and_ln34_4_fu_734_p2                  |       and|   0|  0|   2|           1|           1|
    |and_ln34_5_fu_649_p2                  |       and|   0|  0|   2|           1|           1|
    |and_ln34_fu_622_p2                    |       and|   0|  0|   2|           1|           1|
    |and_ln37_2_fu_691_p2                  |       and|   0|  0|   2|           1|           1|
    |and_ln37_fu_739_p2                    |       and|   0|  0|   2|           1|           1|
    |and_ln40_fu_759_p2                    |       and|   0|  0|   2|           1|           1|
    |ap_predicate_op345_writeresp_state41  |       and|   0|  0|   2|           1|           1|
    |ap_predicate_op347_writeresp_state41  |       and|   0|  0|   2|           1|           1|
    |tmp_fu_510_p2                         |       and|   0|  0|   2|           1|           1|
    |icmp_ln34_fu_585_p2                   |      icmp|   0|  0|  13|          18|          18|
    |icmp_ln37_fu_596_p2                   |      icmp|   0|  0|  13|          18|          18|
    |icmp_ln40_1_fu_655_p2                 |      icmp|   0|  0|  11|          11|          11|
    |icmp_ln40_fu_531_p2                   |      icmp|   0|  0|  11|          11|           1|
    |icmp_ln44_fu_643_p2                   |      icmp|   0|  0|   9|           4|           4|
    |icmp_ln47_fu_728_p2                   |      icmp|   0|  0|   8|           2|           2|
    |icmp_ln52_fu_1012_p2                  |      icmp|   0|  0|  11|           9|           9|
    |icmp_ln55_fu_1041_p2                  |      icmp|   0|  0|  11|           8|           8|
    |icmp_ln60_fu_1071_p2                  |      icmp|   0|  0|  20|          32|          32|
    |icmp_ln71_fu_1218_p2                  |      icmp|   0|  0|   8|           3|           1|
    |slt238_fu_816_p2                      |      icmp|   0|  0|  11|           9|           9|
    |slt240_fu_871_p2                      |      icmp|   0|  0|  11|           9|           9|
    |slt242_fu_928_p2                      |      icmp|   0|  0|  11|           9|           9|
    |slt_fu_565_p2                         |      icmp|   0|  0|  11|           9|           9|
    |ap_block_state35_io                   |        or|   0|  0|   2|           1|           1|
    |ap_block_state41                      |        or|   0|  0|   2|           1|           1|
    |or_ln37_fu_697_p2                     |        or|   0|  0|   2|           1|           1|
    |or_ln40_1_fu_852_p2                   |        or|   0|  0|   2|           1|           1|
    |or_ln40_2_fu_749_p2                   |        or|   0|  0|   2|           1|           1|
    |or_ln40_3_fu_754_p2                   |        or|   0|  0|   2|           1|           1|
    |or_ln40_fu_848_p2                     |        or|   0|  0|   2|           1|           1|
    |or_ln44_2_fu_770_p2                   |        or|   0|  0|   2|           1|           1|
    |or_ln44_fu_765_p2                     |        or|   0|  0|   2|           1|           1|
    |or_ln52_1_fu_1023_p2                  |        or|   0|  0|   2|           1|           1|
    |or_ln52_2_fu_1029_p2                  |        or|   0|  0|   2|           1|           1|
    |or_ln52_fu_998_p2                     |        or|   0|  0|   9|           9|           9|
    |groupIndex_1_fu_1230_p3               |    select|   0|  0|  32|           1|          32|
    |select_ln34_1_fu_614_p3               |    select|   0|  0|   2|           1|           1|
    |select_ln34_2_fu_783_p3               |    select|   0|  0|   9|           1|           2|
    |select_ln34_3_fu_789_p3               |    select|   0|  0|  10|           1|          10|
    |select_ln34_4_fu_799_p3               |    select|   0|  0|  16|           1|          16|
    |select_ln34_5_fu_660_p3               |    select|   0|  0|   2|           1|           1|
    |select_ln34_fu_601_p3                 |    select|   0|  0|   7|           1|           1|
    |select_ln37_10_fu_810_p3              |    select|   0|  0|   9|           1|           9|
    |select_ln37_11_fu_826_p3              |    select|   0|  0|   2|           1|           1|
    |select_ln37_12_fu_841_p3              |    select|   0|  0|  16|           1|          16|
    |select_ln37_13_fu_1113_p3             |    select|   0|  0|  18|           1|           1|
    |select_ln37_7_fu_673_p3               |    select|   0|  0|   7|           1|           7|
    |select_ln37_8_fu_804_p3               |    select|   0|  0|   9|           1|           9|
    |select_ln37_9_fu_958_p3               |    select|   0|  0|   9|           1|           2|
    |select_ln37_fu_701_p3                 |    select|   0|  0|   7|           1|           1|
    |select_ln40_2_fu_714_p3               |    select|   0|  0|   7|           1|           7|
    |select_ln40_3_fu_967_p3               |    select|   0|  0|   9|           1|           9|
    |select_ln40_4_fu_864_p3               |    select|   0|  0|   9|           1|           9|
    |select_ln40_5_fu_882_p3               |    select|   0|  0|   2|           1|           1|
    |select_ln40_6_fu_898_p3               |    select|   0|  0|  16|           1|          16|
    |select_ln40_7_fu_1100_p3              |    select|   0|  0|  11|           1|           1|
    |select_ln40_fu_857_p3                 |    select|   0|  0|   2|           1|           1|
    |select_ln44_10_fu_1087_p3             |    select|   0|  0|   4|           1|           1|
    |select_ln44_6_fu_911_p3               |    select|   0|  0|   2|           1|           2|
    |select_ln44_7_fu_973_p3               |    select|   0|  0|   9|           1|           9|
    |select_ln44_8_fu_983_p3               |    select|   0|  0|   2|           1|           1|
    |select_ln44_9_fu_942_p3               |    select|   0|  0|  16|           1|          16|
    |select_ln44_fu_775_p3                 |    select|   0|  0|   2|           1|           1|
    |rev237_fu_570_p2                      |       xor|   0|  0|   2|           1|           2|
    |rev239_fu_820_p2                      |       xor|   0|  0|   2|           1|           2|
    |rev241_fu_876_p2                      |       xor|   0|  0|   2|           1|           2|
    |rev243_fu_978_p2                      |       xor|   0|  0|   2|           1|           2|
    |xor_ln34_1_fu_637_p2                  |       xor|   0|  0|   2|           1|           2|
    |xor_ln34_fu_608_p2                    |       xor|   0|  0|   2|           1|           2|
    |xor_ln37_fu_685_p2                    |       xor|   0|  0|   2|           1|           2|
    |xor_ln40_fu_744_p2                    |       xor|   0|  0|   2|           1|           2|
    |xor_ln52_fu_1017_p2                   |       xor|   0|  0|   2|           1|           2|
    +--------------------------------------+----------+----+---+----+------------+------------+
    |Total                                 |          |   0|  0| 841|         450|         510|
    +--------------------------------------+----------+----+---+----+------------+------------+

    * Multiplexer: 
    +--------------------------+-----+-----------+-----+-----------+
    |           Name           | LUT | Input Size| Bits| Total Bits|
    +--------------------------+-----+-----------+-----+-----------+
    |ap_NS_fsm                 |  249|         58|    1|         58|
    |batch_reg_292             |    9|          2|    1|          2|
    |col_fu_168                |    9|          2|    7|         14|
    |gmem3_blk_n_AR            |    9|          2|    1|          2|
    |gmem3_blk_n_AW            |    9|          2|    1|          2|
    |gmem3_blk_n_B             |    9|          2|    1|          2|
    |gmem3_blk_n_R             |    9|          2|    1|          2|
    |gmem3_blk_n_W             |    9|          2|    1|          2|
    |groupIndex_reg_315        |    9|          2|   32|         64|
    |indvar_flatten158_fu_184  |    9|          2|   18|         36|
    |indvar_flatten38_fu_172   |    9|          2|   11|         22|
    |indvar_flatten90_fu_180   |    9|          2|   18|         36|
    |indvar_flatten_fu_164     |    9|          2|    4|          8|
    |kernel_col_fu_156         |    9|          2|    2|          4|
    |kernel_row_fu_160         |    9|          2|    2|          4|
    |m_axi_gmem2_ARVALID       |    9|          2|    1|          2|
    |m_axi_gmem2_RREADY        |    9|          2|    1|          2|
    |m_axi_gmem3_WDATA         |   14|          3|   32|         96|
    |m_axi_gmem_ARVALID        |    9|          2|    1|          2|
    |m_axi_gmem_RREADY         |    9|          2|    1|          2|
    |out_ch_reg_303            |    9|          2|    8|         16|
    |row_fu_176                |    9|          2|    7|         14|
    +--------------------------+-----+-----------+-----+-----------+
    |Total                     |  443|        101|  152|        392|
    +--------------------------+-----+-----------+-----+-----------+

    * Register: 
    +-------------------------------------------------------+----+----+-----+-----------+
    |                          Name                         | FF | LUT| Bits| Const Bits|
    +-------------------------------------------------------+----+----+-----+-----------+
    |add8124_loc_fu_192                                     |  32|   0|   32|          0|
    |add_ln34_reg_1561                                      |  18|   0|   18|          0|
    |add_ln51_1_reg_1538                                    |   9|   0|    9|          0|
    |add_ln62_reg_1729                                      |   9|   0|    9|          0|
    |add_ln71_reg_1737                                      |   8|   0|    8|          0|
    |add_loc_fu_188                                         |  32|   0|   32|          0|
    |and_ln34_2_reg_1587                                    |   1|   0|    1|          0|
    |and_ln34_reg_1582                                      |   1|   0|    1|          0|
    |and_ln37_2_reg_1630                                    |   1|   0|    1|          0|
    |and_ln40_reg_1659                                      |   1|   0|    1|          0|
    |ap_CS_fsm                                              |  57|   0|   57|          0|
    |batch_reg_292                                          |   1|   0|    1|          0|
    |bitcast_ln64_reg_1765                                  |  32|   0|   32|          0|
    |bound10_reg_1393                                       |  11|   0|   11|          0|
    |bound43_reg_1498                                       |  18|   0|   18|          0|
    |col_fu_168                                             |   7|   0|    7|          0|
    |empty_227_reg_1373                                     |   1|   0|    1|          0|
    |empty_229_reg_1378                                     |   1|   0|    1|          0|
    |empty_231_reg_1533                                     |   9|   0|    9|          0|
    |empty_233_reg_1543                                     |   9|   0|    9|          0|
    |empty_234_reg_1553                                     |  16|   0|   16|          0|
    |empty_reg_1437                                         |   1|   0|    1|          0|
    |gmem3_addr_read_reg_1760                               |  32|   0|   32|          0|
    |gmem3_addr_reg_1752                                    |  64|   0|   64|          0|
    |groupIndex_reg_315                                     |  32|   0|   32|          0|
    |grp_DW_conv_1_Pipeline_In_Channel_fu_327_ap_start_reg  |   1|   0|    1|          0|
    |icmp_ln37_reg_1566                                     |   1|   0|    1|          0|
    |icmp_ln40_reg_1509                                     |   1|   0|    1|          0|
    |icmp_ln44_reg_1598                                     |   1|   0|    1|          0|
    |icmp_ln60_reg_1748                                     |   1|   0|    1|          0|
    |inGroupNums_reg_1442                                   |   3|   0|    3|          0|
    |in_ch_reg_1743                                         |  32|   0|   32|          0|
    |indvar_flatten158_fu_184                               |  18|   0|   18|          0|
    |indvar_flatten38_fu_172                                |  11|   0|   11|          0|
    |indvar_flatten90_fu_180                                |  18|   0|   18|          0|
    |indvar_flatten_fu_164                                  |   4|   0|    4|          0|
    |kernel_col_fu_156                                      |   2|   0|    2|          0|
    |kernel_row_fu_160                                      |   2|   0|    2|          0|
    |mul_ln62_reg_1493                                      |  14|   0|   14|          0|
    |or_ln37_reg_1641                                       |   1|   0|    1|          0|
    |or_ln40_1_reg_1674                                     |   1|   0|    1|          0|
    |or_ln52_2_reg_1725                                     |   1|   0|    1|          0|
    |out_ch_reg_303                                         |   8|   0|    8|          0|
    |p_mid1_reg_1695                                        |   9|   0|    9|          0|
    |p_read1_cast16_reg_1424                                |   8|   0|   32|         24|
    |p_read3_cast5_reg_1429                                 |   7|   0|   16|          9|
    |rev237_reg_1548                                        |   1|   0|    1|          0|
    |row_fu_176                                             |   7|   0|    7|          0|
    |select_ln34_1_reg_1577                                 |   1|   0|    1|          0|
    |select_ln34_5_reg_1603                                 |   1|   0|    1|          0|
    |select_ln37_7_reg_1614                                 |   7|   0|    7|          0|
    |select_ln40_2_reg_1648                                 |   7|   0|    7|          0|
    |select_ln40_4_reg_1679                                 |   9|   0|    9|          0|
    |select_ln40_5_reg_1684                                 |   1|   0|    1|          0|
    |select_ln44_6_reg_1689                                 |   2|   0|    2|          0|
    |select_ln44_9_reg_1705                                 |  16|   0|   16|          0|
    |select_ln44_reg_1667                                   |   2|   0|    2|          0|
    |sext_ln40_reg_1504                                     |  16|   0|   16|          0|
    |slt242_reg_1700                                        |   1|   0|    1|          0|
    |targetBlock_reg_1770                                   |   1|   0|    1|          0|
    |tmp_reg_1488                                           |   1|   0|    1|          0|
    |xor_ln34_1_reg_1592                                    |   1|   0|    1|          0|
    |xor_ln37_reg_1625                                      |   1|   0|    1|          0|
    |zext_ln22_reg_1447                                     |   3|   0|   32|         29|
    |zext_ln23_reg_1452                                     |   3|   0|    8|          5|
    |zext_ln34_2_reg_1467                                   |   7|   0|    9|          2|
    |zext_ln34_4_reg_1472                                   |   7|   0|    9|          2|
    |zext_ln34_5_reg_1480                                   |   2|   0|    9|          7|
    |zext_ln34_6_reg_1710                                   |   1|   0|    8|          7|
    |zext_ln34_reg_1457                                     |   7|   0|   15|          8|
    |zext_ln37_1_reg_1715                                   |   7|   0|   15|          8|
    |zext_ln40_reg_1720                                     |   7|   0|   21|         14|
    |zext_ln57_reg_1462                                     |   7|   0|   21|         14|
    +-------------------------------------------------------+----+----+-----+-----------+
    |Total                                                  | 673|   0|  802|        129|
    +-------------------------------------------------------+----+----+-----+-----------+



================================================================
== Interface
================================================================
* Summary: 
+----------------------+-----+-----+------------+--------------+--------------+
|       RTL Ports      | Dir | Bits|  Protocol  | Source Object|    C Type    |
+----------------------+-----+-----+------------+--------------+--------------+
|ap_clk                |   in|    1|  ap_ctrl_hs|     DW_conv.1|  return value|
|ap_rst                |   in|    1|  ap_ctrl_hs|     DW_conv.1|  return value|
|ap_start              |   in|    1|  ap_ctrl_hs|     DW_conv.1|  return value|
|ap_done               |  out|    1|  ap_ctrl_hs|     DW_conv.1|  return value|
|ap_idle               |  out|    1|  ap_ctrl_hs|     DW_conv.1|  return value|
|ap_ready              |  out|    1|  ap_ctrl_hs|     DW_conv.1|  return value|
|m_axi_gmem2_AWVALID   |  out|    1|       m_axi|         gmem0|       pointer|
|m_axi_gmem2_AWREADY   |   in|    1|       m_axi|         gmem0|       pointer|
|m_axi_gmem2_AWADDR    |  out|   64|       m_axi|         gmem0|       pointer|
|m_axi_gmem2_AWID      |  out|    1|       m_axi|         gmem0|       pointer|
|m_axi_gmem2_AWLEN     |  out|   32|       m_axi|         gmem0|       pointer|
|m_axi_gmem2_AWSIZE    |  out|    3|       m_axi|         gmem0|       pointer|
|m_axi_gmem2_AWBURST   |  out|    2|       m_axi|         gmem0|       pointer|
|m_axi_gmem2_AWLOCK    |  out|    2|       m_axi|         gmem0|       pointer|
|m_axi_gmem2_AWCACHE   |  out|    4|       m_axi|         gmem0|       pointer|
|m_axi_gmem2_AWPROT    |  out|    3|       m_axi|         gmem0|       pointer|
|m_axi_gmem2_AWQOS     |  out|    4|       m_axi|         gmem0|       pointer|
|m_axi_gmem2_AWREGION  |  out|    4|       m_axi|         gmem0|       pointer|
|m_axi_gmem2_AWUSER    |  out|    1|       m_axi|         gmem0|       pointer|
|m_axi_gmem2_WVALID    |  out|    1|       m_axi|         gmem0|       pointer|
|m_axi_gmem2_WREADY    |   in|    1|       m_axi|         gmem0|       pointer|
|m_axi_gmem2_WDATA     |  out|   32|       m_axi|         gmem0|       pointer|
|m_axi_gmem2_WSTRB     |  out|    4|       m_axi|         gmem0|       pointer|
|m_axi_gmem2_WLAST     |  out|    1|       m_axi|         gmem0|       pointer|
|m_axi_gmem2_WID       |  out|    1|       m_axi|         gmem0|       pointer|
|m_axi_gmem2_WUSER     |  out|    1|       m_axi|         gmem0|       pointer|
|m_axi_gmem2_ARVALID   |  out|    1|       m_axi|         gmem0|       pointer|
|m_axi_gmem2_ARREADY   |   in|    1|       m_axi|         gmem0|       pointer|
|m_axi_gmem2_ARADDR    |  out|   64|       m_axi|         gmem0|       pointer|
|m_axi_gmem2_ARID      |  out|    1|       m_axi|         gmem0|       pointer|
|m_axi_gmem2_ARLEN     |  out|   32|       m_axi|         gmem0|       pointer|
|m_axi_gmem2_ARSIZE    |  out|    3|       m_axi|         gmem0|       pointer|
|m_axi_gmem2_ARBURST   |  out|    2|       m_axi|         gmem0|       pointer|
|m_axi_gmem2_ARLOCK    |  out|    2|       m_axi|         gmem0|       pointer|
|m_axi_gmem2_ARCACHE   |  out|    4|       m_axi|         gmem0|       pointer|
|m_axi_gmem2_ARPROT    |  out|    3|       m_axi|         gmem0|       pointer|
|m_axi_gmem2_ARQOS     |  out|    4|       m_axi|         gmem0|       pointer|
|m_axi_gmem2_ARREGION  |  out|    4|       m_axi|         gmem0|       pointer|
|m_axi_gmem2_ARUSER    |  out|    1|       m_axi|         gmem0|       pointer|
|m_axi_gmem2_RVALID    |   in|    1|       m_axi|         gmem0|       pointer|
|m_axi_gmem2_RREADY    |  out|    1|       m_axi|         gmem0|       pointer|
|m_axi_gmem2_RDATA     |   in|   32|       m_axi|         gmem0|       pointer|
|m_axi_gmem2_RLAST     |   in|    1|       m_axi|         gmem0|       pointer|
|m_axi_gmem2_RID       |   in|    1|       m_axi|         gmem0|       pointer|
|m_axi_gmem2_RFIFONUM  |   in|    9|       m_axi|         gmem0|       pointer|
|m_axi_gmem2_RUSER     |   in|    1|       m_axi|         gmem0|       pointer|
|m_axi_gmem2_RRESP     |   in|    2|       m_axi|         gmem0|       pointer|
|m_axi_gmem2_BVALID    |   in|    1|       m_axi|         gmem0|       pointer|
|m_axi_gmem2_BREADY    |  out|    1|       m_axi|         gmem0|       pointer|
|m_axi_gmem2_BRESP     |   in|    2|       m_axi|         gmem0|       pointer|
|m_axi_gmem2_BID       |   in|    1|       m_axi|         gmem0|       pointer|
|m_axi_gmem2_BUSER     |   in|    1|       m_axi|         gmem0|       pointer|
|in_r                  |   in|   64|     ap_none|          in_r|        scalar|
|m_axi_gmem_AWVALID    |  out|    1|       m_axi|          gmem|       pointer|
|m_axi_gmem_AWREADY    |   in|    1|       m_axi|          gmem|       pointer|
|m_axi_gmem_AWADDR     |  out|   64|       m_axi|          gmem|       pointer|
|m_axi_gmem_AWID       |  out|    1|       m_axi|          gmem|       pointer|
|m_axi_gmem_AWLEN      |  out|   32|       m_axi|          gmem|       pointer|
|m_axi_gmem_AWSIZE     |  out|    3|       m_axi|          gmem|       pointer|
|m_axi_gmem_AWBURST    |  out|    2|       m_axi|          gmem|       pointer|
|m_axi_gmem_AWLOCK     |  out|    2|       m_axi|          gmem|       pointer|
|m_axi_gmem_AWCACHE    |  out|    4|       m_axi|          gmem|       pointer|
|m_axi_gmem_AWPROT     |  out|    3|       m_axi|          gmem|       pointer|
|m_axi_gmem_AWQOS      |  out|    4|       m_axi|          gmem|       pointer|
|m_axi_gmem_AWREGION   |  out|    4|       m_axi|          gmem|       pointer|
|m_axi_gmem_AWUSER     |  out|    1|       m_axi|          gmem|       pointer|
|m_axi_gmem_WVALID     |  out|    1|       m_axi|          gmem|       pointer|
|m_axi_gmem_WREADY     |   in|    1|       m_axi|          gmem|       pointer|
|m_axi_gmem_WDATA      |  out|   32|       m_axi|          gmem|       pointer|
|m_axi_gmem_WSTRB      |  out|    4|       m_axi|          gmem|       pointer|
|m_axi_gmem_WLAST      |  out|    1|       m_axi|          gmem|       pointer|
|m_axi_gmem_WID        |  out|    1|       m_axi|          gmem|       pointer|
|m_axi_gmem_WUSER      |  out|    1|       m_axi|          gmem|       pointer|
|m_axi_gmem_ARVALID    |  out|    1|       m_axi|          gmem|       pointer|
|m_axi_gmem_ARREADY    |   in|    1|       m_axi|          gmem|       pointer|
|m_axi_gmem_ARADDR     |  out|   64|       m_axi|          gmem|       pointer|
|m_axi_gmem_ARID       |  out|    1|       m_axi|          gmem|       pointer|
|m_axi_gmem_ARLEN      |  out|   32|       m_axi|          gmem|       pointer|
|m_axi_gmem_ARSIZE     |  out|    3|       m_axi|          gmem|       pointer|
|m_axi_gmem_ARBURST    |  out|    2|       m_axi|          gmem|       pointer|
|m_axi_gmem_ARLOCK     |  out|    2|       m_axi|          gmem|       pointer|
|m_axi_gmem_ARCACHE    |  out|    4|       m_axi|          gmem|       pointer|
|m_axi_gmem_ARPROT     |  out|    3|       m_axi|          gmem|       pointer|
|m_axi_gmem_ARQOS      |  out|    4|       m_axi|          gmem|       pointer|
|m_axi_gmem_ARREGION   |  out|    4|       m_axi|          gmem|       pointer|
|m_axi_gmem_ARUSER     |  out|    1|       m_axi|          gmem|       pointer|
|m_axi_gmem_RVALID     |   in|    1|       m_axi|          gmem|       pointer|
|m_axi_gmem_RREADY     |  out|    1|       m_axi|          gmem|       pointer|
|m_axi_gmem_RDATA      |   in|   32|       m_axi|          gmem|       pointer|
|m_axi_gmem_RLAST      |   in|    1|       m_axi|          gmem|       pointer|
|m_axi_gmem_RID        |   in|    1|       m_axi|          gmem|       pointer|
|m_axi_gmem_RFIFONUM   |   in|    9|       m_axi|          gmem|       pointer|
|m_axi_gmem_RUSER      |   in|    1|       m_axi|          gmem|       pointer|
|m_axi_gmem_RRESP      |   in|    2|       m_axi|          gmem|       pointer|
|m_axi_gmem_BVALID     |   in|    1|       m_axi|          gmem|       pointer|
|m_axi_gmem_BREADY     |  out|    1|       m_axi|          gmem|       pointer|
|m_axi_gmem_BRESP      |   in|    2|       m_axi|          gmem|       pointer|
|m_axi_gmem_BID        |   in|    1|       m_axi|          gmem|       pointer|
|m_axi_gmem_BUSER      |   in|    1|       m_axi|          gmem|       pointer|
|kernel                |   in|   64|     ap_none|        kernel|        scalar|
|p_read1               |   in|    8|     ap_none|       p_read1|        scalar|
|p_read2               |   in|    7|     ap_none|       p_read2|        scalar|
|p_read3               |   in|    7|     ap_none|       p_read3|        scalar|
|p_read4               |   in|    8|     ap_none|       p_read4|        scalar|
|p_read5               |   in|    7|     ap_none|       p_read5|        scalar|
|p_read6               |   in|    7|     ap_none|       p_read6|        scalar|
|p_read8               |   in|    2|     ap_none|       p_read8|        scalar|
|p_read10              |   in|    8|     ap_none|      p_read10|        scalar|
|m_axi_gmem3_AWVALID   |  out|    1|       m_axi|         gmem0|       pointer|
|m_axi_gmem3_AWREADY   |   in|    1|       m_axi|         gmem0|       pointer|
|m_axi_gmem3_AWADDR    |  out|   64|       m_axi|         gmem0|       pointer|
|m_axi_gmem3_AWID      |  out|    1|       m_axi|         gmem0|       pointer|
|m_axi_gmem3_AWLEN     |  out|   32|       m_axi|         gmem0|       pointer|
|m_axi_gmem3_AWSIZE    |  out|    3|       m_axi|         gmem0|       pointer|
|m_axi_gmem3_AWBURST   |  out|    2|       m_axi|         gmem0|       pointer|
|m_axi_gmem3_AWLOCK    |  out|    2|       m_axi|         gmem0|       pointer|
|m_axi_gmem3_AWCACHE   |  out|    4|       m_axi|         gmem0|       pointer|
|m_axi_gmem3_AWPROT    |  out|    3|       m_axi|         gmem0|       pointer|
|m_axi_gmem3_AWQOS     |  out|    4|       m_axi|         gmem0|       pointer|
|m_axi_gmem3_AWREGION  |  out|    4|       m_axi|         gmem0|       pointer|
|m_axi_gmem3_AWUSER    |  out|    1|       m_axi|         gmem0|       pointer|
|m_axi_gmem3_WVALID    |  out|    1|       m_axi|         gmem0|       pointer|
|m_axi_gmem3_WREADY    |   in|    1|       m_axi|         gmem0|       pointer|
|m_axi_gmem3_WDATA     |  out|   32|       m_axi|         gmem0|       pointer|
|m_axi_gmem3_WSTRB     |  out|    4|       m_axi|         gmem0|       pointer|
|m_axi_gmem3_WLAST     |  out|    1|       m_axi|         gmem0|       pointer|
|m_axi_gmem3_WID       |  out|    1|       m_axi|         gmem0|       pointer|
|m_axi_gmem3_WUSER     |  out|    1|       m_axi|         gmem0|       pointer|
|m_axi_gmem3_ARVALID   |  out|    1|       m_axi|         gmem0|       pointer|
|m_axi_gmem3_ARREADY   |   in|    1|       m_axi|         gmem0|       pointer|
|m_axi_gmem3_ARADDR    |  out|   64|       m_axi|         gmem0|       pointer|
|m_axi_gmem3_ARID      |  out|    1|       m_axi|         gmem0|       pointer|
|m_axi_gmem3_ARLEN     |  out|   32|       m_axi|         gmem0|       pointer|
|m_axi_gmem3_ARSIZE    |  out|    3|       m_axi|         gmem0|       pointer|
|m_axi_gmem3_ARBURST   |  out|    2|       m_axi|         gmem0|       pointer|
|m_axi_gmem3_ARLOCK    |  out|    2|       m_axi|         gmem0|       pointer|
|m_axi_gmem3_ARCACHE   |  out|    4|       m_axi|         gmem0|       pointer|
|m_axi_gmem3_ARPROT    |  out|    3|       m_axi|         gmem0|       pointer|
|m_axi_gmem3_ARQOS     |  out|    4|       m_axi|         gmem0|       pointer|
|m_axi_gmem3_ARREGION  |  out|    4|       m_axi|         gmem0|       pointer|
|m_axi_gmem3_ARUSER    |  out|    1|       m_axi|         gmem0|       pointer|
|m_axi_gmem3_RVALID    |   in|    1|       m_axi|         gmem0|       pointer|
|m_axi_gmem3_RREADY    |  out|    1|       m_axi|         gmem0|       pointer|
|m_axi_gmem3_RDATA     |   in|   32|       m_axi|         gmem0|       pointer|
|m_axi_gmem3_RLAST     |   in|    1|       m_axi|         gmem0|       pointer|
|m_axi_gmem3_RID       |   in|    1|       m_axi|         gmem0|       pointer|
|m_axi_gmem3_RFIFONUM  |   in|    9|       m_axi|         gmem0|       pointer|
|m_axi_gmem3_RUSER     |   in|    1|       m_axi|         gmem0|       pointer|
|m_axi_gmem3_RRESP     |   in|    2|       m_axi|         gmem0|       pointer|
|m_axi_gmem3_BVALID    |   in|    1|       m_axi|         gmem0|       pointer|
|m_axi_gmem3_BREADY    |  out|    1|       m_axi|         gmem0|       pointer|
|m_axi_gmem3_BRESP     |   in|    2|       m_axi|         gmem0|       pointer|
|m_axi_gmem3_BID       |   in|    1|       m_axi|         gmem0|       pointer|
|m_axi_gmem3_BUSER     |   in|    1|       m_axi|         gmem0|       pointer|
|out_r                 |   in|   64|     ap_none|         out_r|        scalar|
+----------------------+-----+-----+------------+--------------+--------------+

