

================================================================
== Vitis HLS Report for 'kernel_stage0_1_Pipeline_VITIS_LOOP_57_4'
================================================================
* Date:           Sat Nov  4 13:53:06 2023

* Version:        2022.1 (Build 3526262 on Mon Apr 18 15:47:01 MDT 2022)
* Project:        proj_kernel_EMO
* Solution:       solution1 (Vivado IP Flow Target)
* Product family: virtexuplus
* Target device:  xcu250-figd2104-2L-e


================================================================
== Performance Estimates
================================================================
+ Timing: 
    * Summary: 
    +--------+----------+-----------+------------+
    |  Clock |  Target  | Estimated | Uncertainty|
    +--------+----------+-----------+------------+
    |ap_clk  |  15.00 ns|  10.950 ns|     4.05 ns|
    +--------+----------+-----------+------------+

+ Latency: 
    * Summary: 
    +---------+---------+----------+----------+-------+-------+---------+
    |  Latency (cycles) |  Latency (absolute) |    Interval   | Pipeline|
    |   min   |   max   |    min   |    max   |  min  |  max  |   Type  |
    +---------+---------+----------+----------+-------+-------+---------+
    |    12554|    12554|  0.188 ms|  0.188 ms|  12554|  12554|       no|
    +---------+---------+----------+----------+-------+-------+---------+

    + Detail: 
        * Instance: 
        N/A

        * Loop: 
        +-----------------------------------+---------+---------+----------+-----------+-----------+-------+----------+
        |                                   |  Latency (cycles) | Iteration|  Initiation Interval  |  Trip |          |
        |             Loop Name             |   min   |   max   |  Latency |  achieved |   target  | Count | Pipelined|
        +-----------------------------------+---------+---------+----------+-----------+-----------+-------+----------+
        |- VITIS_LOOP_56_3_VITIS_LOOP_57_4  |    12552|    12552|        10|          1|          1|  12544|       yes|
        +-----------------------------------+---------+---------+----------+-----------+-----------+-------+----------+



================================================================
== Utilization Estimates
================================================================
* Summary: 
+---------------------+---------+-------+---------+---------+------+
|         Name        | BRAM_18K|  DSP  |    FF   |   LUT   | URAM |
+---------------------+---------+-------+---------+---------+------+
|DSP                  |        -|      -|        -|        -|     -|
|Expression           |        -|      -|        0|      129|     -|
|FIFO                 |        -|      -|        -|        -|     -|
|Instance             |        -|      -|        -|        -|     -|
|Memory               |        -|      -|        -|        -|     -|
|Multiplexer          |        -|      -|        -|      135|     -|
|Register             |        -|      -|      439|      128|     -|
+---------------------+---------+-------+---------+---------+------+
|Total                |        0|      0|      439|      392|     0|
+---------------------+---------+-------+---------+---------+------+
|Available SLR        |     1344|   3072|   864000|   432000|   320|
+---------------------+---------+-------+---------+---------+------+
|Utilization SLR (%)  |        0|      0|       ~0|       ~0|     0|
+---------------------+---------+-------+---------+---------+------+
|Available            |     5376|  12288|  3456000|  1728000|  1280|
+---------------------+---------+-------+---------+---------+------+
|Utilization (%)      |        0|      0|       ~0|       ~0|     0|
+---------------------+---------+-------+---------+---------+------+

+ Detail: 
    * Instance: 
    N/A

    * DSP: 
    N/A

    * Memory: 
    N/A

    * FIFO: 
    N/A

    * Expression: 
    +-------------------------------------+----------+----+---+----+------------+------------+
    |            Variable Name            | Operation| DSP| FF| LUT| Bitwidth P0| Bitwidth P1|
    +-------------------------------------+----------+----+---+----+------------+------------+
    |add_ln56_1_fu_213_p2                 |         +|   0|  0|  14|           7|           1|
    |add_ln56_fu_189_p2                   |         +|   0|  0|  21|          14|           1|
    |add_ln57_fu_230_p2                   |         +|   0|  0|  14|           7|           1|
    |and_ln56_fu_282_p2                   |       and|   0|  0|   2|           1|           1|
    |ap_block_state10_pp0_stage0_iter9    |       and|   0|  0|   2|           1|           1|
    |ap_block_state2_pp0_stage0_iter1     |       and|   0|  0|   2|           1|           1|
    |ap_block_state4_io                   |       and|   0|  0|   2|           1|           1|
    |ap_condition_500                     |       and|   0|  0|   2|           1|           1|
    |ap_predicate_op65_writereq_state4    |       and|   0|  0|   2|           1|           1|
    |ap_predicate_op75_writeresp_state10  |       and|   0|  0|   2|           1|           1|
    |icmp_ln56_1_fu_250_p2                |      icmp|   0|  0|  10|           7|           6|
    |icmp_ln56_fu_183_p2                  |      icmp|   0|  0|  12|          14|          13|
    |icmp_ln57_1_fu_244_p2                |      icmp|   0|  0|  10|           7|           6|
    |icmp_ln57_fu_201_p2                  |      icmp|   0|  0|  10|           7|           6|
    |ap_block_pp0_stage0_01001            |        or|   0|  0|   2|           1|           1|
    |ap_block_pp0_stage0_11001            |        or|   0|  0|   2|           1|           1|
    |or_ln56_fu_207_p2                    |        or|   0|  0|   2|           1|           1|
    |select_ln56_fu_219_p3                |    select|   0|  0|   7|           1|           7|
    |select_ln57_fu_236_p3                |    select|   0|  0|   7|           1|           1|
    |ap_enable_pp0                        |       xor|   0|  0|   2|           1|           2|
    |xor_ln56_fu_277_p2                   |       xor|   0|  0|   2|           1|           2|
    +-------------------------------------+----------+----+---+----+------------+------------+
    |Total                                |          |   0|  0| 129|          77|          56|
    +-------------------------------------+----------+----+---+----+------------+------------+

    * Multiplexer: 
    +---------------------------------------+----+-----------+-----+-----------+
    |                  Name                 | LUT| Input Size| Bits| Total Bits|
    +---------------------------------------+----+-----------+-----+-----------+
    |ap_done_int                            |   9|          2|    1|          2|
    |ap_enable_reg_pp0_iter4                |   9|          2|    1|          2|
    |ap_phi_mux_first_iter_0_phi_fu_146_p4  |   9|          2|    1|          2|
    |ap_sig_allocacmp_h_load                |   9|          2|    7|         14|
    |ap_sig_allocacmp_indvar_flatten8_load  |   9|          2|   14|         28|
    |ap_sig_allocacmp_w_load                |   9|          2|    7|         14|
    |ap_sig_allocacmp_w_load_1              |   9|          2|    7|         14|
    |first_iter_0_reg_142                   |   9|          2|    1|          2|
    |gmem1_blk_n_R                          |   9|          2|    1|          2|
    |gmem3_blk_n_AW                         |   9|          2|    1|          2|
    |gmem3_blk_n_B                          |   9|          2|    1|          2|
    |gmem3_blk_n_W                          |   9|          2|    1|          2|
    |h_fu_84                                |   9|          2|    7|         14|
    |indvar_flatten8_fu_88                  |   9|          2|   14|         28|
    |w_fu_80                                |   9|          2|    7|         14|
    +---------------------------------------+----+-----------+-----+-----------+
    |Total                                  | 135|         30|   71|        142|
    +---------------------------------------+----+-----------+-----+-----------+

    * Register: 
    +----------------------------------+----+----+-----+-----------+
    |               Name               | FF | LUT| Bits| Const Bits|
    +----------------------------------+----+----+-----+-----------+
    |and_ln56_reg_365                  |   1|   0|    1|          0|
    |ap_CS_fsm                         |   1|   0|    1|          0|
    |ap_done_reg                       |   1|   0|    1|          0|
    |ap_enable_reg_pp0_iter1           |   1|   0|    1|          0|
    |ap_enable_reg_pp0_iter2           |   1|   0|    1|          0|
    |ap_enable_reg_pp0_iter3           |   1|   0|    1|          0|
    |ap_enable_reg_pp0_iter4           |   1|   0|    1|          0|
    |ap_enable_reg_pp0_iter5           |   1|   0|    1|          0|
    |ap_enable_reg_pp0_iter6           |   1|   0|    1|          0|
    |ap_enable_reg_pp0_iter7           |   1|   0|    1|          0|
    |ap_enable_reg_pp0_iter8           |   1|   0|    1|          0|
    |ap_enable_reg_pp0_iter9           |   1|   0|    1|          0|
    |ap_loop_exit_ready_pp0_iter1_reg  |   1|   0|    1|          0|
    |ap_loop_exit_ready_pp0_iter2_reg  |   1|   0|    1|          0|
    |ap_loop_exit_ready_pp0_iter3_reg  |   1|   0|    1|          0|
    |ap_loop_exit_ready_pp0_iter4_reg  |   1|   0|    1|          0|
    |ap_loop_exit_ready_pp0_iter5_reg  |   1|   0|    1|          0|
    |ap_loop_exit_ready_pp0_iter6_reg  |   1|   0|    1|          0|
    |ap_loop_exit_ready_pp0_iter7_reg  |   1|   0|    1|          0|
    |ap_loop_exit_ready_pp0_iter8_reg  |   1|   0|    1|          0|
    |first_iter_0_reg_142              |   1|   0|    1|          0|
    |gmem1_addr_read_reg_360           |  32|   0|   32|          0|
    |h_fu_84                           |   7|   0|    7|          0|
    |icmp_ln56_1_reg_356               |   1|   0|    1|          0|
    |icmp_ln56_reg_339                 |   1|   0|    1|          0|
    |icmp_ln57_1_reg_352               |   1|   0|    1|          0|
    |icmp_ln57_reg_343                 |   1|   0|    1|          0|
    |icmp_ln57_reg_343_pp0_iter1_reg   |   1|   0|    1|          0|
    |indvar_flatten8_fu_88             |  14|   0|   14|          0|
    |mul28_i_reg_381                   |  32|   0|   32|          0|
    |or_ln56_reg_348                   |   1|   0|    1|          0|
    |sext_ln56_cast_reg_329            |  64|   0|   64|          0|
    |w_fu_80                           |   7|   0|    7|          0|
    |icmp_ln56_1_reg_356               |  64|  32|    1|          0|
    |icmp_ln56_reg_339                 |  64|  32|    1|          0|
    |icmp_ln57_1_reg_352               |  64|  32|    1|          0|
    |or_ln56_reg_348                   |  64|  32|    1|          0|
    +----------------------------------+----+----+-----+-----------+
    |Total                             | 439| 128|  187|          0|
    +----------------------------------+----+----+-----+-----------+



================================================================
== Interface
================================================================
* Summary: 
+----------------------+-----+-----+------------+------------------------------------------+--------------+
|       RTL Ports      | Dir | Bits|  Protocol  |               Source Object              |    C Type    |
+----------------------+-----+-----+------------+------------------------------------------+--------------+
|ap_clk                |   in|    1|  ap_ctrl_hs|  kernel_stage0.1_Pipeline_VITIS_LOOP_57_4|  return value|
|ap_rst                |   in|    1|  ap_ctrl_hs|  kernel_stage0.1_Pipeline_VITIS_LOOP_57_4|  return value|
|ap_start              |   in|    1|  ap_ctrl_hs|  kernel_stage0.1_Pipeline_VITIS_LOOP_57_4|  return value|
|ap_done               |  out|    1|  ap_ctrl_hs|  kernel_stage0.1_Pipeline_VITIS_LOOP_57_4|  return value|
|ap_idle               |  out|    1|  ap_ctrl_hs|  kernel_stage0.1_Pipeline_VITIS_LOOP_57_4|  return value|
|ap_ready              |  out|    1|  ap_ctrl_hs|  kernel_stage0.1_Pipeline_VITIS_LOOP_57_4|  return value|
|grp_fu_1022_p_din0    |  out|   32|  ap_ctrl_hs|  kernel_stage0.1_Pipeline_VITIS_LOOP_57_4|  return value|
|grp_fu_1022_p_din1    |  out|   32|  ap_ctrl_hs|  kernel_stage0.1_Pipeline_VITIS_LOOP_57_4|  return value|
|grp_fu_1022_p_dout0   |   in|   32|  ap_ctrl_hs|  kernel_stage0.1_Pipeline_VITIS_LOOP_57_4|  return value|
|grp_fu_1022_p_ce      |  out|    1|  ap_ctrl_hs|  kernel_stage0.1_Pipeline_VITIS_LOOP_57_4|  return value|
|m_axi_gmem1_AWVALID   |  out|    1|       m_axi|                                     gmem1|       pointer|
|m_axi_gmem1_AWREADY   |   in|    1|       m_axi|                                     gmem1|       pointer|
|m_axi_gmem1_AWADDR    |  out|   64|       m_axi|                                     gmem1|       pointer|
|m_axi_gmem1_AWID      |  out|    1|       m_axi|                                     gmem1|       pointer|
|m_axi_gmem1_AWLEN     |  out|   32|       m_axi|                                     gmem1|       pointer|
|m_axi_gmem1_AWSIZE    |  out|    3|       m_axi|                                     gmem1|       pointer|
|m_axi_gmem1_AWBURST   |  out|    2|       m_axi|                                     gmem1|       pointer|
|m_axi_gmem1_AWLOCK    |  out|    2|       m_axi|                                     gmem1|       pointer|
|m_axi_gmem1_AWCACHE   |  out|    4|       m_axi|                                     gmem1|       pointer|
|m_axi_gmem1_AWPROT    |  out|    3|       m_axi|                                     gmem1|       pointer|
|m_axi_gmem1_AWQOS     |  out|    4|       m_axi|                                     gmem1|       pointer|
|m_axi_gmem1_AWREGION  |  out|    4|       m_axi|                                     gmem1|       pointer|
|m_axi_gmem1_AWUSER    |  out|    1|       m_axi|                                     gmem1|       pointer|
|m_axi_gmem1_WVALID    |  out|    1|       m_axi|                                     gmem1|       pointer|
|m_axi_gmem1_WREADY    |   in|    1|       m_axi|                                     gmem1|       pointer|
|m_axi_gmem1_WDATA     |  out|   32|       m_axi|                                     gmem1|       pointer|
|m_axi_gmem1_WSTRB     |  out|    4|       m_axi|                                     gmem1|       pointer|
|m_axi_gmem1_WLAST     |  out|    1|       m_axi|                                     gmem1|       pointer|
|m_axi_gmem1_WID       |  out|    1|       m_axi|                                     gmem1|       pointer|
|m_axi_gmem1_WUSER     |  out|    1|       m_axi|                                     gmem1|       pointer|
|m_axi_gmem1_ARVALID   |  out|    1|       m_axi|                                     gmem1|       pointer|
|m_axi_gmem1_ARREADY   |   in|    1|       m_axi|                                     gmem1|       pointer|
|m_axi_gmem1_ARADDR    |  out|   64|       m_axi|                                     gmem1|       pointer|
|m_axi_gmem1_ARID      |  out|    1|       m_axi|                                     gmem1|       pointer|
|m_axi_gmem1_ARLEN     |  out|   32|       m_axi|                                     gmem1|       pointer|
|m_axi_gmem1_ARSIZE    |  out|    3|       m_axi|                                     gmem1|       pointer|
|m_axi_gmem1_ARBURST   |  out|    2|       m_axi|                                     gmem1|       pointer|
|m_axi_gmem1_ARLOCK    |  out|    2|       m_axi|                                     gmem1|       pointer|
|m_axi_gmem1_ARCACHE   |  out|    4|       m_axi|                                     gmem1|       pointer|
|m_axi_gmem1_ARPROT    |  out|    3|       m_axi|                                     gmem1|       pointer|
|m_axi_gmem1_ARQOS     |  out|    4|       m_axi|                                     gmem1|       pointer|
|m_axi_gmem1_ARREGION  |  out|    4|       m_axi|                                     gmem1|       pointer|
|m_axi_gmem1_ARUSER    |  out|    1|       m_axi|                                     gmem1|       pointer|
|m_axi_gmem1_RVALID    |   in|    1|       m_axi|                                     gmem1|       pointer|
|m_axi_gmem1_RREADY    |  out|    1|       m_axi|                                     gmem1|       pointer|
|m_axi_gmem1_RDATA     |   in|   32|       m_axi|                                     gmem1|       pointer|
|m_axi_gmem1_RLAST     |   in|    1|       m_axi|                                     gmem1|       pointer|
|m_axi_gmem1_RID       |   in|    1|       m_axi|                                     gmem1|       pointer|
|m_axi_gmem1_RFIFONUM  |   in|    9|       m_axi|                                     gmem1|       pointer|
|m_axi_gmem1_RUSER     |   in|    1|       m_axi|                                     gmem1|       pointer|
|m_axi_gmem1_RRESP     |   in|    2|       m_axi|                                     gmem1|       pointer|
|m_axi_gmem1_BVALID    |   in|    1|       m_axi|                                     gmem1|       pointer|
|m_axi_gmem1_BREADY    |  out|    1|       m_axi|                                     gmem1|       pointer|
|m_axi_gmem1_BRESP     |   in|    2|       m_axi|                                     gmem1|       pointer|
|m_axi_gmem1_BID       |   in|    1|       m_axi|                                     gmem1|       pointer|
|m_axi_gmem1_BUSER     |   in|    1|       m_axi|                                     gmem1|       pointer|
|m_axi_gmem3_AWVALID   |  out|    1|       m_axi|                                     gmem3|       pointer|
|m_axi_gmem3_AWREADY   |   in|    1|       m_axi|                                     gmem3|       pointer|
|m_axi_gmem3_AWADDR    |  out|   64|       m_axi|                                     gmem3|       pointer|
|m_axi_gmem3_AWID      |  out|    1|       m_axi|                                     gmem3|       pointer|
|m_axi_gmem3_AWLEN     |  out|   32|       m_axi|                                     gmem3|       pointer|
|m_axi_gmem3_AWSIZE    |  out|    3|       m_axi|                                     gmem3|       pointer|
|m_axi_gmem3_AWBURST   |  out|    2|       m_axi|                                     gmem3|       pointer|
|m_axi_gmem3_AWLOCK    |  out|    2|       m_axi|                                     gmem3|       pointer|
|m_axi_gmem3_AWCACHE   |  out|    4|       m_axi|                                     gmem3|       pointer|
|m_axi_gmem3_AWPROT    |  out|    3|       m_axi|                                     gmem3|       pointer|
|m_axi_gmem3_AWQOS     |  out|    4|       m_axi|                                     gmem3|       pointer|
|m_axi_gmem3_AWREGION  |  out|    4|       m_axi|                                     gmem3|       pointer|
|m_axi_gmem3_AWUSER    |  out|    1|       m_axi|                                     gmem3|       pointer|
|m_axi_gmem3_WVALID    |  out|    1|       m_axi|                                     gmem3|       pointer|
|m_axi_gmem3_WREADY    |   in|    1|       m_axi|                                     gmem3|       pointer|
|m_axi_gmem3_WDATA     |  out|   32|       m_axi|                                     gmem3|       pointer|
|m_axi_gmem3_WSTRB     |  out|    4|       m_axi|                                     gmem3|       pointer|
|m_axi_gmem3_WLAST     |  out|    1|       m_axi|                                     gmem3|       pointer|
|m_axi_gmem3_WID       |  out|    1|       m_axi|                                     gmem3|       pointer|
|m_axi_gmem3_WUSER     |  out|    1|       m_axi|                                     gmem3|       pointer|
|m_axi_gmem3_ARVALID   |  out|    1|       m_axi|                                     gmem3|       pointer|
|m_axi_gmem3_ARREADY   |   in|    1|       m_axi|                                     gmem3|       pointer|
|m_axi_gmem3_ARADDR    |  out|   64|       m_axi|                                     gmem3|       pointer|
|m_axi_gmem3_ARID      |  out|    1|       m_axi|                                     gmem3|       pointer|
|m_axi_gmem3_ARLEN     |  out|   32|       m_axi|                                     gmem3|       pointer|
|m_axi_gmem3_ARSIZE    |  out|    3|       m_axi|                                     gmem3|       pointer|
|m_axi_gmem3_ARBURST   |  out|    2|       m_axi|                                     gmem3|       pointer|
|m_axi_gmem3_ARLOCK    |  out|    2|       m_axi|                                     gmem3|       pointer|
|m_axi_gmem3_ARCACHE   |  out|    4|       m_axi|                                     gmem3|       pointer|
|m_axi_gmem3_ARPROT    |  out|    3|       m_axi|                                     gmem3|       pointer|
|m_axi_gmem3_ARQOS     |  out|    4|       m_axi|                                     gmem3|       pointer|
|m_axi_gmem3_ARREGION  |  out|    4|       m_axi|                                     gmem3|       pointer|
|m_axi_gmem3_ARUSER    |  out|    1|       m_axi|                                     gmem3|       pointer|
|m_axi_gmem3_RVALID    |   in|    1|       m_axi|                                     gmem3|       pointer|
|m_axi_gmem3_RREADY    |  out|    1|       m_axi|                                     gmem3|       pointer|
|m_axi_gmem3_RDATA     |   in|   32|       m_axi|                                     gmem3|       pointer|
|m_axi_gmem3_RLAST     |   in|    1|       m_axi|                                     gmem3|       pointer|
|m_axi_gmem3_RID       |   in|    1|       m_axi|                                     gmem3|       pointer|
|m_axi_gmem3_RFIFONUM  |   in|    9|       m_axi|                                     gmem3|       pointer|
|m_axi_gmem3_RUSER     |   in|    1|       m_axi|                                     gmem3|       pointer|
|m_axi_gmem3_RRESP     |   in|    2|       m_axi|                                     gmem3|       pointer|
|m_axi_gmem3_BVALID    |   in|    1|       m_axi|                                     gmem3|       pointer|
|m_axi_gmem3_BREADY    |  out|    1|       m_axi|                                     gmem3|       pointer|
|m_axi_gmem3_BRESP     |   in|    2|       m_axi|                                     gmem3|       pointer|
|m_axi_gmem3_BID       |   in|    1|       m_axi|                                     gmem3|       pointer|
|m_axi_gmem3_BUSER     |   in|    1|       m_axi|                                     gmem3|       pointer|
|sext_ln15             |   in|   62|     ap_none|                                 sext_ln15|        scalar|
|sext_ln56             |   in|   62|     ap_none|                                 sext_ln56|        scalar|
|scale                 |   in|   32|     ap_none|                                     scale|        scalar|
+----------------------+-----+-----+------------+------------------------------------------+--------------+

