

================================================================
== Vitis HLS Report for 'kernel_EMO'
================================================================
* Date:           Sat Nov  4 13:53:11 2023

* Version:        2022.1 (Build 3526262 on Mon Apr 18 15:47:01 MDT 2022)
* Project:        proj_kernel_EMO
* Solution:       solution1 (Vivado IP Flow Target)
* Product family: virtexuplus
* Target device:  xcu250-figd2104-2L-e


================================================================
== Performance Estimates
================================================================
+ Timing: 
    * Summary: 
    +--------+----------+-----------+------------+
    |  Clock |  Target  | Estimated | Uncertainty|
    +--------+----------+-----------+------------+
    |ap_clk  |  15.00 ns|  10.950 ns|     4.05 ns|
    +--------+----------+-----------+------------+

+ Latency: 
    * Summary: 
    +---------+--------------+-----------+-------------+---------+--------------+---------+
    |    Latency (cycles)    |    Latency (absolute)   |        Interval        | Pipeline|
    |   min   |      max     |    min    |     max     |   min   |      max     |   Type  |
    +---------+--------------+-----------+-------------+---------+--------------+---------+
    |  7754281|  544109238137|  0.116 sec|  8.2e+03 sec|  7754282|  544109238138|       no|
    +---------+--------------+-----------+-------------+---------+--------------+---------+

    + Detail: 
        * Instance: 
        +------------------------------+------------------+---------+--------------+-----------+-------------+---------+--------------+---------+
        |                              |                  |    Latency (cycles)    |    Latency (absolute)   |        Interval        | Pipeline|
        |           Instance           |      Module      |   min   |      max     |    min    |     max     |   min   |      max     |   Type  |
        +------------------------------+------------------+---------+--------------+-----------+-------------+---------+--------------+---------+
        |grp_kernel_stage0_1_fu_1202   |kernel_stage0_1   |  2435799|  121614648871|  36.537 ms|  1.8e+03 sec|  2435799|  121614648871|       no|
        |grp_BatchNorm_1_fu_1245       |BatchNorm_1       |    55105|       2974721|   0.827 ms|    44.621 ms|    55105|       2974721|       no|
        |grp_Pointwise_conv_1_fu_1281  |Pointwise_conv_1  |     1684|     188661764|  25.260 us|    2.830 sec|     1684|     188661764|       no|
        |grp_SiLU_1_fu_1314            |SiLU_1            |       57|        120457|   0.855 us|     1.807 ms|       57|        120457|       no|
        |grp_DW_conv_1_fu_1341         |DW_conv_1         |    63519|  105310404879|   0.953 ms|  1.6e+03 sec|    63519|  105310404879|       no|
        |grp_Pointwise_conv_2_fu_1388  |Pointwise_conv_2  |  1128964|     118013956|  16.934 ms|    1.770 sec|  1128964|     118013956|       no|
        |grp_Compute_skip_1_fu_1416    |Compute_skip_1    |    25113|        376345|   0.377 ms|     5.645 ms|    25113|        376345|       no|
        +------------------------------+------------------+---------+--------------+-----------+-------------+---------+--------------+---------+

        * Loop: 
        N/A



================================================================
== Utilization Estimates
================================================================
* Summary: 
+---------------------+---------+-------+---------+---------+------+
|         Name        | BRAM_18K|  DSP  |    FF   |   LUT   | URAM |
+---------------------+---------+-------+---------+---------+------+
|DSP                  |        -|      -|        -|        -|     -|
|Expression           |        -|      -|        -|        -|     -|
|FIFO                 |        -|      -|        -|        -|     -|
|Instance             |        0|    152|    39220|    58209|     0|
|Memory               |        -|      -|        -|        -|     -|
|Multiplexer          |        -|      -|        -|     4628|     -|
|Register             |        -|      -|     7050|        -|     -|
+---------------------+---------+-------+---------+---------+------+
|Total                |        0|    152|    46270|    62837|     0|
+---------------------+---------+-------+---------+---------+------+
|Available SLR        |     1344|   3072|   864000|   432000|   320|
+---------------------+---------+-------+---------+---------+------+
|Utilization SLR (%)  |        0|      4|        5|       14|     0|
+---------------------+---------+-------+---------+---------+------+
|Available            |     5376|  12288|  3456000|  1728000|  1280|
+---------------------+---------+-------+---------+---------+------+
|Utilization (%)      |        0|      1|        1|        3|     0|
+---------------------+---------+-------+---------+---------+------+

+ Detail: 
    * Instance: 
    +------------------------------+------------------+---------+----+-------+-------+-----+
    |           Instance           |      Module      | BRAM_18K| DSP|   FF  |  LUT  | URAM|
    +------------------------------+------------------+---------+----+-------+-------+-----+
    |grp_BatchNorm_1_fu_1245       |BatchNorm_1       |        0|  14|   2700|   3152|    0|
    |grp_Compute_skip_1_fu_1416    |Compute_skip_1    |        0|   4|    824|   1325|    0|
    |grp_DW_conv_1_fu_1341         |DW_conv_1         |        0|  15|   4358|   4856|    0|
    |grp_Pointwise_conv_1_fu_1281  |Pointwise_conv_1  |        0|   8|   1111|   1555|    0|
    |grp_Pointwise_conv_2_fu_1388  |Pointwise_conv_2  |        0|   8|    971|   1363|    0|
    |grp_SiLU_1_fu_1314            |SiLU_1            |        0|  13|   1009|   1549|    0|
    |control_s_axi_U               |control_s_axi     |        0|   0|   7660|  13992|    0|
    |gmem0_m_axi_U                 |gmem0_m_axi       |        0|   0|    764|   1118|    0|
    |gmem1_m_axi_U                 |gmem1_m_axi       |        0|   0|    764|   1118|    0|
    |gmem2_m_axi_U                 |gmem2_m_axi       |        0|   0|    764|   1118|    0|
    |gmem3_m_axi_U                 |gmem3_m_axi       |        0|   0|    764|   1118|    0|
    |gmem_m_axi_U                  |gmem_m_axi        |        0|   0|    764|   1118|    0|
    |grp_kernel_stage0_1_fu_1202   |kernel_stage0_1   |        0|  90|  16767|  24827|    0|
    +------------------------------+------------------+---------+----+-------+-------+-----+
    |Total                         |                  |        0| 152|  39220|  58209|    0|
    +------------------------------+------------------+---------+----+-------+-------+-----+

    * DSP: 
    N/A

    * Memory: 
    N/A

    * FIFO: 
    N/A

    * Expression: 
    N/A

    * Multiplexer: 
    +----------------------------------------------------+-----+-----------+-----+-----------+
    |                        Name                        | LUT | Input Size| Bits| Total Bits|
    +----------------------------------------------------+-----+-----------+-----+-----------+
    |ap_NS_fsm                                           |  299|         68|    1|         68|
    |gmem0_ARADDR                                        |   43|          8|   64|        512|
    |gmem0_ARLEN                                         |   43|          8|   32|        256|
    |gmem0_ARVALID                                       |   43|          8|    1|          8|
    |gmem0_AWADDR                                        |   31|          6|   64|        384|
    |gmem0_AWLEN                                         |   31|          6|   32|        192|
    |gmem0_AWVALID                                       |   31|          6|    1|          6|
    |gmem0_BREADY                                        |   31|          6|    1|          6|
    |gmem0_RREADY                                        |   43|          8|    1|          8|
    |gmem0_WDATA                                         |   31|          6|   32|        192|
    |gmem0_WSTRB                                         |   31|          6|    4|         24|
    |gmem0_WVALID                                        |   31|          6|    1|          6|
    |gmem1_ARADDR                                        |   37|          7|   64|        448|
    |gmem1_ARLEN                                         |   37|          7|   32|        224|
    |gmem1_ARVALID                                       |   37|          7|    1|          7|
    |gmem1_AWADDR                                        |   26|          5|   64|        320|
    |gmem1_AWLEN                                         |   26|          5|   32|        160|
    |gmem1_AWVALID                                       |   26|          5|    1|          5|
    |gmem1_BREADY                                        |   26|          5|    1|          5|
    |gmem1_RREADY                                        |   37|          7|    1|          7|
    |gmem1_WDATA                                         |   26|          5|   32|        160|
    |gmem1_WSTRB                                         |   26|          5|    4|         20|
    |gmem1_WVALID                                        |   26|          5|    1|          5|
    |gmem2_ARADDR                                        |   37|          7|   64|        448|
    |gmem2_ARLEN                                         |   37|          7|   32|        224|
    |gmem2_ARVALID                                       |   37|          7|    1|          7|
    |gmem2_AWADDR                                        |   31|          6|   64|        384|
    |gmem2_AWLEN                                         |   31|          6|   32|        192|
    |gmem2_AWVALID                                       |   31|          6|    1|          6|
    |gmem2_BREADY                                        |   31|          6|    1|          6|
    |gmem2_RREADY                                        |   37|          7|    1|          7|
    |gmem2_WDATA                                         |   31|          6|   32|        192|
    |gmem2_WSTRB                                         |   31|          6|    4|         24|
    |gmem2_WVALID                                        |   31|          6|    1|          6|
    |gmem3_ARADDR                                        |   31|          6|   64|        384|
    |gmem3_ARLEN                                         |   31|          6|   32|        192|
    |gmem3_ARVALID                                       |   31|          6|    1|          6|
    |gmem3_AWADDR                                        |   26|          5|   64|        320|
    |gmem3_AWLEN                                         |   26|          5|   32|        160|
    |gmem3_AWVALID                                       |   26|          5|    1|          5|
    |gmem3_BREADY                                        |   26|          5|    1|          5|
    |gmem3_RREADY                                        |   31|          6|    1|          6|
    |gmem3_WDATA                                         |   26|          5|   32|        160|
    |gmem3_WSTRB                                         |   26|          5|    4|         20|
    |gmem3_WVALID                                        |   26|          5|    1|          5|
    |gmem_ARADDR                                         |   31|          6|   64|        384|
    |gmem_ARLEN                                          |   31|          6|   32|        192|
    |gmem_ARVALID                                        |   31|          6|    1|          6|
    |gmem_RREADY                                         |   31|          6|    1|          6|
    |grp_BatchNorm_1_fu_1245_X_data                      |   49|          9|   64|        576|
    |grp_BatchNorm_1_fu_1245_Y_data                      |   49|          9|   64|        576|
    |grp_BatchNorm_1_fu_1245_beta                        |   49|          9|   64|        576|
    |grp_BatchNorm_1_fu_1245_gamma                       |   49|          9|   64|        576|
    |grp_BatchNorm_1_fu_1245_m_axi_gmem11_ARREADY        |   20|          4|    1|          4|
    |grp_BatchNorm_1_fu_1245_m_axi_gmem11_RDATA          |   20|          4|   32|        128|
    |grp_BatchNorm_1_fu_1245_m_axi_gmem11_RFIFONUM       |   20|          4|    9|         36|
    |grp_BatchNorm_1_fu_1245_m_axi_gmem11_RID            |   20|          4|    1|          4|
    |grp_BatchNorm_1_fu_1245_m_axi_gmem11_RLAST          |   20|          4|    1|          4|
    |grp_BatchNorm_1_fu_1245_m_axi_gmem11_RRESP          |   20|          4|    2|          8|
    |grp_BatchNorm_1_fu_1245_m_axi_gmem11_RUSER          |   20|          4|    1|          4|
    |grp_BatchNorm_1_fu_1245_m_axi_gmem11_RVALID         |   20|          4|    1|          4|
    |grp_BatchNorm_1_fu_1245_m_axi_gmem2_AWREADY         |   20|          4|    1|          4|
    |grp_BatchNorm_1_fu_1245_m_axi_gmem2_BID             |   20|          4|    1|          4|
    |grp_BatchNorm_1_fu_1245_m_axi_gmem2_BRESP           |   20|          4|    2|          8|
    |grp_BatchNorm_1_fu_1245_m_axi_gmem2_BUSER           |   20|          4|    1|          4|
    |grp_BatchNorm_1_fu_1245_m_axi_gmem2_BVALID          |   20|          4|    1|          4|
    |grp_BatchNorm_1_fu_1245_m_axi_gmem2_WREADY          |   20|          4|    1|          4|
    |grp_BatchNorm_1_fu_1245_p_read1                     |   43|          8|    8|         64|
    |grp_BatchNorm_1_fu_1245_p_read2                     |   20|          4|    7|         28|
    |grp_BatchNorm_1_fu_1245_p_read3                     |   20|          4|    7|         28|
    |grp_BatchNorm_1_fu_1245_running_mean                |   49|          9|   64|        576|
    |grp_BatchNorm_1_fu_1245_running_var                 |   49|          9|   64|        576|
    |grp_Compute_skip_1_fu_1416_in1                      |   26|          5|   64|        320|
    |grp_Compute_skip_1_fu_1416_in2                      |   26|          5|   64|        320|
    |grp_Compute_skip_1_fu_1416_m_axi_gmem2_ARREADY      |   14|          3|    1|          3|
    |grp_Compute_skip_1_fu_1416_m_axi_gmem2_RDATA        |   14|          3|   32|         96|
    |grp_Compute_skip_1_fu_1416_m_axi_gmem2_RFIFONUM     |   14|          3|    9|         27|
    |grp_Compute_skip_1_fu_1416_m_axi_gmem2_RID          |   14|          3|    1|          3|
    |grp_Compute_skip_1_fu_1416_m_axi_gmem2_RLAST        |   14|          3|    1|          3|
    |grp_Compute_skip_1_fu_1416_m_axi_gmem2_RRESP        |   14|          3|    2|          6|
    |grp_Compute_skip_1_fu_1416_m_axi_gmem2_RUSER        |   14|          3|    1|          3|
    |grp_Compute_skip_1_fu_1416_m_axi_gmem2_RVALID       |   14|          3|    1|          3|
    |grp_Compute_skip_1_fu_1416_m_axi_gmem3_AWREADY      |   14|          3|    1|          3|
    |grp_Compute_skip_1_fu_1416_m_axi_gmem3_BID          |   14|          3|    1|          3|
    |grp_Compute_skip_1_fu_1416_m_axi_gmem3_BRESP        |   14|          3|    2|          6|
    |grp_Compute_skip_1_fu_1416_m_axi_gmem3_BUSER        |   14|          3|    1|          3|
    |grp_Compute_skip_1_fu_1416_m_axi_gmem3_BVALID       |   14|          3|    1|          3|
    |grp_Compute_skip_1_fu_1416_m_axi_gmem3_WREADY       |   14|          3|    1|          3|
    |grp_Compute_skip_1_fu_1416_out_r                    |   26|          5|   64|        320|
    |grp_Compute_skip_1_fu_1416_p_read1                  |   26|          5|    7|         35|
    |grp_Compute_skip_1_fu_1416_p_read2                  |   14|          3|    6|         18|
    |grp_Compute_skip_1_fu_1416_p_read3                  |   14|          3|    6|         18|
    |grp_DW_conv_1_fu_1341_in_r                          |   26|          5|   64|        320|
    |grp_DW_conv_1_fu_1341_kernel                        |   26|          5|   64|        320|
    |grp_DW_conv_1_fu_1341_m_axi_gmem2_ARREADY           |   14|          3|    1|          3|
    |grp_DW_conv_1_fu_1341_m_axi_gmem2_RDATA             |   14|          3|   32|         96|
    |grp_DW_conv_1_fu_1341_m_axi_gmem2_RFIFONUM          |   14|          3|    9|         27|
    |grp_DW_conv_1_fu_1341_m_axi_gmem2_RID               |   14|          3|    1|          3|
    |grp_DW_conv_1_fu_1341_m_axi_gmem2_RLAST             |   14|          3|    1|          3|
    |grp_DW_conv_1_fu_1341_m_axi_gmem2_RRESP             |   14|          3|    2|          6|
    |grp_DW_conv_1_fu_1341_m_axi_gmem2_RUSER             |   14|          3|    1|          3|
    |grp_DW_conv_1_fu_1341_m_axi_gmem2_RVALID            |   14|          3|    1|          3|
    |grp_DW_conv_1_fu_1341_m_axi_gmem3_ARREADY           |   14|          3|    1|          3|
    |grp_DW_conv_1_fu_1341_m_axi_gmem3_AWREADY           |   14|          3|    1|          3|
    |grp_DW_conv_1_fu_1341_m_axi_gmem3_BID               |   14|          3|    1|          3|
    |grp_DW_conv_1_fu_1341_m_axi_gmem3_BRESP             |   14|          3|    2|          6|
    |grp_DW_conv_1_fu_1341_m_axi_gmem3_BUSER             |   14|          3|    1|          3|
    |grp_DW_conv_1_fu_1341_m_axi_gmem3_BVALID            |   14|          3|    1|          3|
    |grp_DW_conv_1_fu_1341_m_axi_gmem3_RDATA             |   14|          3|   32|         96|
    |grp_DW_conv_1_fu_1341_m_axi_gmem3_RFIFONUM          |   14|          3|    9|         27|
    |grp_DW_conv_1_fu_1341_m_axi_gmem3_RID               |   14|          3|    1|          3|
    |grp_DW_conv_1_fu_1341_m_axi_gmem3_RLAST             |   14|          3|    1|          3|
    |grp_DW_conv_1_fu_1341_m_axi_gmem3_RRESP             |   14|          3|    2|          6|
    |grp_DW_conv_1_fu_1341_m_axi_gmem3_RUSER             |   14|          3|    1|          3|
    |grp_DW_conv_1_fu_1341_m_axi_gmem3_RVALID            |   14|          3|    1|          3|
    |grp_DW_conv_1_fu_1341_m_axi_gmem3_WREADY            |   14|          3|    1|          3|
    |grp_DW_conv_1_fu_1341_out_r                         |   26|          5|   64|        320|
    |grp_DW_conv_1_fu_1341_p_read1                       |   26|          5|    8|         40|
    |grp_DW_conv_1_fu_1341_p_read10                      |   26|          5|    8|         40|
    |grp_DW_conv_1_fu_1341_p_read2                       |   20|          4|    7|         28|
    |grp_DW_conv_1_fu_1341_p_read3                       |   20|          4|    7|         28|
    |grp_DW_conv_1_fu_1341_p_read4                       |   26|          5|    8|         40|
    |grp_DW_conv_1_fu_1341_p_read5                       |   14|          3|    7|         21|
    |grp_DW_conv_1_fu_1341_p_read6                       |   14|          3|    7|         21|
    |grp_DW_conv_1_fu_1341_p_read8                       |   14|          3|    2|          6|
    |grp_Pointwise_conv_1_fu_1281_buffer_DataIn_1        |   26|          5|   64|        320|
    |grp_Pointwise_conv_1_fu_1281_buffer_bias            |   26|          5|   64|        320|
    |grp_Pointwise_conv_1_fu_1281_buffer_kernel          |   26|          5|   64|        320|
    |grp_Pointwise_conv_1_fu_1281_channel_in             |   20|          4|    6|         24|
    |grp_Pointwise_conv_1_fu_1281_channel_out            |   26|          5|    8|         40|
    |grp_Pointwise_conv_1_fu_1281_height_in              |   20|          4|    7|         28|
    |grp_Pointwise_conv_1_fu_1281_m_axi_gmem21_ARREADY   |   14|          3|    1|          3|
    |grp_Pointwise_conv_1_fu_1281_m_axi_gmem21_RDATA     |   14|          3|   32|         96|
    |grp_Pointwise_conv_1_fu_1281_m_axi_gmem21_RFIFONUM  |   14|          3|    9|         27|
    |grp_Pointwise_conv_1_fu_1281_m_axi_gmem21_RID       |   14|          3|    1|          3|
    |grp_Pointwise_conv_1_fu_1281_m_axi_gmem21_RLAST     |   14|          3|    1|          3|
    |grp_Pointwise_conv_1_fu_1281_m_axi_gmem21_RRESP     |   14|          3|    2|          6|
    |grp_Pointwise_conv_1_fu_1281_m_axi_gmem21_RUSER     |   14|          3|    1|          3|
    |grp_Pointwise_conv_1_fu_1281_m_axi_gmem21_RVALID    |   14|          3|    1|          3|
    |grp_Pointwise_conv_1_fu_1281_m_axi_gmem3_ARREADY    |   14|          3|    1|          3|
    |grp_Pointwise_conv_1_fu_1281_m_axi_gmem3_AWREADY    |   14|          3|    1|          3|
    |grp_Pointwise_conv_1_fu_1281_m_axi_gmem3_BID        |   14|          3|    1|          3|
    |grp_Pointwise_conv_1_fu_1281_m_axi_gmem3_BRESP      |   14|          3|    2|          6|
    |grp_Pointwise_conv_1_fu_1281_m_axi_gmem3_BUSER      |   14|          3|    1|          3|
    |grp_Pointwise_conv_1_fu_1281_m_axi_gmem3_BVALID     |   14|          3|    1|          3|
    |grp_Pointwise_conv_1_fu_1281_m_axi_gmem3_RDATA      |   14|          3|   32|         96|
    |grp_Pointwise_conv_1_fu_1281_m_axi_gmem3_RFIFONUM   |   14|          3|    9|         27|
    |grp_Pointwise_conv_1_fu_1281_m_axi_gmem3_RID        |   14|          3|    1|          3|
    |grp_Pointwise_conv_1_fu_1281_m_axi_gmem3_RLAST      |   14|          3|    1|          3|
    |grp_Pointwise_conv_1_fu_1281_m_axi_gmem3_RRESP      |   14|          3|    2|          6|
    |grp_Pointwise_conv_1_fu_1281_m_axi_gmem3_RUSER      |   14|          3|    1|          3|
    |grp_Pointwise_conv_1_fu_1281_m_axi_gmem3_RVALID     |   14|          3|    1|          3|
    |grp_Pointwise_conv_1_fu_1281_m_axi_gmem3_WREADY     |   14|          3|    1|          3|
    |grp_Pointwise_conv_1_fu_1281_out_r                  |   26|          5|   64|        320|
    |grp_Pointwise_conv_1_fu_1281_width_in               |   20|          4|    7|         28|
    |grp_Pointwise_conv_2_fu_1388_buffer_DataIn_1        |   26|          5|   64|        320|
    |grp_Pointwise_conv_2_fu_1388_buffer_kernel          |   26|          5|   64|        320|
    |grp_Pointwise_conv_2_fu_1388_channel_in             |   26|          5|    8|         40|
    |grp_Pointwise_conv_2_fu_1388_channel_out            |   14|          3|    6|         18|
    |grp_Pointwise_conv_2_fu_1388_height_in              |   14|          3|    7|         21|
    |grp_Pointwise_conv_2_fu_1388_m_axi_gmem0_ARREADY    |   14|          3|    1|          3|
    |grp_Pointwise_conv_2_fu_1388_m_axi_gmem0_AWREADY    |   14|          3|    1|          3|
    |grp_Pointwise_conv_2_fu_1388_m_axi_gmem0_BID        |   14|          3|    1|          3|
    |grp_Pointwise_conv_2_fu_1388_m_axi_gmem0_BRESP      |   14|          3|    2|          6|
    |grp_Pointwise_conv_2_fu_1388_m_axi_gmem0_BUSER      |   14|          3|    1|          3|
    |grp_Pointwise_conv_2_fu_1388_m_axi_gmem0_BVALID     |   14|          3|    1|          3|
    |grp_Pointwise_conv_2_fu_1388_m_axi_gmem0_RDATA      |   14|          3|   32|         96|
    |grp_Pointwise_conv_2_fu_1388_m_axi_gmem0_RFIFONUM   |   14|          3|    9|         27|
    |grp_Pointwise_conv_2_fu_1388_m_axi_gmem0_RID        |   14|          3|    1|          3|
    |grp_Pointwise_conv_2_fu_1388_m_axi_gmem0_RLAST      |   14|          3|    1|          3|
    |grp_Pointwise_conv_2_fu_1388_m_axi_gmem0_RRESP      |   14|          3|    2|          6|
    |grp_Pointwise_conv_2_fu_1388_m_axi_gmem0_RUSER      |   14|          3|    1|          3|
    |grp_Pointwise_conv_2_fu_1388_m_axi_gmem0_RVALID     |   14|          3|    1|          3|
    |grp_Pointwise_conv_2_fu_1388_m_axi_gmem0_WREADY     |   14|          3|    1|          3|
    |grp_Pointwise_conv_2_fu_1388_out_r                  |   26|          5|   64|        320|
    |grp_Pointwise_conv_2_fu_1388_width_in               |   14|          3|    7|         21|
    |grp_SiLU_1_fu_1314_X_data                           |   49|          9|   64|        576|
    |grp_SiLU_1_fu_1314_Y_data                           |   49|          9|   64|        576|
    |grp_SiLU_1_fu_1314_m_axi_gmem2_ARREADY              |   20|          4|    1|          4|
    |grp_SiLU_1_fu_1314_m_axi_gmem2_RDATA                |   20|          4|   32|        128|
    |grp_SiLU_1_fu_1314_m_axi_gmem2_RFIFONUM             |   20|          4|    9|         36|
    |grp_SiLU_1_fu_1314_m_axi_gmem2_RID                  |   20|          4|    1|          4|
    |grp_SiLU_1_fu_1314_m_axi_gmem2_RLAST                |   20|          4|    1|          4|
    |grp_SiLU_1_fu_1314_m_axi_gmem2_RRESP                |   20|          4|    2|          8|
    |grp_SiLU_1_fu_1314_m_axi_gmem2_RUSER                |   20|          4|    1|          4|
    |grp_SiLU_1_fu_1314_m_axi_gmem2_RVALID               |   20|          4|    1|          4|
    |grp_SiLU_1_fu_1314_m_axi_gmem3_AWREADY              |   20|          4|    1|          4|
    |grp_SiLU_1_fu_1314_m_axi_gmem3_BID                  |   20|          4|    1|          4|
    |grp_SiLU_1_fu_1314_m_axi_gmem3_BRESP                |   20|          4|    2|          8|
    |grp_SiLU_1_fu_1314_m_axi_gmem3_BUSER                |   20|          4|    1|          4|
    |grp_SiLU_1_fu_1314_m_axi_gmem3_BVALID               |   20|          4|    1|          4|
    |grp_SiLU_1_fu_1314_m_axi_gmem3_WREADY               |   20|          4|    1|          4|
    |grp_SiLU_1_fu_1314_p_read1                          |   26|          5|    8|         40|
    |grp_SiLU_1_fu_1314_p_read2                          |   20|          4|    7|         28|
    |grp_SiLU_1_fu_1314_p_read3                          |   20|          4|    7|         28|
    +----------------------------------------------------+-----+-----------+-----+-----------+
    |Total                                               | 4628|        926| 2974|      17257|
    +----------------------------------------------------+-----+-----------+-----+-----------+

    * Register: 
    +-------------------------------------------+----+----+-----+-----------+
    |                    Name                   | FF | LUT| Bits| Const Bits|
    +-------------------------------------------+----+----+-----+-----------+
    |X_data_read_reg_2018                       |  64|   0|   64|          0|
    |Y_dw_act_1_1_read_reg_1601                 |  64|   0|   64|          0|
    |Y_dw_act_1_2_read_reg_1557                 |  64|   0|   64|          0|
    |Y_dw_act_2_1_read_reg_1503                 |  64|   0|   64|          0|
    |Y_dw_act_2_2_read_reg_1459                 |  64|   0|   64|          0|
    |Y_dw_act_read_reg_1673                     |  64|   0|   64|          0|
    |Y_dw_conv_1_1_read_reg_1613                |  64|   0|   64|          0|
    |Y_dw_conv_1_2_read_reg_1569                |  64|   0|   64|          0|
    |Y_dw_conv_2_1_read_reg_1515                |  64|   0|   64|          0|
    |Y_dw_conv_2_2_read_reg_1471                |  64|   0|   64|          0|
    |Y_dw_conv_read_reg_1683                    |  64|   0|   64|          0|
    |Y_dw_norm_1_1_read_reg_1607                |  64|   0|   64|          0|
    |Y_dw_norm_1_2_read_reg_1563                |  64|   0|   64|          0|
    |Y_dw_norm_2_1_read_reg_1509                |  64|   0|   64|          0|
    |Y_dw_norm_2_2_read_reg_1465                |  64|   0|   64|          0|
    |Y_dw_norm_read_reg_1678                    |  64|   0|   64|          0|
    |Y_dw_skip_1_2_read_reg_1545                |  64|   0|   64|          0|
    |Y_dw_skip_2_2_read_reg_1447                |  64|   0|   64|          0|
    |Y_msp_conv_read_reg_1693                   |  64|   0|   64|          0|
    |Y_msp_norm_read_reg_1688                   |  64|   0|   64|          0|
    |Y_norm_1_1_read_reg_1631                   |  64|   0|   64|          0|
    |Y_norm_1_2_read_reg_1588                   |  64|   0|   64|          0|
    |Y_norm_2_1_read_reg_1533                   |  64|   0|   64|          0|
    |Y_norm_2_2_read_reg_1490                   |  64|   0|   64|          0|
    |Y_proj_1_1_read_reg_1594                   |  64|   0|   64|          0|
    |Y_proj_1_2_read_reg_1551                   |  64|   0|   64|          0|
    |Y_proj_2_1_read_reg_1496                   |  64|   0|   64|          0|
    |Y_proj_2_2_read_reg_1453                   |  64|   0|   64|          0|
    |Y_proj_read_reg_1637                       |  64|   0|   64|          0|
    |Y_se_act_read_reg_1658                     |  64|   0|   64|          0|
    |Y_se_expand_read_reg_1653                  |  64|   0|   64|          0|
    |Y_se_mean_read_reg_1668                    |  64|   0|   64|          0|
    |Y_se_read_reg_1643                         |  64|   0|   64|          0|
    |Y_se_reduce_read_reg_1663                  |  64|   0|   64|          0|
    |Y_se_sigmoid_read_reg_1648                 |  64|   0|   64|          0|
    |Y_skip_1_2_read_reg_1539                   |  64|   0|   64|          0|
    |Y_skip_2_2_read_reg_1442                   |  64|   0|   64|          0|
    |Y_v_act_1_1_read_reg_1619                  |  64|   0|   64|          0|
    |Y_v_act_1_2_read_reg_1575                  |  64|   0|   64|          0|
    |Y_v_act_2_1_read_reg_1521                  |  64|   0|   64|          0|
    |Y_v_act_2_2_read_reg_1477                  |  64|   0|   64|          0|
    |Y_v_conv_1_1_read_reg_1625                 |  64|   0|   64|          0|
    |Y_v_conv_1_2_read_reg_1582                 |  64|   0|   64|          0|
    |Y_v_conv_2_1_read_reg_1527                 |  64|   0|   64|          0|
    |Y_v_conv_2_2_read_reg_1484                 |  64|   0|   64|          0|
    |ap_CS_fsm                                  |  67|   0|   67|          0|
    |dw_conv_1_1_filter_read_reg_1903           |  64|   0|   64|          0|
    |dw_conv_1_2_filter_read_reg_1843           |  64|   0|   64|          0|
    |dw_conv_2_1_filter_read_reg_1783           |  64|   0|   64|          0|
    |dw_conv_2_2_filter_read_reg_1723           |  64|   0|   64|          0|
    |dw_conv_weight_read_reg_1983               |  64|   0|   64|          0|
    |dw_norm_1_1_beta_read_reg_1893             |  64|   0|   64|          0|
    |dw_norm_1_1_gamma_read_reg_1898            |  64|   0|   64|          0|
    |dw_norm_1_1_mean_read_reg_1888             |  64|   0|   64|          0|
    |dw_norm_1_1_var_read_reg_1883              |  64|   0|   64|          0|
    |dw_norm_1_2_beta_read_reg_1833             |  64|   0|   64|          0|
    |dw_norm_1_2_gamma_read_reg_1838            |  64|   0|   64|          0|
    |dw_norm_1_2_mean_read_reg_1828             |  64|   0|   64|          0|
    |dw_norm_1_2_var_read_reg_1823              |  64|   0|   64|          0|
    |dw_norm_2_1_beta_read_reg_1773             |  64|   0|   64|          0|
    |dw_norm_2_1_gamma_read_reg_1778            |  64|   0|   64|          0|
    |dw_norm_2_1_mean_read_reg_1768             |  64|   0|   64|          0|
    |dw_norm_2_1_var_read_reg_1763              |  64|   0|   64|          0|
    |dw_norm_2_2_beta_read_reg_1713             |  64|   0|   64|          0|
    |dw_norm_2_2_gamma_read_reg_1718            |  64|   0|   64|          0|
    |dw_norm_2_2_mean_read_reg_1708             |  64|   0|   64|          0|
    |dw_norm_2_2_var_read_reg_1703              |  64|   0|   64|          0|
    |dw_norm_beta_read_reg_1973                 |  64|   0|   64|          0|
    |dw_norm_gamma_read_reg_1978                |  64|   0|   64|          0|
    |dw_norm_mean_read_reg_1968                 |  64|   0|   64|          0|
    |dw_norm_var_read_reg_1963                  |  64|   0|   64|          0|
    |grp_BatchNorm_1_fu_1245_ap_start_reg       |   1|   0|    1|          0|
    |grp_Compute_skip_1_fu_1416_ap_start_reg    |   1|   0|    1|          0|
    |grp_DW_conv_1_fu_1341_ap_start_reg         |   1|   0|    1|          0|
    |grp_Pointwise_conv_1_fu_1281_ap_start_reg  |   1|   0|    1|          0|
    |grp_Pointwise_conv_2_fu_1388_ap_start_reg  |   1|   0|    1|          0|
    |grp_SiLU_1_fu_1314_ap_start_reg            |   1|   0|    1|          0|
    |grp_kernel_stage0_1_fu_1202_ap_start_reg   |   1|   0|    1|          0|
    |msp_conv_bias_read_reg_2008                |  64|   0|   64|          0|
    |msp_conv_weight_read_reg_2013              |  64|   0|   64|          0|
    |msp_norm_bias_read_reg_1998                |  64|   0|   64|          0|
    |msp_norm_running_mean_read_reg_1993        |  64|   0|   64|          0|
    |msp_norm_running_var_read_reg_1988         |  64|   0|   64|          0|
    |msp_norm_weight_read_reg_2003              |  64|   0|   64|          0|
    |norm_1_1_bias_read_reg_1928                |  64|   0|   64|          0|
    |norm_1_1_running_mean_read_reg_1923        |  64|   0|   64|          0|
    |norm_1_1_running_var_read_reg_1918         |  64|   0|   64|          0|
    |norm_1_1_weight_read_reg_1933              |  64|   0|   64|          0|
    |norm_1_2_bias_read_reg_1868                |  64|   0|   64|          0|
    |norm_1_2_running_mean_read_reg_1863        |  64|   0|   64|          0|
    |norm_1_2_running_var_read_reg_1858         |  64|   0|   64|          0|
    |norm_1_2_weight_read_reg_1873              |  64|   0|   64|          0|
    |norm_2_1_bias_read_reg_1808                |  64|   0|   64|          0|
    |norm_2_1_running_mean_read_reg_1803        |  64|   0|   64|          0|
    |norm_2_1_running_var_read_reg_1798         |  64|   0|   64|          0|
    |norm_2_1_weight_read_reg_1813              |  64|   0|   64|          0|
    |norm_2_2_bias_read_reg_1748                |  64|   0|   64|          0|
    |norm_2_2_running_mean_read_reg_1743        |  64|   0|   64|          0|
    |norm_2_2_running_var_read_reg_1738         |  64|   0|   64|          0|
    |norm_2_2_weight_read_reg_1753              |  64|   0|   64|          0|
    |proj_1_1_weight_read_reg_1878              |  64|   0|   64|          0|
    |proj_1_2_weight_read_reg_1818              |  64|   0|   64|          0|
    |proj_2_1_weight_read_reg_1758              |  64|   0|   64|          0|
    |proj_2_2_weight_read_reg_1698              |  64|   0|   64|          0|
    |proj_conv_weight_read_reg_1938             |  64|   0|   64|          0|
    |se_conv_expand_bias_read_reg_1943          |  64|   0|   64|          0|
    |se_conv_expand_weight_read_reg_1948        |  64|   0|   64|          0|
    |se_conv_reduce_bias_read_reg_1953          |  64|   0|   64|          0|
    |se_conv_reduce_weight_read_reg_1958        |  64|   0|   64|          0|
    |v_conv_1_1_bias_read_reg_1908              |  64|   0|   64|          0|
    |v_conv_1_1_weight_read_reg_1913            |  64|   0|   64|          0|
    |v_conv_1_2_bias_read_reg_1848              |  64|   0|   64|          0|
    |v_conv_1_2_weight_read_reg_1853            |  64|   0|   64|          0|
    |v_conv_2_1_bias_read_reg_1788              |  64|   0|   64|          0|
    |v_conv_2_1_weight_read_reg_1793            |  64|   0|   64|          0|
    |v_conv_2_2_bias_read_reg_1728              |  64|   0|   64|          0|
    |v_conv_2_2_weight_read_reg_1733            |  64|   0|   64|          0|
    +-------------------------------------------+----+----+-----+-----------+
    |Total                                      |7050|   0| 7050|          0|
    +-------------------------------------------+----+----+-----+-----------+



================================================================
== Interface
================================================================
* Summary: 
+-----------------------+-----+-----+------------+--------------+--------------+
|       RTL Ports       | Dir | Bits|  Protocol  | Source Object|    C Type    |
+-----------------------+-----+-----+------------+--------------+--------------+
|s_axi_control_AWVALID  |   in|    1|       s_axi|       control|        scalar|
|s_axi_control_AWREADY  |  out|    1|       s_axi|       control|        scalar|
|s_axi_control_AWADDR   |   in|   11|       s_axi|       control|        scalar|
|s_axi_control_WVALID   |   in|    1|       s_axi|       control|        scalar|
|s_axi_control_WREADY   |  out|    1|       s_axi|       control|        scalar|
|s_axi_control_WDATA    |   in|   32|       s_axi|       control|        scalar|
|s_axi_control_WSTRB    |   in|    4|       s_axi|       control|        scalar|
|s_axi_control_ARVALID  |   in|    1|       s_axi|       control|        scalar|
|s_axi_control_ARREADY  |  out|    1|       s_axi|       control|        scalar|
|s_axi_control_ARADDR   |   in|   11|       s_axi|       control|        scalar|
|s_axi_control_RVALID   |  out|    1|       s_axi|       control|        scalar|
|s_axi_control_RREADY   |   in|    1|       s_axi|       control|        scalar|
|s_axi_control_RDATA    |  out|   32|       s_axi|       control|        scalar|
|s_axi_control_RRESP    |  out|    2|       s_axi|       control|        scalar|
|s_axi_control_BVALID   |  out|    1|       s_axi|       control|        scalar|
|s_axi_control_BREADY   |   in|    1|       s_axi|       control|        scalar|
|s_axi_control_BRESP    |  out|    2|       s_axi|       control|        scalar|
|ap_clk                 |   in|    1|  ap_ctrl_hs|    kernel_EMO|  return value|
|ap_rst_n               |   in|    1|  ap_ctrl_hs|    kernel_EMO|  return value|
|ap_start               |   in|    1|  ap_ctrl_hs|    kernel_EMO|  return value|
|ap_done                |  out|    1|  ap_ctrl_hs|    kernel_EMO|  return value|
|ap_idle                |  out|    1|  ap_ctrl_hs|    kernel_EMO|  return value|
|ap_ready               |  out|    1|  ap_ctrl_hs|    kernel_EMO|  return value|
|m_axi_gmem0_AWVALID    |  out|    1|       m_axi|         gmem0|       pointer|
|m_axi_gmem0_AWREADY    |   in|    1|       m_axi|         gmem0|       pointer|
|m_axi_gmem0_AWADDR     |  out|   64|       m_axi|         gmem0|       pointer|
|m_axi_gmem0_AWID       |  out|    1|       m_axi|         gmem0|       pointer|
|m_axi_gmem0_AWLEN      |  out|    8|       m_axi|         gmem0|       pointer|
|m_axi_gmem0_AWSIZE     |  out|    3|       m_axi|         gmem0|       pointer|
|m_axi_gmem0_AWBURST    |  out|    2|       m_axi|         gmem0|       pointer|
|m_axi_gmem0_AWLOCK     |  out|    2|       m_axi|         gmem0|       pointer|
|m_axi_gmem0_AWCACHE    |  out|    4|       m_axi|         gmem0|       pointer|
|m_axi_gmem0_AWPROT     |  out|    3|       m_axi|         gmem0|       pointer|
|m_axi_gmem0_AWQOS      |  out|    4|       m_axi|         gmem0|       pointer|
|m_axi_gmem0_AWREGION   |  out|    4|       m_axi|         gmem0|       pointer|
|m_axi_gmem0_AWUSER     |  out|    1|       m_axi|         gmem0|       pointer|
|m_axi_gmem0_WVALID     |  out|    1|       m_axi|         gmem0|       pointer|
|m_axi_gmem0_WREADY     |   in|    1|       m_axi|         gmem0|       pointer|
|m_axi_gmem0_WDATA      |  out|   32|       m_axi|         gmem0|       pointer|
|m_axi_gmem0_WSTRB      |  out|    4|       m_axi|         gmem0|       pointer|
|m_axi_gmem0_WLAST      |  out|    1|       m_axi|         gmem0|       pointer|
|m_axi_gmem0_WID        |  out|    1|       m_axi|         gmem0|       pointer|
|m_axi_gmem0_WUSER      |  out|    1|       m_axi|         gmem0|       pointer|
|m_axi_gmem0_ARVALID    |  out|    1|       m_axi|         gmem0|       pointer|
|m_axi_gmem0_ARREADY    |   in|    1|       m_axi|         gmem0|       pointer|
|m_axi_gmem0_ARADDR     |  out|   64|       m_axi|         gmem0|       pointer|
|m_axi_gmem0_ARID       |  out|    1|       m_axi|         gmem0|       pointer|
|m_axi_gmem0_ARLEN      |  out|    8|       m_axi|         gmem0|       pointer|
|m_axi_gmem0_ARSIZE     |  out|    3|       m_axi|         gmem0|       pointer|
|m_axi_gmem0_ARBURST    |  out|    2|       m_axi|         gmem0|       pointer|
|m_axi_gmem0_ARLOCK     |  out|    2|       m_axi|         gmem0|       pointer|
|m_axi_gmem0_ARCACHE    |  out|    4|       m_axi|         gmem0|       pointer|
|m_axi_gmem0_ARPROT     |  out|    3|       m_axi|         gmem0|       pointer|
|m_axi_gmem0_ARQOS      |  out|    4|       m_axi|         gmem0|       pointer|
|m_axi_gmem0_ARREGION   |  out|    4|       m_axi|         gmem0|       pointer|
|m_axi_gmem0_ARUSER     |  out|    1|       m_axi|         gmem0|       pointer|
|m_axi_gmem0_RVALID     |   in|    1|       m_axi|         gmem0|       pointer|
|m_axi_gmem0_RREADY     |  out|    1|       m_axi|         gmem0|       pointer|
|m_axi_gmem0_RDATA      |   in|   32|       m_axi|         gmem0|       pointer|
|m_axi_gmem0_RLAST      |   in|    1|       m_axi|         gmem0|       pointer|
|m_axi_gmem0_RID        |   in|    1|       m_axi|         gmem0|       pointer|
|m_axi_gmem0_RUSER      |   in|    1|       m_axi|         gmem0|       pointer|
|m_axi_gmem0_RRESP      |   in|    2|       m_axi|         gmem0|       pointer|
|m_axi_gmem0_BVALID     |   in|    1|       m_axi|         gmem0|       pointer|
|m_axi_gmem0_BREADY     |  out|    1|       m_axi|         gmem0|       pointer|
|m_axi_gmem0_BRESP      |   in|    2|       m_axi|         gmem0|       pointer|
|m_axi_gmem0_BID        |   in|    1|       m_axi|         gmem0|       pointer|
|m_axi_gmem0_BUSER      |   in|    1|       m_axi|         gmem0|       pointer|
|m_axi_gmem_AWVALID     |  out|    1|       m_axi|          gmem|       pointer|
|m_axi_gmem_AWREADY     |   in|    1|       m_axi|          gmem|       pointer|
|m_axi_gmem_AWADDR      |  out|   64|       m_axi|          gmem|       pointer|
|m_axi_gmem_AWID        |  out|    1|       m_axi|          gmem|       pointer|
|m_axi_gmem_AWLEN       |  out|    8|       m_axi|          gmem|       pointer|
|m_axi_gmem_AWSIZE      |  out|    3|       m_axi|          gmem|       pointer|
|m_axi_gmem_AWBURST     |  out|    2|       m_axi|          gmem|       pointer|
|m_axi_gmem_AWLOCK      |  out|    2|       m_axi|          gmem|       pointer|
|m_axi_gmem_AWCACHE     |  out|    4|       m_axi|          gmem|       pointer|
|m_axi_gmem_AWPROT      |  out|    3|       m_axi|          gmem|       pointer|
|m_axi_gmem_AWQOS       |  out|    4|       m_axi|          gmem|       pointer|
|m_axi_gmem_AWREGION    |  out|    4|       m_axi|          gmem|       pointer|
|m_axi_gmem_AWUSER      |  out|    1|       m_axi|          gmem|       pointer|
|m_axi_gmem_WVALID      |  out|    1|       m_axi|          gmem|       pointer|
|m_axi_gmem_WREADY      |   in|    1|       m_axi|          gmem|       pointer|
|m_axi_gmem_WDATA       |  out|   32|       m_axi|          gmem|       pointer|
|m_axi_gmem_WSTRB       |  out|    4|       m_axi|          gmem|       pointer|
|m_axi_gmem_WLAST       |  out|    1|       m_axi|          gmem|       pointer|
|m_axi_gmem_WID         |  out|    1|       m_axi|          gmem|       pointer|
|m_axi_gmem_WUSER       |  out|    1|       m_axi|          gmem|       pointer|
|m_axi_gmem_ARVALID     |  out|    1|       m_axi|          gmem|       pointer|
|m_axi_gmem_ARREADY     |   in|    1|       m_axi|          gmem|       pointer|
|m_axi_gmem_ARADDR      |  out|   64|       m_axi|          gmem|       pointer|
|m_axi_gmem_ARID        |  out|    1|       m_axi|          gmem|       pointer|
|m_axi_gmem_ARLEN       |  out|    8|       m_axi|          gmem|       pointer|
|m_axi_gmem_ARSIZE      |  out|    3|       m_axi|          gmem|       pointer|
|m_axi_gmem_ARBURST     |  out|    2|       m_axi|          gmem|       pointer|
|m_axi_gmem_ARLOCK      |  out|    2|       m_axi|          gmem|       pointer|
|m_axi_gmem_ARCACHE     |  out|    4|       m_axi|          gmem|       pointer|
|m_axi_gmem_ARPROT      |  out|    3|       m_axi|          gmem|       pointer|
|m_axi_gmem_ARQOS       |  out|    4|       m_axi|          gmem|       pointer|
|m_axi_gmem_ARREGION    |  out|    4|       m_axi|          gmem|       pointer|
|m_axi_gmem_ARUSER      |  out|    1|       m_axi|          gmem|       pointer|
|m_axi_gmem_RVALID      |   in|    1|       m_axi|          gmem|       pointer|
|m_axi_gmem_RREADY      |  out|    1|       m_axi|          gmem|       pointer|
|m_axi_gmem_RDATA       |   in|   32|       m_axi|          gmem|       pointer|
|m_axi_gmem_RLAST       |   in|    1|       m_axi|          gmem|       pointer|
|m_axi_gmem_RID         |   in|    1|       m_axi|          gmem|       pointer|
|m_axi_gmem_RUSER       |   in|    1|       m_axi|          gmem|       pointer|
|m_axi_gmem_RRESP       |   in|    2|       m_axi|          gmem|       pointer|
|m_axi_gmem_BVALID      |   in|    1|       m_axi|          gmem|       pointer|
|m_axi_gmem_BREADY      |  out|    1|       m_axi|          gmem|       pointer|
|m_axi_gmem_BRESP       |   in|    2|       m_axi|          gmem|       pointer|
|m_axi_gmem_BID         |   in|    1|       m_axi|          gmem|       pointer|
|m_axi_gmem_BUSER       |   in|    1|       m_axi|          gmem|       pointer|
|m_axi_gmem1_AWVALID    |  out|    1|       m_axi|         gmem1|       pointer|
|m_axi_gmem1_AWREADY    |   in|    1|       m_axi|         gmem1|       pointer|
|m_axi_gmem1_AWADDR     |  out|   64|       m_axi|         gmem1|       pointer|
|m_axi_gmem1_AWID       |  out|    1|       m_axi|         gmem1|       pointer|
|m_axi_gmem1_AWLEN      |  out|    8|       m_axi|         gmem1|       pointer|
|m_axi_gmem1_AWSIZE     |  out|    3|       m_axi|         gmem1|       pointer|
|m_axi_gmem1_AWBURST    |  out|    2|       m_axi|         gmem1|       pointer|
|m_axi_gmem1_AWLOCK     |  out|    2|       m_axi|         gmem1|       pointer|
|m_axi_gmem1_AWCACHE    |  out|    4|       m_axi|         gmem1|       pointer|
|m_axi_gmem1_AWPROT     |  out|    3|       m_axi|         gmem1|       pointer|
|m_axi_gmem1_AWQOS      |  out|    4|       m_axi|         gmem1|       pointer|
|m_axi_gmem1_AWREGION   |  out|    4|       m_axi|         gmem1|       pointer|
|m_axi_gmem1_AWUSER     |  out|    1|       m_axi|         gmem1|       pointer|
|m_axi_gmem1_WVALID     |  out|    1|       m_axi|         gmem1|       pointer|
|m_axi_gmem1_WREADY     |   in|    1|       m_axi|         gmem1|       pointer|
|m_axi_gmem1_WDATA      |  out|   32|       m_axi|         gmem1|       pointer|
|m_axi_gmem1_WSTRB      |  out|    4|       m_axi|         gmem1|       pointer|
|m_axi_gmem1_WLAST      |  out|    1|       m_axi|         gmem1|       pointer|
|m_axi_gmem1_WID        |  out|    1|       m_axi|         gmem1|       pointer|
|m_axi_gmem1_WUSER      |  out|    1|       m_axi|         gmem1|       pointer|
|m_axi_gmem1_ARVALID    |  out|    1|       m_axi|         gmem1|       pointer|
|m_axi_gmem1_ARREADY    |   in|    1|       m_axi|         gmem1|       pointer|
|m_axi_gmem1_ARADDR     |  out|   64|       m_axi|         gmem1|       pointer|
|m_axi_gmem1_ARID       |  out|    1|       m_axi|         gmem1|       pointer|
|m_axi_gmem1_ARLEN      |  out|    8|       m_axi|         gmem1|       pointer|
|m_axi_gmem1_ARSIZE     |  out|    3|       m_axi|         gmem1|       pointer|
|m_axi_gmem1_ARBURST    |  out|    2|       m_axi|         gmem1|       pointer|
|m_axi_gmem1_ARLOCK     |  out|    2|       m_axi|         gmem1|       pointer|
|m_axi_gmem1_ARCACHE    |  out|    4|       m_axi|         gmem1|       pointer|
|m_axi_gmem1_ARPROT     |  out|    3|       m_axi|         gmem1|       pointer|
|m_axi_gmem1_ARQOS      |  out|    4|       m_axi|         gmem1|       pointer|
|m_axi_gmem1_ARREGION   |  out|    4|       m_axi|         gmem1|       pointer|
|m_axi_gmem1_ARUSER     |  out|    1|       m_axi|         gmem1|       pointer|
|m_axi_gmem1_RVALID     |   in|    1|       m_axi|         gmem1|       pointer|
|m_axi_gmem1_RREADY     |  out|    1|       m_axi|         gmem1|       pointer|
|m_axi_gmem1_RDATA      |   in|   32|       m_axi|         gmem1|       pointer|
|m_axi_gmem1_RLAST      |   in|    1|       m_axi|         gmem1|       pointer|
|m_axi_gmem1_RID        |   in|    1|       m_axi|         gmem1|       pointer|
|m_axi_gmem1_RUSER      |   in|    1|       m_axi|         gmem1|       pointer|
|m_axi_gmem1_RRESP      |   in|    2|       m_axi|         gmem1|       pointer|
|m_axi_gmem1_BVALID     |   in|    1|       m_axi|         gmem1|       pointer|
|m_axi_gmem1_BREADY     |  out|    1|       m_axi|         gmem1|       pointer|
|m_axi_gmem1_BRESP      |   in|    2|       m_axi|         gmem1|       pointer|
|m_axi_gmem1_BID        |   in|    1|       m_axi|         gmem1|       pointer|
|m_axi_gmem1_BUSER      |   in|    1|       m_axi|         gmem1|       pointer|
|m_axi_gmem2_AWVALID    |  out|    1|       m_axi|         gmem2|       pointer|
|m_axi_gmem2_AWREADY    |   in|    1|       m_axi|         gmem2|       pointer|
|m_axi_gmem2_AWADDR     |  out|   64|       m_axi|         gmem2|       pointer|
|m_axi_gmem2_AWID       |  out|    1|       m_axi|         gmem2|       pointer|
|m_axi_gmem2_AWLEN      |  out|    8|       m_axi|         gmem2|       pointer|
|m_axi_gmem2_AWSIZE     |  out|    3|       m_axi|         gmem2|       pointer|
|m_axi_gmem2_AWBURST    |  out|    2|       m_axi|         gmem2|       pointer|
|m_axi_gmem2_AWLOCK     |  out|    2|       m_axi|         gmem2|       pointer|
|m_axi_gmem2_AWCACHE    |  out|    4|       m_axi|         gmem2|       pointer|
|m_axi_gmem2_AWPROT     |  out|    3|       m_axi|         gmem2|       pointer|
|m_axi_gmem2_AWQOS      |  out|    4|       m_axi|         gmem2|       pointer|
|m_axi_gmem2_AWREGION   |  out|    4|       m_axi|         gmem2|       pointer|
|m_axi_gmem2_AWUSER     |  out|    1|       m_axi|         gmem2|       pointer|
|m_axi_gmem2_WVALID     |  out|    1|       m_axi|         gmem2|       pointer|
|m_axi_gmem2_WREADY     |   in|    1|       m_axi|         gmem2|       pointer|
|m_axi_gmem2_WDATA      |  out|   32|       m_axi|         gmem2|       pointer|
|m_axi_gmem2_WSTRB      |  out|    4|       m_axi|         gmem2|       pointer|
|m_axi_gmem2_WLAST      |  out|    1|       m_axi|         gmem2|       pointer|
|m_axi_gmem2_WID        |  out|    1|       m_axi|         gmem2|       pointer|
|m_axi_gmem2_WUSER      |  out|    1|       m_axi|         gmem2|       pointer|
|m_axi_gmem2_ARVALID    |  out|    1|       m_axi|         gmem2|       pointer|
|m_axi_gmem2_ARREADY    |   in|    1|       m_axi|         gmem2|       pointer|
|m_axi_gmem2_ARADDR     |  out|   64|       m_axi|         gmem2|       pointer|
|m_axi_gmem2_ARID       |  out|    1|       m_axi|         gmem2|       pointer|
|m_axi_gmem2_ARLEN      |  out|    8|       m_axi|         gmem2|       pointer|
|m_axi_gmem2_ARSIZE     |  out|    3|       m_axi|         gmem2|       pointer|
|m_axi_gmem2_ARBURST    |  out|    2|       m_axi|         gmem2|       pointer|
|m_axi_gmem2_ARLOCK     |  out|    2|       m_axi|         gmem2|       pointer|
|m_axi_gmem2_ARCACHE    |  out|    4|       m_axi|         gmem2|       pointer|
|m_axi_gmem2_ARPROT     |  out|    3|       m_axi|         gmem2|       pointer|
|m_axi_gmem2_ARQOS      |  out|    4|       m_axi|         gmem2|       pointer|
|m_axi_gmem2_ARREGION   |  out|    4|       m_axi|         gmem2|       pointer|
|m_axi_gmem2_ARUSER     |  out|    1|       m_axi|         gmem2|       pointer|
|m_axi_gmem2_RVALID     |   in|    1|       m_axi|         gmem2|       pointer|
|m_axi_gmem2_RREADY     |  out|    1|       m_axi|         gmem2|       pointer|
|m_axi_gmem2_RDATA      |   in|   32|       m_axi|         gmem2|       pointer|
|m_axi_gmem2_RLAST      |   in|    1|       m_axi|         gmem2|       pointer|
|m_axi_gmem2_RID        |   in|    1|       m_axi|         gmem2|       pointer|
|m_axi_gmem2_RUSER      |   in|    1|       m_axi|         gmem2|       pointer|
|m_axi_gmem2_RRESP      |   in|    2|       m_axi|         gmem2|       pointer|
|m_axi_gmem2_BVALID     |   in|    1|       m_axi|         gmem2|       pointer|
|m_axi_gmem2_BREADY     |  out|    1|       m_axi|         gmem2|       pointer|
|m_axi_gmem2_BRESP      |   in|    2|       m_axi|         gmem2|       pointer|
|m_axi_gmem2_BID        |   in|    1|       m_axi|         gmem2|       pointer|
|m_axi_gmem2_BUSER      |   in|    1|       m_axi|         gmem2|       pointer|
|m_axi_gmem3_AWVALID    |  out|    1|       m_axi|         gmem3|       pointer|
|m_axi_gmem3_AWREADY    |   in|    1|       m_axi|         gmem3|       pointer|
|m_axi_gmem3_AWADDR     |  out|   64|       m_axi|         gmem3|       pointer|
|m_axi_gmem3_AWID       |  out|    1|       m_axi|         gmem3|       pointer|
|m_axi_gmem3_AWLEN      |  out|    8|       m_axi|         gmem3|       pointer|
|m_axi_gmem3_AWSIZE     |  out|    3|       m_axi|         gmem3|       pointer|
|m_axi_gmem3_AWBURST    |  out|    2|       m_axi|         gmem3|       pointer|
|m_axi_gmem3_AWLOCK     |  out|    2|       m_axi|         gmem3|       pointer|
|m_axi_gmem3_AWCACHE    |  out|    4|       m_axi|         gmem3|       pointer|
|m_axi_gmem3_AWPROT     |  out|    3|       m_axi|         gmem3|       pointer|
|m_axi_gmem3_AWQOS      |  out|    4|       m_axi|         gmem3|       pointer|
|m_axi_gmem3_AWREGION   |  out|    4|       m_axi|         gmem3|       pointer|
|m_axi_gmem3_AWUSER     |  out|    1|       m_axi|         gmem3|       pointer|
|m_axi_gmem3_WVALID     |  out|    1|       m_axi|         gmem3|       pointer|
|m_axi_gmem3_WREADY     |   in|    1|       m_axi|         gmem3|       pointer|
|m_axi_gmem3_WDATA      |  out|   32|       m_axi|         gmem3|       pointer|
|m_axi_gmem3_WSTRB      |  out|    4|       m_axi|         gmem3|       pointer|
|m_axi_gmem3_WLAST      |  out|    1|       m_axi|         gmem3|       pointer|
|m_axi_gmem3_WID        |  out|    1|       m_axi|         gmem3|       pointer|
|m_axi_gmem3_WUSER      |  out|    1|       m_axi|         gmem3|       pointer|
|m_axi_gmem3_ARVALID    |  out|    1|       m_axi|         gmem3|       pointer|
|m_axi_gmem3_ARREADY    |   in|    1|       m_axi|         gmem3|       pointer|
|m_axi_gmem3_ARADDR     |  out|   64|       m_axi|         gmem3|       pointer|
|m_axi_gmem3_ARID       |  out|    1|       m_axi|         gmem3|       pointer|
|m_axi_gmem3_ARLEN      |  out|    8|       m_axi|         gmem3|       pointer|
|m_axi_gmem3_ARSIZE     |  out|    3|       m_axi|         gmem3|       pointer|
|m_axi_gmem3_ARBURST    |  out|    2|       m_axi|         gmem3|       pointer|
|m_axi_gmem3_ARLOCK     |  out|    2|       m_axi|         gmem3|       pointer|
|m_axi_gmem3_ARCACHE    |  out|    4|       m_axi|         gmem3|       pointer|
|m_axi_gmem3_ARPROT     |  out|    3|       m_axi|         gmem3|       pointer|
|m_axi_gmem3_ARQOS      |  out|    4|       m_axi|         gmem3|       pointer|
|m_axi_gmem3_ARREGION   |  out|    4|       m_axi|         gmem3|       pointer|
|m_axi_gmem3_ARUSER     |  out|    1|       m_axi|         gmem3|       pointer|
|m_axi_gmem3_RVALID     |   in|    1|       m_axi|         gmem3|       pointer|
|m_axi_gmem3_RREADY     |  out|    1|       m_axi|         gmem3|       pointer|
|m_axi_gmem3_RDATA      |   in|   32|       m_axi|         gmem3|       pointer|
|m_axi_gmem3_RLAST      |   in|    1|       m_axi|         gmem3|       pointer|
|m_axi_gmem3_RID        |   in|    1|       m_axi|         gmem3|       pointer|
|m_axi_gmem3_RUSER      |   in|    1|       m_axi|         gmem3|       pointer|
|m_axi_gmem3_RRESP      |   in|    2|       m_axi|         gmem3|       pointer|
|m_axi_gmem3_BVALID     |   in|    1|       m_axi|         gmem3|       pointer|
|m_axi_gmem3_BREADY     |  out|    1|       m_axi|         gmem3|       pointer|
|m_axi_gmem3_BRESP      |   in|    2|       m_axi|         gmem3|       pointer|
|m_axi_gmem3_BID        |   in|    1|       m_axi|         gmem3|       pointer|
|m_axi_gmem3_BUSER      |   in|    1|       m_axi|         gmem3|       pointer|
+-----------------------+-----+-----+------------+--------------+--------------+

