

================================================================
== Vitis HLS Report for 'kernel_stage0_1_Pipeline_SiLU1'
================================================================
* Date:           Sat Nov  4 13:53:06 2023

* Version:        2022.1 (Build 3526262 on Mon Apr 18 15:47:01 MDT 2022)
* Project:        proj_kernel_EMO
* Solution:       solution1 (Vivado IP Flow Target)
* Product family: virtexuplus
* Target device:  xcu250-figd2104-2L-e


================================================================
== Performance Estimates
================================================================
+ Timing: 
    * Summary: 
    +--------+----------+-----------+------------+
    |  Clock |  Target  | Estimated | Uncertainty|
    +--------+----------+-----------+------------+
    |ap_clk  |  15.00 ns|  10.950 ns|     4.05 ns|
    +--------+----------+-----------+------------+

+ Latency: 
    * Summary: 
    +---------+---------+----------+----------+-----+-----+---------+
    |  Latency (cycles) |  Latency (absolute) |  Interval | Pipeline|
    |   min   |   max   |    min   |    max   | min | max |   Type  |
    +---------+---------+----------+----------+-----+-----+---------+
    |       52|       52|  0.780 us|  0.780 us|   52|   52|       no|
    +---------+---------+----------+----------+-----+-----+---------+

    + Detail: 
        * Instance: 
        N/A

        * Loop: 
        +----------+---------+---------+----------+-----------+-----------+------+----------+
        |          |  Latency (cycles) | Iteration|  Initiation Interval  | Trip |          |
        | Loop Name|   min   |   max   |  Latency |  achieved |   target  | Count| Pipelined|
        +----------+---------+---------+----------+-----------+-----------+------+----------+
        |- SiLU    |       50|       50|        28|          1|          1|    24|       yes|
        +----------+---------+---------+----------+-----------+-----------+------+----------+



================================================================
== Utilization Estimates
================================================================
* Summary: 
+---------------------+---------+-------+---------+---------+------+
|         Name        | BRAM_18K|  DSP  |    FF   |   LUT   | URAM |
+---------------------+---------+-------+---------+---------+------+
|DSP                  |        -|      -|        -|        -|     -|
|Expression           |        -|      -|        0|      194|     -|
|FIFO                 |        -|      -|        -|        -|     -|
|Instance             |        -|      -|        -|        -|     -|
|Memory               |        -|      -|        -|        -|     -|
|Multiplexer          |        -|      -|        -|       81|     -|
|Register             |        -|      -|      477|       64|     -|
+---------------------+---------+-------+---------+---------+------+
|Total                |        0|      0|      477|      339|     0|
+---------------------+---------+-------+---------+---------+------+
|Available SLR        |     1344|   3072|   864000|   432000|   320|
+---------------------+---------+-------+---------+---------+------+
|Utilization SLR (%)  |        0|      0|       ~0|       ~0|     0|
+---------------------+---------+-------+---------+---------+------+
|Available            |     5376|  12288|  3456000|  1728000|  1280|
+---------------------+---------+-------+---------+---------+------+
|Utilization (%)      |        0|      0|       ~0|       ~0|     0|
+---------------------+---------+-------+---------+---------+------+

+ Detail: 
    * Instance: 
    N/A

    * DSP: 
    N/A

    * Memory: 
    N/A

    * FIFO: 
    N/A

    * Expression: 
    +---------------------------+----------+----+---+----+------------+------------+
    |       Variable Name       | Operation| DSP| FF| LUT| Bitwidth P0| Bitwidth P1|
    +---------------------------+----------+----+---+----+------------+------------+
    |add_ln12_fu_177_p2         |         +|   0|  0|  71|          64|          64|
    |add_ln13_fu_203_p2         |         +|   0|  0|  71|          64|          64|
    |add_ln9_fu_229_p2          |         +|   0|  0|  13|           6|           2|
    |ap_block_pp0_stage0_00001  |        or|   0|  0|   2|           1|           1|
    |ap_block_pp0_stage0_11001  |        or|   0|  0|   2|           1|           1|
    |ap_enable_pp0              |       xor|   0|  0|   2|           1|           2|
    |xor_ln13_fu_240_p2         |       xor|   0|  0|  33|          32|          33|
    +---------------------------+----------+----+---+----+------------+------------+
    |Total                      |          |   0|  0| 194|         169|         167|
    +---------------------------+----------+----+---+----+------------+------------+

    * Multiplexer: 
    +-------------------------+----+-----------+-----+-----------+
    |           Name          | LUT| Input Size| Bits| Total Bits|
    +-------------------------+----+-----------+-----+-----------+
    |ap_done_int              |   9|          2|    1|          2|
    |ap_enable_reg_pp0_iter1  |   9|          2|    1|          2|
    |ap_sig_allocacmp_i_1     |   9|          2|    6|         12|
    |gmem0_blk_n_AW           |   9|          2|    1|          2|
    |gmem0_blk_n_B            |   9|          2|    1|          2|
    |gmem0_blk_n_W            |   9|          2|    1|          2|
    |gmem3_blk_n_AR           |   9|          2|    1|          2|
    |gmem3_blk_n_R            |   9|          2|    1|          2|
    |i_fu_82                  |   9|          2|    6|         12|
    +-------------------------+----+-----------+-----+-----------+
    |Total                    |  81|         18|   19|         38|
    +-------------------------+----+-----------+-----+-----------+

    * Register: 
    +-----------------------------------+----+----+-----+-----------+
    |                Name               | FF | LUT| Bits| Const Bits|
    +-----------------------------------+----+----+-----+-----------+
    |add_i1_reg_297                     |  32|   0|   32|          0|
    |ap_CS_fsm                          |   1|   0|    1|          0|
    |ap_done_reg                        |   1|   0|    1|          0|
    |ap_enable_reg_pp0_iter1            |   1|   0|    1|          0|
    |ap_enable_reg_pp0_iter10           |   1|   0|    1|          0|
    |ap_enable_reg_pp0_iter11           |   1|   0|    1|          0|
    |ap_enable_reg_pp0_iter12           |   1|   0|    1|          0|
    |ap_enable_reg_pp0_iter13           |   1|   0|    1|          0|
    |ap_enable_reg_pp0_iter14           |   1|   0|    1|          0|
    |ap_enable_reg_pp0_iter15           |   1|   0|    1|          0|
    |ap_enable_reg_pp0_iter16           |   1|   0|    1|          0|
    |ap_enable_reg_pp0_iter17           |   1|   0|    1|          0|
    |ap_enable_reg_pp0_iter18           |   1|   0|    1|          0|
    |ap_enable_reg_pp0_iter19           |   1|   0|    1|          0|
    |ap_enable_reg_pp0_iter2            |   1|   0|    1|          0|
    |ap_enable_reg_pp0_iter20           |   1|   0|    1|          0|
    |ap_enable_reg_pp0_iter21           |   1|   0|    1|          0|
    |ap_enable_reg_pp0_iter22           |   1|   0|    1|          0|
    |ap_enable_reg_pp0_iter23           |   1|   0|    1|          0|
    |ap_enable_reg_pp0_iter24           |   1|   0|    1|          0|
    |ap_enable_reg_pp0_iter25           |   1|   0|    1|          0|
    |ap_enable_reg_pp0_iter26           |   1|   0|    1|          0|
    |ap_enable_reg_pp0_iter27           |   1|   0|    1|          0|
    |ap_enable_reg_pp0_iter3            |   1|   0|    1|          0|
    |ap_enable_reg_pp0_iter4            |   1|   0|    1|          0|
    |ap_enable_reg_pp0_iter5            |   1|   0|    1|          0|
    |ap_enable_reg_pp0_iter6            |   1|   0|    1|          0|
    |ap_enable_reg_pp0_iter7            |   1|   0|    1|          0|
    |ap_enable_reg_pp0_iter8            |   1|   0|    1|          0|
    |ap_enable_reg_pp0_iter9            |   1|   0|    1|          0|
    |ap_loop_exit_ready_pp0_iter10_reg  |   1|   0|    1|          0|
    |ap_loop_exit_ready_pp0_iter11_reg  |   1|   0|    1|          0|
    |ap_loop_exit_ready_pp0_iter12_reg  |   1|   0|    1|          0|
    |ap_loop_exit_ready_pp0_iter13_reg  |   1|   0|    1|          0|
    |ap_loop_exit_ready_pp0_iter14_reg  |   1|   0|    1|          0|
    |ap_loop_exit_ready_pp0_iter15_reg  |   1|   0|    1|          0|
    |ap_loop_exit_ready_pp0_iter16_reg  |   1|   0|    1|          0|
    |ap_loop_exit_ready_pp0_iter17_reg  |   1|   0|    1|          0|
    |ap_loop_exit_ready_pp0_iter18_reg  |   1|   0|    1|          0|
    |ap_loop_exit_ready_pp0_iter19_reg  |   1|   0|    1|          0|
    |ap_loop_exit_ready_pp0_iter1_reg   |   1|   0|    1|          0|
    |ap_loop_exit_ready_pp0_iter20_reg  |   1|   0|    1|          0|
    |ap_loop_exit_ready_pp0_iter21_reg  |   1|   0|    1|          0|
    |ap_loop_exit_ready_pp0_iter22_reg  |   1|   0|    1|          0|
    |ap_loop_exit_ready_pp0_iter23_reg  |   1|   0|    1|          0|
    |ap_loop_exit_ready_pp0_iter24_reg  |   1|   0|    1|          0|
    |ap_loop_exit_ready_pp0_iter25_reg  |   1|   0|    1|          0|
    |ap_loop_exit_ready_pp0_iter26_reg  |   1|   0|    1|          0|
    |ap_loop_exit_ready_pp0_iter2_reg   |   1|   0|    1|          0|
    |ap_loop_exit_ready_pp0_iter3_reg   |   1|   0|    1|          0|
    |ap_loop_exit_ready_pp0_iter4_reg   |   1|   0|    1|          0|
    |ap_loop_exit_ready_pp0_iter5_reg   |   1|   0|    1|          0|
    |ap_loop_exit_ready_pp0_iter6_reg   |   1|   0|    1|          0|
    |ap_loop_exit_ready_pp0_iter7_reg   |   1|   0|    1|          0|
    |ap_loop_exit_ready_pp0_iter8_reg   |   1|   0|    1|          0|
    |ap_loop_exit_ready_pp0_iter9_reg   |   1|   0|    1|          0|
    |div_i1_reg_302                     |  32|   0|   32|          0|
    |gmem0_addr_reg_275                 |  64|   0|   64|          0|
    |gmem3_addr_read_reg_281            |  32|   0|   32|          0|
    |gmem3_addr_reg_269                 |  64|   0|   64|          0|
    |i_fu_82                            |   6|   0|    6|          0|
    |mul8_i1_reg_312                    |  32|   0|   32|          0|
    |tmp_1_reg_292                      |  32|   0|   32|          0|
    |gmem0_addr_reg_275                 |  64|  32|   64|          0|
    |gmem3_addr_read_reg_281            |  64|  32|   32|          0|
    +-----------------------------------+----+----+-----+-----------+
    |Total                              | 477|  64|  445|          0|
    +-----------------------------------+----+----+-----+-----------+



================================================================
== Interface
================================================================
* Summary: 
+----------------------+-----+-----+------------+--------------------------------+--------------+
|       RTL Ports      | Dir | Bits|  Protocol  |          Source Object         |    C Type    |
+----------------------+-----+-----+------------+--------------------------------+--------------+
|ap_clk                |   in|    1|  ap_ctrl_hs|  kernel_stage0.1_Pipeline_SiLU1|  return value|
|ap_rst                |   in|    1|  ap_ctrl_hs|  kernel_stage0.1_Pipeline_SiLU1|  return value|
|ap_start              |   in|    1|  ap_ctrl_hs|  kernel_stage0.1_Pipeline_SiLU1|  return value|
|ap_done               |  out|    1|  ap_ctrl_hs|  kernel_stage0.1_Pipeline_SiLU1|  return value|
|ap_idle               |  out|    1|  ap_ctrl_hs|  kernel_stage0.1_Pipeline_SiLU1|  return value|
|ap_ready              |  out|    1|  ap_ctrl_hs|  kernel_stage0.1_Pipeline_SiLU1|  return value|
|grp_fu_1026_p_din0    |  out|   32|  ap_ctrl_hs|  kernel_stage0.1_Pipeline_SiLU1|  return value|
|grp_fu_1026_p_din1    |  out|   32|  ap_ctrl_hs|  kernel_stage0.1_Pipeline_SiLU1|  return value|
|grp_fu_1026_p_opcode  |  out|    2|  ap_ctrl_hs|  kernel_stage0.1_Pipeline_SiLU1|  return value|
|grp_fu_1026_p_dout0   |   in|   32|  ap_ctrl_hs|  kernel_stage0.1_Pipeline_SiLU1|  return value|
|grp_fu_1026_p_ce      |  out|    1|  ap_ctrl_hs|  kernel_stage0.1_Pipeline_SiLU1|  return value|
|grp_fu_1022_p_din0    |  out|   32|  ap_ctrl_hs|  kernel_stage0.1_Pipeline_SiLU1|  return value|
|grp_fu_1022_p_din1    |  out|   32|  ap_ctrl_hs|  kernel_stage0.1_Pipeline_SiLU1|  return value|
|grp_fu_1022_p_dout0   |   in|   32|  ap_ctrl_hs|  kernel_stage0.1_Pipeline_SiLU1|  return value|
|grp_fu_1022_p_ce      |  out|    1|  ap_ctrl_hs|  kernel_stage0.1_Pipeline_SiLU1|  return value|
|grp_fu_592_p_din0     |  out|   32|  ap_ctrl_hs|  kernel_stage0.1_Pipeline_SiLU1|  return value|
|grp_fu_592_p_din1     |  out|   32|  ap_ctrl_hs|  kernel_stage0.1_Pipeline_SiLU1|  return value|
|grp_fu_592_p_dout0    |   in|   32|  ap_ctrl_hs|  kernel_stage0.1_Pipeline_SiLU1|  return value|
|grp_fu_592_p_ce       |  out|    1|  ap_ctrl_hs|  kernel_stage0.1_Pipeline_SiLU1|  return value|
|grp_fu_1030_p_din0    |  out|   32|  ap_ctrl_hs|  kernel_stage0.1_Pipeline_SiLU1|  return value|
|grp_fu_1030_p_din1    |  out|   32|  ap_ctrl_hs|  kernel_stage0.1_Pipeline_SiLU1|  return value|
|grp_fu_1030_p_dout0   |   in|   32|  ap_ctrl_hs|  kernel_stage0.1_Pipeline_SiLU1|  return value|
|grp_fu_1030_p_ce      |  out|    1|  ap_ctrl_hs|  kernel_stage0.1_Pipeline_SiLU1|  return value|
|m_axi_gmem3_AWVALID   |  out|    1|       m_axi|                           gmem3|       pointer|
|m_axi_gmem3_AWREADY   |   in|    1|       m_axi|                           gmem3|       pointer|
|m_axi_gmem3_AWADDR    |  out|   64|       m_axi|                           gmem3|       pointer|
|m_axi_gmem3_AWID      |  out|    1|       m_axi|                           gmem3|       pointer|
|m_axi_gmem3_AWLEN     |  out|   32|       m_axi|                           gmem3|       pointer|
|m_axi_gmem3_AWSIZE    |  out|    3|       m_axi|                           gmem3|       pointer|
|m_axi_gmem3_AWBURST   |  out|    2|       m_axi|                           gmem3|       pointer|
|m_axi_gmem3_AWLOCK    |  out|    2|       m_axi|                           gmem3|       pointer|
|m_axi_gmem3_AWCACHE   |  out|    4|       m_axi|                           gmem3|       pointer|
|m_axi_gmem3_AWPROT    |  out|    3|       m_axi|                           gmem3|       pointer|
|m_axi_gmem3_AWQOS     |  out|    4|       m_axi|                           gmem3|       pointer|
|m_axi_gmem3_AWREGION  |  out|    4|       m_axi|                           gmem3|       pointer|
|m_axi_gmem3_AWUSER    |  out|    1|       m_axi|                           gmem3|       pointer|
|m_axi_gmem3_WVALID    |  out|    1|       m_axi|                           gmem3|       pointer|
|m_axi_gmem3_WREADY    |   in|    1|       m_axi|                           gmem3|       pointer|
|m_axi_gmem3_WDATA     |  out|   32|       m_axi|                           gmem3|       pointer|
|m_axi_gmem3_WSTRB     |  out|    4|       m_axi|                           gmem3|       pointer|
|m_axi_gmem3_WLAST     |  out|    1|       m_axi|                           gmem3|       pointer|
|m_axi_gmem3_WID       |  out|    1|       m_axi|                           gmem3|       pointer|
|m_axi_gmem3_WUSER     |  out|    1|       m_axi|                           gmem3|       pointer|
|m_axi_gmem3_ARVALID   |  out|    1|       m_axi|                           gmem3|       pointer|
|m_axi_gmem3_ARREADY   |   in|    1|       m_axi|                           gmem3|       pointer|
|m_axi_gmem3_ARADDR    |  out|   64|       m_axi|                           gmem3|       pointer|
|m_axi_gmem3_ARID      |  out|    1|       m_axi|                           gmem3|       pointer|
|m_axi_gmem3_ARLEN     |  out|   32|       m_axi|                           gmem3|       pointer|
|m_axi_gmem3_ARSIZE    |  out|    3|       m_axi|                           gmem3|       pointer|
|m_axi_gmem3_ARBURST   |  out|    2|       m_axi|                           gmem3|       pointer|
|m_axi_gmem3_ARLOCK    |  out|    2|       m_axi|                           gmem3|       pointer|
|m_axi_gmem3_ARCACHE   |  out|    4|       m_axi|                           gmem3|       pointer|
|m_axi_gmem3_ARPROT    |  out|    3|       m_axi|                           gmem3|       pointer|
|m_axi_gmem3_ARQOS     |  out|    4|       m_axi|                           gmem3|       pointer|
|m_axi_gmem3_ARREGION  |  out|    4|       m_axi|                           gmem3|       pointer|
|m_axi_gmem3_ARUSER    |  out|    1|       m_axi|                           gmem3|       pointer|
|m_axi_gmem3_RVALID    |   in|    1|       m_axi|                           gmem3|       pointer|
|m_axi_gmem3_RREADY    |  out|    1|       m_axi|                           gmem3|       pointer|
|m_axi_gmem3_RDATA     |   in|   32|       m_axi|                           gmem3|       pointer|
|m_axi_gmem3_RLAST     |   in|    1|       m_axi|                           gmem3|       pointer|
|m_axi_gmem3_RID       |   in|    1|       m_axi|                           gmem3|       pointer|
|m_axi_gmem3_RFIFONUM  |   in|    9|       m_axi|                           gmem3|       pointer|
|m_axi_gmem3_RUSER     |   in|    1|       m_axi|                           gmem3|       pointer|
|m_axi_gmem3_RRESP     |   in|    2|       m_axi|                           gmem3|       pointer|
|m_axi_gmem3_BVALID    |   in|    1|       m_axi|                           gmem3|       pointer|
|m_axi_gmem3_BREADY    |  out|    1|       m_axi|                           gmem3|       pointer|
|m_axi_gmem3_BRESP     |   in|    2|       m_axi|                           gmem3|       pointer|
|m_axi_gmem3_BID       |   in|    1|       m_axi|                           gmem3|       pointer|
|m_axi_gmem3_BUSER     |   in|    1|       m_axi|                           gmem3|       pointer|
|m_axi_gmem0_AWVALID   |  out|    1|       m_axi|                           gmem0|       pointer|
|m_axi_gmem0_AWREADY   |   in|    1|       m_axi|                           gmem0|       pointer|
|m_axi_gmem0_AWADDR    |  out|   64|       m_axi|                           gmem0|       pointer|
|m_axi_gmem0_AWID      |  out|    1|       m_axi|                           gmem0|       pointer|
|m_axi_gmem0_AWLEN     |  out|   32|       m_axi|                           gmem0|       pointer|
|m_axi_gmem0_AWSIZE    |  out|    3|       m_axi|                           gmem0|       pointer|
|m_axi_gmem0_AWBURST   |  out|    2|       m_axi|                           gmem0|       pointer|
|m_axi_gmem0_AWLOCK    |  out|    2|       m_axi|                           gmem0|       pointer|
|m_axi_gmem0_AWCACHE   |  out|    4|       m_axi|                           gmem0|       pointer|
|m_axi_gmem0_AWPROT    |  out|    3|       m_axi|                           gmem0|       pointer|
|m_axi_gmem0_AWQOS     |  out|    4|       m_axi|                           gmem0|       pointer|
|m_axi_gmem0_AWREGION  |  out|    4|       m_axi|                           gmem0|       pointer|
|m_axi_gmem0_AWUSER    |  out|    1|       m_axi|                           gmem0|       pointer|
|m_axi_gmem0_WVALID    |  out|    1|       m_axi|                           gmem0|       pointer|
|m_axi_gmem0_WREADY    |   in|    1|       m_axi|                           gmem0|       pointer|
|m_axi_gmem0_WDATA     |  out|   32|       m_axi|                           gmem0|       pointer|
|m_axi_gmem0_WSTRB     |  out|    4|       m_axi|                           gmem0|       pointer|
|m_axi_gmem0_WLAST     |  out|    1|       m_axi|                           gmem0|       pointer|
|m_axi_gmem0_WID       |  out|    1|       m_axi|                           gmem0|       pointer|
|m_axi_gmem0_WUSER     |  out|    1|       m_axi|                           gmem0|       pointer|
|m_axi_gmem0_ARVALID   |  out|    1|       m_axi|                           gmem0|       pointer|
|m_axi_gmem0_ARREADY   |   in|    1|       m_axi|                           gmem0|       pointer|
|m_axi_gmem0_ARADDR    |  out|   64|       m_axi|                           gmem0|       pointer|
|m_axi_gmem0_ARID      |  out|    1|       m_axi|                           gmem0|       pointer|
|m_axi_gmem0_ARLEN     |  out|   32|       m_axi|                           gmem0|       pointer|
|m_axi_gmem0_ARSIZE    |  out|    3|       m_axi|                           gmem0|       pointer|
|m_axi_gmem0_ARBURST   |  out|    2|       m_axi|                           gmem0|       pointer|
|m_axi_gmem0_ARLOCK    |  out|    2|       m_axi|                           gmem0|       pointer|
|m_axi_gmem0_ARCACHE   |  out|    4|       m_axi|                           gmem0|       pointer|
|m_axi_gmem0_ARPROT    |  out|    3|       m_axi|                           gmem0|       pointer|
|m_axi_gmem0_ARQOS     |  out|    4|       m_axi|                           gmem0|       pointer|
|m_axi_gmem0_ARREGION  |  out|    4|       m_axi|                           gmem0|       pointer|
|m_axi_gmem0_ARUSER    |  out|    1|       m_axi|                           gmem0|       pointer|
|m_axi_gmem0_RVALID    |   in|    1|       m_axi|                           gmem0|       pointer|
|m_axi_gmem0_RREADY    |  out|    1|       m_axi|                           gmem0|       pointer|
|m_axi_gmem0_RDATA     |   in|   32|       m_axi|                           gmem0|       pointer|
|m_axi_gmem0_RLAST     |   in|    1|       m_axi|                           gmem0|       pointer|
|m_axi_gmem0_RID       |   in|    1|       m_axi|                           gmem0|       pointer|
|m_axi_gmem0_RFIFONUM  |   in|    9|       m_axi|                           gmem0|       pointer|
|m_axi_gmem0_RUSER     |   in|    1|       m_axi|                           gmem0|       pointer|
|m_axi_gmem0_RRESP     |   in|    2|       m_axi|                           gmem0|       pointer|
|m_axi_gmem0_BVALID    |   in|    1|       m_axi|                           gmem0|       pointer|
|m_axi_gmem0_BREADY    |  out|    1|       m_axi|                           gmem0|       pointer|
|m_axi_gmem0_BRESP     |   in|    2|       m_axi|                           gmem0|       pointer|
|m_axi_gmem0_BID       |   in|    1|       m_axi|                           gmem0|       pointer|
|m_axi_gmem0_BUSER     |   in|    1|       m_axi|                           gmem0|       pointer|
|Y_se_reduce           |   in|   64|     ap_none|                     Y_se_reduce|        scalar|
|Y_se_act              |   in|   64|     ap_none|                        Y_se_act|        scalar|
+----------------------+-----+-----+------------+--------------------------------+--------------+

