

================================================================
== Vitis HLS Report for 'DW_conv_1_2_3_12_1'
================================================================
* Date:           Mon Oct 16 16:29:40 2023

* Version:        2022.1 (Build 3526262 on Mon Apr 18 15:47:01 MDT 2022)
* Project:        proj_stage0_kernel
* Solution:       solution1 (Vivado IP Flow Target)
* Product family: virtexuplus
* Target device:  xcu250-figd2104-2L-e


================================================================
== Performance Estimates
================================================================
+ Timing: 
    * Summary: 
    +--------+----------+-----------+------------+
    |  Clock |  Target  | Estimated | Uncertainty|
    +--------+----------+-----------+------------+
    |ap_clk  |  15.00 ns|  10.950 ns|     4.05 ns|
    +--------+----------+-----------+------------+

+ Latency: 
    * Summary: 
    +---------+---------+----------+----------+-----+-----+---------+
    |  Latency (cycles) |  Latency (absolute) |  Interval | Pipeline|
    |   min   |   max   |    min   |    max   | min | max |   Type  |
    +---------+---------+----------+----------+-----+-----+---------+
    |        ?|        ?|         ?|         ?|    ?|    ?|       no|
    +---------+---------+----------+----------+-----+-----+---------+

    + Detail: 
        * Instance: 
        +---------------------------------------------------+----------------------------------------+---------+---------+----------+----------+-----+-----+---------+
        |                                                   |                                        |  Latency (cycles) |  Latency (absolute) |  Interval | Pipeline|
        |                      Instance                     |                 Module                 |   min   |   max   |    min   |    max   | min | max |   Type  |
        +---------------------------------------------------+----------------------------------------+---------+---------+----------+----------+-----+-----+---------+
        |grp_DW_conv_1_2_3_12_1_Pipeline_In_Channel_fu_332  |DW_conv_1_2_3_12_1_Pipeline_In_Channel  |        ?|        ?|         ?|         ?|    ?|    ?|       no|
        +---------------------------------------------------+----------------------------------------+---------+---------+----------+----------+-----+-----+---------+

        * Loop: 
        +---------------------------------+---------+---------+----------+-----------+-----------+--------+----------+
        |                                 |  Latency (cycles) | Iteration|  Initiation Interval  |  Trip  |          |
        |            Loop Name            |   min   |   max   |  Latency |  achieved |   target  |  Count | Pipelined|
        +---------------------------------+---------+---------+----------+-----------+-----------+--------+----------+
        |- Out_Row_Kernel_Row_Kernel_Col  |        ?|        ?|         ?|          -|          -|  112896|        no|
        | + Output_Channel                |        ?|        ?|         ?|          -|          -|      24|        no|
        +---------------------------------+---------+---------+----------+-----------+-----------+--------+----------+



================================================================
== Utilization Estimates
================================================================
* Summary: 
+---------------------+---------+-------+---------+---------+------+
|         Name        | BRAM_18K|  DSP  |    FF   |   LUT   | URAM |
+---------------------+---------+-------+---------+---------+------+
|DSP                  |        -|      -|        -|        -|     -|
|Expression           |        -|      -|        0|     1134|     -|
|FIFO                 |        -|      -|        -|        -|     -|
|Instance             |        -|      4|     3025|     2608|     -|
|Memory               |        -|      -|        -|        -|     -|
|Multiplexer          |        -|      -|        -|      615|     -|
|Register             |        -|      -|      841|        -|     -|
+---------------------+---------+-------+---------+---------+------+
|Total                |        0|      4|     3866|     4357|     0|
+---------------------+---------+-------+---------+---------+------+
|Available SLR        |     1344|   3072|   864000|   432000|   320|
+---------------------+---------+-------+---------+---------+------+
|Utilization SLR (%)  |        0|     ~0|       ~0|        1|     0|
+---------------------+---------+-------+---------+---------+------+
|Available            |     5376|  12288|  3456000|  1728000|  1280|
+---------------------+---------+-------+---------+---------+------+
|Utilization (%)      |        0|     ~0|       ~0|       ~0|     0|
+---------------------+---------+-------+---------+---------+------+

+ Detail: 
    * Instance: 
    +---------------------------------------------------+----------------------------------------+---------+----+------+------+-----+
    |                      Instance                     |                 Module                 | BRAM_18K| DSP|  FF  |  LUT | URAM|
    +---------------------------------------------------+----------------------------------------+---------+----+------+------+-----+
    |grp_DW_conv_1_2_3_12_1_Pipeline_In_Channel_fu_332  |DW_conv_1_2_3_12_1_Pipeline_In_Channel  |        0|   4|  3025|  2608|    0|
    +---------------------------------------------------+----------------------------------------+---------+----+------+------+-----+
    |Total                                              |                                        |        0|   4|  3025|  2608|    0|
    +---------------------------------------------------+----------------------------------------+---------+----+------+------+-----+

    * DSP: 
    N/A

    * Memory: 
    N/A

    * FIFO: 
    N/A

    * Expression: 
    +--------------------------------------+----------+----+---+----+------------+------------+
    |             Variable Name            | Operation| DSP| FF| LUT| Bitwidth P0| Bitwidth P1|
    +--------------------------------------+----------+----+---+----+------------+------------+
    |add_ln37_1_fu_565_p2                  |         +|   0|  0|  14|           7|           1|
    |add_ln37_fu_539_p2                    |         +|   0|  0|  24|          17|           1|
    |add_ln40_1_fu_1150_p2                 |         +|   0|  0|  18|          11|           1|
    |add_ln40_fu_731_p2                    |         +|   0|  0|  14|           7|           1|
    |add_ln44_1_fu_1137_p2                 |         +|   0|  0|  12|           4|           1|
    |add_ln44_fu_865_p2                    |         +|   0|  0|   9|           2|           1|
    |add_ln47_fu_1132_p2                   |         +|   0|  0|   9|           2|           1|
    |add_ln52_1_fu_989_p2                  |         +|   0|  0|   9|           2|           2|
    |add_ln52_fu_999_p2                    |         +|   0|  0|  16|           9|           9|
    |add_ln55_1_fu_1046_p2                 |         +|   0|  0|  26|          19|          14|
    |add_ln55_fu_1040_p2                   |         +|   0|  0|  17|          10|           5|
    |add_ln57_1_fu_1073_p2                 |         +|   0|  0|  20|          20|          20|
    |add_ln57_fu_1068_p2                   |         +|   0|  0|  20|          20|          20|
    |add_ln62_fu_1029_p2                   |         +|   0|  0|  24|          17|          17|
    |add_ln63_1_fu_1122_p2                 |         +|   0|  0|  17|          11|          11|
    |add_ln63_fu_1117_p2                   |         +|   0|  0|  17|          11|          11|
    |add_ln70_fu_1231_p2                   |         +|   0|  0|  71|          64|          64|
    |add_ln71_1_fu_1287_p2                 |         +|   0|  0|  12|           5|           4|
    |add_ln71_fu_1058_p2                   |         +|   0|  0|  12|           5|           1|
    |add_ln72_fu_1306_p2                   |         +|   0|  0|  39|          32|           1|
    |empty_164_fu_483_p2                   |         +|   0|  0|  16|           9|           9|
    |empty_168_fu_1106_p2                  |         +|   0|  0|  71|          64|          64|
    |p_mid134_fu_791_p2                    |         +|   0|  0|  16|           9|           2|
    |p_mid196_fu_645_p2                    |         +|   0|  0|  16|           9|           2|
    |p_mid1_fu_899_p2                      |         +|   0|  0|  16|           9|           9|
    |tmp_fu_473_p2                         |         +|   0|  0|   9|           2|           2|
    |empty_165_fu_501_p2                   |         -|   0|  0|  12|           5|           5|
    |empty_166_fu_527_p2                   |         -|   0|  0|  24|          17|          17|
    |empty_fu_443_p2                       |         -|   0|  0|  22|          15|          15|
    |in_ch_fu_1084_p2                      |         -|   0|  0|  39|          32|          32|
    |p_mid1116_fu_679_p2                   |         -|   0|  0|  24|          17|          17|
    |p_mid113_fu_925_p2                    |         -|   0|  0|  12|           5|           5|
    |p_mid115_fu_963_p2                    |         -|   0|  0|  24|          17|          17|
    |p_mid154_fu_833_p2                    |         -|   0|  0|  24|          17|          17|
    |p_mid174_fu_595_p2                    |         -|   0|  0|  22|          15|          15|
    |and_ln37_1_fu_717_p2                  |       and|   0|  0|   2|           1|           1|
    |and_ln37_fu_705_p2                    |       and|   0|  0|   2|           1|           1|
    |and_ln40_fu_859_p2                    |       and|   0|  0|   2|           1|           1|
    |ap_block_state41                      |       and|   0|  0|   2|           1|           1|
    |ap_predicate_op250_writeresp_state20  |       and|   0|  0|   2|           1|           1|
    |ap_predicate_op252_writeresp_state20  |       and|   0|  0|   2|           1|           1|
    |icmp_ln37_fu_533_p2                   |      icmp|   0|  0|  13|          17|          16|
    |icmp_ln40_fu_551_p2                   |      icmp|   0|  0|  11|          11|          10|
    |icmp_ln44_fu_711_p2                   |      icmp|   0|  0|   9|           4|           4|
    |icmp_ln47_fu_699_p2                   |      icmp|   0|  0|   8|           2|           2|
    |icmp_ln55_fu_1052_p2                  |      icmp|   0|  0|   9|           5|           5|
    |icmp_ln60_fu_1111_p2                  |      icmp|   0|  0|  20|          32|           2|
    |icmp_ln71_1_fu_1282_p2                |      icmp|   0|  0|   9|           5|           5|
    |icmp_ln71_fu_1300_p2                  |      icmp|   0|  0|   9|           5|           1|
    |tobool87_not_fu_1019_p2               |      icmp|   0|  0|  20|          32|           1|
    |ap_block_state14_io                   |        or|   0|  0|   2|           1|           1|
    |ap_block_state20                      |        or|   0|  0|   2|           1|           1|
    |ap_block_state26_io                   |        or|   0|  0|   2|           1|           1|
    |ap_block_state33                      |        or|   0|  0|   2|           1|           1|
    |or_ln40_1_fu_853_p2                   |        or|   0|  0|   2|           1|           1|
    |or_ln40_fu_737_p2                     |        or|   0|  0|   2|           1|           1|
    |or_ln44_1_fu_877_p2                   |        or|   0|  0|   2|           1|           1|
    |or_ln44_fu_871_p2                     |        or|   0|  0|   2|           1|           1|
    |or_ln52_fu_1005_p2                    |        or|   0|  0|   9|           9|           9|
    |groupIndex_1_fu_1312_p3               |    select|   0|  0|  32|           1|          32|
    |select_ln37_1_fu_601_p3               |    select|   0|  0|  15|           1|          15|
    |select_ln37_2_fu_625_p3               |    select|   0|  0|   8|           1|           8|
    |select_ln37_3_fu_637_p3               |    select|   0|  0|   8|           1|           1|
    |select_ln37_4_fu_651_p3               |    select|   0|  0|   9|           1|           9|
    |select_ln37_5_fu_685_p3               |    select|   0|  0|  17|           1|          17|
    |select_ln37_6_fu_723_p3               |    select|   0|  0|   7|           1|           7|
    |select_ln37_fu_557_p3                 |    select|   0|  0|   7|           1|           1|
    |select_ln40_1_fu_751_p3               |    select|   0|  0|  32|           1|           1|
    |select_ln40_2_fu_759_p3               |    select|   0|  0|   7|           1|           7|
    |select_ln40_3_fu_779_p3               |    select|   0|  0|   8|           1|           8|
    |select_ln40_4_fu_797_p3               |    select|   0|  0|   9|           1|           9|
    |select_ln40_5_fu_805_p3               |    select|   0|  0|   5|           1|           1|
    |select_ln40_6_fu_839_p3               |    select|   0|  0|  17|           1|          17|
    |select_ln40_7_fu_1156_p3              |    select|   0|  0|  11|           1|           1|
    |select_ln40_fu_743_p3                 |    select|   0|  0|   2|           1|           1|
    |select_ln44_1_fu_905_p3               |    select|   0|  0|   9|           1|           9|
    |select_ln44_2_fu_931_p3               |    select|   0|  0|   5|           1|           5|
    |select_ln44_3_fu_969_p3               |    select|   0|  0|  17|           1|          17|
    |select_ln44_4_fu_977_p3               |    select|   0|  0|   2|           1|           2|
    |select_ln44_5_fu_1143_p3              |    select|   0|  0|   4|           1|           1|
    |select_ln44_fu_883_p3                 |    select|   0|  0|   2|           1|           1|
    |select_ln71_fu_1293_p3                |    select|   0|  0|   5|           1|           5|
    |xor_ln37_fu_693_p2                    |       xor|   0|  0|   2|           1|           2|
    |xor_ln40_fu_847_p2                    |       xor|   0|  0|   2|           1|           2|
    +--------------------------------------+----------+----+---+----+------------+------------+
    |Total                                 |          |   0|  0|1134|         678|         662|
    +--------------------------------------+----------+----+---+----+------------+------------+

    * Multiplexer: 
    +--------------------------+-----+-----------+-----+-----------+
    |           Name           | LUT | Input Size| Bits| Total Bits|
    +--------------------------+-----+-----------+-----+-----------+
    |ap_NS_fsm                 |  185|         42|    1|         42|
    |biasFlag_fu_158           |   14|          3|   32|         96|
    |col_fu_174                |    9|          2|    7|         14|
    |gmem1_blk_n_AR            |    9|          2|    1|          2|
    |gmem1_blk_n_AW            |    9|          2|    1|          2|
    |gmem1_blk_n_B             |    9|          2|    1|          2|
    |gmem1_blk_n_R             |    9|          2|    1|          2|
    |gmem1_blk_n_W             |    9|          2|    1|          2|
    |gmem_blk_n_AR             |    9|          2|    1|          2|
    |gmem_blk_n_R              |    9|          2|    1|          2|
    |groupIndex_reg_298        |    9|          2|   32|         64|
    |grp_fu_1590_ce            |    9|          2|    1|          2|
    |grp_fu_348_ce             |   14|          3|    1|          3|
    |grp_fu_348_p0             |   14|          3|   32|         96|
    |grp_fu_348_p1             |   14|          3|   32|         96|
    |indvar_flatten124_fu_186  |    9|          2|   17|         34|
    |indvar_flatten58_fu_178   |    9|          2|   11|         22|
    |indvar_flatten_fu_170     |    9|          2|    4|          8|
    |kernel_col_fu_162         |    9|          2|    2|          4|
    |kernel_row_fu_166         |    9|          2|    2|          4|
    |m_axi_gmem0_ARVALID       |    9|          2|    1|          2|
    |m_axi_gmem0_RREADY        |    9|          2|    1|          2|
    |m_axi_gmem1_ARADDR        |   14|          3|   64|        192|
    |m_axi_gmem1_AWADDR        |   14|          3|   64|        192|
    |m_axi_gmem1_WDATA         |   20|          4|   32|        128|
    |m_axi_gmem_ARADDR         |   14|          3|   64|        192|
    |m_axi_gmem_ARBURST        |    9|          2|    2|          4|
    |m_axi_gmem_ARCACHE        |    9|          2|    4|          8|
    |m_axi_gmem_ARID           |    9|          2|    1|          2|
    |m_axi_gmem_ARLEN          |   14|          3|   32|         96|
    |m_axi_gmem_ARLOCK         |    9|          2|    2|          4|
    |m_axi_gmem_ARPROT         |    9|          2|    3|          6|
    |m_axi_gmem_ARQOS          |    9|          2|    4|          8|
    |m_axi_gmem_ARREGION       |    9|          2|    4|          8|
    |m_axi_gmem_ARSIZE         |    9|          2|    3|          6|
    |m_axi_gmem_ARUSER         |    9|          2|    1|          2|
    |m_axi_gmem_ARVALID        |   14|          3|    1|          3|
    |m_axi_gmem_RREADY         |   14|          3|    1|          3|
    |out_ch_reg_286            |    9|          2|    5|         10|
    |phi_mul141_reg_321        |    9|          2|   10|         20|
    |phi_mul_reg_310           |    9|          2|   19|         38|
    |row_fu_182                |    9|          2|    7|         14|
    +--------------------------+-----+-----------+-----+-----------+
    |Total                     |  615|        136|  506|       1439|
    +--------------------------+-----+-----------+-----+-----------+

    * Register: 
    +----------------------------------------------------------------+----+----+-----+-----------+
    |                              Name                              | FF | LUT| Bits| Const Bits|
    +----------------------------------------------------------------+----+----+-----+-----------+
    |add2_reg_1580                                                   |  32|   0|   32|          0|
    |add8122_loc_fu_194                                              |  32|   0|   32|          0|
    |add_ln37_reg_1412                                               |  17|   0|   17|          0|
    |add_ln55_1_reg_1485                                             |  19|   0|   19|          0|
    |add_ln55_reg_1480                                               |  10|   0|   10|          0|
    |add_ln62_reg_1475                                               |  17|   0|   17|          0|
    |add_ln63_1_reg_1514                                             |  11|   0|   11|          0|
    |add_ln71_reg_1493                                               |   5|   0|    5|          0|
    |add_loc_fu_190                                                  |  32|   0|   32|          0|
    |ap_CS_fsm                                                       |  41|   0|   41|          0|
    |biasFlag_fu_158                                                 |  32|   0|   32|          0|
    |bitcast_ln64_reg_1532                                           |  32|   0|   32|          0|
    |col_fu_174                                                      |   7|   0|    7|          0|
    |empty_168_reg_1505                                              |  64|   0|   64|          0|
    |gmem1_addr_1_read_reg_1565                                      |  32|   0|   32|          0|
    |gmem1_addr_1_reg_1553                                           |  64|   0|   64|          0|
    |gmem1_addr_read_reg_1527                                        |  32|   0|   32|          0|
    |gmem1_addr_reg_1519                                             |  64|   0|   64|          0|
    |gmem_addr_2_read_reg_1560                                       |  32|   0|   32|          0|
    |gmem_addr_2_reg_1547                                            |  64|   0|   64|          0|
    |groupIndex_reg_298                                              |  32|   0|   32|          0|
    |grp_DW_conv_1_2_3_12_1_Pipeline_In_Channel_fu_332_ap_start_reg  |   1|   0|    1|          0|
    |icmp_ln40_reg_1417                                              |   1|   0|    1|          0|
    |icmp_ln60_reg_1510                                              |   1|   0|    1|          0|
    |in_ch_reg_1500                                                  |  32|   0|   32|          0|
    |indvar_flatten124_fu_186                                        |  17|   0|   17|          0|
    |indvar_flatten58_fu_178                                         |  11|   0|   11|          0|
    |indvar_flatten_fu_170                                           |   4|   0|    4|          0|
    |kernel_col_fu_162                                               |   2|   0|    2|          0|
    |kernel_row_fu_166                                               |   2|   0|    2|          0|
    |or_ln40_reg_1432                                                |   1|   0|    1|          0|
    |out_ch_reg_286                                                  |   5|   0|    5|          0|
    |phi_mul141_reg_321                                              |  10|   0|   10|          0|
    |phi_mul_reg_310                                                 |  19|   0|   19|          0|
    |row_fu_182                                                      |   7|   0|    7|          0|
    |select_ln37_6_reg_1427                                          |   7|   0|    7|          0|
    |select_ln40_2_reg_1437                                          |   7|   0|    7|          0|
    |select_ln44_2_cast_reg_1452                                     |  11|   0|   11|          0|
    |select_ln44_4_reg_1457                                          |   2|   0|    2|          0|
    |select_ln44_reg_1447                                            |   2|   0|    2|          0|
    |sext_ln37_reg_1422                                              |  16|   0|   20|          4|
    |targetBlock_reg_1537                                            |   1|   0|    1|          0|
    |tmp_1_reg_1467                                                  |   1|   0|    1|          0|
    |tobool87_not_reg_1471                                           |   1|   0|    1|          0|
    |zext_ln47_reg_1462                                              |   2|   0|   11|          9|
    |zext_ln51_reg_1442                                              |   7|   0|   20|         13|
    +----------------------------------------------------------------+----+----+-----+-----------+
    |Total                                                           | 841|   0|  867|         26|
    +----------------------------------------------------------------+----+----+-----+-----------+



================================================================
== Interface
================================================================
* Summary: 
+----------------------+-----+-----+------------+--------------------+--------------+
|       RTL Ports      | Dir | Bits|  Protocol  |    Source Object   |    C Type    |
+----------------------+-----+-----+------------+--------------------+--------------+
|ap_clk                |   in|    1|  ap_ctrl_hs|  DW_conv.1.2.3.12.1|  return value|
|ap_rst                |   in|    1|  ap_ctrl_hs|  DW_conv.1.2.3.12.1|  return value|
|ap_start              |   in|    1|  ap_ctrl_hs|  DW_conv.1.2.3.12.1|  return value|
|ap_done               |  out|    1|  ap_ctrl_hs|  DW_conv.1.2.3.12.1|  return value|
|ap_idle               |  out|    1|  ap_ctrl_hs|  DW_conv.1.2.3.12.1|  return value|
|ap_ready              |  out|    1|  ap_ctrl_hs|  DW_conv.1.2.3.12.1|  return value|
|grp_fu_1002_p_din0    |  out|   32|  ap_ctrl_hs|  DW_conv.1.2.3.12.1|  return value|
|grp_fu_1002_p_din1    |  out|   32|  ap_ctrl_hs|  DW_conv.1.2.3.12.1|  return value|
|grp_fu_1002_p_dout0   |   in|   32|  ap_ctrl_hs|  DW_conv.1.2.3.12.1|  return value|
|grp_fu_1002_p_ce      |  out|    1|  ap_ctrl_hs|  DW_conv.1.2.3.12.1|  return value|
|grp_fu_1006_p_din0    |  out|   32|  ap_ctrl_hs|  DW_conv.1.2.3.12.1|  return value|
|grp_fu_1006_p_din1    |  out|   32|  ap_ctrl_hs|  DW_conv.1.2.3.12.1|  return value|
|grp_fu_1006_p_opcode  |  out|    2|  ap_ctrl_hs|  DW_conv.1.2.3.12.1|  return value|
|grp_fu_1006_p_dout0   |   in|   32|  ap_ctrl_hs|  DW_conv.1.2.3.12.1|  return value|
|grp_fu_1006_p_ce      |  out|    1|  ap_ctrl_hs|  DW_conv.1.2.3.12.1|  return value|
|m_axi_gmem0_AWVALID   |  out|    1|       m_axi|               gmem0|       pointer|
|m_axi_gmem0_AWREADY   |   in|    1|       m_axi|               gmem0|       pointer|
|m_axi_gmem0_AWADDR    |  out|   64|       m_axi|               gmem0|       pointer|
|m_axi_gmem0_AWID      |  out|    1|       m_axi|               gmem0|       pointer|
|m_axi_gmem0_AWLEN     |  out|   32|       m_axi|               gmem0|       pointer|
|m_axi_gmem0_AWSIZE    |  out|    3|       m_axi|               gmem0|       pointer|
|m_axi_gmem0_AWBURST   |  out|    2|       m_axi|               gmem0|       pointer|
|m_axi_gmem0_AWLOCK    |  out|    2|       m_axi|               gmem0|       pointer|
|m_axi_gmem0_AWCACHE   |  out|    4|       m_axi|               gmem0|       pointer|
|m_axi_gmem0_AWPROT    |  out|    3|       m_axi|               gmem0|       pointer|
|m_axi_gmem0_AWQOS     |  out|    4|       m_axi|               gmem0|       pointer|
|m_axi_gmem0_AWREGION  |  out|    4|       m_axi|               gmem0|       pointer|
|m_axi_gmem0_AWUSER    |  out|    1|       m_axi|               gmem0|       pointer|
|m_axi_gmem0_WVALID    |  out|    1|       m_axi|               gmem0|       pointer|
|m_axi_gmem0_WREADY    |   in|    1|       m_axi|               gmem0|       pointer|
|m_axi_gmem0_WDATA     |  out|   32|       m_axi|               gmem0|       pointer|
|m_axi_gmem0_WSTRB     |  out|    4|       m_axi|               gmem0|       pointer|
|m_axi_gmem0_WLAST     |  out|    1|       m_axi|               gmem0|       pointer|
|m_axi_gmem0_WID       |  out|    1|       m_axi|               gmem0|       pointer|
|m_axi_gmem0_WUSER     |  out|    1|       m_axi|               gmem0|       pointer|
|m_axi_gmem0_ARVALID   |  out|    1|       m_axi|               gmem0|       pointer|
|m_axi_gmem0_ARREADY   |   in|    1|       m_axi|               gmem0|       pointer|
|m_axi_gmem0_ARADDR    |  out|   64|       m_axi|               gmem0|       pointer|
|m_axi_gmem0_ARID      |  out|    1|       m_axi|               gmem0|       pointer|
|m_axi_gmem0_ARLEN     |  out|   32|       m_axi|               gmem0|       pointer|
|m_axi_gmem0_ARSIZE    |  out|    3|       m_axi|               gmem0|       pointer|
|m_axi_gmem0_ARBURST   |  out|    2|       m_axi|               gmem0|       pointer|
|m_axi_gmem0_ARLOCK    |  out|    2|       m_axi|               gmem0|       pointer|
|m_axi_gmem0_ARCACHE   |  out|    4|       m_axi|               gmem0|       pointer|
|m_axi_gmem0_ARPROT    |  out|    3|       m_axi|               gmem0|       pointer|
|m_axi_gmem0_ARQOS     |  out|    4|       m_axi|               gmem0|       pointer|
|m_axi_gmem0_ARREGION  |  out|    4|       m_axi|               gmem0|       pointer|
|m_axi_gmem0_ARUSER    |  out|    1|       m_axi|               gmem0|       pointer|
|m_axi_gmem0_RVALID    |   in|    1|       m_axi|               gmem0|       pointer|
|m_axi_gmem0_RREADY    |  out|    1|       m_axi|               gmem0|       pointer|
|m_axi_gmem0_RDATA     |   in|   32|       m_axi|               gmem0|       pointer|
|m_axi_gmem0_RLAST     |   in|    1|       m_axi|               gmem0|       pointer|
|m_axi_gmem0_RID       |   in|    1|       m_axi|               gmem0|       pointer|
|m_axi_gmem0_RFIFONUM  |   in|    9|       m_axi|               gmem0|       pointer|
|m_axi_gmem0_RUSER     |   in|    1|       m_axi|               gmem0|       pointer|
|m_axi_gmem0_RRESP     |   in|    2|       m_axi|               gmem0|       pointer|
|m_axi_gmem0_BVALID    |   in|    1|       m_axi|               gmem0|       pointer|
|m_axi_gmem0_BREADY    |  out|    1|       m_axi|               gmem0|       pointer|
|m_axi_gmem0_BRESP     |   in|    2|       m_axi|               gmem0|       pointer|
|m_axi_gmem0_BID       |   in|    1|       m_axi|               gmem0|       pointer|
|m_axi_gmem0_BUSER     |   in|    1|       m_axi|               gmem0|       pointer|
|in_r                  |   in|   64|     ap_none|                in_r|        scalar|
|m_axi_gmem_AWVALID    |  out|    1|       m_axi|                gmem|       pointer|
|m_axi_gmem_AWREADY    |   in|    1|       m_axi|                gmem|       pointer|
|m_axi_gmem_AWADDR     |  out|   64|       m_axi|                gmem|       pointer|
|m_axi_gmem_AWID       |  out|    1|       m_axi|                gmem|       pointer|
|m_axi_gmem_AWLEN      |  out|   32|       m_axi|                gmem|       pointer|
|m_axi_gmem_AWSIZE     |  out|    3|       m_axi|                gmem|       pointer|
|m_axi_gmem_AWBURST    |  out|    2|       m_axi|                gmem|       pointer|
|m_axi_gmem_AWLOCK     |  out|    2|       m_axi|                gmem|       pointer|
|m_axi_gmem_AWCACHE    |  out|    4|       m_axi|                gmem|       pointer|
|m_axi_gmem_AWPROT     |  out|    3|       m_axi|                gmem|       pointer|
|m_axi_gmem_AWQOS      |  out|    4|       m_axi|                gmem|       pointer|
|m_axi_gmem_AWREGION   |  out|    4|       m_axi|                gmem|       pointer|
|m_axi_gmem_AWUSER     |  out|    1|       m_axi|                gmem|       pointer|
|m_axi_gmem_WVALID     |  out|    1|       m_axi|                gmem|       pointer|
|m_axi_gmem_WREADY     |   in|    1|       m_axi|                gmem|       pointer|
|m_axi_gmem_WDATA      |  out|   32|       m_axi|                gmem|       pointer|
|m_axi_gmem_WSTRB      |  out|    4|       m_axi|                gmem|       pointer|
|m_axi_gmem_WLAST      |  out|    1|       m_axi|                gmem|       pointer|
|m_axi_gmem_WID        |  out|    1|       m_axi|                gmem|       pointer|
|m_axi_gmem_WUSER      |  out|    1|       m_axi|                gmem|       pointer|
|m_axi_gmem_ARVALID    |  out|    1|       m_axi|                gmem|       pointer|
|m_axi_gmem_ARREADY    |   in|    1|       m_axi|                gmem|       pointer|
|m_axi_gmem_ARADDR     |  out|   64|       m_axi|                gmem|       pointer|
|m_axi_gmem_ARID       |  out|    1|       m_axi|                gmem|       pointer|
|m_axi_gmem_ARLEN      |  out|   32|       m_axi|                gmem|       pointer|
|m_axi_gmem_ARSIZE     |  out|    3|       m_axi|                gmem|       pointer|
|m_axi_gmem_ARBURST    |  out|    2|       m_axi|                gmem|       pointer|
|m_axi_gmem_ARLOCK     |  out|    2|       m_axi|                gmem|       pointer|
|m_axi_gmem_ARCACHE    |  out|    4|       m_axi|                gmem|       pointer|
|m_axi_gmem_ARPROT     |  out|    3|       m_axi|                gmem|       pointer|
|m_axi_gmem_ARQOS      |  out|    4|       m_axi|                gmem|       pointer|
|m_axi_gmem_ARREGION   |  out|    4|       m_axi|                gmem|       pointer|
|m_axi_gmem_ARUSER     |  out|    1|       m_axi|                gmem|       pointer|
|m_axi_gmem_RVALID     |   in|    1|       m_axi|                gmem|       pointer|
|m_axi_gmem_RREADY     |  out|    1|       m_axi|                gmem|       pointer|
|m_axi_gmem_RDATA      |   in|   32|       m_axi|                gmem|       pointer|
|m_axi_gmem_RLAST      |   in|    1|       m_axi|                gmem|       pointer|
|m_axi_gmem_RID        |   in|    1|       m_axi|                gmem|       pointer|
|m_axi_gmem_RFIFONUM   |   in|    9|       m_axi|                gmem|       pointer|
|m_axi_gmem_RUSER      |   in|    1|       m_axi|                gmem|       pointer|
|m_axi_gmem_RRESP      |   in|    2|       m_axi|                gmem|       pointer|
|m_axi_gmem_BVALID     |   in|    1|       m_axi|                gmem|       pointer|
|m_axi_gmem_BREADY     |  out|    1|       m_axi|                gmem|       pointer|
|m_axi_gmem_BRESP      |   in|    2|       m_axi|                gmem|       pointer|
|m_axi_gmem_BID        |   in|    1|       m_axi|                gmem|       pointer|
|m_axi_gmem_BUSER      |   in|    1|       m_axi|                gmem|       pointer|
|kernel                |   in|   64|     ap_none|              kernel|        scalar|
|bias                  |   in|   64|     ap_none|                bias|        scalar|
|m_axi_gmem1_AWVALID   |  out|    1|       m_axi|               gmem1|       pointer|
|m_axi_gmem1_AWREADY   |   in|    1|       m_axi|               gmem1|       pointer|
|m_axi_gmem1_AWADDR    |  out|   64|       m_axi|               gmem1|       pointer|
|m_axi_gmem1_AWID      |  out|    1|       m_axi|               gmem1|       pointer|
|m_axi_gmem1_AWLEN     |  out|   32|       m_axi|               gmem1|       pointer|
|m_axi_gmem1_AWSIZE    |  out|    3|       m_axi|               gmem1|       pointer|
|m_axi_gmem1_AWBURST   |  out|    2|       m_axi|               gmem1|       pointer|
|m_axi_gmem1_AWLOCK    |  out|    2|       m_axi|               gmem1|       pointer|
|m_axi_gmem1_AWCACHE   |  out|    4|       m_axi|               gmem1|       pointer|
|m_axi_gmem1_AWPROT    |  out|    3|       m_axi|               gmem1|       pointer|
|m_axi_gmem1_AWQOS     |  out|    4|       m_axi|               gmem1|       pointer|
|m_axi_gmem1_AWREGION  |  out|    4|       m_axi|               gmem1|       pointer|
|m_axi_gmem1_AWUSER    |  out|    1|       m_axi|               gmem1|       pointer|
|m_axi_gmem1_WVALID    |  out|    1|       m_axi|               gmem1|       pointer|
|m_axi_gmem1_WREADY    |   in|    1|       m_axi|               gmem1|       pointer|
|m_axi_gmem1_WDATA     |  out|   32|       m_axi|               gmem1|       pointer|
|m_axi_gmem1_WSTRB     |  out|    4|       m_axi|               gmem1|       pointer|
|m_axi_gmem1_WLAST     |  out|    1|       m_axi|               gmem1|       pointer|
|m_axi_gmem1_WID       |  out|    1|       m_axi|               gmem1|       pointer|
|m_axi_gmem1_WUSER     |  out|    1|       m_axi|               gmem1|       pointer|
|m_axi_gmem1_ARVALID   |  out|    1|       m_axi|               gmem1|       pointer|
|m_axi_gmem1_ARREADY   |   in|    1|       m_axi|               gmem1|       pointer|
|m_axi_gmem1_ARADDR    |  out|   64|       m_axi|               gmem1|       pointer|
|m_axi_gmem1_ARID      |  out|    1|       m_axi|               gmem1|       pointer|
|m_axi_gmem1_ARLEN     |  out|   32|       m_axi|               gmem1|       pointer|
|m_axi_gmem1_ARSIZE    |  out|    3|       m_axi|               gmem1|       pointer|
|m_axi_gmem1_ARBURST   |  out|    2|       m_axi|               gmem1|       pointer|
|m_axi_gmem1_ARLOCK    |  out|    2|       m_axi|               gmem1|       pointer|
|m_axi_gmem1_ARCACHE   |  out|    4|       m_axi|               gmem1|       pointer|
|m_axi_gmem1_ARPROT    |  out|    3|       m_axi|               gmem1|       pointer|
|m_axi_gmem1_ARQOS     |  out|    4|       m_axi|               gmem1|       pointer|
|m_axi_gmem1_ARREGION  |  out|    4|       m_axi|               gmem1|       pointer|
|m_axi_gmem1_ARUSER    |  out|    1|       m_axi|               gmem1|       pointer|
|m_axi_gmem1_RVALID    |   in|    1|       m_axi|               gmem1|       pointer|
|m_axi_gmem1_RREADY    |  out|    1|       m_axi|               gmem1|       pointer|
|m_axi_gmem1_RDATA     |   in|   32|       m_axi|               gmem1|       pointer|
|m_axi_gmem1_RLAST     |   in|    1|       m_axi|               gmem1|       pointer|
|m_axi_gmem1_RID       |   in|    1|       m_axi|               gmem1|       pointer|
|m_axi_gmem1_RFIFONUM  |   in|    9|       m_axi|               gmem1|       pointer|
|m_axi_gmem1_RUSER     |   in|    1|       m_axi|               gmem1|       pointer|
|m_axi_gmem1_RRESP     |   in|    2|       m_axi|               gmem1|       pointer|
|m_axi_gmem1_BVALID    |   in|    1|       m_axi|               gmem1|       pointer|
|m_axi_gmem1_BREADY    |  out|    1|       m_axi|               gmem1|       pointer|
|m_axi_gmem1_BRESP     |   in|    2|       m_axi|               gmem1|       pointer|
|m_axi_gmem1_BID       |   in|    1|       m_axi|               gmem1|       pointer|
|m_axi_gmem1_BUSER     |   in|    1|       m_axi|               gmem1|       pointer|
|out_r                 |   in|   64|     ap_none|               out_r|        scalar|
+----------------------+-----+-----+------------+--------------------+--------------+

