

================================================================
== Vitis HLS Report for 'DW_conv_1_2_14_1'
================================================================
* Date:           Mon Oct 16 16:29:42 2023

* Version:        2022.1 (Build 3526262 on Mon Apr 18 15:47:01 MDT 2022)
* Project:        proj_stage0_kernel
* Solution:       solution1 (Vivado IP Flow Target)
* Product family: virtexuplus
* Target device:  xcu250-figd2104-2L-e


================================================================
== Performance Estimates
================================================================
+ Timing: 
    * Summary: 
    +--------+----------+-----------+------------+
    |  Clock |  Target  | Estimated | Uncertainty|
    +--------+----------+-----------+------------+
    |ap_clk  |  15.00 ns|  10.950 ns|     4.05 ns|
    +--------+----------+-----------+------------+

+ Latency: 
    * Summary: 
    +---------+---------+-----------+-----------+---------+---------+---------+
    |  Latency (cycles) |   Latency (absolute)  |      Interval     | Pipeline|
    |   min   |   max   |    min    |    max    |   min   |   max   |   Type  |
    +---------+---------+-----------+-----------+---------+---------+---------+
    |  2709906|  2709906|  40.649 ms|  40.649 ms|  2709906|  2709906|       no|
    +---------+---------+-----------+-----------+---------+---------+---------+

    + Detail: 
        * Instance: 
        N/A

        * Loop: 
        +---------------------------------+---------+---------+----------+-----------+-----------+--------+----------+
        |                                 |  Latency (cycles) | Iteration|  Initiation Interval  |  Trip  |          |
        |            Loop Name            |   min   |   max   |  Latency |  achieved |   target  |  Count | Pipelined|
        +---------------------------------+---------+---------+----------+-----------+-----------+--------+----------+
        |- Out_Row_Kernel_Row_Kernel_Col  |  2709904|  2709904|       425|         24|          1|  112896|       yes|
        +---------------------------------+---------+---------+----------+-----------+-----------+--------+----------+



================================================================
== Utilization Estimates
================================================================
* Summary: 
+---------------------+---------+-------+---------+---------+------+
|         Name        | BRAM_18K|  DSP  |    FF   |   LUT   | URAM |
+---------------------+---------+-------+---------+---------+------+
|DSP                  |        -|      -|        -|        -|     -|
|Expression           |        -|      -|        0|     7630|     -|
|FIFO                 |        -|      -|        -|        -|     -|
|Instance             |        -|      -|        -|        -|     -|
|Memory               |        -|      -|        -|        -|     -|
|Multiplexer          |        -|      -|        -|     1554|     -|
|Register             |        -|      -|     9763|      832|     -|
+---------------------+---------+-------+---------+---------+------+
|Total                |        0|      0|     9763|    10016|     0|
+---------------------+---------+-------+---------+---------+------+
|Available SLR        |     1344|   3072|   864000|   432000|   320|
+---------------------+---------+-------+---------+---------+------+
|Utilization SLR (%)  |        0|      0|        1|        2|     0|
+---------------------+---------+-------+---------+---------+------+
|Available            |     5376|  12288|  3456000|  1728000|  1280|
+---------------------+---------+-------+---------+---------+------+
|Utilization (%)      |        0|      0|       ~0|       ~0|     0|
+---------------------+---------+-------+---------+---------+------+

+ Detail: 
    * Instance: 
    N/A

    * DSP: 
    N/A

    * Memory: 
    N/A

    * FIFO: 
    N/A

    * Expression: 
    +--------------------------------------+----------+----+---+----+------------+------------+
    |             Variable Name            | Operation| DSP| FF| LUT| Bitwidth P0| Bitwidth P1|
    +--------------------------------------+----------+----+---+----+------------+------------+
    |add_ln37_2_fu_1598_p2                 |         +|   0|  0|  14|           7|           1|
    |add_ln37_fu_1569_p2                   |         +|   0|  0|  24|          17|           1|
    |add_ln40_10_fu_4639_p2                |         +|   0|  0|  71|          64|          64|
    |add_ln40_11_fu_4676_p2                |         +|   0|  0|  24|          17|          16|
    |add_ln40_12_fu_4694_p2                |         +|   0|  0|  71|          64|          64|
    |add_ln40_13_fu_4728_p2                |         +|   0|  0|  24|          17|          17|
    |add_ln40_14_fu_4745_p2                |         +|   0|  0|  71|          64|          64|
    |add_ln40_15_fu_4779_p2                |         +|   0|  0|  24|          17|          17|
    |add_ln40_16_fu_4796_p2                |         +|   0|  0|  71|          64|          64|
    |add_ln40_17_fu_4830_p2                |         +|   0|  0|  24|          17|          16|
    |add_ln40_18_fu_4847_p2                |         +|   0|  0|  71|          64|          64|
    |add_ln40_19_fu_4881_p2                |         +|   0|  0|  24|          17|          16|
    |add_ln40_20_fu_4898_p2                |         +|   0|  0|  71|          64|          64|
    |add_ln40_21_fu_4935_p2                |         +|   0|  0|  25|          18|          17|
    |add_ln40_22_fu_4953_p2                |         +|   0|  0|  71|          64|          64|
    |add_ln40_23_fu_4987_p2                |         +|   0|  0|  25|          18|          18|
    |add_ln40_24_fu_5004_p2                |         +|   0|  0|  71|          64|          64|
    |add_ln40_25_fu_5038_p2                |         +|   0|  0|  25|          18|          18|
    |add_ln40_26_fu_5055_p2                |         +|   0|  0|  71|          64|          64|
    |add_ln40_27_fu_5089_p2                |         +|   0|  0|  25|          18|          18|
    |add_ln40_28_fu_5106_p2                |         +|   0|  0|  71|          64|          64|
    |add_ln40_29_fu_5140_p2                |         +|   0|  0|  25|          18|          18|
    |add_ln40_2_fu_1820_p2                 |         +|   0|  0|  71|          64|          64|
    |add_ln40_30_fu_5157_p2                |         +|   0|  0|  71|          64|          64|
    |add_ln40_31_fu_5191_p2                |         +|   0|  0|  25|          18|          18|
    |add_ln40_32_fu_5208_p2                |         +|   0|  0|  71|          64|          64|
    |add_ln40_33_fu_5242_p2                |         +|   0|  0|  25|          18|          17|
    |add_ln40_34_fu_5259_p2                |         +|   0|  0|  71|          64|          64|
    |add_ln40_35_fu_5293_p2                |         +|   0|  0|  24|          17|          17|
    |add_ln40_36_fu_5314_p2                |         +|   0|  0|  71|          64|          64|
    |add_ln40_37_fu_5348_p2                |         +|   0|  0|  24|          17|          17|
    |add_ln40_38_fu_5369_p2                |         +|   0|  0|  71|          64|          64|
    |add_ln40_39_fu_5403_p2                |         +|   0|  0|  24|          17|          16|
    |add_ln40_3_fu_3829_p2                 |         +|   0|  0|  22|          15|          14|
    |add_ln40_40_fu_5424_p2                |         +|   0|  0|  71|          64|          64|
    |add_ln40_41_fu_5461_p2                |         +|   0|  0|  26|          19|          18|
    |add_ln40_42_fu_5479_p2                |         +|   0|  0|  71|          64|          64|
    |add_ln40_43_fu_5513_p2                |         +|   0|  0|  26|          19|          19|
    |add_ln40_44_fu_5530_p2                |         +|   0|  0|  71|          64|          64|
    |add_ln40_45_fu_5564_p2                |         +|   0|  0|  26|          19|          19|
    |add_ln40_46_fu_5581_p2                |         +|   0|  0|  71|          64|          64|
    |add_ln40_47_fu_5615_p2                |         +|   0|  0|  26|          19|          19|
    |add_ln40_48_fu_5632_p2                |         +|   0|  0|  71|          64|          64|
    |add_ln40_49_fu_2231_p2                |         +|   0|  0|  18|          11|           1|
    |add_ln40_4_fu_3846_p2                 |         +|   0|  0|  71|          64|          64|
    |add_ln40_5_fu_4519_p2                 |         +|   0|  0|  23|          16|          15|
    |add_ln40_6_fu_4537_p2                 |         +|   0|  0|  71|          64|          64|
    |add_ln40_7_fu_4571_p2                 |         +|   0|  0|  23|          16|          16|
    |add_ln40_8_fu_4588_p2                 |         +|   0|  0|  71|          64|          64|
    |add_ln40_9_fu_4622_p2                 |         +|   0|  0|  23|          16|          15|
    |add_ln40_fu_1758_p2                   |         +|   0|  0|  14|           7|           1|
    |add_ln44_2_fu_2217_p2                 |         +|   0|  0|  12|           4|           1|
    |add_ln44_fu_1927_p2                   |         +|   0|  0|   9|           2|           1|
    |add_ln47_fu_2211_p2                   |         +|   0|  0|   9|           2|           1|
    |add_ln51_1_fu_2067_p2                 |         +|   0|  0|  15|           8|           8|
    |add_ln51_fu_2057_p2                   |         +|   0|  0|   9|           2|           2|
    |add_ln57_29_0_fu_1487_p2              |         +|   0|  0|  22|          15|          15|
    |add_ln57_29_0_mid1_fu_1794_p2         |         +|   0|  0|  22|          15|          15|
    |add_ln64_10_fu_3093_p2                |         +|   0|  0|  71|          64|          64|
    |add_ln64_11_fu_3189_p2                |         +|   0|  0|  71|          64|          64|
    |add_ln64_12_fu_3281_p2                |         +|   0|  0|  71|          64|          64|
    |add_ln64_13_fu_3378_p2                |         +|   0|  0|  71|          64|          64|
    |add_ln64_14_fu_3477_p2                |         +|   0|  0|  71|          64|          64|
    |add_ln64_15_fu_3570_p2                |         +|   0|  0|  71|          64|          64|
    |add_ln64_16_fu_3666_p2                |         +|   0|  0|  71|          64|          64|
    |add_ln64_17_fu_3762_p2                |         +|   0|  0|  71|          64|          64|
    |add_ln64_18_fu_3900_p2                |         +|   0|  0|  71|          64|          64|
    |add_ln64_19_fu_3996_p2                |         +|   0|  0|  71|          64|          64|
    |add_ln64_1_fu_2297_p2                 |         +|   0|  0|  71|          64|          64|
    |add_ln64_20_fu_4092_p2                |         +|   0|  0|  71|          64|          64|
    |add_ln64_21_fu_4184_p2                |         +|   0|  0|  71|          64|          64|
    |add_ln64_22_fu_4276_p2                |         +|   0|  0|  71|          64|          64|
    |add_ln64_23_fu_4368_p2                |         +|   0|  0|  71|          64|          64|
    |add_ln64_24_fu_2137_p2                |         +|   0|  0|  71|          64|          64|
    |add_ln64_25_fu_2162_p2                |         +|   0|  0|  12|           5|           5|
    |add_ln64_26_fu_2180_p2                |         +|   0|  0|  71|          64|          64|
    |add_ln64_27_fu_2280_p2                |         +|   0|  0|  22|          15|          14|
    |add_ln64_28_fu_2322_p2                |         +|   0|  0|  12|           5|           4|
    |add_ln64_29_fu_2339_p2                |         +|   0|  0|  71|          64|          64|
    |add_ln64_30_fu_2367_p2                |         +|   0|  0|  23|          16|          15|
    |add_ln64_31_fu_2385_p2                |         +|   0|  0|  71|          64|          64|
    |add_ln64_32_fu_2410_p2                |         +|   0|  0|  12|           5|           5|
    |add_ln64_33_fu_2427_p2                |         +|   0|  0|  71|          64|          64|
    |add_ln64_34_fu_2455_p2                |         +|   0|  0|  23|          16|          16|
    |add_ln64_35_fu_2497_p2                |         +|   0|  0|  13|           6|           5|
    |add_ln64_36_fu_2515_p2                |         +|   0|  0|  71|          64|          64|
    |add_ln64_37_fu_2540_p2                |         +|   0|  0|  23|          16|          15|
    |add_ln64_38_fu_2582_p2                |         +|   0|  0|  13|           6|           6|
    |add_ln64_39_fu_2599_p2                |         +|   0|  0|  71|          64|          64|
    |add_ln64_3_fu_2472_p2                 |         +|   0|  0|  71|          64|          64|
    |add_ln64_40_fu_2627_p2                |         +|   0|  0|  24|          17|          16|
    |add_ln64_41_fu_2670_p2                |         +|   0|  0|  13|           6|           6|
    |add_ln64_42_fu_2687_p2                |         +|   0|  0|  71|          64|          64|
    |add_ln64_43_fu_2715_p2                |         +|   0|  0|  24|          17|          17|
    |add_ln64_44_fu_2757_p2                |         +|   0|  0|  14|           7|           6|
    |add_ln64_45_fu_2775_p2                |         +|   0|  0|  71|          64|          64|
    |add_ln64_46_fu_2800_p2                |         +|   0|  0|  24|          17|          17|
    |add_ln64_47_fu_2842_p2                |         +|   0|  0|  14|           7|           6|
    |add_ln64_48_fu_2859_p2                |         +|   0|  0|  71|          64|          64|
    |add_ln64_49_fu_2884_p2                |         +|   0|  0|  24|          17|          16|
    |add_ln64_4_fu_2557_p2                 |         +|   0|  0|  71|          64|          64|
    |add_ln64_50_fu_2926_p2                |         +|   0|  0|  14|           7|           7|
    |add_ln64_51_fu_2943_p2                |         +|   0|  0|  71|          64|          64|
    |add_ln64_52_fu_2976_p2                |         +|   0|  0|  23|          16|          16|
    |add_ln64_53_fu_3022_p2                |         +|   0|  0|  14|           7|           7|
    |add_ln64_54_fu_3039_p2                |         +|   0|  0|  71|          64|          64|
    |add_ln64_55_fu_3075_p2                |         +|   0|  0|  25|          18|          17|
    |add_ln64_56_fu_3118_p2                |         +|   0|  0|  14|           7|           7|
    |add_ln64_57_fu_3135_p2                |         +|   0|  0|  71|          64|          64|
    |add_ln64_58_fu_3172_p2                |         +|   0|  0|  25|          18|          18|
    |add_ln64_59_fu_3214_p2                |         +|   0|  0|  14|           7|           6|
    |add_ln64_5_fu_2645_p2                 |         +|   0|  0|  71|          64|          64|
    |add_ln64_60_fu_3231_p2                |         +|   0|  0|  71|          64|          64|
    |add_ln64_61_fu_3264_p2                |         +|   0|  0|  25|          18|          18|
    |add_ln64_62_fu_3306_p2                |         +|   0|  0|  14|           7|           6|
    |add_ln64_63_fu_3323_p2                |         +|   0|  0|  71|          64|          64|
    |add_ln64_64_fu_3361_p2                |         +|   0|  0|  25|          18|          18|
    |add_ln64_65_fu_3403_p2                |         +|   0|  0|  13|           6|           5|
    |add_ln64_66_fu_3424_p2                |         +|   0|  0|  71|          64|          64|
    |add_ln64_67_fu_3460_p2                |         +|   0|  0|  25|          18|          18|
    |add_ln64_68_fu_3502_p2                |         +|   0|  0|  15|           8|           7|
    |add_ln64_69_fu_3520_p2                |         +|   0|  0|  71|          64|          64|
    |add_ln64_6_fu_2732_p2                 |         +|   0|  0|  71|          64|          64|
    |add_ln64_70_fu_3553_p2                |         +|   0|  0|  25|          18|          18|
    |add_ln64_71_fu_3595_p2                |         +|   0|  0|  15|           8|           8|
    |add_ln64_72_fu_3612_p2                |         +|   0|  0|  71|          64|          64|
    |add_ln64_73_fu_3645_p2                |         +|   0|  0|  24|          17|          17|
    |add_ln64_74_fu_3691_p2                |         +|   0|  0|  15|           8|           8|
    |add_ln64_75_fu_3708_p2                |         +|   0|  0|  71|          64|          64|
    |add_ln64_76_fu_3741_p2                |         +|   0|  0|  24|          17|          17|
    |add_ln64_77_fu_3787_p2                |         +|   0|  0|  15|           8|           8|
    |add_ln64_78_fu_3804_p2                |         +|   0|  0|  71|          64|          64|
    |add_ln64_79_fu_3879_p2                |         +|   0|  0|  24|          17|          17|
    |add_ln64_7_fu_2817_p2                 |         +|   0|  0|  71|          64|          64|
    |add_ln64_80_fu_3925_p2                |         +|   0|  0|  15|           8|           8|
    |add_ln64_81_fu_3942_p2                |         +|   0|  0|  71|          64|          64|
    |add_ln64_82_fu_3975_p2                |         +|   0|  0|  23|          16|          16|
    |add_ln64_83_fu_4021_p2                |         +|   0|  0|  15|           8|           8|
    |add_ln64_84_fu_4038_p2                |         +|   0|  0|  71|          64|          64|
    |add_ln64_85_fu_4074_p2                |         +|   0|  0|  26|          19|          18|
    |add_ln64_86_fu_4117_p2                |         +|   0|  0|  15|           8|           8|
    |add_ln64_87_fu_4134_p2                |         +|   0|  0|  71|          64|          64|
    |add_ln64_88_fu_4167_p2                |         +|   0|  0|  26|          19|          19|
    |add_ln64_89_fu_4209_p2                |         +|   0|  0|  15|           8|           8|
    |add_ln64_8_fu_2901_p2                 |         +|   0|  0|  71|          64|          64|
    |add_ln64_90_fu_4226_p2                |         +|   0|  0|  71|          64|          64|
    |add_ln64_91_fu_4259_p2                |         +|   0|  0|  26|          19|          19|
    |add_ln64_92_fu_4301_p2                |         +|   0|  0|  15|           8|           7|
    |add_ln64_93_fu_4318_p2                |         +|   0|  0|  71|          64|          64|
    |add_ln64_94_fu_4351_p2                |         +|   0|  0|  26|          19|          19|
    |add_ln64_95_fu_4393_p2                |         +|   0|  0|  15|           8|           7|
    |add_ln64_96_fu_4410_p2                |         +|   0|  0|  71|          64|          64|
    |add_ln64_9_fu_2997_p2                 |         +|   0|  0|  71|          64|          64|
    |add_ln64_fu_2119_p2                   |         +|   0|  0|  22|          15|          15|
    |empty_fu_1507_p2                      |         +|   0|  0|  15|           8|           8|
    |p_mid11067_fu_1839_p2                 |         +|   0|  0|  15|           8|           2|
    |p_mid11525_fu_1666_p2                 |         +|   0|  0|  15|           8|           2|
    |p_mid1_fu_1961_p2                     |         +|   0|  0|  15|           8|           8|
    |tmp_fu_1497_p2                        |         +|   0|  0|   9|           2|           2|
    |empty_170_fu_1557_p2                  |         -|   0|  0|  22|          15|          15|
    |p_mid11093_fu_1895_p2                 |         -|   0|  0|  22|          15|          15|
    |p_mid11551_fu_1714_p2                 |         -|   0|  0|  22|          15|          15|
    |p_mid1858_fu_2035_p2                  |         -|   0|  0|  22|          15|          15|
    |sub_ln57_1_fu_1644_p2                 |         -|   0|  0|  22|          15|          15|
    |sub_ln57_fu_1477_p2                   |         -|   0|  0|  22|          15|          15|
    |sub_ln63_1_fu_2001_p2                 |         -|   0|  0|  12|           5|           5|
    |sub_ln63_fu_1531_p2                   |         -|   0|  0|  12|           5|           5|
    |and_ln37_2_fu_1752_p2                 |       and|   0|  0|   2|           1|           1|
    |and_ln37_fu_1740_p2                   |       and|   0|  0|   2|           1|           1|
    |and_ln40_fu_1921_p2                   |       and|   0|  0|   2|           1|           1|
    |ap_block_state101_pp0_stage4_iter4    |       and|   0|  0|   2|           1|           1|
    |ap_block_state102_io                  |       and|   0|  0|   2|           1|           1|
    |ap_block_state109_pp0_stage12_iter4   |       and|   0|  0|   2|           1|           1|
    |ap_block_state112_io                  |       and|   0|  0|   2|           1|           1|
    |ap_block_state113_io                  |       and|   0|  0|   2|           1|           1|
    |ap_block_state126_pp0_stage5_iter5    |       and|   0|  0|   2|           1|           1|
    |ap_block_state128_io                  |       and|   0|  0|   2|           1|           1|
    |ap_block_state129_io                  |       and|   0|  0|   2|           1|           1|
    |ap_block_state134_pp0_stage13_iter5   |       and|   0|  0|   2|           1|           1|
    |ap_block_state135_io                  |       and|   0|  0|   2|           1|           1|
    |ap_block_state150_pp0_stage5_iter6    |       and|   0|  0|   2|           1|           1|
    |ap_block_state151_io                  |       and|   0|  0|   2|           1|           1|
    |ap_block_state158_pp0_stage13_iter6   |       and|   0|  0|   2|           1|           1|
    |ap_block_state161_io                  |       and|   0|  0|   2|           1|           1|
    |ap_block_state162_io                  |       and|   0|  0|   2|           1|           1|
    |ap_block_state175_pp0_stage6_iter7    |       and|   0|  0|   2|           1|           1|
    |ap_block_state177_io                  |       and|   0|  0|   2|           1|           1|
    |ap_block_state178_io                  |       and|   0|  0|   2|           1|           1|
    |ap_block_state183_pp0_stage14_iter7   |       and|   0|  0|   2|           1|           1|
    |ap_block_state184_io                  |       and|   0|  0|   2|           1|           1|
    |ap_block_state199_pp0_stage6_iter8    |       and|   0|  0|   2|           1|           1|
    |ap_block_state200_io                  |       and|   0|  0|   2|           1|           1|
    |ap_block_state207_pp0_stage14_iter8   |       and|   0|  0|   2|           1|           1|
    |ap_block_state210_io                  |       and|   0|  0|   2|           1|           1|
    |ap_block_state211_io                  |       and|   0|  0|   2|           1|           1|
    |ap_block_state224_pp0_stage7_iter9    |       and|   0|  0|   2|           1|           1|
    |ap_block_state226_io                  |       and|   0|  0|   2|           1|           1|
    |ap_block_state227_io                  |       and|   0|  0|   2|           1|           1|
    |ap_block_state232_pp0_stage15_iter9   |       and|   0|  0|   2|           1|           1|
    |ap_block_state233_io                  |       and|   0|  0|   2|           1|           1|
    |ap_block_state243_io                  |       and|   0|  0|   2|           1|           1|
    |ap_block_state248_pp0_stage7_iter10   |       and|   0|  0|   2|           1|           1|
    |ap_block_state249_io                  |       and|   0|  0|   2|           1|           1|
    |ap_block_state256_pp0_stage15_iter10  |       and|   0|  0|   2|           1|           1|
    |ap_block_state259_io                  |       and|   0|  0|   2|           1|           1|
    |ap_block_state273_pp0_stage8_iter11   |       and|   0|  0|   2|           1|           1|
    |ap_block_state275_io                  |       and|   0|  0|   2|           1|           1|
    |ap_block_state276_io                  |       and|   0|  0|   2|           1|           1|
    |ap_block_state281_pp0_stage16_iter11  |       and|   0|  0|   2|           1|           1|
    |ap_block_state282_io                  |       and|   0|  0|   2|           1|           1|
    |ap_block_state291_io                  |       and|   0|  0|   2|           1|           1|
    |ap_block_state292_io                  |       and|   0|  0|   2|           1|           1|
    |ap_block_state297_pp0_stage8_iter12   |       and|   0|  0|   2|           1|           1|
    |ap_block_state298_io                  |       and|   0|  0|   2|           1|           1|
    |ap_block_state305_pp0_stage16_iter12  |       and|   0|  0|   2|           1|           1|
    |ap_block_state30_io                   |       and|   0|  0|   2|           1|           1|
    |ap_block_state316_io                  |       and|   0|  0|   2|           1|           1|
    |ap_block_state31_io                   |       and|   0|  0|   2|           1|           1|
    |ap_block_state323_pp0_stage10_iter13  |       and|   0|  0|   2|           1|           1|
    |ap_block_state325_io                  |       and|   0|  0|   2|           1|           1|
    |ap_block_state326_io                  |       and|   0|  0|   2|           1|           1|
    |ap_block_state331_pp0_stage18_iter13  |       and|   0|  0|   2|           1|           1|
    |ap_block_state339_pp0_stage2_iter14   |       and|   0|  0|   2|           1|           1|
    |ap_block_state341_io                  |       and|   0|  0|   2|           1|           1|
    |ap_block_state342_io                  |       and|   0|  0|   2|           1|           1|
    |ap_block_state347_pp0_stage10_iter14  |       and|   0|  0|   2|           1|           1|
    |ap_block_state348_io                  |       and|   0|  0|   2|           1|           1|
    |ap_block_state363_pp0_stage2_iter15   |       and|   0|  0|   2|           1|           1|
    |ap_block_state36_pp0_stage11_iter1    |       and|   0|  0|   2|           1|           1|
    |ap_block_state371_io                  |       and|   0|  0|   2|           1|           1|
    |ap_block_state378_pp0_stage17_iter15  |       and|   0|  0|   2|           1|           1|
    |ap_block_state37_io                   |       and|   0|  0|   2|           1|           1|
    |ap_block_state388_io                  |       and|   0|  0|   2|           1|           1|
    |ap_block_state389_io                  |       and|   0|  0|   2|           1|           1|
    |ap_block_state394_pp0_stage9_iter16   |       and|   0|  0|   2|           1|           1|
    |ap_block_state403_io                  |       and|   0|  0|   2|           1|           1|
    |ap_block_state410_pp0_stage1_iter17   |       and|   0|  0|   2|           1|           1|
    |ap_block_state420_io                  |       and|   0|  0|   2|           1|           1|
    |ap_block_state421_io                  |       and|   0|  0|   2|           1|           1|
    |ap_block_state426_pp0_stage17_iter17  |       and|   0|  0|   2|           1|           1|
    |ap_block_state44_pp0_stage19_iter1    |       and|   0|  0|   2|           1|           1|
    |ap_block_state52_pp0_stage3_iter2     |       and|   0|  0|   2|           1|           1|
    |ap_block_state53_io                   |       and|   0|  0|   2|           1|           1|
    |ap_block_state60_pp0_stage11_iter2    |       and|   0|  0|   2|           1|           1|
    |ap_block_state63_io                   |       and|   0|  0|   2|           1|           1|
    |ap_block_state64_io                   |       and|   0|  0|   2|           1|           1|
    |ap_block_state77_pp0_stage4_iter3     |       and|   0|  0|   2|           1|           1|
    |ap_block_state79_io                   |       and|   0|  0|   2|           1|           1|
    |ap_block_state80_io                   |       and|   0|  0|   2|           1|           1|
    |ap_block_state85_pp0_stage12_iter3    |       and|   0|  0|   2|           1|           1|
    |ap_block_state86_io                   |       and|   0|  0|   2|           1|           1|
    |ap_predicate_op1009_read_state17      |       and|   0|  0|   2|           1|           1|
    |cmp34_fu_1513_p2                      |      icmp|   0|  0|  11|           8|           7|
    |cmp34_mid11069_fu_1853_p2             |      icmp|   0|  0|  11|           8|           7|
    |cmp34_mid11527_fu_1680_p2             |      icmp|   0|  0|  11|           8|           7|
    |cmp34_mid1_fu_1975_p2                 |      icmp|   0|  0|  11|           8|           7|
    |icmp_ln37_fu_1563_p2                  |      icmp|   0|  0|  13|          17|          16|
    |icmp_ln40_fu_1584_p2                  |      icmp|   0|  0|  11|          11|          10|
    |icmp_ln44_fu_1746_p2                  |      icmp|   0|  0|   9|           4|           4|
    |icmp_ln47_fu_1734_p2                  |      icmp|   0|  0|   8|           2|           2|
    |icmp_ln52_fu_2087_p2                  |      icmp|   0|  0|  11|           8|           7|
    |ap_block_pp0_stage0_00001             |        or|   0|  0|   2|           1|           1|
    |ap_block_pp0_stage0_11001             |        or|   0|  0|   2|           1|           1|
    |ap_block_pp0_stage10_00001            |        or|   0|  0|   2|           1|           1|
    |ap_block_pp0_stage10_11001            |        or|   0|  0|   2|           1|           1|
    |ap_block_pp0_stage11_00001            |        or|   0|  0|   2|           1|           1|
    |ap_block_pp0_stage11_11001            |        or|   0|  0|   2|           1|           1|
    |ap_block_pp0_stage12_00001            |        or|   0|  0|   2|           1|           1|
    |ap_block_pp0_stage12_11001            |        or|   0|  0|   2|           1|           1|
    |ap_block_pp0_stage13_00001            |        or|   0|  0|   2|           1|           1|
    |ap_block_pp0_stage13_11001            |        or|   0|  0|   2|           1|           1|
    |ap_block_pp0_stage14_00001            |        or|   0|  0|   2|           1|           1|
    |ap_block_pp0_stage14_11001            |        or|   0|  0|   2|           1|           1|
    |ap_block_pp0_stage15_00001            |        or|   0|  0|   2|           1|           1|
    |ap_block_pp0_stage15_11001            |        or|   0|  0|   2|           1|           1|
    |ap_block_pp0_stage16_00001            |        or|   0|  0|   2|           1|           1|
    |ap_block_pp0_stage16_11001            |        or|   0|  0|   2|           1|           1|
    |ap_block_pp0_stage17_00001            |        or|   0|  0|   2|           1|           1|
    |ap_block_pp0_stage17_11001            |        or|   0|  0|   2|           1|           1|
    |ap_block_pp0_stage18_00001            |        or|   0|  0|   2|           1|           1|
    |ap_block_pp0_stage18_11001            |        or|   0|  0|   2|           1|           1|
    |ap_block_pp0_stage19_00001            |        or|   0|  0|   2|           1|           1|
    |ap_block_pp0_stage19_11001            |        or|   0|  0|   2|           1|           1|
    |ap_block_pp0_stage1_00001             |        or|   0|  0|   2|           1|           1|
    |ap_block_pp0_stage1_11001             |        or|   0|  0|   2|           1|           1|
    |ap_block_pp0_stage20_00001            |        or|   0|  0|   2|           1|           1|
    |ap_block_pp0_stage20_11001            |        or|   0|  0|   2|           1|           1|
    |ap_block_pp0_stage21_00001            |        or|   0|  0|   2|           1|           1|
    |ap_block_pp0_stage21_11001            |        or|   0|  0|   2|           1|           1|
    |ap_block_pp0_stage22_00001            |        or|   0|  0|   2|           1|           1|
    |ap_block_pp0_stage22_11001            |        or|   0|  0|   2|           1|           1|
    |ap_block_pp0_stage23_00001            |        or|   0|  0|   2|           1|           1|
    |ap_block_pp0_stage23_11001            |        or|   0|  0|   2|           1|           1|
    |ap_block_pp0_stage2_00001             |        or|   0|  0|   2|           1|           1|
    |ap_block_pp0_stage2_11001             |        or|   0|  0|   2|           1|           1|
    |ap_block_pp0_stage3_00001             |        or|   0|  0|   2|           1|           1|
    |ap_block_pp0_stage3_11001             |        or|   0|  0|   2|           1|           1|
    |ap_block_pp0_stage4_00001             |        or|   0|  0|   2|           1|           1|
    |ap_block_pp0_stage4_11001             |        or|   0|  0|   2|           1|           1|
    |ap_block_pp0_stage5_00001             |        or|   0|  0|   2|           1|           1|
    |ap_block_pp0_stage5_11001             |        or|   0|  0|   2|           1|           1|
    |ap_block_pp0_stage6_00001             |        or|   0|  0|   2|           1|           1|
    |ap_block_pp0_stage6_11001             |        or|   0|  0|   2|           1|           1|
    |ap_block_pp0_stage7_00001             |        or|   0|  0|   2|           1|           1|
    |ap_block_pp0_stage7_11001             |        or|   0|  0|   2|           1|           1|
    |ap_block_pp0_stage8_00001             |        or|   0|  0|   2|           1|           1|
    |ap_block_pp0_stage8_11001             |        or|   0|  0|   2|           1|           1|
    |ap_block_pp0_stage9_00001             |        or|   0|  0|   2|           1|           1|
    |ap_block_pp0_stage9_11001             |        or|   0|  0|   2|           1|           1|
    |ap_block_state10_io                   |        or|   0|  0|   2|           1|           1|
    |ap_block_state10_pp0_stage9_iter0     |        or|   0|  0|   2|           1|           1|
    |ap_block_state11_io                   |        or|   0|  0|   2|           1|           1|
    |ap_block_state11_pp0_stage10_iter0    |        or|   0|  0|   2|           1|           1|
    |ap_block_state12_io                   |        or|   0|  0|   2|           1|           1|
    |ap_block_state12_pp0_stage11_iter0    |        or|   0|  0|   2|           1|           1|
    |ap_block_state13_io                   |        or|   0|  0|   2|           1|           1|
    |ap_block_state13_pp0_stage12_iter0    |        or|   0|  0|   2|           1|           1|
    |ap_block_state14_io                   |        or|   0|  0|   2|           1|           1|
    |ap_block_state14_pp0_stage13_iter0    |        or|   0|  0|   2|           1|           1|
    |ap_block_state15_io                   |        or|   0|  0|   2|           1|           1|
    |ap_block_state15_pp0_stage14_iter0    |        or|   0|  0|   2|           1|           1|
    |ap_block_state16_io                   |        or|   0|  0|   2|           1|           1|
    |ap_block_state16_pp0_stage15_iter0    |        or|   0|  0|   2|           1|           1|
    |ap_block_state17_io                   |        or|   0|  0|   2|           1|           1|
    |ap_block_state17_pp0_stage16_iter0    |        or|   0|  0|   2|           1|           1|
    |ap_block_state18_io                   |        or|   0|  0|   2|           1|           1|
    |ap_block_state18_pp0_stage17_iter0    |        or|   0|  0|   2|           1|           1|
    |ap_block_state19_io                   |        or|   0|  0|   2|           1|           1|
    |ap_block_state19_pp0_stage18_iter0    |        or|   0|  0|   2|           1|           1|
    |ap_block_state20_io                   |        or|   0|  0|   2|           1|           1|
    |ap_block_state20_pp0_stage19_iter0    |        or|   0|  0|   2|           1|           1|
    |ap_block_state21_io                   |        or|   0|  0|   2|           1|           1|
    |ap_block_state21_pp0_stage20_iter0    |        or|   0|  0|   2|           1|           1|
    |ap_block_state22_io                   |        or|   0|  0|   2|           1|           1|
    |ap_block_state22_pp0_stage21_iter0    |        or|   0|  0|   2|           1|           1|
    |ap_block_state23_io                   |        or|   0|  0|   2|           1|           1|
    |ap_block_state23_pp0_stage22_iter0    |        or|   0|  0|   2|           1|           1|
    |ap_block_state24_io                   |        or|   0|  0|   2|           1|           1|
    |ap_block_state24_pp0_stage23_iter0    |        or|   0|  0|   2|           1|           1|
    |ap_block_state25_io                   |        or|   0|  0|   2|           1|           1|
    |ap_block_state25_pp0_stage0_iter1     |        or|   0|  0|   2|           1|           1|
    |ap_block_state26_io                   |        or|   0|  0|   2|           1|           1|
    |ap_block_state26_pp0_stage1_iter1     |        or|   0|  0|   2|           1|           1|
    |ap_block_state27_pp0_stage2_iter1     |        or|   0|  0|   2|           1|           1|
    |ap_block_state28_pp0_stage3_iter1     |        or|   0|  0|   2|           1|           1|
    |ap_block_state3_io                    |        or|   0|  0|   2|           1|           1|
    |ap_block_state4_io                    |        or|   0|  0|   2|           1|           1|
    |ap_block_state5_io                    |        or|   0|  0|   2|           1|           1|
    |ap_block_state6_io                    |        or|   0|  0|   2|           1|           1|
    |ap_block_state7_io                    |        or|   0|  0|   2|           1|           1|
    |ap_block_state8_io                    |        or|   0|  0|   2|           1|           1|
    |ap_block_state9_io                    |        or|   0|  0|   2|           1|           1|
    |or_ln40_2_fu_1915_p2                  |        or|   0|  0|   2|           1|           1|
    |or_ln40_fu_1764_p2                    |        or|   0|  0|   2|           1|           1|
    |or_ln44_2_fu_1939_p2                  |        or|   0|  0|   2|           1|           1|
    |or_ln44_fu_1933_p2                    |        or|   0|  0|   2|           1|           1|
    |or_ln52_1_fu_2093_p2                  |        or|   0|  0|   2|           1|           1|
    |or_ln52_2_fu_2099_p2                  |        or|   0|  0|   2|           1|           1|
    |or_ln52_fu_2073_p2                    |        or|   0|  0|   8|           8|           8|
    |select_ln37_10_fu_1672_p3             |    select|   0|  0|   8|           1|           8|
    |select_ln37_11_fu_1686_p3             |    select|   0|  0|   2|           1|           1|
    |select_ln37_12_fu_1720_p3             |    select|   0|  0|  15|           1|          15|
    |select_ln37_7_fu_1608_p3              |    select|   0|  0|   7|           1|           7|
    |select_ln37_8_fu_1650_p3              |    select|   0|  0|  15|           1|          15|
    |select_ln37_9_fu_1658_p3              |    select|   0|  0|  15|           1|          15|
    |select_ln37_fu_1590_p3                |    select|   0|  0|   7|           1|           1|
    |select_ln40_10_fu_1845_p3             |    select|   0|  0|   8|           1|           8|
    |select_ln40_11_fu_1859_p3             |    select|   0|  0|   2|           1|           1|
    |select_ln40_12_fu_1867_p3             |    select|   0|  0|   5|           1|           1|
    |select_ln40_13_fu_1901_p3             |    select|   0|  0|  15|           1|          15|
    |select_ln40_14_fu_2237_p3             |    select|   0|  0|  11|           1|           1|
    |select_ln40_8_fu_1778_p3              |    select|   0|  0|   7|           1|           7|
    |select_ln40_9_fu_1800_p3              |    select|   0|  0|  15|           1|          15|
    |select_ln40_fu_1770_p3                |    select|   0|  0|   2|           1|           1|
    |select_ln44_10_fu_2049_p3             |    select|   0|  0|   2|           1|           2|
    |select_ln44_11_fu_2223_p3             |    select|   0|  0|   4|           1|           1|
    |select_ln44_6_fu_1967_p3              |    select|   0|  0|   8|           1|           8|
    |select_ln44_7_fu_1981_p3              |    select|   0|  0|   2|           1|           1|
    |select_ln44_8_fu_2007_p3              |    select|   0|  0|   5|           1|           5|
    |select_ln44_9_fu_2041_p3              |    select|   0|  0|  15|           1|          15|
    |select_ln44_fu_1945_p3                |    select|   0|  0|   2|           1|           1|
    |ap_enable_pp0                         |       xor|   0|  0|   2|           1|           2|
    |xor_ln37_fu_1728_p2                   |       xor|   0|  0|   2|           1|           2|
    |xor_ln40_fu_1909_p2                   |       xor|   0|  0|   2|           1|           2|
    +--------------------------------------+----------+----+---+----+------------+------------+
    |Total                                 |          |   0|  0|7630|        6103|        6139|
    +--------------------------------------+----------+----+---+----+------------+------------+

    * Multiplexer: 
    +-----------------------------------+-----+-----------+-----+-----------+
    |                Name               | LUT | Input Size| Bits| Total Bits|
    +-----------------------------------+-----+-----------+-----+-----------+
    |ap_NS_fsm                          |  123|         25|    1|         25|
    |ap_done_int                        |    9|          2|    1|          2|
    |ap_enable_reg_pp0_iter0            |    9|          2|    1|          2|
    |ap_enable_reg_pp0_iter1            |    9|          2|    1|          2|
    |ap_enable_reg_pp0_iter17           |    9|          2|    1|          2|
    |ap_loop_exit_ready_pp0_iter10_reg  |    9|          2|    1|          2|
    |ap_loop_exit_ready_pp0_iter11_reg  |    9|          2|    1|          2|
    |ap_loop_exit_ready_pp0_iter12_reg  |    9|          2|    1|          2|
    |ap_loop_exit_ready_pp0_iter13_reg  |    9|          2|    1|          2|
    |ap_loop_exit_ready_pp0_iter14_reg  |    9|          2|    1|          2|
    |ap_loop_exit_ready_pp0_iter15_reg  |    9|          2|    1|          2|
    |ap_loop_exit_ready_pp0_iter16_reg  |    9|          2|    1|          2|
    |ap_loop_exit_ready_pp0_iter1_reg   |    9|          2|    1|          2|
    |ap_loop_exit_ready_pp0_iter2_reg   |    9|          2|    1|          2|
    |ap_loop_exit_ready_pp0_iter3_reg   |    9|          2|    1|          2|
    |ap_loop_exit_ready_pp0_iter4_reg   |    9|          2|    1|          2|
    |ap_loop_exit_ready_pp0_iter5_reg   |    9|          2|    1|          2|
    |ap_loop_exit_ready_pp0_iter6_reg   |    9|          2|    1|          2|
    |ap_loop_exit_ready_pp0_iter7_reg   |    9|          2|    1|          2|
    |ap_loop_exit_ready_pp0_iter8_reg   |    9|          2|    1|          2|
    |ap_loop_exit_ready_pp0_iter9_reg   |    9|          2|    1|          2|
    |col_fu_252                         |    9|          2|    7|         14|
    |gmem2_blk_n_AR                     |    9|          2|    1|          2|
    |gmem2_blk_n_R                      |    9|          2|    1|          2|
    |gmem3_blk_n_AR                     |    9|          2|    1|          2|
    |gmem3_blk_n_AW                     |    9|          2|    1|          2|
    |gmem3_blk_n_B                      |    9|          2|    1|          2|
    |gmem3_blk_n_R                      |    9|          2|    1|          2|
    |gmem3_blk_n_W                      |    9|          2|    1|          2|
    |gmem_blk_n_AR                      |    9|          2|    1|          2|
    |gmem_blk_n_R                       |    9|          2|    1|          2|
    |grp_fu_1390_p0                     |  123|         25|   32|        800|
    |grp_fu_1390_p1                     |  123|         25|   32|        800|
    |grp_fu_1394_p0                     |  123|         25|   32|        800|
    |grp_fu_1394_p1                     |  123|         25|   32|        800|
    |indvar_flatten1097_fu_256          |    9|          2|   11|         22|
    |indvar_flatten1559_fu_264          |    9|          2|   17|         34|
    |indvar_flatten_fu_248              |    9|          2|    4|          8|
    |kernel_col_fu_240                  |    9|          2|    2|          4|
    |kernel_row_fu_244                  |    9|          2|    2|          4|
    |m_axi_gmem2_ARADDR                 |  123|         25|   64|       1600|
    |m_axi_gmem3_ARADDR                 |  123|         25|   64|       1600|
    |m_axi_gmem3_AWADDR                 |  123|         25|   64|       1600|
    |m_axi_gmem3_WDATA                  |  123|         25|   32|        800|
    |m_axi_gmem_ARADDR                  |  123|         25|   64|       1600|
    |row_fu_260                         |    9|          2|    7|         14|
    +-----------------------------------+-----+-----------+-----+-----------+
    |Total                              | 1554|        322|  496|      10583|
    +-----------------------------------+-----+-----------+-----+-----------+

    * Register: 
    +------------------------------------+----+----+-----+-----------+
    |                Name                | FF | LUT| Bits| Const Bits|
    +------------------------------------+----+----+-----+-----------+
    |add_ln64_25_reg_5840                |   5|   0|    5|          0|
    |add_ln64_reg_5825                   |  15|   0|   15|          0|
    |ap_CS_fsm                           |  24|   0|   24|          0|
    |ap_done_reg                         |   1|   0|    1|          0|
    |ap_enable_reg_pp0_iter0_reg         |   1|   0|    1|          0|
    |ap_enable_reg_pp0_iter1             |   1|   0|    1|          0|
    |ap_enable_reg_pp0_iter10            |   1|   0|    1|          0|
    |ap_enable_reg_pp0_iter11            |   1|   0|    1|          0|
    |ap_enable_reg_pp0_iter12            |   1|   0|    1|          0|
    |ap_enable_reg_pp0_iter13            |   1|   0|    1|          0|
    |ap_enable_reg_pp0_iter14            |   1|   0|    1|          0|
    |ap_enable_reg_pp0_iter15            |   1|   0|    1|          0|
    |ap_enable_reg_pp0_iter16            |   1|   0|    1|          0|
    |ap_enable_reg_pp0_iter17            |   1|   0|    1|          0|
    |ap_enable_reg_pp0_iter2             |   1|   0|    1|          0|
    |ap_enable_reg_pp0_iter3             |   1|   0|    1|          0|
    |ap_enable_reg_pp0_iter4             |   1|   0|    1|          0|
    |ap_enable_reg_pp0_iter5             |   1|   0|    1|          0|
    |ap_enable_reg_pp0_iter6             |   1|   0|    1|          0|
    |ap_enable_reg_pp0_iter7             |   1|   0|    1|          0|
    |ap_enable_reg_pp0_iter8             |   1|   0|    1|          0|
    |ap_enable_reg_pp0_iter9             |   1|   0|    1|          0|
    |ap_loop_exit_ready_pp0_iter10_reg   |   1|   0|    1|          0|
    |ap_loop_exit_ready_pp0_iter11_reg   |   1|   0|    1|          0|
    |ap_loop_exit_ready_pp0_iter12_reg   |   1|   0|    1|          0|
    |ap_loop_exit_ready_pp0_iter13_reg   |   1|   0|    1|          0|
    |ap_loop_exit_ready_pp0_iter14_reg   |   1|   0|    1|          0|
    |ap_loop_exit_ready_pp0_iter15_reg   |   1|   0|    1|          0|
    |ap_loop_exit_ready_pp0_iter16_reg   |   1|   0|    1|          0|
    |ap_loop_exit_ready_pp0_iter1_reg    |   1|   0|    1|          0|
    |ap_loop_exit_ready_pp0_iter2_reg    |   1|   0|    1|          0|
    |ap_loop_exit_ready_pp0_iter3_reg    |   1|   0|    1|          0|
    |ap_loop_exit_ready_pp0_iter4_reg    |   1|   0|    1|          0|
    |ap_loop_exit_ready_pp0_iter5_reg    |   1|   0|    1|          0|
    |ap_loop_exit_ready_pp0_iter6_reg    |   1|   0|    1|          0|
    |ap_loop_exit_ready_pp0_iter7_reg    |   1|   0|    1|          0|
    |ap_loop_exit_ready_pp0_iter8_reg    |   1|   0|    1|          0|
    |ap_loop_exit_ready_pp0_iter9_reg    |   1|   0|    1|          0|
    |col_fu_252                          |   7|   0|    7|          0|
    |gmem2_addr_10_read_reg_6378         |  32|   0|   32|          0|
    |gmem2_addr_10_reg_6067              |  64|   0|   64|          0|
    |gmem2_addr_11_read_reg_6415         |  32|   0|   32|          0|
    |gmem2_addr_11_reg_6109              |  64|   0|   64|          0|
    |gmem2_addr_12_read_reg_6459         |  32|   0|   32|          0|
    |gmem2_addr_12_reg_6146              |  64|   0|   64|          0|
    |gmem2_addr_13_read_reg_6496         |  32|   0|   32|          0|
    |gmem2_addr_13_reg_6183              |  64|   0|   64|          0|
    |gmem2_addr_14_read_reg_6533         |  32|   0|   32|          0|
    |gmem2_addr_14_reg_6233              |  64|   0|   64|          0|
    |gmem2_addr_15_read_reg_6570         |  32|   0|   32|          0|
    |gmem2_addr_15_reg_6270              |  64|   0|   64|          0|
    |gmem2_addr_16_read_reg_6607         |  32|   0|   32|          0|
    |gmem2_addr_16_reg_6307              |  64|   0|   64|          0|
    |gmem2_addr_17_read_reg_6632         |  32|   0|   32|          0|
    |gmem2_addr_17_reg_6344              |  64|   0|   64|          0|
    |gmem2_addr_18_read_reg_6662         |  32|   0|   32|          0|
    |gmem2_addr_18_reg_6388              |  64|   0|   64|          0|
    |gmem2_addr_19_read_reg_6692         |  32|   0|   32|          0|
    |gmem2_addr_19_reg_6425              |  64|   0|   64|          0|
    |gmem2_addr_1_read_reg_6011          |  32|   0|   32|          0|
    |gmem2_addr_1_reg_5855               |  64|   0|   64|          0|
    |gmem2_addr_20_read_reg_6717         |  32|   0|   32|          0|
    |gmem2_addr_20_reg_6469              |  64|   0|   64|          0|
    |gmem2_addr_21_read_reg_6742         |  32|   0|   32|          0|
    |gmem2_addr_21_reg_6506              |  64|   0|   64|          0|
    |gmem2_addr_22_read_reg_6767         |  32|   0|   32|          0|
    |gmem2_addr_22_reg_6543              |  64|   0|   64|          0|
    |gmem2_addr_23_read_reg_6792         |  32|   0|   32|          0|
    |gmem2_addr_23_reg_6580              |  64|   0|   64|          0|
    |gmem2_addr_2_read_reg_6057          |  32|   0|   32|          0|
    |gmem2_addr_2_reg_5875               |  64|   0|   64|          0|
    |gmem2_addr_3_read_reg_6099          |  32|   0|   32|          0|
    |gmem2_addr_3_reg_5894               |  64|   0|   64|          0|
    |gmem2_addr_4_read_reg_6136          |  32|   0|   32|          0|
    |gmem2_addr_4_reg_5906               |  64|   0|   64|          0|
    |gmem2_addr_5_read_reg_6173          |  32|   0|   32|          0|
    |gmem2_addr_5_reg_5928               |  64|   0|   64|          0|
    |gmem2_addr_6_read_reg_6223          |  32|   0|   32|          0|
    |gmem2_addr_6_reg_5950               |  64|   0|   64|          0|
    |gmem2_addr_7_read_reg_6260          |  32|   0|   32|          0|
    |gmem2_addr_7_reg_5962               |  64|   0|   64|          0|
    |gmem2_addr_8_read_reg_6297          |  32|   0|   32|          0|
    |gmem2_addr_8_reg_5989               |  64|   0|   64|          0|
    |gmem2_addr_9_read_reg_6334          |  32|   0|   32|          0|
    |gmem2_addr_9_reg_6021               |  64|   0|   64|          0|
    |gmem2_addr_read_reg_5979            |  32|   0|   32|          0|
    |gmem2_addr_reg_5834                 |  64|   0|   64|          0|
    |gmem3_addr_24_read_reg_6642         |  32|   0|   32|          0|
    |gmem3_addr_24_reg_6356              |  64|   0|   64|          0|
    |gmem3_addr_25_read_reg_6835         |  32|   0|   32|          0|
    |gmem3_addr_25_reg_6828              |  64|   0|   64|          0|
    |gmem3_addr_26_read_reg_6852         |  32|   0|   32|          0|
    |gmem3_addr_26_reg_6845              |  64|   0|   64|          0|
    |gmem3_addr_27_read_reg_6869         |  32|   0|   32|          0|
    |gmem3_addr_27_reg_6862              |  64|   0|   64|          0|
    |gmem3_addr_28_read_reg_6897         |  32|   0|   32|          0|
    |gmem3_addr_28_reg_6890              |  64|   0|   64|          0|
    |gmem3_addr_29_read_reg_6914         |  32|   0|   32|          0|
    |gmem3_addr_29_reg_6907              |  64|   0|   64|          0|
    |gmem3_addr_30_read_reg_6931         |  32|   0|   32|          0|
    |gmem3_addr_30_reg_6924              |  64|   0|   64|          0|
    |gmem3_addr_31_read_reg_6948         |  32|   0|   32|          0|
    |gmem3_addr_31_reg_6941              |  64|   0|   64|          0|
    |gmem3_addr_32_read_reg_6965         |  32|   0|   32|          0|
    |gmem3_addr_32_reg_6958              |  64|   0|   64|          0|
    |gmem3_addr_33_read_reg_6992         |  32|   0|   32|          0|
    |gmem3_addr_33_reg_6985              |  64|   0|   64|          0|
    |gmem3_addr_34_read_reg_7009         |  32|   0|   32|          0|
    |gmem3_addr_34_reg_7002              |  64|   0|   64|          0|
    |gmem3_addr_35_read_reg_7026         |  32|   0|   32|          0|
    |gmem3_addr_35_reg_7019              |  64|   0|   64|          0|
    |gmem3_addr_36_read_reg_7043         |  32|   0|   32|          0|
    |gmem3_addr_36_reg_7036              |  64|   0|   64|          0|
    |gmem3_addr_37_read_reg_7060         |  32|   0|   32|          0|
    |gmem3_addr_37_reg_7053              |  64|   0|   64|          0|
    |gmem3_addr_38_read_reg_7077         |  32|   0|   32|          0|
    |gmem3_addr_38_reg_7070              |  64|   0|   64|          0|
    |gmem3_addr_39_read_reg_7094         |  32|   0|   32|          0|
    |gmem3_addr_39_reg_7087              |  64|   0|   64|          0|
    |gmem3_addr_40_read_reg_7111         |  32|   0|   32|          0|
    |gmem3_addr_40_reg_7104              |  64|   0|   64|          0|
    |gmem3_addr_41_read_reg_7128         |  32|   0|   32|          0|
    |gmem3_addr_41_reg_7121              |  64|   0|   64|          0|
    |gmem3_addr_42_read_reg_7145         |  32|   0|   32|          0|
    |gmem3_addr_42_reg_7138              |  64|   0|   64|          0|
    |gmem3_addr_43_read_reg_7169         |  32|   0|   32|          0|
    |gmem3_addr_43_reg_7162              |  64|   0|   64|          0|
    |gmem3_addr_44_read_reg_7186         |  32|   0|   32|          0|
    |gmem3_addr_44_reg_7179              |  64|   0|   64|          0|
    |gmem3_addr_45_read_reg_7203         |  32|   0|   32|          0|
    |gmem3_addr_45_reg_7196              |  64|   0|   64|          0|
    |gmem3_addr_46_read_reg_7220         |  32|   0|   32|          0|
    |gmem3_addr_46_reg_7213              |  64|   0|   64|          0|
    |gmem3_addr_read_reg_5974            |  32|   0|   32|          0|
    |gmem3_addr_reg_5818                 |  64|   0|   64|          0|
    |gmem_addr_10_read_reg_6383          |  32|   0|   32|          0|
    |gmem_addr_10_reg_6073               |  64|   0|   64|          0|
    |gmem_addr_11_read_reg_6420          |  32|   0|   32|          0|
    |gmem_addr_11_reg_6115               |  64|   0|   64|          0|
    |gmem_addr_12_read_reg_6464          |  32|   0|   32|          0|
    |gmem_addr_12_reg_6152               |  64|   0|   64|          0|
    |gmem_addr_13_read_reg_6501          |  32|   0|   32|          0|
    |gmem_addr_13_reg_6189               |  64|   0|   64|          0|
    |gmem_addr_14_read_reg_6538          |  32|   0|   32|          0|
    |gmem_addr_14_reg_6239               |  64|   0|   64|          0|
    |gmem_addr_15_read_reg_6575          |  32|   0|   32|          0|
    |gmem_addr_15_reg_6276               |  64|   0|   64|          0|
    |gmem_addr_16_read_reg_6612          |  32|   0|   32|          0|
    |gmem_addr_16_reg_6313               |  64|   0|   64|          0|
    |gmem_addr_17_read_reg_6637          |  32|   0|   32|          0|
    |gmem_addr_17_reg_6350               |  64|   0|   64|          0|
    |gmem_addr_18_read_reg_6667          |  32|   0|   32|          0|
    |gmem_addr_18_reg_6394               |  64|   0|   64|          0|
    |gmem_addr_19_read_reg_6697          |  32|   0|   32|          0|
    |gmem_addr_19_reg_6431               |  64|   0|   64|          0|
    |gmem_addr_1_read_reg_6016           |  32|   0|   32|          0|
    |gmem_addr_1_reg_5861                |  64|   0|   64|          0|
    |gmem_addr_20_read_reg_6722          |  32|   0|   32|          0|
    |gmem_addr_20_reg_6475               |  64|   0|   64|          0|
    |gmem_addr_21_read_reg_6747          |  32|   0|   32|          0|
    |gmem_addr_21_reg_6512               |  64|   0|   64|          0|
    |gmem_addr_22_read_reg_6772          |  32|   0|   32|          0|
    |gmem_addr_22_reg_6549               |  64|   0|   64|          0|
    |gmem_addr_23_read_reg_6797          |  32|   0|   32|          0|
    |gmem_addr_23_reg_6586               |  64|   0|   64|          0|
    |gmem_addr_2_read_reg_6062           |  32|   0|   32|          0|
    |gmem_addr_2_reg_5881                |  64|   0|   64|          0|
    |gmem_addr_3_read_reg_6104           |  32|   0|   32|          0|
    |gmem_addr_3_reg_5900                |  64|   0|   64|          0|
    |gmem_addr_4_read_reg_6141           |  32|   0|   32|          0|
    |gmem_addr_4_reg_5912                |  64|   0|   64|          0|
    |gmem_addr_5_read_reg_6178           |  32|   0|   32|          0|
    |gmem_addr_5_reg_5934                |  64|   0|   64|          0|
    |gmem_addr_6_read_reg_6228           |  32|   0|   32|          0|
    |gmem_addr_6_reg_5956                |  64|   0|   64|          0|
    |gmem_addr_7_read_reg_6265           |  32|   0|   32|          0|
    |gmem_addr_7_reg_5968                |  64|   0|   64|          0|
    |gmem_addr_8_read_reg_6302           |  32|   0|   32|          0|
    |gmem_addr_8_reg_5995                |  64|   0|   64|          0|
    |gmem_addr_9_read_reg_6339           |  32|   0|   32|          0|
    |gmem_addr_9_reg_6027                |  64|   0|   64|          0|
    |gmem_addr_read_reg_5984             |  32|   0|   32|          0|
    |gmem_addr_reg_5849                  |  64|   0|   64|          0|
    |icmp_ln37_reg_5801                  |   1|   0|    1|          0|
    |indvar_flatten1097_fu_256           |  11|   0|   11|          0|
    |indvar_flatten1559_fu_264           |  17|   0|   17|          0|
    |indvar_flatten_fu_248               |   4|   0|    4|          0|
    |kernel_col_fu_240                   |   2|   0|    2|          0|
    |kernel_row_fu_244                   |   2|   0|    2|          0|
    |mul_10_reg_6444                     |  32|   0|   32|          0|
    |mul_11_reg_6481                     |  32|   0|   32|          0|
    |mul_12_reg_6518                     |  32|   0|   32|          0|
    |mul_13_reg_6555                     |  32|   0|   32|          0|
    |mul_14_reg_6592                     |  32|   0|   32|          0|
    |mul_15_reg_6617                     |  32|   0|   32|          0|
    |mul_16_reg_6647                     |  32|   0|   32|          0|
    |mul_17_reg_6677                     |  32|   0|   32|          0|
    |mul_18_reg_6702                     |  32|   0|   32|          0|
    |mul_19_reg_6727                     |  32|   0|   32|          0|
    |mul_1_reg_6084                      |  32|   0|   32|          0|
    |mul_20_reg_6752                     |  32|   0|   32|          0|
    |mul_21_reg_6777                     |  32|   0|   32|          0|
    |mul_22_reg_6802                     |  32|   0|   32|          0|
    |mul_2_reg_6121                      |  32|   0|   32|          0|
    |mul_2_reg_6121_pp0_iter1_reg        |  32|   0|   32|          0|
    |mul_3_reg_6158                      |  32|   0|   32|          0|
    |mul_3_reg_6158_pp0_iter1_reg        |  32|   0|   32|          0|
    |mul_4_reg_6208                      |  32|   0|   32|          0|
    |mul_5_reg_6245                      |  32|   0|   32|          0|
    |mul_6_reg_6282                      |  32|   0|   32|          0|
    |mul_7_reg_6319                      |  32|   0|   32|          0|
    |mul_8_reg_6363                      |  32|   0|   32|          0|
    |mul_9_reg_6400                      |  32|   0|   32|          0|
    |mul_reg_6042                        |  32|   0|   32|          0|
    |mul_s_reg_6817                      |  32|   0|   32|          0|
    |or_ln52_2_reg_5814                  |   1|   0|    1|          0|
    |reg_1398                            |  32|   0|   32|          0|
    |row_fu_260                          |   7|   0|    7|          0|
    |select_ln40_9_reg_5805              |  15|   0|   15|          0|
    |sext_ln40_13_reg_6975               |  18|   0|   18|          0|
    |sext_ln40_27_reg_7155               |  19|   0|   19|          0|
    |sext_ln40_3_reg_6822                |  16|   0|   16|          0|
    |sext_ln40_3_reg_6822_pp0_iter2_reg  |  16|   0|   16|          0|
    |sext_ln40_7_reg_6879                |  17|   0|   17|          0|
    |sext_ln64_14_reg_6195               |   8|   0|    8|          0|
    |sext_ln64_17_reg_5940               |   7|   0|    7|          0|
    |sext_ln64_20_reg_5887               |   6|   0|    6|          0|
    |sext_ln64_2_reg_6033                |  18|   0|   18|          0|
    |sext_ln64_5_reg_5867                |  16|   0|   16|          0|
    |sext_ln64_8_reg_5918                |  17|   0|   17|          0|
    |sext_ln64_reg_6437                  |  19|   0|   19|          0|
    |icmp_ln37_reg_5801                  |  64|  32|    1|          0|
    |mul_10_reg_6444                     |  64|  32|   32|          0|
    |mul_11_reg_6481                     |  64|  32|   32|          0|
    |mul_12_reg_6518                     |  64|  32|   32|          0|
    |mul_13_reg_6555                     |  64|  32|   32|          0|
    |mul_14_reg_6592                     |  64|  32|   32|          0|
    |mul_15_reg_6617                     |  64|  32|   32|          0|
    |mul_16_reg_6647                     |  64|  32|   32|          0|
    |mul_17_reg_6677                     |  64|  32|   32|          0|
    |mul_18_reg_6702                     |  64|  32|   32|          0|
    |mul_19_reg_6727                     |  64|  32|   32|          0|
    |mul_20_reg_6752                     |  64|  32|   32|          0|
    |mul_21_reg_6777                     |  64|  32|   32|          0|
    |mul_22_reg_6802                     |  64|  32|   32|          0|
    |mul_4_reg_6208                      |  64|  32|   32|          0|
    |mul_5_reg_6245                      |  64|  32|   32|          0|
    |mul_6_reg_6282                      |  64|  32|   32|          0|
    |mul_7_reg_6319                      |  64|  32|   32|          0|
    |mul_8_reg_6363                      |  64|  32|   32|          0|
    |mul_9_reg_6400                      |  64|  32|   32|          0|
    |mul_s_reg_6817                      |  64|  32|   32|          0|
    |or_ln52_2_reg_5814                  |  64|  32|    1|          0|
    |select_ln40_9_reg_5805              |  64|  32|   15|          0|
    |sext_ln40_13_reg_6975               |  64|  32|   18|          0|
    |sext_ln40_27_reg_7155               |  64|  32|   19|          0|
    |sext_ln40_7_reg_6879                |  64|  32|   17|          0|
    +------------------------------------+----+----+-----+-----------+
    |Total                               |9763| 832| 8810|          0|
    +------------------------------------+----+----+-----+-----------+



================================================================
== Interface
================================================================
* Summary: 
+----------------------+-----+-----+------------+------------------+--------------+
|       RTL Ports      | Dir | Bits|  Protocol  |   Source Object  |    C Type    |
+----------------------+-----+-----+------------+------------------+--------------+
|ap_clk                |   in|    1|  ap_ctrl_hs|  DW_conv.1.2.14.1|  return value|
|ap_rst                |   in|    1|  ap_ctrl_hs|  DW_conv.1.2.14.1|  return value|
|ap_start              |   in|    1|  ap_ctrl_hs|  DW_conv.1.2.14.1|  return value|
|ap_done               |  out|    1|  ap_ctrl_hs|  DW_conv.1.2.14.1|  return value|
|ap_idle               |  out|    1|  ap_ctrl_hs|  DW_conv.1.2.14.1|  return value|
|ap_ready              |  out|    1|  ap_ctrl_hs|  DW_conv.1.2.14.1|  return value|
|grp_fu_1006_p_din0    |  out|   32|  ap_ctrl_hs|  DW_conv.1.2.14.1|  return value|
|grp_fu_1006_p_din1    |  out|   32|  ap_ctrl_hs|  DW_conv.1.2.14.1|  return value|
|grp_fu_1006_p_opcode  |  out|    2|  ap_ctrl_hs|  DW_conv.1.2.14.1|  return value|
|grp_fu_1006_p_dout0   |   in|   32|  ap_ctrl_hs|  DW_conv.1.2.14.1|  return value|
|grp_fu_1006_p_ce      |  out|    1|  ap_ctrl_hs|  DW_conv.1.2.14.1|  return value|
|grp_fu_1002_p_din0    |  out|   32|  ap_ctrl_hs|  DW_conv.1.2.14.1|  return value|
|grp_fu_1002_p_din1    |  out|   32|  ap_ctrl_hs|  DW_conv.1.2.14.1|  return value|
|grp_fu_1002_p_dout0   |   in|   32|  ap_ctrl_hs|  DW_conv.1.2.14.1|  return value|
|grp_fu_1002_p_ce      |  out|    1|  ap_ctrl_hs|  DW_conv.1.2.14.1|  return value|
|m_axi_gmem2_AWVALID   |  out|    1|       m_axi|             gmem2|       pointer|
|m_axi_gmem2_AWREADY   |   in|    1|       m_axi|             gmem2|       pointer|
|m_axi_gmem2_AWADDR    |  out|   64|       m_axi|             gmem2|       pointer|
|m_axi_gmem2_AWID      |  out|    1|       m_axi|             gmem2|       pointer|
|m_axi_gmem2_AWLEN     |  out|   32|       m_axi|             gmem2|       pointer|
|m_axi_gmem2_AWSIZE    |  out|    3|       m_axi|             gmem2|       pointer|
|m_axi_gmem2_AWBURST   |  out|    2|       m_axi|             gmem2|       pointer|
|m_axi_gmem2_AWLOCK    |  out|    2|       m_axi|             gmem2|       pointer|
|m_axi_gmem2_AWCACHE   |  out|    4|       m_axi|             gmem2|       pointer|
|m_axi_gmem2_AWPROT    |  out|    3|       m_axi|             gmem2|       pointer|
|m_axi_gmem2_AWQOS     |  out|    4|       m_axi|             gmem2|       pointer|
|m_axi_gmem2_AWREGION  |  out|    4|       m_axi|             gmem2|       pointer|
|m_axi_gmem2_AWUSER    |  out|    1|       m_axi|             gmem2|       pointer|
|m_axi_gmem2_WVALID    |  out|    1|       m_axi|             gmem2|       pointer|
|m_axi_gmem2_WREADY    |   in|    1|       m_axi|             gmem2|       pointer|
|m_axi_gmem2_WDATA     |  out|   32|       m_axi|             gmem2|       pointer|
|m_axi_gmem2_WSTRB     |  out|    4|       m_axi|             gmem2|       pointer|
|m_axi_gmem2_WLAST     |  out|    1|       m_axi|             gmem2|       pointer|
|m_axi_gmem2_WID       |  out|    1|       m_axi|             gmem2|       pointer|
|m_axi_gmem2_WUSER     |  out|    1|       m_axi|             gmem2|       pointer|
|m_axi_gmem2_ARVALID   |  out|    1|       m_axi|             gmem2|       pointer|
|m_axi_gmem2_ARREADY   |   in|    1|       m_axi|             gmem2|       pointer|
|m_axi_gmem2_ARADDR    |  out|   64|       m_axi|             gmem2|       pointer|
|m_axi_gmem2_ARID      |  out|    1|       m_axi|             gmem2|       pointer|
|m_axi_gmem2_ARLEN     |  out|   32|       m_axi|             gmem2|       pointer|
|m_axi_gmem2_ARSIZE    |  out|    3|       m_axi|             gmem2|       pointer|
|m_axi_gmem2_ARBURST   |  out|    2|       m_axi|             gmem2|       pointer|
|m_axi_gmem2_ARLOCK    |  out|    2|       m_axi|             gmem2|       pointer|
|m_axi_gmem2_ARCACHE   |  out|    4|       m_axi|             gmem2|       pointer|
|m_axi_gmem2_ARPROT    |  out|    3|       m_axi|             gmem2|       pointer|
|m_axi_gmem2_ARQOS     |  out|    4|       m_axi|             gmem2|       pointer|
|m_axi_gmem2_ARREGION  |  out|    4|       m_axi|             gmem2|       pointer|
|m_axi_gmem2_ARUSER    |  out|    1|       m_axi|             gmem2|       pointer|
|m_axi_gmem2_RVALID    |   in|    1|       m_axi|             gmem2|       pointer|
|m_axi_gmem2_RREADY    |  out|    1|       m_axi|             gmem2|       pointer|
|m_axi_gmem2_RDATA     |   in|   32|       m_axi|             gmem2|       pointer|
|m_axi_gmem2_RLAST     |   in|    1|       m_axi|             gmem2|       pointer|
|m_axi_gmem2_RID       |   in|    1|       m_axi|             gmem2|       pointer|
|m_axi_gmem2_RFIFONUM  |   in|    9|       m_axi|             gmem2|       pointer|
|m_axi_gmem2_RUSER     |   in|    1|       m_axi|             gmem2|       pointer|
|m_axi_gmem2_RRESP     |   in|    2|       m_axi|             gmem2|       pointer|
|m_axi_gmem2_BVALID    |   in|    1|       m_axi|             gmem2|       pointer|
|m_axi_gmem2_BREADY    |  out|    1|       m_axi|             gmem2|       pointer|
|m_axi_gmem2_BRESP     |   in|    2|       m_axi|             gmem2|       pointer|
|m_axi_gmem2_BID       |   in|    1|       m_axi|             gmem2|       pointer|
|m_axi_gmem2_BUSER     |   in|    1|       m_axi|             gmem2|       pointer|
|m_axi_gmem_AWVALID    |  out|    1|       m_axi|              gmem|       pointer|
|m_axi_gmem_AWREADY    |   in|    1|       m_axi|              gmem|       pointer|
|m_axi_gmem_AWADDR     |  out|   64|       m_axi|              gmem|       pointer|
|m_axi_gmem_AWID       |  out|    1|       m_axi|              gmem|       pointer|
|m_axi_gmem_AWLEN      |  out|   32|       m_axi|              gmem|       pointer|
|m_axi_gmem_AWSIZE     |  out|    3|       m_axi|              gmem|       pointer|
|m_axi_gmem_AWBURST    |  out|    2|       m_axi|              gmem|       pointer|
|m_axi_gmem_AWLOCK     |  out|    2|       m_axi|              gmem|       pointer|
|m_axi_gmem_AWCACHE    |  out|    4|       m_axi|              gmem|       pointer|
|m_axi_gmem_AWPROT     |  out|    3|       m_axi|              gmem|       pointer|
|m_axi_gmem_AWQOS      |  out|    4|       m_axi|              gmem|       pointer|
|m_axi_gmem_AWREGION   |  out|    4|       m_axi|              gmem|       pointer|
|m_axi_gmem_AWUSER     |  out|    1|       m_axi|              gmem|       pointer|
|m_axi_gmem_WVALID     |  out|    1|       m_axi|              gmem|       pointer|
|m_axi_gmem_WREADY     |   in|    1|       m_axi|              gmem|       pointer|
|m_axi_gmem_WDATA      |  out|   32|       m_axi|              gmem|       pointer|
|m_axi_gmem_WSTRB      |  out|    4|       m_axi|              gmem|       pointer|
|m_axi_gmem_WLAST      |  out|    1|       m_axi|              gmem|       pointer|
|m_axi_gmem_WID        |  out|    1|       m_axi|              gmem|       pointer|
|m_axi_gmem_WUSER      |  out|    1|       m_axi|              gmem|       pointer|
|m_axi_gmem_ARVALID    |  out|    1|       m_axi|              gmem|       pointer|
|m_axi_gmem_ARREADY    |   in|    1|       m_axi|              gmem|       pointer|
|m_axi_gmem_ARADDR     |  out|   64|       m_axi|              gmem|       pointer|
|m_axi_gmem_ARID       |  out|    1|       m_axi|              gmem|       pointer|
|m_axi_gmem_ARLEN      |  out|   32|       m_axi|              gmem|       pointer|
|m_axi_gmem_ARSIZE     |  out|    3|       m_axi|              gmem|       pointer|
|m_axi_gmem_ARBURST    |  out|    2|       m_axi|              gmem|       pointer|
|m_axi_gmem_ARLOCK     |  out|    2|       m_axi|              gmem|       pointer|
|m_axi_gmem_ARCACHE    |  out|    4|       m_axi|              gmem|       pointer|
|m_axi_gmem_ARPROT     |  out|    3|       m_axi|              gmem|       pointer|
|m_axi_gmem_ARQOS      |  out|    4|       m_axi|              gmem|       pointer|
|m_axi_gmem_ARREGION   |  out|    4|       m_axi|              gmem|       pointer|
|m_axi_gmem_ARUSER     |  out|    1|       m_axi|              gmem|       pointer|
|m_axi_gmem_RVALID     |   in|    1|       m_axi|              gmem|       pointer|
|m_axi_gmem_RREADY     |  out|    1|       m_axi|              gmem|       pointer|
|m_axi_gmem_RDATA      |   in|   32|       m_axi|              gmem|       pointer|
|m_axi_gmem_RLAST      |   in|    1|       m_axi|              gmem|       pointer|
|m_axi_gmem_RID        |   in|    1|       m_axi|              gmem|       pointer|
|m_axi_gmem_RFIFONUM   |   in|    9|       m_axi|              gmem|       pointer|
|m_axi_gmem_RUSER      |   in|    1|       m_axi|              gmem|       pointer|
|m_axi_gmem_RRESP      |   in|    2|       m_axi|              gmem|       pointer|
|m_axi_gmem_BVALID     |   in|    1|       m_axi|              gmem|       pointer|
|m_axi_gmem_BREADY     |  out|    1|       m_axi|              gmem|       pointer|
|m_axi_gmem_BRESP      |   in|    2|       m_axi|              gmem|       pointer|
|m_axi_gmem_BID        |   in|    1|       m_axi|              gmem|       pointer|
|m_axi_gmem_BUSER      |   in|    1|       m_axi|              gmem|       pointer|
|m_axi_gmem3_AWVALID   |  out|    1|       m_axi|             gmem3|       pointer|
|m_axi_gmem3_AWREADY   |   in|    1|       m_axi|             gmem3|       pointer|
|m_axi_gmem3_AWADDR    |  out|   64|       m_axi|             gmem3|       pointer|
|m_axi_gmem3_AWID      |  out|    1|       m_axi|             gmem3|       pointer|
|m_axi_gmem3_AWLEN     |  out|   32|       m_axi|             gmem3|       pointer|
|m_axi_gmem3_AWSIZE    |  out|    3|       m_axi|             gmem3|       pointer|
|m_axi_gmem3_AWBURST   |  out|    2|       m_axi|             gmem3|       pointer|
|m_axi_gmem3_AWLOCK    |  out|    2|       m_axi|             gmem3|       pointer|
|m_axi_gmem3_AWCACHE   |  out|    4|       m_axi|             gmem3|       pointer|
|m_axi_gmem3_AWPROT    |  out|    3|       m_axi|             gmem3|       pointer|
|m_axi_gmem3_AWQOS     |  out|    4|       m_axi|             gmem3|       pointer|
|m_axi_gmem3_AWREGION  |  out|    4|       m_axi|             gmem3|       pointer|
|m_axi_gmem3_AWUSER    |  out|    1|       m_axi|             gmem3|       pointer|
|m_axi_gmem3_WVALID    |  out|    1|       m_axi|             gmem3|       pointer|
|m_axi_gmem3_WREADY    |   in|    1|       m_axi|             gmem3|       pointer|
|m_axi_gmem3_WDATA     |  out|   32|       m_axi|             gmem3|       pointer|
|m_axi_gmem3_WSTRB     |  out|    4|       m_axi|             gmem3|       pointer|
|m_axi_gmem3_WLAST     |  out|    1|       m_axi|             gmem3|       pointer|
|m_axi_gmem3_WID       |  out|    1|       m_axi|             gmem3|       pointer|
|m_axi_gmem3_WUSER     |  out|    1|       m_axi|             gmem3|       pointer|
|m_axi_gmem3_ARVALID   |  out|    1|       m_axi|             gmem3|       pointer|
|m_axi_gmem3_ARREADY   |   in|    1|       m_axi|             gmem3|       pointer|
|m_axi_gmem3_ARADDR    |  out|   64|       m_axi|             gmem3|       pointer|
|m_axi_gmem3_ARID      |  out|    1|       m_axi|             gmem3|       pointer|
|m_axi_gmem3_ARLEN     |  out|   32|       m_axi|             gmem3|       pointer|
|m_axi_gmem3_ARSIZE    |  out|    3|       m_axi|             gmem3|       pointer|
|m_axi_gmem3_ARBURST   |  out|    2|       m_axi|             gmem3|       pointer|
|m_axi_gmem3_ARLOCK    |  out|    2|       m_axi|             gmem3|       pointer|
|m_axi_gmem3_ARCACHE   |  out|    4|       m_axi|             gmem3|       pointer|
|m_axi_gmem3_ARPROT    |  out|    3|       m_axi|             gmem3|       pointer|
|m_axi_gmem3_ARQOS     |  out|    4|       m_axi|             gmem3|       pointer|
|m_axi_gmem3_ARREGION  |  out|    4|       m_axi|             gmem3|       pointer|
|m_axi_gmem3_ARUSER    |  out|    1|       m_axi|             gmem3|       pointer|
|m_axi_gmem3_RVALID    |   in|    1|       m_axi|             gmem3|       pointer|
|m_axi_gmem3_RREADY    |  out|    1|       m_axi|             gmem3|       pointer|
|m_axi_gmem3_RDATA     |   in|   32|       m_axi|             gmem3|       pointer|
|m_axi_gmem3_RLAST     |   in|    1|       m_axi|             gmem3|       pointer|
|m_axi_gmem3_RID       |   in|    1|       m_axi|             gmem3|       pointer|
|m_axi_gmem3_RFIFONUM  |   in|    9|       m_axi|             gmem3|       pointer|
|m_axi_gmem3_RUSER     |   in|    1|       m_axi|             gmem3|       pointer|
|m_axi_gmem3_RRESP     |   in|    2|       m_axi|             gmem3|       pointer|
|m_axi_gmem3_BVALID    |   in|    1|       m_axi|             gmem3|       pointer|
|m_axi_gmem3_BREADY    |  out|    1|       m_axi|             gmem3|       pointer|
|m_axi_gmem3_BRESP     |   in|    2|       m_axi|             gmem3|       pointer|
|m_axi_gmem3_BID       |   in|    1|       m_axi|             gmem3|       pointer|
|m_axi_gmem3_BUSER     |   in|    1|       m_axi|             gmem3|       pointer|
|in_r                  |   in|   64|     ap_none|              in_r|        scalar|
|kernel                |   in|   64|     ap_none|            kernel|        scalar|
|out_r                 |   in|   64|     ap_none|             out_r|        scalar|
+----------------------+-----+-----+------------+------------------+--------------+

