

================================================================
== Vitis HLS Report for 'kernel_stage0_Pipeline_VITIS_LOOP_7_1'
================================================================
* Date:           Mon Oct 16 16:29:46 2023

* Version:        2022.1 (Build 3526262 on Mon Apr 18 15:47:01 MDT 2022)
* Project:        proj_stage0_kernel
* Solution:       solution1 (Vivado IP Flow Target)
* Product family: virtexuplus
* Target device:  xcu250-figd2104-2L-e


================================================================
== Performance Estimates
================================================================
+ Timing: 
    * Summary: 
    +--------+----------+-----------+------------+
    |  Clock |  Target  | Estimated | Uncertainty|
    +--------+----------+-----------+------------+
    |ap_clk  |  15.00 ns|  10.950 ns|     4.05 ns|
    +--------+----------+-----------+------------+

+ Latency: 
    * Summary: 
    +---------+---------+----------+----------+-----+-----+---------+
    |  Latency (cycles) |  Latency (absolute) |  Interval | Pipeline|
    |   min   |   max   |    min   |    max   | min | max |   Type  |
    +---------+---------+----------+----------+-----+-----+---------+
    |       40|       40|  0.600 us|  0.600 us|   40|   40|       no|
    +---------+---------+----------+----------+-----+-----+---------+

    + Detail: 
        * Instance: 
        N/A

        * Loop: 
        +------------------+---------+---------+----------+-----------+-----------+------+----------+
        |                  |  Latency (cycles) | Iteration|  Initiation Interval  | Trip |          |
        |     Loop Name    |   min   |   max   |  Latency |  achieved |   target  | Count| Pipelined|
        +------------------+---------+---------+----------+-----------+-----------+------+----------+
        |- VITIS_LOOP_7_1  |       38|       38|        16|          1|          1|    24|       yes|
        +------------------+---------+---------+----------+-----------+-----------+------+----------+



================================================================
== Utilization Estimates
================================================================
* Summary: 
+---------------------+---------+-------+---------+---------+------+
|         Name        | BRAM_18K|  DSP  |    FF   |   LUT   | URAM |
+---------------------+---------+-------+---------+---------+------+
|DSP                  |        -|      -|        -|        -|     -|
|Expression           |        -|      -|        0|      224|     -|
|FIFO                 |        -|      -|        -|        -|     -|
|Instance             |        -|      -|        -|        -|     -|
|Memory               |        -|      -|        -|        -|     -|
|Multiplexer          |        -|      -|        -|       81|     -|
|Register             |        -|      -|      324|       32|     -|
+---------------------+---------+-------+---------+---------+------+
|Total                |        0|      0|      324|      337|     0|
+---------------------+---------+-------+---------+---------+------+
|Available SLR        |     1344|   3072|   864000|   432000|   320|
+---------------------+---------+-------+---------+---------+------+
|Utilization SLR (%)  |        0|      0|       ~0|       ~0|     0|
+---------------------+---------+-------+---------+---------+------+
|Available            |     5376|  12288|  3456000|  1728000|  1280|
+---------------------+---------+-------+---------+---------+------+
|Utilization (%)      |        0|      0|       ~0|       ~0|     0|
+---------------------+---------+-------+---------+---------+------+

+ Detail: 
    * Instance: 
    +---------------------------------+-----------------------------+---------+----+---+----+-----+
    |             Instance            |            Module           | BRAM_18K| DSP| FF| LUT| URAM|
    +---------------------------------+-----------------------------+---------+----+---+----+-----+
    |fcmp_32ns_32ns_1_1_no_dsp_1_U81  |fcmp_32ns_32ns_1_1_no_dsp_1  |        0|   0|  0|   0|    0|
    +---------------------------------+-----------------------------+---------+----+---+----+-----+
    |Total                            |                             |        0|   0|  0|   0|    0|
    +---------------------------------+-----------------------------+---------+----+---+----+-----+

    * DSP: 
    N/A

    * Memory: 
    N/A

    * FIFO: 
    N/A

    * Expression: 
    +---------------------------+----------+----+---+----+------------+------------+
    |       Variable Name       | Operation| DSP| FF| LUT| Bitwidth P0| Bitwidth P1|
    +---------------------------+----------+----+---+----+------------+------------+
    |add_ln7_fu_223_p2          |         +|   0|  0|  13|           6|           2|
    |add_ln8_1_fu_197_p2        |         +|   0|  0|  71|          64|          64|
    |add_ln8_fu_171_p2          |         +|   0|  0|  71|          64|          64|
    |and_ln8_fu_268_p2          |       and|   0|  0|   2|           1|           1|
    |icmp_ln8_1_fu_257_p2       |      icmp|   0|  0|  16|          23|           1|
    |icmp_ln8_fu_252_p2         |      icmp|   0|  0|  11|           8|           2|
    |ap_block_pp0_stage0_00001  |        or|   0|  0|   2|           1|           1|
    |ap_block_pp0_stage0_11001  |        or|   0|  0|   2|           1|           1|
    |or_ln8_fu_262_p2           |        or|   0|  0|   2|           1|           1|
    |select_ln8_fu_274_p3       |    select|   0|  0|  32|           1|          32|
    |ap_enable_pp0              |       xor|   0|  0|   2|           1|           2|
    +---------------------------+----------+----+---+----+------------+------------+
    |Total                      |          |   0|  0| 224|         171|         171|
    +---------------------------+----------+----+---+----+------------+------------+

    * Multiplexer: 
    +-------------------------+----+-----------+-----+-----------+
    |           Name          | LUT| Input Size| Bits| Total Bits|
    +-------------------------+----+-----------+-----+-----------+
    |ap_done_int              |   9|          2|    1|          2|
    |ap_enable_reg_pp0_iter1  |   9|          2|    1|          2|
    |ap_sig_allocacmp_i_1     |   9|          2|    6|         12|
    |gmem0_blk_n_AW           |   9|          2|    1|          2|
    |gmem0_blk_n_B            |   9|          2|    1|          2|
    |gmem0_blk_n_W            |   9|          2|    1|          2|
    |gmem3_blk_n_AR           |   9|          2|    1|          2|
    |gmem3_blk_n_R            |   9|          2|    1|          2|
    |i_fu_90                  |   9|          2|    6|         12|
    +-------------------------+----+-----------+-----+-----------+
    |Total                    |  81|         18|   19|         38|
    +-------------------------+----+-----------+-----+-----------+

    * Register: 
    +-----------------------------------+----+----+-----+-----------+
    |                Name               | FF | LUT| Bits| Const Bits|
    +-----------------------------------+----+----+-----+-----------+
    |ap_CS_fsm                          |   1|   0|    1|          0|
    |ap_done_reg                        |   1|   0|    1|          0|
    |ap_enable_reg_pp0_iter1            |   1|   0|    1|          0|
    |ap_enable_reg_pp0_iter10           |   1|   0|    1|          0|
    |ap_enable_reg_pp0_iter11           |   1|   0|    1|          0|
    |ap_enable_reg_pp0_iter12           |   1|   0|    1|          0|
    |ap_enable_reg_pp0_iter13           |   1|   0|    1|          0|
    |ap_enable_reg_pp0_iter14           |   1|   0|    1|          0|
    |ap_enable_reg_pp0_iter15           |   1|   0|    1|          0|
    |ap_enable_reg_pp0_iter2            |   1|   0|    1|          0|
    |ap_enable_reg_pp0_iter3            |   1|   0|    1|          0|
    |ap_enable_reg_pp0_iter4            |   1|   0|    1|          0|
    |ap_enable_reg_pp0_iter5            |   1|   0|    1|          0|
    |ap_enable_reg_pp0_iter6            |   1|   0|    1|          0|
    |ap_enable_reg_pp0_iter7            |   1|   0|    1|          0|
    |ap_enable_reg_pp0_iter8            |   1|   0|    1|          0|
    |ap_enable_reg_pp0_iter9            |   1|   0|    1|          0|
    |ap_loop_exit_ready_pp0_iter10_reg  |   1|   0|    1|          0|
    |ap_loop_exit_ready_pp0_iter11_reg  |   1|   0|    1|          0|
    |ap_loop_exit_ready_pp0_iter12_reg  |   1|   0|    1|          0|
    |ap_loop_exit_ready_pp0_iter13_reg  |   1|   0|    1|          0|
    |ap_loop_exit_ready_pp0_iter14_reg  |   1|   0|    1|          0|
    |ap_loop_exit_ready_pp0_iter1_reg   |   1|   0|    1|          0|
    |ap_loop_exit_ready_pp0_iter2_reg   |   1|   0|    1|          0|
    |ap_loop_exit_ready_pp0_iter3_reg   |   1|   0|    1|          0|
    |ap_loop_exit_ready_pp0_iter4_reg   |   1|   0|    1|          0|
    |ap_loop_exit_ready_pp0_iter5_reg   |   1|   0|    1|          0|
    |ap_loop_exit_ready_pp0_iter6_reg   |   1|   0|    1|          0|
    |ap_loop_exit_ready_pp0_iter7_reg   |   1|   0|    1|          0|
    |ap_loop_exit_ready_pp0_iter8_reg   |   1|   0|    1|          0|
    |ap_loop_exit_ready_pp0_iter9_reg   |   1|   0|    1|          0|
    |gmem0_addr_reg_298                 |  64|   0|   64|          0|
    |gmem3_addr_read_reg_304            |  32|   0|   32|          0|
    |gmem3_addr_reg_292                 |  64|   0|   64|          0|
    |i_fu_90                            |   6|   0|    6|          0|
    |select_ln8_reg_320                 |  32|   0|   32|          0|
    |tmp_1_reg_310                      |   8|   0|    8|          0|
    |trunc_ln8_3_reg_315                |  23|   0|   23|          0|
    |gmem0_addr_reg_298                 |  64|  32|   64|          0|
    +-----------------------------------+----+----+-----+-----------+
    |Total                              | 324|  32|  324|          0|
    +-----------------------------------+----+----+-----+-----------+



================================================================
== Interface
================================================================
* Summary: 
+----------------------+-----+-----+------------+---------------------------------------+--------------+
|       RTL Ports      | Dir | Bits|  Protocol  |             Source Object             |    C Type    |
+----------------------+-----+-----+------------+---------------------------------------+--------------+
|ap_clk                |   in|    1|  ap_ctrl_hs|  kernel_stage0_Pipeline_VITIS_LOOP_7_1|  return value|
|ap_rst                |   in|    1|  ap_ctrl_hs|  kernel_stage0_Pipeline_VITIS_LOOP_7_1|  return value|
|ap_start              |   in|    1|  ap_ctrl_hs|  kernel_stage0_Pipeline_VITIS_LOOP_7_1|  return value|
|ap_done               |  out|    1|  ap_ctrl_hs|  kernel_stage0_Pipeline_VITIS_LOOP_7_1|  return value|
|ap_idle               |  out|    1|  ap_ctrl_hs|  kernel_stage0_Pipeline_VITIS_LOOP_7_1|  return value|
|ap_ready              |  out|    1|  ap_ctrl_hs|  kernel_stage0_Pipeline_VITIS_LOOP_7_1|  return value|
|m_axi_gmem3_AWVALID   |  out|    1|       m_axi|                                  gmem3|       pointer|
|m_axi_gmem3_AWREADY   |   in|    1|       m_axi|                                  gmem3|       pointer|
|m_axi_gmem3_AWADDR    |  out|   64|       m_axi|                                  gmem3|       pointer|
|m_axi_gmem3_AWID      |  out|    1|       m_axi|                                  gmem3|       pointer|
|m_axi_gmem3_AWLEN     |  out|   32|       m_axi|                                  gmem3|       pointer|
|m_axi_gmem3_AWSIZE    |  out|    3|       m_axi|                                  gmem3|       pointer|
|m_axi_gmem3_AWBURST   |  out|    2|       m_axi|                                  gmem3|       pointer|
|m_axi_gmem3_AWLOCK    |  out|    2|       m_axi|                                  gmem3|       pointer|
|m_axi_gmem3_AWCACHE   |  out|    4|       m_axi|                                  gmem3|       pointer|
|m_axi_gmem3_AWPROT    |  out|    3|       m_axi|                                  gmem3|       pointer|
|m_axi_gmem3_AWQOS     |  out|    4|       m_axi|                                  gmem3|       pointer|
|m_axi_gmem3_AWREGION  |  out|    4|       m_axi|                                  gmem3|       pointer|
|m_axi_gmem3_AWUSER    |  out|    1|       m_axi|                                  gmem3|       pointer|
|m_axi_gmem3_WVALID    |  out|    1|       m_axi|                                  gmem3|       pointer|
|m_axi_gmem3_WREADY    |   in|    1|       m_axi|                                  gmem3|       pointer|
|m_axi_gmem3_WDATA     |  out|   32|       m_axi|                                  gmem3|       pointer|
|m_axi_gmem3_WSTRB     |  out|    4|       m_axi|                                  gmem3|       pointer|
|m_axi_gmem3_WLAST     |  out|    1|       m_axi|                                  gmem3|       pointer|
|m_axi_gmem3_WID       |  out|    1|       m_axi|                                  gmem3|       pointer|
|m_axi_gmem3_WUSER     |  out|    1|       m_axi|                                  gmem3|       pointer|
|m_axi_gmem3_ARVALID   |  out|    1|       m_axi|                                  gmem3|       pointer|
|m_axi_gmem3_ARREADY   |   in|    1|       m_axi|                                  gmem3|       pointer|
|m_axi_gmem3_ARADDR    |  out|   64|       m_axi|                                  gmem3|       pointer|
|m_axi_gmem3_ARID      |  out|    1|       m_axi|                                  gmem3|       pointer|
|m_axi_gmem3_ARLEN     |  out|   32|       m_axi|                                  gmem3|       pointer|
|m_axi_gmem3_ARSIZE    |  out|    3|       m_axi|                                  gmem3|       pointer|
|m_axi_gmem3_ARBURST   |  out|    2|       m_axi|                                  gmem3|       pointer|
|m_axi_gmem3_ARLOCK    |  out|    2|       m_axi|                                  gmem3|       pointer|
|m_axi_gmem3_ARCACHE   |  out|    4|       m_axi|                                  gmem3|       pointer|
|m_axi_gmem3_ARPROT    |  out|    3|       m_axi|                                  gmem3|       pointer|
|m_axi_gmem3_ARQOS     |  out|    4|       m_axi|                                  gmem3|       pointer|
|m_axi_gmem3_ARREGION  |  out|    4|       m_axi|                                  gmem3|       pointer|
|m_axi_gmem3_ARUSER    |  out|    1|       m_axi|                                  gmem3|       pointer|
|m_axi_gmem3_RVALID    |   in|    1|       m_axi|                                  gmem3|       pointer|
|m_axi_gmem3_RREADY    |  out|    1|       m_axi|                                  gmem3|       pointer|
|m_axi_gmem3_RDATA     |   in|   32|       m_axi|                                  gmem3|       pointer|
|m_axi_gmem3_RLAST     |   in|    1|       m_axi|                                  gmem3|       pointer|
|m_axi_gmem3_RID       |   in|    1|       m_axi|                                  gmem3|       pointer|
|m_axi_gmem3_RFIFONUM  |   in|    9|       m_axi|                                  gmem3|       pointer|
|m_axi_gmem3_RUSER     |   in|    1|       m_axi|                                  gmem3|       pointer|
|m_axi_gmem3_RRESP     |   in|    2|       m_axi|                                  gmem3|       pointer|
|m_axi_gmem3_BVALID    |   in|    1|       m_axi|                                  gmem3|       pointer|
|m_axi_gmem3_BREADY    |  out|    1|       m_axi|                                  gmem3|       pointer|
|m_axi_gmem3_BRESP     |   in|    2|       m_axi|                                  gmem3|       pointer|
|m_axi_gmem3_BID       |   in|    1|       m_axi|                                  gmem3|       pointer|
|m_axi_gmem3_BUSER     |   in|    1|       m_axi|                                  gmem3|       pointer|
|m_axi_gmem0_AWVALID   |  out|    1|       m_axi|                                  gmem0|       pointer|
|m_axi_gmem0_AWREADY   |   in|    1|       m_axi|                                  gmem0|       pointer|
|m_axi_gmem0_AWADDR    |  out|   64|       m_axi|                                  gmem0|       pointer|
|m_axi_gmem0_AWID      |  out|    1|       m_axi|                                  gmem0|       pointer|
|m_axi_gmem0_AWLEN     |  out|   32|       m_axi|                                  gmem0|       pointer|
|m_axi_gmem0_AWSIZE    |  out|    3|       m_axi|                                  gmem0|       pointer|
|m_axi_gmem0_AWBURST   |  out|    2|       m_axi|                                  gmem0|       pointer|
|m_axi_gmem0_AWLOCK    |  out|    2|       m_axi|                                  gmem0|       pointer|
|m_axi_gmem0_AWCACHE   |  out|    4|       m_axi|                                  gmem0|       pointer|
|m_axi_gmem0_AWPROT    |  out|    3|       m_axi|                                  gmem0|       pointer|
|m_axi_gmem0_AWQOS     |  out|    4|       m_axi|                                  gmem0|       pointer|
|m_axi_gmem0_AWREGION  |  out|    4|       m_axi|                                  gmem0|       pointer|
|m_axi_gmem0_AWUSER    |  out|    1|       m_axi|                                  gmem0|       pointer|
|m_axi_gmem0_WVALID    |  out|    1|       m_axi|                                  gmem0|       pointer|
|m_axi_gmem0_WREADY    |   in|    1|       m_axi|                                  gmem0|       pointer|
|m_axi_gmem0_WDATA     |  out|   32|       m_axi|                                  gmem0|       pointer|
|m_axi_gmem0_WSTRB     |  out|    4|       m_axi|                                  gmem0|       pointer|
|m_axi_gmem0_WLAST     |  out|    1|       m_axi|                                  gmem0|       pointer|
|m_axi_gmem0_WID       |  out|    1|       m_axi|                                  gmem0|       pointer|
|m_axi_gmem0_WUSER     |  out|    1|       m_axi|                                  gmem0|       pointer|
|m_axi_gmem0_ARVALID   |  out|    1|       m_axi|                                  gmem0|       pointer|
|m_axi_gmem0_ARREADY   |   in|    1|       m_axi|                                  gmem0|       pointer|
|m_axi_gmem0_ARADDR    |  out|   64|       m_axi|                                  gmem0|       pointer|
|m_axi_gmem0_ARID      |  out|    1|       m_axi|                                  gmem0|       pointer|
|m_axi_gmem0_ARLEN     |  out|   32|       m_axi|                                  gmem0|       pointer|
|m_axi_gmem0_ARSIZE    |  out|    3|       m_axi|                                  gmem0|       pointer|
|m_axi_gmem0_ARBURST   |  out|    2|       m_axi|                                  gmem0|       pointer|
|m_axi_gmem0_ARLOCK    |  out|    2|       m_axi|                                  gmem0|       pointer|
|m_axi_gmem0_ARCACHE   |  out|    4|       m_axi|                                  gmem0|       pointer|
|m_axi_gmem0_ARPROT    |  out|    3|       m_axi|                                  gmem0|       pointer|
|m_axi_gmem0_ARQOS     |  out|    4|       m_axi|                                  gmem0|       pointer|
|m_axi_gmem0_ARREGION  |  out|    4|       m_axi|                                  gmem0|       pointer|
|m_axi_gmem0_ARUSER    |  out|    1|       m_axi|                                  gmem0|       pointer|
|m_axi_gmem0_RVALID    |   in|    1|       m_axi|                                  gmem0|       pointer|
|m_axi_gmem0_RREADY    |  out|    1|       m_axi|                                  gmem0|       pointer|
|m_axi_gmem0_RDATA     |   in|   32|       m_axi|                                  gmem0|       pointer|
|m_axi_gmem0_RLAST     |   in|    1|       m_axi|                                  gmem0|       pointer|
|m_axi_gmem0_RID       |   in|    1|       m_axi|                                  gmem0|       pointer|
|m_axi_gmem0_RFIFONUM  |   in|    9|       m_axi|                                  gmem0|       pointer|
|m_axi_gmem0_RUSER     |   in|    1|       m_axi|                                  gmem0|       pointer|
|m_axi_gmem0_RRESP     |   in|    2|       m_axi|                                  gmem0|       pointer|
|m_axi_gmem0_BVALID    |   in|    1|       m_axi|                                  gmem0|       pointer|
|m_axi_gmem0_BREADY    |  out|    1|       m_axi|                                  gmem0|       pointer|
|m_axi_gmem0_BRESP     |   in|    2|       m_axi|                                  gmem0|       pointer|
|m_axi_gmem0_BID       |   in|    1|       m_axi|                                  gmem0|       pointer|
|m_axi_gmem0_BUSER     |   in|    1|       m_axi|                                  gmem0|       pointer|
|Y_reduce              |   in|   64|     ap_none|                               Y_reduce|        scalar|
|Y_relu                |   in|   64|     ap_none|                                 Y_relu|        scalar|
+----------------------+-----+-----+------------+---------------------------------------+--------------+

