HOST-Info: ============================================================= 
HOST-Info: (Step 0) Set & Print Arguments                      
HOST-Info: ============================================================= 
HOST-Info: CMD Aruguments 0 :/users/student/mr111/lthuang22/Vitis/functional_stage0/stage0/Hardware/stage0
HOST-Info: CMD Aruguments 1 :Xilinx
HOST-Info: CMD Aruguments 2 :xilinx_u50_gen3x16_xdma_201920_3
HOST-Info: CMD Aruguments 3 :/users/student/mr111/lthuang22/Vitis/functional_stage0/stage0_system/Hardware/binary_container_1.xclbin
HOST-Info: ============================================================= 
HOST-Info: (Step 1) Check Command Line Arguments                      
HOST-Info: ============================================================= 
HOST-Info: Platform_Vendor   : Xilinx
HOST-Info: Device_Name       : xilinx_u50_gen3x16_xdma_201920_3
HOST-Info: XCLBIN_file       : /users/student/mr111/lthuang22/Vitis/functional_stage0/stage0_system/Hardware/binary_container_1.xclbin
HOST-Info: ============================================================= 
HOST-Info: (Step 2) Detect Target Platform and Target Device in a system 
HOST-Info:          Create Context and Command Queue                     
HOST-Info: ============================================================= 
HOST-Info: Number of detected platforms : 1
HOST-Info: Selected PlatformName[0] : Xilinx
HOST-Info: Number of detected devices : 1
HOST-Info: Selected Device[0] : xilinx_u50_gen3x16_xdma_201920_3
HOST-Info: Creating Context ... 
HOST-Info: Creating Command Queue ... 
HOST-Info: ============================================================= 
HOST-Info: (Step 3) Create Program and Kernels                           
HOST-Info: ============================================================= 
HOST-Info: Loading /users/student/mr111/lthuang22/Vitis/functional_stage0/stage0_system/Hardware/binary_container_1.xclbin binary file to memory ...
HOST-Info: Creating Program with Binary ...
HOST-Info: ============================================================= 
HOST-Info: (Step 4) Prepare Data to Run Kernels                           
HOST-Info: ============================================================= 
HOST-Info: Allocating Memory for RES Array ... 
HOST-Info: Migrating memory objects ...
HOST-Info: ============================================================= 
HOST-Info: (Step 5) Run Application                                      
HOST-Info: ============================================================= 
HOST-Info: Setting Kernel arguments ...
HOST-Info: Submitting Kernel kernel_stage0 ...
HOST-Info: ============================================================= 
HOST-Info: (Step 6) Check the Output Results                             
HOST-Info: ============================================================= 
Check output result: 
After DW conv: 
-0.662836 -0.662933 -0.662966 -0.662938 -0.662924 -0.662989 -0.663052 -0.662759
-0.662506 -0.662444 -0.66249 -0.662453 -0.662502 -0.662746 -0.662944 -0.662437
-0.661696 -0.661246 -0.661311 -0.661299 -0.661444 -0.661939 -0.662292 -0.661674
-0.660889 -0.660041 -0.66012 -0.66013 -0.660367 -0.661139 -0.661627 -0.660937
-0.660138 -0.658923 -0.659013 -0.659023 -0.65923 -0.660213 -0.660872 -0.660209
-0.659403 -0.657813 -0.657888 -0.657874 -0.658141 -0.659337 -0.660195 -0.659476
-0.658647 -0.656669 -0.656732 -0.656727 -0.657123 -0.658497 -0.659711 -0.659904
-0.659938 -0.658588 -0.658637 -0.65863 -0.658992 -0.659971 -0.660883 -0.66113
HOST-Info: TEST PASSED
HOST-Info: DONE

