

================================================================
== Vitis HLS Report for 'kernel_stage0'
================================================================
* Date:           Sat Oct  7 16:27:18 2023

* Version:        2021.2 (Build 3367213 on Tue Oct 19 02:47:39 MDT 2021)
* Project:        proj_stage0_kernel
* Solution:       solution1 (Vivado IP Flow Target)
* Product family: virtexuplus
* Target device:  xcu250-figd2104-2L-e


================================================================
== Performance Estimates
================================================================
+ Timing: 
    * Summary: 
    +--------+----------+-----------+------------+
    |  Clock |  Target  | Estimated | Uncertainty|
    +--------+----------+-----------+------------+
    |ap_clk  |  15.00 ns|  10.950 ns|     4.05 ns|
    +--------+----------+-----------+------------+

+ Latency: 
    * Summary: 
    +---------+---------+----------+----------+-----+-----+---------+
    |  Latency (cycles) |  Latency (absolute) |  Interval | Pipeline|
    |   min   |   max   |    min   |    max   | min | max |   Type  |
    +---------+---------+----------+----------+-----+-----+---------+
    |        ?|        ?|         ?|         ?|    ?|    ?|       no|
    +---------+---------+----------+----------+-----+-----+---------+

    + Detail: 
        * Instance: 
        +-------------------------------------------------------------------+--------------------------------------------------------+---------+---------+-----------+-----------+---------+---------+---------+
        |                                                                   |                                                        |  Latency (cycles) |   Latency (absolute)  |      Interval     | Pipeline|
        |                              Instance                             |                         Module                         |   min   |   max   |    min    |    max    |   min   |   max   |   Type  |
        +-------------------------------------------------------------------+--------------------------------------------------------+---------+---------+-----------+-----------+---------+---------+---------+
        |grp_DW_conv_1_fu_515                                               |DW_conv_1                                               |        ?|        ?|          ?|          ?|        ?|        ?|       no|
        |grp_BatchNorm_1_fu_533                                             |BatchNorm_1                                             |   446209|   446209|   6.693 ms|   6.693 ms|   446209|   446209|       no|
        |grp_DW_conv_2_fu_551                                               |DW_conv_2                                               |  2709906|  2709906|  40.649 ms|  40.649 ms|  2709906|  2709906|       no|
        |grp_kernel_stage0_Pipeline_VITIS_LOOP_17_3_VITIS_LOOP_18_4_fu_564  |kernel_stage0_Pipeline_VITIS_LOOP_17_3_VITIS_LOOP_18_4  |    12548|    12548|   0.188 ms|   0.188 ms|    12548|    12548|       no|
        |grp_Pointwise_conv_1_fu_572                                        |Pointwise_conv_1                                        |     1572|     1572|  23.580 us|  23.580 us|     1572|     1572|       no|
        |grp_kernel_stage0_Pipeline_VITIS_LOOP_7_1_fu_588                   |kernel_stage0_Pipeline_VITIS_LOOP_7_1                   |       40|       40|   0.600 us|   0.600 us|       40|       40|       no|
        |grp_kernel_stage0_Pipeline_VITIS_LOOP_34_2_fu_598                  |kernel_stage0_Pipeline_VITIS_LOOP_34_2                  |       46|       46|   0.690 us|   0.690 us|       46|       46|       no|
        |grp_Pointwise_conv_2_fu_608                                        |Pointwise_conv_2                                        |  7225388|  7225388|  0.108 sec|  0.108 sec|  7225388|  7225388|       no|
        |grp_kernel_stage0_Pipeline_VITIS_LOOP_57_4_fu_621                  |kernel_stage0_Pipeline_VITIS_LOOP_57_4                  |      117|      117|   1.755 us|   1.755 us|      117|      117|       no|
        +-------------------------------------------------------------------+--------------------------------------------------------+---------+---------+-----------+-----------+---------+---------+---------+

        * Loop: 
        +--------------------+---------+---------+---------------+-----------+-----------+------+----------+
        |                    |  Latency (cycles) |   Iteration   |  Initiation Interval  | Trip |          |
        |      Loop Name     |   min   |   max   |    Latency    |  achieved |   target  | Count| Pipelined|
        +--------------------+---------+---------+---------------+-----------+-----------+------+----------+
        |- VITIS_LOOP_15_2   |   301344|   301344|          12556|          -|          -|    24|        no|
        |- VITIS_LOOP_54_2   |   328008|   338760|  13667 ~ 14115|          -|          -|    24|        no|
        | + VITIS_LOOP_56_3  |    13664|    14112|      122 ~ 126|          -|          -|   112|        no|
        +--------------------+---------+---------+---------------+-----------+-----------+------+----------+



================================================================
== Utilization Estimates
================================================================
* Summary: 
+---------------------+---------+-------+---------+---------+------+
|         Name        | BRAM_18K|  DSP  |    FF   |   LUT   | URAM |
+---------------------+---------+-------+---------+---------+------+
|DSP                  |        -|      -|        -|        -|     -|
|Expression           |        -|      -|        0|      181|     -|
|FIFO                 |        -|      -|        -|        -|     -|
|Instance             |       10|     57|    33176|    43622|     0|
|Memory               |        -|      -|        -|        -|     -|
|Multiplexer          |        -|      -|        -|     4372|     -|
|Register             |        -|      -|     2509|        -|     -|
+---------------------+---------+-------+---------+---------+------+
|Total                |       10|     57|    35685|    48175|     0|
+---------------------+---------+-------+---------+---------+------+
|Available SLR        |     1344|   3072|   864000|   432000|   320|
+---------------------+---------+-------+---------+---------+------+
|Utilization SLR (%)  |       ~0|      1|        4|       11|     0|
+---------------------+---------+-------+---------+---------+------+
|Available            |     5376|  12288|  3456000|  1728000|  1280|
+---------------------+---------+-------+---------+---------+------+
|Utilization (%)      |       ~0|     ~0|        1|        2|     0|
+---------------------+---------+-------+---------+---------+------+

+ Detail: 
    * Instance: 
    +-------------------------------------------------------------------+--------------------------------------------------------+---------+----+------+-------+-----+
    |                              Instance                             |                         Module                         | BRAM_18K| DSP|  FF  |  LUT  | URAM|
    +-------------------------------------------------------------------+--------------------------------------------------------+---------+----+------+-------+-----+
    |grp_BatchNorm_1_fu_533                                             |BatchNorm_1                                             |        0|  13|  2625|   3009|    0|
    |grp_DW_conv_1_fu_515                                               |DW_conv_1                                               |        0|   4|  3859|   4344|    0|
    |grp_DW_conv_2_fu_551                                               |DW_conv_2                                               |        0|   0|  9763|  10016|    0|
    |grp_Pointwise_conv_1_fu_572                                        |Pointwise_conv_1                                        |        0|   5|  6425|   5076|    0|
    |grp_Pointwise_conv_2_fu_608                                        |Pointwise_conv_2                                        |        0|   1|  3729|  11034|    0|
    |control_s_axi_U                                                    |control_s_axi                                           |        0|   0|  2067|   3754|    0|
    |fadd_32ns_32ns_32_2_full_dsp_1_U144                                |fadd_32ns_32ns_32_2_full_dsp_1                          |        0|   2|   177|    226|    0|
    |fdiv_32ns_32ns_32_5_no_dsp_1_U142                                  |fdiv_32ns_32ns_32_5_no_dsp_1                            |        0|   0|     0|      0|    0|
    |fmul_32ns_32ns_32_2_max_dsp_1_U143                                 |fmul_32ns_32ns_32_2_max_dsp_1                           |        0|   3|   128|     77|    0|
    |gmem0_m_axi_U                                                      |gmem0_m_axi                                             |        2|   0|   512|    580|    0|
    |gmem1_m_axi_U                                                      |gmem1_m_axi                                             |        2|   0|   512|    580|    0|
    |gmem2_m_axi_U                                                      |gmem2_m_axi                                             |        2|   0|   512|    580|    0|
    |gmem3_m_axi_U                                                      |gmem3_m_axi                                             |        2|   0|   512|    580|    0|
    |gmem_m_axi_U                                                       |gmem_m_axi                                              |        2|   0|   512|    580|    0|
    |grp_kernel_stage0_Pipeline_VITIS_LOOP_17_3_VITIS_LOOP_18_4_fu_564  |kernel_stage0_Pipeline_VITIS_LOOP_17_3_VITIS_LOOP_18_4  |        0|   0|    87|    102|    0|
    |grp_kernel_stage0_Pipeline_VITIS_LOOP_34_2_fu_598                  |kernel_stage0_Pipeline_VITIS_LOOP_34_2                  |        0|  29|  1287|   2629|    0|
    |grp_kernel_stage0_Pipeline_VITIS_LOOP_57_4_fu_621                  |kernel_stage0_Pipeline_VITIS_LOOP_57_4                  |        0|   0|   145|    118|    0|
    |grp_kernel_stage0_Pipeline_VITIS_LOOP_7_1_fu_588                   |kernel_stage0_Pipeline_VITIS_LOOP_7_1                   |        0|   0|   324|    337|    0|
    +-------------------------------------------------------------------+--------------------------------------------------------+---------+----+------+-------+-----+
    |Total                                                              |                                                        |       10|  57| 33176|  43622|    0|
    +-------------------------------------------------------------------+--------------------------------------------------------+---------+----+------+-------+-----+

    * DSP: 
    N/A

    * Memory: 
    N/A

    * FIFO: 
    N/A

    * Expression: 
    +-----------------------+----------+----+---+----+------------+------------+
    |     Variable Name     | Operation| DSP| FF| LUT| Bitwidth P0| Bitwidth P1|
    +-----------------------+----------+----+---+----+------------+------------+
    |add_ln15_fu_691_p2     |         +|   0|  0|  12|           5|           1|
    |add_ln54_1_fu_764_p2   |         +|   0|  0|  28|          21|          16|
    |add_ln54_fu_776_p2     |         +|   0|  0|  12|           5|           1|
    |add_ln55_fu_786_p2     |         +|   0|  0|  71|          64|          64|
    |add_ln56_fu_820_p2     |         +|   0|  0|  14|           7|           1|
    |ap_block_state59_io    |       and|   0|  0|   2|           1|           1|
    |ap_block_state66       |       and|   0|  0|   2|           1|           1|
    |icmp_ln15_fu_685_p2    |      icmp|   0|  0|   9|           5|           5|
    |icmp_ln54_fu_770_p2    |      icmp|   0|  0|   9|           5|           5|
    |icmp_ln56_1_fu_834_p2  |      icmp|   0|  0|  10|           7|           6|
    |icmp_ln56_fu_814_p2    |      icmp|   0|  0|  10|           7|           6|
    |ap_block_state35_io    |        or|   0|  0|   2|           1|           1|
    +-----------------------+----------+----+---+----+------------+------------+
    |Total                  |          |   0|  0| 181|         129|         108|
    +-----------------------+----------+----+---+----+------------+------------+

    * Multiplexer: 
    +--------------------------------------------------+-----+-----------+-----+-----------+
    |                       Name                       | LUT | Input Size| Bits| Total Bits|
    +--------------------------------------------------+-----+-----------+-----+-----------+
    |ap_NS_fsm                                         |  299|         68|    1|         68|
    |c_1_fu_266                                        |    9|          2|    5|         10|
    |c_fu_254                                          |    9|          2|    5|         10|
    |gmem0_ARADDR                                      |   43|          8|   64|        512|
    |gmem0_ARBURST                                     |   31|          6|    2|         12|
    |gmem0_ARCACHE                                     |   31|          6|    4|         24|
    |gmem0_ARID                                        |   31|          6|    1|          6|
    |gmem0_ARLEN                                       |   37|          7|   32|        224|
    |gmem0_ARLOCK                                      |   31|          6|    2|         12|
    |gmem0_ARPROT                                      |   31|          6|    3|         18|
    |gmem0_ARQOS                                       |   31|          6|    4|         24|
    |gmem0_ARREGION                                    |   31|          6|    4|         24|
    |gmem0_ARSIZE                                      |   31|          6|    3|         18|
    |gmem0_ARUSER                                      |   31|          6|    1|          6|
    |gmem0_ARVALID                                     |   37|          7|    1|          7|
    |gmem0_AWADDR                                      |   20|          4|   64|        256|
    |gmem0_AWBURST                                     |   20|          4|    2|          8|
    |gmem0_AWCACHE                                     |   20|          4|    4|         16|
    |gmem0_AWID                                        |   20|          4|    1|          4|
    |gmem0_AWLEN                                       |   20|          4|   32|        128|
    |gmem0_AWLOCK                                      |   20|          4|    2|          8|
    |gmem0_AWPROT                                      |   20|          4|    3|         12|
    |gmem0_AWQOS                                       |   20|          4|    4|         16|
    |gmem0_AWREGION                                    |   20|          4|    4|         16|
    |gmem0_AWSIZE                                      |   20|          4|    3|         12|
    |gmem0_AWUSER                                      |   20|          4|    1|          4|
    |gmem0_AWVALID                                     |   20|          4|    1|          4|
    |gmem0_BREADY                                      |   20|          4|    1|          4|
    |gmem0_RREADY                                      |   31|          6|    1|          6|
    |gmem0_WDATA                                       |   20|          4|   32|        128|
    |gmem0_WID                                         |   20|          4|    1|          4|
    |gmem0_WLAST                                       |   20|          4|    1|          4|
    |gmem0_WSTRB                                       |   20|          4|    4|         16|
    |gmem0_WUSER                                       |   20|          4|    1|          4|
    |gmem0_WVALID                                      |   20|          4|    1|          4|
    |gmem0_blk_n_AR                                    |    9|          2|    1|          2|
    |gmem1_ARADDR                                      |   31|          6|   64|        384|
    |gmem1_ARBURST                                     |   26|          5|    2|         10|
    |gmem1_ARCACHE                                     |   26|          5|    4|         20|
    |gmem1_ARID                                        |   26|          5|    1|          5|
    |gmem1_ARLEN                                       |   31|          6|   32|        192|
    |gmem1_ARLOCK                                      |   26|          5|    2|         10|
    |gmem1_ARPROT                                      |   26|          5|    3|         15|
    |gmem1_ARQOS                                       |   26|          5|    4|         20|
    |gmem1_ARREGION                                    |   26|          5|    4|         20|
    |gmem1_ARSIZE                                      |   26|          5|    3|         15|
    |gmem1_ARUSER                                      |   26|          5|    1|          5|
    |gmem1_ARVALID                                     |   31|          6|    1|          6|
    |gmem1_AWADDR                                      |   14|          3|   64|        192|
    |gmem1_AWBURST                                     |   14|          3|    2|          6|
    |gmem1_AWCACHE                                     |   14|          3|    4|         12|
    |gmem1_AWID                                        |   14|          3|    1|          3|
    |gmem1_AWLEN                                       |   14|          3|   32|         96|
    |gmem1_AWLOCK                                      |   14|          3|    2|          6|
    |gmem1_AWPROT                                      |   14|          3|    3|          9|
    |gmem1_AWQOS                                       |   14|          3|    4|         12|
    |gmem1_AWREGION                                    |   14|          3|    4|         12|
    |gmem1_AWSIZE                                      |   14|          3|    3|          9|
    |gmem1_AWUSER                                      |   14|          3|    1|          3|
    |gmem1_AWVALID                                     |   14|          3|    1|          3|
    |gmem1_BREADY                                      |   14|          3|    1|          3|
    |gmem1_RREADY                                      |   26|          5|    1|          5|
    |gmem1_WDATA                                       |   14|          3|   32|         96|
    |gmem1_WID                                         |   14|          3|    1|          3|
    |gmem1_WLAST                                       |   14|          3|    1|          3|
    |gmem1_WSTRB                                       |   14|          3|    4|         12|
    |gmem1_WUSER                                       |   14|          3|    1|          3|
    |gmem1_WVALID                                      |   14|          3|    1|          3|
    |gmem1_blk_n_AR                                    |    9|          2|    1|          2|
    |gmem2_ARADDR                                      |   20|          4|   64|        256|
    |gmem2_ARBURST                                     |   14|          3|    2|          6|
    |gmem2_ARCACHE                                     |   14|          3|    4|         12|
    |gmem2_ARID                                        |   14|          3|    1|          3|
    |gmem2_ARLEN                                       |   20|          4|   32|        128|
    |gmem2_ARLOCK                                      |   14|          3|    2|          6|
    |gmem2_ARPROT                                      |   14|          3|    3|          9|
    |gmem2_ARQOS                                       |   14|          3|    4|         12|
    |gmem2_ARREGION                                    |   14|          3|    4|         12|
    |gmem2_ARSIZE                                      |   14|          3|    3|          9|
    |gmem2_ARUSER                                      |   14|          3|    1|          3|
    |gmem2_ARVALID                                     |   20|          4|    1|          4|
    |gmem2_AWADDR                                      |   26|          5|   64|        320|
    |gmem2_AWBURST                                     |   14|          3|    2|          6|
    |gmem2_AWCACHE                                     |   14|          3|    4|         12|
    |gmem2_AWID                                        |   14|          3|    1|          3|
    |gmem2_AWLEN                                       |   20|          4|   32|        128|
    |gmem2_AWLOCK                                      |   14|          3|    2|          6|
    |gmem2_AWPROT                                      |   14|          3|    3|          9|
    |gmem2_AWQOS                                       |   14|          3|    4|         12|
    |gmem2_AWREGION                                    |   14|          3|    4|         12|
    |gmem2_AWSIZE                                      |   14|          3|    3|          9|
    |gmem2_AWUSER                                      |   14|          3|    1|          3|
    |gmem2_AWVALID                                     |   20|          4|    1|          4|
    |gmem2_BREADY                                      |   20|          4|    1|          4|
    |gmem2_RREADY                                      |   20|          4|    1|          4|
    |gmem2_WDATA                                       |   20|          4|   32|        128|
    |gmem2_WID                                         |   14|          3|    1|          3|
    |gmem2_WLAST                                       |   14|          3|    1|          3|
    |gmem2_WSTRB                                       |   20|          4|    4|         16|
    |gmem2_WUSER                                       |   14|          3|    1|          3|
    |gmem2_WVALID                                      |   20|          4|    1|          4|
    |gmem2_blk_n_AR                                    |    9|          2|    1|          2|
    |gmem2_blk_n_AW                                    |    9|          2|    1|          2|
    |gmem2_blk_n_B                                     |    9|          2|    1|          2|
    |gmem2_blk_n_R                                     |    9|          2|    1|          2|
    |gmem2_blk_n_W                                     |    9|          2|    1|          2|
    |gmem3_ARADDR                                      |   31|          6|   64|        384|
    |gmem3_ARBURST                                     |   31|          6|    2|         12|
    |gmem3_ARCACHE                                     |   31|          6|    4|         24|
    |gmem3_ARID                                        |   31|          6|    1|          6|
    |gmem3_ARLEN                                       |   31|          6|   32|        192|
    |gmem3_ARLOCK                                      |   31|          6|    2|         12|
    |gmem3_ARPROT                                      |   31|          6|    3|         18|
    |gmem3_ARQOS                                       |   31|          6|    4|         24|
    |gmem3_ARREGION                                    |   31|          6|    4|         24|
    |gmem3_ARSIZE                                      |   31|          6|    3|         18|
    |gmem3_ARUSER                                      |   31|          6|    1|          6|
    |gmem3_ARVALID                                     |   31|          6|    1|          6|
    |gmem3_AWADDR                                      |   26|          5|   64|        320|
    |gmem3_AWBURST                                     |   20|          4|    2|          8|
    |gmem3_AWCACHE                                     |   20|          4|    4|         16|
    |gmem3_AWID                                        |   20|          4|    1|          4|
    |gmem3_AWLEN                                       |   26|          5|   32|        160|
    |gmem3_AWLOCK                                      |   20|          4|    2|          8|
    |gmem3_AWPROT                                      |   20|          4|    3|         12|
    |gmem3_AWQOS                                       |   20|          4|    4|         16|
    |gmem3_AWREGION                                    |   20|          4|    4|         16|
    |gmem3_AWSIZE                                      |   20|          4|    3|         12|
    |gmem3_AWUSER                                      |   20|          4|    1|          4|
    |gmem3_AWVALID                                     |   26|          5|    1|          5|
    |gmem3_BREADY                                      |   26|          5|    1|          5|
    |gmem3_RREADY                                      |   31|          6|    1|          6|
    |gmem3_WDATA                                       |   20|          4|   32|        128|
    |gmem3_WID                                         |   20|          4|    1|          4|
    |gmem3_WLAST                                       |   20|          4|    1|          4|
    |gmem3_WSTRB                                       |   20|          4|    4|         16|
    |gmem3_WUSER                                       |   20|          4|    1|          4|
    |gmem3_WVALID                                      |   20|          4|    1|          4|
    |gmem3_blk_n_AW                                    |    9|          2|    1|          2|
    |gmem3_blk_n_B                                     |    9|          2|    1|          2|
    |gmem_ARADDR                                       |   31|          6|   64|        384|
    |gmem_ARBURST                                      |   31|          6|    2|         12|
    |gmem_ARCACHE                                      |   31|          6|    4|         24|
    |gmem_ARID                                         |   31|          6|    1|          6|
    |gmem_ARLEN                                        |   31|          6|   32|        192|
    |gmem_ARLOCK                                       |   31|          6|    2|         12|
    |gmem_ARPROT                                       |   31|          6|    3|         18|
    |gmem_ARQOS                                        |   31|          6|    4|         24|
    |gmem_ARREGION                                     |   31|          6|    4|         24|
    |gmem_ARSIZE                                       |   31|          6|    3|         18|
    |gmem_ARUSER                                       |   31|          6|    1|          6|
    |gmem_ARVALID                                      |   31|          6|    1|          6|
    |gmem_RREADY                                       |   31|          6|    1|          6|
    |grp_BatchNorm_1_fu_533_X_data                     |   14|          3|   64|        192|
    |grp_BatchNorm_1_fu_533_Y_data                     |   14|          3|   64|        192|
    |grp_BatchNorm_1_fu_533_beta                       |   14|          3|   64|        192|
    |grp_BatchNorm_1_fu_533_gamma                      |   14|          3|   64|        192|
    |grp_BatchNorm_1_fu_533_m_axi_gmem1_ARREADY        |   14|          3|    1|          3|
    |grp_BatchNorm_1_fu_533_m_axi_gmem1_RDATA          |   14|          3|   32|         96|
    |grp_BatchNorm_1_fu_533_m_axi_gmem1_RFIFONUM       |   14|          3|    9|         27|
    |grp_BatchNorm_1_fu_533_m_axi_gmem1_RID            |   14|          3|    1|          3|
    |grp_BatchNorm_1_fu_533_m_axi_gmem1_RLAST          |   14|          3|    1|          3|
    |grp_BatchNorm_1_fu_533_m_axi_gmem1_RRESP          |   14|          3|    2|          6|
    |grp_BatchNorm_1_fu_533_m_axi_gmem1_RUSER          |   14|          3|    1|          3|
    |grp_BatchNorm_1_fu_533_m_axi_gmem1_RVALID         |   14|          3|    1|          3|
    |grp_BatchNorm_1_fu_533_m_axi_gmem2_AWREADY        |   14|          3|    1|          3|
    |grp_BatchNorm_1_fu_533_m_axi_gmem2_BID            |   14|          3|    1|          3|
    |grp_BatchNorm_1_fu_533_m_axi_gmem2_BRESP          |   14|          3|    2|          6|
    |grp_BatchNorm_1_fu_533_m_axi_gmem2_BUSER          |   14|          3|    1|          3|
    |grp_BatchNorm_1_fu_533_m_axi_gmem2_BVALID         |   14|          3|    1|          3|
    |grp_BatchNorm_1_fu_533_m_axi_gmem2_WREADY         |   14|          3|    1|          3|
    |grp_BatchNorm_1_fu_533_running_mean               |   14|          3|   64|        192|
    |grp_BatchNorm_1_fu_533_running_var                |   14|          3|   64|        192|
    |grp_Pointwise_conv_1_fu_572_buffer_DataIn_1       |   14|          3|   64|        192|
    |grp_Pointwise_conv_1_fu_572_buffer_bias           |   14|          3|   64|        192|
    |grp_Pointwise_conv_1_fu_572_buffer_kernel         |   14|          3|   64|        192|
    |grp_Pointwise_conv_1_fu_572_m_axi_gmem2_ARREADY   |   14|          3|    1|          3|
    |grp_Pointwise_conv_1_fu_572_m_axi_gmem2_RDATA     |   14|          3|   32|         96|
    |grp_Pointwise_conv_1_fu_572_m_axi_gmem2_RFIFONUM  |   14|          3|    9|         27|
    |grp_Pointwise_conv_1_fu_572_m_axi_gmem2_RID       |   14|          3|    1|          3|
    |grp_Pointwise_conv_1_fu_572_m_axi_gmem2_RLAST     |   14|          3|    1|          3|
    |grp_Pointwise_conv_1_fu_572_m_axi_gmem2_RRESP     |   14|          3|    2|          6|
    |grp_Pointwise_conv_1_fu_572_m_axi_gmem2_RUSER     |   14|          3|    1|          3|
    |grp_Pointwise_conv_1_fu_572_m_axi_gmem2_RVALID    |   14|          3|    1|          3|
    |grp_Pointwise_conv_1_fu_572_m_axi_gmem3_ARREADY   |   14|          3|    1|          3|
    |grp_Pointwise_conv_1_fu_572_m_axi_gmem3_AWREADY   |   14|          3|    1|          3|
    |grp_Pointwise_conv_1_fu_572_m_axi_gmem3_BID       |   14|          3|    1|          3|
    |grp_Pointwise_conv_1_fu_572_m_axi_gmem3_BRESP     |   14|          3|    2|          6|
    |grp_Pointwise_conv_1_fu_572_m_axi_gmem3_BUSER     |   14|          3|    1|          3|
    |grp_Pointwise_conv_1_fu_572_m_axi_gmem3_BVALID    |   14|          3|    1|          3|
    |grp_Pointwise_conv_1_fu_572_m_axi_gmem3_RDATA     |   14|          3|   32|         96|
    |grp_Pointwise_conv_1_fu_572_m_axi_gmem3_RFIFONUM  |   14|          3|    9|         27|
    |grp_Pointwise_conv_1_fu_572_m_axi_gmem3_RID       |   14|          3|    1|          3|
    |grp_Pointwise_conv_1_fu_572_m_axi_gmem3_RLAST     |   14|          3|    1|          3|
    |grp_Pointwise_conv_1_fu_572_m_axi_gmem3_RRESP     |   14|          3|    2|          6|
    |grp_Pointwise_conv_1_fu_572_m_axi_gmem3_RUSER     |   14|          3|    1|          3|
    |grp_Pointwise_conv_1_fu_572_m_axi_gmem3_RVALID    |   14|          3|    1|          3|
    |grp_Pointwise_conv_1_fu_572_m_axi_gmem3_WREADY    |   14|          3|    1|          3|
    |grp_Pointwise_conv_1_fu_572_out_r                 |   14|          3|   64|        192|
    |grp_fu_1107_ce                                    |   26|          5|    1|          5|
    |grp_fu_1107_p0                                    |   26|          5|   32|        160|
    |grp_fu_1107_p1                                    |   26|          5|   32|        160|
    |grp_fu_1111_ce                                    |   26|          5|    1|          5|
    |grp_fu_1111_p0                                    |   26|          5|   32|        160|
    |grp_fu_1111_p1                                    |   26|          5|   32|        160|
    |h_reg_504                                         |    9|          2|    7|         14|
    |phi_mul_fu_262                                    |    9|          2|   21|         42|
    +--------------------------------------------------+-----+-----------+-----+-----------+
    |Total                                             | 4372|        889| 2234|       9299|
    +--------------------------------------------------+-----+-----------+-----+-----------+

    * Register: 
    +--------------------------------------------------------------------------------+----+----+-----+-----------+
    |                                      Name                                      | FF | LUT| Bits| Const Bits|
    +--------------------------------------------------------------------------------+----+----+-----+-----------+
    |X_data_read_reg_988                                                             |  64|   0|   64|          0|
    |Y_dw_conv_read_reg_890                                                          |  64|   0|   64|          0|
    |Y_dw_norm_read_reg_885                                                          |  64|   0|   64|          0|
    |Y_expand_read_reg_862                                                           |  64|   0|   64|          0|
    |Y_mean_read_reg_880                                                             |  64|   0|   64|          0|
    |Y_msp_conv_read_reg_902                                                         |  64|   0|   64|          0|
    |Y_msp_norm_read_reg_896                                                         |  64|   0|   64|          0|
    |Y_proj_read_reg_846                                                             |  64|   0|   64|          0|
    |Y_reduce_read_reg_874                                                           |  64|   0|   64|          0|
    |Y_relu_read_reg_868                                                             |  64|   0|   64|          0|
    |Y_se_read_reg_851                                                               |  64|   0|   64|          0|
    |Y_sigmoid_read_reg_857                                                          |  64|   0|   64|          0|
    |add_ln54_1_reg_1065                                                             |  21|   0|   21|          0|
    |add_ln54_reg_1073                                                               |   5|   0|    5|          0|
    |add_ln56_reg_1097                                                               |   7|   0|    7|          0|
    |ap_CS_fsm                                                                       |  67|   0|   67|          0|
    |c_1_fu_266                                                                      |   5|   0|    5|          0|
    |c_fu_254                                                                        |   5|   0|    5|          0|
    |div_i_reg_1043                                                                  |  32|   0|   32|          0|
    |dw_conv_weight_read_reg_953                                                     |  64|   0|   64|          0|
    |first_itr_reg_490                                                               |   1|   0|    1|          0|
    |gmem0_addr_reg_1012                                                             |  64|   0|   64|          0|
    |gmem2_addr_1_reg_1006                                                           |  64|   0|   64|          0|
    |gmem2_addr_reg_1059                                                             |  64|   0|   64|          0|
    |gmem3_addr_reg_1089                                                             |  64|   0|   64|          0|
    |grp_BatchNorm_1_fu_533_ap_start_reg                                             |   1|   0|    1|          0|
    |grp_DW_conv_1_fu_515_ap_start_reg                                               |   1|   0|    1|          0|
    |grp_DW_conv_2_fu_551_ap_start_reg                                               |   1|   0|    1|          0|
    |grp_Pointwise_conv_1_fu_572_ap_start_reg                                        |   1|   0|    1|          0|
    |grp_Pointwise_conv_2_fu_608_ap_start_reg                                        |   1|   0|    1|          0|
    |grp_kernel_stage0_Pipeline_VITIS_LOOP_17_3_VITIS_LOOP_18_4_fu_564_ap_start_reg  |   1|   0|    1|          0|
    |grp_kernel_stage0_Pipeline_VITIS_LOOP_34_2_fu_598_ap_start_reg                  |   1|   0|    1|          0|
    |grp_kernel_stage0_Pipeline_VITIS_LOOP_57_4_fu_621_ap_start_reg                  |   1|   0|    1|          0|
    |grp_kernel_stage0_Pipeline_VITIS_LOOP_7_1_fu_588_ap_start_reg                   |   1|   0|    1|          0|
    |h_reg_504                                                                       |   7|   0|    7|          0|
    |icmp_ln56_1_reg_1103                                                            |   1|   0|    1|          0|
    |msp_conv_bias_read_reg_978                                                      |  64|   0|   64|          0|
    |msp_conv_weight_read_reg_983                                                    |  64|   0|   64|          0|
    |msp_norm_bias_read_reg_968                                                      |  64|   0|   64|          0|
    |msp_norm_running_mean_read_reg_963                                              |  64|   0|   64|          0|
    |msp_norm_running_var_read_reg_958                                               |  64|   0|   64|          0|
    |msp_norm_weight_read_reg_973                                                    |  64|   0|   64|          0|
    |norm_1_bias_read_reg_943                                                        |  64|   0|   64|          0|
    |norm_1_running_mean_read_reg_938                                                |  64|   0|   64|          0|
    |norm_1_running_var_read_reg_933                                                 |  64|   0|   64|          0|
    |norm_1_weight_read_reg_948                                                      |  64|   0|   64|          0|
    |phi_mul_fu_262                                                                  |  21|   0|   21|          0|
    |proj_conv_weight_read_reg_908                                                   |  64|   0|   64|          0|
    |scale_reg_1084                                                                  |  32|   0|   32|          0|
    |se_conv_expand_bias_read_reg_913                                                |  64|   0|   64|          0|
    |se_conv_expand_weight_read_reg_918                                              |  64|   0|   64|          0|
    |se_conv_reduce_bias_read_reg_923                                                |  64|   0|   64|          0|
    |se_conv_reduce_weight_read_reg_928                                              |  64|   0|   64|          0|
    |trunc_ln1_reg_1048                                                              |  62|   0|   62|          0|
    |trunc_ln34_1_reg_1034                                                           |  62|   0|   62|          0|
    |trunc_ln3_reg_1078                                                              |  62|   0|   62|          0|
    |trunc_ln_reg_999                                                                |  62|   0|   62|          0|
    +--------------------------------------------------------------------------------+----+----+-----+-----------+
    |Total                                                                           |2509|   0| 2509|          0|
    +--------------------------------------------------------------------------------+----+----+-----+-----------+



================================================================
== Interface
================================================================
* Summary: 
+-----------------------+-----+-----+------------+---------------+--------------+
|       RTL Ports       | Dir | Bits|  Protocol  | Source Object |    C Type    |
+-----------------------+-----+-----+------------+---------------+--------------+
|s_axi_control_AWVALID  |   in|    1|       s_axi|        control|        scalar|
|s_axi_control_AWREADY  |  out|    1|       s_axi|        control|        scalar|
|s_axi_control_AWADDR   |   in|    9|       s_axi|        control|        scalar|
|s_axi_control_WVALID   |   in|    1|       s_axi|        control|        scalar|
|s_axi_control_WREADY   |  out|    1|       s_axi|        control|        scalar|
|s_axi_control_WDATA    |   in|   32|       s_axi|        control|        scalar|
|s_axi_control_WSTRB    |   in|    4|       s_axi|        control|        scalar|
|s_axi_control_ARVALID  |   in|    1|       s_axi|        control|        scalar|
|s_axi_control_ARREADY  |  out|    1|       s_axi|        control|        scalar|
|s_axi_control_ARADDR   |   in|    9|       s_axi|        control|        scalar|
|s_axi_control_RVALID   |  out|    1|       s_axi|        control|        scalar|
|s_axi_control_RREADY   |   in|    1|       s_axi|        control|        scalar|
|s_axi_control_RDATA    |  out|   32|       s_axi|        control|        scalar|
|s_axi_control_RRESP    |  out|    2|       s_axi|        control|        scalar|
|s_axi_control_BVALID   |  out|    1|       s_axi|        control|        scalar|
|s_axi_control_BREADY   |   in|    1|       s_axi|        control|        scalar|
|s_axi_control_BRESP    |  out|    2|       s_axi|        control|        scalar|
|ap_local_block         |  out|    1|  ap_ctrl_hs|  kernel_stage0|  return value|
|ap_clk                 |   in|    1|  ap_ctrl_hs|  kernel_stage0|  return value|
|ap_rst_n               |   in|    1|  ap_ctrl_hs|  kernel_stage0|  return value|
|ap_start               |   in|    1|  ap_ctrl_hs|  kernel_stage0|  return value|
|ap_done                |  out|    1|  ap_ctrl_hs|  kernel_stage0|  return value|
|ap_idle                |  out|    1|  ap_ctrl_hs|  kernel_stage0|  return value|
|ap_ready               |  out|    1|  ap_ctrl_hs|  kernel_stage0|  return value|
|m_axi_gmem0_AWVALID    |  out|    1|       m_axi|          gmem0|       pointer|
|m_axi_gmem0_AWREADY    |   in|    1|       m_axi|          gmem0|       pointer|
|m_axi_gmem0_AWADDR     |  out|   64|       m_axi|          gmem0|       pointer|
|m_axi_gmem0_AWID       |  out|    1|       m_axi|          gmem0|       pointer|
|m_axi_gmem0_AWLEN      |  out|    8|       m_axi|          gmem0|       pointer|
|m_axi_gmem0_AWSIZE     |  out|    3|       m_axi|          gmem0|       pointer|
|m_axi_gmem0_AWBURST    |  out|    2|       m_axi|          gmem0|       pointer|
|m_axi_gmem0_AWLOCK     |  out|    2|       m_axi|          gmem0|       pointer|
|m_axi_gmem0_AWCACHE    |  out|    4|       m_axi|          gmem0|       pointer|
|m_axi_gmem0_AWPROT     |  out|    3|       m_axi|          gmem0|       pointer|
|m_axi_gmem0_AWQOS      |  out|    4|       m_axi|          gmem0|       pointer|
|m_axi_gmem0_AWREGION   |  out|    4|       m_axi|          gmem0|       pointer|
|m_axi_gmem0_AWUSER     |  out|    1|       m_axi|          gmem0|       pointer|
|m_axi_gmem0_WVALID     |  out|    1|       m_axi|          gmem0|       pointer|
|m_axi_gmem0_WREADY     |   in|    1|       m_axi|          gmem0|       pointer|
|m_axi_gmem0_WDATA      |  out|   32|       m_axi|          gmem0|       pointer|
|m_axi_gmem0_WSTRB      |  out|    4|       m_axi|          gmem0|       pointer|
|m_axi_gmem0_WLAST      |  out|    1|       m_axi|          gmem0|       pointer|
|m_axi_gmem0_WID        |  out|    1|       m_axi|          gmem0|       pointer|
|m_axi_gmem0_WUSER      |  out|    1|       m_axi|          gmem0|       pointer|
|m_axi_gmem0_ARVALID    |  out|    1|       m_axi|          gmem0|       pointer|
|m_axi_gmem0_ARREADY    |   in|    1|       m_axi|          gmem0|       pointer|
|m_axi_gmem0_ARADDR     |  out|   64|       m_axi|          gmem0|       pointer|
|m_axi_gmem0_ARID       |  out|    1|       m_axi|          gmem0|       pointer|
|m_axi_gmem0_ARLEN      |  out|    8|       m_axi|          gmem0|       pointer|
|m_axi_gmem0_ARSIZE     |  out|    3|       m_axi|          gmem0|       pointer|
|m_axi_gmem0_ARBURST    |  out|    2|       m_axi|          gmem0|       pointer|
|m_axi_gmem0_ARLOCK     |  out|    2|       m_axi|          gmem0|       pointer|
|m_axi_gmem0_ARCACHE    |  out|    4|       m_axi|          gmem0|       pointer|
|m_axi_gmem0_ARPROT     |  out|    3|       m_axi|          gmem0|       pointer|
|m_axi_gmem0_ARQOS      |  out|    4|       m_axi|          gmem0|       pointer|
|m_axi_gmem0_ARREGION   |  out|    4|       m_axi|          gmem0|       pointer|
|m_axi_gmem0_ARUSER     |  out|    1|       m_axi|          gmem0|       pointer|
|m_axi_gmem0_RVALID     |   in|    1|       m_axi|          gmem0|       pointer|
|m_axi_gmem0_RREADY     |  out|    1|       m_axi|          gmem0|       pointer|
|m_axi_gmem0_RDATA      |   in|   32|       m_axi|          gmem0|       pointer|
|m_axi_gmem0_RLAST      |   in|    1|       m_axi|          gmem0|       pointer|
|m_axi_gmem0_RID        |   in|    1|       m_axi|          gmem0|       pointer|
|m_axi_gmem0_RUSER      |   in|    1|       m_axi|          gmem0|       pointer|
|m_axi_gmem0_RRESP      |   in|    2|       m_axi|          gmem0|       pointer|
|m_axi_gmem0_BVALID     |   in|    1|       m_axi|          gmem0|       pointer|
|m_axi_gmem0_BREADY     |  out|    1|       m_axi|          gmem0|       pointer|
|m_axi_gmem0_BRESP      |   in|    2|       m_axi|          gmem0|       pointer|
|m_axi_gmem0_BID        |   in|    1|       m_axi|          gmem0|       pointer|
|m_axi_gmem0_BUSER      |   in|    1|       m_axi|          gmem0|       pointer|
|m_axi_gmem_AWVALID     |  out|    1|       m_axi|           gmem|       pointer|
|m_axi_gmem_AWREADY     |   in|    1|       m_axi|           gmem|       pointer|
|m_axi_gmem_AWADDR      |  out|   64|       m_axi|           gmem|       pointer|
|m_axi_gmem_AWID        |  out|    1|       m_axi|           gmem|       pointer|
|m_axi_gmem_AWLEN       |  out|    8|       m_axi|           gmem|       pointer|
|m_axi_gmem_AWSIZE      |  out|    3|       m_axi|           gmem|       pointer|
|m_axi_gmem_AWBURST     |  out|    2|       m_axi|           gmem|       pointer|
|m_axi_gmem_AWLOCK      |  out|    2|       m_axi|           gmem|       pointer|
|m_axi_gmem_AWCACHE     |  out|    4|       m_axi|           gmem|       pointer|
|m_axi_gmem_AWPROT      |  out|    3|       m_axi|           gmem|       pointer|
|m_axi_gmem_AWQOS       |  out|    4|       m_axi|           gmem|       pointer|
|m_axi_gmem_AWREGION    |  out|    4|       m_axi|           gmem|       pointer|
|m_axi_gmem_AWUSER      |  out|    1|       m_axi|           gmem|       pointer|
|m_axi_gmem_WVALID      |  out|    1|       m_axi|           gmem|       pointer|
|m_axi_gmem_WREADY      |   in|    1|       m_axi|           gmem|       pointer|
|m_axi_gmem_WDATA       |  out|   32|       m_axi|           gmem|       pointer|
|m_axi_gmem_WSTRB       |  out|    4|       m_axi|           gmem|       pointer|
|m_axi_gmem_WLAST       |  out|    1|       m_axi|           gmem|       pointer|
|m_axi_gmem_WID         |  out|    1|       m_axi|           gmem|       pointer|
|m_axi_gmem_WUSER       |  out|    1|       m_axi|           gmem|       pointer|
|m_axi_gmem_ARVALID     |  out|    1|       m_axi|           gmem|       pointer|
|m_axi_gmem_ARREADY     |   in|    1|       m_axi|           gmem|       pointer|
|m_axi_gmem_ARADDR      |  out|   64|       m_axi|           gmem|       pointer|
|m_axi_gmem_ARID        |  out|    1|       m_axi|           gmem|       pointer|
|m_axi_gmem_ARLEN       |  out|    8|       m_axi|           gmem|       pointer|
|m_axi_gmem_ARSIZE      |  out|    3|       m_axi|           gmem|       pointer|
|m_axi_gmem_ARBURST     |  out|    2|       m_axi|           gmem|       pointer|
|m_axi_gmem_ARLOCK      |  out|    2|       m_axi|           gmem|       pointer|
|m_axi_gmem_ARCACHE     |  out|    4|       m_axi|           gmem|       pointer|
|m_axi_gmem_ARPROT      |  out|    3|       m_axi|           gmem|       pointer|
|m_axi_gmem_ARQOS       |  out|    4|       m_axi|           gmem|       pointer|
|m_axi_gmem_ARREGION    |  out|    4|       m_axi|           gmem|       pointer|
|m_axi_gmem_ARUSER      |  out|    1|       m_axi|           gmem|       pointer|
|m_axi_gmem_RVALID      |   in|    1|       m_axi|           gmem|       pointer|
|m_axi_gmem_RREADY      |  out|    1|       m_axi|           gmem|       pointer|
|m_axi_gmem_RDATA       |   in|   32|       m_axi|           gmem|       pointer|
|m_axi_gmem_RLAST       |   in|    1|       m_axi|           gmem|       pointer|
|m_axi_gmem_RID         |   in|    1|       m_axi|           gmem|       pointer|
|m_axi_gmem_RUSER       |   in|    1|       m_axi|           gmem|       pointer|
|m_axi_gmem_RRESP       |   in|    2|       m_axi|           gmem|       pointer|
|m_axi_gmem_BVALID      |   in|    1|       m_axi|           gmem|       pointer|
|m_axi_gmem_BREADY      |  out|    1|       m_axi|           gmem|       pointer|
|m_axi_gmem_BRESP       |   in|    2|       m_axi|           gmem|       pointer|
|m_axi_gmem_BID         |   in|    1|       m_axi|           gmem|       pointer|
|m_axi_gmem_BUSER       |   in|    1|       m_axi|           gmem|       pointer|
|m_axi_gmem1_AWVALID    |  out|    1|       m_axi|          gmem1|       pointer|
|m_axi_gmem1_AWREADY    |   in|    1|       m_axi|          gmem1|       pointer|
|m_axi_gmem1_AWADDR     |  out|   64|       m_axi|          gmem1|       pointer|
|m_axi_gmem1_AWID       |  out|    1|       m_axi|          gmem1|       pointer|
|m_axi_gmem1_AWLEN      |  out|    8|       m_axi|          gmem1|       pointer|
|m_axi_gmem1_AWSIZE     |  out|    3|       m_axi|          gmem1|       pointer|
|m_axi_gmem1_AWBURST    |  out|    2|       m_axi|          gmem1|       pointer|
|m_axi_gmem1_AWLOCK     |  out|    2|       m_axi|          gmem1|       pointer|
|m_axi_gmem1_AWCACHE    |  out|    4|       m_axi|          gmem1|       pointer|
|m_axi_gmem1_AWPROT     |  out|    3|       m_axi|          gmem1|       pointer|
|m_axi_gmem1_AWQOS      |  out|    4|       m_axi|          gmem1|       pointer|
|m_axi_gmem1_AWREGION   |  out|    4|       m_axi|          gmem1|       pointer|
|m_axi_gmem1_AWUSER     |  out|    1|       m_axi|          gmem1|       pointer|
|m_axi_gmem1_WVALID     |  out|    1|       m_axi|          gmem1|       pointer|
|m_axi_gmem1_WREADY     |   in|    1|       m_axi|          gmem1|       pointer|
|m_axi_gmem1_WDATA      |  out|   32|       m_axi|          gmem1|       pointer|
|m_axi_gmem1_WSTRB      |  out|    4|       m_axi|          gmem1|       pointer|
|m_axi_gmem1_WLAST      |  out|    1|       m_axi|          gmem1|       pointer|
|m_axi_gmem1_WID        |  out|    1|       m_axi|          gmem1|       pointer|
|m_axi_gmem1_WUSER      |  out|    1|       m_axi|          gmem1|       pointer|
|m_axi_gmem1_ARVALID    |  out|    1|       m_axi|          gmem1|       pointer|
|m_axi_gmem1_ARREADY    |   in|    1|       m_axi|          gmem1|       pointer|
|m_axi_gmem1_ARADDR     |  out|   64|       m_axi|          gmem1|       pointer|
|m_axi_gmem1_ARID       |  out|    1|       m_axi|          gmem1|       pointer|
|m_axi_gmem1_ARLEN      |  out|    8|       m_axi|          gmem1|       pointer|
|m_axi_gmem1_ARSIZE     |  out|    3|       m_axi|          gmem1|       pointer|
|m_axi_gmem1_ARBURST    |  out|    2|       m_axi|          gmem1|       pointer|
|m_axi_gmem1_ARLOCK     |  out|    2|       m_axi|          gmem1|       pointer|
|m_axi_gmem1_ARCACHE    |  out|    4|       m_axi|          gmem1|       pointer|
|m_axi_gmem1_ARPROT     |  out|    3|       m_axi|          gmem1|       pointer|
|m_axi_gmem1_ARQOS      |  out|    4|       m_axi|          gmem1|       pointer|
|m_axi_gmem1_ARREGION   |  out|    4|       m_axi|          gmem1|       pointer|
|m_axi_gmem1_ARUSER     |  out|    1|       m_axi|          gmem1|       pointer|
|m_axi_gmem1_RVALID     |   in|    1|       m_axi|          gmem1|       pointer|
|m_axi_gmem1_RREADY     |  out|    1|       m_axi|          gmem1|       pointer|
|m_axi_gmem1_RDATA      |   in|   32|       m_axi|          gmem1|       pointer|
|m_axi_gmem1_RLAST      |   in|    1|       m_axi|          gmem1|       pointer|
|m_axi_gmem1_RID        |   in|    1|       m_axi|          gmem1|       pointer|
|m_axi_gmem1_RUSER      |   in|    1|       m_axi|          gmem1|       pointer|
|m_axi_gmem1_RRESP      |   in|    2|       m_axi|          gmem1|       pointer|
|m_axi_gmem1_BVALID     |   in|    1|       m_axi|          gmem1|       pointer|
|m_axi_gmem1_BREADY     |  out|    1|       m_axi|          gmem1|       pointer|
|m_axi_gmem1_BRESP      |   in|    2|       m_axi|          gmem1|       pointer|
|m_axi_gmem1_BID        |   in|    1|       m_axi|          gmem1|       pointer|
|m_axi_gmem1_BUSER      |   in|    1|       m_axi|          gmem1|       pointer|
|m_axi_gmem2_AWVALID    |  out|    1|       m_axi|          gmem2|       pointer|
|m_axi_gmem2_AWREADY    |   in|    1|       m_axi|          gmem2|       pointer|
|m_axi_gmem2_AWADDR     |  out|   64|       m_axi|          gmem2|       pointer|
|m_axi_gmem2_AWID       |  out|    1|       m_axi|          gmem2|       pointer|
|m_axi_gmem2_AWLEN      |  out|    8|       m_axi|          gmem2|       pointer|
|m_axi_gmem2_AWSIZE     |  out|    3|       m_axi|          gmem2|       pointer|
|m_axi_gmem2_AWBURST    |  out|    2|       m_axi|          gmem2|       pointer|
|m_axi_gmem2_AWLOCK     |  out|    2|       m_axi|          gmem2|       pointer|
|m_axi_gmem2_AWCACHE    |  out|    4|       m_axi|          gmem2|       pointer|
|m_axi_gmem2_AWPROT     |  out|    3|       m_axi|          gmem2|       pointer|
|m_axi_gmem2_AWQOS      |  out|    4|       m_axi|          gmem2|       pointer|
|m_axi_gmem2_AWREGION   |  out|    4|       m_axi|          gmem2|       pointer|
|m_axi_gmem2_AWUSER     |  out|    1|       m_axi|          gmem2|       pointer|
|m_axi_gmem2_WVALID     |  out|    1|       m_axi|          gmem2|       pointer|
|m_axi_gmem2_WREADY     |   in|    1|       m_axi|          gmem2|       pointer|
|m_axi_gmem2_WDATA      |  out|   32|       m_axi|          gmem2|       pointer|
|m_axi_gmem2_WSTRB      |  out|    4|       m_axi|          gmem2|       pointer|
|m_axi_gmem2_WLAST      |  out|    1|       m_axi|          gmem2|       pointer|
|m_axi_gmem2_WID        |  out|    1|       m_axi|          gmem2|       pointer|
|m_axi_gmem2_WUSER      |  out|    1|       m_axi|          gmem2|       pointer|
|m_axi_gmem2_ARVALID    |  out|    1|       m_axi|          gmem2|       pointer|
|m_axi_gmem2_ARREADY    |   in|    1|       m_axi|          gmem2|       pointer|
|m_axi_gmem2_ARADDR     |  out|   64|       m_axi|          gmem2|       pointer|
|m_axi_gmem2_ARID       |  out|    1|       m_axi|          gmem2|       pointer|
|m_axi_gmem2_ARLEN      |  out|    8|       m_axi|          gmem2|       pointer|
|m_axi_gmem2_ARSIZE     |  out|    3|       m_axi|          gmem2|       pointer|
|m_axi_gmem2_ARBURST    |  out|    2|       m_axi|          gmem2|       pointer|
|m_axi_gmem2_ARLOCK     |  out|    2|       m_axi|          gmem2|       pointer|
|m_axi_gmem2_ARCACHE    |  out|    4|       m_axi|          gmem2|       pointer|
|m_axi_gmem2_ARPROT     |  out|    3|       m_axi|          gmem2|       pointer|
|m_axi_gmem2_ARQOS      |  out|    4|       m_axi|          gmem2|       pointer|
|m_axi_gmem2_ARREGION   |  out|    4|       m_axi|          gmem2|       pointer|
|m_axi_gmem2_ARUSER     |  out|    1|       m_axi|          gmem2|       pointer|
|m_axi_gmem2_RVALID     |   in|    1|       m_axi|          gmem2|       pointer|
|m_axi_gmem2_RREADY     |  out|    1|       m_axi|          gmem2|       pointer|
|m_axi_gmem2_RDATA      |   in|   32|       m_axi|          gmem2|       pointer|
|m_axi_gmem2_RLAST      |   in|    1|       m_axi|          gmem2|       pointer|
|m_axi_gmem2_RID        |   in|    1|       m_axi|          gmem2|       pointer|
|m_axi_gmem2_RUSER      |   in|    1|       m_axi|          gmem2|       pointer|
|m_axi_gmem2_RRESP      |   in|    2|       m_axi|          gmem2|       pointer|
|m_axi_gmem2_BVALID     |   in|    1|       m_axi|          gmem2|       pointer|
|m_axi_gmem2_BREADY     |  out|    1|       m_axi|          gmem2|       pointer|
|m_axi_gmem2_BRESP      |   in|    2|       m_axi|          gmem2|       pointer|
|m_axi_gmem2_BID        |   in|    1|       m_axi|          gmem2|       pointer|
|m_axi_gmem2_BUSER      |   in|    1|       m_axi|          gmem2|       pointer|
|m_axi_gmem3_AWVALID    |  out|    1|       m_axi|          gmem3|       pointer|
|m_axi_gmem3_AWREADY    |   in|    1|       m_axi|          gmem3|       pointer|
|m_axi_gmem3_AWADDR     |  out|   64|       m_axi|          gmem3|       pointer|
|m_axi_gmem3_AWID       |  out|    1|       m_axi|          gmem3|       pointer|
|m_axi_gmem3_AWLEN      |  out|    8|       m_axi|          gmem3|       pointer|
|m_axi_gmem3_AWSIZE     |  out|    3|       m_axi|          gmem3|       pointer|
|m_axi_gmem3_AWBURST    |  out|    2|       m_axi|          gmem3|       pointer|
|m_axi_gmem3_AWLOCK     |  out|    2|       m_axi|          gmem3|       pointer|
|m_axi_gmem3_AWCACHE    |  out|    4|       m_axi|          gmem3|       pointer|
|m_axi_gmem3_AWPROT     |  out|    3|       m_axi|          gmem3|       pointer|
|m_axi_gmem3_AWQOS      |  out|    4|       m_axi|          gmem3|       pointer|
|m_axi_gmem3_AWREGION   |  out|    4|       m_axi|          gmem3|       pointer|
|m_axi_gmem3_AWUSER     |  out|    1|       m_axi|          gmem3|       pointer|
|m_axi_gmem3_WVALID     |  out|    1|       m_axi|          gmem3|       pointer|
|m_axi_gmem3_WREADY     |   in|    1|       m_axi|          gmem3|       pointer|
|m_axi_gmem3_WDATA      |  out|   32|       m_axi|          gmem3|       pointer|
|m_axi_gmem3_WSTRB      |  out|    4|       m_axi|          gmem3|       pointer|
|m_axi_gmem3_WLAST      |  out|    1|       m_axi|          gmem3|       pointer|
|m_axi_gmem3_WID        |  out|    1|       m_axi|          gmem3|       pointer|
|m_axi_gmem3_WUSER      |  out|    1|       m_axi|          gmem3|       pointer|
|m_axi_gmem3_ARVALID    |  out|    1|       m_axi|          gmem3|       pointer|
|m_axi_gmem3_ARREADY    |   in|    1|       m_axi|          gmem3|       pointer|
|m_axi_gmem3_ARADDR     |  out|   64|       m_axi|          gmem3|       pointer|
|m_axi_gmem3_ARID       |  out|    1|       m_axi|          gmem3|       pointer|
|m_axi_gmem3_ARLEN      |  out|    8|       m_axi|          gmem3|       pointer|
|m_axi_gmem3_ARSIZE     |  out|    3|       m_axi|          gmem3|       pointer|
|m_axi_gmem3_ARBURST    |  out|    2|       m_axi|          gmem3|       pointer|
|m_axi_gmem3_ARLOCK     |  out|    2|       m_axi|          gmem3|       pointer|
|m_axi_gmem3_ARCACHE    |  out|    4|       m_axi|          gmem3|       pointer|
|m_axi_gmem3_ARPROT     |  out|    3|       m_axi|          gmem3|       pointer|
|m_axi_gmem3_ARQOS      |  out|    4|       m_axi|          gmem3|       pointer|
|m_axi_gmem3_ARREGION   |  out|    4|       m_axi|          gmem3|       pointer|
|m_axi_gmem3_ARUSER     |  out|    1|       m_axi|          gmem3|       pointer|
|m_axi_gmem3_RVALID     |   in|    1|       m_axi|          gmem3|       pointer|
|m_axi_gmem3_RREADY     |  out|    1|       m_axi|          gmem3|       pointer|
|m_axi_gmem3_RDATA      |   in|   32|       m_axi|          gmem3|       pointer|
|m_axi_gmem3_RLAST      |   in|    1|       m_axi|          gmem3|       pointer|
|m_axi_gmem3_RID        |   in|    1|       m_axi|          gmem3|       pointer|
|m_axi_gmem3_RUSER      |   in|    1|       m_axi|          gmem3|       pointer|
|m_axi_gmem3_RRESP      |   in|    2|       m_axi|          gmem3|       pointer|
|m_axi_gmem3_BVALID     |   in|    1|       m_axi|          gmem3|       pointer|
|m_axi_gmem3_BREADY     |  out|    1|       m_axi|          gmem3|       pointer|
|m_axi_gmem3_BRESP      |   in|    2|       m_axi|          gmem3|       pointer|
|m_axi_gmem3_BID        |   in|    1|       m_axi|          gmem3|       pointer|
|m_axi_gmem3_BUSER      |   in|    1|       m_axi|          gmem3|       pointer|
+-----------------------+-----+-----+------------+---------------+--------------+

