

================================================================
== Vitis HLS Report for 'kernel_stage0'
================================================================
* Date:           Sun Oct  1 23:33:12 2023

* Version:        2021.2 (Build 3367213 on Tue Oct 19 02:47:39 MDT 2021)
* Project:        proj_stage0_kernel
* Solution:       solution1 (Vivado IP Flow Target)
* Product family: virtexuplus
* Target device:  xcu250-figd2104-2L-e


================================================================
== Performance Estimates
================================================================
+ Timing: 
    * Summary: 
    +--------+----------+-----------+------------+
    |  Clock |  Target  | Estimated | Uncertainty|
    +--------+----------+-----------+------------+
    |ap_clk  |  15.00 ns|  10.950 ns|     4.05 ns|
    +--------+----------+-----------+------------+

+ Latency: 
    * Summary: 
    +---------+---------+----------+----------+-----+-----+---------+
    |  Latency (cycles) |  Latency (absolute) |  Interval | Pipeline|
    |   min   |   max   |    min   |    max   | min | max |   Type  |
    +---------+---------+----------+----------+-----+-----+---------+
    |        ?|        ?|         ?|         ?|    ?|    ?|       no|
    +---------+---------+----------+----------+-----+-----+---------+

    + Detail: 
        * Instance: 
        +-------------------------------------------------------------------+--------------------------------------------------------+---------+---------+-----------+-----------+--------+--------+---------+
        |                                                                   |                                                        |  Latency (cycles) |   Latency (absolute)  |     Interval    | Pipeline|
        |                              Instance                             |                         Module                         |   min   |   max   |    min    |    max    |   min  |   max  |   Type  |
        +-------------------------------------------------------------------+--------------------------------------------------------+---------+---------+-----------+-----------+--------+--------+---------+
        |grp_DW_conv_1_fu_515                                               |DW_conv_1                                               |        ?|        ?|          ?|          ?|       ?|       ?|       no|
        |grp_BatchNorm_1_fu_533                                             |BatchNorm_1                                             |    18857|    18857|   0.283 ms|   0.283 ms|   18857|   18857|       no|
        |grp_DW_conv_2_fu_547                                               |DW_conv_2                                               |   169746|   169746|   2.546 ms|   2.546 ms|  169746|  169746|       no|
        |grp_BatchNorm_2_fu_560                                             |BatchNorm_2                                             |    18857|    18857|   0.283 ms|   0.283 ms|   18857|   18857|       no|
        |grp_kernel_stage0_Pipeline_VITIS_LOOP_35_3_VITIS_LOOP_36_4_fu_576  |kernel_stage0_Pipeline_VITIS_LOOP_35_3_VITIS_LOOP_36_4  |      788|      788|  11.820 us|  11.820 us|     788|     788|       no|
        |grp_Pointwise_conv_1_fu_584                                        |Pointwise_conv_1                                        |     1572|     1572|  23.580 us|  23.580 us|    1572|    1572|       no|
        |grp_kernel_stage0_Pipeline_VITIS_LOOP_7_1_fu_600                   |kernel_stage0_Pipeline_VITIS_LOOP_7_1                   |       40|       40|   0.600 us|   0.600 us|      40|      40|       no|
        |grp_kernel_stage0_Pipeline_VITIS_LOOP_52_2_fu_610                  |kernel_stage0_Pipeline_VITIS_LOOP_52_2                  |       46|       46|   0.690 us|   0.690 us|      46|      46|       no|
        |grp_Pointwise_conv_2_fu_618                                        |Pointwise_conv_2                                        |   451628|   451628|   6.774 ms|   6.774 ms|  451628|  451628|       no|
        |grp_kernel_stage0_Pipeline_VITIS_LOOP_75_4_fu_631                  |kernel_stage0_Pipeline_VITIS_LOOP_75_4                  |       33|       33|   0.495 us|   0.495 us|      33|      33|       no|
        +-------------------------------------------------------------------+--------------------------------------------------------+---------+---------+-----------+-----------+--------+--------+---------+

        * Loop: 
        +--------------------+---------+---------+-------------+-----------+-----------+------+----------+
        |                    |  Latency (cycles) |  Iteration  |  Initiation Interval  | Trip |          |
        |      Loop Name     |   min   |   max   |   Latency   |  achieved |   target  | Count| Pipelined|
        +--------------------+---------+---------+-------------+-----------+-----------+------+----------+
        |- VITIS_LOOP_33_2   |    19104|    19104|          796|          -|          -|    24|        no|
        |- VITIS_LOOP_72_2   |    25608|    28296|  1067 ~ 1179|          -|          -|    24|        no|
        | + VITIS_LOOP_74_3  |     1064|     1176|      38 ~ 42|          -|          -|    28|        no|
        +--------------------+---------+---------+-------------+-----------+-----------+------+----------+



================================================================
== Utilization Estimates
================================================================
* Summary: 
+---------------------+---------+-------+---------+---------+------+
|         Name        | BRAM_18K|  DSP  |    FF   |   LUT   | URAM |
+---------------------+---------+-------+---------+---------+------+
|DSP                  |        -|      -|        -|        -|     -|
|Expression           |        -|      -|        0|      173|     -|
|FIFO                 |        -|      -|        -|        -|     -|
|Instance             |       10|     57|    37647|    44767|     0|
|Memory               |        -|      -|        -|        -|     -|
|Multiplexer          |        -|      -|        -|     4336|     -|
|Register             |        -|      -|     2498|        -|     -|
+---------------------+---------+-------+---------+---------+------+
|Total                |       10|     57|    40145|    49276|     0|
+---------------------+---------+-------+---------+---------+------+
|Available SLR        |     1344|   3072|   864000|   432000|   320|
+---------------------+---------+-------+---------+---------+------+
|Utilization SLR (%)  |       ~0|      1|        4|       11|     0|
+---------------------+---------+-------+---------+---------+------+
|Available            |     5376|  12288|  3456000|  1728000|  1280|
+---------------------+---------+-------+---------+---------+------+
|Utilization (%)      |       ~0|     ~0|        1|        2|     0|
+---------------------+---------+-------+---------+---------+------+

+ Detail: 
    * Instance: 
    +-------------------------------------------------------------------+--------------------------------------------------------+---------+----+------+-------+-----+
    |                              Instance                             |                         Module                         | BRAM_18K| DSP|  FF  |  LUT  | URAM|
    +-------------------------------------------------------------------+--------------------------------------------------------+---------+----+------+-------+-----+
    |grp_BatchNorm_1_fu_533                                             |BatchNorm_1                                             |        0|   1|  3324|   2011|    0|
    |grp_BatchNorm_2_fu_560                                             |BatchNorm_2                                             |        0|   1|  3324|   2011|    0|
    |grp_DW_conv_1_fu_515                                               |DW_conv_1                                               |        0|   4|  3832|   4277|    0|
    |grp_DW_conv_2_fu_547                                               |DW_conv_2                                               |        0|   0|  9709|   9730|    0|
    |grp_Pointwise_conv_1_fu_584                                        |Pointwise_conv_1                                        |        0|   5|  6425|   5076|    0|
    |grp_Pointwise_conv_2_fu_618                                        |Pointwise_conv_2                                        |        0|   1|  3665|  10713|    0|
    |control_s_axi_U                                                    |control_s_axi                                           |        0|   0|  2067|   3754|    0|
    |dadd_64ns_64ns_64_2_full_dsp_1_U150                                |dadd_64ns_64ns_64_2_full_dsp_1                          |        0|   3|   343|    708|    0|
    |dadd_64ns_64ns_64_2_full_dsp_1_U151                                |dadd_64ns_64ns_64_2_full_dsp_1                          |        0|   3|   343|    708|    0|
    |ddiv_64ns_64ns_64_9_no_dsp_1_U153                                  |ddiv_64ns_64ns_64_9_no_dsp_1                            |        0|   0|     0|      0|    0|
    |dmul_64ns_64ns_64_2_max_dsp_1_U152                                 |dmul_64ns_64ns_64_2_max_dsp_1                           |        0|   8|   256|    106|    0|
    |dsqrt_64ns_64ns_64_8_no_dsp_1_U154                                 |dsqrt_64ns_64ns_64_8_no_dsp_1                           |        0|   0|     0|      0|    0|
    |faddfsub_32ns_32ns_32_2_full_dsp_1_U149                            |faddfsub_32ns_32ns_32_2_full_dsp_1                      |        0|   2|   177|    226|    0|
    |fdiv_32ns_32ns_32_5_no_dsp_1_U147                                  |fdiv_32ns_32ns_32_5_no_dsp_1                            |        0|   0|     0|      0|    0|
    |fmul_32ns_32ns_32_2_max_dsp_1_U148                                 |fmul_32ns_32ns_32_2_max_dsp_1                           |        0|   3|   128|     77|    0|
    |gmem0_m_axi_U                                                      |gmem0_m_axi                                             |        2|   0|   512|    580|    0|
    |gmem1_m_axi_U                                                      |gmem1_m_axi                                             |        2|   0|   512|    580|    0|
    |gmem2_m_axi_U                                                      |gmem2_m_axi                                             |        2|   0|   512|    580|    0|
    |gmem3_m_axi_U                                                      |gmem3_m_axi                                             |        2|   0|   512|    580|    0|
    |gmem_m_axi_U                                                       |gmem_m_axi                                              |        2|   0|   512|    580|    0|
    |grp_kernel_stage0_Pipeline_VITIS_LOOP_35_3_VITIS_LOOP_36_4_fu_576  |kernel_stage0_Pipeline_VITIS_LOOP_35_3_VITIS_LOOP_36_4  |        0|   0|    83|     97|    0|
    |grp_kernel_stage0_Pipeline_VITIS_LOOP_52_2_fu_610                  |kernel_stage0_Pipeline_VITIS_LOOP_52_2                  |        0|  26|   944|   1921|    0|
    |grp_kernel_stage0_Pipeline_VITIS_LOOP_75_4_fu_631                  |kernel_stage0_Pipeline_VITIS_LOOP_75_4                  |        0|   0|   143|    115|    0|
    |grp_kernel_stage0_Pipeline_VITIS_LOOP_7_1_fu_600                   |kernel_stage0_Pipeline_VITIS_LOOP_7_1                   |        0|   0|   324|    337|    0|
    +-------------------------------------------------------------------+--------------------------------------------------------+---------+----+------+-------+-----+
    |Total                                                              |                                                        |       10|  57| 37647|  44767|    0|
    +-------------------------------------------------------------------+--------------------------------------------------------+---------+----+------+-------+-----+

    * DSP: 
    N/A

    * Memory: 
    N/A

    * FIFO: 
    N/A

    * Expression: 
    +-----------------------+----------+----+---+----+------------+------------+
    |     Variable Name     | Operation| DSP| FF| LUT| Bitwidth P0| Bitwidth P1|
    +-----------------------+----------+----+---+----+------------+------------+
    |add_ln33_fu_701_p2     |         +|   0|  0|  12|           5|           1|
    |add_ln72_1_fu_774_p2   |         +|   0|  0|  24|          17|          12|
    |add_ln72_fu_786_p2     |         +|   0|  0|  12|           5|           1|
    |add_ln73_fu_796_p2     |         +|   0|  0|  71|          64|          64|
    |add_ln74_fu_830_p2     |         +|   0|  0|  12|           5|           1|
    |ap_block_state59_io    |       and|   0|  0|   2|           1|           1|
    |ap_block_state66       |       and|   0|  0|   2|           1|           1|
    |icmp_ln33_fu_695_p2    |      icmp|   0|  0|   9|           5|           5|
    |icmp_ln72_fu_780_p2    |      icmp|   0|  0|   9|           5|           5|
    |icmp_ln74_1_fu_844_p2  |      icmp|   0|  0|   9|           5|           4|
    |icmp_ln74_fu_824_p2    |      icmp|   0|  0|   9|           5|           4|
    |ap_block_state35_io    |        or|   0|  0|   2|           1|           1|
    +-----------------------+----------+----+---+----+------------+------------+
    |Total                  |          |   0|  0| 173|         119|         100|
    +-----------------------+----------+----+---+----+------------+------------+

    * Multiplexer: 
    +--------------------------------------------------+-----+-----------+-----+-----------+
    |                       Name                       | LUT | Input Size| Bits| Total Bits|
    +--------------------------------------------------+-----+-----------+-----+-----------+
    |ap_NS_fsm                                         |  299|         68|    1|         68|
    |c_1_fu_266                                        |    9|          2|    5|         10|
    |c_fu_254                                          |    9|          2|    5|         10|
    |gmem0_ARADDR                                      |   14|          3|   64|        192|
    |gmem0_ARBURST                                     |   14|          3|    2|          6|
    |gmem0_ARCACHE                                     |   14|          3|    4|         12|
    |gmem0_ARID                                        |   14|          3|    1|          3|
    |gmem0_ARLEN                                       |   14|          3|   32|         96|
    |gmem0_ARLOCK                                      |   14|          3|    2|          6|
    |gmem0_ARPROT                                      |   14|          3|    3|          9|
    |gmem0_ARQOS                                       |   14|          3|    4|         12|
    |gmem0_ARREGION                                    |   14|          3|    4|         12|
    |gmem0_ARSIZE                                      |   14|          3|    3|          9|
    |gmem0_ARUSER                                      |   14|          3|    1|          3|
    |gmem0_ARVALID                                     |   14|          3|    1|          3|
    |gmem0_AWVALID                                     |    9|          2|    1|          2|
    |gmem0_BREADY                                      |    9|          2|    1|          2|
    |gmem0_RREADY                                      |   14|          3|    1|          3|
    |gmem0_WVALID                                      |    9|          2|    1|          2|
    |gmem1_ARADDR                                      |   49|          9|   64|        576|
    |gmem1_ARBURST                                     |   37|          7|    2|         14|
    |gmem1_ARCACHE                                     |   37|          7|    4|         28|
    |gmem1_ARID                                        |   37|          7|    1|          7|
    |gmem1_ARLEN                                       |   43|          8|   32|        256|
    |gmem1_ARLOCK                                      |   37|          7|    2|         14|
    |gmem1_ARPROT                                      |   37|          7|    3|         21|
    |gmem1_ARQOS                                       |   37|          7|    4|         28|
    |gmem1_ARREGION                                    |   37|          7|    4|         28|
    |gmem1_ARSIZE                                      |   37|          7|    3|         21|
    |gmem1_ARUSER                                      |   37|          7|    1|          7|
    |gmem1_ARVALID                                     |   43|          8|    1|          8|
    |gmem1_AWADDR                                      |   37|          7|   64|        448|
    |gmem1_AWBURST                                     |   26|          5|    2|         10|
    |gmem1_AWCACHE                                     |   26|          5|    4|         20|
    |gmem1_AWID                                        |   26|          5|    1|          5|
    |gmem1_AWLEN                                       |   31|          6|   32|        192|
    |gmem1_AWLOCK                                      |   26|          5|    2|         10|
    |gmem1_AWPROT                                      |   26|          5|    3|         15|
    |gmem1_AWQOS                                       |   26|          5|    4|         20|
    |gmem1_AWREGION                                    |   26|          5|    4|         20|
    |gmem1_AWSIZE                                      |   26|          5|    3|         15|
    |gmem1_AWUSER                                      |   26|          5|    1|          5|
    |gmem1_AWVALID                                     |   31|          6|    1|          6|
    |gmem1_BREADY                                      |   31|          6|    1|          6|
    |gmem1_RREADY                                      |   43|          8|    1|          8|
    |gmem1_WDATA                                       |   31|          6|   32|        192|
    |gmem1_WID                                         |   26|          5|    1|          5|
    |gmem1_WLAST                                       |   26|          5|    1|          5|
    |gmem1_WSTRB                                       |   31|          6|    4|         24|
    |gmem1_WUSER                                       |   26|          5|    1|          5|
    |gmem1_WVALID                                      |   31|          6|    1|          6|
    |gmem1_blk_n_AR                                    |    9|          2|    1|          2|
    |gmem1_blk_n_AW                                    |    9|          2|    1|          2|
    |gmem1_blk_n_B                                     |    9|          2|    1|          2|
    |gmem1_blk_n_R                                     |    9|          2|    1|          2|
    |gmem1_blk_n_W                                     |    9|          2|    1|          2|
    |gmem2_ARADDR                                      |   43|          8|   64|        512|
    |gmem2_ARBURST                                     |   31|          6|    2|         12|
    |gmem2_ARCACHE                                     |   31|          6|    4|         24|
    |gmem2_ARID                                        |   31|          6|    1|          6|
    |gmem2_ARLEN                                       |   37|          7|   32|        224|
    |gmem2_ARLOCK                                      |   31|          6|    2|         12|
    |gmem2_ARPROT                                      |   31|          6|    3|         18|
    |gmem2_ARQOS                                       |   31|          6|    4|         24|
    |gmem2_ARREGION                                    |   31|          6|    4|         24|
    |gmem2_ARSIZE                                      |   31|          6|    3|         18|
    |gmem2_ARUSER                                      |   31|          6|    1|          6|
    |gmem2_ARVALID                                     |   37|          7|    1|          7|
    |gmem2_AWADDR                                      |   14|          3|   64|        192|
    |gmem2_AWBURST                                     |   14|          3|    2|          6|
    |gmem2_AWCACHE                                     |   14|          3|    4|         12|
    |gmem2_AWID                                        |   14|          3|    1|          3|
    |gmem2_AWLEN                                       |   14|          3|   32|         96|
    |gmem2_AWLOCK                                      |   14|          3|    2|          6|
    |gmem2_AWPROT                                      |   14|          3|    3|          9|
    |gmem2_AWQOS                                       |   14|          3|    4|         12|
    |gmem2_AWREGION                                    |   14|          3|    4|         12|
    |gmem2_AWSIZE                                      |   14|          3|    3|          9|
    |gmem2_AWUSER                                      |   14|          3|    1|          3|
    |gmem2_AWVALID                                     |   14|          3|    1|          3|
    |gmem2_BREADY                                      |   14|          3|    1|          3|
    |gmem2_RREADY                                      |   31|          6|    1|          6|
    |gmem2_WDATA                                       |   14|          3|   32|         96|
    |gmem2_WID                                         |   14|          3|    1|          3|
    |gmem2_WLAST                                       |   14|          3|    1|          3|
    |gmem2_WSTRB                                       |   14|          3|    4|         12|
    |gmem2_WUSER                                       |   14|          3|    1|          3|
    |gmem2_WVALID                                      |   14|          3|    1|          3|
    |gmem2_blk_n_AR                                    |    9|          2|    1|          2|
    |gmem3_ARADDR                                      |   26|          5|   64|        320|
    |gmem3_ARBURST                                     |   26|          5|    2|         10|
    |gmem3_ARCACHE                                     |   26|          5|    4|         20|
    |gmem3_ARID                                        |   26|          5|    1|          5|
    |gmem3_ARLEN                                       |   26|          5|   32|        160|
    |gmem3_ARLOCK                                      |   26|          5|    2|         10|
    |gmem3_ARPROT                                      |   26|          5|    3|         15|
    |gmem3_ARQOS                                       |   26|          5|    4|         20|
    |gmem3_ARREGION                                    |   26|          5|    4|         20|
    |gmem3_ARSIZE                                      |   26|          5|    3|         15|
    |gmem3_ARUSER                                      |   26|          5|    1|          5|
    |gmem3_ARVALID                                     |   26|          5|    1|          5|
    |gmem3_AWADDR                                      |   26|          5|   64|        320|
    |gmem3_AWBURST                                     |   20|          4|    2|          8|
    |gmem3_AWCACHE                                     |   20|          4|    4|         16|
    |gmem3_AWID                                        |   20|          4|    1|          4|
    |gmem3_AWLEN                                       |   26|          5|   32|        160|
    |gmem3_AWLOCK                                      |   20|          4|    2|          8|
    |gmem3_AWPROT                                      |   20|          4|    3|         12|
    |gmem3_AWQOS                                       |   20|          4|    4|         16|
    |gmem3_AWREGION                                    |   20|          4|    4|         16|
    |gmem3_AWSIZE                                      |   20|          4|    3|         12|
    |gmem3_AWUSER                                      |   20|          4|    1|          4|
    |gmem3_AWVALID                                     |   26|          5|    1|          5|
    |gmem3_BREADY                                      |   26|          5|    1|          5|
    |gmem3_RREADY                                      |   26|          5|    1|          5|
    |gmem3_WDATA                                       |   20|          4|   32|        128|
    |gmem3_WID                                         |   20|          4|    1|          4|
    |gmem3_WLAST                                       |   20|          4|    1|          4|
    |gmem3_WSTRB                                       |   20|          4|    4|         16|
    |gmem3_WUSER                                       |   20|          4|    1|          4|
    |gmem3_WVALID                                      |   20|          4|    1|          4|
    |gmem3_blk_n_AW                                    |    9|          2|    1|          2|
    |gmem3_blk_n_B                                     |    9|          2|    1|          2|
    |gmem_ARADDR                                       |   31|          6|   64|        384|
    |gmem_ARBURST                                      |   31|          6|    2|         12|
    |gmem_ARCACHE                                      |   31|          6|    4|         24|
    |gmem_ARID                                         |   31|          6|    1|          6|
    |gmem_ARLEN                                        |   31|          6|   32|        192|
    |gmem_ARLOCK                                       |   31|          6|    2|         12|
    |gmem_ARPROT                                       |   31|          6|    3|         18|
    |gmem_ARQOS                                        |   31|          6|    4|         24|
    |gmem_ARREGION                                     |   31|          6|    4|         24|
    |gmem_ARSIZE                                       |   31|          6|    3|         18|
    |gmem_ARUSER                                       |   31|          6|    1|          6|
    |gmem_ARVALID                                      |   31|          6|    1|          6|
    |gmem_RREADY                                       |   31|          6|    1|          6|
    |grp_Pointwise_conv_1_fu_584_buffer_DataIn_1       |   14|          3|   64|        192|
    |grp_Pointwise_conv_1_fu_584_buffer_bias           |   14|          3|   64|        192|
    |grp_Pointwise_conv_1_fu_584_buffer_kernel         |   14|          3|   64|        192|
    |grp_Pointwise_conv_1_fu_584_m_axi_gmem1_ARREADY   |   14|          3|    1|          3|
    |grp_Pointwise_conv_1_fu_584_m_axi_gmem1_RDATA     |   14|          3|   32|         96|
    |grp_Pointwise_conv_1_fu_584_m_axi_gmem1_RFIFONUM  |   14|          3|    9|         27|
    |grp_Pointwise_conv_1_fu_584_m_axi_gmem1_RID       |   14|          3|    1|          3|
    |grp_Pointwise_conv_1_fu_584_m_axi_gmem1_RLAST     |   14|          3|    1|          3|
    |grp_Pointwise_conv_1_fu_584_m_axi_gmem1_RRESP     |   14|          3|    2|          6|
    |grp_Pointwise_conv_1_fu_584_m_axi_gmem1_RUSER     |   14|          3|    1|          3|
    |grp_Pointwise_conv_1_fu_584_m_axi_gmem1_RVALID    |   14|          3|    1|          3|
    |grp_Pointwise_conv_1_fu_584_m_axi_gmem2_ARREADY   |   14|          3|    1|          3|
    |grp_Pointwise_conv_1_fu_584_m_axi_gmem2_AWREADY   |   14|          3|    1|          3|
    |grp_Pointwise_conv_1_fu_584_m_axi_gmem2_BID       |   14|          3|    1|          3|
    |grp_Pointwise_conv_1_fu_584_m_axi_gmem2_BRESP     |   14|          3|    2|          6|
    |grp_Pointwise_conv_1_fu_584_m_axi_gmem2_BUSER     |   14|          3|    1|          3|
    |grp_Pointwise_conv_1_fu_584_m_axi_gmem2_BVALID    |   14|          3|    1|          3|
    |grp_Pointwise_conv_1_fu_584_m_axi_gmem2_RDATA     |   14|          3|   32|         96|
    |grp_Pointwise_conv_1_fu_584_m_axi_gmem2_RFIFONUM  |   14|          3|    9|         27|
    |grp_Pointwise_conv_1_fu_584_m_axi_gmem2_RID       |   14|          3|    1|          3|
    |grp_Pointwise_conv_1_fu_584_m_axi_gmem2_RLAST     |   14|          3|    1|          3|
    |grp_Pointwise_conv_1_fu_584_m_axi_gmem2_RRESP     |   14|          3|    2|          6|
    |grp_Pointwise_conv_1_fu_584_m_axi_gmem2_RUSER     |   14|          3|    1|          3|
    |grp_Pointwise_conv_1_fu_584_m_axi_gmem2_RVALID    |   14|          3|    1|          3|
    |grp_Pointwise_conv_1_fu_584_m_axi_gmem2_WREADY    |   14|          3|    1|          3|
    |grp_Pointwise_conv_1_fu_584_out_r                 |   14|          3|   64|        192|
    |grp_fu_1117_ce                                    |   26|          5|    1|          5|
    |grp_fu_1117_p0                                    |   26|          5|   32|        160|
    |grp_fu_1117_p1                                    |   26|          5|   32|        160|
    |grp_fu_1121_ce                                    |   37|          7|    1|          7|
    |grp_fu_1121_opcode                                |   37|          7|    2|         14|
    |grp_fu_1121_p0                                    |   37|          7|   32|        224|
    |grp_fu_1121_p1                                    |   37|          7|   32|        224|
    |grp_fu_1125_ce                                    |   20|          4|    1|          4|
    |grp_fu_1125_p0                                    |   20|          4|   64|        256|
    |grp_fu_1125_p1                                    |   20|          4|   64|        256|
    |grp_fu_1129_ce                                    |   14|          3|    1|          3|
    |grp_fu_1129_p0                                    |   14|          3|   64|        192|
    |grp_fu_1129_p1                                    |   14|          3|   64|        192|
    |grp_fu_1133_ce                                    |   14|          3|    1|          3|
    |grp_fu_1133_p0                                    |   14|          3|   64|        192|
    |grp_fu_1133_p1                                    |   14|          3|   64|        192|
    |grp_fu_1137_ce                                    |   20|          4|    1|          4|
    |grp_fu_1137_p0                                    |   20|          4|   64|        256|
    |grp_fu_1137_p1                                    |   20|          4|   64|        256|
    |grp_fu_1141_ce                                    |   14|          3|    1|          3|
    |grp_fu_1141_p0                                    |   14|          3|   64|        192|
    |grp_fu_1141_p1                                    |   14|          3|   64|        192|
    |h_reg_504                                         |    9|          2|    5|         10|
    |phi_mul_fu_262                                    |    9|          2|   17|         34|
    +--------------------------------------------------+-----+-----------+-----+-----------+
    |Total                                             | 4336|        870| 2276|      10076|
    +--------------------------------------------------+-----+-----------+-----+-----------+

    * Register: 
    +--------------------------------------------------------------------------------+----+----+-----+-----------+
    |                                      Name                                      | FF | LUT| Bits| Const Bits|
    +--------------------------------------------------------------------------------+----+----+-----+-----------+
    |X_conv_read_reg_912                                                             |  64|   0|   64|          0|
    |X_data_read_reg_998                                                             |  64|   0|   64|          0|
    |X_dwconv_read_reg_906                                                           |  64|   0|   64|          0|
    |X_expand_read_reg_883                                                           |  64|   0|   64|          0|
    |X_mean_read_reg_901                                                             |  64|   0|   64|          0|
    |X_reduce_read_reg_895                                                           |  64|   0|   64|          0|
    |X_relu_read_reg_889                                                             |  64|   0|   64|          0|
    |X_sigmoid_read_reg_878                                                          |  64|   0|   64|          0|
    |Y_dw_read_reg_867                                                               |  64|   0|   64|          0|
    |Y_msp_read_reg_872                                                              |  64|   0|   64|          0|
    |Y_proj_read_reg_856                                                             |  64|   0|   64|          0|
    |Y_se_read_reg_861                                                               |  64|   0|   64|          0|
    |add_ln72_1_reg_1075                                                             |  17|   0|   17|          0|
    |add_ln72_reg_1083                                                               |   5|   0|    5|          0|
    |add_ln74_reg_1107                                                               |   5|   0|    5|          0|
    |ap_CS_fsm                                                                       |  67|   0|   67|          0|
    |beta1_read_reg_938                                                              |  64|   0|   64|          0|
    |beta2_read_reg_918                                                              |  64|   0|   64|          0|
    |c_1_fu_266                                                                      |   5|   0|    5|          0|
    |c_fu_254                                                                        |   5|   0|    5|          0|
    |div_i_reg_1053                                                                  |  32|   0|   32|          0|
    |dw_filter_read_reg_983                                                          |  64|   0|   64|          0|
    |expand_bias_read_reg_963                                                        |  64|   0|   64|          0|
    |expand_filter_read_reg_968                                                      |  64|   0|   64|          0|
    |first_itr_reg_490                                                               |   1|   0|    1|          0|
    |gamma1_read_reg_943                                                             |  64|   0|   64|          0|
    |gamma2_read_reg_923                                                             |  64|   0|   64|          0|
    |gmem1_addr_1_reg_1069                                                           |  64|   0|   64|          0|
    |gmem1_addr_2_reg_1016                                                           |  64|   0|   64|          0|
    |gmem2_addr_reg_1022                                                             |  64|   0|   64|          0|
    |gmem3_addr_reg_1099                                                             |  64|   0|   64|          0|
    |grp_BatchNorm_1_fu_533_ap_start_reg                                             |   1|   0|    1|          0|
    |grp_BatchNorm_2_fu_560_ap_start_reg                                             |   1|   0|    1|          0|
    |grp_DW_conv_1_fu_515_ap_start_reg                                               |   1|   0|    1|          0|
    |grp_DW_conv_2_fu_547_ap_start_reg                                               |   1|   0|    1|          0|
    |grp_Pointwise_conv_1_fu_584_ap_start_reg                                        |   1|   0|    1|          0|
    |grp_Pointwise_conv_2_fu_618_ap_start_reg                                        |   1|   0|    1|          0|
    |grp_kernel_stage0_Pipeline_VITIS_LOOP_35_3_VITIS_LOOP_36_4_fu_576_ap_start_reg  |   1|   0|    1|          0|
    |grp_kernel_stage0_Pipeline_VITIS_LOOP_52_2_fu_610_ap_start_reg                  |   1|   0|    1|          0|
    |grp_kernel_stage0_Pipeline_VITIS_LOOP_75_4_fu_631_ap_start_reg                  |   1|   0|    1|          0|
    |grp_kernel_stage0_Pipeline_VITIS_LOOP_7_1_fu_600_ap_start_reg                   |   1|   0|    1|          0|
    |h_reg_504                                                                       |   5|   0|    5|          0|
    |icmp_ln74_1_reg_1113                                                            |   1|   0|    1|          0|
    |mean1_read_reg_953                                                              |  64|   0|   64|          0|
    |mean2_read_reg_933                                                              |  64|   0|   64|          0|
    |msp_bias_read_reg_988                                                           |  64|   0|   64|          0|
    |msp_filter_read_reg_993                                                         |  64|   0|   64|          0|
    |phi_mul_fu_262                                                                  |  17|   0|   17|          0|
    |proj_filter_read_reg_958                                                        |  64|   0|   64|          0|
    |reduce_bias_read_reg_973                                                        |  64|   0|   64|          0|
    |reduce_filter_read_reg_978                                                      |  64|   0|   64|          0|
    |scale_reg_1094                                                                  |  32|   0|   32|          0|
    |trunc_ln1_reg_1058                                                              |  62|   0|   62|          0|
    |trunc_ln3_reg_1088                                                              |  62|   0|   62|          0|
    |trunc_ln52_1_reg_1044                                                           |  62|   0|   62|          0|
    |trunc_ln_reg_1009                                                               |  62|   0|   62|          0|
    |var1_read_reg_948                                                               |  64|   0|   64|          0|
    |var2_read_reg_928                                                               |  64|   0|   64|          0|
    +--------------------------------------------------------------------------------+----+----+-----+-----------+
    |Total                                                                           |2498|   0| 2498|          0|
    +--------------------------------------------------------------------------------+----+----+-----+-----------+



================================================================
== Interface
================================================================
* Summary: 
+-----------------------+-----+-----+------------+---------------+--------------+
|       RTL Ports       | Dir | Bits|  Protocol  | Source Object |    C Type    |
+-----------------------+-----+-----+------------+---------------+--------------+
|s_axi_control_AWVALID  |   in|    1|       s_axi|        control|        scalar|
|s_axi_control_AWREADY  |  out|    1|       s_axi|        control|        scalar|
|s_axi_control_AWADDR   |   in|    9|       s_axi|        control|        scalar|
|s_axi_control_WVALID   |   in|    1|       s_axi|        control|        scalar|
|s_axi_control_WREADY   |  out|    1|       s_axi|        control|        scalar|
|s_axi_control_WDATA    |   in|   32|       s_axi|        control|        scalar|
|s_axi_control_WSTRB    |   in|    4|       s_axi|        control|        scalar|
|s_axi_control_ARVALID  |   in|    1|       s_axi|        control|        scalar|
|s_axi_control_ARREADY  |  out|    1|       s_axi|        control|        scalar|
|s_axi_control_ARADDR   |   in|    9|       s_axi|        control|        scalar|
|s_axi_control_RVALID   |  out|    1|       s_axi|        control|        scalar|
|s_axi_control_RREADY   |   in|    1|       s_axi|        control|        scalar|
|s_axi_control_RDATA    |  out|   32|       s_axi|        control|        scalar|
|s_axi_control_RRESP    |  out|    2|       s_axi|        control|        scalar|
|s_axi_control_BVALID   |  out|    1|       s_axi|        control|        scalar|
|s_axi_control_BREADY   |   in|    1|       s_axi|        control|        scalar|
|s_axi_control_BRESP    |  out|    2|       s_axi|        control|        scalar|
|ap_local_block         |  out|    1|  ap_ctrl_hs|  kernel_stage0|  return value|
|ap_clk                 |   in|    1|  ap_ctrl_hs|  kernel_stage0|  return value|
|ap_rst_n               |   in|    1|  ap_ctrl_hs|  kernel_stage0|  return value|
|ap_start               |   in|    1|  ap_ctrl_hs|  kernel_stage0|  return value|
|ap_done                |  out|    1|  ap_ctrl_hs|  kernel_stage0|  return value|
|ap_idle                |  out|    1|  ap_ctrl_hs|  kernel_stage0|  return value|
|ap_ready               |  out|    1|  ap_ctrl_hs|  kernel_stage0|  return value|
|m_axi_gmem0_AWVALID    |  out|    1|       m_axi|          gmem0|       pointer|
|m_axi_gmem0_AWREADY    |   in|    1|       m_axi|          gmem0|       pointer|
|m_axi_gmem0_AWADDR     |  out|   64|       m_axi|          gmem0|       pointer|
|m_axi_gmem0_AWID       |  out|    1|       m_axi|          gmem0|       pointer|
|m_axi_gmem0_AWLEN      |  out|    8|       m_axi|          gmem0|       pointer|
|m_axi_gmem0_AWSIZE     |  out|    3|       m_axi|          gmem0|       pointer|
|m_axi_gmem0_AWBURST    |  out|    2|       m_axi|          gmem0|       pointer|
|m_axi_gmem0_AWLOCK     |  out|    2|       m_axi|          gmem0|       pointer|
|m_axi_gmem0_AWCACHE    |  out|    4|       m_axi|          gmem0|       pointer|
|m_axi_gmem0_AWPROT     |  out|    3|       m_axi|          gmem0|       pointer|
|m_axi_gmem0_AWQOS      |  out|    4|       m_axi|          gmem0|       pointer|
|m_axi_gmem0_AWREGION   |  out|    4|       m_axi|          gmem0|       pointer|
|m_axi_gmem0_AWUSER     |  out|    1|       m_axi|          gmem0|       pointer|
|m_axi_gmem0_WVALID     |  out|    1|       m_axi|          gmem0|       pointer|
|m_axi_gmem0_WREADY     |   in|    1|       m_axi|          gmem0|       pointer|
|m_axi_gmem0_WDATA      |  out|   32|       m_axi|          gmem0|       pointer|
|m_axi_gmem0_WSTRB      |  out|    4|       m_axi|          gmem0|       pointer|
|m_axi_gmem0_WLAST      |  out|    1|       m_axi|          gmem0|       pointer|
|m_axi_gmem0_WID        |  out|    1|       m_axi|          gmem0|       pointer|
|m_axi_gmem0_WUSER      |  out|    1|       m_axi|          gmem0|       pointer|
|m_axi_gmem0_ARVALID    |  out|    1|       m_axi|          gmem0|       pointer|
|m_axi_gmem0_ARREADY    |   in|    1|       m_axi|          gmem0|       pointer|
|m_axi_gmem0_ARADDR     |  out|   64|       m_axi|          gmem0|       pointer|
|m_axi_gmem0_ARID       |  out|    1|       m_axi|          gmem0|       pointer|
|m_axi_gmem0_ARLEN      |  out|    8|       m_axi|          gmem0|       pointer|
|m_axi_gmem0_ARSIZE     |  out|    3|       m_axi|          gmem0|       pointer|
|m_axi_gmem0_ARBURST    |  out|    2|       m_axi|          gmem0|       pointer|
|m_axi_gmem0_ARLOCK     |  out|    2|       m_axi|          gmem0|       pointer|
|m_axi_gmem0_ARCACHE    |  out|    4|       m_axi|          gmem0|       pointer|
|m_axi_gmem0_ARPROT     |  out|    3|       m_axi|          gmem0|       pointer|
|m_axi_gmem0_ARQOS      |  out|    4|       m_axi|          gmem0|       pointer|
|m_axi_gmem0_ARREGION   |  out|    4|       m_axi|          gmem0|       pointer|
|m_axi_gmem0_ARUSER     |  out|    1|       m_axi|          gmem0|       pointer|
|m_axi_gmem0_RVALID     |   in|    1|       m_axi|          gmem0|       pointer|
|m_axi_gmem0_RREADY     |  out|    1|       m_axi|          gmem0|       pointer|
|m_axi_gmem0_RDATA      |   in|   32|       m_axi|          gmem0|       pointer|
|m_axi_gmem0_RLAST      |   in|    1|       m_axi|          gmem0|       pointer|
|m_axi_gmem0_RID        |   in|    1|       m_axi|          gmem0|       pointer|
|m_axi_gmem0_RUSER      |   in|    1|       m_axi|          gmem0|       pointer|
|m_axi_gmem0_RRESP      |   in|    2|       m_axi|          gmem0|       pointer|
|m_axi_gmem0_BVALID     |   in|    1|       m_axi|          gmem0|       pointer|
|m_axi_gmem0_BREADY     |  out|    1|       m_axi|          gmem0|       pointer|
|m_axi_gmem0_BRESP      |   in|    2|       m_axi|          gmem0|       pointer|
|m_axi_gmem0_BID        |   in|    1|       m_axi|          gmem0|       pointer|
|m_axi_gmem0_BUSER      |   in|    1|       m_axi|          gmem0|       pointer|
|m_axi_gmem1_AWVALID    |  out|    1|       m_axi|          gmem1|       pointer|
|m_axi_gmem1_AWREADY    |   in|    1|       m_axi|          gmem1|       pointer|
|m_axi_gmem1_AWADDR     |  out|   64|       m_axi|          gmem1|       pointer|
|m_axi_gmem1_AWID       |  out|    1|       m_axi|          gmem1|       pointer|
|m_axi_gmem1_AWLEN      |  out|    8|       m_axi|          gmem1|       pointer|
|m_axi_gmem1_AWSIZE     |  out|    3|       m_axi|          gmem1|       pointer|
|m_axi_gmem1_AWBURST    |  out|    2|       m_axi|          gmem1|       pointer|
|m_axi_gmem1_AWLOCK     |  out|    2|       m_axi|          gmem1|       pointer|
|m_axi_gmem1_AWCACHE    |  out|    4|       m_axi|          gmem1|       pointer|
|m_axi_gmem1_AWPROT     |  out|    3|       m_axi|          gmem1|       pointer|
|m_axi_gmem1_AWQOS      |  out|    4|       m_axi|          gmem1|       pointer|
|m_axi_gmem1_AWREGION   |  out|    4|       m_axi|          gmem1|       pointer|
|m_axi_gmem1_AWUSER     |  out|    1|       m_axi|          gmem1|       pointer|
|m_axi_gmem1_WVALID     |  out|    1|       m_axi|          gmem1|       pointer|
|m_axi_gmem1_WREADY     |   in|    1|       m_axi|          gmem1|       pointer|
|m_axi_gmem1_WDATA      |  out|   32|       m_axi|          gmem1|       pointer|
|m_axi_gmem1_WSTRB      |  out|    4|       m_axi|          gmem1|       pointer|
|m_axi_gmem1_WLAST      |  out|    1|       m_axi|          gmem1|       pointer|
|m_axi_gmem1_WID        |  out|    1|       m_axi|          gmem1|       pointer|
|m_axi_gmem1_WUSER      |  out|    1|       m_axi|          gmem1|       pointer|
|m_axi_gmem1_ARVALID    |  out|    1|       m_axi|          gmem1|       pointer|
|m_axi_gmem1_ARREADY    |   in|    1|       m_axi|          gmem1|       pointer|
|m_axi_gmem1_ARADDR     |  out|   64|       m_axi|          gmem1|       pointer|
|m_axi_gmem1_ARID       |  out|    1|       m_axi|          gmem1|       pointer|
|m_axi_gmem1_ARLEN      |  out|    8|       m_axi|          gmem1|       pointer|
|m_axi_gmem1_ARSIZE     |  out|    3|       m_axi|          gmem1|       pointer|
|m_axi_gmem1_ARBURST    |  out|    2|       m_axi|          gmem1|       pointer|
|m_axi_gmem1_ARLOCK     |  out|    2|       m_axi|          gmem1|       pointer|
|m_axi_gmem1_ARCACHE    |  out|    4|       m_axi|          gmem1|       pointer|
|m_axi_gmem1_ARPROT     |  out|    3|       m_axi|          gmem1|       pointer|
|m_axi_gmem1_ARQOS      |  out|    4|       m_axi|          gmem1|       pointer|
|m_axi_gmem1_ARREGION   |  out|    4|       m_axi|          gmem1|       pointer|
|m_axi_gmem1_ARUSER     |  out|    1|       m_axi|          gmem1|       pointer|
|m_axi_gmem1_RVALID     |   in|    1|       m_axi|          gmem1|       pointer|
|m_axi_gmem1_RREADY     |  out|    1|       m_axi|          gmem1|       pointer|
|m_axi_gmem1_RDATA      |   in|   32|       m_axi|          gmem1|       pointer|
|m_axi_gmem1_RLAST      |   in|    1|       m_axi|          gmem1|       pointer|
|m_axi_gmem1_RID        |   in|    1|       m_axi|          gmem1|       pointer|
|m_axi_gmem1_RUSER      |   in|    1|       m_axi|          gmem1|       pointer|
|m_axi_gmem1_RRESP      |   in|    2|       m_axi|          gmem1|       pointer|
|m_axi_gmem1_BVALID     |   in|    1|       m_axi|          gmem1|       pointer|
|m_axi_gmem1_BREADY     |  out|    1|       m_axi|          gmem1|       pointer|
|m_axi_gmem1_BRESP      |   in|    2|       m_axi|          gmem1|       pointer|
|m_axi_gmem1_BID        |   in|    1|       m_axi|          gmem1|       pointer|
|m_axi_gmem1_BUSER      |   in|    1|       m_axi|          gmem1|       pointer|
|m_axi_gmem2_AWVALID    |  out|    1|       m_axi|          gmem2|       pointer|
|m_axi_gmem2_AWREADY    |   in|    1|       m_axi|          gmem2|       pointer|
|m_axi_gmem2_AWADDR     |  out|   64|       m_axi|          gmem2|       pointer|
|m_axi_gmem2_AWID       |  out|    1|       m_axi|          gmem2|       pointer|
|m_axi_gmem2_AWLEN      |  out|    8|       m_axi|          gmem2|       pointer|
|m_axi_gmem2_AWSIZE     |  out|    3|       m_axi|          gmem2|       pointer|
|m_axi_gmem2_AWBURST    |  out|    2|       m_axi|          gmem2|       pointer|
|m_axi_gmem2_AWLOCK     |  out|    2|       m_axi|          gmem2|       pointer|
|m_axi_gmem2_AWCACHE    |  out|    4|       m_axi|          gmem2|       pointer|
|m_axi_gmem2_AWPROT     |  out|    3|       m_axi|          gmem2|       pointer|
|m_axi_gmem2_AWQOS      |  out|    4|       m_axi|          gmem2|       pointer|
|m_axi_gmem2_AWREGION   |  out|    4|       m_axi|          gmem2|       pointer|
|m_axi_gmem2_AWUSER     |  out|    1|       m_axi|          gmem2|       pointer|
|m_axi_gmem2_WVALID     |  out|    1|       m_axi|          gmem2|       pointer|
|m_axi_gmem2_WREADY     |   in|    1|       m_axi|          gmem2|       pointer|
|m_axi_gmem2_WDATA      |  out|   32|       m_axi|          gmem2|       pointer|
|m_axi_gmem2_WSTRB      |  out|    4|       m_axi|          gmem2|       pointer|
|m_axi_gmem2_WLAST      |  out|    1|       m_axi|          gmem2|       pointer|
|m_axi_gmem2_WID        |  out|    1|       m_axi|          gmem2|       pointer|
|m_axi_gmem2_WUSER      |  out|    1|       m_axi|          gmem2|       pointer|
|m_axi_gmem2_ARVALID    |  out|    1|       m_axi|          gmem2|       pointer|
|m_axi_gmem2_ARREADY    |   in|    1|       m_axi|          gmem2|       pointer|
|m_axi_gmem2_ARADDR     |  out|   64|       m_axi|          gmem2|       pointer|
|m_axi_gmem2_ARID       |  out|    1|       m_axi|          gmem2|       pointer|
|m_axi_gmem2_ARLEN      |  out|    8|       m_axi|          gmem2|       pointer|
|m_axi_gmem2_ARSIZE     |  out|    3|       m_axi|          gmem2|       pointer|
|m_axi_gmem2_ARBURST    |  out|    2|       m_axi|          gmem2|       pointer|
|m_axi_gmem2_ARLOCK     |  out|    2|       m_axi|          gmem2|       pointer|
|m_axi_gmem2_ARCACHE    |  out|    4|       m_axi|          gmem2|       pointer|
|m_axi_gmem2_ARPROT     |  out|    3|       m_axi|          gmem2|       pointer|
|m_axi_gmem2_ARQOS      |  out|    4|       m_axi|          gmem2|       pointer|
|m_axi_gmem2_ARREGION   |  out|    4|       m_axi|          gmem2|       pointer|
|m_axi_gmem2_ARUSER     |  out|    1|       m_axi|          gmem2|       pointer|
|m_axi_gmem2_RVALID     |   in|    1|       m_axi|          gmem2|       pointer|
|m_axi_gmem2_RREADY     |  out|    1|       m_axi|          gmem2|       pointer|
|m_axi_gmem2_RDATA      |   in|   32|       m_axi|          gmem2|       pointer|
|m_axi_gmem2_RLAST      |   in|    1|       m_axi|          gmem2|       pointer|
|m_axi_gmem2_RID        |   in|    1|       m_axi|          gmem2|       pointer|
|m_axi_gmem2_RUSER      |   in|    1|       m_axi|          gmem2|       pointer|
|m_axi_gmem2_RRESP      |   in|    2|       m_axi|          gmem2|       pointer|
|m_axi_gmem2_BVALID     |   in|    1|       m_axi|          gmem2|       pointer|
|m_axi_gmem2_BREADY     |  out|    1|       m_axi|          gmem2|       pointer|
|m_axi_gmem2_BRESP      |   in|    2|       m_axi|          gmem2|       pointer|
|m_axi_gmem2_BID        |   in|    1|       m_axi|          gmem2|       pointer|
|m_axi_gmem2_BUSER      |   in|    1|       m_axi|          gmem2|       pointer|
|m_axi_gmem_AWVALID     |  out|    1|       m_axi|           gmem|       pointer|
|m_axi_gmem_AWREADY     |   in|    1|       m_axi|           gmem|       pointer|
|m_axi_gmem_AWADDR      |  out|   64|       m_axi|           gmem|       pointer|
|m_axi_gmem_AWID        |  out|    1|       m_axi|           gmem|       pointer|
|m_axi_gmem_AWLEN       |  out|    8|       m_axi|           gmem|       pointer|
|m_axi_gmem_AWSIZE      |  out|    3|       m_axi|           gmem|       pointer|
|m_axi_gmem_AWBURST     |  out|    2|       m_axi|           gmem|       pointer|
|m_axi_gmem_AWLOCK      |  out|    2|       m_axi|           gmem|       pointer|
|m_axi_gmem_AWCACHE     |  out|    4|       m_axi|           gmem|       pointer|
|m_axi_gmem_AWPROT      |  out|    3|       m_axi|           gmem|       pointer|
|m_axi_gmem_AWQOS       |  out|    4|       m_axi|           gmem|       pointer|
|m_axi_gmem_AWREGION    |  out|    4|       m_axi|           gmem|       pointer|
|m_axi_gmem_AWUSER      |  out|    1|       m_axi|           gmem|       pointer|
|m_axi_gmem_WVALID      |  out|    1|       m_axi|           gmem|       pointer|
|m_axi_gmem_WREADY      |   in|    1|       m_axi|           gmem|       pointer|
|m_axi_gmem_WDATA       |  out|   32|       m_axi|           gmem|       pointer|
|m_axi_gmem_WSTRB       |  out|    4|       m_axi|           gmem|       pointer|
|m_axi_gmem_WLAST       |  out|    1|       m_axi|           gmem|       pointer|
|m_axi_gmem_WID         |  out|    1|       m_axi|           gmem|       pointer|
|m_axi_gmem_WUSER       |  out|    1|       m_axi|           gmem|       pointer|
|m_axi_gmem_ARVALID     |  out|    1|       m_axi|           gmem|       pointer|
|m_axi_gmem_ARREADY     |   in|    1|       m_axi|           gmem|       pointer|
|m_axi_gmem_ARADDR      |  out|   64|       m_axi|           gmem|       pointer|
|m_axi_gmem_ARID        |  out|    1|       m_axi|           gmem|       pointer|
|m_axi_gmem_ARLEN       |  out|    8|       m_axi|           gmem|       pointer|
|m_axi_gmem_ARSIZE      |  out|    3|       m_axi|           gmem|       pointer|
|m_axi_gmem_ARBURST     |  out|    2|       m_axi|           gmem|       pointer|
|m_axi_gmem_ARLOCK      |  out|    2|       m_axi|           gmem|       pointer|
|m_axi_gmem_ARCACHE     |  out|    4|       m_axi|           gmem|       pointer|
|m_axi_gmem_ARPROT      |  out|    3|       m_axi|           gmem|       pointer|
|m_axi_gmem_ARQOS       |  out|    4|       m_axi|           gmem|       pointer|
|m_axi_gmem_ARREGION    |  out|    4|       m_axi|           gmem|       pointer|
|m_axi_gmem_ARUSER      |  out|    1|       m_axi|           gmem|       pointer|
|m_axi_gmem_RVALID      |   in|    1|       m_axi|           gmem|       pointer|
|m_axi_gmem_RREADY      |  out|    1|       m_axi|           gmem|       pointer|
|m_axi_gmem_RDATA       |   in|   32|       m_axi|           gmem|       pointer|
|m_axi_gmem_RLAST       |   in|    1|       m_axi|           gmem|       pointer|
|m_axi_gmem_RID         |   in|    1|       m_axi|           gmem|       pointer|
|m_axi_gmem_RUSER       |   in|    1|       m_axi|           gmem|       pointer|
|m_axi_gmem_RRESP       |   in|    2|       m_axi|           gmem|       pointer|
|m_axi_gmem_BVALID      |   in|    1|       m_axi|           gmem|       pointer|
|m_axi_gmem_BREADY      |  out|    1|       m_axi|           gmem|       pointer|
|m_axi_gmem_BRESP       |   in|    2|       m_axi|           gmem|       pointer|
|m_axi_gmem_BID         |   in|    1|       m_axi|           gmem|       pointer|
|m_axi_gmem_BUSER       |   in|    1|       m_axi|           gmem|       pointer|
|m_axi_gmem3_AWVALID    |  out|    1|       m_axi|          gmem3|       pointer|
|m_axi_gmem3_AWREADY    |   in|    1|       m_axi|          gmem3|       pointer|
|m_axi_gmem3_AWADDR     |  out|   64|       m_axi|          gmem3|       pointer|
|m_axi_gmem3_AWID       |  out|    1|       m_axi|          gmem3|       pointer|
|m_axi_gmem3_AWLEN      |  out|    8|       m_axi|          gmem3|       pointer|
|m_axi_gmem3_AWSIZE     |  out|    3|       m_axi|          gmem3|       pointer|
|m_axi_gmem3_AWBURST    |  out|    2|       m_axi|          gmem3|       pointer|
|m_axi_gmem3_AWLOCK     |  out|    2|       m_axi|          gmem3|       pointer|
|m_axi_gmem3_AWCACHE    |  out|    4|       m_axi|          gmem3|       pointer|
|m_axi_gmem3_AWPROT     |  out|    3|       m_axi|          gmem3|       pointer|
|m_axi_gmem3_AWQOS      |  out|    4|       m_axi|          gmem3|       pointer|
|m_axi_gmem3_AWREGION   |  out|    4|       m_axi|          gmem3|       pointer|
|m_axi_gmem3_AWUSER     |  out|    1|       m_axi|          gmem3|       pointer|
|m_axi_gmem3_WVALID     |  out|    1|       m_axi|          gmem3|       pointer|
|m_axi_gmem3_WREADY     |   in|    1|       m_axi|          gmem3|       pointer|
|m_axi_gmem3_WDATA      |  out|   32|       m_axi|          gmem3|       pointer|
|m_axi_gmem3_WSTRB      |  out|    4|       m_axi|          gmem3|       pointer|
|m_axi_gmem3_WLAST      |  out|    1|       m_axi|          gmem3|       pointer|
|m_axi_gmem3_WID        |  out|    1|       m_axi|          gmem3|       pointer|
|m_axi_gmem3_WUSER      |  out|    1|       m_axi|          gmem3|       pointer|
|m_axi_gmem3_ARVALID    |  out|    1|       m_axi|          gmem3|       pointer|
|m_axi_gmem3_ARREADY    |   in|    1|       m_axi|          gmem3|       pointer|
|m_axi_gmem3_ARADDR     |  out|   64|       m_axi|          gmem3|       pointer|
|m_axi_gmem3_ARID       |  out|    1|       m_axi|          gmem3|       pointer|
|m_axi_gmem3_ARLEN      |  out|    8|       m_axi|          gmem3|       pointer|
|m_axi_gmem3_ARSIZE     |  out|    3|       m_axi|          gmem3|       pointer|
|m_axi_gmem3_ARBURST    |  out|    2|       m_axi|          gmem3|       pointer|
|m_axi_gmem3_ARLOCK     |  out|    2|       m_axi|          gmem3|       pointer|
|m_axi_gmem3_ARCACHE    |  out|    4|       m_axi|          gmem3|       pointer|
|m_axi_gmem3_ARPROT     |  out|    3|       m_axi|          gmem3|       pointer|
|m_axi_gmem3_ARQOS      |  out|    4|       m_axi|          gmem3|       pointer|
|m_axi_gmem3_ARREGION   |  out|    4|       m_axi|          gmem3|       pointer|
|m_axi_gmem3_ARUSER     |  out|    1|       m_axi|          gmem3|       pointer|
|m_axi_gmem3_RVALID     |   in|    1|       m_axi|          gmem3|       pointer|
|m_axi_gmem3_RREADY     |  out|    1|       m_axi|          gmem3|       pointer|
|m_axi_gmem3_RDATA      |   in|   32|       m_axi|          gmem3|       pointer|
|m_axi_gmem3_RLAST      |   in|    1|       m_axi|          gmem3|       pointer|
|m_axi_gmem3_RID        |   in|    1|       m_axi|          gmem3|       pointer|
|m_axi_gmem3_RUSER      |   in|    1|       m_axi|          gmem3|       pointer|
|m_axi_gmem3_RRESP      |   in|    2|       m_axi|          gmem3|       pointer|
|m_axi_gmem3_BVALID     |   in|    1|       m_axi|          gmem3|       pointer|
|m_axi_gmem3_BREADY     |  out|    1|       m_axi|          gmem3|       pointer|
|m_axi_gmem3_BRESP      |   in|    2|       m_axi|          gmem3|       pointer|
|m_axi_gmem3_BID        |   in|    1|       m_axi|          gmem3|       pointer|
|m_axi_gmem3_BUSER      |   in|    1|       m_axi|          gmem3|       pointer|
+-----------------------+-----+-----+------------+---------------+--------------+

